<?xml version="1.0" encoding="UTF-8"?>
<!-- Generated by org.testng.reporters.JUnitReportReporter -->
<testsuite hostname="WKWZTPqvmdckJHX" failures="0" tests="10" name="com.qa.drbest.ge.test.drbestClassicSchwingkopfTest" time="137.033" errors="0" timestamp="2023-04-10T02:26:06 IST" skipped="0">
  <testcase classname="com.qa.drbest.ge.test.drbestClassicSchwingkopfTest" name="verifydrbestcookiePopupLink" time="45.443"/>
  <system-out/>
  <testcase classname="com.qa.drbest.ge.test.drbestClassicSchwingkopfTest" name="verifyBuyNow1Link" time="7.698"/>
  <system-out/>
  <testcase classname="com.qa.drbest.ge.test.drbestClassicSchwingkopfTest" name="verifyReviewLink" time="12.185"/>
  <system-out/>
  <testcase classname="com.qa.drbest.ge.test.drbestClassicSchwingkopfTest" name="verifyReview1Link" time="16.966"/>
  <system-out/>
  <testcase classname="com.qa.drbest.ge.test.drbestClassicSchwingkopfTest" name="verifypolimedLink" time="9.083"/>
  <system-out/>
  <testcase classname="com.qa.drbest.ge.test.drbestClassicSchwingkopfTest" name="verifypolimedproductLink" time="11.999"/>
  <system-out/>
  <testcase classname="com.qa.drbest.ge.test.drbestClassicSchwingkopfTest" name="verifypolimedBuyNowLink" time="7.063"/>
  <system-out/>
  <testcase classname="com.qa.drbest.ge.test.drbestClassicSchwingkopfTest" name="verifyVibrationpolimedLink" time="9.260"/>
  <system-out/>
  <testcase classname="com.qa.drbest.ge.test.drbestClassicSchwingkopfTest" name="verifyVibrationpolimedProductLink" time="8.832"/>
  <system-out/>
  <testcase classname="com.qa.drbest.ge.test.drbestClassicSchwingkopfTest" name="verifyVibrationpolimedBuyNowLink" time="8.504"/>
  <system-out/>
</testsuite> <!-- com.qa.drbest.ge.test.drbestClassicSchwingkopfTest -->
