<?xml version="1.0" encoding="UTF-8"?>
<!-- Generated by org.testng.reporters.JUnitReportReporter -->
<testsuite hostname="WKWZTPqvmdckJHX" failures="0" tests="8" name="com.qa.rinazina.it.test.RinazinaIpertonicoConEucaliptoTest" time="57.083" errors="0" timestamp="2023-02-17T14:46:36 IST" skipped="0">
  <testcase classname="com.qa.rinazina.it.test.RinazinaIpertonicoConEucaliptoTest" name="cookieButton" time="3.918"/>
  <system-out/>
  <testcase classname="com.qa.rinazina.it.test.RinazinaIpertonicoConEucaliptoTest" name="verifyBreadcrumbOne" time="12.435"/>
  <system-out/>
  <testcase classname="com.qa.rinazina.it.test.RinazinaIpertonicoConEucaliptoTest" name="verifyBreadcrumbTwo" time="18.617"/>
  <system-out/>
  <testcase classname="com.qa.rinazina.it.test.RinazinaIpertonicoConEucaliptoTest" name="verifyBreadcrumbThree" time="8.956"/>
  <system-out/>
  <testcase classname="com.qa.rinazina.it.test.RinazinaIpertonicoConEucaliptoTest" name="verifyBreadcrumbFour" time="2.727"/>
  <system-out/>
  <testcase classname="com.qa.rinazina.it.test.RinazinaIpertonicoConEucaliptoTest" name="verifyAccordionOne" time="2.669"/>
  <system-out/>
  <testcase classname="com.qa.rinazina.it.test.RinazinaIpertonicoConEucaliptoTest" name="verifyAccordionTwo" time="2.691"/>
  <system-out/>
  <testcase classname="com.qa.rinazina.it.test.RinazinaIpertonicoConEucaliptoTest" name="verifyAccordionThree" time="5.070"/>
  <system-out/>
</testsuite> <!-- com.qa.rinazina.it.test.RinazinaIpertonicoConEucaliptoTest -->
