<?xml version="1.0" encoding="UTF-8"?>
<!-- Generated by org.testng.reporters.JUnitReportReporter -->
<testsuite hostname="WKWZTPqvmdckJHX" failures="0" tests="8" name="com.qa.voltarengel.test.VoltarengelKneeBracesForOsteoarthritisTest" time="143.260" errors="0" timestamp="2023-04-23T23:50:50 IST" skipped="0">
  <testcase classname="com.qa.voltarengel.test.VoltarengelKneeBracesForOsteoarthritisTest" name="cookieButton" time="86.398"/>
  <system-out/>
  <testcase classname="com.qa.voltarengel.test.VoltarengelKneeBracesForOsteoarthritisTest" name="verifyGetCoupon" time="5.194"/>
  <system-out/>
  <testcase classname="com.qa.voltarengel.test.VoltarengelKneeBracesForOsteoarthritisTest" name="verifyManagingArthritisWithYourFamily" time="13.647"/>
  <system-out/>
  <testcase classname="com.qa.voltarengel.test.VoltarengelKneeBracesForOsteoarthritisTest" name="verifyWhatOsteoarthritisIs" time="9.458"/>
  <system-out/>
  <testcase classname="com.qa.voltarengel.test.VoltarengelKneeBracesForOsteoarthritisTest" name="verifyManageArthritisInSocialSettings" time="5.072"/>
  <system-out/>
  <testcase classname="com.qa.voltarengel.test.VoltarengelKneeBracesForOsteoarthritisTest" name="verifyKneePain" time="12.120"/>
  <system-out/>
  <testcase classname="com.qa.voltarengel.test.VoltarengelKneeBracesForOsteoarthritisTest" name="verifyShowReference" time="4.841"/>
  <system-out/>
  <testcase classname="com.qa.voltarengel.test.VoltarengelKneeBracesForOsteoarthritisTest" name="verifyBuyNow" time="6.530"/>
  <system-out/>
</testsuite> <!-- com.qa.voltarengel.test.VoltarengelKneeBracesForOsteoarthritisTest -->
