<?xml version="1.0" encoding="UTF-8"?>
<!-- Generated by org.testng.reporters.JUnitReportReporter -->
<testsuite hostname="WKWZTPqvmdckJHX" failures="0" tests="2" name="com.qa.eno.co.in.test.EnoAcidityRefluxOrGerdTest" time="23.900" errors="0" timestamp="2023-03-20T11:43:51 IST" skipped="0">
  <testcase classname="com.qa.eno.co.in.test.EnoAcidityRefluxOrGerdTest" name="verifyPrevious" time="15.213"/>
  <system-out/>
  <testcase classname="com.qa.eno.co.in.test.EnoAcidityRefluxOrGerdTest" name="verifyNext" time="8.687"/>
  <system-out/>
</testsuite> <!-- com.qa.eno.co.in.test.EnoAcidityRefluxOrGerdTest -->
