<?xml version="1.0" encoding="UTF-8"?>
<!-- Generated by org.testng.reporters.JUnitReportReporter -->
<testsuite hostname="WKWZTPqvmdckJHX" failures="0" tests="8" name="com.qa.caltrate.eng.test.CaltrateOsteoporosisTest" time="45.697" errors="0" timestamp="2023-05-01T22:31:50 IST" skipped="0">
  <testcase classname="com.qa.caltrate.eng.test.CaltrateOsteoporosisTest" name="cookieButton" time="3.594"/>
  <system-out/>
  <testcase classname="com.qa.caltrate.eng.test.CaltrateOsteoporosisTest" name="verifyFeaturedArticleOne" time="4.486"/>
  <system-out/>
  <testcase classname="com.qa.caltrate.eng.test.CaltrateOsteoporosisTest" name="verifyFeaturedArticleTwo" time="4.506"/>
  <system-out/>
  <testcase classname="com.qa.caltrate.eng.test.CaltrateOsteoporosisTest" name="verifyFeaturedArticleThree" time="4.375"/>
  <system-out/>
  <testcase classname="com.qa.caltrate.eng.test.CaltrateOsteoporosisTest" name="verifyFeaturedArticleFour" time="5.161"/>
  <system-out/>
  <testcase classname="com.qa.caltrate.eng.test.CaltrateOsteoporosisTest" name="verifyFeaturedArticleFive" time="5.283"/>
  <system-out/>
  <testcase classname="com.qa.caltrate.eng.test.CaltrateOsteoporosisTest" name="verifyReadMoreOne" time="4.999"/>
  <system-out/>
  <testcase classname="com.qa.caltrate.eng.test.CaltrateOsteoporosisTest" name="verifyReadMoreTwo" time="13.293"/>
  <system-out/>
</testsuite> <!-- com.qa.caltrate.eng.test.CaltrateOsteoporosisTest -->
