<?xml version="1.0" encoding="UTF-8"?>
<!-- Generated by org.testng.reporters.JUnitReportReporter -->
<testsuite hostname="WKWZTPqvmdckJHX" failures="0" tests="10" name="com.qa.sensodyne.ca.test.SensodyneCaGumProtectionProductsTest" time="85.635" errors="0" timestamp="2023-05-19T18:03:54 IST" skipped="0">
  <testcase classname="com.qa.sensodyne.ca.test.SensodyneCaGumProtectionProductsTest" name="verifyProductTextOne" time="11.338"/>
  <system-out/>
  <testcase classname="com.qa.sensodyne.ca.test.SensodyneCaGumProtectionProductsTest" name="verifyProductImgOne" time="8.813"/>
  <system-out/>
  <testcase classname="com.qa.sensodyne.ca.test.SensodyneCaGumProtectionProductsTest" name="verifyProductBuyNowOne" time="6.547"/>
  <system-out/>
  <testcase classname="com.qa.sensodyne.ca.test.SensodyneCaGumProtectionProductsTest" name="verifyProductTextTwo" time="9.855"/>
  <system-out/>
  <testcase classname="com.qa.sensodyne.ca.test.SensodyneCaGumProtectionProductsTest" name="verifyProductImgTwo" time="5.758"/>
  <system-out/>
  <testcase classname="com.qa.sensodyne.ca.test.SensodyneCaGumProtectionProductsTest" name="verifyProductBuyNowTwo" time="7.543"/>
  <system-out/>
  <testcase classname="com.qa.sensodyne.ca.test.SensodyneCaGumProtectionProductsTest" name="verifyProductTextThree" time="9.561"/>
  <system-out/>
  <testcase classname="com.qa.sensodyne.ca.test.SensodyneCaGumProtectionProductsTest" name="verifyProductImgThree" time="5.975"/>
  <system-out/>
  <testcase classname="com.qa.sensodyne.ca.test.SensodyneCaGumProtectionProductsTest" name="verifyProductBuyNowThree" time="5.861"/>
  <system-out/>
  <testcase classname="com.qa.sensodyne.ca.test.SensodyneCaGumProtectionProductsTest" name="verifyFindYourStore" time="14.384"/>
  <system-out/>
</testsuite> <!-- com.qa.sensodyne.ca.test.SensodyneCaGumProtectionProductsTest -->
