<?xml version="1.0" encoding="UTF-8"?>
<!-- Generated by org.testng.reporters.JUnitReportReporter -->
<testsuite hostname="WKWZTPqvmdckJHX" failures="0" tests="5" name="com.qa.quit.test.QuitEasyEverydayHabitsTest" time="48.194" errors="0" timestamp="2023-08-03T14:30:25 IST" skipped="0">
  <testcase classname="com.qa.quit.test.QuitEasyEverydayHabitsTest" name="cookieButton" time="5.029"/>
  <system-out/>
  <testcase classname="com.qa.quit.test.QuitEasyEverydayHabitsTest" name="verifyBannerImgLink" time="7.528"/>
  <system-out/>
  <testcase classname="com.qa.quit.test.QuitEasyEverydayHabitsTest" name="verifyHyperLinkOne" time="6.344"/>
  <system-out/>
  <testcase classname="com.qa.quit.test.QuitEasyEverydayHabitsTest" name="verifyHyperLinkTwo" time="7.536"/>
  <system-out/>
  <testcase classname="com.qa.quit.test.QuitEasyEverydayHabitsTest" name="verifyHyperLinkThree" time="21.757"/>
  <system-out/>
</testsuite> <!-- com.qa.quit.test.QuitEasyEverydayHabitsTest -->
