<?xml version="1.0" encoding="UTF-8"?>
<!-- Generated by org.testng.reporters.JUnitReportReporter -->
<testsuite hostname="WKWZTPqvmdckJHX" failures="1" tests="21" name="com.qa.drbest.ge.test.drbestgreensensitiveTest" time="257.303" errors="0" timestamp="2023-04-10T02:26:07 IST" skipped="3">
  <testcase classname="com.qa.drbest.ge.test.drbestgreensensitiveTest" name="verifydrbestcookiePopupLink" time="43.566"/>
  <system-out/>
  <testcase classname="com.qa.drbest.ge.test.drbestgreensensitiveTest" name="verifyBuyNow1Link" time="8.010"/>
  <system-out/>
  <testcase classname="com.qa.drbest.ge.test.drbestgreensensitiveTest" name="verifyFurwenLink" time="11.481"/>
  <system-out/>
  <testcase classname="com.qa.drbest.ge.test.drbestgreensensitiveTest" name="verifyWieeffizientLink" time="11.990"/>
  <system-out/>
  <testcase classname="com.qa.drbest.ge.test.drbestgreensensitiveTest" name="verifyWiesetztLink" time="13.515"/>
  <system-out/>
  <testcase classname="com.qa.drbest.ge.test.drbestgreensensitiveTest" name="verifyWorinLink" time="11.802"/>
  <system-out/>
  <testcase classname="com.qa.drbest.ge.test.drbestgreensensitiveTest" name="verifyWiesoLink" time="11.818"/>
  <system-out/>
  <testcase classname="com.qa.drbest.ge.test.drbestgreensensitiveTest" name="verifyWarumLink" time="11.801"/>
  <system-out/>
  <testcase classname="com.qa.drbest.ge.test.drbestgreensensitiveTest" name="verifyWorausLink" time="11.895"/>
  <system-out/>
  <testcase classname="com.qa.drbest.ge.test.drbestgreensensitiveTest" name="verifyWowwirddieLink" time="11.711"/>
  <system-out/>
  <testcase classname="com.qa.drbest.ge.test.drbestgreensensitiveTest" name="verifyWasbedutetLink" time="11.591"/>
  <system-out/>
  <testcase classname="com.qa.drbest.ge.test.drbestgreensensitiveTest" name="verifyWasistderLink" time="12.354"/>
  <system-out/>
  <testcase classname="com.qa.drbest.ge.test.drbestgreensensitiveTest" name="verifyGreencleanLink" time="9.347"/>
  <system-out/>
  <testcase classname="com.qa.drbest.ge.test.drbestgreensensitiveTest" name="verifyGreencleanProductLink" time="18.037">
    <skipped/>
  </testcase> <!-- verifyGreencleanProductLink -->
  <system-out/>
  <testcase classname="com.qa.drbest.ge.test.drbestgreensensitiveTest" name="verifyGreencleanProductLink" time="8.045">
    <failure message="expected [content/cf-consumer-healthcare/oral-drbest/master/home/zahnbuersten/green-clean.html%22] but found [zahnbuersten/green-clean/]" type="java.lang.AssertionError">
      <![CDATA[java.lang.AssertionError: expected [content/cf-consumer-healthcare/oral-drbest/master/home/zahnbuersten/green-clean.html%22] but found [zahnbuersten/green-clean/]
at org.testng.Assert.fail(Assert.java:99)
at org.testng.Assert.failNotEquals(Assert.java:1037)
at org.testng.Assert.assertEqualsImpl(Assert.java:140)
at org.testng.Assert.assertEquals(Assert.java:122)
at org.testng.Assert.assertEquals(Assert.java:629)
at org.testng.Assert.assertEquals(Assert.java:639)
at com.qa.baseClass.BaseClass.compareTwoText(BaseClass.java:814)
at com.qa.drbest.ge.test.drbestgreensensitiveTest.verifyGreencleanProductLink(drbestgreensensitiveTest.java:170)
at java.base/jdk.internal.reflect.DirectMethodHandleAccessor.invoke(DirectMethodHandleAccessor.java:104)
at java.base/java.lang.reflect.Method.invoke(Method.java:577)
at org.testng.internal.MethodInvocationHelper.invokeMethod(MethodInvocationHelper.java:133)
at org.testng.internal.TestInvoker.invokeMethod(TestInvoker.java:598)
at org.testng.internal.TestInvoker.retryFailed(TestInvoker.java:213)
at org.testng.internal.MethodRunner.runInSequence(MethodRunner.java:58)
at org.testng.internal.TestInvoker$MethodInvocationAgent.invoke(TestInvoker.java:824)
at org.testng.internal.TestInvoker.invokeTestMethods(TestInvoker.java:146)
at org.testng.internal.TestMethodWorker.invokeTestMethods(TestMethodWorker.java:146)
at org.testng.internal.TestMethodWorker.run(TestMethodWorker.java:128)
at java.base/java.util.ArrayList.forEach(ArrayList.java:1511)
at org.testng.TestRunner.privateRun(TestRunner.java:794)
at org.testng.TestRunner.run(TestRunner.java:596)
at org.testng.SuiteRunner.runTest(SuiteRunner.java:377)
at org.testng.SuiteRunner.runSequentially(SuiteRunner.java:371)
at org.testng.SuiteRunner.privateRun(SuiteRunner.java:332)
at org.testng.SuiteRunner.run(SuiteRunner.java:276)
at org.testng.SuiteRunnerWorker.runSuite(SuiteRunnerWorker.java:53)
at org.testng.SuiteRunnerWorker.run(SuiteRunnerWorker.java:96)
at org.testng.TestNG.runSuitesSequentially(TestNG.java:1212)
at org.testng.TestNG.runSuitesLocally(TestNG.java:1134)
at org.testng.TestNG.runSuites(TestNG.java:1063)
at org.testng.TestNG.run(TestNG.java:1031)
at org.testng.remote.AbstractRemoteTestNG.run(AbstractRemoteTestNG.java:115)
at org.testng.remote.RemoteTestNG.initAndRun(RemoteTestNG.java:251)
at org.testng.remote.RemoteTestNG.main(RemoteTestNG.java:77)
]]>
    </failure>
  </testcase> <!-- verifyGreencleanProductLink -->
  <system-out/>
  <testcase classname="com.qa.drbest.ge.test.drbestgreensensitiveTest" name="verifyGreencleanProductLink" time="7.399">
    <skipped/>
  </testcase> <!-- verifyGreencleanProductLink -->
  <system-out/>
  <testcase classname="com.qa.drbest.ge.test.drbestgreensensitiveTest" name="verifyGreencleanBuyNowLink" time="8.221"/>
  <system-out/>
  <testcase classname="com.qa.drbest.ge.test.drbestgreensensitiveTest" name="verifyInterdentalbursyenLink" time="8.623"/>
  <system-out/>
  <testcase classname="com.qa.drbest.ge.test.drbestgreensensitiveTest" name="verifyInterdentalbursyenProductLink" time="7.741"/>
  <system-out/>
  <testcase classname="com.qa.drbest.ge.test.drbestgreensensitiveTest" name="verifyInterdentalbursyenBuyNowLink" time="8.637"/>
  <system-out/>
  <testcase classname="com.qa.drbest.ge.test.drbestgreensensitiveTest" name="verifyInterdentalbursyenBuyNowLink" time="9.719">
    <skipped/>
  </testcase> <!-- verifyInterdentalbursyenBuyNowLink -->
  <system-out/>
</testsuite> <!-- com.qa.drbest.ge.test.drbestgreensensitiveTest -->
