<?xml version="1.0" encoding="UTF-8"?>
<!-- Generated by org.testng.reporters.JUnitReportReporter -->
<testsuite hostname="WKWZTPqvmdckJHX" failures="0" tests="14" name="com.qa.drbest.ge.test.drbestBambusInterdentTest" time="241.812" errors="0" timestamp="2023-04-10T02:26:07 IST" skipped="0">
  <testcase classname="com.qa.drbest.ge.test.drbestBambusInterdentTest" name="verifydrbestcookiePopupLink" time="46.825"/>
  <system-out/>
  <testcase classname="com.qa.drbest.ge.test.drbestBambusInterdentTest" name="verifyBuyNow1Link" time="14.024"/>
  <system-out/>
  <testcase classname="com.qa.drbest.ge.test.drbestBambusInterdentTest" name="verifyReviewLink" time="14.549"/>
  <system-out/>
  <testcase classname="com.qa.drbest.ge.test.drbestBambusInterdentTest" name="verifyBambusInterdentLink" time="16.348"/>
  <system-out/>
  <testcase classname="com.qa.drbest.ge.test.drbestBambusInterdentTest" name="verifyWarumgibtLink" time="14.582"/>
  <system-out/>
  <testcase classname="com.qa.drbest.ge.test.drbestBambusInterdentTest" name="verifyWietragtLink" time="14.917"/>
  <system-out/>
  <testcase classname="com.qa.drbest.ge.test.drbestBambusInterdentTest" name="verifyWasuntermmitLink" time="14.991"/>
  <system-out/>
  <testcase classname="com.qa.drbest.ge.test.drbestBambusInterdentTest" name="verifyWoherstammtLink" time="14.783"/>
  <system-out/>
  <testcase classname="com.qa.drbest.ge.test.drbestBambusInterdentTest" name="verifyWiestelltLink" time="15.972"/>
  <system-out/>
  <testcase classname="com.qa.drbest.ge.test.drbestBambusInterdentTest" name="verifyFordertLink" time="15.727"/>
  <system-out/>
  <testcase classname="com.qa.drbest.ge.test.drbestBambusInterdentTest" name="verifyWiekannLink" time="14.134"/>
  <system-out/>
  <testcase classname="com.qa.drbest.ge.test.drbestBambusInterdentTest" name="verifyWorausLink" time="14.559"/>
  <system-out/>
  <testcase classname="com.qa.drbest.ge.test.drbestBambusInterdentTest" name="verifyWassMussLink" time="15.130"/>
  <system-out/>
  <testcase classname="com.qa.drbest.ge.test.drbestBambusInterdentTest" name="verifyWarumhatLink" time="15.271"/>
  <system-out/>
</testsuite> <!-- com.qa.drbest.ge.test.drbestBambusInterdentTest -->
