<?xml version="1.0" encoding="UTF-8"?>
<!-- Generated by org.testng.reporters.JUnitReportReporter -->
<testsuite hostname="WKWZTPqvmdckJHX" failures="0" tests="9" name="com.qa.abreva.test.AbrevaLipFillersAndColdSoresTest" time="123.736" errors="0" timestamp="2023-05-16T23:32:44 IST" skipped="0">
  <testcase classname="com.qa.abreva.test.AbrevaLipFillersAndColdSoresTest" name="cookieButton" time="8.341"/>
  <system-out/>
  <testcase classname="com.qa.abreva.test.AbrevaLipFillersAndColdSoresTest" name="verifyBreadcrumbOne" time="11.510"/>
  <system-out/>
  <testcase classname="com.qa.abreva.test.AbrevaLipFillersAndColdSoresTest" name="verifyHyperLinkCommonColdSoreTriggers" time="11.462"/>
  <system-out/>
  <testcase classname="com.qa.abreva.test.AbrevaLipFillersAndColdSoresTest" name="verifyHyperLinkFatigue" time="14.918"/>
  <system-out/>
  <testcase classname="com.qa.abreva.test.AbrevaLipFillersAndColdSoresTest" name="verifyHyperLinkSun" time="13.722"/>
  <system-out/>
  <testcase classname="com.qa.abreva.test.AbrevaLipFillersAndColdSoresTest" name="verifyHyperLinkAbreva" time="9.718"/>
  <system-out/>
  <testcase classname="com.qa.abreva.test.AbrevaLipFillersAndColdSoresTest" name="verifyHyperLinkDealingWithColdSores" time="40.365"/>
  <system-out/>
  <testcase classname="com.qa.abreva.test.AbrevaLipFillersAndColdSoresTest" name="verifyReadOurLipCareTips" time="7.546"/>
  <system-out/>
  <testcase classname="com.qa.abreva.test.AbrevaLipFillersAndColdSoresTest" name="verifyBuyNow" time="6.154"/>
  <system-out/>
</testsuite> <!-- com.qa.abreva.test.AbrevaLipFillersAndColdSoresTest -->
