<?xml version="1.0" encoding="UTF-8"?>
<!-- Generated by org.testng.reporters.JUnitReportReporter -->
<testsuite hostname="WKWZTPqvmdckJHX" failures="0" tests="17" name="com.qa.tums.eng.test.TumsAntacidProductsRegularTest" time="220.498" errors="0" timestamp="2023-01-23T12:28:36 IST" skipped="1">
  <testcase classname="com.qa.tums.eng.test.TumsAntacidProductsRegularTest" name="verifyCookie" time="9.324"/>
  <system-out/>
  <testcase classname="com.qa.tums.eng.test.TumsAntacidProductsRegularTest" name="verifyBreadCrumbHome" time="13.942"/>
  <system-out/>
  <testcase classname="com.qa.tums.eng.test.TumsAntacidProductsRegularTest" name="verifyBreadCrumbOne" time="21.043"/>
  <system-out/>
  <testcase classname="com.qa.tums.eng.test.TumsAntacidProductsRegularTest" name="verifyWriteAReview" time="12.138"/>
  <system-out/>
  <testcase classname="com.qa.tums.eng.test.TumsAntacidProductsRegularTest" name="verifyBuyNow" time="11.276"/>
  <system-out/>
  <testcase classname="com.qa.tums.eng.test.TumsAntacidProductsRegularTest" name="verifyBuyNow" time="11.289">
    <skipped/>
  </testcase> <!-- verifyBuyNow -->
  <system-out/>
  <testcase classname="com.qa.tums.eng.test.TumsAntacidProductsRegularTest" name="verifyGetCoupon" time="26.598"/>
  <system-out/>
  <testcase classname="com.qa.tums.eng.test.TumsAntacidProductsRegularTest" name="verifyTabNavigationOne" time="5.319"/>
  <system-out/>
  <testcase classname="com.qa.tums.eng.test.TumsAntacidProductsRegularTest" name="verifyTabNavigationTwo" time="7.448"/>
  <system-out/>
  <testcase classname="com.qa.tums.eng.test.TumsAntacidProductsRegularTest" name="verifyTabNavigationThree" time="9.021"/>
  <system-out/>
  <testcase classname="com.qa.tums.eng.test.TumsAntacidProductsRegularTest" name="verifyTabNavigationFour" time="4.439"/>
  <system-out/>
  <testcase classname="com.qa.tums.eng.test.TumsAntacidProductsRegularTest" name="verifySeeProducts" time="10.407"/>
  <system-out/>
  <testcase classname="com.qa.tums.eng.test.TumsAntacidProductsRegularTest" name="verifyYoutube" time="26.692"/>
  <system-out/>
  <testcase classname="com.qa.tums.eng.test.TumsAntacidProductsRegularTest" name="verifyReadMore" time="13.054"/>
  <system-out/>
  <testcase classname="com.qa.tums.eng.test.TumsAntacidProductsRegularTest" name="verifyPrdtOne" time="12.388"/>
  <system-out/>
  <testcase classname="com.qa.tums.eng.test.TumsAntacidProductsRegularTest" name="verifyPrdtTwo" time="14.452"/>
  <system-out/>
  <testcase classname="com.qa.tums.eng.test.TumsAntacidProductsRegularTest" name="verifyPrdtThree" time="11.668"/>
  <system-out/>
</testsuite> <!-- com.qa.tums.eng.test.TumsAntacidProductsRegularTest -->
