<?xml version="1.0" encoding="UTF-8"?>
<!-- Generated by org.testng.reporters.JUnitReportReporter -->
<testsuite hostname="WKWZTPqvmdckJHX" failures="0" tests="9" name="com.qa.biotene.test.BioteneDryMouthDiagnosisTest" time="143.915" errors="0" timestamp="2023-04-03T07:36:54 IST" skipped="0">
  <testcase classname="com.qa.biotene.test.BioteneDryMouthDiagnosisTest" name="cookieButton" time="46.956"/>
  <system-out/>
  <testcase classname="com.qa.biotene.test.BioteneDryMouthDiagnosisTest" name="verifyBreadcrumbOne" time="13.813"/>
  <system-out/>
  <testcase classname="com.qa.biotene.test.BioteneDryMouthDiagnosisTest" name="verifyBreadcrumbTwo" time="7.885"/>
  <system-out/>
  <testcase classname="com.qa.biotene.test.BioteneDryMouthDiagnosisTest" name="verifyBreadcrumbThree" time="8.755"/>
  <system-out/>
  <testcase classname="com.qa.biotene.test.BioteneDryMouthDiagnosisTest" name="verifyHyperLinkOne" time="19.308"/>
  <system-out/>
  <testcase classname="com.qa.biotene.test.BioteneDryMouthDiagnosisTest" name="verifyHyperLinkTwo" time="14.661"/>
  <system-out/>
  <testcase classname="com.qa.biotene.test.BioteneDryMouthDiagnosisTest" name="verifyReadMore" time="12.922"/>
  <system-out/>
  <testcase classname="com.qa.biotene.test.BioteneDryMouthDiagnosisTest" name="verifyTakeTheQuiz" time="8.897"/>
  <system-out/>
  <testcase classname="com.qa.biotene.test.BioteneDryMouthDiagnosisTest" name="verifyShopNow" time="10.718"/>
  <system-out/>
</testsuite> <!-- com.qa.biotene.test.BioteneDryMouthDiagnosisTest -->
