<?xml version="1.0" encoding="UTF-8"?>
<!-- Generated by org.testng.reporters.JUnitReportReporter -->
<testsuite hostname="WKWZTPqvmdckJHX" failures="0" tests="15" name="com.qa.caltrate.eng.test.CaltrateVitaminDTest" time="76.113" errors="0" timestamp="2023-05-01T22:31:50 IST" skipped="0">
  <testcase classname="com.qa.caltrate.eng.test.CaltrateVitaminDTest" name="cookieButton" time="3.306"/>
  <system-out/>
  <testcase classname="com.qa.caltrate.eng.test.CaltrateVitaminDTest" name="verifyFeaturedArticleOne" time="4.654"/>
  <system-out/>
  <testcase classname="com.qa.caltrate.eng.test.CaltrateVitaminDTest" name="verifyFeaturedArticleTwo" time="9.207"/>
  <system-out/>
  <testcase classname="com.qa.caltrate.eng.test.CaltrateVitaminDTest" name="verifyFeaturedArticleThree" time="4.210"/>
  <system-out/>
  <testcase classname="com.qa.caltrate.eng.test.CaltrateVitaminDTest" name="verifyFeaturedArticleFour" time="4.851"/>
  <system-out/>
  <testcase classname="com.qa.caltrate.eng.test.CaltrateVitaminDTest" name="verifyReadMoreOne" time="4.655"/>
  <system-out/>
  <testcase classname="com.qa.caltrate.eng.test.CaltrateVitaminDTest" name="verifyReadMoreTwo" time="6.263"/>
  <system-out/>
  <testcase classname="com.qa.caltrate.eng.test.CaltrateVitaminDTest" name="verifyReadMoreThree" time="6.765"/>
  <system-out/>
  <testcase classname="com.qa.caltrate.eng.test.CaltrateVitaminDTest" name="verifyReadMoreFour" time="4.630"/>
  <system-out/>
  <testcase classname="com.qa.caltrate.eng.test.CaltrateVitaminDTest" name="verifyReadMoreFive" time="4.694"/>
  <system-out/>
  <testcase classname="com.qa.caltrate.eng.test.CaltrateVitaminDTest" name="verifyReadMoreSix" time="5.471"/>
  <system-out/>
  <testcase classname="com.qa.caltrate.eng.test.CaltrateVitaminDTest" name="verifyReadMoreSeven" time="4.403"/>
  <system-out/>
  <testcase classname="com.qa.caltrate.eng.test.CaltrateVitaminDTest" name="verifyReadMoreEight" time="4.145"/>
  <system-out/>
  <testcase classname="com.qa.caltrate.eng.test.CaltrateVitaminDTest" name="verifyReadMoreNine" time="4.688"/>
  <system-out/>
  <testcase classname="com.qa.caltrate.eng.test.CaltrateVitaminDTest" name="verifyReadMoreTen" time="4.171"/>
  <system-out/>
</testsuite> <!-- com.qa.caltrate.eng.test.CaltrateVitaminDTest -->
