<?xml version="1.0" encoding="UTF-8"?>
<!-- Generated by org.testng.reporters.JUnitReportReporter -->
<testsuite hostname="WKWZTPqvmdckJHX" failures="0" tests="5" name="com.qa.bens.checklist.test.DummySensodyneTest" time="35.059" errors="0" timestamp="2023-12-07T12:44:06 IST" skipped="0">
  <testcase classname="com.qa.bens.checklist.test.DummySensodyneTest" name="verifyRecommendedURL" time="5.815"/>
  <system-out/>
  <testcase classname="com.qa.bens.checklist.test.DummySensodyneTest" name="verifyRecommendedURL" time="6.682"/>
  <system-out/>
  <testcase classname="com.qa.bens.checklist.test.DummySensodyneTest" name="verifyRecommendedURL" time="5.724"/>
  <system-out/>
  <testcase classname="com.qa.bens.checklist.test.DummySensodyneTest" name="verifyRecommendedURL" time="6.467"/>
  <system-out/>
  <testcase classname="com.qa.bens.checklist.test.DummySensodyneTest" name="verifyRecommendedURL" time="10.371"/>
  <system-out/>
</testsuite> <!-- com.qa.bens.checklist.test.DummySensodyneTest -->
