<?xml version="1.0" encoding="UTF-8"?>
<!-- Generated by org.testng.reporters.JUnitReportReporter -->
<testsuite hostname="WKWZTPqvmdckJHX" failures="0" tests="11" name="com.qa.eno.co.in.test.EnodDealingWithAcidityAtNightTest" time="103.124" errors="0" timestamp="2023-03-17T14:22:15 IST" skipped="0">
  <testcase classname="com.qa.eno.co.in.test.EnodDealingWithAcidityAtNightTest" name="verifyReachOutForEnoHereLink" time="7.471"/>
  <system-out/>
  <testcase classname="com.qa.eno.co.in.test.EnodDealingWithAcidityAtNightTest" name="verifyFindOutMoreHereLinkOne" time="6.827"/>
  <system-out/>
  <testcase classname="com.qa.eno.co.in.test.EnodDealingWithAcidityAtNightTest" name="verifyFindOutMoreHereLinkTwo" time="9.876"/>
  <system-out/>
  <testcase classname="com.qa.eno.co.in.test.EnodDealingWithAcidityAtNightTest" name="verifyReferences" time="2.953"/>
  <system-out/>
  <testcase classname="com.qa.eno.co.in.test.EnodDealingWithAcidityAtNightTest" name="verifyLivingLifeAcidityFreeImg" time="10.897"/>
  <system-out/>
  <testcase classname="com.qa.eno.co.in.test.EnodDealingWithAcidityAtNightTest" name="verifyLivingLifeAcidityFreeText" time="9.824"/>
  <system-out/>
  <testcase classname="com.qa.eno.co.in.test.EnodDealingWithAcidityAtNightTest" name="verifyLivingLifeAcidityFreePara" time="9.781"/>
  <system-out/>
  <testcase classname="com.qa.eno.co.in.test.EnodDealingWithAcidityAtNightTest" name="verifyConstantAcidityImg" time="20.068"/>
  <system-out/>
  <testcase classname="com.qa.eno.co.in.test.EnodDealingWithAcidityAtNightTest" name="verifyConstantAcidityText" time="9.241"/>
  <system-out/>
  <testcase classname="com.qa.eno.co.in.test.EnodDealingWithAcidityAtNightTest" name="verifyConstantAcidityPara" time="9.620"/>
  <system-out/>
  <testcase classname="com.qa.eno.co.in.test.EnodDealingWithAcidityAtNightTest" name="verifyDidyouKnowSection" time="6.566"/>
  <system-out/>
</testsuite> <!-- com.qa.eno.co.in.test.EnodDealingWithAcidityAtNightTest -->
