<?xml version="1.0" encoding="UTF-8"?>
<!-- Generated by org.testng.reporters.JUnitReportReporter -->
<testsuite hostname="WKWZTPqvmdckJHX" failures="0" tests="14" name="com.qa.caltrate.eng.test.CaltrateBananamoreCalciumTest" time="72.214" errors="0" timestamp="2023-02-09T13:02:41 IST" skipped="0">
  <testcase classname="com.qa.caltrate.eng.test.CaltrateBananamoreCalciumTest" name="verifyCookieLink" time="4.625"/>
  <system-out/>
  <testcase classname="com.qa.caltrate.eng.test.CaltrateBananamoreCalciumTest" name="verifyhomebreadcrumbsLink" time="5.901"/>
  <system-out/>
  <testcase classname="com.qa.caltrate.eng.test.CaltrateBananamoreCalciumTest" name="verifyBonehealthcentralbreadcrumbsLink" time="4.903"/>
  <system-out/>
  <testcase classname="com.qa.caltrate.eng.test.CaltrateBananamoreCalciumTest" name="verifyHealthTipsbreadcrumbsLink" time="5.348"/>
  <system-out/>
  <testcase classname="com.qa.caltrate.eng.test.CaltrateBananamoreCalciumTest" name="verifyBreakfastbananaSplitbreadcrumbsLink" time="2.837"/>
  <system-out/>
  <testcase classname="com.qa.caltrate.eng.test.CaltrateBananamoreCalciumTest" name="verifyhealthtipTagLink" time="5.288"/>
  <system-out/>
  <testcase classname="com.qa.caltrate.eng.test.CaltrateBananamoreCalciumTest" name="verifyAllArticlesLink" time="4.364"/>
  <system-out/>
  <testcase classname="com.qa.caltrate.eng.test.CaltrateBananamoreCalciumTest" name="verifyAllRecipesLink" time="4.310"/>
  <system-out/>
  <testcase classname="com.qa.caltrate.eng.test.CaltrateBananamoreCalciumTest" name="verifyAllHealthTipsLink" time="5.140"/>
  <system-out/>
  <testcase classname="com.qa.caltrate.eng.test.CaltrateBananamoreCalciumTest" name="verifyAllInteractivetoolsLink" time="10.549"/>
  <system-out/>
  <testcase classname="com.qa.caltrate.eng.test.CaltrateBananamoreCalciumTest" name="verifyCalciumCarbonateViewLink" time="4.696"/>
  <system-out/>
  <testcase classname="com.qa.caltrate.eng.test.CaltrateBananamoreCalciumTest" name="verifyVitaminDViewLink" time="4.455"/>
  <system-out/>
  <testcase classname="com.qa.caltrate.eng.test.CaltrateBananamoreCalciumTest" name="verifyOestoporosisViewLink" time="5.161"/>
  <system-out/>
  <testcase classname="com.qa.caltrate.eng.test.CaltrateBananamoreCalciumTest" name="verifycalciumSupplementsViewLink" time="4.637"/>
  <system-out/>
</testsuite> <!-- com.qa.caltrate.eng.test.CaltrateBananamoreCalciumTest -->
