<?xml version="1.0" encoding="UTF-8"?>
<!-- Generated by org.testng.reporters.JUnitReportReporter -->
<testsuite hostname="WKWZTPqvmdckJHX" failures="0" tests="5" name="com.qa.tums.eng.test.TumsSignsOfSevereHeartburnTest" time="283.070" errors="0" timestamp="2023-01-23T12:28:36 IST" skipped="0">
  <testcase classname="com.qa.tums.eng.test.TumsSignsOfSevereHeartburnTest" name="verifyAnacidsTumsLink" time="12.111"/>
  <system-out/>
  <testcase classname="com.qa.tums.eng.test.TumsSignsOfSevereHeartburnTest" name="verifyBreadCrumbHome" time="67.284"/>
  <system-out/>
  <testcase classname="com.qa.tums.eng.test.TumsSignsOfSevereHeartburnTest" name="verifyBreadCrumbOne" time="101.295"/>
  <system-out/>
  <testcase classname="com.qa.tums.eng.test.TumsSignsOfSevereHeartburnTest" name="verifyPainInYourChestHyperLink" time="64.460"/>
  <system-out/>
  <testcase classname="com.qa.tums.eng.test.TumsSignsOfSevereHeartburnTest" name="verifySeeProducts" time="37.920"/>
  <system-out/>
</testsuite> <!-- com.qa.tums.eng.test.TumsSignsOfSevereHeartburnTest -->
