<?xml version="1.0" encoding="UTF-8"?>
<!-- Generated by org.testng.reporters.JUnitReportReporter -->
<testsuite hostname="WKWZTPqvmdckJHX" failures="0" tests="17" name="com.qa.caltrate.eng.test.CaltrateVitaminDandYYourHealthTest" time="133.141" errors="0" timestamp="2023-05-01T22:31:50 IST" skipped="0">
  <testcase classname="com.qa.caltrate.eng.test.CaltrateVitaminDandYYourHealthTest" name="cookieButton" time="43.892"/>
  <system-out/>
  <testcase classname="com.qa.caltrate.eng.test.CaltrateVitaminDandYYourHealthTest" name="verifyHomeIcon" time="5.606"/>
  <system-out/>
  <testcase classname="com.qa.caltrate.eng.test.CaltrateVitaminDandYYourHealthTest" name="verifyBread_BoneHealthCentral" time="4.225"/>
  <system-out/>
  <testcase classname="com.qa.caltrate.eng.test.CaltrateVitaminDandYYourHealthTest" name="verifyAllArticles" time="4.273"/>
  <system-out/>
  <testcase classname="com.qa.caltrate.eng.test.CaltrateVitaminDandYYourHealthTest" name="verifyCALTRATE600D3PLUSMINERALSCHEWABLES" time="4.667"/>
  <system-out/>
  <testcase classname="com.qa.caltrate.eng.test.CaltrateVitaminDandYYourHealthTest" name="verifyVitaminDLink" time="5.476"/>
  <system-out/>
  <testcase classname="com.qa.caltrate.eng.test.CaltrateVitaminDandYYourHealthTest" name="verifyBread_Articles" time="6.007"/>
  <system-out/>
  <testcase classname="com.qa.caltrate.eng.test.CaltrateVitaminDandYYourHealthTest" name="verifyReadMore" time="5.239"/>
  <system-out/>
  <testcase classname="com.qa.caltrate.eng.test.CaltrateVitaminDandYYourHealthTest" name="verifyArticles" time="6.251"/>
  <system-out/>
  <testcase classname="com.qa.caltrate.eng.test.CaltrateVitaminDandYYourHealthTest" name="verifyAllRecipes" time="6.890"/>
  <system-out/>
  <testcase classname="com.qa.caltrate.eng.test.CaltrateVitaminDandYYourHealthTest" name="verifyCalciumAndCalciumCarbonate" time="4.356"/>
  <system-out/>
  <testcase classname="com.qa.caltrate.eng.test.CaltrateVitaminDandYYourHealthTest" name="verifyCalciumSupplements" time="11.078"/>
  <system-out/>
  <testcase classname="com.qa.caltrate.eng.test.CaltrateVitaminDandYYourHealthTest" name="verifyVitaminD" time="4.316"/>
  <system-out/>
  <testcase classname="com.qa.caltrate.eng.test.CaltrateVitaminDandYYourHealthTest" name="verifyDietarySupplement" time="4.851"/>
  <system-out/>
  <testcase classname="com.qa.caltrate.eng.test.CaltrateVitaminDandYYourHealthTest" name="verifyOsteoporosis" time="6.302"/>
  <system-out/>
  <testcase classname="com.qa.caltrate.eng.test.CaltrateVitaminDandYYourHealthTest" name="verifyAllHealthTips" time="5.158"/>
  <system-out/>
  <testcase classname="com.qa.caltrate.eng.test.CaltrateVitaminDandYYourHealthTest" name="verifyAllInteractiveTools" time="4.554"/>
  <system-out/>
</testsuite> <!-- com.qa.caltrate.eng.test.CaltrateVitaminDandYYourHealthTest -->
