<?xml version="1.0" encoding="UTF-8"?>
<!-- Generated by org.testng.reporters.JUnitReportReporter -->
<testsuite hostname="WKWZTPqvmdckJHX" failures="0" tests="6" name="com.qa.abreva.test.AbrevaCopingWithLossOrIllnessTest" time="119.210" errors="0" timestamp="2023-05-16T23:32:44 IST" skipped="0">
  <testcase classname="com.qa.abreva.test.AbrevaCopingWithLossOrIllnessTest" name="cookieButton" time="7.883"/>
  <system-out/>
  <testcase classname="com.qa.abreva.test.AbrevaCopingWithLossOrIllnessTest" name="verifyBreadcrumbOne" time="51.769"/>
  <system-out/>
  <testcase classname="com.qa.abreva.test.AbrevaCopingWithLossOrIllnessTest" name="verifyWholeCardSecOne" time="17.217"/>
  <system-out/>
  <testcase classname="com.qa.abreva.test.AbrevaCopingWithLossOrIllnessTest" name="verifyWholeCardSecTwo" time="15.823"/>
  <system-out/>
  <testcase classname="com.qa.abreva.test.AbrevaCopingWithLossOrIllnessTest" name="verifyWholeCardSecThree" time="16.834"/>
  <system-out/>
  <testcase classname="com.qa.abreva.test.AbrevaCopingWithLossOrIllnessTest" name="verifyBuyNow" time="9.684"/>
  <system-out/>
</testsuite> <!-- com.qa.abreva.test.AbrevaCopingWithLossOrIllnessTest -->
