<?xml version="1.0" encoding="UTF-8"?>
<!-- Generated by org.testng.reporters.JUnitReportReporter -->
<testsuite hostname="WKWZTPqvmdckJHX" failures="0" tests="1" name="com.qa.theraflu.test.TherafluComboDayNighttimeSevereColdReliefHoneyLemonFlavorHotLiquidPowdersTest" time="24.244" errors="0" timestamp="2023-09-22T10:14:45 IST" skipped="0">
  <testcase classname="com.qa.theraflu.test.TherafluComboDayNighttimeSevereColdReliefHoneyLemonFlavorHotLiquidPowdersTest" name="verifyImgCarousel" time="24.244"/>
  <system-out/>
</testsuite> <!-- com.qa.theraflu.test.TherafluComboDayNighttimeSevereColdReliefHoneyLemonFlavorHotLiquidPowdersTest -->
