<?xml version="1.0" encoding="UTF-8"?>
<!-- Generated by org.testng.reporters.JUnitReportReporter -->
<testsuite hostname="WKWZTPqvmdckJHX" failures="1" tests="85" name="com.qa.biotene.test.bioteneSitemapTest" time="1399.695" errors="8" timestamp="2023-04-03T07:36:54 IST" skipped="18">
  <testcase classname="com.qa.biotene.test.bioteneSitemapTest" name="verifyBiotenecookiePopupLink" time="126.338"/>
  <system-out/>
  <testcase classname="com.qa.biotene.test.bioteneSitemapTest" name="verifyHomeBreadcrumbsLink" time="9.610"/>
  <system-out/>
  <testcase classname="com.qa.biotene.test.bioteneSitemapTest" name="verifySitemapBreadcrumbsLink" time="8.664"/>
  <system-out/>
  <testcase classname="com.qa.biotene.test.bioteneSitemapTest" name="verifybiodentistRecommendedLink" time="7.904"/>
  <system-out/>
  <testcase classname="com.qa.biotene.test.bioteneSitemapTest" name="verifywhatisdrymouthLink" time="7.840"/>
  <system-out/>
  <testcase classname="com.qa.biotene.test.bioteneSitemapTest" name="verifymediationcauseReliefLink" time="10.536"/>
  <system-out/>
  <testcase classname="com.qa.biotene.test.bioteneSitemapTest" name="verifyCottonmouthcausesLink" time="13.278"/>
  <system-out/>
  <testcase classname="com.qa.biotene.test.bioteneSitemapTest" name="verifydrymouthRecognizeitLink" time="9.541"/>
  <system-out/>
  <testcase classname="com.qa.biotene.test.bioteneSitemapTest" name="verifyMedicationXerostamiaLink" time="9.936"/>
  <system-out/>
  <testcase classname="com.qa.biotene.test.bioteneSitemapTest" name="verifySjogrensyndromeLink" time="8.148"/>
  <system-out/>
  <testcase classname="com.qa.biotene.test.bioteneSitemapTest" name="verifySclerdermaLink" time="8.536"/>
  <system-out/>
  <testcase classname="com.qa.biotene.test.bioteneSitemapTest" name="verifyDiabetesMelletusLink" time="8.517"/>
  <system-out/>
  <testcase classname="com.qa.biotene.test.bioteneSitemapTest" name="verifyparkinsonDiseaseLink" time="8.633"/>
  <system-out/>
  <testcase classname="com.qa.biotene.test.bioteneSitemapTest" name="verifySymptomsReliefLink" time="7.566"/>
  <system-out/>
  <testcase classname="com.qa.biotene.test.bioteneSitemapTest" name="verifyeffectsoralhealthLink" time="7.884"/>
  <system-out/>
  <testcase classname="com.qa.biotene.test.bioteneSitemapTest" name="verifySymptomsReliefcareLink" time="8.271"/>
  <system-out/>
  <testcase classname="com.qa.biotene.test.bioteneSitemapTest" name="verifyunderstandingoptionsLink" time="9.798"/>
  <system-out/>
  <testcase classname="com.qa.biotene.test.bioteneSitemapTest" name="verifyDiagnoisedhealthprofesstionalLink" time="13.095"/>
  <system-out/>
  <testcase classname="com.qa.biotene.test.bioteneSitemapTest" name="verifywhatissalviaLink" time="8.155"/>
  <system-out/>
  <testcase classname="com.qa.biotene.test.bioteneSitemapTest" name="verifynaturalremediesLink" time="8.050"/>
  <system-out/>
  <testcase classname="com.qa.biotene.test.bioteneSitemapTest" name="verifyfoodhelpdrymouthLink" time="9.211"/>
  <system-out/>
  <testcase classname="com.qa.biotene.test.bioteneSitemapTest" name="verifymouthrinsemouthwashLink" time="25.337">
    <error message="mouthrinsemouthwash is not present on page" type="java.lang.Exception">
      <![CDATA[java.lang.Exception: mouthrinsemouthwash is not present on page
at com.qa.biotene.pages.bioteneSitemapPage.clickonmouthrinsemouthwash(bioteneSitemapPage.java:407)
at com.qa.biotene.test.bioteneSitemapTest.verifymouthrinsemouthwashLink(bioteneSitemapTest.java:286)
at java.base/jdk.internal.reflect.DirectMethodHandleAccessor.invoke(DirectMethodHandleAccessor.java:104)
at java.base/java.lang.reflect.Method.invoke(Method.java:577)
at org.testng.internal.MethodInvocationHelper.invokeMethod(MethodInvocationHelper.java:133)
at org.testng.internal.TestInvoker.invokeMethod(TestInvoker.java:598)
at org.testng.internal.TestInvoker.retryFailed(TestInvoker.java:213)
at org.testng.internal.MethodRunner.runInSequence(MethodRunner.java:58)
at org.testng.internal.TestInvoker$MethodInvocationAgent.invoke(TestInvoker.java:824)
at org.testng.internal.TestInvoker.invokeTestMethods(TestInvoker.java:146)
at org.testng.internal.TestMethodWorker.invokeTestMethods(TestMethodWorker.java:146)
at org.testng.internal.TestMethodWorker.run(TestMethodWorker.java:128)
at java.base/java.util.ArrayList.forEach(ArrayList.java:1511)
at org.testng.TestRunner.privateRun(TestRunner.java:794)
at org.testng.TestRunner.run(TestRunner.java:596)
at org.testng.SuiteRunner.runTest(SuiteRunner.java:377)
at org.testng.SuiteRunner.runSequentially(SuiteRunner.java:371)
at org.testng.SuiteRunner.privateRun(SuiteRunner.java:332)
at org.testng.SuiteRunner.run(SuiteRunner.java:276)
at org.testng.SuiteRunnerWorker.runSuite(SuiteRunnerWorker.java:53)
at org.testng.SuiteRunnerWorker.run(SuiteRunnerWorker.java:96)
at org.testng.TestNG.runSuitesSequentially(TestNG.java:1212)
at org.testng.TestNG.runSuitesLocally(TestNG.java:1134)
at org.testng.TestNG.runSuites(TestNG.java:1063)
at org.testng.TestNG.run(TestNG.java:1031)
at org.testng.remote.AbstractRemoteTestNG.run(AbstractRemoteTestNG.java:115)
at org.testng.remote.RemoteTestNG.initAndRun(RemoteTestNG.java:251)
at org.testng.remote.RemoteTestNG.main(RemoteTestNG.java:77)
]]>
    </error>
  </testcase> <!-- verifymouthrinsemouthwashLink -->
  <system-out/>
  <testcase classname="com.qa.biotene.test.bioteneSitemapTest" name="verifymouthrinsemouthwashLink" time="25.169">
    <skipped/>
  </testcase> <!-- verifymouthrinsemouthwashLink -->
  <system-out/>
  <testcase classname="com.qa.biotene.test.bioteneSitemapTest" name="verifymouthrinsemouthwashLink" time="24.002">
    <skipped/>
  </testcase> <!-- verifymouthrinsemouthwashLink -->
  <system-out/>
  <testcase classname="com.qa.biotene.test.bioteneSitemapTest" name="verifyfreshoriginalmintLink" time="13.600"/>
  <system-out/>
  <testcase classname="com.qa.biotene.test.bioteneSitemapTest" name="verifygentlemintFluroideLink" time="11.539"/>
  <system-out/>
  <testcase classname="com.qa.biotene.test.bioteneSitemapTest" name="verifyAlcholfreemoisturingLink" time="10.062"/>
  <system-out/>
  <testcase classname="com.qa.biotene.test.bioteneSitemapTest" name="verifyoralbalancemoisturizinggelLink" time="10.235"/>
  <system-out/>
  <testcase classname="com.qa.biotene.test.bioteneSitemapTest" name="verifyBiotenedrymouthLink" time="11.123"/>
  <system-out/>
  <testcase classname="com.qa.biotene.test.bioteneSitemapTest" name="verifyBiotenesugarfreelozengesLink" time="8.265"/>
  <system-out/>
  <testcase classname="com.qa.biotene.test.bioteneSitemapTest" name="verifyAlcholfreeoralRinseLink" time="9.581"/>
  <system-out/>
  <testcase classname="com.qa.biotene.test.bioteneSitemapTest" name="verifyWriteReview1Link" time="28.803">
    <error message="Review is not present on page for fresh mint original toothpaste" type="java.lang.Exception">
      <![CDATA[java.lang.Exception: Review is not present on page for fresh mint original toothpaste
at com.qa.biotene.pages.bioteneSitemapPage.clickonWriteReview1(bioteneSitemapPage.java:458)
at com.qa.biotene.test.bioteneSitemapTest.verifyWriteReview1Link(bioteneSitemapTest.java:385)
at java.base/jdk.internal.reflect.DirectMethodHandleAccessor.invoke(DirectMethodHandleAccessor.java:104)
at java.base/java.lang.reflect.Method.invoke(Method.java:577)
at org.testng.internal.MethodInvocationHelper.invokeMethod(MethodInvocationHelper.java:133)
at org.testng.internal.TestInvoker.invokeMethod(TestInvoker.java:598)
at org.testng.internal.TestInvoker.retryFailed(TestInvoker.java:213)
at org.testng.internal.MethodRunner.runInSequence(MethodRunner.java:58)
at org.testng.internal.TestInvoker$MethodInvocationAgent.invoke(TestInvoker.java:824)
at org.testng.internal.TestInvoker.invokeTestMethods(TestInvoker.java:146)
at org.testng.internal.TestMethodWorker.invokeTestMethods(TestMethodWorker.java:146)
at org.testng.internal.TestMethodWorker.run(TestMethodWorker.java:128)
at java.base/java.util.ArrayList.forEach(ArrayList.java:1511)
at org.testng.TestRunner.privateRun(TestRunner.java:794)
at org.testng.TestRunner.run(TestRunner.java:596)
at org.testng.SuiteRunner.runTest(SuiteRunner.java:377)
at org.testng.SuiteRunner.runSequentially(SuiteRunner.java:371)
at org.testng.SuiteRunner.privateRun(SuiteRunner.java:332)
at org.testng.SuiteRunner.run(SuiteRunner.java:276)
at org.testng.SuiteRunnerWorker.runSuite(SuiteRunnerWorker.java:53)
at org.testng.SuiteRunnerWorker.run(SuiteRunnerWorker.java:96)
at org.testng.TestNG.runSuitesSequentially(TestNG.java:1212)
at org.testng.TestNG.runSuitesLocally(TestNG.java:1134)
at org.testng.TestNG.runSuites(TestNG.java:1063)
at org.testng.TestNG.run(TestNG.java:1031)
at org.testng.remote.AbstractRemoteTestNG.run(AbstractRemoteTestNG.java:115)
at org.testng.remote.RemoteTestNG.initAndRun(RemoteTestNG.java:251)
at org.testng.remote.RemoteTestNG.main(RemoteTestNG.java:77)
]]>
    </error>
  </testcase> <!-- verifyWriteReview1Link -->
  <system-out/>
  <testcase classname="com.qa.biotene.test.bioteneSitemapTest" name="verifyWriteReview1Link" time="29.710">
    <skipped/>
  </testcase> <!-- verifyWriteReview1Link -->
  <system-out/>
  <testcase classname="com.qa.biotene.test.bioteneSitemapTest" name="verifyWriteReview1Link" time="26.964">
    <skipped/>
  </testcase> <!-- verifyWriteReview1Link -->
  <system-out/>
  <testcase classname="com.qa.biotene.test.bioteneSitemapTest" name="verifyWriteReview2Link" time="26.584">
    <error message="Review is not present on page for gentle mint fluroide" type="java.lang.Exception">
      <![CDATA[java.lang.Exception: Review is not present on page for gentle mint fluroide
at com.qa.biotene.pages.bioteneSitemapPage.clickonWriteReview2(bioteneSitemapPage.java:467)
at com.qa.biotene.test.bioteneSitemapTest.verifyWriteReview2Link(bioteneSitemapTest.java:397)
at java.base/jdk.internal.reflect.DirectMethodHandleAccessor.invoke(DirectMethodHandleAccessor.java:104)
at java.base/java.lang.reflect.Method.invoke(Method.java:577)
at org.testng.internal.MethodInvocationHelper.invokeMethod(MethodInvocationHelper.java:133)
at org.testng.internal.TestInvoker.invokeMethod(TestInvoker.java:598)
at org.testng.internal.TestInvoker.retryFailed(TestInvoker.java:213)
at org.testng.internal.MethodRunner.runInSequence(MethodRunner.java:58)
at org.testng.internal.TestInvoker$MethodInvocationAgent.invoke(TestInvoker.java:824)
at org.testng.internal.TestInvoker.invokeTestMethods(TestInvoker.java:146)
at org.testng.internal.TestMethodWorker.invokeTestMethods(TestMethodWorker.java:146)
at org.testng.internal.TestMethodWorker.run(TestMethodWorker.java:128)
at java.base/java.util.ArrayList.forEach(ArrayList.java:1511)
at org.testng.TestRunner.privateRun(TestRunner.java:794)
at org.testng.TestRunner.run(TestRunner.java:596)
at org.testng.SuiteRunner.runTest(SuiteRunner.java:377)
at org.testng.SuiteRunner.runSequentially(SuiteRunner.java:371)
at org.testng.SuiteRunner.privateRun(SuiteRunner.java:332)
at org.testng.SuiteRunner.run(SuiteRunner.java:276)
at org.testng.SuiteRunnerWorker.runSuite(SuiteRunnerWorker.java:53)
at org.testng.SuiteRunnerWorker.run(SuiteRunnerWorker.java:96)
at org.testng.TestNG.runSuitesSequentially(TestNG.java:1212)
at org.testng.TestNG.runSuitesLocally(TestNG.java:1134)
at org.testng.TestNG.runSuites(TestNG.java:1063)
at org.testng.TestNG.run(TestNG.java:1031)
at org.testng.remote.AbstractRemoteTestNG.run(AbstractRemoteTestNG.java:115)
at org.testng.remote.RemoteTestNG.initAndRun(RemoteTestNG.java:251)
at org.testng.remote.RemoteTestNG.main(RemoteTestNG.java:77)
]]>
    </error>
  </testcase> <!-- verifyWriteReview2Link -->
  <system-out/>
  <testcase classname="com.qa.biotene.test.bioteneSitemapTest" name="verifyWriteReview2Link" time="26.220">
    <skipped/>
  </testcase> <!-- verifyWriteReview2Link -->
  <system-out/>
  <testcase classname="com.qa.biotene.test.bioteneSitemapTest" name="verifyWriteReview2Link" time="27.176">
    <skipped/>
  </testcase> <!-- verifyWriteReview2Link -->
  <system-out/>
  <testcase classname="com.qa.biotene.test.bioteneSitemapTest" name="verifyWriteReview3Link" time="26.646">
    <skipped/>
  </testcase> <!-- verifyWriteReview3Link -->
  <system-out/>
  <testcase classname="com.qa.biotene.test.bioteneSitemapTest" name="verifyWriteReview3Link" time="25.925">
    <skipped/>
  </testcase> <!-- verifyWriteReview3Link -->
  <system-out/>
  <testcase classname="com.qa.biotene.test.bioteneSitemapTest" name="verifyWriteReview3Link" time="27.452">
    <error message="Review is not present on page for Alchol free moisturizing mouth spray" type="java.lang.Exception">
      <![CDATA[java.lang.Exception: Review is not present on page for Alchol free moisturizing mouth spray
at com.qa.biotene.pages.bioteneSitemapPage.clickonWriteReview3(bioteneSitemapPage.java:476)
at com.qa.biotene.test.bioteneSitemapTest.verifyWriteReview3Link(bioteneSitemapTest.java:409)
at java.base/jdk.internal.reflect.DirectMethodHandleAccessor.invoke(DirectMethodHandleAccessor.java:104)
at java.base/java.lang.reflect.Method.invoke(Method.java:577)
at org.testng.internal.MethodInvocationHelper.invokeMethod(MethodInvocationHelper.java:133)
at org.testng.internal.TestInvoker.invokeMethod(TestInvoker.java:598)
at org.testng.internal.TestInvoker.retryFailed(TestInvoker.java:213)
at org.testng.internal.MethodRunner.runInSequence(MethodRunner.java:58)
at org.testng.internal.TestInvoker$MethodInvocationAgent.invoke(TestInvoker.java:824)
at org.testng.internal.TestInvoker.invokeTestMethods(TestInvoker.java:146)
at org.testng.internal.TestMethodWorker.invokeTestMethods(TestMethodWorker.java:146)
at org.testng.internal.TestMethodWorker.run(TestMethodWorker.java:128)
at java.base/java.util.ArrayList.forEach(ArrayList.java:1511)
at org.testng.TestRunner.privateRun(TestRunner.java:794)
at org.testng.TestRunner.run(TestRunner.java:596)
at org.testng.SuiteRunner.runTest(SuiteRunner.java:377)
at org.testng.SuiteRunner.runSequentially(SuiteRunner.java:371)
at org.testng.SuiteRunner.privateRun(SuiteRunner.java:332)
at org.testng.SuiteRunner.run(SuiteRunner.java:276)
at org.testng.SuiteRunnerWorker.runSuite(SuiteRunnerWorker.java:53)
at org.testng.SuiteRunnerWorker.run(SuiteRunnerWorker.java:96)
at org.testng.TestNG.runSuitesSequentially(TestNG.java:1212)
at org.testng.TestNG.runSuitesLocally(TestNG.java:1134)
at org.testng.TestNG.runSuites(TestNG.java:1063)
at org.testng.TestNG.run(TestNG.java:1031)
at org.testng.remote.AbstractRemoteTestNG.run(AbstractRemoteTestNG.java:115)
at org.testng.remote.RemoteTestNG.initAndRun(RemoteTestNG.java:251)
at org.testng.remote.RemoteTestNG.main(RemoteTestNG.java:77)
]]>
    </error>
  </testcase> <!-- verifyWriteReview3Link -->
  <system-out/>
  <testcase classname="com.qa.biotene.test.bioteneSitemapTest" name="verifyWriteReview4Link" time="25.404">
    <error message="Review is not present on page for Oral balance moisturizing gel" type="java.lang.Exception">
      <![CDATA[java.lang.Exception: Review is not present on page for Oral balance moisturizing gel
at com.qa.biotene.pages.bioteneSitemapPage.clickonWriteReview4(bioteneSitemapPage.java:485)
at com.qa.biotene.test.bioteneSitemapTest.verifyWriteReview4Link(bioteneSitemapTest.java:421)
at java.base/jdk.internal.reflect.DirectMethodHandleAccessor.invoke(DirectMethodHandleAccessor.java:104)
at java.base/java.lang.reflect.Method.invoke(Method.java:577)
at org.testng.internal.MethodInvocationHelper.invokeMethod(MethodInvocationHelper.java:133)
at org.testng.internal.TestInvoker.invokeMethod(TestInvoker.java:598)
at org.testng.internal.TestInvoker.retryFailed(TestInvoker.java:213)
at org.testng.internal.MethodRunner.runInSequence(MethodRunner.java:58)
at org.testng.internal.TestInvoker$MethodInvocationAgent.invoke(TestInvoker.java:824)
at org.testng.internal.TestInvoker.invokeTestMethods(TestInvoker.java:146)
at org.testng.internal.TestMethodWorker.invokeTestMethods(TestMethodWorker.java:146)
at org.testng.internal.TestMethodWorker.run(TestMethodWorker.java:128)
at java.base/java.util.ArrayList.forEach(ArrayList.java:1511)
at org.testng.TestRunner.privateRun(TestRunner.java:794)
at org.testng.TestRunner.run(TestRunner.java:596)
at org.testng.SuiteRunner.runTest(SuiteRunner.java:377)
at org.testng.SuiteRunner.runSequentially(SuiteRunner.java:371)
at org.testng.SuiteRunner.privateRun(SuiteRunner.java:332)
at org.testng.SuiteRunner.run(SuiteRunner.java:276)
at org.testng.SuiteRunnerWorker.runSuite(SuiteRunnerWorker.java:53)
at org.testng.SuiteRunnerWorker.run(SuiteRunnerWorker.java:96)
at org.testng.TestNG.runSuitesSequentially(TestNG.java:1212)
at org.testng.TestNG.runSuitesLocally(TestNG.java:1134)
at org.testng.TestNG.runSuites(TestNG.java:1063)
at org.testng.TestNG.run(TestNG.java:1031)
at org.testng.remote.AbstractRemoteTestNG.run(AbstractRemoteTestNG.java:115)
at org.testng.remote.RemoteTestNG.initAndRun(RemoteTestNG.java:251)
at org.testng.remote.RemoteTestNG.main(RemoteTestNG.java:77)
]]>
    </error>
  </testcase> <!-- verifyWriteReview4Link -->
  <system-out/>
  <testcase classname="com.qa.biotene.test.bioteneSitemapTest" name="verifyWriteReview4Link" time="27.341">
    <skipped/>
  </testcase> <!-- verifyWriteReview4Link -->
  <system-out/>
  <testcase classname="com.qa.biotene.test.bioteneSitemapTest" name="verifyWriteReview4Link" time="25.579">
    <skipped/>
  </testcase> <!-- verifyWriteReview4Link -->
  <system-out/>
  <testcase classname="com.qa.biotene.test.bioteneSitemapTest" name="verifyWriteReview5Link" time="26.982">
    <skipped/>
  </testcase> <!-- verifyWriteReview5Link -->
  <system-out/>
  <testcase classname="com.qa.biotene.test.bioteneSitemapTest" name="verifyWriteReview5Link" time="27.015">
    <skipped/>
  </testcase> <!-- verifyWriteReview5Link -->
  <system-out/>
  <testcase classname="com.qa.biotene.test.bioteneSitemapTest" name="verifyWriteReview5Link" time="25.464">
    <error message="Review is not present on page for dry mouth gentle oral rinse" type="java.lang.Exception">
      <![CDATA[java.lang.Exception: Review is not present on page for dry mouth gentle oral rinse
at com.qa.biotene.pages.bioteneSitemapPage.clickonWriteReview5(bioteneSitemapPage.java:494)
at com.qa.biotene.test.bioteneSitemapTest.verifyWriteReview5Link(bioteneSitemapTest.java:433)
at java.base/jdk.internal.reflect.DirectMethodHandleAccessor.invoke(DirectMethodHandleAccessor.java:104)
at java.base/java.lang.reflect.Method.invoke(Method.java:577)
at org.testng.internal.MethodInvocationHelper.invokeMethod(MethodInvocationHelper.java:133)
at org.testng.internal.TestInvoker.invokeMethod(TestInvoker.java:598)
at org.testng.internal.TestInvoker.retryFailed(TestInvoker.java:213)
at org.testng.internal.MethodRunner.runInSequence(MethodRunner.java:58)
at org.testng.internal.TestInvoker$MethodInvocationAgent.invoke(TestInvoker.java:824)
at org.testng.internal.TestInvoker.invokeTestMethods(TestInvoker.java:146)
at org.testng.internal.TestMethodWorker.invokeTestMethods(TestMethodWorker.java:146)
at org.testng.internal.TestMethodWorker.run(TestMethodWorker.java:128)
at java.base/java.util.ArrayList.forEach(ArrayList.java:1511)
at org.testng.TestRunner.privateRun(TestRunner.java:794)
at org.testng.TestRunner.run(TestRunner.java:596)
at org.testng.SuiteRunner.runTest(SuiteRunner.java:377)
at org.testng.SuiteRunner.runSequentially(SuiteRunner.java:371)
at org.testng.SuiteRunner.privateRun(SuiteRunner.java:332)
at org.testng.SuiteRunner.run(SuiteRunner.java:276)
at org.testng.SuiteRunnerWorker.runSuite(SuiteRunnerWorker.java:53)
at org.testng.SuiteRunnerWorker.run(SuiteRunnerWorker.java:96)
at org.testng.TestNG.runSuitesSequentially(TestNG.java:1212)
at org.testng.TestNG.runSuitesLocally(TestNG.java:1134)
at org.testng.TestNG.runSuites(TestNG.java:1063)
at org.testng.TestNG.run(TestNG.java:1031)
at org.testng.remote.AbstractRemoteTestNG.run(AbstractRemoteTestNG.java:115)
at org.testng.remote.RemoteTestNG.initAndRun(RemoteTestNG.java:251)
at org.testng.remote.RemoteTestNG.main(RemoteTestNG.java:77)
]]>
    </error>
  </testcase> <!-- verifyWriteReview5Link -->
  <system-out/>
  <testcase classname="com.qa.biotene.test.bioteneSitemapTest" name="verifyWriteReview6Link" time="26.939">
    <error message="Review is not present on page for biotene sugar free dry mouth" type="java.lang.Exception">
      <![CDATA[java.lang.Exception: Review is not present on page for biotene sugar free dry mouth
at com.qa.biotene.pages.bioteneSitemapPage.clickonWriteReview6(bioteneSitemapPage.java:503)
at com.qa.biotene.test.bioteneSitemapTest.verifyWriteReview6Link(bioteneSitemapTest.java:445)
at java.base/jdk.internal.reflect.DirectMethodHandleAccessor.invoke(DirectMethodHandleAccessor.java:104)
at java.base/java.lang.reflect.Method.invoke(Method.java:577)
at org.testng.internal.MethodInvocationHelper.invokeMethod(MethodInvocationHelper.java:133)
at org.testng.internal.TestInvoker.invokeMethod(TestInvoker.java:598)
at org.testng.internal.TestInvoker.retryFailed(TestInvoker.java:213)
at org.testng.internal.MethodRunner.runInSequence(MethodRunner.java:58)
at org.testng.internal.TestInvoker$MethodInvocationAgent.invoke(TestInvoker.java:824)
at org.testng.internal.TestInvoker.invokeTestMethods(TestInvoker.java:146)
at org.testng.internal.TestMethodWorker.invokeTestMethods(TestMethodWorker.java:146)
at org.testng.internal.TestMethodWorker.run(TestMethodWorker.java:128)
at java.base/java.util.ArrayList.forEach(ArrayList.java:1511)
at org.testng.TestRunner.privateRun(TestRunner.java:794)
at org.testng.TestRunner.run(TestRunner.java:596)
at org.testng.SuiteRunner.runTest(SuiteRunner.java:377)
at org.testng.SuiteRunner.runSequentially(SuiteRunner.java:371)
at org.testng.SuiteRunner.privateRun(SuiteRunner.java:332)
at org.testng.SuiteRunner.run(SuiteRunner.java:276)
at org.testng.SuiteRunnerWorker.runSuite(SuiteRunnerWorker.java:53)
at org.testng.SuiteRunnerWorker.run(SuiteRunnerWorker.java:96)
at org.testng.TestNG.runSuitesSequentially(TestNG.java:1212)
at org.testng.TestNG.runSuitesLocally(TestNG.java:1134)
at org.testng.TestNG.runSuites(TestNG.java:1063)
at org.testng.TestNG.run(TestNG.java:1031)
at org.testng.remote.AbstractRemoteTestNG.run(AbstractRemoteTestNG.java:115)
at org.testng.remote.RemoteTestNG.initAndRun(RemoteTestNG.java:251)
at org.testng.remote.RemoteTestNG.main(RemoteTestNG.java:77)
]]>
    </error>
  </testcase> <!-- verifyWriteReview6Link -->
  <system-out/>
  <testcase classname="com.qa.biotene.test.bioteneSitemapTest" name="verifyWriteReview6Link" time="26.941">
    <skipped/>
  </testcase> <!-- verifyWriteReview6Link -->
  <system-out/>
  <testcase classname="com.qa.biotene.test.bioteneSitemapTest" name="verifyWriteReview6Link" time="28.220">
    <skipped/>
  </testcase> <!-- verifyWriteReview6Link -->
  <system-out/>
  <testcase classname="com.qa.biotene.test.bioteneSitemapTest" name="verifylivingfulllifeLink" time="9.044"/>
  <system-out/>
  <testcase classname="com.qa.biotene.test.bioteneSitemapTest" name="verifyReliefremediesdrymouthLink" time="7.708"/>
  <system-out/>
  <testcase classname="com.qa.biotene.test.bioteneSitemapTest" name="verifymouthwashbadbreatheLink" time="8.314"/>
  <system-out/>
  <testcase classname="com.qa.biotene.test.bioteneSitemapTest" name="verifydrymouthdrinkingwaterLink" time="8.215"/>
  <system-out/>
  <testcase classname="com.qa.biotene.test.bioteneSitemapTest" name="verifydrymouthsymptomsnightLink" time="8.162"/>
  <system-out/>
  <testcase classname="com.qa.biotene.test.bioteneSitemapTest" name="verifydrymouthsymptomslabordayLink" time="8.820"/>
  <system-out/>
  <testcase classname="com.qa.biotene.test.bioteneSitemapTest" name="verifyhandytipslearningLink" time="9.711"/>
  <system-out/>
  <testcase classname="com.qa.biotene.test.bioteneSitemapTest" name="verifyGetRelieffromsymptomsLink" time="9.239"/>
  <system-out/>
  <testcase classname="com.qa.biotene.test.bioteneSitemapTest" name="verifyAlldaysymptomsdrymouthLink" time="10.281"/>
  <system-out/>
  <testcase classname="com.qa.biotene.test.bioteneSitemapTest" name="verifySymptomswhileTravelingLink" time="8.749"/>
  <system-out/>
  <testcase classname="com.qa.biotene.test.bioteneSitemapTest" name="verifyBeachbagReliefdrymouthLink" time="9.908"/>
  <system-out/>
  <testcase classname="com.qa.biotene.test.bioteneSitemapTest" name="verifyUnderstandinglinkbetweencancerLink" time="9.443"/>
  <system-out/>
  <testcase classname="com.qa.biotene.test.bioteneSitemapTest" name="verifyManagingDiabitesLink" time="10.496"/>
  <system-out/>
  <testcase classname="com.qa.biotene.test.bioteneSitemapTest" name="verifyAsthmaRespiratoryLink" time="8.912"/>
  <system-out/>
  <testcase classname="com.qa.biotene.test.bioteneSitemapTest" name="verifyDrymouthMedicationsLink" time="10.066"/>
  <system-out/>
  <testcase classname="com.qa.biotene.test.bioteneSitemapTest" name="verifyCareGiversLink" time="8.929"/>
  <system-out/>
  <testcase classname="com.qa.biotene.test.bioteneSitemapTest" name="verifyQuizLovedOnesLink" time="7.576"/>
  <system-out/>
  <testcase classname="com.qa.biotene.test.bioteneSitemapTest" name="verifyManagingSymptomsNightLink" time="7.743"/>
  <system-out/>
  <testcase classname="com.qa.biotene.test.bioteneSitemapTest" name="verifyHowtouseMouthwashLink" time="8.121"/>
  <system-out/>
  <testcase classname="com.qa.biotene.test.bioteneSitemapTest" name="verifyDrymouthThroatRelatedLink" time="8.395"/>
  <system-out/>
  <testcase classname="com.qa.biotene.test.bioteneSitemapTest" name="verifyDoihavedrymouthLink" time="7.927"/>
  <system-out/>
  <testcase classname="com.qa.biotene.test.bioteneSitemapTest" name="verifyDentistRecommendedDryMouthLink" time="10.097"/>
  <system-out/>
  <testcase classname="com.qa.biotene.test.bioteneSitemapTest" name="verifyContactUsDrymouthProductsLink" time="8.492"/>
  <system-out/>
  <testcase classname="com.qa.biotene.test.bioteneSitemapTest" name="verifyFrequentlyAskedQuestionsLink" time="7.441"/>
  <system-out/>
  <testcase classname="com.qa.biotene.test.bioteneSitemapTest" name="verifyBioteneSitemapArticlesLink" time="8.885"/>
  <system-out/>
  <testcase classname="com.qa.biotene.test.bioteneSitemapTest" name="verifySavenowwithBioteneProductsLink" time="34.081"/>
  <system-out/>
  <testcase classname="com.qa.biotene.test.bioteneSitemapTest" name="verifySitemapLink" time="7.728">
    <skipped/>
  </testcase> <!-- verifySitemapLink -->
  <system-out/>
  <testcase classname="com.qa.biotene.test.bioteneSitemapTest" name="verifySitemapLink" time="10.020">
    <failure message="expected [sitemap/] but found [content/cf-consumer-healthcare/oral-biotene/en_us/sitemap.html]" type="java.lang.AssertionError">
      <![CDATA[java.lang.AssertionError: expected [sitemap/] but found [content/cf-consumer-healthcare/oral-biotene/en_us/sitemap.html]
at org.testng.Assert.fail(Assert.java:99)
at org.testng.Assert.failNotEquals(Assert.java:1037)
at org.testng.Assert.assertEqualsImpl(Assert.java:140)
at org.testng.Assert.assertEquals(Assert.java:122)
at org.testng.Assert.assertEquals(Assert.java:629)
at org.testng.Assert.assertEquals(Assert.java:639)
at com.qa.baseClass.BaseClass.compareTwoText(BaseClass.java:814)
at com.qa.biotene.test.bioteneSitemapTest.verifySitemapLink(bioteneSitemapTest.java:771)
at java.base/jdk.internal.reflect.DirectMethodHandleAccessor.invoke(DirectMethodHandleAccessor.java:104)
at java.base/java.lang.reflect.Method.invoke(Method.java:577)
at org.testng.internal.MethodInvocationHelper.invokeMethod(MethodInvocationHelper.java:133)
at org.testng.internal.TestInvoker.invokeMethod(TestInvoker.java:598)
at org.testng.internal.TestInvoker.retryFailed(TestInvoker.java:213)
at org.testng.internal.MethodRunner.runInSequence(MethodRunner.java:58)
at org.testng.internal.TestInvoker$MethodInvocationAgent.invoke(TestInvoker.java:824)
at org.testng.internal.TestInvoker.invokeTestMethods(TestInvoker.java:146)
at org.testng.internal.TestMethodWorker.invokeTestMethods(TestMethodWorker.java:146)
at org.testng.internal.TestMethodWorker.run(TestMethodWorker.java:128)
at java.base/java.util.ArrayList.forEach(ArrayList.java:1511)
at org.testng.TestRunner.privateRun(TestRunner.java:794)
at org.testng.TestRunner.run(TestRunner.java:596)
at org.testng.SuiteRunner.runTest(SuiteRunner.java:377)
at org.testng.SuiteRunner.runSequentially(SuiteRunner.java:371)
at org.testng.SuiteRunner.privateRun(SuiteRunner.java:332)
at org.testng.SuiteRunner.run(SuiteRunner.java:276)
at org.testng.SuiteRunnerWorker.runSuite(SuiteRunnerWorker.java:53)
at org.testng.SuiteRunnerWorker.run(SuiteRunnerWorker.java:96)
at org.testng.TestNG.runSuitesSequentially(TestNG.java:1212)
at org.testng.TestNG.runSuitesLocally(TestNG.java:1134)
at org.testng.TestNG.runSuites(TestNG.java:1063)
at org.testng.TestNG.run(TestNG.java:1031)
at org.testng.remote.AbstractRemoteTestNG.run(AbstractRemoteTestNG.java:115)
at org.testng.remote.RemoteTestNG.initAndRun(RemoteTestNG.java:251)
at org.testng.remote.RemoteTestNG.main(RemoteTestNG.java:77)
]]>
    </failure>
  </testcase> <!-- verifySitemapLink -->
  <system-out/>
  <testcase classname="com.qa.biotene.test.bioteneSitemapTest" name="verifySitemapLink" time="8.240">
    <skipped/>
  </testcase> <!-- verifySitemapLink -->
  <system-out/>
  <testcase classname="com.qa.biotene.test.bioteneSitemapTest" name="verifyUsingFSAHSALink" time="8.643"/>
  <system-out/>
  <testcase classname="com.qa.biotene.test.bioteneSitemapTest" name="verifyThankyouBioteneLink" time="36.025">
    <skipped/>
  </testcase> <!-- verifyThankyouBioteneLink -->
  <system-out/>
  <testcase classname="com.qa.biotene.test.bioteneSitemapTest" name="verifyThankyouBioteneLink" time="37.151">
    <skipped/>
  </testcase> <!-- verifyThankyouBioteneLink -->
  <system-out/>
  <testcase classname="com.qa.biotene.test.bioteneSitemapTest" name="verifyThankyouBioteneLink" time="34.683">
    <error message="Thank you Biotene is not present on Page" type="java.lang.Exception">
      <![CDATA[java.lang.Exception: Thank you Biotene is not present on Page
at com.qa.biotene.pages.bioteneSitemapPage.clickonthankyouBiotene(bioteneSitemapPage.java:680)
at com.qa.biotene.test.bioteneSitemapTest.verifyThankyouBioteneLink(bioteneSitemapTest.java:793)
at java.base/jdk.internal.reflect.DirectMethodHandleAccessor.invoke(DirectMethodHandleAccessor.java:104)
at java.base/java.lang.reflect.Method.invoke(Method.java:577)
at org.testng.internal.MethodInvocationHelper.invokeMethod(MethodInvocationHelper.java:133)
at org.testng.internal.TestInvoker.invokeMethod(TestInvoker.java:598)
at org.testng.internal.TestInvoker.retryFailed(TestInvoker.java:213)
at org.testng.internal.MethodRunner.runInSequence(MethodRunner.java:58)
at org.testng.internal.TestInvoker$MethodInvocationAgent.invoke(TestInvoker.java:824)
at org.testng.internal.TestInvoker.invokeTestMethods(TestInvoker.java:146)
at org.testng.internal.TestMethodWorker.invokeTestMethods(TestMethodWorker.java:146)
at org.testng.internal.TestMethodWorker.run(TestMethodWorker.java:128)
at java.base/java.util.ArrayList.forEach(ArrayList.java:1511)
at org.testng.TestRunner.privateRun(TestRunner.java:794)
at org.testng.TestRunner.run(TestRunner.java:596)
at org.testng.SuiteRunner.runTest(SuiteRunner.java:377)
at org.testng.SuiteRunner.runSequentially(SuiteRunner.java:371)
at org.testng.SuiteRunner.privateRun(SuiteRunner.java:332)
at org.testng.SuiteRunner.run(SuiteRunner.java:276)
at org.testng.SuiteRunnerWorker.runSuite(SuiteRunnerWorker.java:53)
at org.testng.SuiteRunnerWorker.run(SuiteRunnerWorker.java:96)
at org.testng.TestNG.runSuitesSequentially(TestNG.java:1212)
at org.testng.TestNG.runSuitesLocally(TestNG.java:1134)
at org.testng.TestNG.runSuites(TestNG.java:1063)
at org.testng.TestNG.run(TestNG.java:1031)
at org.testng.remote.AbstractRemoteTestNG.run(AbstractRemoteTestNG.java:115)
at org.testng.remote.RemoteTestNG.initAndRun(RemoteTestNG.java:251)
at org.testng.remote.RemoteTestNG.main(RemoteTestNG.java:77)
]]>
    </error>
  </testcase> <!-- verifyThankyouBioteneLink -->
  <system-out/>
  <testcase classname="com.qa.biotene.test.bioteneSitemapTest" name="verifyTakeQuizLink" time="12.704"/>
  <system-out/>
  <testcase classname="com.qa.biotene.test.bioteneSitemapTest" name="verifyGetCouponsLink" time="32.905"/>
  <system-out/>
  <testcase classname="com.qa.biotene.test.bioteneSitemapTest" name="verifyShopNowLink" time="13.052"/>
  <system-out/>
</testsuite> <!-- com.qa.biotene.test.bioteneSitemapTest -->
