<?xml version="1.0" encoding="UTF-8"?>
<!-- Generated by org.testng.reporters.JUnitReportReporter -->
<testsuite hostname="WKWZTPqvmdckJHX" failures="0" tests="18" name="com.qa.centrum.eng.test.CentrumSampleAboutPage" time="416.159" errors="0" timestamp="2023-02-06T12:13:26 IST" skipped="0">
  <testcase classname="com.qa.centrum.eng.test.CentrumSampleAboutPage" name="cookieButton" time="11.202"/>
  <system-out/>
  <testcase classname="com.qa.centrum.eng.test.CentrumSampleAboutPage" name="scienceLink" time="27.898"/>
  <system-out/>
  <testcase classname="com.qa.centrum.eng.test.CentrumSampleAboutPage" name="CentrumAdultsLink" time="35.156"/>
  <system-out/>
  <testcase classname="com.qa.centrum.eng.test.CentrumSampleAboutPage" name="CentrumMultiGummiesAdultsLink" time="38.656"/>
  <system-out/>
  <testcase classname="com.qa.centrum.eng.test.CentrumSampleAboutPage" name="CentrumMinis" time="33.901"/>
  <system-out/>
  <testcase classname="com.qa.centrum.eng.test.CentrumSampleAboutPage" name="CentrumMultigummiesWomen" time="21.101"/>
  <system-out/>
  <testcase classname="com.qa.centrum.eng.test.CentrumSampleAboutPage" name="verifyBuyNowOne" time="20.592"/>
  <system-out/>
  <testcase classname="com.qa.centrum.eng.test.CentrumSampleAboutPage" name="Compare1" time="16.276"/>
  <system-out/>
  <testcase classname="com.qa.centrum.eng.test.CentrumSampleAboutPage" name="CentrumBuyNow2" time="42.052"/>
  <system-out/>
  <testcase classname="com.qa.centrum.eng.test.CentrumSampleAboutPage" name="Compare2" time="18.364"/>
  <system-out/>
  <testcase classname="com.qa.centrum.eng.test.CentrumSampleAboutPage" name="CentrumBuyNow3" time="16.251"/>
  <system-out/>
  <testcase classname="com.qa.centrum.eng.test.CentrumSampleAboutPage" name="Compare3" time="25.767"/>
  <system-out/>
  <testcase classname="com.qa.centrum.eng.test.CentrumSampleAboutPage" name="CentrumBuyNow4" time="21.760"/>
  <system-out/>
  <testcase classname="com.qa.centrum.eng.test.CentrumSampleAboutPage" name="Compare4" time="24.132"/>
  <system-out/>
  <testcase classname="com.qa.centrum.eng.test.CentrumSampleAboutPage" name="Article1" time="14.147"/>
  <system-out/>
  <testcase classname="com.qa.centrum.eng.test.CentrumSampleAboutPage" name="Article2" time="12.929"/>
  <system-out/>
  <testcase classname="com.qa.centrum.eng.test.CentrumSampleAboutPage" name="Article3" time="13.973"/>
  <system-out/>
  <testcase classname="com.qa.centrum.eng.test.CentrumSampleAboutPage" name="Article4" time="22.002"/>
  <system-out/>
</testsuite> <!-- com.qa.centrum.eng.test.CentrumSampleAboutPage -->
