<?xml version="1.0" encoding="UTF-8"?>
<!-- Generated by org.testng.reporters.JUnitReportReporter -->
<testsuite hostname="WKWZTPqvmdckJHX" failures="0" tests="10" name="com.qa.rinazina.it.test.RinazinaHomepageTest" time="94.451" errors="0" timestamp="2023-02-13T18:11:32 IST" skipped="0">
  <testcase classname="com.qa.rinazina.it.test.RinazinaHomepageTest" name="cookieButton" time="3.524"/>
  <system-out/>
  <testcase classname="com.qa.rinazina.it.test.RinazinaHomepageTest" name="verifyCarouselTwo" time="9.201"/>
  <system-out/>
  <testcase classname="com.qa.rinazina.it.test.RinazinaHomepageTest" name="verifyCarouselThree" time="10.293"/>
  <system-out/>
  <testcase classname="com.qa.rinazina.it.test.RinazinaHomepageTest" name="verifyTravoLink" time="6.342"/>
  <system-out/>
  <testcase classname="com.qa.rinazina.it.test.RinazinaHomepageTest" name="verifyMedicinaliLink" time="6.291"/>
  <system-out/>
  <testcase classname="com.qa.rinazina.it.test.RinazinaHomepageTest" name="verifyProdottiSenzaMedicinaliLink" time="13.500"/>
  <system-out/>
  <testcase classname="com.qa.rinazina.it.test.RinazinaHomepageTest" name="verifyArticleLinkOne" time="8.909"/>
  <system-out/>
  <testcase classname="com.qa.rinazina.it.test.RinazinaHomepageTest" name="verifyArticleLinkTwo" time="8.814"/>
  <system-out/>
  <testcase classname="com.qa.rinazina.it.test.RinazinaHomepageTest" name="verifyArticleLinkThree" time="19.333"/>
  <system-out/>
  <testcase classname="com.qa.rinazina.it.test.RinazinaHomepageTest" name="verifyArticleLinkFour" time="8.244"/>
  <system-out/>
</testsuite> <!-- com.qa.rinazina.it.test.RinazinaHomepageTest -->
