<?xml version="1.0" encoding="UTF-8"?>
<!-- Generated by org.testng.reporters.JUnitReportReporter -->
<testsuite hostname="WKWZTPqvmdckJHX" failures="0" tests="19" name="com.qa.caltrate.eng.test.CaltrateCalciumAndCalciumCarbonateTest" time="94.165" errors="0" timestamp="2023-05-01T22:31:50 IST" skipped="0">
  <testcase classname="com.qa.caltrate.eng.test.CaltrateCalciumAndCalciumCarbonateTest" name="cookieButton" time="5.232"/>
  <system-out/>
  <testcase classname="com.qa.caltrate.eng.test.CaltrateCalciumAndCalciumCarbonateTest" name="verifyFeaturedArticleOne" time="4.442"/>
  <system-out/>
  <testcase classname="com.qa.caltrate.eng.test.CaltrateCalciumAndCalciumCarbonateTest" name="verifyFeaturedArticleTwo" time="5.793"/>
  <system-out/>
  <testcase classname="com.qa.caltrate.eng.test.CaltrateCalciumAndCalciumCarbonateTest" name="verifyFeaturedArticleThree" time="5.793"/>
  <system-out/>
  <testcase classname="com.qa.caltrate.eng.test.CaltrateCalciumAndCalciumCarbonateTest" name="verifyFeaturedArticleFour" time="4.451"/>
  <system-out/>
  <testcase classname="com.qa.caltrate.eng.test.CaltrateCalciumAndCalciumCarbonateTest" name="verifyReadMoreOne" time="4.831"/>
  <system-out/>
  <testcase classname="com.qa.caltrate.eng.test.CaltrateCalciumAndCalciumCarbonateTest" name="verifyReadMoreTwo" time="4.943"/>
  <system-out/>
  <testcase classname="com.qa.caltrate.eng.test.CaltrateCalciumAndCalciumCarbonateTest" name="verifyReadMoreThree" time="5.198"/>
  <system-out/>
  <testcase classname="com.qa.caltrate.eng.test.CaltrateCalciumAndCalciumCarbonateTest" name="verifyReadMoreFour" time="4.582"/>
  <system-out/>
  <testcase classname="com.qa.caltrate.eng.test.CaltrateCalciumAndCalciumCarbonateTest" name="verifyReadMoreFive" time="5.168"/>
  <system-out/>
  <testcase classname="com.qa.caltrate.eng.test.CaltrateCalciumAndCalciumCarbonateTest" name="verifyReadMoreSix" time="4.658"/>
  <system-out/>
  <testcase classname="com.qa.caltrate.eng.test.CaltrateCalciumAndCalciumCarbonateTest" name="verifyReadMoreSeven" time="4.468"/>
  <system-out/>
  <testcase classname="com.qa.caltrate.eng.test.CaltrateCalciumAndCalciumCarbonateTest" name="verifyReadMoreEight" time="2.429"/>
  <system-out/>
  <testcase classname="com.qa.caltrate.eng.test.CaltrateCalciumAndCalciumCarbonateTest" name="verifyReadMoreNine" time="5.476"/>
  <system-out/>
  <testcase classname="com.qa.caltrate.eng.test.CaltrateCalciumAndCalciumCarbonateTest" name="verifyReadMoreTen" time="4.822"/>
  <system-out/>
  <testcase classname="com.qa.caltrate.eng.test.CaltrateCalciumAndCalciumCarbonateTest" name="verifyReadMoreEleven" time="4.530"/>
  <system-out/>
  <testcase classname="com.qa.caltrate.eng.test.CaltrateCalciumAndCalciumCarbonateTest" name="verifyBreadcrumbOne" time="4.820"/>
  <system-out/>
  <testcase classname="com.qa.caltrate.eng.test.CaltrateCalciumAndCalciumCarbonateTest" name="verifyBreadcrumbTwo" time="10.285"/>
  <system-out/>
  <testcase classname="com.qa.caltrate.eng.test.CaltrateCalciumAndCalciumCarbonateTest" name="verifyBreadcrumbThree" time="2.244"/>
  <system-out/>
</testsuite> <!-- com.qa.caltrate.eng.test.CaltrateCalciumAndCalciumCarbonateTest -->
