<?xml version="1.0" encoding="UTF-8"?>
<!-- Generated by org.testng.reporters.JUnitReportReporter -->
<testsuite hostname="WKWZTPqvmdckJHX" failures="0" tests="22" name="com.qa.bens.checklist.test.BAUTextTest" time="565.447" errors="0" timestamp="2023-10-04T14:48:34 IST" skipped="0">
  <testcase classname="com.qa.bens.checklist.test.BAUTextTest" name="verifyText" time="26.706"/>
  <system-out/>
  <testcase classname="com.qa.bens.checklist.test.BAUTextTest" name="verifyText" time="26.949"/>
  <system-out/>
  <testcase classname="com.qa.bens.checklist.test.BAUTextTest" name="verifyText" time="25.302"/>
  <system-out/>
  <testcase classname="com.qa.bens.checklist.test.BAUTextTest" name="verifyText" time="27.706"/>
  <system-out/>
  <testcase classname="com.qa.bens.checklist.test.BAUTextTest" name="verifyText" time="26.548"/>
  <system-out/>
  <testcase classname="com.qa.bens.checklist.test.BAUTextTest" name="verifyText" time="24.560"/>
  <system-out/>
  <testcase classname="com.qa.bens.checklist.test.BAUTextTest" name="verifyText" time="25.300"/>
  <system-out/>
  <testcase classname="com.qa.bens.checklist.test.BAUTextTest" name="verifyText" time="27.365"/>
  <system-out/>
  <testcase classname="com.qa.bens.checklist.test.BAUTextTest" name="verifyText" time="25.424"/>
  <system-out/>
  <testcase classname="com.qa.bens.checklist.test.BAUTextTest" name="verifyText" time="24.868"/>
  <system-out/>
  <testcase classname="com.qa.bens.checklist.test.BAUTextTest" name="verifyText" time="26.962"/>
  <system-out/>
  <testcase classname="com.qa.bens.checklist.test.BAUTextTest" name="verifyText" time="34.855"/>
  <system-out/>
  <testcase classname="com.qa.bens.checklist.test.BAUTextTest" name="verifyText" time="25.237"/>
  <system-out/>
  <testcase classname="com.qa.bens.checklist.test.BAUTextTest" name="verifyText" time="25.086"/>
  <system-out/>
  <testcase classname="com.qa.bens.checklist.test.BAUTextTest" name="verifyText" time="25.662"/>
  <system-out/>
  <testcase classname="com.qa.bens.checklist.test.BAUTextTest" name="verifyText" time="25.187"/>
  <system-out/>
  <testcase classname="com.qa.bens.checklist.test.BAUTextTest" name="verifyText" time="25.460"/>
  <system-out/>
  <testcase classname="com.qa.bens.checklist.test.BAUTextTest" name="verifyText" time="25.891"/>
  <system-out/>
  <testcase classname="com.qa.bens.checklist.test.BAUTextTest" name="verifyText" time="6.007"/>
  <system-out/>
  <testcase classname="com.qa.bens.checklist.test.BAUTextTest" name="verifyText" time="32.258"/>
  <system-out/>
  <testcase classname="com.qa.bens.checklist.test.BAUTextTest" name="verifyText" time="24.598"/>
  <system-out/>
  <testcase classname="com.qa.bens.checklist.test.BAUTextTest" name="verifyText" time="27.516"/>
  <system-out/>
</testsuite> <!-- com.qa.bens.checklist.test.BAUTextTest -->
