<?xml version="1.0" encoding="UTF-8"?>
<!-- Generated by org.testng.reporters.JUnitReportReporter -->
<testsuite hostname="WKWZTPqvmdckJHX" failures="0" tests="12" name="com.qa.drbest.ge.test.DrBestBiokunststoffTest" time="149.903" errors="1" timestamp="2023-04-10T02:26:07 IST" skipped="2">
  <testcase classname="com.qa.drbest.ge.test.DrBestBiokunststoffTest" name="verifyCookie" time="8.244"/>
  <system-out/>
  <testcase classname="com.qa.drbest.ge.test.DrBestBiokunststoffTest" name="verifyLinkOne" time="7.085"/>
  <system-out/>
  <testcase classname="com.qa.drbest.ge.test.DrBestBiokunststoffTest" name="verifyInterdentKidsImg" time="10.997"/>
  <system-out/>
  <testcase classname="com.qa.drbest.ge.test.DrBestBiokunststoffTest" name="verifyInterdentImg" time="7.457"/>
  <system-out/>
  <testcase classname="com.qa.drbest.ge.test.DrBestBiokunststoffTest" name="verifyGreenCleanImg" time="9.478"/>
  <system-out/>
  <testcase classname="com.qa.drbest.ge.test.DrBestBiokunststoffTest" name="verifyInterdentalburstenImg" time="8.515"/>
  <system-out/>
  <testcase classname="com.qa.drbest.ge.test.DrBestBiokunststoffTest" name="verifyInterdentKidsButton" time="7.308"/>
  <system-out/>
  <testcase classname="com.qa.drbest.ge.test.DrBestBiokunststoffTest" name="verifyInterdentButton" time="8.062"/>
  <system-out/>
  <testcase classname="com.qa.drbest.ge.test.DrBestBiokunststoffTest" name="verifyGreenCleanButton" time="25.199">
    <error message="Unable to scroll down the page" type="java.lang.Exception">
      <![CDATA[java.lang.Exception: Unable to scroll down the page
at com.qa.baseClass.BaseClass.scrollDownUsingElement(BaseClass.java:344)
at com.qa.drbest.ge.pages.DrBestBiokunststoffPage.clickGreenCleanButton(DrBestBiokunststoffPage.java:137)
at com.qa.drbest.ge.test.DrBestBiokunststoffTest.verifyGreenCleanButton(DrBestBiokunststoffTest.java:133)
at java.base/jdk.internal.reflect.DirectMethodHandleAccessor.invoke(DirectMethodHandleAccessor.java:104)
at java.base/java.lang.reflect.Method.invoke(Method.java:577)
at org.testng.internal.MethodInvocationHelper.invokeMethod(MethodInvocationHelper.java:133)
at org.testng.internal.TestInvoker.invokeMethod(TestInvoker.java:598)
at org.testng.internal.TestInvoker.retryFailed(TestInvoker.java:213)
at org.testng.internal.MethodRunner.runInSequence(MethodRunner.java:58)
at org.testng.internal.TestInvoker$MethodInvocationAgent.invoke(TestInvoker.java:824)
at org.testng.internal.TestInvoker.invokeTestMethods(TestInvoker.java:146)
at org.testng.internal.TestMethodWorker.invokeTestMethods(TestMethodWorker.java:146)
at org.testng.internal.TestMethodWorker.run(TestMethodWorker.java:128)
at java.base/java.util.ArrayList.forEach(ArrayList.java:1511)
at org.testng.TestRunner.privateRun(TestRunner.java:794)
at org.testng.TestRunner.run(TestRunner.java:596)
at org.testng.SuiteRunner.runTest(SuiteRunner.java:377)
at org.testng.SuiteRunner.runSequentially(SuiteRunner.java:371)
at org.testng.SuiteRunner.privateRun(SuiteRunner.java:332)
at org.testng.SuiteRunner.run(SuiteRunner.java:276)
at org.testng.SuiteRunnerWorker.runSuite(SuiteRunnerWorker.java:53)
at org.testng.SuiteRunnerWorker.run(SuiteRunnerWorker.java:96)
at org.testng.TestNG.runSuitesSequentially(TestNG.java:1212)
at org.testng.TestNG.runSuitesLocally(TestNG.java:1134)
at org.testng.TestNG.runSuites(TestNG.java:1063)
at org.testng.TestNG.run(TestNG.java:1031)
at org.testng.remote.AbstractRemoteTestNG.run(AbstractRemoteTestNG.java:115)
at org.testng.remote.RemoteTestNG.initAndRun(RemoteTestNG.java:251)
at org.testng.remote.RemoteTestNG.main(RemoteTestNG.java:77)
]]>
    </error>
  </testcase> <!-- verifyGreenCleanButton -->
  <system-out/>
  <testcase classname="com.qa.drbest.ge.test.DrBestBiokunststoffTest" name="verifyGreenCleanButton" time="25.596">
    <skipped/>
  </testcase> <!-- verifyGreenCleanButton -->
  <system-out/>
  <testcase classname="com.qa.drbest.ge.test.DrBestBiokunststoffTest" name="verifyGreenCleanButton" time="25.315">
    <skipped/>
  </testcase> <!-- verifyGreenCleanButton -->
  <system-out/>
  <testcase classname="com.qa.drbest.ge.test.DrBestBiokunststoffTest" name="verifyInterdentalburstenButton" time="6.647"/>
  <system-out/>
</testsuite> <!-- com.qa.drbest.ge.test.DrBestBiokunststoffTest -->
