<?xml version="1.0" encoding="UTF-8"?>
<!-- Generated by org.testng.reporters.JUnitReportReporter -->
<testsuite hostname="WKWZTPqvmdckJHX" failures="0" tests="2" name="com.qa.centrum.eng.test.CentrumSampleCooperTest" time="35.560" errors="0" timestamp="2023-01-30T15:23:23 IST" skipped="0">
  <testcase classname="com.qa.centrum.eng.test.CentrumSampleCooperTest" name="cookieButton" time="15.355"/>
  <system-out/>
  <testcase classname="com.qa.centrum.eng.test.CentrumSampleCooperTest" name="verifyBreadcrumbOne" time="20.205"/>
  <system-out/>
</testsuite> <!-- com.qa.centrum.eng.test.CentrumSampleCooperTest -->
