<?xml version="1.0" encoding="UTF-8"?>
<!-- Generated by org.testng.reporters.JUnitReportReporter -->
<testsuite hostname="WKWZTPqvmdckJHX" failures="0" tests="1" name="com.qa.centrum.eng.test.CentrumSampleVitaminPacksMen40PlusTest" time="26.877" errors="0" timestamp="2023-01-30T11:30:46 IST" skipped="0">
  <testcase classname="com.qa.centrum.eng.test.CentrumSampleVitaminPacksMen40PlusTest" name="cookieButton" time="26.877"/>
  <system-out/>
</testsuite> <!-- com.qa.centrum.eng.test.CentrumSampleVitaminPacksMen40PlusTest -->
