<?xml version="1.0" encoding="UTF-8"?>
<!-- Generated by org.testng.reporters.JUnitReportReporter -->
<testsuite hostname="WKWZTPqvmdckJHX" failures="0" tests="33" name="com.qa.drbest.ge.test.drbestzahnpflegeTest" time="315.856" errors="0" timestamp="2023-04-10T02:26:06 IST" skipped="0">
  <testcase classname="com.qa.drbest.ge.test.drbestzahnpflegeTest" name="verifydrbestcookiePopupLink" time="44.368"/>
  <system-out/>
  <testcase classname="com.qa.drbest.ge.test.drbestzahnpflegeTest" name="verifyQuiz1Link" time="11.251"/>
  <system-out/>
  <testcase classname="com.qa.drbest.ge.test.drbestzahnpflegeTest" name="verifyQuiz2Link" time="11.665"/>
  <system-out/>
  <testcase classname="com.qa.drbest.ge.test.drbestzahnpflegeTest" name="verifyQuiz3Link" time="9.848"/>
  <system-out/>
  <testcase classname="com.qa.drbest.ge.test.drbestzahnpflegeTest" name="verifyQuiz4Link" time="9.364"/>
  <system-out/>
  <testcase classname="com.qa.drbest.ge.test.drbestzahnpflegeTest" name="verifyQuiz5Link" time="9.592"/>
  <system-out/>
  <testcase classname="com.qa.drbest.ge.test.drbestzahnpflegeTest" name="verifyQuiz6Link" time="7.858"/>
  <system-out/>
  <testcase classname="com.qa.drbest.ge.test.drbestzahnpflegeTest" name="verifyQuiz7Link" time="9.632"/>
  <system-out/>
  <testcase classname="com.qa.drbest.ge.test.drbestzahnpflegeTest" name="verifyQuiz8Link" time="9.549"/>
  <system-out/>
  <testcase classname="com.qa.drbest.ge.test.drbestzahnpflegeTest" name="verifyDiegangLink" time="8.966"/>
  <system-out/>
  <testcase classname="com.qa.drbest.ge.test.drbestzahnpflegeTest" name="verifyDiegang1Link" time="7.343"/>
  <system-out/>
  <testcase classname="com.qa.drbest.ge.test.drbestzahnpflegeTest" name="verifyHilfsmittelLink" time="7.168"/>
  <system-out/>
  <testcase classname="com.qa.drbest.ge.test.drbestzahnpflegeTest" name="verifyHilfsmittel1Link" time="7.925"/>
  <system-out/>
  <testcase classname="com.qa.drbest.ge.test.drbestzahnpflegeTest" name="verifyParodontotisLink" time="7.779"/>
  <system-out/>
  <testcase classname="com.qa.drbest.ge.test.drbestzahnpflegeTest" name="verifyParodontotis1Link" time="8.213"/>
  <system-out/>
  <testcase classname="com.qa.drbest.ge.test.drbestzahnpflegeTest" name="verifyZahneLink" time="7.970"/>
  <system-out/>
  <testcase classname="com.qa.drbest.ge.test.drbestzahnpflegeTest" name="verifyZahne1Link" time="7.729"/>
  <system-out/>
  <testcase classname="com.qa.drbest.ge.test.drbestzahnpflegeTest" name="verifyKinderLink" time="7.858"/>
  <system-out/>
  <testcase classname="com.qa.drbest.ge.test.drbestzahnpflegeTest" name="verifyKinder1Link" time="7.197"/>
  <system-out/>
  <testcase classname="com.qa.drbest.ge.test.drbestzahnpflegeTest" name="verifyfestsitzendenLink" time="7.810"/>
  <system-out/>
  <testcase classname="com.qa.drbest.ge.test.drbestzahnpflegeTest" name="verifyfestsitzenden1Link" time="7.580"/>
  <system-out/>
  <testcase classname="com.qa.drbest.ge.test.drbestzahnpflegeTest" name="verifyStichwortLink" time="10.604"/>
  <system-out/>
  <testcase classname="com.qa.drbest.ge.test.drbestzahnpflegeTest" name="verifyStichwort1Link" time="8.176"/>
  <system-out/>
  <testcase classname="com.qa.drbest.ge.test.drbestzahnpflegeTest" name="verifygebissentwicklungLink" time="7.342"/>
  <system-out/>
  <testcase classname="com.qa.drbest.ge.test.drbestzahnpflegeTest" name="verifygebissentwicklung1Link" time="7.328"/>
  <system-out/>
  <testcase classname="com.qa.drbest.ge.test.drbestzahnpflegeTest" name="verifykaimethodeLink" time="7.778"/>
  <system-out/>
  <testcase classname="com.qa.drbest.ge.test.drbestzahnpflegeTest" name="verifykaimethode1Link" time="8.158"/>
  <system-out/>
  <testcase classname="com.qa.drbest.ge.test.drbestzahnpflegeTest" name="verifyMundgerchLink" time="8.421"/>
  <system-out/>
  <testcase classname="com.qa.drbest.ge.test.drbestzahnpflegeTest" name="verifyMundgerch1Link" time="8.240"/>
  <system-out/>
  <testcase classname="com.qa.drbest.ge.test.drbestzahnpflegeTest" name="verifyErnahrungLink" time="7.940"/>
  <system-out/>
  <testcase classname="com.qa.drbest.ge.test.drbestzahnpflegeTest" name="verifyErnahrung1Link" time="9.188"/>
  <system-out/>
  <testcase classname="com.qa.drbest.ge.test.drbestzahnpflegeTest" name="verifyKariesLink" time="8.199"/>
  <system-out/>
  <testcase classname="com.qa.drbest.ge.test.drbestzahnpflegeTest" name="verifyKaries1Link" time="7.817"/>
  <system-out/>
</testsuite> <!-- com.qa.drbest.ge.test.drbestzahnpflegeTest -->
