<?xml version="1.0" encoding="UTF-8"?>
<!-- Generated by org.testng.reporters.JUnitReportReporter -->
<testsuite hostname="WKWZTPqvmdckJHX" failures="0" tests="15" name="com.qa.caltrate.eng.test.CaltrateCalciumAtEveryAgeTest" time="70.474" errors="0" timestamp="2023-05-01T22:31:50 IST" skipped="0">
  <testcase classname="com.qa.caltrate.eng.test.CaltrateCalciumAtEveryAgeTest" name="cookieButton" time="3.345"/>
  <system-out/>
  <testcase classname="com.qa.caltrate.eng.test.CaltrateCalciumAtEveryAgeTest" name="verifyReadArticles" time="4.530"/>
  <system-out/>
  <testcase classname="com.qa.caltrate.eng.test.CaltrateCalciumAtEveryAgeTest" name="verifyProductCard" time="4.631"/>
  <system-out/>
  <testcase classname="com.qa.caltrate.eng.test.CaltrateCalciumAtEveryAgeTest" name="verifyViewBySectionOne" time="5.402"/>
  <system-out/>
  <testcase classname="com.qa.caltrate.eng.test.CaltrateCalciumAtEveryAgeTest" name="verifyViewBySectionTwo" time="4.903"/>
  <system-out/>
  <testcase classname="com.qa.caltrate.eng.test.CaltrateCalciumAtEveryAgeTest" name="verifyViewBySectionThree" time="4.992"/>
  <system-out/>
  <testcase classname="com.qa.caltrate.eng.test.CaltrateCalciumAtEveryAgeTest" name="verifyViewBySectionFour" time="5.677"/>
  <system-out/>
  <testcase classname="com.qa.caltrate.eng.test.CaltrateCalciumAtEveryAgeTest" name="verifyViewByTopicOne" time="4.326"/>
  <system-out/>
  <testcase classname="com.qa.caltrate.eng.test.CaltrateCalciumAtEveryAgeTest" name="verifyViewByTopicTwo" time="4.156"/>
  <system-out/>
  <testcase classname="com.qa.caltrate.eng.test.CaltrateCalciumAtEveryAgeTest" name="verifyViewByTopicThree" time="4.253"/>
  <system-out/>
  <testcase classname="com.qa.caltrate.eng.test.CaltrateCalciumAtEveryAgeTest" name="verifyViewByTopicFour" time="4.009"/>
  <system-out/>
  <testcase classname="com.qa.caltrate.eng.test.CaltrateCalciumAtEveryAgeTest" name="verifyBreadcrumbOne" time="10.346"/>
  <system-out/>
  <testcase classname="com.qa.caltrate.eng.test.CaltrateCalciumAtEveryAgeTest" name="verifyBreadcrumbTwo" time="3.772"/>
  <system-out/>
  <testcase classname="com.qa.caltrate.eng.test.CaltrateCalciumAtEveryAgeTest" name="verifyBreadcrumbThree" time="3.721"/>
  <system-out/>
  <testcase classname="com.qa.caltrate.eng.test.CaltrateCalciumAtEveryAgeTest" name="verifyBreadcrumbFour" time="2.411"/>
  <system-out/>
</testsuite> <!-- com.qa.caltrate.eng.test.CaltrateCalciumAtEveryAgeTest -->
