<?xml version="1.0" encoding="UTF-8"?>
<!-- Generated by org.testng.reporters.JUnitReportReporter -->
<testsuite hostname="WKWZTPqvmdckJHX" failures="0" tests="1" name="com.qa.voltarengel.test.VoltarengelLivingWithArthritisTest" time="18.261" errors="0" timestamp="2023-04-11T12:29:36 IST" skipped="0">
  <testcase classname="com.qa.voltarengel.test.VoltarengelLivingWithArthritisTest" name="verifyReadMoreOne" time="18.261"/>
  <system-out/>
</testsuite> <!-- com.qa.voltarengel.test.VoltarengelLivingWithArthritisTest -->
