<?xml version="1.0" encoding="UTF-8"?>
<!-- Generated by org.testng.reporters.JUnitReportReporter -->
<testsuite hostname="WKWZTPqvmdckJHX" failures="0" tests="2" name="com.qa.sensodyne.en.gb.test.SensodyneEnGbDailyCareGentleWhiteningToothpasteTest" time="31.280" errors="0" timestamp="2023-07-11T14:46:05 IST" skipped="0">
  <testcase classname="com.qa.sensodyne.en.gb.test.SensodyneEnGbDailyCareGentleWhiteningToothpasteTest" name="cookieButton" time="4.371"/>
  <system-out/>
  <testcase classname="com.qa.sensodyne.en.gb.test.SensodyneEnGbDailyCareGentleWhiteningToothpasteTest" name="verifyYoutubeVideo" time="26.909"/>
  <system-out/>
</testsuite> <!-- com.qa.sensodyne.en.gb.test.SensodyneEnGbDailyCareGentleWhiteningToothpasteTest -->
