<?xml version="1.0" encoding="UTF-8"?>
<!-- Generated by org.testng.reporters.JUnitReportReporter -->
<testsuite hostname="WKWZTPqvmdckJHX" failures="0" tests="21" name="com.qa.caltrate.eng.test.CaltratecalciumsupplementproductsMineralMinisTest" time="104.100" errors="0" timestamp="2023-02-09T13:02:41 IST" skipped="0">
  <testcase classname="com.qa.caltrate.eng.test.CaltratecalciumsupplementproductsMineralMinisTest" name="verifyCookieLink" time="3.815"/>
  <system-out/>
  <testcase classname="com.qa.caltrate.eng.test.CaltratecalciumsupplementproductsMineralMinisTest" name="verifyhomebreadcrumbsLink" time="6.430"/>
  <system-out/>
  <testcase classname="com.qa.caltrate.eng.test.CaltratecalciumsupplementproductsMineralMinisTest" name="verifyProductsbreadcrumbsLink" time="9.280"/>
  <system-out/>
  <testcase classname="com.qa.caltrate.eng.test.CaltratecalciumsupplementproductsMineralMinisTest" name="verifyCaltrateplusmineralminisbreadcrumbsLink" time="2.722"/>
  <system-out/>
  <testcase classname="com.qa.caltrate.eng.test.CaltratecalciumsupplementproductsMineralMinisTest" name="verifyBuYnowLink" time="6.221"/>
  <system-out/>
  <testcase classname="com.qa.caltrate.eng.test.CaltratecalciumsupplementproductsMineralMinisTest" name="verifygetcouponsLink" time="3.951"/>
  <system-out/>
  <testcase classname="com.qa.caltrate.eng.test.CaltratecalciumsupplementproductsMineralMinisTest" name="verifyTastingTabletLink" time="4.665"/>
  <system-out/>
  <testcase classname="com.qa.caltrate.eng.test.CaltratecalciumsupplementproductsMineralMinisTest" name="verifyCaltratemineralchewablesLink" time="4.737"/>
  <system-out/>
  <testcase classname="com.qa.caltrate.eng.test.CaltratecalciumsupplementproductsMineralMinisTest" name="verifyCaltratemineralchewables_imgLink" time="4.797"/>
  <system-out/>
  <testcase classname="com.qa.caltrate.eng.test.CaltratecalciumsupplementproductsMineralMinisTest" name="verifyCaltrate600d3Link" time="4.147"/>
  <system-out/>
  <testcase classname="com.qa.caltrate.eng.test.CaltratecalciumsupplementproductsMineralMinisTest" name="verifyCaltrate600d3_imgLink" time="5.436"/>
  <system-out/>
  <testcase classname="com.qa.caltrate.eng.test.CaltratecalciumsupplementproductsMineralMinisTest" name="verifyCalciumgummybitesLink" time="4.089"/>
  <system-out/>
  <testcase classname="com.qa.caltrate.eng.test.CaltratecalciumsupplementproductsMineralMinisTest" name="verifyCalciumgummybites_imgLink" time="5.373"/>
  <system-out/>
  <testcase classname="com.qa.caltrate.eng.test.CaltratecalciumsupplementproductsMineralMinisTest" name="verifyCaltratesoftchewsLink" time="4.170"/>
  <system-out/>
  <testcase classname="com.qa.caltrate.eng.test.CaltratecalciumsupplementproductsMineralMinisTest" name="verifyCaltratesoftchews_imgLink" time="5.953"/>
  <system-out/>
  <testcase classname="com.qa.caltrate.eng.test.CaltratecalciumsupplementproductsMineralMinisTest" name="verifyCaltratesplusMineralsLink" time="4.061"/>
  <system-out/>
  <testcase classname="com.qa.caltrate.eng.test.CaltratecalciumsupplementproductsMineralMinisTest" name="verifyCaltratesplusMinerals_imgLink" time="4.827"/>
  <system-out/>
  <testcase classname="com.qa.caltrate.eng.test.CaltratecalciumsupplementproductsMineralMinisTest" name="verifyViewAllproductsLink" time="4.771"/>
  <system-out/>
  <testcase classname="com.qa.caltrate.eng.test.CaltratecalciumsupplementproductsMineralMinisTest" name="verifyVitaminDLink" time="4.966"/>
  <system-out/>
  <testcase classname="com.qa.caltrate.eng.test.CaltratecalciumsupplementproductsMineralMinisTest" name="verifyVitaminD_imgLink" time="5.007"/>
  <system-out/>
  <testcase classname="com.qa.caltrate.eng.test.CaltratecalciumsupplementproductsMineralMinisTest" name="verifyReadMoreLink" time="4.682"/>
  <system-out/>
</testsuite> <!-- com.qa.caltrate.eng.test.CaltratecalciumsupplementproductsMineralMinisTest -->
