<?xml version="1.0" encoding="UTF-8"?>
<!-- Generated by org.testng.reporters.JUnitReportReporter -->
<testsuite hostname="WKWZTPqvmdckJHX" failures="0" tests="17" name="com.qa.drbest.ge.test.drbestempfindlicheTest" time="173.500" errors="0" timestamp="2023-04-10T02:26:07 IST" skipped="0">
  <testcase classname="com.qa.drbest.ge.test.drbestempfindlicheTest" name="verifydrbestcookiePopupLink" time="44.314"/>
  <system-out/>
  <testcase classname="com.qa.drbest.ge.test.drbestempfindlicheTest" name="verifySlide1Link" time="10.165"/>
  <system-out/>
  <testcase classname="com.qa.drbest.ge.test.drbestempfindlicheTest" name="verifySlide2Link" time="3.255"/>
  <system-out/>
  <testcase classname="com.qa.drbest.ge.test.drbestempfindlicheTest" name="verifySlide3Link" time="3.675"/>
  <system-out/>
  <testcase classname="com.qa.drbest.ge.test.drbestempfindlicheTest" name="verifySlide4Link" time="7.271"/>
  <system-out/>
  <testcase classname="com.qa.drbest.ge.test.drbestempfindlicheTest" name="verifySlide5Link" time="7.993"/>
  <system-out/>
  <testcase classname="com.qa.drbest.ge.test.drbestempfindlicheTest" name="verifyPolimedLink" time="12.790"/>
  <system-out/>
  <testcase classname="com.qa.drbest.ge.test.drbestempfindlicheTest" name="verifyPolimedProductLink" time="8.486"/>
  <system-out/>
  <testcase classname="com.qa.drbest.ge.test.drbestempfindlicheTest" name="verifyPolimedBuyNowLink" time="9.076"/>
  <system-out/>
  <testcase classname="com.qa.drbest.ge.test.drbestempfindlicheTest" name="verifyMultiExpertLink" time="10.912"/>
  <system-out/>
  <testcase classname="com.qa.drbest.ge.test.drbestempfindlicheTest" name="verifyMultiExpertBuyNowLink" time="8.299"/>
  <system-out/>
  <testcase classname="com.qa.drbest.ge.test.drbestempfindlicheTest" name="verifyArticle1Link" time="8.050"/>
  <system-out/>
  <testcase classname="com.qa.drbest.ge.test.drbestempfindlicheTest" name="verifyLink1Link" time="8.079"/>
  <system-out/>
  <testcase classname="com.qa.drbest.ge.test.drbestempfindlicheTest" name="verifyArticle2Link" time="8.119"/>
  <system-out/>
  <testcase classname="com.qa.drbest.ge.test.drbestempfindlicheTest" name="verifyLink2Link" time="7.811"/>
  <system-out/>
  <testcase classname="com.qa.drbest.ge.test.drbestempfindlicheTest" name="verifyArticle3Link" time="7.321"/>
  <system-out/>
  <testcase classname="com.qa.drbest.ge.test.drbestempfindlicheTest" name="verifyLink3Link" time="7.884"/>
  <system-out/>
</testsuite> <!-- com.qa.drbest.ge.test.drbestempfindlicheTest -->
