<?xml version="1.0" encoding="UTF-8"?>
<!-- Generated by org.testng.reporters.JUnitReportReporter -->
<testsuite hostname="WKWZTPqvmdckJHX" failures="0" tests="10" name="com.qa.sensodyne.us.test.SensodyneToothPainCausesTest" time="180.223" errors="0" timestamp="2023-01-24T13:24:33 IST" skipped="0">
  <testcase classname="com.qa.sensodyne.us.test.SensodyneToothPainCausesTest" name="cookieButton" time="7.596"/>
  <system-out/>
  <testcase classname="com.qa.sensodyne.us.test.SensodyneToothPainCausesTest" name="verifySensodyne" time="43.250"/>
  <system-out/>
  <testcase classname="com.qa.sensodyne.us.test.SensodyneToothPainCausesTest" name="verifySensodyneSensitivityAndGum" time="20.882"/>
  <system-out/>
  <testcase classname="com.qa.sensodyne.us.test.SensodyneToothPainCausesTest" name="verifyOralHealth" time="16.858"/>
  <system-out/>
  <testcase classname="com.qa.sensodyne.us.test.SensodyneToothPainCausesTest" name="verifyFaqs" time="16.503"/>
  <system-out/>
  <testcase classname="com.qa.sensodyne.us.test.SensodyneToothPainCausesTest" name="verifyRelatedArticleOne" time="15.285"/>
  <system-out/>
  <testcase classname="com.qa.sensodyne.us.test.SensodyneToothPainCausesTest" name="verifyRelatedArticleTwo" time="16.755"/>
  <system-out/>
  <testcase classname="com.qa.sensodyne.us.test.SensodyneToothPainCausesTest" name="verifyRelatedArticleThree" time="14.714"/>
  <system-out/>
  <testcase classname="com.qa.sensodyne.us.test.SensodyneToothPainCausesTest" name="verifyRelatedArticleFour" time="17.130"/>
  <system-out/>
  <testcase classname="com.qa.sensodyne.us.test.SensodyneToothPainCausesTest" name="verifyBreadCrumb" time="11.250"/>
  <system-out/>
</testsuite> <!-- com.qa.sensodyne.us.test.SensodyneToothPainCausesTest -->
