<?xml version="1.0" encoding="UTF-8"?>
<!-- Generated by org.testng.reporters.JUnitReportReporter -->
<testsuite hostname="WKWZTPqvmdckJHX" failures="1" tests="28" name="com.qa.drbest.ge.test.drbestKinderZahnentwicklungTest" time="272.661" errors="0" timestamp="2023-04-10T02:26:06 IST" skipped="2">
  <testcase classname="com.qa.drbest.ge.test.drbestKinderZahnentwicklungTest" name="verifydrbestcookiePopupLink" time="43.831"/>
  <system-out/>
  <testcase classname="com.qa.drbest.ge.test.drbestKinderZahnentwicklungTest" name="verifySliderText1Link" time="7.779"/>
  <system-out/>
  <testcase classname="com.qa.drbest.ge.test.drbestKinderZahnentwicklungTest" name="verifyTextClick1Link" time="7.610"/>
  <system-out/>
  <testcase classname="com.qa.drbest.ge.test.drbestKinderZahnentwicklungTest" name="verifySliderText3Link" time="7.761"/>
  <system-out/>
  <testcase classname="com.qa.drbest.ge.test.drbestKinderZahnentwicklungTest" name="verifyErsteZahneLink" time="11.851"/>
  <system-out/>
  <testcase classname="com.qa.drbest.ge.test.drbestKinderZahnentwicklungTest" name="verifyErsteZahneProductLink" time="7.600"/>
  <system-out/>
  <testcase classname="com.qa.drbest.ge.test.drbestKinderZahnentwicklungTest" name="verifyErsteZahneBuyNowLink" time="9.373"/>
  <system-out/>
  <testcase classname="com.qa.drbest.ge.test.drbestKinderZahnentwicklungTest" name="verifyMilchzahnLink" time="9.068"/>
  <system-out/>
  <testcase classname="com.qa.drbest.ge.test.drbestKinderZahnentwicklungTest" name="verifyMilchzahnProductLink" time="7.403"/>
  <system-out/>
  <testcase classname="com.qa.drbest.ge.test.drbestKinderZahnentwicklungTest" name="verifyMilchzahnBuYNowLink" time="8.249"/>
  <system-out/>
  <testcase classname="com.qa.drbest.ge.test.drbestKinderZahnentwicklungTest" name="verifyJuniorZahnLink" time="8.323"/>
  <system-out/>
  <testcase classname="com.qa.drbest.ge.test.drbestKinderZahnentwicklungTest" name="verifyJuniorZahnProductLink" time="7.789"/>
  <system-out/>
  <testcase classname="com.qa.drbest.ge.test.drbestKinderZahnentwicklungTest" name="verifyJuniorZahnBuyNowLink" time="8.245"/>
  <system-out/>
  <testcase classname="com.qa.drbest.ge.test.drbestKinderZahnentwicklungTest" name="verifyVibrationJuniorZahnLink" time="12.020"/>
  <system-out/>
  <testcase classname="com.qa.drbest.ge.test.drbestKinderZahnentwicklungTest" name="verifyVibrationJuniorZahnProductLink" time="9.503"/>
  <system-out/>
  <testcase classname="com.qa.drbest.ge.test.drbestKinderZahnentwicklungTest" name="verifyVibrationJuniorZahnBuyNowLink" time="8.014"/>
  <system-out/>
  <testcase classname="com.qa.drbest.ge.test.drbestKinderZahnentwicklungTest" name="verifyCoolkidsLink" time="9.570"/>
  <system-out/>
  <testcase classname="com.qa.drbest.ge.test.drbestKinderZahnentwicklungTest" name="verifyCoolkidsProductLink" time="8.039"/>
  <system-out/>
  <testcase classname="com.qa.drbest.ge.test.drbestKinderZahnentwicklungTest" name="verifyCoolkidsBuyNowLink" time="7.968"/>
  <system-out/>
  <testcase classname="com.qa.drbest.ge.test.drbestKinderZahnentwicklungTest" name="verifyZurWebsiteLink" time="8.181">
    <skipped/>
  </testcase> <!-- verifyZurWebsiteLink -->
  <system-out/>
  <testcase classname="com.qa.drbest.ge.test.drbestKinderZahnentwicklungTest" name="verifyZurWebsiteLink" time="8.481">
    <failure message="expected [https://www.dr-best.de/zahnpflege/kinderzahnentwicklung/] but found [https://haleonstaging1:Health2023@dr-best-de.preprod-cf65.ch.adobecqms.net/zahnpflege/kinderzahnentwicklung/]" type="java.lang.AssertionError">
      <![CDATA[java.lang.AssertionError: expected [https://www.dr-best.de/zahnpflege/kinderzahnentwicklung/] but found [https://haleonstaging1:Health2023@dr-best-de.preprod-cf65.ch.adobecqms.net/zahnpflege/kinderzahnentwicklung/]
at org.testng.Assert.fail(Assert.java:99)
at org.testng.Assert.failNotEquals(Assert.java:1037)
at org.testng.Assert.assertEqualsImpl(Assert.java:140)
at org.testng.Assert.assertEquals(Assert.java:122)
at org.testng.Assert.assertEquals(Assert.java:629)
at org.testng.Assert.assertEquals(Assert.java:639)
at com.qa.baseClass.BaseClass.compareTwoText(BaseClass.java:814)
at com.qa.drbest.ge.test.drbestKinderZahnentwicklungTest.verifyZurWebsiteLink(drbestKinderZahnentwicklungTest.java:260)
at java.base/jdk.internal.reflect.DirectMethodHandleAccessor.invoke(DirectMethodHandleAccessor.java:104)
at java.base/java.lang.reflect.Method.invoke(Method.java:577)
at org.testng.internal.MethodInvocationHelper.invokeMethod(MethodInvocationHelper.java:133)
at org.testng.internal.TestInvoker.invokeMethod(TestInvoker.java:598)
at org.testng.internal.TestInvoker.retryFailed(TestInvoker.java:213)
at org.testng.internal.MethodRunner.runInSequence(MethodRunner.java:58)
at org.testng.internal.TestInvoker$MethodInvocationAgent.invoke(TestInvoker.java:824)
at org.testng.internal.TestInvoker.invokeTestMethods(TestInvoker.java:146)
at org.testng.internal.TestMethodWorker.invokeTestMethods(TestMethodWorker.java:146)
at org.testng.internal.TestMethodWorker.run(TestMethodWorker.java:128)
at java.base/java.util.ArrayList.forEach(ArrayList.java:1511)
at org.testng.TestRunner.privateRun(TestRunner.java:794)
at org.testng.TestRunner.run(TestRunner.java:596)
at org.testng.SuiteRunner.runTest(SuiteRunner.java:377)
at org.testng.SuiteRunner.runSequentially(SuiteRunner.java:371)
at org.testng.SuiteRunner.privateRun(SuiteRunner.java:332)
at org.testng.SuiteRunner.run(SuiteRunner.java:276)
at org.testng.SuiteRunnerWorker.runSuite(SuiteRunnerWorker.java:53)
at org.testng.SuiteRunnerWorker.run(SuiteRunnerWorker.java:96)
at org.testng.TestNG.runSuitesSequentially(TestNG.java:1212)
at org.testng.TestNG.runSuitesLocally(TestNG.java:1134)
at org.testng.TestNG.runSuites(TestNG.java:1063)
at org.testng.TestNG.run(TestNG.java:1031)
at org.testng.remote.AbstractRemoteTestNG.run(AbstractRemoteTestNG.java:115)
at org.testng.remote.RemoteTestNG.initAndRun(RemoteTestNG.java:251)
at org.testng.remote.RemoteTestNG.main(RemoteTestNG.java:77)
]]>
    </failure>
  </testcase> <!-- verifyZurWebsiteLink -->
  <system-out/>
  <testcase classname="com.qa.drbest.ge.test.drbestKinderZahnentwicklungTest" name="verifyZurWebsiteLink" time="8.184">
    <skipped/>
  </testcase> <!-- verifyZurWebsiteLink -->
  <system-out/>
  <testcase classname="com.qa.drbest.ge.test.drbestKinderZahnentwicklungTest" name="verifyArticle1Link" time="7.411"/>
  <system-out/>
  <testcase classname="com.qa.drbest.ge.test.drbestKinderZahnentwicklungTest" name="verifyLink1Link" time="7.199"/>
  <system-out/>
  <testcase classname="com.qa.drbest.ge.test.drbestKinderZahnentwicklungTest" name="verifyArticle2Link" time="8.042"/>
  <system-out/>
  <testcase classname="com.qa.drbest.ge.test.drbestKinderZahnentwicklungTest" name="verifyLink2Link" time="7.564"/>
  <system-out/>
  <testcase classname="com.qa.drbest.ge.test.drbestKinderZahnentwicklungTest" name="verifyArticle3Link" time="10.540"/>
  <system-out/>
  <testcase classname="com.qa.drbest.ge.test.drbestKinderZahnentwicklungTest" name="verifyLink3Link" time="7.063"/>
  <system-out/>
</testsuite> <!-- com.qa.drbest.ge.test.drbestKinderZahnentwicklungTest -->
