<?xml version="1.0" encoding="UTF-8"?>
<!-- Generated by org.testng.reporters.JUnitReportReporter -->
<testsuite hostname="WKWZTPqvmdckJHX" failures="0" tests="52" name="com.qa.sensodyne.ca.test.SensodyneCaFaqTest" time="346.612" errors="0" timestamp="2023-06-02T18:23:04 IST" skipped="0">
  <testcase classname="com.qa.sensodyne.ca.test.SensodyneCaFaqTest" name="verifyBreadcrumbOne" time="7.431"/>
  <system-out/>
  <testcase classname="com.qa.sensodyne.ca.test.SensodyneCaFaqTest" name="verifyBreadcrumbTwo" time="6.281"/>
  <system-out/>
  <testcase classname="com.qa.sensodyne.ca.test.SensodyneCaFaqTest" name="verifyToothSensitivityAccOneHLOne" time="7.238"/>
  <system-out/>
  <testcase classname="com.qa.sensodyne.ca.test.SensodyneCaFaqTest" name="verifyToothSensitivityAccOneHLTwo" time="6.410"/>
  <system-out/>
  <testcase classname="com.qa.sensodyne.ca.test.SensodyneCaFaqTest" name="verifyToothSensitivityAccOneHLThree" time="7.489"/>
  <system-out/>
  <testcase classname="com.qa.sensodyne.ca.test.SensodyneCaFaqTest" name="verifyToothSensitivityAccTwoHLOne" time="6.385"/>
  <system-out/>
  <testcase classname="com.qa.sensodyne.ca.test.SensodyneCaFaqTest" name="verifyToothSensitivityAccTwoHLTwo" time="6.140"/>
  <system-out/>
  <testcase classname="com.qa.sensodyne.ca.test.SensodyneCaFaqTest" name="verifyToothSensitivityAccFiveHLOne" time="6.306"/>
  <system-out/>
  <testcase classname="com.qa.sensodyne.ca.test.SensodyneCaFaqTest" name="verifyToothSensitivityAccSevenHLOne" time="6.267"/>
  <system-out/>
  <testcase classname="com.qa.sensodyne.ca.test.SensodyneCaFaqTest" name="verifyToothSensitivityAccSevenHLTwo" time="6.807"/>
  <system-out/>
  <testcase classname="com.qa.sensodyne.ca.test.SensodyneCaFaqTest" name="verifyToothSensitivityAccEightHLOne" time="6.255"/>
  <system-out/>
  <testcase classname="com.qa.sensodyne.ca.test.SensodyneCaFaqTest" name="verifyHowSensodyneWorksAccOneHLOne" time="6.469"/>
  <system-out/>
  <testcase classname="com.qa.sensodyne.ca.test.SensodyneCaFaqTest" name="verifyHowSensodyneWorksAccOneHLTwo" time="6.407"/>
  <system-out/>
  <testcase classname="com.qa.sensodyne.ca.test.SensodyneCaFaqTest" name="verifyHowSensodyneWorksAccTwoHLOne" time="6.415"/>
  <system-out/>
  <testcase classname="com.qa.sensodyne.ca.test.SensodyneCaFaqTest" name="verifyHowSensodyneWorksAccTwoHLTwo" time="6.220"/>
  <system-out/>
  <testcase classname="com.qa.sensodyne.ca.test.SensodyneCaFaqTest" name="verifyHowSensodyneWorksAccThreeHLOne" time="6.487"/>
  <system-out/>
  <testcase classname="com.qa.sensodyne.ca.test.SensodyneCaFaqTest" name="verifySensodyneIngredientsAccOneHLOne" time="6.254"/>
  <system-out/>
  <testcase classname="com.qa.sensodyne.ca.test.SensodyneCaFaqTest" name="verifySensodyneIngredientsAccTwoHLOne" time="6.191"/>
  <system-out/>
  <testcase classname="com.qa.sensodyne.ca.test.SensodyneCaFaqTest" name="verifySensodyneIngredientsAccThreeHLOne" time="6.198"/>
  <system-out/>
  <testcase classname="com.qa.sensodyne.ca.test.SensodyneCaFaqTest" name="verifySensodyneIngredientsAccThreeHLTwo" time="7.927"/>
  <system-out/>
  <testcase classname="com.qa.sensodyne.ca.test.SensodyneCaFaqTest" name="verifySensodyneIngredientsAccThreeHLThree" time="14.393"/>
  <system-out/>
  <testcase classname="com.qa.sensodyne.ca.test.SensodyneCaFaqTest" name="verifysensodyneIngredientsAccFourHLOne" time="6.438"/>
  <system-out/>
  <testcase classname="com.qa.sensodyne.ca.test.SensodyneCaFaqTest" name="verifysensodyneIngredientsAccFiveHLOne" time="6.703"/>
  <system-out/>
  <testcase classname="com.qa.sensodyne.ca.test.SensodyneCaFaqTest" name="verifySensodyneProductsAccOneHLOne" time="7.198"/>
  <system-out/>
  <testcase classname="com.qa.sensodyne.ca.test.SensodyneCaFaqTest" name="verifySensodyneProductsAccOneHLTwo" time="6.796"/>
  <system-out/>
  <testcase classname="com.qa.sensodyne.ca.test.SensodyneCaFaqTest" name="verifySensodyneProductsAccOneHLThree" time="7.000"/>
  <system-out/>
  <testcase classname="com.qa.sensodyne.ca.test.SensodyneCaFaqTest" name="verifySensodyneProductsAccOneHLFour" time="7.118"/>
  <system-out/>
  <testcase classname="com.qa.sensodyne.ca.test.SensodyneCaFaqTest" name="verifySensodyneProductsAccOneHLFive" time="6.242"/>
  <system-out/>
  <testcase classname="com.qa.sensodyne.ca.test.SensodyneCaFaqTest" name="verifySensodyneProductsAccOneHLSix" time="6.407"/>
  <system-out/>
  <testcase classname="com.qa.sensodyne.ca.test.SensodyneCaFaqTest" name="verifySensodyneProductsAccOneHLSeven" time="6.131"/>
  <system-out/>
  <testcase classname="com.qa.sensodyne.ca.test.SensodyneCaFaqTest" name="verifySensodyneProductsAccOneHLEight" time="6.157"/>
  <system-out/>
  <testcase classname="com.qa.sensodyne.ca.test.SensodyneCaFaqTest" name="verifySensodyneProductsAccOneHLNine" time="6.277"/>
  <system-out/>
  <testcase classname="com.qa.sensodyne.ca.test.SensodyneCaFaqTest" name="verifySensodyneProductsAccOneHLTen" time="6.411"/>
  <system-out/>
  <testcase classname="com.qa.sensodyne.ca.test.SensodyneCaFaqTest" name="verifySensodyneProductsAccOneHLEleven" time="6.232"/>
  <system-out/>
  <testcase classname="com.qa.sensodyne.ca.test.SensodyneCaFaqTest" name="verifySensodyneProductsAccOneHLTweleve" time="6.381"/>
  <system-out/>
  <testcase classname="com.qa.sensodyne.ca.test.SensodyneCaFaqTest" name="verifySensodyneProductsAccOneHLThirteen" time="7.132"/>
  <system-out/>
  <testcase classname="com.qa.sensodyne.ca.test.SensodyneCaFaqTest" name="verifySensodyneProductsAccOneHLFourteen" time="6.165"/>
  <system-out/>
  <testcase classname="com.qa.sensodyne.ca.test.SensodyneCaFaqTest" name="verifySensodyneProductsAccOneHLFifteen" time="6.503"/>
  <system-out/>
  <testcase classname="com.qa.sensodyne.ca.test.SensodyneCaFaqTest" name="verifySensodyneProductsAccOneHLSixteen" time="7.203"/>
  <system-out/>
  <testcase classname="com.qa.sensodyne.ca.test.SensodyneCaFaqTest" name="verifySensodyneProductsAccTwoHLOne" time="6.400"/>
  <system-out/>
  <testcase classname="com.qa.sensodyne.ca.test.SensodyneCaFaqTest" name="verifySensodyneProductsAccThreeHLOne" time="6.295"/>
  <system-out/>
  <testcase classname="com.qa.sensodyne.ca.test.SensodyneCaFaqTest" name="verifySensodyneProductsAccThreeHLTwo" time="6.300"/>
  <system-out/>
  <testcase classname="com.qa.sensodyne.ca.test.SensodyneCaFaqTest" name="verifySensodyneProductsAccFourHLOne" time="6.314"/>
  <system-out/>
  <testcase classname="com.qa.sensodyne.ca.test.SensodyneCaFaqTest" name="verifySensodyneProductsAccSixHLOne" time="6.246"/>
  <system-out/>
  <testcase classname="com.qa.sensodyne.ca.test.SensodyneCaFaqTest" name="verifySensodyneProductsAccSixHLTwo" time="6.321"/>
  <system-out/>
  <testcase classname="com.qa.sensodyne.ca.test.SensodyneCaFaqTest" name="verifySensodyneAndWhiteningAccOneHLOne" time="6.243"/>
  <system-out/>
  <testcase classname="com.qa.sensodyne.ca.test.SensodyneCaFaqTest" name="verifySensodyneAndWhiteningAccOneHLTwo" time="6.439"/>
  <system-out/>
  <testcase classname="com.qa.sensodyne.ca.test.SensodyneCaFaqTest" name="verifySensodyneAndWhiteningAccOneHLThree" time="6.421"/>
  <system-out/>
  <testcase classname="com.qa.sensodyne.ca.test.SensodyneCaFaqTest" name="verifySensodyneAndWhiteningAccOneHLFour" time="6.402"/>
  <system-out/>
  <testcase classname="com.qa.sensodyne.ca.test.SensodyneCaFaqTest" name="verifySensodyneAndWhiteningAccOneHLFive" time="6.146"/>
  <system-out/>
  <testcase classname="com.qa.sensodyne.ca.test.SensodyneCaFaqTest" name="verifySensodyneAndWhiteningAccOneHLSix" time="6.431"/>
  <system-out/>
  <testcase classname="com.qa.sensodyne.ca.test.SensodyneCaFaqTest" name="verifyFindYourToothpaste" time="6.190"/>
  <system-out/>
</testsuite> <!-- com.qa.sensodyne.ca.test.SensodyneCaFaqTest -->
