<?xml version="1.0" encoding="UTF-8"?>
<!-- Generated by org.testng.reporters.JUnitReportReporter -->
<testsuite hostname="WKWZTPqvmdckJHX" failures="0" tests="11" name="com.qa.abreva.test.AbrevaColdWeatherTest" time="139.928" errors="0" timestamp="2023-05-16T23:32:44 IST" skipped="0">
  <testcase classname="com.qa.abreva.test.AbrevaColdWeatherTest" name="cookieButton" time="4.969"/>
  <system-out/>
  <testcase classname="com.qa.abreva.test.AbrevaColdWeatherTest" name="verifyBreadcrumbOne" time="12.732"/>
  <system-out/>
  <testcase classname="com.qa.abreva.test.AbrevaColdWeatherTest" name="verifyHyperLinkColdOrTheFlu" time="26.533"/>
  <system-out/>
  <testcase classname="com.qa.abreva.test.AbrevaColdWeatherTest" name="verifyHyperLinkCatchUpOnSleep" time="10.393"/>
  <system-out/>
  <testcase classname="com.qa.abreva.test.AbrevaColdWeatherTest" name="verifyHyperLinkColdSoreFacts" time="12.012"/>
  <system-out/>
  <testcase classname="com.qa.abreva.test.AbrevaColdWeatherTest" name="verifyHyperLinkLipCareTips" time="13.241"/>
  <system-out/>
  <testcase classname="com.qa.abreva.test.AbrevaColdWeatherTest" name="verifyWholeCardSecOne" time="15.752"/>
  <system-out/>
  <testcase classname="com.qa.abreva.test.AbrevaColdWeatherTest" name="verifyWholeCardSecTwo" time="14.316"/>
  <system-out/>
  <testcase classname="com.qa.abreva.test.AbrevaColdWeatherTest" name="verifyWholeCardSecThree" time="11.214"/>
  <system-out/>
  <testcase classname="com.qa.abreva.test.AbrevaColdWeatherTest" name="verifyReadOurLipCareTips" time="11.670"/>
  <system-out/>
  <testcase classname="com.qa.abreva.test.AbrevaColdWeatherTest" name="verifyBuyNow" time="7.096"/>
  <system-out/>
</testsuite> <!-- com.qa.abreva.test.AbrevaColdWeatherTest -->
