<?xml version="1.0" encoding="UTF-8"?>
<!-- Generated by org.testng.reporters.JUnitReportReporter -->
<testsuite hostname="WKWZTPqvmdckJHX" failures="0" tests="15" name="com.qa.flonase.test.FlonasePrepareForAllergySeasonTest" time="143.348" errors="0" timestamp="2023-09-26T14:40:16 IST" skipped="0">
  <testcase classname="com.qa.flonase.test.FlonasePrepareForAllergySeasonTest" name="cookieButton" time="4.488"/>
  <system-out/>
  <testcase classname="com.qa.flonase.test.FlonasePrepareForAllergySeasonTest" name="verifyHyperLinkOne" time="7.423"/>
  <system-out/>
  <testcase classname="com.qa.flonase.test.FlonasePrepareForAllergySeasonTest" name="verifyHyperLinkTwo" time="6.895"/>
  <system-out/>
  <testcase classname="com.qa.flonase.test.FlonasePrepareForAllergySeasonTest" name="verifyHyperLinkThree" time="8.474"/>
  <system-out/>
  <testcase classname="com.qa.flonase.test.FlonasePrepareForAllergySeasonTest" name="verifyHyperLinkFour" time="9.940"/>
  <system-out/>
  <testcase classname="com.qa.flonase.test.FlonasePrepareForAllergySeasonTest" name="verifyHyperLinkFive" time="7.193"/>
  <system-out/>
  <testcase classname="com.qa.flonase.test.FlonasePrepareForAllergySeasonTest" name="verifyHyperLinkSix" time="6.971"/>
  <system-out/>
  <testcase classname="com.qa.flonase.test.FlonasePrepareForAllergySeasonTest" name="verifyHyperLinkSeven" time="8.516"/>
  <system-out/>
  <testcase classname="com.qa.flonase.test.FlonasePrepareForAllergySeasonTest" name="verifyHyperLinkEight" time="13.792"/>
  <system-out/>
  <testcase classname="com.qa.flonase.test.FlonasePrepareForAllergySeasonTest" name="verifyHyperLinkNine" time="8.138"/>
  <system-out/>
  <testcase classname="com.qa.flonase.test.FlonasePrepareForAllergySeasonTest" name="verifyHyperLinkTen" time="7.969"/>
  <system-out/>
  <testcase classname="com.qa.flonase.test.FlonasePrepareForAllergySeasonTest" name="verifyHyperLinkEleven" time="15.819"/>
  <system-out/>
  <testcase classname="com.qa.flonase.test.FlonasePrepareForAllergySeasonTest" name="verifyHyperLinkTweleve" time="6.927"/>
  <system-out/>
  <testcase classname="com.qa.flonase.test.FlonasePrepareForAllergySeasonTest" name="verifyHyperLinkThirteen" time="12.693"/>
  <system-out/>
  <testcase classname="com.qa.flonase.test.FlonasePrepareForAllergySeasonTest" name="verifyBtnBuyNow" time="18.110"/>
  <system-out/>
</testsuite> <!-- com.qa.flonase.test.FlonasePrepareForAllergySeasonTest -->
