<?xml version="1.0" encoding="UTF-8"?>
<!-- Generated by org.testng.reporters.JUnitReportReporter -->
<testsuite hostname="WKWZTPqvmdckJHX" failures="0" tests="13" name="com.qa.centrum.eng.test.CentrumSampleHealthyHomemadeTest" time="168.429" errors="0" timestamp="2023-02-02T11:41:19 IST" skipped="0">
  <testcase classname="com.qa.centrum.eng.test.CentrumSampleHealthyHomemadeTest" name="cookieButton" time="7.400"/>
  <system-out/>
  <testcase classname="com.qa.centrum.eng.test.CentrumSampleHealthyHomemadeTest" name="verifySweetPotatoesLinkOne" time="15.028"/>
  <system-out/>
  <testcase classname="com.qa.centrum.eng.test.CentrumSampleHealthyHomemadeTest" name="verifySweetPotatoesLinkTwo" time="11.373"/>
  <system-out/>
  <testcase classname="com.qa.centrum.eng.test.CentrumSampleHealthyHomemadeTest" name="verifySweetPotatoesLinkThree" time="11.053"/>
  <system-out/>
  <testcase classname="com.qa.centrum.eng.test.CentrumSampleHealthyHomemadeTest" name="verifyArticleOne" time="10.924"/>
  <system-out/>
  <testcase classname="com.qa.centrum.eng.test.CentrumSampleHealthyHomemadeTest" name="verifyArticleTwo" time="12.314"/>
  <system-out/>
  <testcase classname="com.qa.centrum.eng.test.CentrumSampleHealthyHomemadeTest" name="verifyArticleThree" time="21.449"/>
  <system-out/>
  <testcase classname="com.qa.centrum.eng.test.CentrumSampleHealthyHomemadeTest" name="verifyArticleFour" time="11.170"/>
  <system-out/>
  <testcase classname="com.qa.centrum.eng.test.CentrumSampleHealthyHomemadeTest" name="verifyBreadcrumbOne" time="18.121"/>
  <system-out/>
  <testcase classname="com.qa.centrum.eng.test.CentrumSampleHealthyHomemadeTest" name="verifyBreadcrumbTwo" time="13.450"/>
  <system-out/>
  <testcase classname="com.qa.centrum.eng.test.CentrumSampleHealthyHomemadeTest" name="verifyBreadcrumbThree" time="12.350"/>
  <system-out/>
  <testcase classname="com.qa.centrum.eng.test.CentrumSampleHealthyHomemadeTest" name="verifyBreadcrumbFour" time="11.968"/>
  <system-out/>
  <testcase classname="com.qa.centrum.eng.test.CentrumSampleHealthyHomemadeTest" name="verifyBreadcrumbFive" time="11.829"/>
  <system-out/>
</testsuite> <!-- com.qa.centrum.eng.test.CentrumSampleHealthyHomemadeTest -->
