<?xml version="1.0" encoding="UTF-8"?>
<!-- Generated by org.testng.reporters.JUnitReportReporter -->
<testsuite hostname="WKWZTPqvmdckJHX" failures="0" tests="23" name="com.qa.drbest.ge.test.drbesteranehrungunTest" time="239.703" errors="0" timestamp="2023-04-10T02:26:07 IST" skipped="0">
  <testcase classname="com.qa.drbest.ge.test.drbesteranehrungunTest" name="verifydrbestcookiePopupLink" time="43.191"/>
  <system-out/>
  <testcase classname="com.qa.drbest.ge.test.drbesteranehrungunTest" name="verifydrbestSlide1Link" time="7.084"/>
  <system-out/>
  <testcase classname="com.qa.drbest.ge.test.drbesteranehrungunTest" name="verifydrbestSlide2Link" time="7.191"/>
  <system-out/>
  <testcase classname="com.qa.drbest.ge.test.drbesteranehrungunTest" name="verifydrbestSlide3Link" time="8.234"/>
  <system-out/>
  <testcase classname="com.qa.drbest.ge.test.drbesteranehrungunTest" name="verifydrbestSlide4Link" time="8.286"/>
  <system-out/>
  <testcase classname="com.qa.drbest.ge.test.drbesteranehrungunTest" name="verifydrbestSlide5Link" time="11.293"/>
  <system-out/>
  <testcase classname="com.qa.drbest.ge.test.drbesteranehrungunTest" name="verifydrbestSlide6Link" time="8.035"/>
  <system-out/>
  <testcase classname="com.qa.drbest.ge.test.drbesteranehrungunTest" name="verifydrbestSlide7Link" time="6.807"/>
  <system-out/>
  <testcase classname="com.qa.drbest.ge.test.drbesteranehrungunTest" name="verifydrbestSlide8Link" time="6.839"/>
  <system-out/>
  <testcase classname="com.qa.drbest.ge.test.drbesteranehrungunTest" name="verifyVibrationPolimedLink" time="9.295"/>
  <system-out/>
  <testcase classname="com.qa.drbest.ge.test.drbesteranehrungunTest" name="verifyVibrationPolimedProductLink" time="8.194"/>
  <system-out/>
  <testcase classname="com.qa.drbest.ge.test.drbesteranehrungunTest" name="verifyVibrationPolimedBuyNowLink" time="8.488"/>
  <system-out/>
  <testcase classname="com.qa.drbest.ge.test.drbesteranehrungunTest" name="verifyAtemfrischLink" time="23.547"/>
  <system-out/>
  <testcase classname="com.qa.drbest.ge.test.drbesteranehrungunTest" name="verifyAtemfrischProductLink" time="8.109"/>
  <system-out/>
  <testcase classname="com.qa.drbest.ge.test.drbesteranehrungunTest" name="verifyAtemfrischBuyNowLink" time="7.931"/>
  <system-out/>
  <testcase classname="com.qa.drbest.ge.test.drbesteranehrungunTest" name="verifyMultiExpertLink" time="9.266"/>
  <system-out/>
  <testcase classname="com.qa.drbest.ge.test.drbesteranehrungunTest" name="verifyMultiExpertBuyNowLink" time="9.324"/>
  <system-out/>
  <testcase classname="com.qa.drbest.ge.test.drbesteranehrungunTest" name="verifyArticle1Link" time="8.860"/>
  <system-out/>
  <testcase classname="com.qa.drbest.ge.test.drbesteranehrungunTest" name="verifyRelatedLink1Link" time="8.009"/>
  <system-out/>
  <testcase classname="com.qa.drbest.ge.test.drbesteranehrungunTest" name="verifyArticle2Link" time="7.590"/>
  <system-out/>
  <testcase classname="com.qa.drbest.ge.test.drbesteranehrungunTest" name="verifyRelatedLink2Link" time="8.661"/>
  <system-out/>
  <testcase classname="com.qa.drbest.ge.test.drbesteranehrungunTest" name="verifyArticle3Link" time="7.813"/>
  <system-out/>
  <testcase classname="com.qa.drbest.ge.test.drbesteranehrungunTest" name="verifyRelatedLink3Link" time="7.656"/>
  <system-out/>
</testsuite> <!-- com.qa.drbest.ge.test.drbesteranehrungunTest -->
