<?xml version="1.0" encoding="UTF-8"?>
<!-- Generated by org.testng.reporters.JUnitReportReporter -->
<testsuite hostname="WKWZTPqvmdckJHX" failures="0" tests="6" name="com.qa.caltrate.eng.test.CaltrateHeaderTest" time="45.902" errors="0" timestamp="2023-02-09T13:02:41 IST" skipped="0">
  <testcase classname="com.qa.caltrate.eng.test.CaltrateHeaderTest" name="verifyCookieLink" time="3.630"/>
  <system-out/>
  <testcase classname="com.qa.caltrate.eng.test.CaltrateHeaderTest" name="verifyCouponsLink" time="5.202"/>
  <system-out/>
  <testcase classname="com.qa.caltrate.eng.test.CaltrateHeaderTest" name="verifyWheretoBuyLink" time="6.547"/>
  <system-out/>
  <testcase classname="com.qa.caltrate.eng.test.CaltrateHeaderTest" name="verifyCaltrateLogoLink" time="20.225"/>
  <system-out/>
  <testcase classname="com.qa.caltrate.eng.test.CaltrateHeaderTest" name="verifyCaltrateUSALink" time="2.717"/>
  <system-out/>
  <testcase classname="com.qa.caltrate.eng.test.CaltrateHeaderTest" name="verifyCaltrateSearchIconLink" time="7.581"/>
  <system-out/>
</testsuite> <!-- com.qa.caltrate.eng.test.CaltrateHeaderTest -->
