<?xml version="1.0" encoding="UTF-8"?>
<!-- Generated by org.testng.reporters.JUnitReportReporter -->
<testsuite hostname="WKWZTPqvmdckJHX" failures="0" tests="8" name="com.qa.voltarengel.test.VoltarengelWhatIsLidocaineTest" time="148.457" errors="0" timestamp="2023-04-23T23:50:50 IST" skipped="1">
  <testcase classname="com.qa.voltarengel.test.VoltarengelWhatIsLidocaineTest" name="cookieButton" time="87.584"/>
  <system-out/>
  <testcase classname="com.qa.voltarengel.test.VoltarengelWhatIsLidocaineTest" name="verifyOverTheCounterDiclofenacGel" time="13.804">
    <skipped/>
  </testcase> <!-- verifyOverTheCounterDiclofenacGel -->
  <system-out/>
  <testcase classname="com.qa.voltarengel.test.VoltarengelWhatIsLidocaineTest" name="verifyHowOTCArthritisCreamsWork" time="5.737"/>
  <system-out/>
  <testcase classname="com.qa.voltarengel.test.VoltarengelWhatIsLidocaineTest" name="verifyManageTheirPainTopically" time="5.039"/>
  <system-out/>
  <testcase classname="com.qa.voltarengel.test.VoltarengelWhatIsLidocaineTest" name="verifyGetCoupon" time="7.437"/>
  <system-out/>
  <testcase classname="com.qa.voltarengel.test.VoltarengelWhatIsLidocaineTest" name="verifyOverTheCounterDiclofenacGel" time="11.914"/>
  <system-out/>
  <testcase classname="com.qa.voltarengel.test.VoltarengelWhatIsLidocaineTest" name="verifyShowReference" time="6.826"/>
  <system-out/>
  <testcase classname="com.qa.voltarengel.test.VoltarengelWhatIsLidocaineTest" name="verifyBuyNow" time="10.116"/>
  <system-out/>
</testsuite> <!-- com.qa.voltarengel.test.VoltarengelWhatIsLidocaineTest -->
