<?xml version="1.0" encoding="UTF-8"?>
<!-- Generated by org.testng.reporters.JUnitReportReporter -->
<testsuite hostname="WKWZTPqvmdckJHX" failures="0" tests="12" name="com.qa.sensodyne.us.test.SensodyneImproveGumHealthTest" time="228.811" errors="0" timestamp="2023-01-24T13:30:19 IST" skipped="0">
  <testcase classname="com.qa.sensodyne.us.test.SensodyneImproveGumHealthTest" name="cookieButton" time="8.631"/>
  <system-out/>
  <testcase classname="com.qa.sensodyne.us.test.SensodyneImproveGumHealthTest" name="verifyPlaqueLink" time="29.772"/>
  <system-out/>
  <testcase classname="com.qa.sensodyne.us.test.SensodyneImproveGumHealthTest" name="verifyGingivitisLink" time="18.192"/>
  <system-out/>
  <testcase classname="com.qa.sensodyne.us.test.SensodyneImproveGumHealthTest" name="verifyToothSensitivity" time="17.755"/>
  <system-out/>
  <testcase classname="com.qa.sensodyne.us.test.SensodyneImproveGumHealthTest" name="verifyDailyOralHygiene" time="19.846"/>
  <system-out/>
  <testcase classname="com.qa.sensodyne.us.test.SensodyneImproveGumHealthTest" name="verifyToothSensitivityTwo" time="16.743"/>
  <system-out/>
  <testcase classname="com.qa.sensodyne.us.test.SensodyneImproveGumHealthTest" name="verifySensodyneSensitivityGum" time="19.207"/>
  <system-out/>
  <testcase classname="com.qa.sensodyne.us.test.SensodyneImproveGumHealthTest" name="verifyTwoBenefits" time="16.548"/>
  <system-out/>
  <testcase classname="com.qa.sensodyne.us.test.SensodyneImproveGumHealthTest" name="verifyRelatedArticleOne" time="17.378"/>
  <system-out/>
  <testcase classname="com.qa.sensodyne.us.test.SensodyneImproveGumHealthTest" name="verifyRelatedArticleTwo" time="17.698"/>
  <system-out/>
  <testcase classname="com.qa.sensodyne.us.test.SensodyneImproveGumHealthTest" name="verifyRelatedArticleThree" time="17.632"/>
  <system-out/>
  <testcase classname="com.qa.sensodyne.us.test.SensodyneImproveGumHealthTest" name="verifyRelatedArticleFour" time="29.409"/>
  <system-out/>
</testsuite> <!-- com.qa.sensodyne.us.test.SensodyneImproveGumHealthTest -->
