<?xml version="1.0" encoding="UTF-8"?>
<!-- Generated by org.testng.reporters.JUnitReportReporter -->
<testsuite hostname="WKWZTPqvmdckJHX" failures="0" tests="9" name="com.qa.abreva.test.AbrevaColdSoresAndStressTest" time="104.599" errors="0" timestamp="2023-05-16T23:32:44 IST" skipped="0">
  <testcase classname="com.qa.abreva.test.AbrevaColdSoresAndStressTest" name="cookieButton" time="16.784"/>
  <system-out/>
  <testcase classname="com.qa.abreva.test.AbrevaColdSoresAndStressTest" name="verifyHyperLinkManyThingsThatCanTriggerColdSores" time="10.202"/>
  <system-out/>
  <testcase classname="com.qa.abreva.test.AbrevaColdSoresAndStressTest" name="verifyHyperLinkColdWeather" time="8.868"/>
  <system-out/>
  <testcase classname="com.qa.abreva.test.AbrevaColdSoresAndStressTest" name="verifyHyperLinkColdSoreSymptoms" time="12.474"/>
  <system-out/>
  <testcase classname="com.qa.abreva.test.AbrevaColdSoresAndStressTest" name="verifyHyperLinkSleep" time="11.744"/>
  <system-out/>
  <testcase classname="com.qa.abreva.test.AbrevaColdSoresAndStressTest" name="verifyHyperLinkExercise" time="13.270"/>
  <system-out/>
  <testcase classname="com.qa.abreva.test.AbrevaColdSoresAndStressTest" name="verifyHyperLinkLipHealth" time="10.949"/>
  <system-out/>
  <testcase classname="com.qa.abreva.test.AbrevaColdSoresAndStressTest" name="verifyReadOurLipCareTips" time="9.329"/>
  <system-out/>
  <testcase classname="com.qa.abreva.test.AbrevaColdSoresAndStressTest" name="verifyBuyNow" time="10.979"/>
  <system-out/>
</testsuite> <!-- com.qa.abreva.test.AbrevaColdSoresAndStressTest -->
