<?xml version="1.0" encoding="UTF-8"?>
<!-- Generated by org.testng.reporters.JUnitReportReporter -->
<testsuite hostname="WKWZTPqvmdckJHX" failures="0" tests="1" name="com.qa.flonase.test.FlonaseSpringAllergiesCausesSymptomsTreatmentTest" time="18.988" errors="0" timestamp="2023-10-18T11:13:30 IST" skipped="0">
  <testcase classname="com.qa.flonase.test.FlonaseSpringAllergiesCausesSymptomsTreatmentTest" name="cookieButton" time="18.988"/>
  <system-out/>
</testsuite> <!-- com.qa.flonase.test.FlonaseSpringAllergiesCausesSymptomsTreatmentTest -->
