<?xml version="1.0" encoding="UTF-8"?>
<!-- Generated by org.testng.reporters.JUnitReportReporter -->
<testsuite hostname="WKWZTPqvmdckJHX" failures="15" tests="15" name="com.qa.bens.checklist.test.CheckListTPITest" time="21.603" errors="0" timestamp="2023-05-24T14:20:29 IST" skipped="0">
  <testcase classname="com.qa.bens.checklist.test.CheckListTPITest" name="findingTPI" time="1.476">
    <failure message="The following asserts failed:
	Viewsource not Contains PriceSpiderhttps://haleonstaging1:Health2023@sensodyne-v3-fr.preprod-cf65.ch.adobecqms.net/ expected [true] but found [false],
	Viewsource not Contains gigyahttps://haleonstaging1:Health2023@sensodyne-v3-fr.preprod-cf65.ch.adobecqms.net/ expected [true] but found [false],
	Viewsource not Contains BazaarVoicehttps://haleonstaging1:Health2023@sensodyne-v3-fr.preprod-cf65.ch.adobecqms.net/ expected [true] but found [false],
	Viewsource not Contains Revtaxhttps://haleonstaging1:Health2023@sensodyne-v3-fr.preprod-cf65.ch.adobecqms.net/ expected [true] but found [false],
	Viewsource not Contains shoppablehttps://haleonstaging1:Health2023@sensodyne-v3-fr.preprod-cf65.ch.adobecqms.net/ expected [true] but found [false],
	Viewsource not Contains jebbithttps://haleonstaging1:Health2023@sensodyne-v3-fr.preprod-cf65.ch.adobecqms.net/ expected [true] but found [false],
	Viewsource not Contains PriceSpiderhttps://haleonstaging1:Health2023@sensodyne-v3-fr.preprod-cf65.ch.adobecqms.net/contact/ expected [true] but found [false],
	Viewsource not Contains gigyahttps://haleonstaging1:Health2023@sensodyne-v3-fr.preprod-cf65.ch.adobecqms.net/contact/ expected [true] but found [false],
	Viewsource not Contains BazaarVoicehttps://haleonstaging1:Health2023@sensodyne-v3-fr.preprod-cf65.ch.adobecqms.net/contact/ expected [true] but found [false],
	Viewsource not Contains Revtaxhttps://haleonstaging1:Health2023@sensodyne-v3-fr.preprod-cf65.ch.adobecqms.net/contact/ expected [true] but found [false],
	Viewsource not Contains shoppablehttps://haleonstaging1:Health2023@sensodyne-v3-fr.preprod-cf65.ch.adobecqms.net/contact/ expected [true] but found [false],
	Viewsource not Contains jebbithttps://haleonstaging1:Health2023@sensodyne-v3-fr.preprod-cf65.ch.adobecqms.net/contact/ expected [true] but found [false],
	Viewsource not Contains PriceSpiderhttps://haleonstaging1:Health2023@sensodyne-v3-fr.preprod-cf65.ch.adobecqms.net/produits/ expected [true] but found [false],
	Viewsource not Contains gigyahttps://haleonstaging1:Health2023@sensodyne-v3-fr.preprod-cf65.ch.adobecqms.net/produits/ expected [true] but found [false],
	Viewsource not Contains BazaarVoicehttps://haleonstaging1:Health2023@sensodyne-v3-fr.preprod-cf65.ch.adobecqms.net/produits/ expected [true] but found [false],
	Viewsource not Contains Revtaxhttps://haleonstaging1:Health2023@sensodyne-v3-fr.preprod-cf65.ch.adobecqms.net/produits/ expected [true] but found [false],
	Viewsource not Contains shoppablehttps://haleonstaging1:Health2023@sensodyne-v3-fr.preprod-cf65.ch.adobecqms.net/produits/ expected [true] but found [false],
	Viewsource not Contains jebbithttps://haleonstaging1:Health2023@sensodyne-v3-fr.preprod-cf65.ch.adobecqms.net/produits/ expected [true] but found [false]" type="java.lang.AssertionError">
      <![CDATA[java.lang.AssertionError: The following asserts failed:
Viewsource not Contains PriceSpiderhttps://haleonstaging1:Health2023@sensodyne-v3-fr.preprod-cf65.ch.adobecqms.net/ expected [true] but found [false],
Viewsource not Contains gigyahttps://haleonstaging1:Health2023@sensodyne-v3-fr.preprod-cf65.ch.adobecqms.net/ expected [true] but found [false],
Viewsource not Contains BazaarVoicehttps://haleonstaging1:Health2023@sensodyne-v3-fr.preprod-cf65.ch.adobecqms.net/ expected [true] but found [false],
Viewsource not Contains Revtaxhttps://haleonstaging1:Health2023@sensodyne-v3-fr.preprod-cf65.ch.adobecqms.net/ expected [true] but found [false],
Viewsource not Contains shoppablehttps://haleonstaging1:Health2023@sensodyne-v3-fr.preprod-cf65.ch.adobecqms.net/ expected [true] but found [false],
Viewsource not Contains jebbithttps://haleonstaging1:Health2023@sensodyne-v3-fr.preprod-cf65.ch.adobecqms.net/ expected [true] but found [false],
Viewsource not Contains PriceSpiderhttps://haleonstaging1:Health2023@sensodyne-v3-fr.preprod-cf65.ch.adobecqms.net/contact/ expected [true] but found [false],
Viewsource not Contains gigyahttps://haleonstaging1:Health2023@sensodyne-v3-fr.preprod-cf65.ch.adobecqms.net/contact/ expected [true] but found [false],
Viewsource not Contains BazaarVoicehttps://haleonstaging1:Health2023@sensodyne-v3-fr.preprod-cf65.ch.adobecqms.net/contact/ expected [true] but found [false],
Viewsource not Contains Revtaxhttps://haleonstaging1:Health2023@sensodyne-v3-fr.preprod-cf65.ch.adobecqms.net/contact/ expected [true] but found [false],
Viewsource not Contains shoppablehttps://haleonstaging1:Health2023@sensodyne-v3-fr.preprod-cf65.ch.adobecqms.net/contact/ expected [true] but found [false],
Viewsource not Contains jebbithttps://haleonstaging1:Health2023@sensodyne-v3-fr.preprod-cf65.ch.adobecqms.net/contact/ expected [true] but found [false],
Viewsource not Contains PriceSpiderhttps://haleonstaging1:Health2023@sensodyne-v3-fr.preprod-cf65.ch.adobecqms.net/produits/ expected [true] but found [false],
Viewsource not Contains gigyahttps://haleonstaging1:Health2023@sensodyne-v3-fr.preprod-cf65.ch.adobecqms.net/produits/ expected [true] but found [false],
Viewsource not Contains BazaarVoicehttps://haleonstaging1:Health2023@sensodyne-v3-fr.preprod-cf65.ch.adobecqms.net/produits/ expected [true] but found [false],
Viewsource not Contains Revtaxhttps://haleonstaging1:Health2023@sensodyne-v3-fr.preprod-cf65.ch.adobecqms.net/produits/ expected [true] but found [false],
Viewsource not Contains shoppablehttps://haleonstaging1:Health2023@sensodyne-v3-fr.preprod-cf65.ch.adobecqms.net/produits/ expected [true] but found [false],
Viewsource not Contains jebbithttps://haleonstaging1:Health2023@sensodyne-v3-fr.preprod-cf65.ch.adobecqms.net/produits/ expected [true] but found [false]
at org.testng.asserts.SoftAssert.assertAll(SoftAssert.java:47)
at org.testng.asserts.SoftAssert.assertAll(SoftAssert.java:31)
at com.qa.bens.checklist.page.CheckListTPIPage.verifyTPI(CheckListTPIPage.java:98)
at com.qa.bens.checklist.test.CheckListTPITest.findingTPI(CheckListTPITest.java:22)
at java.base/jdk.internal.reflect.DirectMethodHandleAccessor.invoke(DirectMethodHandleAccessor.java:104)
at java.base/java.lang.reflect.Method.invoke(Method.java:577)
at org.testng.internal.MethodInvocationHelper.invokeMethod(MethodInvocationHelper.java:133)
at org.testng.internal.TestInvoker.invokeMethod(TestInvoker.java:598)
at org.testng.internal.TestInvoker.invokeTestMethod(TestInvoker.java:173)
at org.testng.internal.MethodRunner.runInSequence(MethodRunner.java:46)
at org.testng.internal.TestInvoker$MethodInvocationAgent.invoke(TestInvoker.java:824)
at org.testng.internal.TestInvoker.invokeTestMethods(TestInvoker.java:146)
at org.testng.internal.TestMethodWorker.invokeTestMethods(TestMethodWorker.java:146)
at org.testng.internal.TestMethodWorker.run(TestMethodWorker.java:128)
at java.base/java.util.ArrayList.forEach(ArrayList.java:1511)
at org.testng.TestRunner.privateRun(TestRunner.java:794)
at org.testng.TestRunner.run(TestRunner.java:596)
at org.testng.SuiteRunner.runTest(SuiteRunner.java:377)
at org.testng.SuiteRunner.runSequentially(SuiteRunner.java:371)
at org.testng.SuiteRunner.privateRun(SuiteRunner.java:332)
at org.testng.SuiteRunner.run(SuiteRunner.java:276)
at org.testng.SuiteRunnerWorker.runSuite(SuiteRunnerWorker.java:53)
at org.testng.SuiteRunnerWorker.run(SuiteRunnerWorker.java:96)
at org.testng.TestNG.runSuitesSequentially(TestNG.java:1212)
at org.testng.TestNG.runSuitesLocally(TestNG.java:1134)
at org.testng.TestNG.runSuites(TestNG.java:1063)
at org.testng.TestNG.run(TestNG.java:1031)
at org.testng.remote.AbstractRemoteTestNG.run(AbstractRemoteTestNG.java:115)
at org.testng.remote.RemoteTestNG.initAndRun(RemoteTestNG.java:251)
at org.testng.remote.RemoteTestNG.main(RemoteTestNG.java:77)
]]>
    </failure>
  </testcase> <!-- findingTPI -->
  <system-out/>
  <testcase classname="com.qa.bens.checklist.test.CheckListTPITest" name="findingTPI" time="1.222">
    <failure message="The following asserts failed:
	Viewsource not Contains PriceSpiderhttps://haleonstaging1:Health2023@sensodyne-v3-fr.preprod-cf65.ch.adobecqms.net/ expected [true] but found [false],
	Viewsource not Contains gigyahttps://haleonstaging1:Health2023@sensodyne-v3-fr.preprod-cf65.ch.adobecqms.net/ expected [true] but found [false],
	Viewsource not Contains BazaarVoicehttps://haleonstaging1:Health2023@sensodyne-v3-fr.preprod-cf65.ch.adobecqms.net/ expected [true] but found [false],
	Viewsource not Contains Revtaxhttps://haleonstaging1:Health2023@sensodyne-v3-fr.preprod-cf65.ch.adobecqms.net/ expected [true] but found [false],
	Viewsource not Contains shoppablehttps://haleonstaging1:Health2023@sensodyne-v3-fr.preprod-cf65.ch.adobecqms.net/ expected [true] but found [false],
	Viewsource not Contains jebbithttps://haleonstaging1:Health2023@sensodyne-v3-fr.preprod-cf65.ch.adobecqms.net/ expected [true] but found [false],
	Viewsource not Contains PriceSpiderhttps://haleonstaging1:Health2023@sensodyne-v3-fr.preprod-cf65.ch.adobecqms.net/contact/ expected [true] but found [false],
	Viewsource not Contains gigyahttps://haleonstaging1:Health2023@sensodyne-v3-fr.preprod-cf65.ch.adobecqms.net/contact/ expected [true] but found [false],
	Viewsource not Contains BazaarVoicehttps://haleonstaging1:Health2023@sensodyne-v3-fr.preprod-cf65.ch.adobecqms.net/contact/ expected [true] but found [false],
	Viewsource not Contains Revtaxhttps://haleonstaging1:Health2023@sensodyne-v3-fr.preprod-cf65.ch.adobecqms.net/contact/ expected [true] but found [false],
	Viewsource not Contains shoppablehttps://haleonstaging1:Health2023@sensodyne-v3-fr.preprod-cf65.ch.adobecqms.net/contact/ expected [true] but found [false],
	Viewsource not Contains jebbithttps://haleonstaging1:Health2023@sensodyne-v3-fr.preprod-cf65.ch.adobecqms.net/contact/ expected [true] but found [false],
	Viewsource not Contains PriceSpiderhttps://haleonstaging1:Health2023@sensodyne-v3-fr.preprod-cf65.ch.adobecqms.net/produits/ expected [true] but found [false],
	Viewsource not Contains gigyahttps://haleonstaging1:Health2023@sensodyne-v3-fr.preprod-cf65.ch.adobecqms.net/produits/ expected [true] but found [false],
	Viewsource not Contains BazaarVoicehttps://haleonstaging1:Health2023@sensodyne-v3-fr.preprod-cf65.ch.adobecqms.net/produits/ expected [true] but found [false],
	Viewsource not Contains Revtaxhttps://haleonstaging1:Health2023@sensodyne-v3-fr.preprod-cf65.ch.adobecqms.net/produits/ expected [true] but found [false],
	Viewsource not Contains shoppablehttps://haleonstaging1:Health2023@sensodyne-v3-fr.preprod-cf65.ch.adobecqms.net/produits/ expected [true] but found [false],
	Viewsource not Contains jebbithttps://haleonstaging1:Health2023@sensodyne-v3-fr.preprod-cf65.ch.adobecqms.net/produits/ expected [true] but found [false],
	Viewsource not Contains PriceSpiderhttps://haleonstaging1:Health2023@sensodyne-v3-fr.preprod-cf65.ch.adobecqms.net/produits/dentifrice/sensibilite-et-gencives-menthe-douce expected [true] but found [false],
	Viewsource not Contains gigyahttps://haleonstaging1:Health2023@sensodyne-v3-fr.preprod-cf65.ch.adobecqms.net/produits/dentifrice/sensibilite-et-gencives-menthe-douce expected [true] but found [false],
	Viewsource not Contains BazaarVoicehttps://haleonstaging1:Health2023@sensodyne-v3-fr.preprod-cf65.ch.adobecqms.net/produits/dentifrice/sensibilite-et-gencives-menthe-douce expected [true] but found [false],
	Viewsource not Contains Revtaxhttps://haleonstaging1:Health2023@sensodyne-v3-fr.preprod-cf65.ch.adobecqms.net/produits/dentifrice/sensibilite-et-gencives-menthe-douce expected [true] but found [false],
	Viewsource not Contains shoppablehttps://haleonstaging1:Health2023@sensodyne-v3-fr.preprod-cf65.ch.adobecqms.net/produits/dentifrice/sensibilite-et-gencives-menthe-douce expected [true] but found [false],
	Viewsource not Contains jebbithttps://haleonstaging1:Health2023@sensodyne-v3-fr.preprod-cf65.ch.adobecqms.net/produits/dentifrice/sensibilite-et-gencives-menthe-douce expected [true] but found [false],
	Viewsource not Contains preconnecthttps://haleonstaging1:Health2023@sensodyne-v3-fr.preprod-cf65.ch.adobecqms.net/produits/dentifrice/sensibilite-et-gencives-menthe-douce expected [true] but found [false],
	Viewsource not Contains PriceSpiderhttps://haleonstaging1:Health2023@sensodyne-v3-fr.preprod-cf65.ch.adobecqms.net/produits/dentifrice/sensibilite-et-gencives-blancheur expected [true] but found [false],
	Viewsource not Contains gigyahttps://haleonstaging1:Health2023@sensodyne-v3-fr.preprod-cf65.ch.adobecqms.net/produits/dentifrice/sensibilite-et-gencives-blancheur expected [true] but found [false],
	Viewsource not Contains BazaarVoicehttps://haleonstaging1:Health2023@sensodyne-v3-fr.preprod-cf65.ch.adobecqms.net/produits/dentifrice/sensibilite-et-gencives-blancheur expected [true] but found [false],
	Viewsource not Contains Revtaxhttps://haleonstaging1:Health2023@sensodyne-v3-fr.preprod-cf65.ch.adobecqms.net/produits/dentifrice/sensibilite-et-gencives-blancheur expected [true] but found [false],
	Viewsource not Contains shoppablehttps://haleonstaging1:Health2023@sensodyne-v3-fr.preprod-cf65.ch.adobecqms.net/produits/dentifrice/sensibilite-et-gencives-blancheur expected [true] but found [false],
	Viewsource not Contains jebbithttps://haleonstaging1:Health2023@sensodyne-v3-fr.preprod-cf65.ch.adobecqms.net/produits/dentifrice/sensibilite-et-gencives-blancheur expected [true] but found [false],
	Viewsource not Contains preconnecthttps://haleonstaging1:Health2023@sensodyne-v3-fr.preprod-cf65.ch.adobecqms.net/produits/dentifrice/sensibilite-et-gencives-blancheur expected [true] but found [false],
	Viewsource not Contains PriceSpiderhttps://haleonstaging1:Health2023@sensodyne-v3-fr.preprod-cf65.ch.adobecqms.net/produits/dentifrice/sensibilite-et-gencives-menthe-fraiche expected [true] but found [false],
	Viewsource not Contains gigyahttps://haleonstaging1:Health2023@sensodyne-v3-fr.preprod-cf65.ch.adobecqms.net/produits/dentifrice/sensibilite-et-gencives-menthe-fraiche expected [true] but found [false],
	Viewsource not Contains BazaarVoicehttps://haleonstaging1:Health2023@sensodyne-v3-fr.preprod-cf65.ch.adobecqms.net/produits/dentifrice/sensibilite-et-gencives-menthe-fraiche expected [true] but found [false],
	Viewsource not Contains Revtaxhttps://haleonstaging1:Health2023@sensodyne-v3-fr.preprod-cf65.ch.adobecqms.net/produits/dentifrice/sensibilite-et-gencives-menthe-fraiche expected [true] but found [false],
	Viewsource not Contains shoppablehttps://haleonstaging1:Health2023@sensodyne-v3-fr.preprod-cf65.ch.adobecqms.net/produits/dentifrice/sensibilite-et-gencives-menthe-fraiche expected [true] but found [false],
	Viewsource not Contains jebbithttps://haleonstaging1:Health2023@sensodyne-v3-fr.preprod-cf65.ch.adobecqms.net/produits/dentifrice/sensibilite-et-gencives-menthe-fraiche expected [true] but found [false],
	Viewsource not Contains preconnecthttps://haleonstaging1:Health2023@sensodyne-v3-fr.preprod-cf65.ch.adobecqms.net/produits/dentifrice/sensibilite-et-gencives-menthe-fraiche expected [true] but found [false],
	Viewsource not Contains PriceSpiderhttps://haleonstaging1:Health2023@sensodyne-v3-fr.preprod-cf65.ch.adobecqms.net/produits/brosse-a-dents/sensibilite-et-gencives/ expected [true] but found [false],
	Viewsource not Contains gigyahttps://haleonstaging1:Health2023@sensodyne-v3-fr.preprod-cf65.ch.adobecqms.net/produits/brosse-a-dents/sensibilite-et-gencives/ expected [true] but found [false],
	Viewsource not Contains BazaarVoicehttps://haleonstaging1:Health2023@sensodyne-v3-fr.preprod-cf65.ch.adobecqms.net/produits/brosse-a-dents/sensibilite-et-gencives/ expected [true] but found [false],
	Viewsource not Contains Revtaxhttps://haleonstaging1:Health2023@sensodyne-v3-fr.preprod-cf65.ch.adobecqms.net/produits/brosse-a-dents/sensibilite-et-gencives/ expected [true] but found [false],
	Viewsource not Contains shoppablehttps://haleonstaging1:Health2023@sensodyne-v3-fr.preprod-cf65.ch.adobecqms.net/produits/brosse-a-dents/sensibilite-et-gencives/ expected [true] but found [false],
	Viewsource not Contains jebbithttps://haleonstaging1:Health2023@sensodyne-v3-fr.preprod-cf65.ch.adobecqms.net/produits/brosse-a-dents/sensibilite-et-gencives/ expected [true] but found [false],
	Viewsource not Contains preconnecthttps://haleonstaging1:Health2023@sensodyne-v3-fr.preprod-cf65.ch.adobecqms.net/produits/brosse-a-dents/sensibilite-et-gencives/ expected [true] but found [false],
	Viewsource not Contains PriceSpiderhttps://haleonstaging1:Health2023@sensodyne-v3-fr.preprod-cf65.ch.adobecqms.net/produits/dentifrice/rapide-action-menthe expected [true] but found [false],
	Viewsource not Contains gigyahttps://haleonstaging1:Health2023@sensodyne-v3-fr.preprod-cf65.ch.adobecqms.net/produits/dentifrice/rapide-action-menthe expected [true] but found [false],
	Viewsource not Contains BazaarVoicehttps://haleonstaging1:Health2023@sensodyne-v3-fr.preprod-cf65.ch.adobecqms.net/produits/dentifrice/rapide-action-menthe expected [true] but found [false],
	Viewsource not Contains Revtaxhttps://haleonstaging1:Health2023@sensodyne-v3-fr.preprod-cf65.ch.adobecqms.net/produits/dentifrice/rapide-action-menthe expected [true] but found [false],
	Viewsource not Contains shoppablehttps://haleonstaging1:Health2023@sensodyne-v3-fr.preprod-cf65.ch.adobecqms.net/produits/dentifrice/rapide-action-menthe expected [true] but found [false],
	Viewsource not Contains jebbithttps://haleonstaging1:Health2023@sensodyne-v3-fr.preprod-cf65.ch.adobecqms.net/produits/dentifrice/rapide-action-menthe expected [true] but found [false],
	Viewsource not Contains preconnecthttps://haleonstaging1:Health2023@sensodyne-v3-fr.preprod-cf65.ch.adobecqms.net/produits/dentifrice/rapide-action-menthe expected [true] but found [false],
	Viewsource not Contains PriceSpiderhttps://haleonstaging1:Health2023@sensodyne-v3-fr.preprod-cf65.ch.adobecqms.net/produits/dentifrice/rapide-action-extra-fresh expected [true] but found [false],
	Viewsource not Contains gigyahttps://haleonstaging1:Health2023@sensodyne-v3-fr.preprod-cf65.ch.adobecqms.net/produits/dentifrice/rapide-action-extra-fresh expected [true] but found [false],
	Viewsource not Contains BazaarVoicehttps://haleonstaging1:Health2023@sensodyne-v3-fr.preprod-cf65.ch.adobecqms.net/produits/dentifrice/rapide-action-extra-fresh expected [true] but found [false],
	Viewsource not Contains Revtaxhttps://haleonstaging1:Health2023@sensodyne-v3-fr.preprod-cf65.ch.adobecqms.net/produits/dentifrice/rapide-action-extra-fresh expected [true] but found [false],
	Viewsource not Contains shoppablehttps://haleonstaging1:Health2023@sensodyne-v3-fr.preprod-cf65.ch.adobecqms.net/produits/dentifrice/rapide-action-extra-fresh expected [true] but found [false],
	Viewsource not Contains jebbithttps://haleonstaging1:Health2023@sensodyne-v3-fr.preprod-cf65.ch.adobecqms.net/produits/dentifrice/rapide-action-extra-fresh expected [true] but found [false],
	Viewsource not Contains preconnecthttps://haleonstaging1:Health2023@sensodyne-v3-fr.preprod-cf65.ch.adobecqms.net/produits/dentifrice/rapide-action-extra-fresh expected [true] but found [false],
	Viewsource not Contains PriceSpiderhttps://haleonstaging1:Health2023@sensodyne-v3-fr.preprod-cf65.ch.adobecqms.net/produits/brosse-a-dents/rapide-action expected [true] but found [false],
	Viewsource not Contains gigyahttps://haleonstaging1:Health2023@sensodyne-v3-fr.preprod-cf65.ch.adobecqms.net/produits/brosse-a-dents/rapide-action expected [true] but found [false],
	Viewsource not Contains BazaarVoicehttps://haleonstaging1:Health2023@sensodyne-v3-fr.preprod-cf65.ch.adobecqms.net/produits/brosse-a-dents/rapide-action expected [true] but found [false],
	Viewsource not Contains Revtaxhttps://haleonstaging1:Health2023@sensodyne-v3-fr.preprod-cf65.ch.adobecqms.net/produits/brosse-a-dents/rapide-action expected [true] but found [false],
	Viewsource not Contains shoppablehttps://haleonstaging1:Health2023@sensodyne-v3-fr.preprod-cf65.ch.adobecqms.net/produits/brosse-a-dents/rapide-action expected [true] but found [false],
	Viewsource not Contains jebbithttps://haleonstaging1:Health2023@sensodyne-v3-fr.preprod-cf65.ch.adobecqms.net/produits/brosse-a-dents/rapide-action expected [true] but found [false],
	Viewsource not Contains preconnecthttps://haleonstaging1:Health2023@sensodyne-v3-fr.preprod-cf65.ch.adobecqms.net/produits/brosse-a-dents/rapide-action expected [true] but found [false],
	Viewsource not Contains PriceSpiderhttps://haleonstaging1:Health2023@sensodyne-v3-fr.preprod-cf65.ch.adobecqms.net/produits/dentifrice/rapide-action-blancheur expected [true] but found [false],
	Viewsource not Contains gigyahttps://haleonstaging1:Health2023@sensodyne-v3-fr.preprod-cf65.ch.adobecqms.net/produits/dentifrice/rapide-action-blancheur expected [true] but found [false],
	Viewsource not Contains BazaarVoicehttps://haleonstaging1:Health2023@sensodyne-v3-fr.preprod-cf65.ch.adobecqms.net/produits/dentifrice/rapide-action-blancheur expected [true] but found [false],
	Viewsource not Contains Revtaxhttps://haleonstaging1:Health2023@sensodyne-v3-fr.preprod-cf65.ch.adobecqms.net/produits/dentifrice/rapide-action-blancheur expected [true] but found [false],
	Viewsource not Contains shoppablehttps://haleonstaging1:Health2023@sensodyne-v3-fr.preprod-cf65.ch.adobecqms.net/produits/dentifrice/rapide-action-blancheur expected [true] but found [false],
	Viewsource not Contains jebbithttps://haleonstaging1:Health2023@sensodyne-v3-fr.preprod-cf65.ch.adobecqms.net/produits/dentifrice/rapide-action-blancheur expected [true] but found [false],
	Viewsource not Contains preconnecthttps://haleonstaging1:Health2023@sensodyne-v3-fr.preprod-cf65.ch.adobecqms.net/produits/dentifrice/rapide-action-blancheur expected [true] but found [false],
	Viewsource not Contains PriceSpiderhttps://haleonstaging1:Health2023@sensodyne-v3-fr.preprod-cf65.ch.adobecqms.net/produits/dentifrice/repare-et-protege-blancheur expected [true] but found [false],
	Viewsource not Contains gigyahttps://haleonstaging1:Health2023@sensodyne-v3-fr.preprod-cf65.ch.adobecqms.net/produits/dentifrice/repare-et-protege-blancheur expected [true] but found [false],
	Viewsource not Contains BazaarVoicehttps://haleonstaging1:Health2023@sensodyne-v3-fr.preprod-cf65.ch.adobecqms.net/produits/dentifrice/repare-et-protege-blancheur expected [true] but found [false],
	Viewsource not Contains Revtaxhttps://haleonstaging1:Health2023@sensodyne-v3-fr.preprod-cf65.ch.adobecqms.net/produits/dentifrice/repare-et-protege-blancheur expected [true] but found [false],
	Viewsource not Contains shoppablehttps://haleonstaging1:Health2023@sensodyne-v3-fr.preprod-cf65.ch.adobecqms.net/produits/dentifrice/repare-et-protege-blancheur expected [true] but found [false],
	Viewsource not Contains jebbithttps://haleonstaging1:Health2023@sensodyne-v3-fr.preprod-cf65.ch.adobecqms.net/produits/dentifrice/repare-et-protege-blancheur expected [true] but found [false],
	Viewsource not Contains preconnecthttps://haleonstaging1:Health2023@sensodyne-v3-fr.preprod-cf65.ch.adobecqms.net/produits/dentifrice/repare-et-protege-blancheur expected [true] but found [false],
	Viewsource not Contains PriceSpiderhttps://haleonstaging1:Health2023@sensodyne-v3-fr.preprod-cf65.ch.adobecqms.net/produits/dentifrice/repare-et-protege-extra-fresh expected [true] but found [false],
	Viewsource not Contains gigyahttps://haleonstaging1:Health2023@sensodyne-v3-fr.preprod-cf65.ch.adobecqms.net/produits/dentifrice/repare-et-protege-extra-fresh expected [true] but found [false],
	Viewsource not Contains BazaarVoicehttps://haleonstaging1:Health2023@sensodyne-v3-fr.preprod-cf65.ch.adobecqms.net/produits/dentifrice/repare-et-protege-extra-fresh expected [true] but found [false],
	Viewsource not Contains Revtaxhttps://haleonstaging1:Health2023@sensodyne-v3-fr.preprod-cf65.ch.adobecqms.net/produits/dentifrice/repare-et-protege-extra-fresh expected [true] but found [false],
	Viewsource not Contains shoppablehttps://haleonstaging1:Health2023@sensodyne-v3-fr.preprod-cf65.ch.adobecqms.net/produits/dentifrice/repare-et-protege-extra-fresh expected [true] but found [false],
	Viewsource not Contains jebbithttps://haleonstaging1:Health2023@sensodyne-v3-fr.preprod-cf65.ch.adobecqms.net/produits/dentifrice/repare-et-protege-extra-fresh expected [true] but found [false],
	Viewsource not Contains preconnecthttps://haleonstaging1:Health2023@sensodyne-v3-fr.preprod-cf65.ch.adobecqms.net/produits/dentifrice/repare-et-protege-extra-fresh expected [true] but found [false],
	Viewsource not Contains PriceSpiderhttps://haleonstaging1:Health2023@sensodyne-v3-fr.preprod-cf65.ch.adobecqms.net/produits/brosse-a-dents/repare-et-protege expected [true] but found [false],
	Viewsource not Contains gigyahttps://haleonstaging1:Health2023@sensodyne-v3-fr.preprod-cf65.ch.adobecqms.net/produits/brosse-a-dents/repare-et-protege expected [true] but found [false],
	Viewsource not Contains BazaarVoicehttps://haleonstaging1:Health2023@sensodyne-v3-fr.preprod-cf65.ch.adobecqms.net/produits/brosse-a-dents/repare-et-protege expected [true] but found [false],
	Viewsource not Contains Revtaxhttps://haleonstaging1:Health2023@sensodyne-v3-fr.preprod-cf65.ch.adobecqms.net/produits/brosse-a-dents/repare-et-protege expected [true] but found [false],
	Viewsource not Contains shoppablehttps://haleonstaging1:Health2023@sensodyne-v3-fr.preprod-cf65.ch.adobecqms.net/produits/brosse-a-dents/repare-et-protege expected [true] but found [false],
	Viewsource not Contains jebbithttps://haleonstaging1:Health2023@sensodyne-v3-fr.preprod-cf65.ch.adobecqms.net/produits/brosse-a-dents/repare-et-protege expected [true] but found [false],
	Viewsource not Contains preconnecthttps://haleonstaging1:Health2023@sensodyne-v3-fr.preprod-cf65.ch.adobecqms.net/produits/brosse-a-dents/repare-et-protege expected [true] but found [false]" type="java.lang.AssertionError">
      <![CDATA[java.lang.AssertionError: The following asserts failed:
Viewsource not Contains PriceSpiderhttps://haleonstaging1:Health2023@sensodyne-v3-fr.preprod-cf65.ch.adobecqms.net/ expected [true] but found [false],
Viewsource not Contains gigyahttps://haleonstaging1:Health2023@sensodyne-v3-fr.preprod-cf65.ch.adobecqms.net/ expected [true] but found [false],
Viewsource not Contains BazaarVoicehttps://haleonstaging1:Health2023@sensodyne-v3-fr.preprod-cf65.ch.adobecqms.net/ expected [true] but found [false],
Viewsource not Contains Revtaxhttps://haleonstaging1:Health2023@sensodyne-v3-fr.preprod-cf65.ch.adobecqms.net/ expected [true] but found [false],
Viewsource not Contains shoppablehttps://haleonstaging1:Health2023@sensodyne-v3-fr.preprod-cf65.ch.adobecqms.net/ expected [true] but found [false],
Viewsource not Contains jebbithttps://haleonstaging1:Health2023@sensodyne-v3-fr.preprod-cf65.ch.adobecqms.net/ expected [true] but found [false],
Viewsource not Contains PriceSpiderhttps://haleonstaging1:Health2023@sensodyne-v3-fr.preprod-cf65.ch.adobecqms.net/contact/ expected [true] but found [false],
Viewsource not Contains gigyahttps://haleonstaging1:Health2023@sensodyne-v3-fr.preprod-cf65.ch.adobecqms.net/contact/ expected [true] but found [false],
Viewsource not Contains BazaarVoicehttps://haleonstaging1:Health2023@sensodyne-v3-fr.preprod-cf65.ch.adobecqms.net/contact/ expected [true] but found [false],
Viewsource not Contains Revtaxhttps://haleonstaging1:Health2023@sensodyne-v3-fr.preprod-cf65.ch.adobecqms.net/contact/ expected [true] but found [false],
Viewsource not Contains shoppablehttps://haleonstaging1:Health2023@sensodyne-v3-fr.preprod-cf65.ch.adobecqms.net/contact/ expected [true] but found [false],
Viewsource not Contains jebbithttps://haleonstaging1:Health2023@sensodyne-v3-fr.preprod-cf65.ch.adobecqms.net/contact/ expected [true] but found [false],
Viewsource not Contains PriceSpiderhttps://haleonstaging1:Health2023@sensodyne-v3-fr.preprod-cf65.ch.adobecqms.net/produits/ expected [true] but found [false],
Viewsource not Contains gigyahttps://haleonstaging1:Health2023@sensodyne-v3-fr.preprod-cf65.ch.adobecqms.net/produits/ expected [true] but found [false],
Viewsource not Contains BazaarVoicehttps://haleonstaging1:Health2023@sensodyne-v3-fr.preprod-cf65.ch.adobecqms.net/produits/ expected [true] but found [false],
Viewsource not Contains Revtaxhttps://haleonstaging1:Health2023@sensodyne-v3-fr.preprod-cf65.ch.adobecqms.net/produits/ expected [true] but found [false],
Viewsource not Contains shoppablehttps://haleonstaging1:Health2023@sensodyne-v3-fr.preprod-cf65.ch.adobecqms.net/produits/ expected [true] but found [false],
Viewsource not Contains jebbithttps://haleonstaging1:Health2023@sensodyne-v3-fr.preprod-cf65.ch.adobecqms.net/produits/ expected [true] but found [false],
Viewsource not Contains PriceSpiderhttps://haleonstaging1:Health2023@sensodyne-v3-fr.preprod-cf65.ch.adobecqms.net/produits/dentifrice/sensibilite-et-gencives-menthe-douce expected [true] but found [false],
Viewsource not Contains gigyahttps://haleonstaging1:Health2023@sensodyne-v3-fr.preprod-cf65.ch.adobecqms.net/produits/dentifrice/sensibilite-et-gencives-menthe-douce expected [true] but found [false],
Viewsource not Contains BazaarVoicehttps://haleonstaging1:Health2023@sensodyne-v3-fr.preprod-cf65.ch.adobecqms.net/produits/dentifrice/sensibilite-et-gencives-menthe-douce expected [true] but found [false],
Viewsource not Contains Revtaxhttps://haleonstaging1:Health2023@sensodyne-v3-fr.preprod-cf65.ch.adobecqms.net/produits/dentifrice/sensibilite-et-gencives-menthe-douce expected [true] but found [false],
Viewsource not Contains shoppablehttps://haleonstaging1:Health2023@sensodyne-v3-fr.preprod-cf65.ch.adobecqms.net/produits/dentifrice/sensibilite-et-gencives-menthe-douce expected [true] but found [false],
Viewsource not Contains jebbithttps://haleonstaging1:Health2023@sensodyne-v3-fr.preprod-cf65.ch.adobecqms.net/produits/dentifrice/sensibilite-et-gencives-menthe-douce expected [true] but found [false],
Viewsource not Contains preconnecthttps://haleonstaging1:Health2023@sensodyne-v3-fr.preprod-cf65.ch.adobecqms.net/produits/dentifrice/sensibilite-et-gencives-menthe-douce expected [true] but found [false],
Viewsource not Contains PriceSpiderhttps://haleonstaging1:Health2023@sensodyne-v3-fr.preprod-cf65.ch.adobecqms.net/produits/dentifrice/sensibilite-et-gencives-blancheur expected [true] but found [false],
Viewsource not Contains gigyahttps://haleonstaging1:Health2023@sensodyne-v3-fr.preprod-cf65.ch.adobecqms.net/produits/dentifrice/sensibilite-et-gencives-blancheur expected [true] but found [false],
Viewsource not Contains BazaarVoicehttps://haleonstaging1:Health2023@sensodyne-v3-fr.preprod-cf65.ch.adobecqms.net/produits/dentifrice/sensibilite-et-gencives-blancheur expected [true] but found [false],
Viewsource not Contains Revtaxhttps://haleonstaging1:Health2023@sensodyne-v3-fr.preprod-cf65.ch.adobecqms.net/produits/dentifrice/sensibilite-et-gencives-blancheur expected [true] but found [false],
Viewsource not Contains shoppablehttps://haleonstaging1:Health2023@sensodyne-v3-fr.preprod-cf65.ch.adobecqms.net/produits/dentifrice/sensibilite-et-gencives-blancheur expected [true] but found [false],
Viewsource not Contains jebbithttps://haleonstaging1:Health2023@sensodyne-v3-fr.preprod-cf65.ch.adobecqms.net/produits/dentifrice/sensibilite-et-gencives-blancheur expected [true] but found [false],
Viewsource not Contains preconnecthttps://haleonstaging1:Health2023@sensodyne-v3-fr.preprod-cf65.ch.adobecqms.net/produits/dentifrice/sensibilite-et-gencives-blancheur expected [true] but found [false],
Viewsource not Contains PriceSpiderhttps://haleonstaging1:Health2023@sensodyne-v3-fr.preprod-cf65.ch.adobecqms.net/produits/dentifrice/sensibilite-et-gencives-menthe-fraiche expected [true] but found [false],
Viewsource not Contains gigyahttps://haleonstaging1:Health2023@sensodyne-v3-fr.preprod-cf65.ch.adobecqms.net/produits/dentifrice/sensibilite-et-gencives-menthe-fraiche expected [true] but found [false],
Viewsource not Contains BazaarVoicehttps://haleonstaging1:Health2023@sensodyne-v3-fr.preprod-cf65.ch.adobecqms.net/produits/dentifrice/sensibilite-et-gencives-menthe-fraiche expected [true] but found [false],
Viewsource not Contains Revtaxhttps://haleonstaging1:Health2023@sensodyne-v3-fr.preprod-cf65.ch.adobecqms.net/produits/dentifrice/sensibilite-et-gencives-menthe-fraiche expected [true] but found [false],
Viewsource not Contains shoppablehttps://haleonstaging1:Health2023@sensodyne-v3-fr.preprod-cf65.ch.adobecqms.net/produits/dentifrice/sensibilite-et-gencives-menthe-fraiche expected [true] but found [false],
Viewsource not Contains jebbithttps://haleonstaging1:Health2023@sensodyne-v3-fr.preprod-cf65.ch.adobecqms.net/produits/dentifrice/sensibilite-et-gencives-menthe-fraiche expected [true] but found [false],
Viewsource not Contains preconnecthttps://haleonstaging1:Health2023@sensodyne-v3-fr.preprod-cf65.ch.adobecqms.net/produits/dentifrice/sensibilite-et-gencives-menthe-fraiche expected [true] but found [false],
Viewsource not Contains PriceSpiderhttps://haleonstaging1:Health2023@sensodyne-v3-fr.preprod-cf65.ch.adobecqms.net/produits/brosse-a-dents/sensibilite-et-gencives/ expected [true] but found [false],
Viewsource not Contains gigyahttps://haleonstaging1:Health2023@sensodyne-v3-fr.preprod-cf65.ch.adobecqms.net/produits/brosse-a-dents/sensibilite-et-gencives/ expected [true] but found [false],
Viewsource not Contains BazaarVoicehttps://haleonstaging1:Health2023@sensodyne-v3-fr.preprod-cf65.ch.adobecqms.net/produits/brosse-a-dents/sensibilite-et-gencives/ expected [true] but found [false],
Viewsource not Contains Revtaxhttps://haleonstaging1:Health2023@sensodyne-v3-fr.preprod-cf65.ch.adobecqms.net/produits/brosse-a-dents/sensibilite-et-gencives/ expected [true] but found [false],
Viewsource not Contains shoppablehttps://haleonstaging1:Health2023@sensodyne-v3-fr.preprod-cf65.ch.adobecqms.net/produits/brosse-a-dents/sensibilite-et-gencives/ expected [true] but found [false],
Viewsource not Contains jebbithttps://haleonstaging1:Health2023@sensodyne-v3-fr.preprod-cf65.ch.adobecqms.net/produits/brosse-a-dents/sensibilite-et-gencives/ expected [true] but found [false],
Viewsource not Contains preconnecthttps://haleonstaging1:Health2023@sensodyne-v3-fr.preprod-cf65.ch.adobecqms.net/produits/brosse-a-dents/sensibilite-et-gencives/ expected [true] but found [false],
Viewsource not Contains PriceSpiderhttps://haleonstaging1:Health2023@sensodyne-v3-fr.preprod-cf65.ch.adobecqms.net/produits/dentifrice/rapide-action-menthe expected [true] but found [false],
Viewsource not Contains gigyahttps://haleonstaging1:Health2023@sensodyne-v3-fr.preprod-cf65.ch.adobecqms.net/produits/dentifrice/rapide-action-menthe expected [true] but found [false],
Viewsource not Contains BazaarVoicehttps://haleonstaging1:Health2023@sensodyne-v3-fr.preprod-cf65.ch.adobecqms.net/produits/dentifrice/rapide-action-menthe expected [true] but found [false],
Viewsource not Contains Revtaxhttps://haleonstaging1:Health2023@sensodyne-v3-fr.preprod-cf65.ch.adobecqms.net/produits/dentifrice/rapide-action-menthe expected [true] but found [false],
Viewsource not Contains shoppablehttps://haleonstaging1:Health2023@sensodyne-v3-fr.preprod-cf65.ch.adobecqms.net/produits/dentifrice/rapide-action-menthe expected [true] but found [false],
Viewsource not Contains jebbithttps://haleonstaging1:Health2023@sensodyne-v3-fr.preprod-cf65.ch.adobecqms.net/produits/dentifrice/rapide-action-menthe expected [true] but found [false],
Viewsource not Contains preconnecthttps://haleonstaging1:Health2023@sensodyne-v3-fr.preprod-cf65.ch.adobecqms.net/produits/dentifrice/rapide-action-menthe expected [true] but found [false],
Viewsource not Contains PriceSpiderhttps://haleonstaging1:Health2023@sensodyne-v3-fr.preprod-cf65.ch.adobecqms.net/produits/dentifrice/rapide-action-extra-fresh expected [true] but found [false],
Viewsource not Contains gigyahttps://haleonstaging1:Health2023@sensodyne-v3-fr.preprod-cf65.ch.adobecqms.net/produits/dentifrice/rapide-action-extra-fresh expected [true] but found [false],
Viewsource not Contains BazaarVoicehttps://haleonstaging1:Health2023@sensodyne-v3-fr.preprod-cf65.ch.adobecqms.net/produits/dentifrice/rapide-action-extra-fresh expected [true] but found [false],
Viewsource not Contains Revtaxhttps://haleonstaging1:Health2023@sensodyne-v3-fr.preprod-cf65.ch.adobecqms.net/produits/dentifrice/rapide-action-extra-fresh expected [true] but found [false],
Viewsource not Contains shoppablehttps://haleonstaging1:Health2023@sensodyne-v3-fr.preprod-cf65.ch.adobecqms.net/produits/dentifrice/rapide-action-extra-fresh expected [true] but found [false],
Viewsource not Contains jebbithttps://haleonstaging1:Health2023@sensodyne-v3-fr.preprod-cf65.ch.adobecqms.net/produits/dentifrice/rapide-action-extra-fresh expected [true] but found [false],
Viewsource not Contains preconnecthttps://haleonstaging1:Health2023@sensodyne-v3-fr.preprod-cf65.ch.adobecqms.net/produits/dentifrice/rapide-action-extra-fresh expected [true] but found [false],
Viewsource not Contains PriceSpiderhttps://haleonstaging1:Health2023@sensodyne-v3-fr.preprod-cf65.ch.adobecqms.net/produits/brosse-a-dents/rapide-action expected [true] but found [false],
Viewsource not Contains gigyahttps://haleonstaging1:Health2023@sensodyne-v3-fr.preprod-cf65.ch.adobecqms.net/produits/brosse-a-dents/rapide-action expected [true] but found [false],
Viewsource not Contains BazaarVoicehttps://haleonstaging1:Health2023@sensodyne-v3-fr.preprod-cf65.ch.adobecqms.net/produits/brosse-a-dents/rapide-action expected [true] but found [false],
Viewsource not Contains Revtaxhttps://haleonstaging1:Health2023@sensodyne-v3-fr.preprod-cf65.ch.adobecqms.net/produits/brosse-a-dents/rapide-action expected [true] but found [false],
Viewsource not Contains shoppablehttps://haleonstaging1:Health2023@sensodyne-v3-fr.preprod-cf65.ch.adobecqms.net/produits/brosse-a-dents/rapide-action expected [true] but found [false],
Viewsource not Contains jebbithttps://haleonstaging1:Health2023@sensodyne-v3-fr.preprod-cf65.ch.adobecqms.net/produits/brosse-a-dents/rapide-action expected [true] but found [false],
Viewsource not Contains preconnecthttps://haleonstaging1:Health2023@sensodyne-v3-fr.preprod-cf65.ch.adobecqms.net/produits/brosse-a-dents/rapide-action expected [true] but found [false],
Viewsource not Contains PriceSpiderhttps://haleonstaging1:Health2023@sensodyne-v3-fr.preprod-cf65.ch.adobecqms.net/produits/dentifrice/rapide-action-blancheur expected [true] but found [false],
Viewsource not Contains gigyahttps://haleonstaging1:Health2023@sensodyne-v3-fr.preprod-cf65.ch.adobecqms.net/produits/dentifrice/rapide-action-blancheur expected [true] but found [false],
Viewsource not Contains BazaarVoicehttps://haleonstaging1:Health2023@sensodyne-v3-fr.preprod-cf65.ch.adobecqms.net/produits/dentifrice/rapide-action-blancheur expected [true] but found [false],
Viewsource not Contains Revtaxhttps://haleonstaging1:Health2023@sensodyne-v3-fr.preprod-cf65.ch.adobecqms.net/produits/dentifrice/rapide-action-blancheur expected [true] but found [false],
Viewsource not Contains shoppablehttps://haleonstaging1:Health2023@sensodyne-v3-fr.preprod-cf65.ch.adobecqms.net/produits/dentifrice/rapide-action-blancheur expected [true] but found [false],
Viewsource not Contains jebbithttps://haleonstaging1:Health2023@sensodyne-v3-fr.preprod-cf65.ch.adobecqms.net/produits/dentifrice/rapide-action-blancheur expected [true] but found [false],
Viewsource not Contains preconnecthttps://haleonstaging1:Health2023@sensodyne-v3-fr.preprod-cf65.ch.adobecqms.net/produits/dentifrice/rapide-action-blancheur expected [true] but found [false],
Viewsource not Contains PriceSpiderhttps://haleonstaging1:Health2023@sensodyne-v3-fr.preprod-cf65.ch.adobecqms.net/produits/dentifrice/repare-et-protege-blancheur expected [true] but found [false],
Viewsource not Contains gigyahttps://haleonstaging1:Health2023@sensodyne-v3-fr.preprod-cf65.ch.adobecqms.net/produits/dentifrice/repare-et-protege-blancheur expected [true] but found [false],
Viewsource not Contains BazaarVoicehttps://haleonstaging1:Health2023@sensodyne-v3-fr.preprod-cf65.ch.adobecqms.net/produits/dentifrice/repare-et-protege-blancheur expected [true] but found [false],
Viewsource not Contains Revtaxhttps://haleonstaging1:Health2023@sensodyne-v3-fr.preprod-cf65.ch.adobecqms.net/produits/dentifrice/repare-et-protege-blancheur expected [true] but found [false],
Viewsource not Contains shoppablehttps://haleonstaging1:Health2023@sensodyne-v3-fr.preprod-cf65.ch.adobecqms.net/produits/dentifrice/repare-et-protege-blancheur expected [true] but found [false],
Viewsource not Contains jebbithttps://haleonstaging1:Health2023@sensodyne-v3-fr.preprod-cf65.ch.adobecqms.net/produits/dentifrice/repare-et-protege-blancheur expected [true] but found [false],
Viewsource not Contains preconnecthttps://haleonstaging1:Health2023@sensodyne-v3-fr.preprod-cf65.ch.adobecqms.net/produits/dentifrice/repare-et-protege-blancheur expected [true] but found [false],
Viewsource not Contains PriceSpiderhttps://haleonstaging1:Health2023@sensodyne-v3-fr.preprod-cf65.ch.adobecqms.net/produits/dentifrice/repare-et-protege-extra-fresh expected [true] but found [false],
Viewsource not Contains gigyahttps://haleonstaging1:Health2023@sensodyne-v3-fr.preprod-cf65.ch.adobecqms.net/produits/dentifrice/repare-et-protege-extra-fresh expected [true] but found [false],
Viewsource not Contains BazaarVoicehttps://haleonstaging1:Health2023@sensodyne-v3-fr.preprod-cf65.ch.adobecqms.net/produits/dentifrice/repare-et-protege-extra-fresh expected [true] but found [false],
Viewsource not Contains Revtaxhttps://haleonstaging1:Health2023@sensodyne-v3-fr.preprod-cf65.ch.adobecqms.net/produits/dentifrice/repare-et-protege-extra-fresh expected [true] but found [false],
Viewsource not Contains shoppablehttps://haleonstaging1:Health2023@sensodyne-v3-fr.preprod-cf65.ch.adobecqms.net/produits/dentifrice/repare-et-protege-extra-fresh expected [true] but found [false],
Viewsource not Contains jebbithttps://haleonstaging1:Health2023@sensodyne-v3-fr.preprod-cf65.ch.adobecqms.net/produits/dentifrice/repare-et-protege-extra-fresh expected [true] but found [false],
Viewsource not Contains preconnecthttps://haleonstaging1:Health2023@sensodyne-v3-fr.preprod-cf65.ch.adobecqms.net/produits/dentifrice/repare-et-protege-extra-fresh expected [true] but found [false],
Viewsource not Contains PriceSpiderhttps://haleonstaging1:Health2023@sensodyne-v3-fr.preprod-cf65.ch.adobecqms.net/produits/brosse-a-dents/repare-et-protege expected [true] but found [false],
Viewsource not Contains gigyahttps://haleonstaging1:Health2023@sensodyne-v3-fr.preprod-cf65.ch.adobecqms.net/produits/brosse-a-dents/repare-et-protege expected [true] but found [false],
Viewsource not Contains BazaarVoicehttps://haleonstaging1:Health2023@sensodyne-v3-fr.preprod-cf65.ch.adobecqms.net/produits/brosse-a-dents/repare-et-protege expected [true] but found [false],
Viewsource not Contains Revtaxhttps://haleonstaging1:Health2023@sensodyne-v3-fr.preprod-cf65.ch.adobecqms.net/produits/brosse-a-dents/repare-et-protege expected [true] but found [false],
Viewsource not Contains shoppablehttps://haleonstaging1:Health2023@sensodyne-v3-fr.preprod-cf65.ch.adobecqms.net/produits/brosse-a-dents/repare-et-protege expected [true] but found [false],
Viewsource not Contains jebbithttps://haleonstaging1:Health2023@sensodyne-v3-fr.preprod-cf65.ch.adobecqms.net/produits/brosse-a-dents/repare-et-protege expected [true] but found [false],
Viewsource not Contains preconnecthttps://haleonstaging1:Health2023@sensodyne-v3-fr.preprod-cf65.ch.adobecqms.net/produits/brosse-a-dents/repare-et-protege expected [true] but found [false]
at org.testng.asserts.SoftAssert.assertAll(SoftAssert.java:47)
at org.testng.asserts.SoftAssert.assertAll(SoftAssert.java:31)
at com.qa.bens.checklist.page.CheckListTPIPage.verifyTPI(CheckListTPIPage.java:98)
at com.qa.bens.checklist.test.CheckListTPITest.findingTPI(CheckListTPITest.java:22)
at java.base/jdk.internal.reflect.DirectMethodHandleAccessor.invoke(DirectMethodHandleAccessor.java:104)
at java.base/java.lang.reflect.Method.invoke(Method.java:577)
at org.testng.internal.MethodInvocationHelper.invokeMethod(MethodInvocationHelper.java:133)
at org.testng.internal.TestInvoker.invokeMethod(TestInvoker.java:598)
at org.testng.internal.TestInvoker.invokeTestMethod(TestInvoker.java:173)
at org.testng.internal.MethodRunner.runInSequence(MethodRunner.java:46)
at org.testng.internal.TestInvoker$MethodInvocationAgent.invoke(TestInvoker.java:824)
at org.testng.internal.TestInvoker.invokeTestMethods(TestInvoker.java:146)
at org.testng.internal.TestMethodWorker.invokeTestMethods(TestMethodWorker.java:146)
at org.testng.internal.TestMethodWorker.run(TestMethodWorker.java:128)
at java.base/java.util.ArrayList.forEach(ArrayList.java:1511)
at org.testng.TestRunner.privateRun(TestRunner.java:794)
at org.testng.TestRunner.run(TestRunner.java:596)
at org.testng.SuiteRunner.runTest(SuiteRunner.java:377)
at org.testng.SuiteRunner.runSequentially(SuiteRunner.java:371)
at org.testng.SuiteRunner.privateRun(SuiteRunner.java:332)
at org.testng.SuiteRunner.run(SuiteRunner.java:276)
at org.testng.SuiteRunnerWorker.runSuite(SuiteRunnerWorker.java:53)
at org.testng.SuiteRunnerWorker.run(SuiteRunnerWorker.java:96)
at org.testng.TestNG.runSuitesSequentially(TestNG.java:1212)
at org.testng.TestNG.runSuitesLocally(TestNG.java:1134)
at org.testng.TestNG.runSuites(TestNG.java:1063)
at org.testng.TestNG.run(TestNG.java:1031)
at org.testng.remote.AbstractRemoteTestNG.run(AbstractRemoteTestNG.java:115)
at org.testng.remote.RemoteTestNG.initAndRun(RemoteTestNG.java:251)
at org.testng.remote.RemoteTestNG.main(RemoteTestNG.java:77)
]]>
    </failure>
  </testcase> <!-- findingTPI -->
  <system-out/>
  <testcase classname="com.qa.bens.checklist.test.CheckListTPITest" name="findingTPI" time="1.593">
    <failure message="The following asserts failed:
	Viewsource not Contains PriceSpiderhttps://haleonstaging1:Health2023@sensodyne-v3-fr.preprod-cf65.ch.adobecqms.net/ expected [true] but found [false],
	Viewsource not Contains gigyahttps://haleonstaging1:Health2023@sensodyne-v3-fr.preprod-cf65.ch.adobecqms.net/ expected [true] but found [false],
	Viewsource not Contains BazaarVoicehttps://haleonstaging1:Health2023@sensodyne-v3-fr.preprod-cf65.ch.adobecqms.net/ expected [true] but found [false],
	Viewsource not Contains Revtaxhttps://haleonstaging1:Health2023@sensodyne-v3-fr.preprod-cf65.ch.adobecqms.net/ expected [true] but found [false],
	Viewsource not Contains shoppablehttps://haleonstaging1:Health2023@sensodyne-v3-fr.preprod-cf65.ch.adobecqms.net/ expected [true] but found [false],
	Viewsource not Contains jebbithttps://haleonstaging1:Health2023@sensodyne-v3-fr.preprod-cf65.ch.adobecqms.net/ expected [true] but found [false],
	Viewsource not Contains PriceSpiderhttps://haleonstaging1:Health2023@sensodyne-v3-fr.preprod-cf65.ch.adobecqms.net/contact/ expected [true] but found [false],
	Viewsource not Contains gigyahttps://haleonstaging1:Health2023@sensodyne-v3-fr.preprod-cf65.ch.adobecqms.net/contact/ expected [true] but found [false],
	Viewsource not Contains BazaarVoicehttps://haleonstaging1:Health2023@sensodyne-v3-fr.preprod-cf65.ch.adobecqms.net/contact/ expected [true] but found [false],
	Viewsource not Contains Revtaxhttps://haleonstaging1:Health2023@sensodyne-v3-fr.preprod-cf65.ch.adobecqms.net/contact/ expected [true] but found [false],
	Viewsource not Contains shoppablehttps://haleonstaging1:Health2023@sensodyne-v3-fr.preprod-cf65.ch.adobecqms.net/contact/ expected [true] but found [false],
	Viewsource not Contains jebbithttps://haleonstaging1:Health2023@sensodyne-v3-fr.preprod-cf65.ch.adobecqms.net/contact/ expected [true] but found [false],
	Viewsource not Contains PriceSpiderhttps://haleonstaging1:Health2023@sensodyne-v3-fr.preprod-cf65.ch.adobecqms.net/produits/ expected [true] but found [false],
	Viewsource not Contains gigyahttps://haleonstaging1:Health2023@sensodyne-v3-fr.preprod-cf65.ch.adobecqms.net/produits/ expected [true] but found [false],
	Viewsource not Contains BazaarVoicehttps://haleonstaging1:Health2023@sensodyne-v3-fr.preprod-cf65.ch.adobecqms.net/produits/ expected [true] but found [false],
	Viewsource not Contains Revtaxhttps://haleonstaging1:Health2023@sensodyne-v3-fr.preprod-cf65.ch.adobecqms.net/produits/ expected [true] but found [false],
	Viewsource not Contains shoppablehttps://haleonstaging1:Health2023@sensodyne-v3-fr.preprod-cf65.ch.adobecqms.net/produits/ expected [true] but found [false],
	Viewsource not Contains jebbithttps://haleonstaging1:Health2023@sensodyne-v3-fr.preprod-cf65.ch.adobecqms.net/produits/ expected [true] but found [false],
	Viewsource not Contains PriceSpiderhttps://haleonstaging1:Health2023@sensodyne-v3-fr.preprod-cf65.ch.adobecqms.net/produits/dentifrice/sensibilite-et-gencives-menthe-douce expected [true] but found [false],
	Viewsource not Contains gigyahttps://haleonstaging1:Health2023@sensodyne-v3-fr.preprod-cf65.ch.adobecqms.net/produits/dentifrice/sensibilite-et-gencives-menthe-douce expected [true] but found [false],
	Viewsource not Contains BazaarVoicehttps://haleonstaging1:Health2023@sensodyne-v3-fr.preprod-cf65.ch.adobecqms.net/produits/dentifrice/sensibilite-et-gencives-menthe-douce expected [true] but found [false],
	Viewsource not Contains Revtaxhttps://haleonstaging1:Health2023@sensodyne-v3-fr.preprod-cf65.ch.adobecqms.net/produits/dentifrice/sensibilite-et-gencives-menthe-douce expected [true] but found [false],
	Viewsource not Contains shoppablehttps://haleonstaging1:Health2023@sensodyne-v3-fr.preprod-cf65.ch.adobecqms.net/produits/dentifrice/sensibilite-et-gencives-menthe-douce expected [true] but found [false],
	Viewsource not Contains jebbithttps://haleonstaging1:Health2023@sensodyne-v3-fr.preprod-cf65.ch.adobecqms.net/produits/dentifrice/sensibilite-et-gencives-menthe-douce expected [true] but found [false],
	Viewsource not Contains preconnecthttps://haleonstaging1:Health2023@sensodyne-v3-fr.preprod-cf65.ch.adobecqms.net/produits/dentifrice/sensibilite-et-gencives-menthe-douce expected [true] but found [false]" type="java.lang.AssertionError">
      <![CDATA[java.lang.AssertionError: The following asserts failed:
Viewsource not Contains PriceSpiderhttps://haleonstaging1:Health2023@sensodyne-v3-fr.preprod-cf65.ch.adobecqms.net/ expected [true] but found [false],
Viewsource not Contains gigyahttps://haleonstaging1:Health2023@sensodyne-v3-fr.preprod-cf65.ch.adobecqms.net/ expected [true] but found [false],
Viewsource not Contains BazaarVoicehttps://haleonstaging1:Health2023@sensodyne-v3-fr.preprod-cf65.ch.adobecqms.net/ expected [true] but found [false],
Viewsource not Contains Revtaxhttps://haleonstaging1:Health2023@sensodyne-v3-fr.preprod-cf65.ch.adobecqms.net/ expected [true] but found [false],
Viewsource not Contains shoppablehttps://haleonstaging1:Health2023@sensodyne-v3-fr.preprod-cf65.ch.adobecqms.net/ expected [true] but found [false],
Viewsource not Contains jebbithttps://haleonstaging1:Health2023@sensodyne-v3-fr.preprod-cf65.ch.adobecqms.net/ expected [true] but found [false],
Viewsource not Contains PriceSpiderhttps://haleonstaging1:Health2023@sensodyne-v3-fr.preprod-cf65.ch.adobecqms.net/contact/ expected [true] but found [false],
Viewsource not Contains gigyahttps://haleonstaging1:Health2023@sensodyne-v3-fr.preprod-cf65.ch.adobecqms.net/contact/ expected [true] but found [false],
Viewsource not Contains BazaarVoicehttps://haleonstaging1:Health2023@sensodyne-v3-fr.preprod-cf65.ch.adobecqms.net/contact/ expected [true] but found [false],
Viewsource not Contains Revtaxhttps://haleonstaging1:Health2023@sensodyne-v3-fr.preprod-cf65.ch.adobecqms.net/contact/ expected [true] but found [false],
Viewsource not Contains shoppablehttps://haleonstaging1:Health2023@sensodyne-v3-fr.preprod-cf65.ch.adobecqms.net/contact/ expected [true] but found [false],
Viewsource not Contains jebbithttps://haleonstaging1:Health2023@sensodyne-v3-fr.preprod-cf65.ch.adobecqms.net/contact/ expected [true] but found [false],
Viewsource not Contains PriceSpiderhttps://haleonstaging1:Health2023@sensodyne-v3-fr.preprod-cf65.ch.adobecqms.net/produits/ expected [true] but found [false],
Viewsource not Contains gigyahttps://haleonstaging1:Health2023@sensodyne-v3-fr.preprod-cf65.ch.adobecqms.net/produits/ expected [true] but found [false],
Viewsource not Contains BazaarVoicehttps://haleonstaging1:Health2023@sensodyne-v3-fr.preprod-cf65.ch.adobecqms.net/produits/ expected [true] but found [false],
Viewsource not Contains Revtaxhttps://haleonstaging1:Health2023@sensodyne-v3-fr.preprod-cf65.ch.adobecqms.net/produits/ expected [true] but found [false],
Viewsource not Contains shoppablehttps://haleonstaging1:Health2023@sensodyne-v3-fr.preprod-cf65.ch.adobecqms.net/produits/ expected [true] but found [false],
Viewsource not Contains jebbithttps://haleonstaging1:Health2023@sensodyne-v3-fr.preprod-cf65.ch.adobecqms.net/produits/ expected [true] but found [false],
Viewsource not Contains PriceSpiderhttps://haleonstaging1:Health2023@sensodyne-v3-fr.preprod-cf65.ch.adobecqms.net/produits/dentifrice/sensibilite-et-gencives-menthe-douce expected [true] but found [false],
Viewsource not Contains gigyahttps://haleonstaging1:Health2023@sensodyne-v3-fr.preprod-cf65.ch.adobecqms.net/produits/dentifrice/sensibilite-et-gencives-menthe-douce expected [true] but found [false],
Viewsource not Contains BazaarVoicehttps://haleonstaging1:Health2023@sensodyne-v3-fr.preprod-cf65.ch.adobecqms.net/produits/dentifrice/sensibilite-et-gencives-menthe-douce expected [true] but found [false],
Viewsource not Contains Revtaxhttps://haleonstaging1:Health2023@sensodyne-v3-fr.preprod-cf65.ch.adobecqms.net/produits/dentifrice/sensibilite-et-gencives-menthe-douce expected [true] but found [false],
Viewsource not Contains shoppablehttps://haleonstaging1:Health2023@sensodyne-v3-fr.preprod-cf65.ch.adobecqms.net/produits/dentifrice/sensibilite-et-gencives-menthe-douce expected [true] but found [false],
Viewsource not Contains jebbithttps://haleonstaging1:Health2023@sensodyne-v3-fr.preprod-cf65.ch.adobecqms.net/produits/dentifrice/sensibilite-et-gencives-menthe-douce expected [true] but found [false],
Viewsource not Contains preconnecthttps://haleonstaging1:Health2023@sensodyne-v3-fr.preprod-cf65.ch.adobecqms.net/produits/dentifrice/sensibilite-et-gencives-menthe-douce expected [true] but found [false]
at org.testng.asserts.SoftAssert.assertAll(SoftAssert.java:47)
at org.testng.asserts.SoftAssert.assertAll(SoftAssert.java:31)
at com.qa.bens.checklist.page.CheckListTPIPage.verifyTPI(CheckListTPIPage.java:98)
at com.qa.bens.checklist.test.CheckListTPITest.findingTPI(CheckListTPITest.java:22)
at java.base/jdk.internal.reflect.DirectMethodHandleAccessor.invoke(DirectMethodHandleAccessor.java:104)
at java.base/java.lang.reflect.Method.invoke(Method.java:577)
at org.testng.internal.MethodInvocationHelper.invokeMethod(MethodInvocationHelper.java:133)
at org.testng.internal.TestInvoker.invokeMethod(TestInvoker.java:598)
at org.testng.internal.TestInvoker.invokeTestMethod(TestInvoker.java:173)
at org.testng.internal.MethodRunner.runInSequence(MethodRunner.java:46)
at org.testng.internal.TestInvoker$MethodInvocationAgent.invoke(TestInvoker.java:824)
at org.testng.internal.TestInvoker.invokeTestMethods(TestInvoker.java:146)
at org.testng.internal.TestMethodWorker.invokeTestMethods(TestMethodWorker.java:146)
at org.testng.internal.TestMethodWorker.run(TestMethodWorker.java:128)
at java.base/java.util.ArrayList.forEach(ArrayList.java:1511)
at org.testng.TestRunner.privateRun(TestRunner.java:794)
at org.testng.TestRunner.run(TestRunner.java:596)
at org.testng.SuiteRunner.runTest(SuiteRunner.java:377)
at org.testng.SuiteRunner.runSequentially(SuiteRunner.java:371)
at org.testng.SuiteRunner.privateRun(SuiteRunner.java:332)
at org.testng.SuiteRunner.run(SuiteRunner.java:276)
at org.testng.SuiteRunnerWorker.runSuite(SuiteRunnerWorker.java:53)
at org.testng.SuiteRunnerWorker.run(SuiteRunnerWorker.java:96)
at org.testng.TestNG.runSuitesSequentially(TestNG.java:1212)
at org.testng.TestNG.runSuitesLocally(TestNG.java:1134)
at org.testng.TestNG.runSuites(TestNG.java:1063)
at org.testng.TestNG.run(TestNG.java:1031)
at org.testng.remote.AbstractRemoteTestNG.run(AbstractRemoteTestNG.java:115)
at org.testng.remote.RemoteTestNG.initAndRun(RemoteTestNG.java:251)
at org.testng.remote.RemoteTestNG.main(RemoteTestNG.java:77)
]]>
    </failure>
  </testcase> <!-- findingTPI -->
  <system-out/>
  <testcase classname="com.qa.bens.checklist.test.CheckListTPITest" name="findingTPI" time="1.137">
    <failure message="The following asserts failed:
	Viewsource not Contains PriceSpiderhttps://haleonstaging1:Health2023@sensodyne-v3-fr.preprod-cf65.ch.adobecqms.net/ expected [true] but found [false],
	Viewsource not Contains gigyahttps://haleonstaging1:Health2023@sensodyne-v3-fr.preprod-cf65.ch.adobecqms.net/ expected [true] but found [false],
	Viewsource not Contains BazaarVoicehttps://haleonstaging1:Health2023@sensodyne-v3-fr.preprod-cf65.ch.adobecqms.net/ expected [true] but found [false],
	Viewsource not Contains Revtaxhttps://haleonstaging1:Health2023@sensodyne-v3-fr.preprod-cf65.ch.adobecqms.net/ expected [true] but found [false],
	Viewsource not Contains shoppablehttps://haleonstaging1:Health2023@sensodyne-v3-fr.preprod-cf65.ch.adobecqms.net/ expected [true] but found [false],
	Viewsource not Contains jebbithttps://haleonstaging1:Health2023@sensodyne-v3-fr.preprod-cf65.ch.adobecqms.net/ expected [true] but found [false],
	Viewsource not Contains PriceSpiderhttps://haleonstaging1:Health2023@sensodyne-v3-fr.preprod-cf65.ch.adobecqms.net/contact/ expected [true] but found [false],
	Viewsource not Contains gigyahttps://haleonstaging1:Health2023@sensodyne-v3-fr.preprod-cf65.ch.adobecqms.net/contact/ expected [true] but found [false],
	Viewsource not Contains BazaarVoicehttps://haleonstaging1:Health2023@sensodyne-v3-fr.preprod-cf65.ch.adobecqms.net/contact/ expected [true] but found [false],
	Viewsource not Contains Revtaxhttps://haleonstaging1:Health2023@sensodyne-v3-fr.preprod-cf65.ch.adobecqms.net/contact/ expected [true] but found [false],
	Viewsource not Contains shoppablehttps://haleonstaging1:Health2023@sensodyne-v3-fr.preprod-cf65.ch.adobecqms.net/contact/ expected [true] but found [false],
	Viewsource not Contains jebbithttps://haleonstaging1:Health2023@sensodyne-v3-fr.preprod-cf65.ch.adobecqms.net/contact/ expected [true] but found [false],
	Viewsource not Contains PriceSpiderhttps://haleonstaging1:Health2023@sensodyne-v3-fr.preprod-cf65.ch.adobecqms.net/produits/ expected [true] but found [false],
	Viewsource not Contains gigyahttps://haleonstaging1:Health2023@sensodyne-v3-fr.preprod-cf65.ch.adobecqms.net/produits/ expected [true] but found [false],
	Viewsource not Contains BazaarVoicehttps://haleonstaging1:Health2023@sensodyne-v3-fr.preprod-cf65.ch.adobecqms.net/produits/ expected [true] but found [false],
	Viewsource not Contains Revtaxhttps://haleonstaging1:Health2023@sensodyne-v3-fr.preprod-cf65.ch.adobecqms.net/produits/ expected [true] but found [false],
	Viewsource not Contains shoppablehttps://haleonstaging1:Health2023@sensodyne-v3-fr.preprod-cf65.ch.adobecqms.net/produits/ expected [true] but found [false],
	Viewsource not Contains jebbithttps://haleonstaging1:Health2023@sensodyne-v3-fr.preprod-cf65.ch.adobecqms.net/produits/ expected [true] but found [false],
	Viewsource not Contains PriceSpiderhttps://haleonstaging1:Health2023@sensodyne-v3-fr.preprod-cf65.ch.adobecqms.net/produits/dentifrice/sensibilite-et-gencives-menthe-douce expected [true] but found [false],
	Viewsource not Contains gigyahttps://haleonstaging1:Health2023@sensodyne-v3-fr.preprod-cf65.ch.adobecqms.net/produits/dentifrice/sensibilite-et-gencives-menthe-douce expected [true] but found [false],
	Viewsource not Contains BazaarVoicehttps://haleonstaging1:Health2023@sensodyne-v3-fr.preprod-cf65.ch.adobecqms.net/produits/dentifrice/sensibilite-et-gencives-menthe-douce expected [true] but found [false],
	Viewsource not Contains Revtaxhttps://haleonstaging1:Health2023@sensodyne-v3-fr.preprod-cf65.ch.adobecqms.net/produits/dentifrice/sensibilite-et-gencives-menthe-douce expected [true] but found [false],
	Viewsource not Contains shoppablehttps://haleonstaging1:Health2023@sensodyne-v3-fr.preprod-cf65.ch.adobecqms.net/produits/dentifrice/sensibilite-et-gencives-menthe-douce expected [true] but found [false],
	Viewsource not Contains jebbithttps://haleonstaging1:Health2023@sensodyne-v3-fr.preprod-cf65.ch.adobecqms.net/produits/dentifrice/sensibilite-et-gencives-menthe-douce expected [true] but found [false],
	Viewsource not Contains preconnecthttps://haleonstaging1:Health2023@sensodyne-v3-fr.preprod-cf65.ch.adobecqms.net/produits/dentifrice/sensibilite-et-gencives-menthe-douce expected [true] but found [false],
	Viewsource not Contains PriceSpiderhttps://haleonstaging1:Health2023@sensodyne-v3-fr.preprod-cf65.ch.adobecqms.net/produits/dentifrice/sensibilite-et-gencives-blancheur expected [true] but found [false],
	Viewsource not Contains gigyahttps://haleonstaging1:Health2023@sensodyne-v3-fr.preprod-cf65.ch.adobecqms.net/produits/dentifrice/sensibilite-et-gencives-blancheur expected [true] but found [false],
	Viewsource not Contains BazaarVoicehttps://haleonstaging1:Health2023@sensodyne-v3-fr.preprod-cf65.ch.adobecqms.net/produits/dentifrice/sensibilite-et-gencives-blancheur expected [true] but found [false],
	Viewsource not Contains Revtaxhttps://haleonstaging1:Health2023@sensodyne-v3-fr.preprod-cf65.ch.adobecqms.net/produits/dentifrice/sensibilite-et-gencives-blancheur expected [true] but found [false],
	Viewsource not Contains shoppablehttps://haleonstaging1:Health2023@sensodyne-v3-fr.preprod-cf65.ch.adobecqms.net/produits/dentifrice/sensibilite-et-gencives-blancheur expected [true] but found [false],
	Viewsource not Contains jebbithttps://haleonstaging1:Health2023@sensodyne-v3-fr.preprod-cf65.ch.adobecqms.net/produits/dentifrice/sensibilite-et-gencives-blancheur expected [true] but found [false],
	Viewsource not Contains preconnecthttps://haleonstaging1:Health2023@sensodyne-v3-fr.preprod-cf65.ch.adobecqms.net/produits/dentifrice/sensibilite-et-gencives-blancheur expected [true] but found [false],
	Viewsource not Contains PriceSpiderhttps://haleonstaging1:Health2023@sensodyne-v3-fr.preprod-cf65.ch.adobecqms.net/produits/dentifrice/sensibilite-et-gencives-menthe-fraiche expected [true] but found [false],
	Viewsource not Contains gigyahttps://haleonstaging1:Health2023@sensodyne-v3-fr.preprod-cf65.ch.adobecqms.net/produits/dentifrice/sensibilite-et-gencives-menthe-fraiche expected [true] but found [false],
	Viewsource not Contains BazaarVoicehttps://haleonstaging1:Health2023@sensodyne-v3-fr.preprod-cf65.ch.adobecqms.net/produits/dentifrice/sensibilite-et-gencives-menthe-fraiche expected [true] but found [false],
	Viewsource not Contains Revtaxhttps://haleonstaging1:Health2023@sensodyne-v3-fr.preprod-cf65.ch.adobecqms.net/produits/dentifrice/sensibilite-et-gencives-menthe-fraiche expected [true] but found [false],
	Viewsource not Contains shoppablehttps://haleonstaging1:Health2023@sensodyne-v3-fr.preprod-cf65.ch.adobecqms.net/produits/dentifrice/sensibilite-et-gencives-menthe-fraiche expected [true] but found [false],
	Viewsource not Contains jebbithttps://haleonstaging1:Health2023@sensodyne-v3-fr.preprod-cf65.ch.adobecqms.net/produits/dentifrice/sensibilite-et-gencives-menthe-fraiche expected [true] but found [false],
	Viewsource not Contains preconnecthttps://haleonstaging1:Health2023@sensodyne-v3-fr.preprod-cf65.ch.adobecqms.net/produits/dentifrice/sensibilite-et-gencives-menthe-fraiche expected [true] but found [false],
	Viewsource not Contains PriceSpiderhttps://haleonstaging1:Health2023@sensodyne-v3-fr.preprod-cf65.ch.adobecqms.net/produits/brosse-a-dents/sensibilite-et-gencives/ expected [true] but found [false],
	Viewsource not Contains gigyahttps://haleonstaging1:Health2023@sensodyne-v3-fr.preprod-cf65.ch.adobecqms.net/produits/brosse-a-dents/sensibilite-et-gencives/ expected [true] but found [false],
	Viewsource not Contains BazaarVoicehttps://haleonstaging1:Health2023@sensodyne-v3-fr.preprod-cf65.ch.adobecqms.net/produits/brosse-a-dents/sensibilite-et-gencives/ expected [true] but found [false],
	Viewsource not Contains Revtaxhttps://haleonstaging1:Health2023@sensodyne-v3-fr.preprod-cf65.ch.adobecqms.net/produits/brosse-a-dents/sensibilite-et-gencives/ expected [true] but found [false],
	Viewsource not Contains shoppablehttps://haleonstaging1:Health2023@sensodyne-v3-fr.preprod-cf65.ch.adobecqms.net/produits/brosse-a-dents/sensibilite-et-gencives/ expected [true] but found [false],
	Viewsource not Contains jebbithttps://haleonstaging1:Health2023@sensodyne-v3-fr.preprod-cf65.ch.adobecqms.net/produits/brosse-a-dents/sensibilite-et-gencives/ expected [true] but found [false],
	Viewsource not Contains preconnecthttps://haleonstaging1:Health2023@sensodyne-v3-fr.preprod-cf65.ch.adobecqms.net/produits/brosse-a-dents/sensibilite-et-gencives/ expected [true] but found [false],
	Viewsource not Contains PriceSpiderhttps://haleonstaging1:Health2023@sensodyne-v3-fr.preprod-cf65.ch.adobecqms.net/produits/dentifrice/rapide-action-menthe expected [true] but found [false],
	Viewsource not Contains gigyahttps://haleonstaging1:Health2023@sensodyne-v3-fr.preprod-cf65.ch.adobecqms.net/produits/dentifrice/rapide-action-menthe expected [true] but found [false],
	Viewsource not Contains BazaarVoicehttps://haleonstaging1:Health2023@sensodyne-v3-fr.preprod-cf65.ch.adobecqms.net/produits/dentifrice/rapide-action-menthe expected [true] but found [false],
	Viewsource not Contains Revtaxhttps://haleonstaging1:Health2023@sensodyne-v3-fr.preprod-cf65.ch.adobecqms.net/produits/dentifrice/rapide-action-menthe expected [true] but found [false],
	Viewsource not Contains shoppablehttps://haleonstaging1:Health2023@sensodyne-v3-fr.preprod-cf65.ch.adobecqms.net/produits/dentifrice/rapide-action-menthe expected [true] but found [false],
	Viewsource not Contains jebbithttps://haleonstaging1:Health2023@sensodyne-v3-fr.preprod-cf65.ch.adobecqms.net/produits/dentifrice/rapide-action-menthe expected [true] but found [false],
	Viewsource not Contains preconnecthttps://haleonstaging1:Health2023@sensodyne-v3-fr.preprod-cf65.ch.adobecqms.net/produits/dentifrice/rapide-action-menthe expected [true] but found [false],
	Viewsource not Contains PriceSpiderhttps://haleonstaging1:Health2023@sensodyne-v3-fr.preprod-cf65.ch.adobecqms.net/produits/dentifrice/rapide-action-extra-fresh expected [true] but found [false],
	Viewsource not Contains gigyahttps://haleonstaging1:Health2023@sensodyne-v3-fr.preprod-cf65.ch.adobecqms.net/produits/dentifrice/rapide-action-extra-fresh expected [true] but found [false],
	Viewsource not Contains BazaarVoicehttps://haleonstaging1:Health2023@sensodyne-v3-fr.preprod-cf65.ch.adobecqms.net/produits/dentifrice/rapide-action-extra-fresh expected [true] but found [false],
	Viewsource not Contains Revtaxhttps://haleonstaging1:Health2023@sensodyne-v3-fr.preprod-cf65.ch.adobecqms.net/produits/dentifrice/rapide-action-extra-fresh expected [true] but found [false],
	Viewsource not Contains shoppablehttps://haleonstaging1:Health2023@sensodyne-v3-fr.preprod-cf65.ch.adobecqms.net/produits/dentifrice/rapide-action-extra-fresh expected [true] but found [false],
	Viewsource not Contains jebbithttps://haleonstaging1:Health2023@sensodyne-v3-fr.preprod-cf65.ch.adobecqms.net/produits/dentifrice/rapide-action-extra-fresh expected [true] but found [false],
	Viewsource not Contains preconnecthttps://haleonstaging1:Health2023@sensodyne-v3-fr.preprod-cf65.ch.adobecqms.net/produits/dentifrice/rapide-action-extra-fresh expected [true] but found [false],
	Viewsource not Contains PriceSpiderhttps://haleonstaging1:Health2023@sensodyne-v3-fr.preprod-cf65.ch.adobecqms.net/produits/brosse-a-dents/rapide-action expected [true] but found [false],
	Viewsource not Contains gigyahttps://haleonstaging1:Health2023@sensodyne-v3-fr.preprod-cf65.ch.adobecqms.net/produits/brosse-a-dents/rapide-action expected [true] but found [false],
	Viewsource not Contains BazaarVoicehttps://haleonstaging1:Health2023@sensodyne-v3-fr.preprod-cf65.ch.adobecqms.net/produits/brosse-a-dents/rapide-action expected [true] but found [false],
	Viewsource not Contains Revtaxhttps://haleonstaging1:Health2023@sensodyne-v3-fr.preprod-cf65.ch.adobecqms.net/produits/brosse-a-dents/rapide-action expected [true] but found [false],
	Viewsource not Contains shoppablehttps://haleonstaging1:Health2023@sensodyne-v3-fr.preprod-cf65.ch.adobecqms.net/produits/brosse-a-dents/rapide-action expected [true] but found [false],
	Viewsource not Contains jebbithttps://haleonstaging1:Health2023@sensodyne-v3-fr.preprod-cf65.ch.adobecqms.net/produits/brosse-a-dents/rapide-action expected [true] but found [false],
	Viewsource not Contains preconnecthttps://haleonstaging1:Health2023@sensodyne-v3-fr.preprod-cf65.ch.adobecqms.net/produits/brosse-a-dents/rapide-action expected [true] but found [false],
	Viewsource not Contains PriceSpiderhttps://haleonstaging1:Health2023@sensodyne-v3-fr.preprod-cf65.ch.adobecqms.net/produits/dentifrice/rapide-action-blancheur expected [true] but found [false],
	Viewsource not Contains gigyahttps://haleonstaging1:Health2023@sensodyne-v3-fr.preprod-cf65.ch.adobecqms.net/produits/dentifrice/rapide-action-blancheur expected [true] but found [false],
	Viewsource not Contains BazaarVoicehttps://haleonstaging1:Health2023@sensodyne-v3-fr.preprod-cf65.ch.adobecqms.net/produits/dentifrice/rapide-action-blancheur expected [true] but found [false],
	Viewsource not Contains Revtaxhttps://haleonstaging1:Health2023@sensodyne-v3-fr.preprod-cf65.ch.adobecqms.net/produits/dentifrice/rapide-action-blancheur expected [true] but found [false],
	Viewsource not Contains shoppablehttps://haleonstaging1:Health2023@sensodyne-v3-fr.preprod-cf65.ch.adobecqms.net/produits/dentifrice/rapide-action-blancheur expected [true] but found [false],
	Viewsource not Contains jebbithttps://haleonstaging1:Health2023@sensodyne-v3-fr.preprod-cf65.ch.adobecqms.net/produits/dentifrice/rapide-action-blancheur expected [true] but found [false],
	Viewsource not Contains preconnecthttps://haleonstaging1:Health2023@sensodyne-v3-fr.preprod-cf65.ch.adobecqms.net/produits/dentifrice/rapide-action-blancheur expected [true] but found [false],
	Viewsource not Contains PriceSpiderhttps://haleonstaging1:Health2023@sensodyne-v3-fr.preprod-cf65.ch.adobecqms.net/produits/dentifrice/repare-et-protege-blancheur expected [true] but found [false],
	Viewsource not Contains gigyahttps://haleonstaging1:Health2023@sensodyne-v3-fr.preprod-cf65.ch.adobecqms.net/produits/dentifrice/repare-et-protege-blancheur expected [true] but found [false],
	Viewsource not Contains BazaarVoicehttps://haleonstaging1:Health2023@sensodyne-v3-fr.preprod-cf65.ch.adobecqms.net/produits/dentifrice/repare-et-protege-blancheur expected [true] but found [false],
	Viewsource not Contains Revtaxhttps://haleonstaging1:Health2023@sensodyne-v3-fr.preprod-cf65.ch.adobecqms.net/produits/dentifrice/repare-et-protege-blancheur expected [true] but found [false],
	Viewsource not Contains shoppablehttps://haleonstaging1:Health2023@sensodyne-v3-fr.preprod-cf65.ch.adobecqms.net/produits/dentifrice/repare-et-protege-blancheur expected [true] but found [false],
	Viewsource not Contains jebbithttps://haleonstaging1:Health2023@sensodyne-v3-fr.preprod-cf65.ch.adobecqms.net/produits/dentifrice/repare-et-protege-blancheur expected [true] but found [false],
	Viewsource not Contains preconnecthttps://haleonstaging1:Health2023@sensodyne-v3-fr.preprod-cf65.ch.adobecqms.net/produits/dentifrice/repare-et-protege-blancheur expected [true] but found [false],
	Viewsource not Contains PriceSpiderhttps://haleonstaging1:Health2023@sensodyne-v3-fr.preprod-cf65.ch.adobecqms.net/produits/dentifrice/repare-et-protege-extra-fresh expected [true] but found [false],
	Viewsource not Contains gigyahttps://haleonstaging1:Health2023@sensodyne-v3-fr.preprod-cf65.ch.adobecqms.net/produits/dentifrice/repare-et-protege-extra-fresh expected [true] but found [false],
	Viewsource not Contains BazaarVoicehttps://haleonstaging1:Health2023@sensodyne-v3-fr.preprod-cf65.ch.adobecqms.net/produits/dentifrice/repare-et-protege-extra-fresh expected [true] but found [false],
	Viewsource not Contains Revtaxhttps://haleonstaging1:Health2023@sensodyne-v3-fr.preprod-cf65.ch.adobecqms.net/produits/dentifrice/repare-et-protege-extra-fresh expected [true] but found [false],
	Viewsource not Contains shoppablehttps://haleonstaging1:Health2023@sensodyne-v3-fr.preprod-cf65.ch.adobecqms.net/produits/dentifrice/repare-et-protege-extra-fresh expected [true] but found [false],
	Viewsource not Contains jebbithttps://haleonstaging1:Health2023@sensodyne-v3-fr.preprod-cf65.ch.adobecqms.net/produits/dentifrice/repare-et-protege-extra-fresh expected [true] but found [false],
	Viewsource not Contains preconnecthttps://haleonstaging1:Health2023@sensodyne-v3-fr.preprod-cf65.ch.adobecqms.net/produits/dentifrice/repare-et-protege-extra-fresh expected [true] but found [false],
	Viewsource not Contains PriceSpiderhttps://haleonstaging1:Health2023@sensodyne-v3-fr.preprod-cf65.ch.adobecqms.net/produits/brosse-a-dents/repare-et-protege expected [true] but found [false],
	Viewsource not Contains gigyahttps://haleonstaging1:Health2023@sensodyne-v3-fr.preprod-cf65.ch.adobecqms.net/produits/brosse-a-dents/repare-et-protege expected [true] but found [false],
	Viewsource not Contains BazaarVoicehttps://haleonstaging1:Health2023@sensodyne-v3-fr.preprod-cf65.ch.adobecqms.net/produits/brosse-a-dents/repare-et-protege expected [true] but found [false],
	Viewsource not Contains Revtaxhttps://haleonstaging1:Health2023@sensodyne-v3-fr.preprod-cf65.ch.adobecqms.net/produits/brosse-a-dents/repare-et-protege expected [true] but found [false],
	Viewsource not Contains shoppablehttps://haleonstaging1:Health2023@sensodyne-v3-fr.preprod-cf65.ch.adobecqms.net/produits/brosse-a-dents/repare-et-protege expected [true] but found [false],
	Viewsource not Contains jebbithttps://haleonstaging1:Health2023@sensodyne-v3-fr.preprod-cf65.ch.adobecqms.net/produits/brosse-a-dents/repare-et-protege expected [true] but found [false],
	Viewsource not Contains preconnecthttps://haleonstaging1:Health2023@sensodyne-v3-fr.preprod-cf65.ch.adobecqms.net/produits/brosse-a-dents/repare-et-protege expected [true] but found [false],
	Viewsource not Contains PriceSpiderhttps://haleonstaging1:Health2023@sensodyne-v3-fr.preprod-cf65.ch.adobecqms.net/produits/dentifrice/repare-et-protege-menthe expected [true] but found [false],
	Viewsource not Contains gigyahttps://haleonstaging1:Health2023@sensodyne-v3-fr.preprod-cf65.ch.adobecqms.net/produits/dentifrice/repare-et-protege-menthe expected [true] but found [false],
	Viewsource not Contains BazaarVoicehttps://haleonstaging1:Health2023@sensodyne-v3-fr.preprod-cf65.ch.adobecqms.net/produits/dentifrice/repare-et-protege-menthe expected [true] but found [false],
	Viewsource not Contains Revtaxhttps://haleonstaging1:Health2023@sensodyne-v3-fr.preprod-cf65.ch.adobecqms.net/produits/dentifrice/repare-et-protege-menthe expected [true] but found [false],
	Viewsource not Contains shoppablehttps://haleonstaging1:Health2023@sensodyne-v3-fr.preprod-cf65.ch.adobecqms.net/produits/dentifrice/repare-et-protege-menthe expected [true] but found [false],
	Viewsource not Contains jebbithttps://haleonstaging1:Health2023@sensodyne-v3-fr.preprod-cf65.ch.adobecqms.net/produits/dentifrice/repare-et-protege-menthe expected [true] but found [false],
	Viewsource not Contains preconnecthttps://haleonstaging1:Health2023@sensodyne-v3-fr.preprod-cf65.ch.adobecqms.net/produits/dentifrice/repare-et-protege-menthe expected [true] but found [false]" type="java.lang.AssertionError">
      <![CDATA[java.lang.AssertionError: The following asserts failed:
Viewsource not Contains PriceSpiderhttps://haleonstaging1:Health2023@sensodyne-v3-fr.preprod-cf65.ch.adobecqms.net/ expected [true] but found [false],
Viewsource not Contains gigyahttps://haleonstaging1:Health2023@sensodyne-v3-fr.preprod-cf65.ch.adobecqms.net/ expected [true] but found [false],
Viewsource not Contains BazaarVoicehttps://haleonstaging1:Health2023@sensodyne-v3-fr.preprod-cf65.ch.adobecqms.net/ expected [true] but found [false],
Viewsource not Contains Revtaxhttps://haleonstaging1:Health2023@sensodyne-v3-fr.preprod-cf65.ch.adobecqms.net/ expected [true] but found [false],
Viewsource not Contains shoppablehttps://haleonstaging1:Health2023@sensodyne-v3-fr.preprod-cf65.ch.adobecqms.net/ expected [true] but found [false],
Viewsource not Contains jebbithttps://haleonstaging1:Health2023@sensodyne-v3-fr.preprod-cf65.ch.adobecqms.net/ expected [true] but found [false],
Viewsource not Contains PriceSpiderhttps://haleonstaging1:Health2023@sensodyne-v3-fr.preprod-cf65.ch.adobecqms.net/contact/ expected [true] but found [false],
Viewsource not Contains gigyahttps://haleonstaging1:Health2023@sensodyne-v3-fr.preprod-cf65.ch.adobecqms.net/contact/ expected [true] but found [false],
Viewsource not Contains BazaarVoicehttps://haleonstaging1:Health2023@sensodyne-v3-fr.preprod-cf65.ch.adobecqms.net/contact/ expected [true] but found [false],
Viewsource not Contains Revtaxhttps://haleonstaging1:Health2023@sensodyne-v3-fr.preprod-cf65.ch.adobecqms.net/contact/ expected [true] but found [false],
Viewsource not Contains shoppablehttps://haleonstaging1:Health2023@sensodyne-v3-fr.preprod-cf65.ch.adobecqms.net/contact/ expected [true] but found [false],
Viewsource not Contains jebbithttps://haleonstaging1:Health2023@sensodyne-v3-fr.preprod-cf65.ch.adobecqms.net/contact/ expected [true] but found [false],
Viewsource not Contains PriceSpiderhttps://haleonstaging1:Health2023@sensodyne-v3-fr.preprod-cf65.ch.adobecqms.net/produits/ expected [true] but found [false],
Viewsource not Contains gigyahttps://haleonstaging1:Health2023@sensodyne-v3-fr.preprod-cf65.ch.adobecqms.net/produits/ expected [true] but found [false],
Viewsource not Contains BazaarVoicehttps://haleonstaging1:Health2023@sensodyne-v3-fr.preprod-cf65.ch.adobecqms.net/produits/ expected [true] but found [false],
Viewsource not Contains Revtaxhttps://haleonstaging1:Health2023@sensodyne-v3-fr.preprod-cf65.ch.adobecqms.net/produits/ expected [true] but found [false],
Viewsource not Contains shoppablehttps://haleonstaging1:Health2023@sensodyne-v3-fr.preprod-cf65.ch.adobecqms.net/produits/ expected [true] but found [false],
Viewsource not Contains jebbithttps://haleonstaging1:Health2023@sensodyne-v3-fr.preprod-cf65.ch.adobecqms.net/produits/ expected [true] but found [false],
Viewsource not Contains PriceSpiderhttps://haleonstaging1:Health2023@sensodyne-v3-fr.preprod-cf65.ch.adobecqms.net/produits/dentifrice/sensibilite-et-gencives-menthe-douce expected [true] but found [false],
Viewsource not Contains gigyahttps://haleonstaging1:Health2023@sensodyne-v3-fr.preprod-cf65.ch.adobecqms.net/produits/dentifrice/sensibilite-et-gencives-menthe-douce expected [true] but found [false],
Viewsource not Contains BazaarVoicehttps://haleonstaging1:Health2023@sensodyne-v3-fr.preprod-cf65.ch.adobecqms.net/produits/dentifrice/sensibilite-et-gencives-menthe-douce expected [true] but found [false],
Viewsource not Contains Revtaxhttps://haleonstaging1:Health2023@sensodyne-v3-fr.preprod-cf65.ch.adobecqms.net/produits/dentifrice/sensibilite-et-gencives-menthe-douce expected [true] but found [false],
Viewsource not Contains shoppablehttps://haleonstaging1:Health2023@sensodyne-v3-fr.preprod-cf65.ch.adobecqms.net/produits/dentifrice/sensibilite-et-gencives-menthe-douce expected [true] but found [false],
Viewsource not Contains jebbithttps://haleonstaging1:Health2023@sensodyne-v3-fr.preprod-cf65.ch.adobecqms.net/produits/dentifrice/sensibilite-et-gencives-menthe-douce expected [true] but found [false],
Viewsource not Contains preconnecthttps://haleonstaging1:Health2023@sensodyne-v3-fr.preprod-cf65.ch.adobecqms.net/produits/dentifrice/sensibilite-et-gencives-menthe-douce expected [true] but found [false],
Viewsource not Contains PriceSpiderhttps://haleonstaging1:Health2023@sensodyne-v3-fr.preprod-cf65.ch.adobecqms.net/produits/dentifrice/sensibilite-et-gencives-blancheur expected [true] but found [false],
Viewsource not Contains gigyahttps://haleonstaging1:Health2023@sensodyne-v3-fr.preprod-cf65.ch.adobecqms.net/produits/dentifrice/sensibilite-et-gencives-blancheur expected [true] but found [false],
Viewsource not Contains BazaarVoicehttps://haleonstaging1:Health2023@sensodyne-v3-fr.preprod-cf65.ch.adobecqms.net/produits/dentifrice/sensibilite-et-gencives-blancheur expected [true] but found [false],
Viewsource not Contains Revtaxhttps://haleonstaging1:Health2023@sensodyne-v3-fr.preprod-cf65.ch.adobecqms.net/produits/dentifrice/sensibilite-et-gencives-blancheur expected [true] but found [false],
Viewsource not Contains shoppablehttps://haleonstaging1:Health2023@sensodyne-v3-fr.preprod-cf65.ch.adobecqms.net/produits/dentifrice/sensibilite-et-gencives-blancheur expected [true] but found [false],
Viewsource not Contains jebbithttps://haleonstaging1:Health2023@sensodyne-v3-fr.preprod-cf65.ch.adobecqms.net/produits/dentifrice/sensibilite-et-gencives-blancheur expected [true] but found [false],
Viewsource not Contains preconnecthttps://haleonstaging1:Health2023@sensodyne-v3-fr.preprod-cf65.ch.adobecqms.net/produits/dentifrice/sensibilite-et-gencives-blancheur expected [true] but found [false],
Viewsource not Contains PriceSpiderhttps://haleonstaging1:Health2023@sensodyne-v3-fr.preprod-cf65.ch.adobecqms.net/produits/dentifrice/sensibilite-et-gencives-menthe-fraiche expected [true] but found [false],
Viewsource not Contains gigyahttps://haleonstaging1:Health2023@sensodyne-v3-fr.preprod-cf65.ch.adobecqms.net/produits/dentifrice/sensibilite-et-gencives-menthe-fraiche expected [true] but found [false],
Viewsource not Contains BazaarVoicehttps://haleonstaging1:Health2023@sensodyne-v3-fr.preprod-cf65.ch.adobecqms.net/produits/dentifrice/sensibilite-et-gencives-menthe-fraiche expected [true] but found [false],
Viewsource not Contains Revtaxhttps://haleonstaging1:Health2023@sensodyne-v3-fr.preprod-cf65.ch.adobecqms.net/produits/dentifrice/sensibilite-et-gencives-menthe-fraiche expected [true] but found [false],
Viewsource not Contains shoppablehttps://haleonstaging1:Health2023@sensodyne-v3-fr.preprod-cf65.ch.adobecqms.net/produits/dentifrice/sensibilite-et-gencives-menthe-fraiche expected [true] but found [false],
Viewsource not Contains jebbithttps://haleonstaging1:Health2023@sensodyne-v3-fr.preprod-cf65.ch.adobecqms.net/produits/dentifrice/sensibilite-et-gencives-menthe-fraiche expected [true] but found [false],
Viewsource not Contains preconnecthttps://haleonstaging1:Health2023@sensodyne-v3-fr.preprod-cf65.ch.adobecqms.net/produits/dentifrice/sensibilite-et-gencives-menthe-fraiche expected [true] but found [false],
Viewsource not Contains PriceSpiderhttps://haleonstaging1:Health2023@sensodyne-v3-fr.preprod-cf65.ch.adobecqms.net/produits/brosse-a-dents/sensibilite-et-gencives/ expected [true] but found [false],
Viewsource not Contains gigyahttps://haleonstaging1:Health2023@sensodyne-v3-fr.preprod-cf65.ch.adobecqms.net/produits/brosse-a-dents/sensibilite-et-gencives/ expected [true] but found [false],
Viewsource not Contains BazaarVoicehttps://haleonstaging1:Health2023@sensodyne-v3-fr.preprod-cf65.ch.adobecqms.net/produits/brosse-a-dents/sensibilite-et-gencives/ expected [true] but found [false],
Viewsource not Contains Revtaxhttps://haleonstaging1:Health2023@sensodyne-v3-fr.preprod-cf65.ch.adobecqms.net/produits/brosse-a-dents/sensibilite-et-gencives/ expected [true] but found [false],
Viewsource not Contains shoppablehttps://haleonstaging1:Health2023@sensodyne-v3-fr.preprod-cf65.ch.adobecqms.net/produits/brosse-a-dents/sensibilite-et-gencives/ expected [true] but found [false],
Viewsource not Contains jebbithttps://haleonstaging1:Health2023@sensodyne-v3-fr.preprod-cf65.ch.adobecqms.net/produits/brosse-a-dents/sensibilite-et-gencives/ expected [true] but found [false],
Viewsource not Contains preconnecthttps://haleonstaging1:Health2023@sensodyne-v3-fr.preprod-cf65.ch.adobecqms.net/produits/brosse-a-dents/sensibilite-et-gencives/ expected [true] but found [false],
Viewsource not Contains PriceSpiderhttps://haleonstaging1:Health2023@sensodyne-v3-fr.preprod-cf65.ch.adobecqms.net/produits/dentifrice/rapide-action-menthe expected [true] but found [false],
Viewsource not Contains gigyahttps://haleonstaging1:Health2023@sensodyne-v3-fr.preprod-cf65.ch.adobecqms.net/produits/dentifrice/rapide-action-menthe expected [true] but found [false],
Viewsource not Contains BazaarVoicehttps://haleonstaging1:Health2023@sensodyne-v3-fr.preprod-cf65.ch.adobecqms.net/produits/dentifrice/rapide-action-menthe expected [true] but found [false],
Viewsource not Contains Revtaxhttps://haleonstaging1:Health2023@sensodyne-v3-fr.preprod-cf65.ch.adobecqms.net/produits/dentifrice/rapide-action-menthe expected [true] but found [false],
Viewsource not Contains shoppablehttps://haleonstaging1:Health2023@sensodyne-v3-fr.preprod-cf65.ch.adobecqms.net/produits/dentifrice/rapide-action-menthe expected [true] but found [false],
Viewsource not Contains jebbithttps://haleonstaging1:Health2023@sensodyne-v3-fr.preprod-cf65.ch.adobecqms.net/produits/dentifrice/rapide-action-menthe expected [true] but found [false],
Viewsource not Contains preconnecthttps://haleonstaging1:Health2023@sensodyne-v3-fr.preprod-cf65.ch.adobecqms.net/produits/dentifrice/rapide-action-menthe expected [true] but found [false],
Viewsource not Contains PriceSpiderhttps://haleonstaging1:Health2023@sensodyne-v3-fr.preprod-cf65.ch.adobecqms.net/produits/dentifrice/rapide-action-extra-fresh expected [true] but found [false],
Viewsource not Contains gigyahttps://haleonstaging1:Health2023@sensodyne-v3-fr.preprod-cf65.ch.adobecqms.net/produits/dentifrice/rapide-action-extra-fresh expected [true] but found [false],
Viewsource not Contains BazaarVoicehttps://haleonstaging1:Health2023@sensodyne-v3-fr.preprod-cf65.ch.adobecqms.net/produits/dentifrice/rapide-action-extra-fresh expected [true] but found [false],
Viewsource not Contains Revtaxhttps://haleonstaging1:Health2023@sensodyne-v3-fr.preprod-cf65.ch.adobecqms.net/produits/dentifrice/rapide-action-extra-fresh expected [true] but found [false],
Viewsource not Contains shoppablehttps://haleonstaging1:Health2023@sensodyne-v3-fr.preprod-cf65.ch.adobecqms.net/produits/dentifrice/rapide-action-extra-fresh expected [true] but found [false],
Viewsource not Contains jebbithttps://haleonstaging1:Health2023@sensodyne-v3-fr.preprod-cf65.ch.adobecqms.net/produits/dentifrice/rapide-action-extra-fresh expected [true] but found [false],
Viewsource not Contains preconnecthttps://haleonstaging1:Health2023@sensodyne-v3-fr.preprod-cf65.ch.adobecqms.net/produits/dentifrice/rapide-action-extra-fresh expected [true] but found [false],
Viewsource not Contains PriceSpiderhttps://haleonstaging1:Health2023@sensodyne-v3-fr.preprod-cf65.ch.adobecqms.net/produits/brosse-a-dents/rapide-action expected [true] but found [false],
Viewsource not Contains gigyahttps://haleonstaging1:Health2023@sensodyne-v3-fr.preprod-cf65.ch.adobecqms.net/produits/brosse-a-dents/rapide-action expected [true] but found [false],
Viewsource not Contains BazaarVoicehttps://haleonstaging1:Health2023@sensodyne-v3-fr.preprod-cf65.ch.adobecqms.net/produits/brosse-a-dents/rapide-action expected [true] but found [false],
Viewsource not Contains Revtaxhttps://haleonstaging1:Health2023@sensodyne-v3-fr.preprod-cf65.ch.adobecqms.net/produits/brosse-a-dents/rapide-action expected [true] but found [false],
Viewsource not Contains shoppablehttps://haleonstaging1:Health2023@sensodyne-v3-fr.preprod-cf65.ch.adobecqms.net/produits/brosse-a-dents/rapide-action expected [true] but found [false],
Viewsource not Contains jebbithttps://haleonstaging1:Health2023@sensodyne-v3-fr.preprod-cf65.ch.adobecqms.net/produits/brosse-a-dents/rapide-action expected [true] but found [false],
Viewsource not Contains preconnecthttps://haleonstaging1:Health2023@sensodyne-v3-fr.preprod-cf65.ch.adobecqms.net/produits/brosse-a-dents/rapide-action expected [true] but found [false],
Viewsource not Contains PriceSpiderhttps://haleonstaging1:Health2023@sensodyne-v3-fr.preprod-cf65.ch.adobecqms.net/produits/dentifrice/rapide-action-blancheur expected [true] but found [false],
Viewsource not Contains gigyahttps://haleonstaging1:Health2023@sensodyne-v3-fr.preprod-cf65.ch.adobecqms.net/produits/dentifrice/rapide-action-blancheur expected [true] but found [false],
Viewsource not Contains BazaarVoicehttps://haleonstaging1:Health2023@sensodyne-v3-fr.preprod-cf65.ch.adobecqms.net/produits/dentifrice/rapide-action-blancheur expected [true] but found [false],
Viewsource not Contains Revtaxhttps://haleonstaging1:Health2023@sensodyne-v3-fr.preprod-cf65.ch.adobecqms.net/produits/dentifrice/rapide-action-blancheur expected [true] but found [false],
Viewsource not Contains shoppablehttps://haleonstaging1:Health2023@sensodyne-v3-fr.preprod-cf65.ch.adobecqms.net/produits/dentifrice/rapide-action-blancheur expected [true] but found [false],
Viewsource not Contains jebbithttps://haleonstaging1:Health2023@sensodyne-v3-fr.preprod-cf65.ch.adobecqms.net/produits/dentifrice/rapide-action-blancheur expected [true] but found [false],
Viewsource not Contains preconnecthttps://haleonstaging1:Health2023@sensodyne-v3-fr.preprod-cf65.ch.adobecqms.net/produits/dentifrice/rapide-action-blancheur expected [true] but found [false],
Viewsource not Contains PriceSpiderhttps://haleonstaging1:Health2023@sensodyne-v3-fr.preprod-cf65.ch.adobecqms.net/produits/dentifrice/repare-et-protege-blancheur expected [true] but found [false],
Viewsource not Contains gigyahttps://haleonstaging1:Health2023@sensodyne-v3-fr.preprod-cf65.ch.adobecqms.net/produits/dentifrice/repare-et-protege-blancheur expected [true] but found [false],
Viewsource not Contains BazaarVoicehttps://haleonstaging1:Health2023@sensodyne-v3-fr.preprod-cf65.ch.adobecqms.net/produits/dentifrice/repare-et-protege-blancheur expected [true] but found [false],
Viewsource not Contains Revtaxhttps://haleonstaging1:Health2023@sensodyne-v3-fr.preprod-cf65.ch.adobecqms.net/produits/dentifrice/repare-et-protege-blancheur expected [true] but found [false],
Viewsource not Contains shoppablehttps://haleonstaging1:Health2023@sensodyne-v3-fr.preprod-cf65.ch.adobecqms.net/produits/dentifrice/repare-et-protege-blancheur expected [true] but found [false],
Viewsource not Contains jebbithttps://haleonstaging1:Health2023@sensodyne-v3-fr.preprod-cf65.ch.adobecqms.net/produits/dentifrice/repare-et-protege-blancheur expected [true] but found [false],
Viewsource not Contains preconnecthttps://haleonstaging1:Health2023@sensodyne-v3-fr.preprod-cf65.ch.adobecqms.net/produits/dentifrice/repare-et-protege-blancheur expected [true] but found [false],
Viewsource not Contains PriceSpiderhttps://haleonstaging1:Health2023@sensodyne-v3-fr.preprod-cf65.ch.adobecqms.net/produits/dentifrice/repare-et-protege-extra-fresh expected [true] but found [false],
Viewsource not Contains gigyahttps://haleonstaging1:Health2023@sensodyne-v3-fr.preprod-cf65.ch.adobecqms.net/produits/dentifrice/repare-et-protege-extra-fresh expected [true] but found [false],
Viewsource not Contains BazaarVoicehttps://haleonstaging1:Health2023@sensodyne-v3-fr.preprod-cf65.ch.adobecqms.net/produits/dentifrice/repare-et-protege-extra-fresh expected [true] but found [false],
Viewsource not Contains Revtaxhttps://haleonstaging1:Health2023@sensodyne-v3-fr.preprod-cf65.ch.adobecqms.net/produits/dentifrice/repare-et-protege-extra-fresh expected [true] but found [false],
Viewsource not Contains shoppablehttps://haleonstaging1:Health2023@sensodyne-v3-fr.preprod-cf65.ch.adobecqms.net/produits/dentifrice/repare-et-protege-extra-fresh expected [true] but found [false],
Viewsource not Contains jebbithttps://haleonstaging1:Health2023@sensodyne-v3-fr.preprod-cf65.ch.adobecqms.net/produits/dentifrice/repare-et-protege-extra-fresh expected [true] but found [false],
Viewsource not Contains preconnecthttps://haleonstaging1:Health2023@sensodyne-v3-fr.preprod-cf65.ch.adobecqms.net/produits/dentifrice/repare-et-protege-extra-fresh expected [true] but found [false],
Viewsource not Contains PriceSpiderhttps://haleonstaging1:Health2023@sensodyne-v3-fr.preprod-cf65.ch.adobecqms.net/produits/brosse-a-dents/repare-et-protege expected [true] but found [false],
Viewsource not Contains gigyahttps://haleonstaging1:Health2023@sensodyne-v3-fr.preprod-cf65.ch.adobecqms.net/produits/brosse-a-dents/repare-et-protege expected [true] but found [false],
Viewsource not Contains BazaarVoicehttps://haleonstaging1:Health2023@sensodyne-v3-fr.preprod-cf65.ch.adobecqms.net/produits/brosse-a-dents/repare-et-protege expected [true] but found [false],
Viewsource not Contains Revtaxhttps://haleonstaging1:Health2023@sensodyne-v3-fr.preprod-cf65.ch.adobecqms.net/produits/brosse-a-dents/repare-et-protege expected [true] but found [false],
Viewsource not Contains shoppablehttps://haleonstaging1:Health2023@sensodyne-v3-fr.preprod-cf65.ch.adobecqms.net/produits/brosse-a-dents/repare-et-protege expected [true] but found [false],
Viewsource not Contains jebbithttps://haleonstaging1:Health2023@sensodyne-v3-fr.preprod-cf65.ch.adobecqms.net/produits/brosse-a-dents/repare-et-protege expected [true] but found [false],
Viewsource not Contains preconnecthttps://haleonstaging1:Health2023@sensodyne-v3-fr.preprod-cf65.ch.adobecqms.net/produits/brosse-a-dents/repare-et-protege expected [true] but found [false],
Viewsource not Contains PriceSpiderhttps://haleonstaging1:Health2023@sensodyne-v3-fr.preprod-cf65.ch.adobecqms.net/produits/dentifrice/repare-et-protege-menthe expected [true] but found [false],
Viewsource not Contains gigyahttps://haleonstaging1:Health2023@sensodyne-v3-fr.preprod-cf65.ch.adobecqms.net/produits/dentifrice/repare-et-protege-menthe expected [true] but found [false],
Viewsource not Contains BazaarVoicehttps://haleonstaging1:Health2023@sensodyne-v3-fr.preprod-cf65.ch.adobecqms.net/produits/dentifrice/repare-et-protege-menthe expected [true] but found [false],
Viewsource not Contains Revtaxhttps://haleonstaging1:Health2023@sensodyne-v3-fr.preprod-cf65.ch.adobecqms.net/produits/dentifrice/repare-et-protege-menthe expected [true] but found [false],
Viewsource not Contains shoppablehttps://haleonstaging1:Health2023@sensodyne-v3-fr.preprod-cf65.ch.adobecqms.net/produits/dentifrice/repare-et-protege-menthe expected [true] but found [false],
Viewsource not Contains jebbithttps://haleonstaging1:Health2023@sensodyne-v3-fr.preprod-cf65.ch.adobecqms.net/produits/dentifrice/repare-et-protege-menthe expected [true] but found [false],
Viewsource not Contains preconnecthttps://haleonstaging1:Health2023@sensodyne-v3-fr.preprod-cf65.ch.adobecqms.net/produits/dentifrice/repare-et-protege-menthe expected [true] but found [false]
at org.testng.asserts.SoftAssert.assertAll(SoftAssert.java:47)
at org.testng.asserts.SoftAssert.assertAll(SoftAssert.java:31)
at com.qa.bens.checklist.page.CheckListTPIPage.verifyTPI(CheckListTPIPage.java:98)
at com.qa.bens.checklist.test.CheckListTPITest.findingTPI(CheckListTPITest.java:22)
at java.base/jdk.internal.reflect.DirectMethodHandleAccessor.invoke(DirectMethodHandleAccessor.java:104)
at java.base/java.lang.reflect.Method.invoke(Method.java:577)
at org.testng.internal.MethodInvocationHelper.invokeMethod(MethodInvocationHelper.java:133)
at org.testng.internal.TestInvoker.invokeMethod(TestInvoker.java:598)
at org.testng.internal.TestInvoker.invokeTestMethod(TestInvoker.java:173)
at org.testng.internal.MethodRunner.runInSequence(MethodRunner.java:46)
at org.testng.internal.TestInvoker$MethodInvocationAgent.invoke(TestInvoker.java:824)
at org.testng.internal.TestInvoker.invokeTestMethods(TestInvoker.java:146)
at org.testng.internal.TestMethodWorker.invokeTestMethods(TestMethodWorker.java:146)
at org.testng.internal.TestMethodWorker.run(TestMethodWorker.java:128)
at java.base/java.util.ArrayList.forEach(ArrayList.java:1511)
at org.testng.TestRunner.privateRun(TestRunner.java:794)
at org.testng.TestRunner.run(TestRunner.java:596)
at org.testng.SuiteRunner.runTest(SuiteRunner.java:377)
at org.testng.SuiteRunner.runSequentially(SuiteRunner.java:371)
at org.testng.SuiteRunner.privateRun(SuiteRunner.java:332)
at org.testng.SuiteRunner.run(SuiteRunner.java:276)
at org.testng.SuiteRunnerWorker.runSuite(SuiteRunnerWorker.java:53)
at org.testng.SuiteRunnerWorker.run(SuiteRunnerWorker.java:96)
at org.testng.TestNG.runSuitesSequentially(TestNG.java:1212)
at org.testng.TestNG.runSuitesLocally(TestNG.java:1134)
at org.testng.TestNG.runSuites(TestNG.java:1063)
at org.testng.TestNG.run(TestNG.java:1031)
at org.testng.remote.AbstractRemoteTestNG.run(AbstractRemoteTestNG.java:115)
at org.testng.remote.RemoteTestNG.initAndRun(RemoteTestNG.java:251)
at org.testng.remote.RemoteTestNG.main(RemoteTestNG.java:77)
]]>
    </failure>
  </testcase> <!-- findingTPI -->
  <system-out/>
  <testcase classname="com.qa.bens.checklist.test.CheckListTPITest" name="findingTPI" time="1.315">
    <failure message="The following asserts failed:
	Viewsource not Contains PriceSpiderhttps://haleonstaging1:Health2023@sensodyne-v3-fr.preprod-cf65.ch.adobecqms.net/ expected [true] but found [false],
	Viewsource not Contains gigyahttps://haleonstaging1:Health2023@sensodyne-v3-fr.preprod-cf65.ch.adobecqms.net/ expected [true] but found [false],
	Viewsource not Contains BazaarVoicehttps://haleonstaging1:Health2023@sensodyne-v3-fr.preprod-cf65.ch.adobecqms.net/ expected [true] but found [false],
	Viewsource not Contains Revtaxhttps://haleonstaging1:Health2023@sensodyne-v3-fr.preprod-cf65.ch.adobecqms.net/ expected [true] but found [false],
	Viewsource not Contains shoppablehttps://haleonstaging1:Health2023@sensodyne-v3-fr.preprod-cf65.ch.adobecqms.net/ expected [true] but found [false],
	Viewsource not Contains jebbithttps://haleonstaging1:Health2023@sensodyne-v3-fr.preprod-cf65.ch.adobecqms.net/ expected [true] but found [false],
	Viewsource not Contains PriceSpiderhttps://haleonstaging1:Health2023@sensodyne-v3-fr.preprod-cf65.ch.adobecqms.net/contact/ expected [true] but found [false],
	Viewsource not Contains gigyahttps://haleonstaging1:Health2023@sensodyne-v3-fr.preprod-cf65.ch.adobecqms.net/contact/ expected [true] but found [false],
	Viewsource not Contains BazaarVoicehttps://haleonstaging1:Health2023@sensodyne-v3-fr.preprod-cf65.ch.adobecqms.net/contact/ expected [true] but found [false],
	Viewsource not Contains Revtaxhttps://haleonstaging1:Health2023@sensodyne-v3-fr.preprod-cf65.ch.adobecqms.net/contact/ expected [true] but found [false],
	Viewsource not Contains shoppablehttps://haleonstaging1:Health2023@sensodyne-v3-fr.preprod-cf65.ch.adobecqms.net/contact/ expected [true] but found [false],
	Viewsource not Contains jebbithttps://haleonstaging1:Health2023@sensodyne-v3-fr.preprod-cf65.ch.adobecqms.net/contact/ expected [true] but found [false],
	Viewsource not Contains PriceSpiderhttps://haleonstaging1:Health2023@sensodyne-v3-fr.preprod-cf65.ch.adobecqms.net/produits/ expected [true] but found [false],
	Viewsource not Contains gigyahttps://haleonstaging1:Health2023@sensodyne-v3-fr.preprod-cf65.ch.adobecqms.net/produits/ expected [true] but found [false],
	Viewsource not Contains BazaarVoicehttps://haleonstaging1:Health2023@sensodyne-v3-fr.preprod-cf65.ch.adobecqms.net/produits/ expected [true] but found [false],
	Viewsource not Contains Revtaxhttps://haleonstaging1:Health2023@sensodyne-v3-fr.preprod-cf65.ch.adobecqms.net/produits/ expected [true] but found [false],
	Viewsource not Contains shoppablehttps://haleonstaging1:Health2023@sensodyne-v3-fr.preprod-cf65.ch.adobecqms.net/produits/ expected [true] but found [false],
	Viewsource not Contains jebbithttps://haleonstaging1:Health2023@sensodyne-v3-fr.preprod-cf65.ch.adobecqms.net/produits/ expected [true] but found [false],
	Viewsource not Contains PriceSpiderhttps://haleonstaging1:Health2023@sensodyne-v3-fr.preprod-cf65.ch.adobecqms.net/produits/dentifrice/sensibilite-et-gencives-menthe-douce expected [true] but found [false],
	Viewsource not Contains gigyahttps://haleonstaging1:Health2023@sensodyne-v3-fr.preprod-cf65.ch.adobecqms.net/produits/dentifrice/sensibilite-et-gencives-menthe-douce expected [true] but found [false],
	Viewsource not Contains BazaarVoicehttps://haleonstaging1:Health2023@sensodyne-v3-fr.preprod-cf65.ch.adobecqms.net/produits/dentifrice/sensibilite-et-gencives-menthe-douce expected [true] but found [false],
	Viewsource not Contains Revtaxhttps://haleonstaging1:Health2023@sensodyne-v3-fr.preprod-cf65.ch.adobecqms.net/produits/dentifrice/sensibilite-et-gencives-menthe-douce expected [true] but found [false],
	Viewsource not Contains shoppablehttps://haleonstaging1:Health2023@sensodyne-v3-fr.preprod-cf65.ch.adobecqms.net/produits/dentifrice/sensibilite-et-gencives-menthe-douce expected [true] but found [false],
	Viewsource not Contains jebbithttps://haleonstaging1:Health2023@sensodyne-v3-fr.preprod-cf65.ch.adobecqms.net/produits/dentifrice/sensibilite-et-gencives-menthe-douce expected [true] but found [false],
	Viewsource not Contains preconnecthttps://haleonstaging1:Health2023@sensodyne-v3-fr.preprod-cf65.ch.adobecqms.net/produits/dentifrice/sensibilite-et-gencives-menthe-douce expected [true] but found [false],
	Viewsource not Contains PriceSpiderhttps://haleonstaging1:Health2023@sensodyne-v3-fr.preprod-cf65.ch.adobecqms.net/produits/dentifrice/sensibilite-et-gencives-blancheur expected [true] but found [false],
	Viewsource not Contains gigyahttps://haleonstaging1:Health2023@sensodyne-v3-fr.preprod-cf65.ch.adobecqms.net/produits/dentifrice/sensibilite-et-gencives-blancheur expected [true] but found [false],
	Viewsource not Contains BazaarVoicehttps://haleonstaging1:Health2023@sensodyne-v3-fr.preprod-cf65.ch.adobecqms.net/produits/dentifrice/sensibilite-et-gencives-blancheur expected [true] but found [false],
	Viewsource not Contains Revtaxhttps://haleonstaging1:Health2023@sensodyne-v3-fr.preprod-cf65.ch.adobecqms.net/produits/dentifrice/sensibilite-et-gencives-blancheur expected [true] but found [false],
	Viewsource not Contains shoppablehttps://haleonstaging1:Health2023@sensodyne-v3-fr.preprod-cf65.ch.adobecqms.net/produits/dentifrice/sensibilite-et-gencives-blancheur expected [true] but found [false],
	Viewsource not Contains jebbithttps://haleonstaging1:Health2023@sensodyne-v3-fr.preprod-cf65.ch.adobecqms.net/produits/dentifrice/sensibilite-et-gencives-blancheur expected [true] but found [false],
	Viewsource not Contains preconnecthttps://haleonstaging1:Health2023@sensodyne-v3-fr.preprod-cf65.ch.adobecqms.net/produits/dentifrice/sensibilite-et-gencives-blancheur expected [true] but found [false]" type="java.lang.AssertionError">
      <![CDATA[java.lang.AssertionError: The following asserts failed:
Viewsource not Contains PriceSpiderhttps://haleonstaging1:Health2023@sensodyne-v3-fr.preprod-cf65.ch.adobecqms.net/ expected [true] but found [false],
Viewsource not Contains gigyahttps://haleonstaging1:Health2023@sensodyne-v3-fr.preprod-cf65.ch.adobecqms.net/ expected [true] but found [false],
Viewsource not Contains BazaarVoicehttps://haleonstaging1:Health2023@sensodyne-v3-fr.preprod-cf65.ch.adobecqms.net/ expected [true] but found [false],
Viewsource not Contains Revtaxhttps://haleonstaging1:Health2023@sensodyne-v3-fr.preprod-cf65.ch.adobecqms.net/ expected [true] but found [false],
Viewsource not Contains shoppablehttps://haleonstaging1:Health2023@sensodyne-v3-fr.preprod-cf65.ch.adobecqms.net/ expected [true] but found [false],
Viewsource not Contains jebbithttps://haleonstaging1:Health2023@sensodyne-v3-fr.preprod-cf65.ch.adobecqms.net/ expected [true] but found [false],
Viewsource not Contains PriceSpiderhttps://haleonstaging1:Health2023@sensodyne-v3-fr.preprod-cf65.ch.adobecqms.net/contact/ expected [true] but found [false],
Viewsource not Contains gigyahttps://haleonstaging1:Health2023@sensodyne-v3-fr.preprod-cf65.ch.adobecqms.net/contact/ expected [true] but found [false],
Viewsource not Contains BazaarVoicehttps://haleonstaging1:Health2023@sensodyne-v3-fr.preprod-cf65.ch.adobecqms.net/contact/ expected [true] but found [false],
Viewsource not Contains Revtaxhttps://haleonstaging1:Health2023@sensodyne-v3-fr.preprod-cf65.ch.adobecqms.net/contact/ expected [true] but found [false],
Viewsource not Contains shoppablehttps://haleonstaging1:Health2023@sensodyne-v3-fr.preprod-cf65.ch.adobecqms.net/contact/ expected [true] but found [false],
Viewsource not Contains jebbithttps://haleonstaging1:Health2023@sensodyne-v3-fr.preprod-cf65.ch.adobecqms.net/contact/ expected [true] but found [false],
Viewsource not Contains PriceSpiderhttps://haleonstaging1:Health2023@sensodyne-v3-fr.preprod-cf65.ch.adobecqms.net/produits/ expected [true] but found [false],
Viewsource not Contains gigyahttps://haleonstaging1:Health2023@sensodyne-v3-fr.preprod-cf65.ch.adobecqms.net/produits/ expected [true] but found [false],
Viewsource not Contains BazaarVoicehttps://haleonstaging1:Health2023@sensodyne-v3-fr.preprod-cf65.ch.adobecqms.net/produits/ expected [true] but found [false],
Viewsource not Contains Revtaxhttps://haleonstaging1:Health2023@sensodyne-v3-fr.preprod-cf65.ch.adobecqms.net/produits/ expected [true] but found [false],
Viewsource not Contains shoppablehttps://haleonstaging1:Health2023@sensodyne-v3-fr.preprod-cf65.ch.adobecqms.net/produits/ expected [true] but found [false],
Viewsource not Contains jebbithttps://haleonstaging1:Health2023@sensodyne-v3-fr.preprod-cf65.ch.adobecqms.net/produits/ expected [true] but found [false],
Viewsource not Contains PriceSpiderhttps://haleonstaging1:Health2023@sensodyne-v3-fr.preprod-cf65.ch.adobecqms.net/produits/dentifrice/sensibilite-et-gencives-menthe-douce expected [true] but found [false],
Viewsource not Contains gigyahttps://haleonstaging1:Health2023@sensodyne-v3-fr.preprod-cf65.ch.adobecqms.net/produits/dentifrice/sensibilite-et-gencives-menthe-douce expected [true] but found [false],
Viewsource not Contains BazaarVoicehttps://haleonstaging1:Health2023@sensodyne-v3-fr.preprod-cf65.ch.adobecqms.net/produits/dentifrice/sensibilite-et-gencives-menthe-douce expected [true] but found [false],
Viewsource not Contains Revtaxhttps://haleonstaging1:Health2023@sensodyne-v3-fr.preprod-cf65.ch.adobecqms.net/produits/dentifrice/sensibilite-et-gencives-menthe-douce expected [true] but found [false],
Viewsource not Contains shoppablehttps://haleonstaging1:Health2023@sensodyne-v3-fr.preprod-cf65.ch.adobecqms.net/produits/dentifrice/sensibilite-et-gencives-menthe-douce expected [true] but found [false],
Viewsource not Contains jebbithttps://haleonstaging1:Health2023@sensodyne-v3-fr.preprod-cf65.ch.adobecqms.net/produits/dentifrice/sensibilite-et-gencives-menthe-douce expected [true] but found [false],
Viewsource not Contains preconnecthttps://haleonstaging1:Health2023@sensodyne-v3-fr.preprod-cf65.ch.adobecqms.net/produits/dentifrice/sensibilite-et-gencives-menthe-douce expected [true] but found [false],
Viewsource not Contains PriceSpiderhttps://haleonstaging1:Health2023@sensodyne-v3-fr.preprod-cf65.ch.adobecqms.net/produits/dentifrice/sensibilite-et-gencives-blancheur expected [true] but found [false],
Viewsource not Contains gigyahttps://haleonstaging1:Health2023@sensodyne-v3-fr.preprod-cf65.ch.adobecqms.net/produits/dentifrice/sensibilite-et-gencives-blancheur expected [true] but found [false],
Viewsource not Contains BazaarVoicehttps://haleonstaging1:Health2023@sensodyne-v3-fr.preprod-cf65.ch.adobecqms.net/produits/dentifrice/sensibilite-et-gencives-blancheur expected [true] but found [false],
Viewsource not Contains Revtaxhttps://haleonstaging1:Health2023@sensodyne-v3-fr.preprod-cf65.ch.adobecqms.net/produits/dentifrice/sensibilite-et-gencives-blancheur expected [true] but found [false],
Viewsource not Contains shoppablehttps://haleonstaging1:Health2023@sensodyne-v3-fr.preprod-cf65.ch.adobecqms.net/produits/dentifrice/sensibilite-et-gencives-blancheur expected [true] but found [false],
Viewsource not Contains jebbithttps://haleonstaging1:Health2023@sensodyne-v3-fr.preprod-cf65.ch.adobecqms.net/produits/dentifrice/sensibilite-et-gencives-blancheur expected [true] but found [false],
Viewsource not Contains preconnecthttps://haleonstaging1:Health2023@sensodyne-v3-fr.preprod-cf65.ch.adobecqms.net/produits/dentifrice/sensibilite-et-gencives-blancheur expected [true] but found [false]
at org.testng.asserts.SoftAssert.assertAll(SoftAssert.java:47)
at org.testng.asserts.SoftAssert.assertAll(SoftAssert.java:31)
at com.qa.bens.checklist.page.CheckListTPIPage.verifyTPI(CheckListTPIPage.java:98)
at com.qa.bens.checklist.test.CheckListTPITest.findingTPI(CheckListTPITest.java:22)
at java.base/jdk.internal.reflect.DirectMethodHandleAccessor.invoke(DirectMethodHandleAccessor.java:104)
at java.base/java.lang.reflect.Method.invoke(Method.java:577)
at org.testng.internal.MethodInvocationHelper.invokeMethod(MethodInvocationHelper.java:133)
at org.testng.internal.TestInvoker.invokeMethod(TestInvoker.java:598)
at org.testng.internal.TestInvoker.invokeTestMethod(TestInvoker.java:173)
at org.testng.internal.MethodRunner.runInSequence(MethodRunner.java:46)
at org.testng.internal.TestInvoker$MethodInvocationAgent.invoke(TestInvoker.java:824)
at org.testng.internal.TestInvoker.invokeTestMethods(TestInvoker.java:146)
at org.testng.internal.TestMethodWorker.invokeTestMethods(TestMethodWorker.java:146)
at org.testng.internal.TestMethodWorker.run(TestMethodWorker.java:128)
at java.base/java.util.ArrayList.forEach(ArrayList.java:1511)
at org.testng.TestRunner.privateRun(TestRunner.java:794)
at org.testng.TestRunner.run(TestRunner.java:596)
at org.testng.SuiteRunner.runTest(SuiteRunner.java:377)
at org.testng.SuiteRunner.runSequentially(SuiteRunner.java:371)
at org.testng.SuiteRunner.privateRun(SuiteRunner.java:332)
at org.testng.SuiteRunner.run(SuiteRunner.java:276)
at org.testng.SuiteRunnerWorker.runSuite(SuiteRunnerWorker.java:53)
at org.testng.SuiteRunnerWorker.run(SuiteRunnerWorker.java:96)
at org.testng.TestNG.runSuitesSequentially(TestNG.java:1212)
at org.testng.TestNG.runSuitesLocally(TestNG.java:1134)
at org.testng.TestNG.runSuites(TestNG.java:1063)
at org.testng.TestNG.run(TestNG.java:1031)
at org.testng.remote.AbstractRemoteTestNG.run(AbstractRemoteTestNG.java:115)
at org.testng.remote.RemoteTestNG.initAndRun(RemoteTestNG.java:251)
at org.testng.remote.RemoteTestNG.main(RemoteTestNG.java:77)
]]>
    </failure>
  </testcase> <!-- findingTPI -->
  <system-out/>
  <testcase classname="com.qa.bens.checklist.test.CheckListTPITest" name="findingTPI" time="1.214">
    <failure message="The following asserts failed:
	Viewsource not Contains PriceSpiderhttps://haleonstaging1:Health2023@sensodyne-v3-fr.preprod-cf65.ch.adobecqms.net/ expected [true] but found [false],
	Viewsource not Contains gigyahttps://haleonstaging1:Health2023@sensodyne-v3-fr.preprod-cf65.ch.adobecqms.net/ expected [true] but found [false],
	Viewsource not Contains BazaarVoicehttps://haleonstaging1:Health2023@sensodyne-v3-fr.preprod-cf65.ch.adobecqms.net/ expected [true] but found [false],
	Viewsource not Contains Revtaxhttps://haleonstaging1:Health2023@sensodyne-v3-fr.preprod-cf65.ch.adobecqms.net/ expected [true] but found [false],
	Viewsource not Contains shoppablehttps://haleonstaging1:Health2023@sensodyne-v3-fr.preprod-cf65.ch.adobecqms.net/ expected [true] but found [false],
	Viewsource not Contains jebbithttps://haleonstaging1:Health2023@sensodyne-v3-fr.preprod-cf65.ch.adobecqms.net/ expected [true] but found [false],
	Viewsource not Contains PriceSpiderhttps://haleonstaging1:Health2023@sensodyne-v3-fr.preprod-cf65.ch.adobecqms.net/contact/ expected [true] but found [false],
	Viewsource not Contains gigyahttps://haleonstaging1:Health2023@sensodyne-v3-fr.preprod-cf65.ch.adobecqms.net/contact/ expected [true] but found [false],
	Viewsource not Contains BazaarVoicehttps://haleonstaging1:Health2023@sensodyne-v3-fr.preprod-cf65.ch.adobecqms.net/contact/ expected [true] but found [false],
	Viewsource not Contains Revtaxhttps://haleonstaging1:Health2023@sensodyne-v3-fr.preprod-cf65.ch.adobecqms.net/contact/ expected [true] but found [false],
	Viewsource not Contains shoppablehttps://haleonstaging1:Health2023@sensodyne-v3-fr.preprod-cf65.ch.adobecqms.net/contact/ expected [true] but found [false],
	Viewsource not Contains jebbithttps://haleonstaging1:Health2023@sensodyne-v3-fr.preprod-cf65.ch.adobecqms.net/contact/ expected [true] but found [false],
	Viewsource not Contains PriceSpiderhttps://haleonstaging1:Health2023@sensodyne-v3-fr.preprod-cf65.ch.adobecqms.net/produits/ expected [true] but found [false],
	Viewsource not Contains gigyahttps://haleonstaging1:Health2023@sensodyne-v3-fr.preprod-cf65.ch.adobecqms.net/produits/ expected [true] but found [false],
	Viewsource not Contains BazaarVoicehttps://haleonstaging1:Health2023@sensodyne-v3-fr.preprod-cf65.ch.adobecqms.net/produits/ expected [true] but found [false],
	Viewsource not Contains Revtaxhttps://haleonstaging1:Health2023@sensodyne-v3-fr.preprod-cf65.ch.adobecqms.net/produits/ expected [true] but found [false],
	Viewsource not Contains shoppablehttps://haleonstaging1:Health2023@sensodyne-v3-fr.preprod-cf65.ch.adobecqms.net/produits/ expected [true] but found [false],
	Viewsource not Contains jebbithttps://haleonstaging1:Health2023@sensodyne-v3-fr.preprod-cf65.ch.adobecqms.net/produits/ expected [true] but found [false],
	Viewsource not Contains PriceSpiderhttps://haleonstaging1:Health2023@sensodyne-v3-fr.preprod-cf65.ch.adobecqms.net/produits/dentifrice/sensibilite-et-gencives-menthe-douce expected [true] but found [false],
	Viewsource not Contains gigyahttps://haleonstaging1:Health2023@sensodyne-v3-fr.preprod-cf65.ch.adobecqms.net/produits/dentifrice/sensibilite-et-gencives-menthe-douce expected [true] but found [false],
	Viewsource not Contains BazaarVoicehttps://haleonstaging1:Health2023@sensodyne-v3-fr.preprod-cf65.ch.adobecqms.net/produits/dentifrice/sensibilite-et-gencives-menthe-douce expected [true] but found [false],
	Viewsource not Contains Revtaxhttps://haleonstaging1:Health2023@sensodyne-v3-fr.preprod-cf65.ch.adobecqms.net/produits/dentifrice/sensibilite-et-gencives-menthe-douce expected [true] but found [false],
	Viewsource not Contains shoppablehttps://haleonstaging1:Health2023@sensodyne-v3-fr.preprod-cf65.ch.adobecqms.net/produits/dentifrice/sensibilite-et-gencives-menthe-douce expected [true] but found [false],
	Viewsource not Contains jebbithttps://haleonstaging1:Health2023@sensodyne-v3-fr.preprod-cf65.ch.adobecqms.net/produits/dentifrice/sensibilite-et-gencives-menthe-douce expected [true] but found [false],
	Viewsource not Contains preconnecthttps://haleonstaging1:Health2023@sensodyne-v3-fr.preprod-cf65.ch.adobecqms.net/produits/dentifrice/sensibilite-et-gencives-menthe-douce expected [true] but found [false],
	Viewsource not Contains PriceSpiderhttps://haleonstaging1:Health2023@sensodyne-v3-fr.preprod-cf65.ch.adobecqms.net/produits/dentifrice/sensibilite-et-gencives-blancheur expected [true] but found [false],
	Viewsource not Contains gigyahttps://haleonstaging1:Health2023@sensodyne-v3-fr.preprod-cf65.ch.adobecqms.net/produits/dentifrice/sensibilite-et-gencives-blancheur expected [true] but found [false],
	Viewsource not Contains BazaarVoicehttps://haleonstaging1:Health2023@sensodyne-v3-fr.preprod-cf65.ch.adobecqms.net/produits/dentifrice/sensibilite-et-gencives-blancheur expected [true] but found [false],
	Viewsource not Contains Revtaxhttps://haleonstaging1:Health2023@sensodyne-v3-fr.preprod-cf65.ch.adobecqms.net/produits/dentifrice/sensibilite-et-gencives-blancheur expected [true] but found [false],
	Viewsource not Contains shoppablehttps://haleonstaging1:Health2023@sensodyne-v3-fr.preprod-cf65.ch.adobecqms.net/produits/dentifrice/sensibilite-et-gencives-blancheur expected [true] but found [false],
	Viewsource not Contains jebbithttps://haleonstaging1:Health2023@sensodyne-v3-fr.preprod-cf65.ch.adobecqms.net/produits/dentifrice/sensibilite-et-gencives-blancheur expected [true] but found [false],
	Viewsource not Contains preconnecthttps://haleonstaging1:Health2023@sensodyne-v3-fr.preprod-cf65.ch.adobecqms.net/produits/dentifrice/sensibilite-et-gencives-blancheur expected [true] but found [false],
	Viewsource not Contains PriceSpiderhttps://haleonstaging1:Health2023@sensodyne-v3-fr.preprod-cf65.ch.adobecqms.net/produits/dentifrice/sensibilite-et-gencives-menthe-fraiche expected [true] but found [false],
	Viewsource not Contains gigyahttps://haleonstaging1:Health2023@sensodyne-v3-fr.preprod-cf65.ch.adobecqms.net/produits/dentifrice/sensibilite-et-gencives-menthe-fraiche expected [true] but found [false],
	Viewsource not Contains BazaarVoicehttps://haleonstaging1:Health2023@sensodyne-v3-fr.preprod-cf65.ch.adobecqms.net/produits/dentifrice/sensibilite-et-gencives-menthe-fraiche expected [true] but found [false],
	Viewsource not Contains Revtaxhttps://haleonstaging1:Health2023@sensodyne-v3-fr.preprod-cf65.ch.adobecqms.net/produits/dentifrice/sensibilite-et-gencives-menthe-fraiche expected [true] but found [false],
	Viewsource not Contains shoppablehttps://haleonstaging1:Health2023@sensodyne-v3-fr.preprod-cf65.ch.adobecqms.net/produits/dentifrice/sensibilite-et-gencives-menthe-fraiche expected [true] but found [false],
	Viewsource not Contains jebbithttps://haleonstaging1:Health2023@sensodyne-v3-fr.preprod-cf65.ch.adobecqms.net/produits/dentifrice/sensibilite-et-gencives-menthe-fraiche expected [true] but found [false],
	Viewsource not Contains preconnecthttps://haleonstaging1:Health2023@sensodyne-v3-fr.preprod-cf65.ch.adobecqms.net/produits/dentifrice/sensibilite-et-gencives-menthe-fraiche expected [true] but found [false],
	Viewsource not Contains PriceSpiderhttps://haleonstaging1:Health2023@sensodyne-v3-fr.preprod-cf65.ch.adobecqms.net/produits/brosse-a-dents/sensibilite-et-gencives/ expected [true] but found [false],
	Viewsource not Contains gigyahttps://haleonstaging1:Health2023@sensodyne-v3-fr.preprod-cf65.ch.adobecqms.net/produits/brosse-a-dents/sensibilite-et-gencives/ expected [true] but found [false],
	Viewsource not Contains BazaarVoicehttps://haleonstaging1:Health2023@sensodyne-v3-fr.preprod-cf65.ch.adobecqms.net/produits/brosse-a-dents/sensibilite-et-gencives/ expected [true] but found [false],
	Viewsource not Contains Revtaxhttps://haleonstaging1:Health2023@sensodyne-v3-fr.preprod-cf65.ch.adobecqms.net/produits/brosse-a-dents/sensibilite-et-gencives/ expected [true] but found [false],
	Viewsource not Contains shoppablehttps://haleonstaging1:Health2023@sensodyne-v3-fr.preprod-cf65.ch.adobecqms.net/produits/brosse-a-dents/sensibilite-et-gencives/ expected [true] but found [false],
	Viewsource not Contains jebbithttps://haleonstaging1:Health2023@sensodyne-v3-fr.preprod-cf65.ch.adobecqms.net/produits/brosse-a-dents/sensibilite-et-gencives/ expected [true] but found [false],
	Viewsource not Contains preconnecthttps://haleonstaging1:Health2023@sensodyne-v3-fr.preprod-cf65.ch.adobecqms.net/produits/brosse-a-dents/sensibilite-et-gencives/ expected [true] but found [false],
	Viewsource not Contains PriceSpiderhttps://haleonstaging1:Health2023@sensodyne-v3-fr.preprod-cf65.ch.adobecqms.net/produits/dentifrice/rapide-action-menthe expected [true] but found [false],
	Viewsource not Contains gigyahttps://haleonstaging1:Health2023@sensodyne-v3-fr.preprod-cf65.ch.adobecqms.net/produits/dentifrice/rapide-action-menthe expected [true] but found [false],
	Viewsource not Contains BazaarVoicehttps://haleonstaging1:Health2023@sensodyne-v3-fr.preprod-cf65.ch.adobecqms.net/produits/dentifrice/rapide-action-menthe expected [true] but found [false],
	Viewsource not Contains Revtaxhttps://haleonstaging1:Health2023@sensodyne-v3-fr.preprod-cf65.ch.adobecqms.net/produits/dentifrice/rapide-action-menthe expected [true] but found [false],
	Viewsource not Contains shoppablehttps://haleonstaging1:Health2023@sensodyne-v3-fr.preprod-cf65.ch.adobecqms.net/produits/dentifrice/rapide-action-menthe expected [true] but found [false],
	Viewsource not Contains jebbithttps://haleonstaging1:Health2023@sensodyne-v3-fr.preprod-cf65.ch.adobecqms.net/produits/dentifrice/rapide-action-menthe expected [true] but found [false],
	Viewsource not Contains preconnecthttps://haleonstaging1:Health2023@sensodyne-v3-fr.preprod-cf65.ch.adobecqms.net/produits/dentifrice/rapide-action-menthe expected [true] but found [false],
	Viewsource not Contains PriceSpiderhttps://haleonstaging1:Health2023@sensodyne-v3-fr.preprod-cf65.ch.adobecqms.net/produits/dentifrice/rapide-action-extra-fresh expected [true] but found [false],
	Viewsource not Contains gigyahttps://haleonstaging1:Health2023@sensodyne-v3-fr.preprod-cf65.ch.adobecqms.net/produits/dentifrice/rapide-action-extra-fresh expected [true] but found [false],
	Viewsource not Contains BazaarVoicehttps://haleonstaging1:Health2023@sensodyne-v3-fr.preprod-cf65.ch.adobecqms.net/produits/dentifrice/rapide-action-extra-fresh expected [true] but found [false],
	Viewsource not Contains Revtaxhttps://haleonstaging1:Health2023@sensodyne-v3-fr.preprod-cf65.ch.adobecqms.net/produits/dentifrice/rapide-action-extra-fresh expected [true] but found [false],
	Viewsource not Contains shoppablehttps://haleonstaging1:Health2023@sensodyne-v3-fr.preprod-cf65.ch.adobecqms.net/produits/dentifrice/rapide-action-extra-fresh expected [true] but found [false],
	Viewsource not Contains jebbithttps://haleonstaging1:Health2023@sensodyne-v3-fr.preprod-cf65.ch.adobecqms.net/produits/dentifrice/rapide-action-extra-fresh expected [true] but found [false],
	Viewsource not Contains preconnecthttps://haleonstaging1:Health2023@sensodyne-v3-fr.preprod-cf65.ch.adobecqms.net/produits/dentifrice/rapide-action-extra-fresh expected [true] but found [false],
	Viewsource not Contains PriceSpiderhttps://haleonstaging1:Health2023@sensodyne-v3-fr.preprod-cf65.ch.adobecqms.net/produits/brosse-a-dents/rapide-action expected [true] but found [false],
	Viewsource not Contains gigyahttps://haleonstaging1:Health2023@sensodyne-v3-fr.preprod-cf65.ch.adobecqms.net/produits/brosse-a-dents/rapide-action expected [true] but found [false],
	Viewsource not Contains BazaarVoicehttps://haleonstaging1:Health2023@sensodyne-v3-fr.preprod-cf65.ch.adobecqms.net/produits/brosse-a-dents/rapide-action expected [true] but found [false],
	Viewsource not Contains Revtaxhttps://haleonstaging1:Health2023@sensodyne-v3-fr.preprod-cf65.ch.adobecqms.net/produits/brosse-a-dents/rapide-action expected [true] but found [false],
	Viewsource not Contains shoppablehttps://haleonstaging1:Health2023@sensodyne-v3-fr.preprod-cf65.ch.adobecqms.net/produits/brosse-a-dents/rapide-action expected [true] but found [false],
	Viewsource not Contains jebbithttps://haleonstaging1:Health2023@sensodyne-v3-fr.preprod-cf65.ch.adobecqms.net/produits/brosse-a-dents/rapide-action expected [true] but found [false],
	Viewsource not Contains preconnecthttps://haleonstaging1:Health2023@sensodyne-v3-fr.preprod-cf65.ch.adobecqms.net/produits/brosse-a-dents/rapide-action expected [true] but found [false],
	Viewsource not Contains PriceSpiderhttps://haleonstaging1:Health2023@sensodyne-v3-fr.preprod-cf65.ch.adobecqms.net/produits/dentifrice/rapide-action-blancheur expected [true] but found [false],
	Viewsource not Contains gigyahttps://haleonstaging1:Health2023@sensodyne-v3-fr.preprod-cf65.ch.adobecqms.net/produits/dentifrice/rapide-action-blancheur expected [true] but found [false],
	Viewsource not Contains BazaarVoicehttps://haleonstaging1:Health2023@sensodyne-v3-fr.preprod-cf65.ch.adobecqms.net/produits/dentifrice/rapide-action-blancheur expected [true] but found [false],
	Viewsource not Contains Revtaxhttps://haleonstaging1:Health2023@sensodyne-v3-fr.preprod-cf65.ch.adobecqms.net/produits/dentifrice/rapide-action-blancheur expected [true] but found [false],
	Viewsource not Contains shoppablehttps://haleonstaging1:Health2023@sensodyne-v3-fr.preprod-cf65.ch.adobecqms.net/produits/dentifrice/rapide-action-blancheur expected [true] but found [false],
	Viewsource not Contains jebbithttps://haleonstaging1:Health2023@sensodyne-v3-fr.preprod-cf65.ch.adobecqms.net/produits/dentifrice/rapide-action-blancheur expected [true] but found [false],
	Viewsource not Contains preconnecthttps://haleonstaging1:Health2023@sensodyne-v3-fr.preprod-cf65.ch.adobecqms.net/produits/dentifrice/rapide-action-blancheur expected [true] but found [false],
	Viewsource not Contains PriceSpiderhttps://haleonstaging1:Health2023@sensodyne-v3-fr.preprod-cf65.ch.adobecqms.net/produits/dentifrice/repare-et-protege-blancheur expected [true] but found [false],
	Viewsource not Contains gigyahttps://haleonstaging1:Health2023@sensodyne-v3-fr.preprod-cf65.ch.adobecqms.net/produits/dentifrice/repare-et-protege-blancheur expected [true] but found [false],
	Viewsource not Contains BazaarVoicehttps://haleonstaging1:Health2023@sensodyne-v3-fr.preprod-cf65.ch.adobecqms.net/produits/dentifrice/repare-et-protege-blancheur expected [true] but found [false],
	Viewsource not Contains Revtaxhttps://haleonstaging1:Health2023@sensodyne-v3-fr.preprod-cf65.ch.adobecqms.net/produits/dentifrice/repare-et-protege-blancheur expected [true] but found [false],
	Viewsource not Contains shoppablehttps://haleonstaging1:Health2023@sensodyne-v3-fr.preprod-cf65.ch.adobecqms.net/produits/dentifrice/repare-et-protege-blancheur expected [true] but found [false],
	Viewsource not Contains jebbithttps://haleonstaging1:Health2023@sensodyne-v3-fr.preprod-cf65.ch.adobecqms.net/produits/dentifrice/repare-et-protege-blancheur expected [true] but found [false],
	Viewsource not Contains preconnecthttps://haleonstaging1:Health2023@sensodyne-v3-fr.preprod-cf65.ch.adobecqms.net/produits/dentifrice/repare-et-protege-blancheur expected [true] but found [false]" type="java.lang.AssertionError">
      <![CDATA[java.lang.AssertionError: The following asserts failed:
Viewsource not Contains PriceSpiderhttps://haleonstaging1:Health2023@sensodyne-v3-fr.preprod-cf65.ch.adobecqms.net/ expected [true] but found [false],
Viewsource not Contains gigyahttps://haleonstaging1:Health2023@sensodyne-v3-fr.preprod-cf65.ch.adobecqms.net/ expected [true] but found [false],
Viewsource not Contains BazaarVoicehttps://haleonstaging1:Health2023@sensodyne-v3-fr.preprod-cf65.ch.adobecqms.net/ expected [true] but found [false],
Viewsource not Contains Revtaxhttps://haleonstaging1:Health2023@sensodyne-v3-fr.preprod-cf65.ch.adobecqms.net/ expected [true] but found [false],
Viewsource not Contains shoppablehttps://haleonstaging1:Health2023@sensodyne-v3-fr.preprod-cf65.ch.adobecqms.net/ expected [true] but found [false],
Viewsource not Contains jebbithttps://haleonstaging1:Health2023@sensodyne-v3-fr.preprod-cf65.ch.adobecqms.net/ expected [true] but found [false],
Viewsource not Contains PriceSpiderhttps://haleonstaging1:Health2023@sensodyne-v3-fr.preprod-cf65.ch.adobecqms.net/contact/ expected [true] but found [false],
Viewsource not Contains gigyahttps://haleonstaging1:Health2023@sensodyne-v3-fr.preprod-cf65.ch.adobecqms.net/contact/ expected [true] but found [false],
Viewsource not Contains BazaarVoicehttps://haleonstaging1:Health2023@sensodyne-v3-fr.preprod-cf65.ch.adobecqms.net/contact/ expected [true] but found [false],
Viewsource not Contains Revtaxhttps://haleonstaging1:Health2023@sensodyne-v3-fr.preprod-cf65.ch.adobecqms.net/contact/ expected [true] but found [false],
Viewsource not Contains shoppablehttps://haleonstaging1:Health2023@sensodyne-v3-fr.preprod-cf65.ch.adobecqms.net/contact/ expected [true] but found [false],
Viewsource not Contains jebbithttps://haleonstaging1:Health2023@sensodyne-v3-fr.preprod-cf65.ch.adobecqms.net/contact/ expected [true] but found [false],
Viewsource not Contains PriceSpiderhttps://haleonstaging1:Health2023@sensodyne-v3-fr.preprod-cf65.ch.adobecqms.net/produits/ expected [true] but found [false],
Viewsource not Contains gigyahttps://haleonstaging1:Health2023@sensodyne-v3-fr.preprod-cf65.ch.adobecqms.net/produits/ expected [true] but found [false],
Viewsource not Contains BazaarVoicehttps://haleonstaging1:Health2023@sensodyne-v3-fr.preprod-cf65.ch.adobecqms.net/produits/ expected [true] but found [false],
Viewsource not Contains Revtaxhttps://haleonstaging1:Health2023@sensodyne-v3-fr.preprod-cf65.ch.adobecqms.net/produits/ expected [true] but found [false],
Viewsource not Contains shoppablehttps://haleonstaging1:Health2023@sensodyne-v3-fr.preprod-cf65.ch.adobecqms.net/produits/ expected [true] but found [false],
Viewsource not Contains jebbithttps://haleonstaging1:Health2023@sensodyne-v3-fr.preprod-cf65.ch.adobecqms.net/produits/ expected [true] but found [false],
Viewsource not Contains PriceSpiderhttps://haleonstaging1:Health2023@sensodyne-v3-fr.preprod-cf65.ch.adobecqms.net/produits/dentifrice/sensibilite-et-gencives-menthe-douce expected [true] but found [false],
Viewsource not Contains gigyahttps://haleonstaging1:Health2023@sensodyne-v3-fr.preprod-cf65.ch.adobecqms.net/produits/dentifrice/sensibilite-et-gencives-menthe-douce expected [true] but found [false],
Viewsource not Contains BazaarVoicehttps://haleonstaging1:Health2023@sensodyne-v3-fr.preprod-cf65.ch.adobecqms.net/produits/dentifrice/sensibilite-et-gencives-menthe-douce expected [true] but found [false],
Viewsource not Contains Revtaxhttps://haleonstaging1:Health2023@sensodyne-v3-fr.preprod-cf65.ch.adobecqms.net/produits/dentifrice/sensibilite-et-gencives-menthe-douce expected [true] but found [false],
Viewsource not Contains shoppablehttps://haleonstaging1:Health2023@sensodyne-v3-fr.preprod-cf65.ch.adobecqms.net/produits/dentifrice/sensibilite-et-gencives-menthe-douce expected [true] but found [false],
Viewsource not Contains jebbithttps://haleonstaging1:Health2023@sensodyne-v3-fr.preprod-cf65.ch.adobecqms.net/produits/dentifrice/sensibilite-et-gencives-menthe-douce expected [true] but found [false],
Viewsource not Contains preconnecthttps://haleonstaging1:Health2023@sensodyne-v3-fr.preprod-cf65.ch.adobecqms.net/produits/dentifrice/sensibilite-et-gencives-menthe-douce expected [true] but found [false],
Viewsource not Contains PriceSpiderhttps://haleonstaging1:Health2023@sensodyne-v3-fr.preprod-cf65.ch.adobecqms.net/produits/dentifrice/sensibilite-et-gencives-blancheur expected [true] but found [false],
Viewsource not Contains gigyahttps://haleonstaging1:Health2023@sensodyne-v3-fr.preprod-cf65.ch.adobecqms.net/produits/dentifrice/sensibilite-et-gencives-blancheur expected [true] but found [false],
Viewsource not Contains BazaarVoicehttps://haleonstaging1:Health2023@sensodyne-v3-fr.preprod-cf65.ch.adobecqms.net/produits/dentifrice/sensibilite-et-gencives-blancheur expected [true] but found [false],
Viewsource not Contains Revtaxhttps://haleonstaging1:Health2023@sensodyne-v3-fr.preprod-cf65.ch.adobecqms.net/produits/dentifrice/sensibilite-et-gencives-blancheur expected [true] but found [false],
Viewsource not Contains shoppablehttps://haleonstaging1:Health2023@sensodyne-v3-fr.preprod-cf65.ch.adobecqms.net/produits/dentifrice/sensibilite-et-gencives-blancheur expected [true] but found [false],
Viewsource not Contains jebbithttps://haleonstaging1:Health2023@sensodyne-v3-fr.preprod-cf65.ch.adobecqms.net/produits/dentifrice/sensibilite-et-gencives-blancheur expected [true] but found [false],
Viewsource not Contains preconnecthttps://haleonstaging1:Health2023@sensodyne-v3-fr.preprod-cf65.ch.adobecqms.net/produits/dentifrice/sensibilite-et-gencives-blancheur expected [true] but found [false],
Viewsource not Contains PriceSpiderhttps://haleonstaging1:Health2023@sensodyne-v3-fr.preprod-cf65.ch.adobecqms.net/produits/dentifrice/sensibilite-et-gencives-menthe-fraiche expected [true] but found [false],
Viewsource not Contains gigyahttps://haleonstaging1:Health2023@sensodyne-v3-fr.preprod-cf65.ch.adobecqms.net/produits/dentifrice/sensibilite-et-gencives-menthe-fraiche expected [true] but found [false],
Viewsource not Contains BazaarVoicehttps://haleonstaging1:Health2023@sensodyne-v3-fr.preprod-cf65.ch.adobecqms.net/produits/dentifrice/sensibilite-et-gencives-menthe-fraiche expected [true] but found [false],
Viewsource not Contains Revtaxhttps://haleonstaging1:Health2023@sensodyne-v3-fr.preprod-cf65.ch.adobecqms.net/produits/dentifrice/sensibilite-et-gencives-menthe-fraiche expected [true] but found [false],
Viewsource not Contains shoppablehttps://haleonstaging1:Health2023@sensodyne-v3-fr.preprod-cf65.ch.adobecqms.net/produits/dentifrice/sensibilite-et-gencives-menthe-fraiche expected [true] but found [false],
Viewsource not Contains jebbithttps://haleonstaging1:Health2023@sensodyne-v3-fr.preprod-cf65.ch.adobecqms.net/produits/dentifrice/sensibilite-et-gencives-menthe-fraiche expected [true] but found [false],
Viewsource not Contains preconnecthttps://haleonstaging1:Health2023@sensodyne-v3-fr.preprod-cf65.ch.adobecqms.net/produits/dentifrice/sensibilite-et-gencives-menthe-fraiche expected [true] but found [false],
Viewsource not Contains PriceSpiderhttps://haleonstaging1:Health2023@sensodyne-v3-fr.preprod-cf65.ch.adobecqms.net/produits/brosse-a-dents/sensibilite-et-gencives/ expected [true] but found [false],
Viewsource not Contains gigyahttps://haleonstaging1:Health2023@sensodyne-v3-fr.preprod-cf65.ch.adobecqms.net/produits/brosse-a-dents/sensibilite-et-gencives/ expected [true] but found [false],
Viewsource not Contains BazaarVoicehttps://haleonstaging1:Health2023@sensodyne-v3-fr.preprod-cf65.ch.adobecqms.net/produits/brosse-a-dents/sensibilite-et-gencives/ expected [true] but found [false],
Viewsource not Contains Revtaxhttps://haleonstaging1:Health2023@sensodyne-v3-fr.preprod-cf65.ch.adobecqms.net/produits/brosse-a-dents/sensibilite-et-gencives/ expected [true] but found [false],
Viewsource not Contains shoppablehttps://haleonstaging1:Health2023@sensodyne-v3-fr.preprod-cf65.ch.adobecqms.net/produits/brosse-a-dents/sensibilite-et-gencives/ expected [true] but found [false],
Viewsource not Contains jebbithttps://haleonstaging1:Health2023@sensodyne-v3-fr.preprod-cf65.ch.adobecqms.net/produits/brosse-a-dents/sensibilite-et-gencives/ expected [true] but found [false],
Viewsource not Contains preconnecthttps://haleonstaging1:Health2023@sensodyne-v3-fr.preprod-cf65.ch.adobecqms.net/produits/brosse-a-dents/sensibilite-et-gencives/ expected [true] but found [false],
Viewsource not Contains PriceSpiderhttps://haleonstaging1:Health2023@sensodyne-v3-fr.preprod-cf65.ch.adobecqms.net/produits/dentifrice/rapide-action-menthe expected [true] but found [false],
Viewsource not Contains gigyahttps://haleonstaging1:Health2023@sensodyne-v3-fr.preprod-cf65.ch.adobecqms.net/produits/dentifrice/rapide-action-menthe expected [true] but found [false],
Viewsource not Contains BazaarVoicehttps://haleonstaging1:Health2023@sensodyne-v3-fr.preprod-cf65.ch.adobecqms.net/produits/dentifrice/rapide-action-menthe expected [true] but found [false],
Viewsource not Contains Revtaxhttps://haleonstaging1:Health2023@sensodyne-v3-fr.preprod-cf65.ch.adobecqms.net/produits/dentifrice/rapide-action-menthe expected [true] but found [false],
Viewsource not Contains shoppablehttps://haleonstaging1:Health2023@sensodyne-v3-fr.preprod-cf65.ch.adobecqms.net/produits/dentifrice/rapide-action-menthe expected [true] but found [false],
Viewsource not Contains jebbithttps://haleonstaging1:Health2023@sensodyne-v3-fr.preprod-cf65.ch.adobecqms.net/produits/dentifrice/rapide-action-menthe expected [true] but found [false],
Viewsource not Contains preconnecthttps://haleonstaging1:Health2023@sensodyne-v3-fr.preprod-cf65.ch.adobecqms.net/produits/dentifrice/rapide-action-menthe expected [true] but found [false],
Viewsource not Contains PriceSpiderhttps://haleonstaging1:Health2023@sensodyne-v3-fr.preprod-cf65.ch.adobecqms.net/produits/dentifrice/rapide-action-extra-fresh expected [true] but found [false],
Viewsource not Contains gigyahttps://haleonstaging1:Health2023@sensodyne-v3-fr.preprod-cf65.ch.adobecqms.net/produits/dentifrice/rapide-action-extra-fresh expected [true] but found [false],
Viewsource not Contains BazaarVoicehttps://haleonstaging1:Health2023@sensodyne-v3-fr.preprod-cf65.ch.adobecqms.net/produits/dentifrice/rapide-action-extra-fresh expected [true] but found [false],
Viewsource not Contains Revtaxhttps://haleonstaging1:Health2023@sensodyne-v3-fr.preprod-cf65.ch.adobecqms.net/produits/dentifrice/rapide-action-extra-fresh expected [true] but found [false],
Viewsource not Contains shoppablehttps://haleonstaging1:Health2023@sensodyne-v3-fr.preprod-cf65.ch.adobecqms.net/produits/dentifrice/rapide-action-extra-fresh expected [true] but found [false],
Viewsource not Contains jebbithttps://haleonstaging1:Health2023@sensodyne-v3-fr.preprod-cf65.ch.adobecqms.net/produits/dentifrice/rapide-action-extra-fresh expected [true] but found [false],
Viewsource not Contains preconnecthttps://haleonstaging1:Health2023@sensodyne-v3-fr.preprod-cf65.ch.adobecqms.net/produits/dentifrice/rapide-action-extra-fresh expected [true] but found [false],
Viewsource not Contains PriceSpiderhttps://haleonstaging1:Health2023@sensodyne-v3-fr.preprod-cf65.ch.adobecqms.net/produits/brosse-a-dents/rapide-action expected [true] but found [false],
Viewsource not Contains gigyahttps://haleonstaging1:Health2023@sensodyne-v3-fr.preprod-cf65.ch.adobecqms.net/produits/brosse-a-dents/rapide-action expected [true] but found [false],
Viewsource not Contains BazaarVoicehttps://haleonstaging1:Health2023@sensodyne-v3-fr.preprod-cf65.ch.adobecqms.net/produits/brosse-a-dents/rapide-action expected [true] but found [false],
Viewsource not Contains Revtaxhttps://haleonstaging1:Health2023@sensodyne-v3-fr.preprod-cf65.ch.adobecqms.net/produits/brosse-a-dents/rapide-action expected [true] but found [false],
Viewsource not Contains shoppablehttps://haleonstaging1:Health2023@sensodyne-v3-fr.preprod-cf65.ch.adobecqms.net/produits/brosse-a-dents/rapide-action expected [true] but found [false],
Viewsource not Contains jebbithttps://haleonstaging1:Health2023@sensodyne-v3-fr.preprod-cf65.ch.adobecqms.net/produits/brosse-a-dents/rapide-action expected [true] but found [false],
Viewsource not Contains preconnecthttps://haleonstaging1:Health2023@sensodyne-v3-fr.preprod-cf65.ch.adobecqms.net/produits/brosse-a-dents/rapide-action expected [true] but found [false],
Viewsource not Contains PriceSpiderhttps://haleonstaging1:Health2023@sensodyne-v3-fr.preprod-cf65.ch.adobecqms.net/produits/dentifrice/rapide-action-blancheur expected [true] but found [false],
Viewsource not Contains gigyahttps://haleonstaging1:Health2023@sensodyne-v3-fr.preprod-cf65.ch.adobecqms.net/produits/dentifrice/rapide-action-blancheur expected [true] but found [false],
Viewsource not Contains BazaarVoicehttps://haleonstaging1:Health2023@sensodyne-v3-fr.preprod-cf65.ch.adobecqms.net/produits/dentifrice/rapide-action-blancheur expected [true] but found [false],
Viewsource not Contains Revtaxhttps://haleonstaging1:Health2023@sensodyne-v3-fr.preprod-cf65.ch.adobecqms.net/produits/dentifrice/rapide-action-blancheur expected [true] but found [false],
Viewsource not Contains shoppablehttps://haleonstaging1:Health2023@sensodyne-v3-fr.preprod-cf65.ch.adobecqms.net/produits/dentifrice/rapide-action-blancheur expected [true] but found [false],
Viewsource not Contains jebbithttps://haleonstaging1:Health2023@sensodyne-v3-fr.preprod-cf65.ch.adobecqms.net/produits/dentifrice/rapide-action-blancheur expected [true] but found [false],
Viewsource not Contains preconnecthttps://haleonstaging1:Health2023@sensodyne-v3-fr.preprod-cf65.ch.adobecqms.net/produits/dentifrice/rapide-action-blancheur expected [true] but found [false],
Viewsource not Contains PriceSpiderhttps://haleonstaging1:Health2023@sensodyne-v3-fr.preprod-cf65.ch.adobecqms.net/produits/dentifrice/repare-et-protege-blancheur expected [true] but found [false],
Viewsource not Contains gigyahttps://haleonstaging1:Health2023@sensodyne-v3-fr.preprod-cf65.ch.adobecqms.net/produits/dentifrice/repare-et-protege-blancheur expected [true] but found [false],
Viewsource not Contains BazaarVoicehttps://haleonstaging1:Health2023@sensodyne-v3-fr.preprod-cf65.ch.adobecqms.net/produits/dentifrice/repare-et-protege-blancheur expected [true] but found [false],
Viewsource not Contains Revtaxhttps://haleonstaging1:Health2023@sensodyne-v3-fr.preprod-cf65.ch.adobecqms.net/produits/dentifrice/repare-et-protege-blancheur expected [true] but found [false],
Viewsource not Contains shoppablehttps://haleonstaging1:Health2023@sensodyne-v3-fr.preprod-cf65.ch.adobecqms.net/produits/dentifrice/repare-et-protege-blancheur expected [true] but found [false],
Viewsource not Contains jebbithttps://haleonstaging1:Health2023@sensodyne-v3-fr.preprod-cf65.ch.adobecqms.net/produits/dentifrice/repare-et-protege-blancheur expected [true] but found [false],
Viewsource not Contains preconnecthttps://haleonstaging1:Health2023@sensodyne-v3-fr.preprod-cf65.ch.adobecqms.net/produits/dentifrice/repare-et-protege-blancheur expected [true] but found [false]
at org.testng.asserts.SoftAssert.assertAll(SoftAssert.java:47)
at org.testng.asserts.SoftAssert.assertAll(SoftAssert.java:31)
at com.qa.bens.checklist.page.CheckListTPIPage.verifyTPI(CheckListTPIPage.java:98)
at com.qa.bens.checklist.test.CheckListTPITest.findingTPI(CheckListTPITest.java:22)
at java.base/jdk.internal.reflect.DirectMethodHandleAccessor.invoke(DirectMethodHandleAccessor.java:104)
at java.base/java.lang.reflect.Method.invoke(Method.java:577)
at org.testng.internal.MethodInvocationHelper.invokeMethod(MethodInvocationHelper.java:133)
at org.testng.internal.TestInvoker.invokeMethod(TestInvoker.java:598)
at org.testng.internal.TestInvoker.invokeTestMethod(TestInvoker.java:173)
at org.testng.internal.MethodRunner.runInSequence(MethodRunner.java:46)
at org.testng.internal.TestInvoker$MethodInvocationAgent.invoke(TestInvoker.java:824)
at org.testng.internal.TestInvoker.invokeTestMethods(TestInvoker.java:146)
at org.testng.internal.TestMethodWorker.invokeTestMethods(TestMethodWorker.java:146)
at org.testng.internal.TestMethodWorker.run(TestMethodWorker.java:128)
at java.base/java.util.ArrayList.forEach(ArrayList.java:1511)
at org.testng.TestRunner.privateRun(TestRunner.java:794)
at org.testng.TestRunner.run(TestRunner.java:596)
at org.testng.SuiteRunner.runTest(SuiteRunner.java:377)
at org.testng.SuiteRunner.runSequentially(SuiteRunner.java:371)
at org.testng.SuiteRunner.privateRun(SuiteRunner.java:332)
at org.testng.SuiteRunner.run(SuiteRunner.java:276)
at org.testng.SuiteRunnerWorker.runSuite(SuiteRunnerWorker.java:53)
at org.testng.SuiteRunnerWorker.run(SuiteRunnerWorker.java:96)
at org.testng.TestNG.runSuitesSequentially(TestNG.java:1212)
at org.testng.TestNG.runSuitesLocally(TestNG.java:1134)
at org.testng.TestNG.runSuites(TestNG.java:1063)
at org.testng.TestNG.run(TestNG.java:1031)
at org.testng.remote.AbstractRemoteTestNG.run(AbstractRemoteTestNG.java:115)
at org.testng.remote.RemoteTestNG.initAndRun(RemoteTestNG.java:251)
at org.testng.remote.RemoteTestNG.main(RemoteTestNG.java:77)
]]>
    </failure>
  </testcase> <!-- findingTPI -->
  <system-out/>
  <testcase classname="com.qa.bens.checklist.test.CheckListTPITest" name="findingTPI" time="4.316">
    <failure message="The following asserts failed:
	Viewsource not Contains PriceSpiderhttps://haleonstaging1:Health2023@sensodyne-v3-fr.preprod-cf65.ch.adobecqms.net/ expected [true] but found [false],
	Viewsource not Contains gigyahttps://haleonstaging1:Health2023@sensodyne-v3-fr.preprod-cf65.ch.adobecqms.net/ expected [true] but found [false],
	Viewsource not Contains BazaarVoicehttps://haleonstaging1:Health2023@sensodyne-v3-fr.preprod-cf65.ch.adobecqms.net/ expected [true] but found [false],
	Viewsource not Contains Revtaxhttps://haleonstaging1:Health2023@sensodyne-v3-fr.preprod-cf65.ch.adobecqms.net/ expected [true] but found [false],
	Viewsource not Contains shoppablehttps://haleonstaging1:Health2023@sensodyne-v3-fr.preprod-cf65.ch.adobecqms.net/ expected [true] but found [false],
	Viewsource not Contains jebbithttps://haleonstaging1:Health2023@sensodyne-v3-fr.preprod-cf65.ch.adobecqms.net/ expected [true] but found [false]" type="java.lang.AssertionError">
      <![CDATA[java.lang.AssertionError: The following asserts failed:
Viewsource not Contains PriceSpiderhttps://haleonstaging1:Health2023@sensodyne-v3-fr.preprod-cf65.ch.adobecqms.net/ expected [true] but found [false],
Viewsource not Contains gigyahttps://haleonstaging1:Health2023@sensodyne-v3-fr.preprod-cf65.ch.adobecqms.net/ expected [true] but found [false],
Viewsource not Contains BazaarVoicehttps://haleonstaging1:Health2023@sensodyne-v3-fr.preprod-cf65.ch.adobecqms.net/ expected [true] but found [false],
Viewsource not Contains Revtaxhttps://haleonstaging1:Health2023@sensodyne-v3-fr.preprod-cf65.ch.adobecqms.net/ expected [true] but found [false],
Viewsource not Contains shoppablehttps://haleonstaging1:Health2023@sensodyne-v3-fr.preprod-cf65.ch.adobecqms.net/ expected [true] but found [false],
Viewsource not Contains jebbithttps://haleonstaging1:Health2023@sensodyne-v3-fr.preprod-cf65.ch.adobecqms.net/ expected [true] but found [false]
at org.testng.asserts.SoftAssert.assertAll(SoftAssert.java:47)
at org.testng.asserts.SoftAssert.assertAll(SoftAssert.java:31)
at com.qa.bens.checklist.page.CheckListTPIPage.verifyTPI(CheckListTPIPage.java:98)
at com.qa.bens.checklist.test.CheckListTPITest.findingTPI(CheckListTPITest.java:22)
at java.base/jdk.internal.reflect.DirectMethodHandleAccessor.invoke(DirectMethodHandleAccessor.java:104)
at java.base/java.lang.reflect.Method.invoke(Method.java:577)
at org.testng.internal.MethodInvocationHelper.invokeMethod(MethodInvocationHelper.java:133)
at org.testng.internal.TestInvoker.invokeMethod(TestInvoker.java:598)
at org.testng.internal.TestInvoker.invokeTestMethod(TestInvoker.java:173)
at org.testng.internal.MethodRunner.runInSequence(MethodRunner.java:46)
at org.testng.internal.TestInvoker$MethodInvocationAgent.invoke(TestInvoker.java:824)
at org.testng.internal.TestInvoker.invokeTestMethods(TestInvoker.java:146)
at org.testng.internal.TestMethodWorker.invokeTestMethods(TestMethodWorker.java:146)
at org.testng.internal.TestMethodWorker.run(TestMethodWorker.java:128)
at java.base/java.util.ArrayList.forEach(ArrayList.java:1511)
at org.testng.TestRunner.privateRun(TestRunner.java:794)
at org.testng.TestRunner.run(TestRunner.java:596)
at org.testng.SuiteRunner.runTest(SuiteRunner.java:377)
at org.testng.SuiteRunner.runSequentially(SuiteRunner.java:371)
at org.testng.SuiteRunner.privateRun(SuiteRunner.java:332)
at org.testng.SuiteRunner.run(SuiteRunner.java:276)
at org.testng.SuiteRunnerWorker.runSuite(SuiteRunnerWorker.java:53)
at org.testng.SuiteRunnerWorker.run(SuiteRunnerWorker.java:96)
at org.testng.TestNG.runSuitesSequentially(TestNG.java:1212)
at org.testng.TestNG.runSuitesLocally(TestNG.java:1134)
at org.testng.TestNG.runSuites(TestNG.java:1063)
at org.testng.TestNG.run(TestNG.java:1031)
at org.testng.remote.AbstractRemoteTestNG.run(AbstractRemoteTestNG.java:115)
at org.testng.remote.RemoteTestNG.initAndRun(RemoteTestNG.java:251)
at org.testng.remote.RemoteTestNG.main(RemoteTestNG.java:77)
]]>
    </failure>
  </testcase> <!-- findingTPI -->
  <system-out/>
  <testcase classname="com.qa.bens.checklist.test.CheckListTPITest" name="findingTPI" time="1.074">
    <failure message="The following asserts failed:
	Viewsource not Contains PriceSpiderhttps://haleonstaging1:Health2023@sensodyne-v3-fr.preprod-cf65.ch.adobecqms.net/ expected [true] but found [false],
	Viewsource not Contains gigyahttps://haleonstaging1:Health2023@sensodyne-v3-fr.preprod-cf65.ch.adobecqms.net/ expected [true] but found [false],
	Viewsource not Contains BazaarVoicehttps://haleonstaging1:Health2023@sensodyne-v3-fr.preprod-cf65.ch.adobecqms.net/ expected [true] but found [false],
	Viewsource not Contains Revtaxhttps://haleonstaging1:Health2023@sensodyne-v3-fr.preprod-cf65.ch.adobecqms.net/ expected [true] but found [false],
	Viewsource not Contains shoppablehttps://haleonstaging1:Health2023@sensodyne-v3-fr.preprod-cf65.ch.adobecqms.net/ expected [true] but found [false],
	Viewsource not Contains jebbithttps://haleonstaging1:Health2023@sensodyne-v3-fr.preprod-cf65.ch.adobecqms.net/ expected [true] but found [false],
	Viewsource not Contains PriceSpiderhttps://haleonstaging1:Health2023@sensodyne-v3-fr.preprod-cf65.ch.adobecqms.net/contact/ expected [true] but found [false],
	Viewsource not Contains gigyahttps://haleonstaging1:Health2023@sensodyne-v3-fr.preprod-cf65.ch.adobecqms.net/contact/ expected [true] but found [false],
	Viewsource not Contains BazaarVoicehttps://haleonstaging1:Health2023@sensodyne-v3-fr.preprod-cf65.ch.adobecqms.net/contact/ expected [true] but found [false],
	Viewsource not Contains Revtaxhttps://haleonstaging1:Health2023@sensodyne-v3-fr.preprod-cf65.ch.adobecqms.net/contact/ expected [true] but found [false],
	Viewsource not Contains shoppablehttps://haleonstaging1:Health2023@sensodyne-v3-fr.preprod-cf65.ch.adobecqms.net/contact/ expected [true] but found [false],
	Viewsource not Contains jebbithttps://haleonstaging1:Health2023@sensodyne-v3-fr.preprod-cf65.ch.adobecqms.net/contact/ expected [true] but found [false]" type="java.lang.AssertionError">
      <![CDATA[java.lang.AssertionError: The following asserts failed:
Viewsource not Contains PriceSpiderhttps://haleonstaging1:Health2023@sensodyne-v3-fr.preprod-cf65.ch.adobecqms.net/ expected [true] but found [false],
Viewsource not Contains gigyahttps://haleonstaging1:Health2023@sensodyne-v3-fr.preprod-cf65.ch.adobecqms.net/ expected [true] but found [false],
Viewsource not Contains BazaarVoicehttps://haleonstaging1:Health2023@sensodyne-v3-fr.preprod-cf65.ch.adobecqms.net/ expected [true] but found [false],
Viewsource not Contains Revtaxhttps://haleonstaging1:Health2023@sensodyne-v3-fr.preprod-cf65.ch.adobecqms.net/ expected [true] but found [false],
Viewsource not Contains shoppablehttps://haleonstaging1:Health2023@sensodyne-v3-fr.preprod-cf65.ch.adobecqms.net/ expected [true] but found [false],
Viewsource not Contains jebbithttps://haleonstaging1:Health2023@sensodyne-v3-fr.preprod-cf65.ch.adobecqms.net/ expected [true] but found [false],
Viewsource not Contains PriceSpiderhttps://haleonstaging1:Health2023@sensodyne-v3-fr.preprod-cf65.ch.adobecqms.net/contact/ expected [true] but found [false],
Viewsource not Contains gigyahttps://haleonstaging1:Health2023@sensodyne-v3-fr.preprod-cf65.ch.adobecqms.net/contact/ expected [true] but found [false],
Viewsource not Contains BazaarVoicehttps://haleonstaging1:Health2023@sensodyne-v3-fr.preprod-cf65.ch.adobecqms.net/contact/ expected [true] but found [false],
Viewsource not Contains Revtaxhttps://haleonstaging1:Health2023@sensodyne-v3-fr.preprod-cf65.ch.adobecqms.net/contact/ expected [true] but found [false],
Viewsource not Contains shoppablehttps://haleonstaging1:Health2023@sensodyne-v3-fr.preprod-cf65.ch.adobecqms.net/contact/ expected [true] but found [false],
Viewsource not Contains jebbithttps://haleonstaging1:Health2023@sensodyne-v3-fr.preprod-cf65.ch.adobecqms.net/contact/ expected [true] but found [false]
at org.testng.asserts.SoftAssert.assertAll(SoftAssert.java:47)
at org.testng.asserts.SoftAssert.assertAll(SoftAssert.java:31)
at com.qa.bens.checklist.page.CheckListTPIPage.verifyTPI(CheckListTPIPage.java:98)
at com.qa.bens.checklist.test.CheckListTPITest.findingTPI(CheckListTPITest.java:22)
at java.base/jdk.internal.reflect.DirectMethodHandleAccessor.invoke(DirectMethodHandleAccessor.java:104)
at java.base/java.lang.reflect.Method.invoke(Method.java:577)
at org.testng.internal.MethodInvocationHelper.invokeMethod(MethodInvocationHelper.java:133)
at org.testng.internal.TestInvoker.invokeMethod(TestInvoker.java:598)
at org.testng.internal.TestInvoker.invokeTestMethod(TestInvoker.java:173)
at org.testng.internal.MethodRunner.runInSequence(MethodRunner.java:46)
at org.testng.internal.TestInvoker$MethodInvocationAgent.invoke(TestInvoker.java:824)
at org.testng.internal.TestInvoker.invokeTestMethods(TestInvoker.java:146)
at org.testng.internal.TestMethodWorker.invokeTestMethods(TestMethodWorker.java:146)
at org.testng.internal.TestMethodWorker.run(TestMethodWorker.java:128)
at java.base/java.util.ArrayList.forEach(ArrayList.java:1511)
at org.testng.TestRunner.privateRun(TestRunner.java:794)
at org.testng.TestRunner.run(TestRunner.java:596)
at org.testng.SuiteRunner.runTest(SuiteRunner.java:377)
at org.testng.SuiteRunner.runSequentially(SuiteRunner.java:371)
at org.testng.SuiteRunner.privateRun(SuiteRunner.java:332)
at org.testng.SuiteRunner.run(SuiteRunner.java:276)
at org.testng.SuiteRunnerWorker.runSuite(SuiteRunnerWorker.java:53)
at org.testng.SuiteRunnerWorker.run(SuiteRunnerWorker.java:96)
at org.testng.TestNG.runSuitesSequentially(TestNG.java:1212)
at org.testng.TestNG.runSuitesLocally(TestNG.java:1134)
at org.testng.TestNG.runSuites(TestNG.java:1063)
at org.testng.TestNG.run(TestNG.java:1031)
at org.testng.remote.AbstractRemoteTestNG.run(AbstractRemoteTestNG.java:115)
at org.testng.remote.RemoteTestNG.initAndRun(RemoteTestNG.java:251)
at org.testng.remote.RemoteTestNG.main(RemoteTestNG.java:77)
]]>
    </failure>
  </testcase> <!-- findingTPI -->
  <system-out/>
  <testcase classname="com.qa.bens.checklist.test.CheckListTPITest" name="findingTPI" time="1.118">
    <failure message="The following asserts failed:
	Viewsource not Contains PriceSpiderhttps://haleonstaging1:Health2023@sensodyne-v3-fr.preprod-cf65.ch.adobecqms.net/ expected [true] but found [false],
	Viewsource not Contains gigyahttps://haleonstaging1:Health2023@sensodyne-v3-fr.preprod-cf65.ch.adobecqms.net/ expected [true] but found [false],
	Viewsource not Contains BazaarVoicehttps://haleonstaging1:Health2023@sensodyne-v3-fr.preprod-cf65.ch.adobecqms.net/ expected [true] but found [false],
	Viewsource not Contains Revtaxhttps://haleonstaging1:Health2023@sensodyne-v3-fr.preprod-cf65.ch.adobecqms.net/ expected [true] but found [false],
	Viewsource not Contains shoppablehttps://haleonstaging1:Health2023@sensodyne-v3-fr.preprod-cf65.ch.adobecqms.net/ expected [true] but found [false],
	Viewsource not Contains jebbithttps://haleonstaging1:Health2023@sensodyne-v3-fr.preprod-cf65.ch.adobecqms.net/ expected [true] but found [false],
	Viewsource not Contains PriceSpiderhttps://haleonstaging1:Health2023@sensodyne-v3-fr.preprod-cf65.ch.adobecqms.net/contact/ expected [true] but found [false],
	Viewsource not Contains gigyahttps://haleonstaging1:Health2023@sensodyne-v3-fr.preprod-cf65.ch.adobecqms.net/contact/ expected [true] but found [false],
	Viewsource not Contains BazaarVoicehttps://haleonstaging1:Health2023@sensodyne-v3-fr.preprod-cf65.ch.adobecqms.net/contact/ expected [true] but found [false],
	Viewsource not Contains Revtaxhttps://haleonstaging1:Health2023@sensodyne-v3-fr.preprod-cf65.ch.adobecqms.net/contact/ expected [true] but found [false],
	Viewsource not Contains shoppablehttps://haleonstaging1:Health2023@sensodyne-v3-fr.preprod-cf65.ch.adobecqms.net/contact/ expected [true] but found [false],
	Viewsource not Contains jebbithttps://haleonstaging1:Health2023@sensodyne-v3-fr.preprod-cf65.ch.adobecqms.net/contact/ expected [true] but found [false],
	Viewsource not Contains PriceSpiderhttps://haleonstaging1:Health2023@sensodyne-v3-fr.preprod-cf65.ch.adobecqms.net/produits/ expected [true] but found [false],
	Viewsource not Contains gigyahttps://haleonstaging1:Health2023@sensodyne-v3-fr.preprod-cf65.ch.adobecqms.net/produits/ expected [true] but found [false],
	Viewsource not Contains BazaarVoicehttps://haleonstaging1:Health2023@sensodyne-v3-fr.preprod-cf65.ch.adobecqms.net/produits/ expected [true] but found [false],
	Viewsource not Contains Revtaxhttps://haleonstaging1:Health2023@sensodyne-v3-fr.preprod-cf65.ch.adobecqms.net/produits/ expected [true] but found [false],
	Viewsource not Contains shoppablehttps://haleonstaging1:Health2023@sensodyne-v3-fr.preprod-cf65.ch.adobecqms.net/produits/ expected [true] but found [false],
	Viewsource not Contains jebbithttps://haleonstaging1:Health2023@sensodyne-v3-fr.preprod-cf65.ch.adobecqms.net/produits/ expected [true] but found [false],
	Viewsource not Contains PriceSpiderhttps://haleonstaging1:Health2023@sensodyne-v3-fr.preprod-cf65.ch.adobecqms.net/produits/dentifrice/sensibilite-et-gencives-menthe-douce expected [true] but found [false],
	Viewsource not Contains gigyahttps://haleonstaging1:Health2023@sensodyne-v3-fr.preprod-cf65.ch.adobecqms.net/produits/dentifrice/sensibilite-et-gencives-menthe-douce expected [true] but found [false],
	Viewsource not Contains BazaarVoicehttps://haleonstaging1:Health2023@sensodyne-v3-fr.preprod-cf65.ch.adobecqms.net/produits/dentifrice/sensibilite-et-gencives-menthe-douce expected [true] but found [false],
	Viewsource not Contains Revtaxhttps://haleonstaging1:Health2023@sensodyne-v3-fr.preprod-cf65.ch.adobecqms.net/produits/dentifrice/sensibilite-et-gencives-menthe-douce expected [true] but found [false],
	Viewsource not Contains shoppablehttps://haleonstaging1:Health2023@sensodyne-v3-fr.preprod-cf65.ch.adobecqms.net/produits/dentifrice/sensibilite-et-gencives-menthe-douce expected [true] but found [false],
	Viewsource not Contains jebbithttps://haleonstaging1:Health2023@sensodyne-v3-fr.preprod-cf65.ch.adobecqms.net/produits/dentifrice/sensibilite-et-gencives-menthe-douce expected [true] but found [false],
	Viewsource not Contains preconnecthttps://haleonstaging1:Health2023@sensodyne-v3-fr.preprod-cf65.ch.adobecqms.net/produits/dentifrice/sensibilite-et-gencives-menthe-douce expected [true] but found [false],
	Viewsource not Contains PriceSpiderhttps://haleonstaging1:Health2023@sensodyne-v3-fr.preprod-cf65.ch.adobecqms.net/produits/dentifrice/sensibilite-et-gencives-blancheur expected [true] but found [false],
	Viewsource not Contains gigyahttps://haleonstaging1:Health2023@sensodyne-v3-fr.preprod-cf65.ch.adobecqms.net/produits/dentifrice/sensibilite-et-gencives-blancheur expected [true] but found [false],
	Viewsource not Contains BazaarVoicehttps://haleonstaging1:Health2023@sensodyne-v3-fr.preprod-cf65.ch.adobecqms.net/produits/dentifrice/sensibilite-et-gencives-blancheur expected [true] but found [false],
	Viewsource not Contains Revtaxhttps://haleonstaging1:Health2023@sensodyne-v3-fr.preprod-cf65.ch.adobecqms.net/produits/dentifrice/sensibilite-et-gencives-blancheur expected [true] but found [false],
	Viewsource not Contains shoppablehttps://haleonstaging1:Health2023@sensodyne-v3-fr.preprod-cf65.ch.adobecqms.net/produits/dentifrice/sensibilite-et-gencives-blancheur expected [true] but found [false],
	Viewsource not Contains jebbithttps://haleonstaging1:Health2023@sensodyne-v3-fr.preprod-cf65.ch.adobecqms.net/produits/dentifrice/sensibilite-et-gencives-blancheur expected [true] but found [false],
	Viewsource not Contains preconnecthttps://haleonstaging1:Health2023@sensodyne-v3-fr.preprod-cf65.ch.adobecqms.net/produits/dentifrice/sensibilite-et-gencives-blancheur expected [true] but found [false],
	Viewsource not Contains PriceSpiderhttps://haleonstaging1:Health2023@sensodyne-v3-fr.preprod-cf65.ch.adobecqms.net/produits/dentifrice/sensibilite-et-gencives-menthe-fraiche expected [true] but found [false],
	Viewsource not Contains gigyahttps://haleonstaging1:Health2023@sensodyne-v3-fr.preprod-cf65.ch.adobecqms.net/produits/dentifrice/sensibilite-et-gencives-menthe-fraiche expected [true] but found [false],
	Viewsource not Contains BazaarVoicehttps://haleonstaging1:Health2023@sensodyne-v3-fr.preprod-cf65.ch.adobecqms.net/produits/dentifrice/sensibilite-et-gencives-menthe-fraiche expected [true] but found [false],
	Viewsource not Contains Revtaxhttps://haleonstaging1:Health2023@sensodyne-v3-fr.preprod-cf65.ch.adobecqms.net/produits/dentifrice/sensibilite-et-gencives-menthe-fraiche expected [true] but found [false],
	Viewsource not Contains shoppablehttps://haleonstaging1:Health2023@sensodyne-v3-fr.preprod-cf65.ch.adobecqms.net/produits/dentifrice/sensibilite-et-gencives-menthe-fraiche expected [true] but found [false],
	Viewsource not Contains jebbithttps://haleonstaging1:Health2023@sensodyne-v3-fr.preprod-cf65.ch.adobecqms.net/produits/dentifrice/sensibilite-et-gencives-menthe-fraiche expected [true] but found [false],
	Viewsource not Contains preconnecthttps://haleonstaging1:Health2023@sensodyne-v3-fr.preprod-cf65.ch.adobecqms.net/produits/dentifrice/sensibilite-et-gencives-menthe-fraiche expected [true] but found [false],
	Viewsource not Contains PriceSpiderhttps://haleonstaging1:Health2023@sensodyne-v3-fr.preprod-cf65.ch.adobecqms.net/produits/brosse-a-dents/sensibilite-et-gencives/ expected [true] but found [false],
	Viewsource not Contains gigyahttps://haleonstaging1:Health2023@sensodyne-v3-fr.preprod-cf65.ch.adobecqms.net/produits/brosse-a-dents/sensibilite-et-gencives/ expected [true] but found [false],
	Viewsource not Contains BazaarVoicehttps://haleonstaging1:Health2023@sensodyne-v3-fr.preprod-cf65.ch.adobecqms.net/produits/brosse-a-dents/sensibilite-et-gencives/ expected [true] but found [false],
	Viewsource not Contains Revtaxhttps://haleonstaging1:Health2023@sensodyne-v3-fr.preprod-cf65.ch.adobecqms.net/produits/brosse-a-dents/sensibilite-et-gencives/ expected [true] but found [false],
	Viewsource not Contains shoppablehttps://haleonstaging1:Health2023@sensodyne-v3-fr.preprod-cf65.ch.adobecqms.net/produits/brosse-a-dents/sensibilite-et-gencives/ expected [true] but found [false],
	Viewsource not Contains jebbithttps://haleonstaging1:Health2023@sensodyne-v3-fr.preprod-cf65.ch.adobecqms.net/produits/brosse-a-dents/sensibilite-et-gencives/ expected [true] but found [false],
	Viewsource not Contains preconnecthttps://haleonstaging1:Health2023@sensodyne-v3-fr.preprod-cf65.ch.adobecqms.net/produits/brosse-a-dents/sensibilite-et-gencives/ expected [true] but found [false],
	Viewsource not Contains PriceSpiderhttps://haleonstaging1:Health2023@sensodyne-v3-fr.preprod-cf65.ch.adobecqms.net/produits/dentifrice/rapide-action-menthe expected [true] but found [false],
	Viewsource not Contains gigyahttps://haleonstaging1:Health2023@sensodyne-v3-fr.preprod-cf65.ch.adobecqms.net/produits/dentifrice/rapide-action-menthe expected [true] but found [false],
	Viewsource not Contains BazaarVoicehttps://haleonstaging1:Health2023@sensodyne-v3-fr.preprod-cf65.ch.adobecqms.net/produits/dentifrice/rapide-action-menthe expected [true] but found [false],
	Viewsource not Contains Revtaxhttps://haleonstaging1:Health2023@sensodyne-v3-fr.preprod-cf65.ch.adobecqms.net/produits/dentifrice/rapide-action-menthe expected [true] but found [false],
	Viewsource not Contains shoppablehttps://haleonstaging1:Health2023@sensodyne-v3-fr.preprod-cf65.ch.adobecqms.net/produits/dentifrice/rapide-action-menthe expected [true] but found [false],
	Viewsource not Contains jebbithttps://haleonstaging1:Health2023@sensodyne-v3-fr.preprod-cf65.ch.adobecqms.net/produits/dentifrice/rapide-action-menthe expected [true] but found [false],
	Viewsource not Contains preconnecthttps://haleonstaging1:Health2023@sensodyne-v3-fr.preprod-cf65.ch.adobecqms.net/produits/dentifrice/rapide-action-menthe expected [true] but found [false],
	Viewsource not Contains PriceSpiderhttps://haleonstaging1:Health2023@sensodyne-v3-fr.preprod-cf65.ch.adobecqms.net/produits/dentifrice/rapide-action-extra-fresh expected [true] but found [false],
	Viewsource not Contains gigyahttps://haleonstaging1:Health2023@sensodyne-v3-fr.preprod-cf65.ch.adobecqms.net/produits/dentifrice/rapide-action-extra-fresh expected [true] but found [false],
	Viewsource not Contains BazaarVoicehttps://haleonstaging1:Health2023@sensodyne-v3-fr.preprod-cf65.ch.adobecqms.net/produits/dentifrice/rapide-action-extra-fresh expected [true] but found [false],
	Viewsource not Contains Revtaxhttps://haleonstaging1:Health2023@sensodyne-v3-fr.preprod-cf65.ch.adobecqms.net/produits/dentifrice/rapide-action-extra-fresh expected [true] but found [false],
	Viewsource not Contains shoppablehttps://haleonstaging1:Health2023@sensodyne-v3-fr.preprod-cf65.ch.adobecqms.net/produits/dentifrice/rapide-action-extra-fresh expected [true] but found [false],
	Viewsource not Contains jebbithttps://haleonstaging1:Health2023@sensodyne-v3-fr.preprod-cf65.ch.adobecqms.net/produits/dentifrice/rapide-action-extra-fresh expected [true] but found [false],
	Viewsource not Contains preconnecthttps://haleonstaging1:Health2023@sensodyne-v3-fr.preprod-cf65.ch.adobecqms.net/produits/dentifrice/rapide-action-extra-fresh expected [true] but found [false],
	Viewsource not Contains PriceSpiderhttps://haleonstaging1:Health2023@sensodyne-v3-fr.preprod-cf65.ch.adobecqms.net/produits/brosse-a-dents/rapide-action expected [true] but found [false],
	Viewsource not Contains gigyahttps://haleonstaging1:Health2023@sensodyne-v3-fr.preprod-cf65.ch.adobecqms.net/produits/brosse-a-dents/rapide-action expected [true] but found [false],
	Viewsource not Contains BazaarVoicehttps://haleonstaging1:Health2023@sensodyne-v3-fr.preprod-cf65.ch.adobecqms.net/produits/brosse-a-dents/rapide-action expected [true] but found [false],
	Viewsource not Contains Revtaxhttps://haleonstaging1:Health2023@sensodyne-v3-fr.preprod-cf65.ch.adobecqms.net/produits/brosse-a-dents/rapide-action expected [true] but found [false],
	Viewsource not Contains shoppablehttps://haleonstaging1:Health2023@sensodyne-v3-fr.preprod-cf65.ch.adobecqms.net/produits/brosse-a-dents/rapide-action expected [true] but found [false],
	Viewsource not Contains jebbithttps://haleonstaging1:Health2023@sensodyne-v3-fr.preprod-cf65.ch.adobecqms.net/produits/brosse-a-dents/rapide-action expected [true] but found [false],
	Viewsource not Contains preconnecthttps://haleonstaging1:Health2023@sensodyne-v3-fr.preprod-cf65.ch.adobecqms.net/produits/brosse-a-dents/rapide-action expected [true] but found [false],
	Viewsource not Contains PriceSpiderhttps://haleonstaging1:Health2023@sensodyne-v3-fr.preprod-cf65.ch.adobecqms.net/produits/dentifrice/rapide-action-blancheur expected [true] but found [false],
	Viewsource not Contains gigyahttps://haleonstaging1:Health2023@sensodyne-v3-fr.preprod-cf65.ch.adobecqms.net/produits/dentifrice/rapide-action-blancheur expected [true] but found [false],
	Viewsource not Contains BazaarVoicehttps://haleonstaging1:Health2023@sensodyne-v3-fr.preprod-cf65.ch.adobecqms.net/produits/dentifrice/rapide-action-blancheur expected [true] but found [false],
	Viewsource not Contains Revtaxhttps://haleonstaging1:Health2023@sensodyne-v3-fr.preprod-cf65.ch.adobecqms.net/produits/dentifrice/rapide-action-blancheur expected [true] but found [false],
	Viewsource not Contains shoppablehttps://haleonstaging1:Health2023@sensodyne-v3-fr.preprod-cf65.ch.adobecqms.net/produits/dentifrice/rapide-action-blancheur expected [true] but found [false],
	Viewsource not Contains jebbithttps://haleonstaging1:Health2023@sensodyne-v3-fr.preprod-cf65.ch.adobecqms.net/produits/dentifrice/rapide-action-blancheur expected [true] but found [false],
	Viewsource not Contains preconnecthttps://haleonstaging1:Health2023@sensodyne-v3-fr.preprod-cf65.ch.adobecqms.net/produits/dentifrice/rapide-action-blancheur expected [true] but found [false]" type="java.lang.AssertionError">
      <![CDATA[java.lang.AssertionError: The following asserts failed:
Viewsource not Contains PriceSpiderhttps://haleonstaging1:Health2023@sensodyne-v3-fr.preprod-cf65.ch.adobecqms.net/ expected [true] but found [false],
Viewsource not Contains gigyahttps://haleonstaging1:Health2023@sensodyne-v3-fr.preprod-cf65.ch.adobecqms.net/ expected [true] but found [false],
Viewsource not Contains BazaarVoicehttps://haleonstaging1:Health2023@sensodyne-v3-fr.preprod-cf65.ch.adobecqms.net/ expected [true] but found [false],
Viewsource not Contains Revtaxhttps://haleonstaging1:Health2023@sensodyne-v3-fr.preprod-cf65.ch.adobecqms.net/ expected [true] but found [false],
Viewsource not Contains shoppablehttps://haleonstaging1:Health2023@sensodyne-v3-fr.preprod-cf65.ch.adobecqms.net/ expected [true] but found [false],
Viewsource not Contains jebbithttps://haleonstaging1:Health2023@sensodyne-v3-fr.preprod-cf65.ch.adobecqms.net/ expected [true] but found [false],
Viewsource not Contains PriceSpiderhttps://haleonstaging1:Health2023@sensodyne-v3-fr.preprod-cf65.ch.adobecqms.net/contact/ expected [true] but found [false],
Viewsource not Contains gigyahttps://haleonstaging1:Health2023@sensodyne-v3-fr.preprod-cf65.ch.adobecqms.net/contact/ expected [true] but found [false],
Viewsource not Contains BazaarVoicehttps://haleonstaging1:Health2023@sensodyne-v3-fr.preprod-cf65.ch.adobecqms.net/contact/ expected [true] but found [false],
Viewsource not Contains Revtaxhttps://haleonstaging1:Health2023@sensodyne-v3-fr.preprod-cf65.ch.adobecqms.net/contact/ expected [true] but found [false],
Viewsource not Contains shoppablehttps://haleonstaging1:Health2023@sensodyne-v3-fr.preprod-cf65.ch.adobecqms.net/contact/ expected [true] but found [false],
Viewsource not Contains jebbithttps://haleonstaging1:Health2023@sensodyne-v3-fr.preprod-cf65.ch.adobecqms.net/contact/ expected [true] but found [false],
Viewsource not Contains PriceSpiderhttps://haleonstaging1:Health2023@sensodyne-v3-fr.preprod-cf65.ch.adobecqms.net/produits/ expected [true] but found [false],
Viewsource not Contains gigyahttps://haleonstaging1:Health2023@sensodyne-v3-fr.preprod-cf65.ch.adobecqms.net/produits/ expected [true] but found [false],
Viewsource not Contains BazaarVoicehttps://haleonstaging1:Health2023@sensodyne-v3-fr.preprod-cf65.ch.adobecqms.net/produits/ expected [true] but found [false],
Viewsource not Contains Revtaxhttps://haleonstaging1:Health2023@sensodyne-v3-fr.preprod-cf65.ch.adobecqms.net/produits/ expected [true] but found [false],
Viewsource not Contains shoppablehttps://haleonstaging1:Health2023@sensodyne-v3-fr.preprod-cf65.ch.adobecqms.net/produits/ expected [true] but found [false],
Viewsource not Contains jebbithttps://haleonstaging1:Health2023@sensodyne-v3-fr.preprod-cf65.ch.adobecqms.net/produits/ expected [true] but found [false],
Viewsource not Contains PriceSpiderhttps://haleonstaging1:Health2023@sensodyne-v3-fr.preprod-cf65.ch.adobecqms.net/produits/dentifrice/sensibilite-et-gencives-menthe-douce expected [true] but found [false],
Viewsource not Contains gigyahttps://haleonstaging1:Health2023@sensodyne-v3-fr.preprod-cf65.ch.adobecqms.net/produits/dentifrice/sensibilite-et-gencives-menthe-douce expected [true] but found [false],
Viewsource not Contains BazaarVoicehttps://haleonstaging1:Health2023@sensodyne-v3-fr.preprod-cf65.ch.adobecqms.net/produits/dentifrice/sensibilite-et-gencives-menthe-douce expected [true] but found [false],
Viewsource not Contains Revtaxhttps://haleonstaging1:Health2023@sensodyne-v3-fr.preprod-cf65.ch.adobecqms.net/produits/dentifrice/sensibilite-et-gencives-menthe-douce expected [true] but found [false],
Viewsource not Contains shoppablehttps://haleonstaging1:Health2023@sensodyne-v3-fr.preprod-cf65.ch.adobecqms.net/produits/dentifrice/sensibilite-et-gencives-menthe-douce expected [true] but found [false],
Viewsource not Contains jebbithttps://haleonstaging1:Health2023@sensodyne-v3-fr.preprod-cf65.ch.adobecqms.net/produits/dentifrice/sensibilite-et-gencives-menthe-douce expected [true] but found [false],
Viewsource not Contains preconnecthttps://haleonstaging1:Health2023@sensodyne-v3-fr.preprod-cf65.ch.adobecqms.net/produits/dentifrice/sensibilite-et-gencives-menthe-douce expected [true] but found [false],
Viewsource not Contains PriceSpiderhttps://haleonstaging1:Health2023@sensodyne-v3-fr.preprod-cf65.ch.adobecqms.net/produits/dentifrice/sensibilite-et-gencives-blancheur expected [true] but found [false],
Viewsource not Contains gigyahttps://haleonstaging1:Health2023@sensodyne-v3-fr.preprod-cf65.ch.adobecqms.net/produits/dentifrice/sensibilite-et-gencives-blancheur expected [true] but found [false],
Viewsource not Contains BazaarVoicehttps://haleonstaging1:Health2023@sensodyne-v3-fr.preprod-cf65.ch.adobecqms.net/produits/dentifrice/sensibilite-et-gencives-blancheur expected [true] but found [false],
Viewsource not Contains Revtaxhttps://haleonstaging1:Health2023@sensodyne-v3-fr.preprod-cf65.ch.adobecqms.net/produits/dentifrice/sensibilite-et-gencives-blancheur expected [true] but found [false],
Viewsource not Contains shoppablehttps://haleonstaging1:Health2023@sensodyne-v3-fr.preprod-cf65.ch.adobecqms.net/produits/dentifrice/sensibilite-et-gencives-blancheur expected [true] but found [false],
Viewsource not Contains jebbithttps://haleonstaging1:Health2023@sensodyne-v3-fr.preprod-cf65.ch.adobecqms.net/produits/dentifrice/sensibilite-et-gencives-blancheur expected [true] but found [false],
Viewsource not Contains preconnecthttps://haleonstaging1:Health2023@sensodyne-v3-fr.preprod-cf65.ch.adobecqms.net/produits/dentifrice/sensibilite-et-gencives-blancheur expected [true] but found [false],
Viewsource not Contains PriceSpiderhttps://haleonstaging1:Health2023@sensodyne-v3-fr.preprod-cf65.ch.adobecqms.net/produits/dentifrice/sensibilite-et-gencives-menthe-fraiche expected [true] but found [false],
Viewsource not Contains gigyahttps://haleonstaging1:Health2023@sensodyne-v3-fr.preprod-cf65.ch.adobecqms.net/produits/dentifrice/sensibilite-et-gencives-menthe-fraiche expected [true] but found [false],
Viewsource not Contains BazaarVoicehttps://haleonstaging1:Health2023@sensodyne-v3-fr.preprod-cf65.ch.adobecqms.net/produits/dentifrice/sensibilite-et-gencives-menthe-fraiche expected [true] but found [false],
Viewsource not Contains Revtaxhttps://haleonstaging1:Health2023@sensodyne-v3-fr.preprod-cf65.ch.adobecqms.net/produits/dentifrice/sensibilite-et-gencives-menthe-fraiche expected [true] but found [false],
Viewsource not Contains shoppablehttps://haleonstaging1:Health2023@sensodyne-v3-fr.preprod-cf65.ch.adobecqms.net/produits/dentifrice/sensibilite-et-gencives-menthe-fraiche expected [true] but found [false],
Viewsource not Contains jebbithttps://haleonstaging1:Health2023@sensodyne-v3-fr.preprod-cf65.ch.adobecqms.net/produits/dentifrice/sensibilite-et-gencives-menthe-fraiche expected [true] but found [false],
Viewsource not Contains preconnecthttps://haleonstaging1:Health2023@sensodyne-v3-fr.preprod-cf65.ch.adobecqms.net/produits/dentifrice/sensibilite-et-gencives-menthe-fraiche expected [true] but found [false],
Viewsource not Contains PriceSpiderhttps://haleonstaging1:Health2023@sensodyne-v3-fr.preprod-cf65.ch.adobecqms.net/produits/brosse-a-dents/sensibilite-et-gencives/ expected [true] but found [false],
Viewsource not Contains gigyahttps://haleonstaging1:Health2023@sensodyne-v3-fr.preprod-cf65.ch.adobecqms.net/produits/brosse-a-dents/sensibilite-et-gencives/ expected [true] but found [false],
Viewsource not Contains BazaarVoicehttps://haleonstaging1:Health2023@sensodyne-v3-fr.preprod-cf65.ch.adobecqms.net/produits/brosse-a-dents/sensibilite-et-gencives/ expected [true] but found [false],
Viewsource not Contains Revtaxhttps://haleonstaging1:Health2023@sensodyne-v3-fr.preprod-cf65.ch.adobecqms.net/produits/brosse-a-dents/sensibilite-et-gencives/ expected [true] but found [false],
Viewsource not Contains shoppablehttps://haleonstaging1:Health2023@sensodyne-v3-fr.preprod-cf65.ch.adobecqms.net/produits/brosse-a-dents/sensibilite-et-gencives/ expected [true] but found [false],
Viewsource not Contains jebbithttps://haleonstaging1:Health2023@sensodyne-v3-fr.preprod-cf65.ch.adobecqms.net/produits/brosse-a-dents/sensibilite-et-gencives/ expected [true] but found [false],
Viewsource not Contains preconnecthttps://haleonstaging1:Health2023@sensodyne-v3-fr.preprod-cf65.ch.adobecqms.net/produits/brosse-a-dents/sensibilite-et-gencives/ expected [true] but found [false],
Viewsource not Contains PriceSpiderhttps://haleonstaging1:Health2023@sensodyne-v3-fr.preprod-cf65.ch.adobecqms.net/produits/dentifrice/rapide-action-menthe expected [true] but found [false],
Viewsource not Contains gigyahttps://haleonstaging1:Health2023@sensodyne-v3-fr.preprod-cf65.ch.adobecqms.net/produits/dentifrice/rapide-action-menthe expected [true] but found [false],
Viewsource not Contains BazaarVoicehttps://haleonstaging1:Health2023@sensodyne-v3-fr.preprod-cf65.ch.adobecqms.net/produits/dentifrice/rapide-action-menthe expected [true] but found [false],
Viewsource not Contains Revtaxhttps://haleonstaging1:Health2023@sensodyne-v3-fr.preprod-cf65.ch.adobecqms.net/produits/dentifrice/rapide-action-menthe expected [true] but found [false],
Viewsource not Contains shoppablehttps://haleonstaging1:Health2023@sensodyne-v3-fr.preprod-cf65.ch.adobecqms.net/produits/dentifrice/rapide-action-menthe expected [true] but found [false],
Viewsource not Contains jebbithttps://haleonstaging1:Health2023@sensodyne-v3-fr.preprod-cf65.ch.adobecqms.net/produits/dentifrice/rapide-action-menthe expected [true] but found [false],
Viewsource not Contains preconnecthttps://haleonstaging1:Health2023@sensodyne-v3-fr.preprod-cf65.ch.adobecqms.net/produits/dentifrice/rapide-action-menthe expected [true] but found [false],
Viewsource not Contains PriceSpiderhttps://haleonstaging1:Health2023@sensodyne-v3-fr.preprod-cf65.ch.adobecqms.net/produits/dentifrice/rapide-action-extra-fresh expected [true] but found [false],
Viewsource not Contains gigyahttps://haleonstaging1:Health2023@sensodyne-v3-fr.preprod-cf65.ch.adobecqms.net/produits/dentifrice/rapide-action-extra-fresh expected [true] but found [false],
Viewsource not Contains BazaarVoicehttps://haleonstaging1:Health2023@sensodyne-v3-fr.preprod-cf65.ch.adobecqms.net/produits/dentifrice/rapide-action-extra-fresh expected [true] but found [false],
Viewsource not Contains Revtaxhttps://haleonstaging1:Health2023@sensodyne-v3-fr.preprod-cf65.ch.adobecqms.net/produits/dentifrice/rapide-action-extra-fresh expected [true] but found [false],
Viewsource not Contains shoppablehttps://haleonstaging1:Health2023@sensodyne-v3-fr.preprod-cf65.ch.adobecqms.net/produits/dentifrice/rapide-action-extra-fresh expected [true] but found [false],
Viewsource not Contains jebbithttps://haleonstaging1:Health2023@sensodyne-v3-fr.preprod-cf65.ch.adobecqms.net/produits/dentifrice/rapide-action-extra-fresh expected [true] but found [false],
Viewsource not Contains preconnecthttps://haleonstaging1:Health2023@sensodyne-v3-fr.preprod-cf65.ch.adobecqms.net/produits/dentifrice/rapide-action-extra-fresh expected [true] but found [false],
Viewsource not Contains PriceSpiderhttps://haleonstaging1:Health2023@sensodyne-v3-fr.preprod-cf65.ch.adobecqms.net/produits/brosse-a-dents/rapide-action expected [true] but found [false],
Viewsource not Contains gigyahttps://haleonstaging1:Health2023@sensodyne-v3-fr.preprod-cf65.ch.adobecqms.net/produits/brosse-a-dents/rapide-action expected [true] but found [false],
Viewsource not Contains BazaarVoicehttps://haleonstaging1:Health2023@sensodyne-v3-fr.preprod-cf65.ch.adobecqms.net/produits/brosse-a-dents/rapide-action expected [true] but found [false],
Viewsource not Contains Revtaxhttps://haleonstaging1:Health2023@sensodyne-v3-fr.preprod-cf65.ch.adobecqms.net/produits/brosse-a-dents/rapide-action expected [true] but found [false],
Viewsource not Contains shoppablehttps://haleonstaging1:Health2023@sensodyne-v3-fr.preprod-cf65.ch.adobecqms.net/produits/brosse-a-dents/rapide-action expected [true] but found [false],
Viewsource not Contains jebbithttps://haleonstaging1:Health2023@sensodyne-v3-fr.preprod-cf65.ch.adobecqms.net/produits/brosse-a-dents/rapide-action expected [true] but found [false],
Viewsource not Contains preconnecthttps://haleonstaging1:Health2023@sensodyne-v3-fr.preprod-cf65.ch.adobecqms.net/produits/brosse-a-dents/rapide-action expected [true] but found [false],
Viewsource not Contains PriceSpiderhttps://haleonstaging1:Health2023@sensodyne-v3-fr.preprod-cf65.ch.adobecqms.net/produits/dentifrice/rapide-action-blancheur expected [true] but found [false],
Viewsource not Contains gigyahttps://haleonstaging1:Health2023@sensodyne-v3-fr.preprod-cf65.ch.adobecqms.net/produits/dentifrice/rapide-action-blancheur expected [true] but found [false],
Viewsource not Contains BazaarVoicehttps://haleonstaging1:Health2023@sensodyne-v3-fr.preprod-cf65.ch.adobecqms.net/produits/dentifrice/rapide-action-blancheur expected [true] but found [false],
Viewsource not Contains Revtaxhttps://haleonstaging1:Health2023@sensodyne-v3-fr.preprod-cf65.ch.adobecqms.net/produits/dentifrice/rapide-action-blancheur expected [true] but found [false],
Viewsource not Contains shoppablehttps://haleonstaging1:Health2023@sensodyne-v3-fr.preprod-cf65.ch.adobecqms.net/produits/dentifrice/rapide-action-blancheur expected [true] but found [false],
Viewsource not Contains jebbithttps://haleonstaging1:Health2023@sensodyne-v3-fr.preprod-cf65.ch.adobecqms.net/produits/dentifrice/rapide-action-blancheur expected [true] but found [false],
Viewsource not Contains preconnecthttps://haleonstaging1:Health2023@sensodyne-v3-fr.preprod-cf65.ch.adobecqms.net/produits/dentifrice/rapide-action-blancheur expected [true] but found [false]
at org.testng.asserts.SoftAssert.assertAll(SoftAssert.java:47)
at org.testng.asserts.SoftAssert.assertAll(SoftAssert.java:31)
at com.qa.bens.checklist.page.CheckListTPIPage.verifyTPI(CheckListTPIPage.java:98)
at com.qa.bens.checklist.test.CheckListTPITest.findingTPI(CheckListTPITest.java:22)
at java.base/jdk.internal.reflect.DirectMethodHandleAccessor.invoke(DirectMethodHandleAccessor.java:104)
at java.base/java.lang.reflect.Method.invoke(Method.java:577)
at org.testng.internal.MethodInvocationHelper.invokeMethod(MethodInvocationHelper.java:133)
at org.testng.internal.TestInvoker.invokeMethod(TestInvoker.java:598)
at org.testng.internal.TestInvoker.invokeTestMethod(TestInvoker.java:173)
at org.testng.internal.MethodRunner.runInSequence(MethodRunner.java:46)
at org.testng.internal.TestInvoker$MethodInvocationAgent.invoke(TestInvoker.java:824)
at org.testng.internal.TestInvoker.invokeTestMethods(TestInvoker.java:146)
at org.testng.internal.TestMethodWorker.invokeTestMethods(TestMethodWorker.java:146)
at org.testng.internal.TestMethodWorker.run(TestMethodWorker.java:128)
at java.base/java.util.ArrayList.forEach(ArrayList.java:1511)
at org.testng.TestRunner.privateRun(TestRunner.java:794)
at org.testng.TestRunner.run(TestRunner.java:596)
at org.testng.SuiteRunner.runTest(SuiteRunner.java:377)
at org.testng.SuiteRunner.runSequentially(SuiteRunner.java:371)
at org.testng.SuiteRunner.privateRun(SuiteRunner.java:332)
at org.testng.SuiteRunner.run(SuiteRunner.java:276)
at org.testng.SuiteRunnerWorker.runSuite(SuiteRunnerWorker.java:53)
at org.testng.SuiteRunnerWorker.run(SuiteRunnerWorker.java:96)
at org.testng.TestNG.runSuitesSequentially(TestNG.java:1212)
at org.testng.TestNG.runSuitesLocally(TestNG.java:1134)
at org.testng.TestNG.runSuites(TestNG.java:1063)
at org.testng.TestNG.run(TestNG.java:1031)
at org.testng.remote.AbstractRemoteTestNG.run(AbstractRemoteTestNG.java:115)
at org.testng.remote.RemoteTestNG.initAndRun(RemoteTestNG.java:251)
at org.testng.remote.RemoteTestNG.main(RemoteTestNG.java:77)
]]>
    </failure>
  </testcase> <!-- findingTPI -->
  <system-out/>
  <testcase classname="com.qa.bens.checklist.test.CheckListTPITest" name="findingTPI" time="1.199">
    <failure message="The following asserts failed:
	Viewsource not Contains PriceSpiderhttps://haleonstaging1:Health2023@sensodyne-v3-fr.preprod-cf65.ch.adobecqms.net/ expected [true] but found [false],
	Viewsource not Contains gigyahttps://haleonstaging1:Health2023@sensodyne-v3-fr.preprod-cf65.ch.adobecqms.net/ expected [true] but found [false],
	Viewsource not Contains BazaarVoicehttps://haleonstaging1:Health2023@sensodyne-v3-fr.preprod-cf65.ch.adobecqms.net/ expected [true] but found [false],
	Viewsource not Contains Revtaxhttps://haleonstaging1:Health2023@sensodyne-v3-fr.preprod-cf65.ch.adobecqms.net/ expected [true] but found [false],
	Viewsource not Contains shoppablehttps://haleonstaging1:Health2023@sensodyne-v3-fr.preprod-cf65.ch.adobecqms.net/ expected [true] but found [false],
	Viewsource not Contains jebbithttps://haleonstaging1:Health2023@sensodyne-v3-fr.preprod-cf65.ch.adobecqms.net/ expected [true] but found [false],
	Viewsource not Contains PriceSpiderhttps://haleonstaging1:Health2023@sensodyne-v3-fr.preprod-cf65.ch.adobecqms.net/contact/ expected [true] but found [false],
	Viewsource not Contains gigyahttps://haleonstaging1:Health2023@sensodyne-v3-fr.preprod-cf65.ch.adobecqms.net/contact/ expected [true] but found [false],
	Viewsource not Contains BazaarVoicehttps://haleonstaging1:Health2023@sensodyne-v3-fr.preprod-cf65.ch.adobecqms.net/contact/ expected [true] but found [false],
	Viewsource not Contains Revtaxhttps://haleonstaging1:Health2023@sensodyne-v3-fr.preprod-cf65.ch.adobecqms.net/contact/ expected [true] but found [false],
	Viewsource not Contains shoppablehttps://haleonstaging1:Health2023@sensodyne-v3-fr.preprod-cf65.ch.adobecqms.net/contact/ expected [true] but found [false],
	Viewsource not Contains jebbithttps://haleonstaging1:Health2023@sensodyne-v3-fr.preprod-cf65.ch.adobecqms.net/contact/ expected [true] but found [false],
	Viewsource not Contains PriceSpiderhttps://haleonstaging1:Health2023@sensodyne-v3-fr.preprod-cf65.ch.adobecqms.net/produits/ expected [true] but found [false],
	Viewsource not Contains gigyahttps://haleonstaging1:Health2023@sensodyne-v3-fr.preprod-cf65.ch.adobecqms.net/produits/ expected [true] but found [false],
	Viewsource not Contains BazaarVoicehttps://haleonstaging1:Health2023@sensodyne-v3-fr.preprod-cf65.ch.adobecqms.net/produits/ expected [true] but found [false],
	Viewsource not Contains Revtaxhttps://haleonstaging1:Health2023@sensodyne-v3-fr.preprod-cf65.ch.adobecqms.net/produits/ expected [true] but found [false],
	Viewsource not Contains shoppablehttps://haleonstaging1:Health2023@sensodyne-v3-fr.preprod-cf65.ch.adobecqms.net/produits/ expected [true] but found [false],
	Viewsource not Contains jebbithttps://haleonstaging1:Health2023@sensodyne-v3-fr.preprod-cf65.ch.adobecqms.net/produits/ expected [true] but found [false],
	Viewsource not Contains PriceSpiderhttps://haleonstaging1:Health2023@sensodyne-v3-fr.preprod-cf65.ch.adobecqms.net/produits/dentifrice/sensibilite-et-gencives-menthe-douce expected [true] but found [false],
	Viewsource not Contains gigyahttps://haleonstaging1:Health2023@sensodyne-v3-fr.preprod-cf65.ch.adobecqms.net/produits/dentifrice/sensibilite-et-gencives-menthe-douce expected [true] but found [false],
	Viewsource not Contains BazaarVoicehttps://haleonstaging1:Health2023@sensodyne-v3-fr.preprod-cf65.ch.adobecqms.net/produits/dentifrice/sensibilite-et-gencives-menthe-douce expected [true] but found [false],
	Viewsource not Contains Revtaxhttps://haleonstaging1:Health2023@sensodyne-v3-fr.preprod-cf65.ch.adobecqms.net/produits/dentifrice/sensibilite-et-gencives-menthe-douce expected [true] but found [false],
	Viewsource not Contains shoppablehttps://haleonstaging1:Health2023@sensodyne-v3-fr.preprod-cf65.ch.adobecqms.net/produits/dentifrice/sensibilite-et-gencives-menthe-douce expected [true] but found [false],
	Viewsource not Contains jebbithttps://haleonstaging1:Health2023@sensodyne-v3-fr.preprod-cf65.ch.adobecqms.net/produits/dentifrice/sensibilite-et-gencives-menthe-douce expected [true] but found [false],
	Viewsource not Contains preconnecthttps://haleonstaging1:Health2023@sensodyne-v3-fr.preprod-cf65.ch.adobecqms.net/produits/dentifrice/sensibilite-et-gencives-menthe-douce expected [true] but found [false],
	Viewsource not Contains PriceSpiderhttps://haleonstaging1:Health2023@sensodyne-v3-fr.preprod-cf65.ch.adobecqms.net/produits/dentifrice/sensibilite-et-gencives-blancheur expected [true] but found [false],
	Viewsource not Contains gigyahttps://haleonstaging1:Health2023@sensodyne-v3-fr.preprod-cf65.ch.adobecqms.net/produits/dentifrice/sensibilite-et-gencives-blancheur expected [true] but found [false],
	Viewsource not Contains BazaarVoicehttps://haleonstaging1:Health2023@sensodyne-v3-fr.preprod-cf65.ch.adobecqms.net/produits/dentifrice/sensibilite-et-gencives-blancheur expected [true] but found [false],
	Viewsource not Contains Revtaxhttps://haleonstaging1:Health2023@sensodyne-v3-fr.preprod-cf65.ch.adobecqms.net/produits/dentifrice/sensibilite-et-gencives-blancheur expected [true] but found [false],
	Viewsource not Contains shoppablehttps://haleonstaging1:Health2023@sensodyne-v3-fr.preprod-cf65.ch.adobecqms.net/produits/dentifrice/sensibilite-et-gencives-blancheur expected [true] but found [false],
	Viewsource not Contains jebbithttps://haleonstaging1:Health2023@sensodyne-v3-fr.preprod-cf65.ch.adobecqms.net/produits/dentifrice/sensibilite-et-gencives-blancheur expected [true] but found [false],
	Viewsource not Contains preconnecthttps://haleonstaging1:Health2023@sensodyne-v3-fr.preprod-cf65.ch.adobecqms.net/produits/dentifrice/sensibilite-et-gencives-blancheur expected [true] but found [false],
	Viewsource not Contains PriceSpiderhttps://haleonstaging1:Health2023@sensodyne-v3-fr.preprod-cf65.ch.adobecqms.net/produits/dentifrice/sensibilite-et-gencives-menthe-fraiche expected [true] but found [false],
	Viewsource not Contains gigyahttps://haleonstaging1:Health2023@sensodyne-v3-fr.preprod-cf65.ch.adobecqms.net/produits/dentifrice/sensibilite-et-gencives-menthe-fraiche expected [true] but found [false],
	Viewsource not Contains BazaarVoicehttps://haleonstaging1:Health2023@sensodyne-v3-fr.preprod-cf65.ch.adobecqms.net/produits/dentifrice/sensibilite-et-gencives-menthe-fraiche expected [true] but found [false],
	Viewsource not Contains Revtaxhttps://haleonstaging1:Health2023@sensodyne-v3-fr.preprod-cf65.ch.adobecqms.net/produits/dentifrice/sensibilite-et-gencives-menthe-fraiche expected [true] but found [false],
	Viewsource not Contains shoppablehttps://haleonstaging1:Health2023@sensodyne-v3-fr.preprod-cf65.ch.adobecqms.net/produits/dentifrice/sensibilite-et-gencives-menthe-fraiche expected [true] but found [false],
	Viewsource not Contains jebbithttps://haleonstaging1:Health2023@sensodyne-v3-fr.preprod-cf65.ch.adobecqms.net/produits/dentifrice/sensibilite-et-gencives-menthe-fraiche expected [true] but found [false],
	Viewsource not Contains preconnecthttps://haleonstaging1:Health2023@sensodyne-v3-fr.preprod-cf65.ch.adobecqms.net/produits/dentifrice/sensibilite-et-gencives-menthe-fraiche expected [true] but found [false]" type="java.lang.AssertionError">
      <![CDATA[java.lang.AssertionError: The following asserts failed:
Viewsource not Contains PriceSpiderhttps://haleonstaging1:Health2023@sensodyne-v3-fr.preprod-cf65.ch.adobecqms.net/ expected [true] but found [false],
Viewsource not Contains gigyahttps://haleonstaging1:Health2023@sensodyne-v3-fr.preprod-cf65.ch.adobecqms.net/ expected [true] but found [false],
Viewsource not Contains BazaarVoicehttps://haleonstaging1:Health2023@sensodyne-v3-fr.preprod-cf65.ch.adobecqms.net/ expected [true] but found [false],
Viewsource not Contains Revtaxhttps://haleonstaging1:Health2023@sensodyne-v3-fr.preprod-cf65.ch.adobecqms.net/ expected [true] but found [false],
Viewsource not Contains shoppablehttps://haleonstaging1:Health2023@sensodyne-v3-fr.preprod-cf65.ch.adobecqms.net/ expected [true] but found [false],
Viewsource not Contains jebbithttps://haleonstaging1:Health2023@sensodyne-v3-fr.preprod-cf65.ch.adobecqms.net/ expected [true] but found [false],
Viewsource not Contains PriceSpiderhttps://haleonstaging1:Health2023@sensodyne-v3-fr.preprod-cf65.ch.adobecqms.net/contact/ expected [true] but found [false],
Viewsource not Contains gigyahttps://haleonstaging1:Health2023@sensodyne-v3-fr.preprod-cf65.ch.adobecqms.net/contact/ expected [true] but found [false],
Viewsource not Contains BazaarVoicehttps://haleonstaging1:Health2023@sensodyne-v3-fr.preprod-cf65.ch.adobecqms.net/contact/ expected [true] but found [false],
Viewsource not Contains Revtaxhttps://haleonstaging1:Health2023@sensodyne-v3-fr.preprod-cf65.ch.adobecqms.net/contact/ expected [true] but found [false],
Viewsource not Contains shoppablehttps://haleonstaging1:Health2023@sensodyne-v3-fr.preprod-cf65.ch.adobecqms.net/contact/ expected [true] but found [false],
Viewsource not Contains jebbithttps://haleonstaging1:Health2023@sensodyne-v3-fr.preprod-cf65.ch.adobecqms.net/contact/ expected [true] but found [false],
Viewsource not Contains PriceSpiderhttps://haleonstaging1:Health2023@sensodyne-v3-fr.preprod-cf65.ch.adobecqms.net/produits/ expected [true] but found [false],
Viewsource not Contains gigyahttps://haleonstaging1:Health2023@sensodyne-v3-fr.preprod-cf65.ch.adobecqms.net/produits/ expected [true] but found [false],
Viewsource not Contains BazaarVoicehttps://haleonstaging1:Health2023@sensodyne-v3-fr.preprod-cf65.ch.adobecqms.net/produits/ expected [true] but found [false],
Viewsource not Contains Revtaxhttps://haleonstaging1:Health2023@sensodyne-v3-fr.preprod-cf65.ch.adobecqms.net/produits/ expected [true] but found [false],
Viewsource not Contains shoppablehttps://haleonstaging1:Health2023@sensodyne-v3-fr.preprod-cf65.ch.adobecqms.net/produits/ expected [true] but found [false],
Viewsource not Contains jebbithttps://haleonstaging1:Health2023@sensodyne-v3-fr.preprod-cf65.ch.adobecqms.net/produits/ expected [true] but found [false],
Viewsource not Contains PriceSpiderhttps://haleonstaging1:Health2023@sensodyne-v3-fr.preprod-cf65.ch.adobecqms.net/produits/dentifrice/sensibilite-et-gencives-menthe-douce expected [true] but found [false],
Viewsource not Contains gigyahttps://haleonstaging1:Health2023@sensodyne-v3-fr.preprod-cf65.ch.adobecqms.net/produits/dentifrice/sensibilite-et-gencives-menthe-douce expected [true] but found [false],
Viewsource not Contains BazaarVoicehttps://haleonstaging1:Health2023@sensodyne-v3-fr.preprod-cf65.ch.adobecqms.net/produits/dentifrice/sensibilite-et-gencives-menthe-douce expected [true] but found [false],
Viewsource not Contains Revtaxhttps://haleonstaging1:Health2023@sensodyne-v3-fr.preprod-cf65.ch.adobecqms.net/produits/dentifrice/sensibilite-et-gencives-menthe-douce expected [true] but found [false],
Viewsource not Contains shoppablehttps://haleonstaging1:Health2023@sensodyne-v3-fr.preprod-cf65.ch.adobecqms.net/produits/dentifrice/sensibilite-et-gencives-menthe-douce expected [true] but found [false],
Viewsource not Contains jebbithttps://haleonstaging1:Health2023@sensodyne-v3-fr.preprod-cf65.ch.adobecqms.net/produits/dentifrice/sensibilite-et-gencives-menthe-douce expected [true] but found [false],
Viewsource not Contains preconnecthttps://haleonstaging1:Health2023@sensodyne-v3-fr.preprod-cf65.ch.adobecqms.net/produits/dentifrice/sensibilite-et-gencives-menthe-douce expected [true] but found [false],
Viewsource not Contains PriceSpiderhttps://haleonstaging1:Health2023@sensodyne-v3-fr.preprod-cf65.ch.adobecqms.net/produits/dentifrice/sensibilite-et-gencives-blancheur expected [true] but found [false],
Viewsource not Contains gigyahttps://haleonstaging1:Health2023@sensodyne-v3-fr.preprod-cf65.ch.adobecqms.net/produits/dentifrice/sensibilite-et-gencives-blancheur expected [true] but found [false],
Viewsource not Contains BazaarVoicehttps://haleonstaging1:Health2023@sensodyne-v3-fr.preprod-cf65.ch.adobecqms.net/produits/dentifrice/sensibilite-et-gencives-blancheur expected [true] but found [false],
Viewsource not Contains Revtaxhttps://haleonstaging1:Health2023@sensodyne-v3-fr.preprod-cf65.ch.adobecqms.net/produits/dentifrice/sensibilite-et-gencives-blancheur expected [true] but found [false],
Viewsource not Contains shoppablehttps://haleonstaging1:Health2023@sensodyne-v3-fr.preprod-cf65.ch.adobecqms.net/produits/dentifrice/sensibilite-et-gencives-blancheur expected [true] but found [false],
Viewsource not Contains jebbithttps://haleonstaging1:Health2023@sensodyne-v3-fr.preprod-cf65.ch.adobecqms.net/produits/dentifrice/sensibilite-et-gencives-blancheur expected [true] but found [false],
Viewsource not Contains preconnecthttps://haleonstaging1:Health2023@sensodyne-v3-fr.preprod-cf65.ch.adobecqms.net/produits/dentifrice/sensibilite-et-gencives-blancheur expected [true] but found [false],
Viewsource not Contains PriceSpiderhttps://haleonstaging1:Health2023@sensodyne-v3-fr.preprod-cf65.ch.adobecqms.net/produits/dentifrice/sensibilite-et-gencives-menthe-fraiche expected [true] but found [false],
Viewsource not Contains gigyahttps://haleonstaging1:Health2023@sensodyne-v3-fr.preprod-cf65.ch.adobecqms.net/produits/dentifrice/sensibilite-et-gencives-menthe-fraiche expected [true] but found [false],
Viewsource not Contains BazaarVoicehttps://haleonstaging1:Health2023@sensodyne-v3-fr.preprod-cf65.ch.adobecqms.net/produits/dentifrice/sensibilite-et-gencives-menthe-fraiche expected [true] but found [false],
Viewsource not Contains Revtaxhttps://haleonstaging1:Health2023@sensodyne-v3-fr.preprod-cf65.ch.adobecqms.net/produits/dentifrice/sensibilite-et-gencives-menthe-fraiche expected [true] but found [false],
Viewsource not Contains shoppablehttps://haleonstaging1:Health2023@sensodyne-v3-fr.preprod-cf65.ch.adobecqms.net/produits/dentifrice/sensibilite-et-gencives-menthe-fraiche expected [true] but found [false],
Viewsource not Contains jebbithttps://haleonstaging1:Health2023@sensodyne-v3-fr.preprod-cf65.ch.adobecqms.net/produits/dentifrice/sensibilite-et-gencives-menthe-fraiche expected [true] but found [false],
Viewsource not Contains preconnecthttps://haleonstaging1:Health2023@sensodyne-v3-fr.preprod-cf65.ch.adobecqms.net/produits/dentifrice/sensibilite-et-gencives-menthe-fraiche expected [true] but found [false]
at org.testng.asserts.SoftAssert.assertAll(SoftAssert.java:47)
at org.testng.asserts.SoftAssert.assertAll(SoftAssert.java:31)
at com.qa.bens.checklist.page.CheckListTPIPage.verifyTPI(CheckListTPIPage.java:98)
at com.qa.bens.checklist.test.CheckListTPITest.findingTPI(CheckListTPITest.java:22)
at java.base/jdk.internal.reflect.DirectMethodHandleAccessor.invoke(DirectMethodHandleAccessor.java:104)
at java.base/java.lang.reflect.Method.invoke(Method.java:577)
at org.testng.internal.MethodInvocationHelper.invokeMethod(MethodInvocationHelper.java:133)
at org.testng.internal.TestInvoker.invokeMethod(TestInvoker.java:598)
at org.testng.internal.TestInvoker.invokeTestMethod(TestInvoker.java:173)
at org.testng.internal.MethodRunner.runInSequence(MethodRunner.java:46)
at org.testng.internal.TestInvoker$MethodInvocationAgent.invoke(TestInvoker.java:824)
at org.testng.internal.TestInvoker.invokeTestMethods(TestInvoker.java:146)
at org.testng.internal.TestMethodWorker.invokeTestMethods(TestMethodWorker.java:146)
at org.testng.internal.TestMethodWorker.run(TestMethodWorker.java:128)
at java.base/java.util.ArrayList.forEach(ArrayList.java:1511)
at org.testng.TestRunner.privateRun(TestRunner.java:794)
at org.testng.TestRunner.run(TestRunner.java:596)
at org.testng.SuiteRunner.runTest(SuiteRunner.java:377)
at org.testng.SuiteRunner.runSequentially(SuiteRunner.java:371)
at org.testng.SuiteRunner.privateRun(SuiteRunner.java:332)
at org.testng.SuiteRunner.run(SuiteRunner.java:276)
at org.testng.SuiteRunnerWorker.runSuite(SuiteRunnerWorker.java:53)
at org.testng.SuiteRunnerWorker.run(SuiteRunnerWorker.java:96)
at org.testng.TestNG.runSuitesSequentially(TestNG.java:1212)
at org.testng.TestNG.runSuitesLocally(TestNG.java:1134)
at org.testng.TestNG.runSuites(TestNG.java:1063)
at org.testng.TestNG.run(TestNG.java:1031)
at org.testng.remote.AbstractRemoteTestNG.run(AbstractRemoteTestNG.java:115)
at org.testng.remote.RemoteTestNG.initAndRun(RemoteTestNG.java:251)
at org.testng.remote.RemoteTestNG.main(RemoteTestNG.java:77)
]]>
    </failure>
  </testcase> <!-- findingTPI -->
  <system-out/>
  <testcase classname="com.qa.bens.checklist.test.CheckListTPITest" name="findingTPI" time="1.147">
    <failure message="The following asserts failed:
	Viewsource not Contains PriceSpiderhttps://haleonstaging1:Health2023@sensodyne-v3-fr.preprod-cf65.ch.adobecqms.net/ expected [true] but found [false],
	Viewsource not Contains gigyahttps://haleonstaging1:Health2023@sensodyne-v3-fr.preprod-cf65.ch.adobecqms.net/ expected [true] but found [false],
	Viewsource not Contains BazaarVoicehttps://haleonstaging1:Health2023@sensodyne-v3-fr.preprod-cf65.ch.adobecqms.net/ expected [true] but found [false],
	Viewsource not Contains Revtaxhttps://haleonstaging1:Health2023@sensodyne-v3-fr.preprod-cf65.ch.adobecqms.net/ expected [true] but found [false],
	Viewsource not Contains shoppablehttps://haleonstaging1:Health2023@sensodyne-v3-fr.preprod-cf65.ch.adobecqms.net/ expected [true] but found [false],
	Viewsource not Contains jebbithttps://haleonstaging1:Health2023@sensodyne-v3-fr.preprod-cf65.ch.adobecqms.net/ expected [true] but found [false],
	Viewsource not Contains PriceSpiderhttps://haleonstaging1:Health2023@sensodyne-v3-fr.preprod-cf65.ch.adobecqms.net/contact/ expected [true] but found [false],
	Viewsource not Contains gigyahttps://haleonstaging1:Health2023@sensodyne-v3-fr.preprod-cf65.ch.adobecqms.net/contact/ expected [true] but found [false],
	Viewsource not Contains BazaarVoicehttps://haleonstaging1:Health2023@sensodyne-v3-fr.preprod-cf65.ch.adobecqms.net/contact/ expected [true] but found [false],
	Viewsource not Contains Revtaxhttps://haleonstaging1:Health2023@sensodyne-v3-fr.preprod-cf65.ch.adobecqms.net/contact/ expected [true] but found [false],
	Viewsource not Contains shoppablehttps://haleonstaging1:Health2023@sensodyne-v3-fr.preprod-cf65.ch.adobecqms.net/contact/ expected [true] but found [false],
	Viewsource not Contains jebbithttps://haleonstaging1:Health2023@sensodyne-v3-fr.preprod-cf65.ch.adobecqms.net/contact/ expected [true] but found [false],
	Viewsource not Contains PriceSpiderhttps://haleonstaging1:Health2023@sensodyne-v3-fr.preprod-cf65.ch.adobecqms.net/produits/ expected [true] but found [false],
	Viewsource not Contains gigyahttps://haleonstaging1:Health2023@sensodyne-v3-fr.preprod-cf65.ch.adobecqms.net/produits/ expected [true] but found [false],
	Viewsource not Contains BazaarVoicehttps://haleonstaging1:Health2023@sensodyne-v3-fr.preprod-cf65.ch.adobecqms.net/produits/ expected [true] but found [false],
	Viewsource not Contains Revtaxhttps://haleonstaging1:Health2023@sensodyne-v3-fr.preprod-cf65.ch.adobecqms.net/produits/ expected [true] but found [false],
	Viewsource not Contains shoppablehttps://haleonstaging1:Health2023@sensodyne-v3-fr.preprod-cf65.ch.adobecqms.net/produits/ expected [true] but found [false],
	Viewsource not Contains jebbithttps://haleonstaging1:Health2023@sensodyne-v3-fr.preprod-cf65.ch.adobecqms.net/produits/ expected [true] but found [false],
	Viewsource not Contains PriceSpiderhttps://haleonstaging1:Health2023@sensodyne-v3-fr.preprod-cf65.ch.adobecqms.net/produits/dentifrice/sensibilite-et-gencives-menthe-douce expected [true] but found [false],
	Viewsource not Contains gigyahttps://haleonstaging1:Health2023@sensodyne-v3-fr.preprod-cf65.ch.adobecqms.net/produits/dentifrice/sensibilite-et-gencives-menthe-douce expected [true] but found [false],
	Viewsource not Contains BazaarVoicehttps://haleonstaging1:Health2023@sensodyne-v3-fr.preprod-cf65.ch.adobecqms.net/produits/dentifrice/sensibilite-et-gencives-menthe-douce expected [true] but found [false],
	Viewsource not Contains Revtaxhttps://haleonstaging1:Health2023@sensodyne-v3-fr.preprod-cf65.ch.adobecqms.net/produits/dentifrice/sensibilite-et-gencives-menthe-douce expected [true] but found [false],
	Viewsource not Contains shoppablehttps://haleonstaging1:Health2023@sensodyne-v3-fr.preprod-cf65.ch.adobecqms.net/produits/dentifrice/sensibilite-et-gencives-menthe-douce expected [true] but found [false],
	Viewsource not Contains jebbithttps://haleonstaging1:Health2023@sensodyne-v3-fr.preprod-cf65.ch.adobecqms.net/produits/dentifrice/sensibilite-et-gencives-menthe-douce expected [true] but found [false],
	Viewsource not Contains preconnecthttps://haleonstaging1:Health2023@sensodyne-v3-fr.preprod-cf65.ch.adobecqms.net/produits/dentifrice/sensibilite-et-gencives-menthe-douce expected [true] but found [false],
	Viewsource not Contains PriceSpiderhttps://haleonstaging1:Health2023@sensodyne-v3-fr.preprod-cf65.ch.adobecqms.net/produits/dentifrice/sensibilite-et-gencives-blancheur expected [true] but found [false],
	Viewsource not Contains gigyahttps://haleonstaging1:Health2023@sensodyne-v3-fr.preprod-cf65.ch.adobecqms.net/produits/dentifrice/sensibilite-et-gencives-blancheur expected [true] but found [false],
	Viewsource not Contains BazaarVoicehttps://haleonstaging1:Health2023@sensodyne-v3-fr.preprod-cf65.ch.adobecqms.net/produits/dentifrice/sensibilite-et-gencives-blancheur expected [true] but found [false],
	Viewsource not Contains Revtaxhttps://haleonstaging1:Health2023@sensodyne-v3-fr.preprod-cf65.ch.adobecqms.net/produits/dentifrice/sensibilite-et-gencives-blancheur expected [true] but found [false],
	Viewsource not Contains shoppablehttps://haleonstaging1:Health2023@sensodyne-v3-fr.preprod-cf65.ch.adobecqms.net/produits/dentifrice/sensibilite-et-gencives-blancheur expected [true] but found [false],
	Viewsource not Contains jebbithttps://haleonstaging1:Health2023@sensodyne-v3-fr.preprod-cf65.ch.adobecqms.net/produits/dentifrice/sensibilite-et-gencives-blancheur expected [true] but found [false],
	Viewsource not Contains preconnecthttps://haleonstaging1:Health2023@sensodyne-v3-fr.preprod-cf65.ch.adobecqms.net/produits/dentifrice/sensibilite-et-gencives-blancheur expected [true] but found [false],
	Viewsource not Contains PriceSpiderhttps://haleonstaging1:Health2023@sensodyne-v3-fr.preprod-cf65.ch.adobecqms.net/produits/dentifrice/sensibilite-et-gencives-menthe-fraiche expected [true] but found [false],
	Viewsource not Contains gigyahttps://haleonstaging1:Health2023@sensodyne-v3-fr.preprod-cf65.ch.adobecqms.net/produits/dentifrice/sensibilite-et-gencives-menthe-fraiche expected [true] but found [false],
	Viewsource not Contains BazaarVoicehttps://haleonstaging1:Health2023@sensodyne-v3-fr.preprod-cf65.ch.adobecqms.net/produits/dentifrice/sensibilite-et-gencives-menthe-fraiche expected [true] but found [false],
	Viewsource not Contains Revtaxhttps://haleonstaging1:Health2023@sensodyne-v3-fr.preprod-cf65.ch.adobecqms.net/produits/dentifrice/sensibilite-et-gencives-menthe-fraiche expected [true] but found [false],
	Viewsource not Contains shoppablehttps://haleonstaging1:Health2023@sensodyne-v3-fr.preprod-cf65.ch.adobecqms.net/produits/dentifrice/sensibilite-et-gencives-menthe-fraiche expected [true] but found [false],
	Viewsource not Contains jebbithttps://haleonstaging1:Health2023@sensodyne-v3-fr.preprod-cf65.ch.adobecqms.net/produits/dentifrice/sensibilite-et-gencives-menthe-fraiche expected [true] but found [false],
	Viewsource not Contains preconnecthttps://haleonstaging1:Health2023@sensodyne-v3-fr.preprod-cf65.ch.adobecqms.net/produits/dentifrice/sensibilite-et-gencives-menthe-fraiche expected [true] but found [false],
	Viewsource not Contains PriceSpiderhttps://haleonstaging1:Health2023@sensodyne-v3-fr.preprod-cf65.ch.adobecqms.net/produits/brosse-a-dents/sensibilite-et-gencives/ expected [true] but found [false],
	Viewsource not Contains gigyahttps://haleonstaging1:Health2023@sensodyne-v3-fr.preprod-cf65.ch.adobecqms.net/produits/brosse-a-dents/sensibilite-et-gencives/ expected [true] but found [false],
	Viewsource not Contains BazaarVoicehttps://haleonstaging1:Health2023@sensodyne-v3-fr.preprod-cf65.ch.adobecqms.net/produits/brosse-a-dents/sensibilite-et-gencives/ expected [true] but found [false],
	Viewsource not Contains Revtaxhttps://haleonstaging1:Health2023@sensodyne-v3-fr.preprod-cf65.ch.adobecqms.net/produits/brosse-a-dents/sensibilite-et-gencives/ expected [true] but found [false],
	Viewsource not Contains shoppablehttps://haleonstaging1:Health2023@sensodyne-v3-fr.preprod-cf65.ch.adobecqms.net/produits/brosse-a-dents/sensibilite-et-gencives/ expected [true] but found [false],
	Viewsource not Contains jebbithttps://haleonstaging1:Health2023@sensodyne-v3-fr.preprod-cf65.ch.adobecqms.net/produits/brosse-a-dents/sensibilite-et-gencives/ expected [true] but found [false],
	Viewsource not Contains preconnecthttps://haleonstaging1:Health2023@sensodyne-v3-fr.preprod-cf65.ch.adobecqms.net/produits/brosse-a-dents/sensibilite-et-gencives/ expected [true] but found [false]" type="java.lang.AssertionError">
      <![CDATA[java.lang.AssertionError: The following asserts failed:
Viewsource not Contains PriceSpiderhttps://haleonstaging1:Health2023@sensodyne-v3-fr.preprod-cf65.ch.adobecqms.net/ expected [true] but found [false],
Viewsource not Contains gigyahttps://haleonstaging1:Health2023@sensodyne-v3-fr.preprod-cf65.ch.adobecqms.net/ expected [true] but found [false],
Viewsource not Contains BazaarVoicehttps://haleonstaging1:Health2023@sensodyne-v3-fr.preprod-cf65.ch.adobecqms.net/ expected [true] but found [false],
Viewsource not Contains Revtaxhttps://haleonstaging1:Health2023@sensodyne-v3-fr.preprod-cf65.ch.adobecqms.net/ expected [true] but found [false],
Viewsource not Contains shoppablehttps://haleonstaging1:Health2023@sensodyne-v3-fr.preprod-cf65.ch.adobecqms.net/ expected [true] but found [false],
Viewsource not Contains jebbithttps://haleonstaging1:Health2023@sensodyne-v3-fr.preprod-cf65.ch.adobecqms.net/ expected [true] but found [false],
Viewsource not Contains PriceSpiderhttps://haleonstaging1:Health2023@sensodyne-v3-fr.preprod-cf65.ch.adobecqms.net/contact/ expected [true] but found [false],
Viewsource not Contains gigyahttps://haleonstaging1:Health2023@sensodyne-v3-fr.preprod-cf65.ch.adobecqms.net/contact/ expected [true] but found [false],
Viewsource not Contains BazaarVoicehttps://haleonstaging1:Health2023@sensodyne-v3-fr.preprod-cf65.ch.adobecqms.net/contact/ expected [true] but found [false],
Viewsource not Contains Revtaxhttps://haleonstaging1:Health2023@sensodyne-v3-fr.preprod-cf65.ch.adobecqms.net/contact/ expected [true] but found [false],
Viewsource not Contains shoppablehttps://haleonstaging1:Health2023@sensodyne-v3-fr.preprod-cf65.ch.adobecqms.net/contact/ expected [true] but found [false],
Viewsource not Contains jebbithttps://haleonstaging1:Health2023@sensodyne-v3-fr.preprod-cf65.ch.adobecqms.net/contact/ expected [true] but found [false],
Viewsource not Contains PriceSpiderhttps://haleonstaging1:Health2023@sensodyne-v3-fr.preprod-cf65.ch.adobecqms.net/produits/ expected [true] but found [false],
Viewsource not Contains gigyahttps://haleonstaging1:Health2023@sensodyne-v3-fr.preprod-cf65.ch.adobecqms.net/produits/ expected [true] but found [false],
Viewsource not Contains BazaarVoicehttps://haleonstaging1:Health2023@sensodyne-v3-fr.preprod-cf65.ch.adobecqms.net/produits/ expected [true] but found [false],
Viewsource not Contains Revtaxhttps://haleonstaging1:Health2023@sensodyne-v3-fr.preprod-cf65.ch.adobecqms.net/produits/ expected [true] but found [false],
Viewsource not Contains shoppablehttps://haleonstaging1:Health2023@sensodyne-v3-fr.preprod-cf65.ch.adobecqms.net/produits/ expected [true] but found [false],
Viewsource not Contains jebbithttps://haleonstaging1:Health2023@sensodyne-v3-fr.preprod-cf65.ch.adobecqms.net/produits/ expected [true] but found [false],
Viewsource not Contains PriceSpiderhttps://haleonstaging1:Health2023@sensodyne-v3-fr.preprod-cf65.ch.adobecqms.net/produits/dentifrice/sensibilite-et-gencives-menthe-douce expected [true] but found [false],
Viewsource not Contains gigyahttps://haleonstaging1:Health2023@sensodyne-v3-fr.preprod-cf65.ch.adobecqms.net/produits/dentifrice/sensibilite-et-gencives-menthe-douce expected [true] but found [false],
Viewsource not Contains BazaarVoicehttps://haleonstaging1:Health2023@sensodyne-v3-fr.preprod-cf65.ch.adobecqms.net/produits/dentifrice/sensibilite-et-gencives-menthe-douce expected [true] but found [false],
Viewsource not Contains Revtaxhttps://haleonstaging1:Health2023@sensodyne-v3-fr.preprod-cf65.ch.adobecqms.net/produits/dentifrice/sensibilite-et-gencives-menthe-douce expected [true] but found [false],
Viewsource not Contains shoppablehttps://haleonstaging1:Health2023@sensodyne-v3-fr.preprod-cf65.ch.adobecqms.net/produits/dentifrice/sensibilite-et-gencives-menthe-douce expected [true] but found [false],
Viewsource not Contains jebbithttps://haleonstaging1:Health2023@sensodyne-v3-fr.preprod-cf65.ch.adobecqms.net/produits/dentifrice/sensibilite-et-gencives-menthe-douce expected [true] but found [false],
Viewsource not Contains preconnecthttps://haleonstaging1:Health2023@sensodyne-v3-fr.preprod-cf65.ch.adobecqms.net/produits/dentifrice/sensibilite-et-gencives-menthe-douce expected [true] but found [false],
Viewsource not Contains PriceSpiderhttps://haleonstaging1:Health2023@sensodyne-v3-fr.preprod-cf65.ch.adobecqms.net/produits/dentifrice/sensibilite-et-gencives-blancheur expected [true] but found [false],
Viewsource not Contains gigyahttps://haleonstaging1:Health2023@sensodyne-v3-fr.preprod-cf65.ch.adobecqms.net/produits/dentifrice/sensibilite-et-gencives-blancheur expected [true] but found [false],
Viewsource not Contains BazaarVoicehttps://haleonstaging1:Health2023@sensodyne-v3-fr.preprod-cf65.ch.adobecqms.net/produits/dentifrice/sensibilite-et-gencives-blancheur expected [true] but found [false],
Viewsource not Contains Revtaxhttps://haleonstaging1:Health2023@sensodyne-v3-fr.preprod-cf65.ch.adobecqms.net/produits/dentifrice/sensibilite-et-gencives-blancheur expected [true] but found [false],
Viewsource not Contains shoppablehttps://haleonstaging1:Health2023@sensodyne-v3-fr.preprod-cf65.ch.adobecqms.net/produits/dentifrice/sensibilite-et-gencives-blancheur expected [true] but found [false],
Viewsource not Contains jebbithttps://haleonstaging1:Health2023@sensodyne-v3-fr.preprod-cf65.ch.adobecqms.net/produits/dentifrice/sensibilite-et-gencives-blancheur expected [true] but found [false],
Viewsource not Contains preconnecthttps://haleonstaging1:Health2023@sensodyne-v3-fr.preprod-cf65.ch.adobecqms.net/produits/dentifrice/sensibilite-et-gencives-blancheur expected [true] but found [false],
Viewsource not Contains PriceSpiderhttps://haleonstaging1:Health2023@sensodyne-v3-fr.preprod-cf65.ch.adobecqms.net/produits/dentifrice/sensibilite-et-gencives-menthe-fraiche expected [true] but found [false],
Viewsource not Contains gigyahttps://haleonstaging1:Health2023@sensodyne-v3-fr.preprod-cf65.ch.adobecqms.net/produits/dentifrice/sensibilite-et-gencives-menthe-fraiche expected [true] but found [false],
Viewsource not Contains BazaarVoicehttps://haleonstaging1:Health2023@sensodyne-v3-fr.preprod-cf65.ch.adobecqms.net/produits/dentifrice/sensibilite-et-gencives-menthe-fraiche expected [true] but found [false],
Viewsource not Contains Revtaxhttps://haleonstaging1:Health2023@sensodyne-v3-fr.preprod-cf65.ch.adobecqms.net/produits/dentifrice/sensibilite-et-gencives-menthe-fraiche expected [true] but found [false],
Viewsource not Contains shoppablehttps://haleonstaging1:Health2023@sensodyne-v3-fr.preprod-cf65.ch.adobecqms.net/produits/dentifrice/sensibilite-et-gencives-menthe-fraiche expected [true] but found [false],
Viewsource not Contains jebbithttps://haleonstaging1:Health2023@sensodyne-v3-fr.preprod-cf65.ch.adobecqms.net/produits/dentifrice/sensibilite-et-gencives-menthe-fraiche expected [true] but found [false],
Viewsource not Contains preconnecthttps://haleonstaging1:Health2023@sensodyne-v3-fr.preprod-cf65.ch.adobecqms.net/produits/dentifrice/sensibilite-et-gencives-menthe-fraiche expected [true] but found [false],
Viewsource not Contains PriceSpiderhttps://haleonstaging1:Health2023@sensodyne-v3-fr.preprod-cf65.ch.adobecqms.net/produits/brosse-a-dents/sensibilite-et-gencives/ expected [true] but found [false],
Viewsource not Contains gigyahttps://haleonstaging1:Health2023@sensodyne-v3-fr.preprod-cf65.ch.adobecqms.net/produits/brosse-a-dents/sensibilite-et-gencives/ expected [true] but found [false],
Viewsource not Contains BazaarVoicehttps://haleonstaging1:Health2023@sensodyne-v3-fr.preprod-cf65.ch.adobecqms.net/produits/brosse-a-dents/sensibilite-et-gencives/ expected [true] but found [false],
Viewsource not Contains Revtaxhttps://haleonstaging1:Health2023@sensodyne-v3-fr.preprod-cf65.ch.adobecqms.net/produits/brosse-a-dents/sensibilite-et-gencives/ expected [true] but found [false],
Viewsource not Contains shoppablehttps://haleonstaging1:Health2023@sensodyne-v3-fr.preprod-cf65.ch.adobecqms.net/produits/brosse-a-dents/sensibilite-et-gencives/ expected [true] but found [false],
Viewsource not Contains jebbithttps://haleonstaging1:Health2023@sensodyne-v3-fr.preprod-cf65.ch.adobecqms.net/produits/brosse-a-dents/sensibilite-et-gencives/ expected [true] but found [false],
Viewsource not Contains preconnecthttps://haleonstaging1:Health2023@sensodyne-v3-fr.preprod-cf65.ch.adobecqms.net/produits/brosse-a-dents/sensibilite-et-gencives/ expected [true] but found [false]
at org.testng.asserts.SoftAssert.assertAll(SoftAssert.java:47)
at org.testng.asserts.SoftAssert.assertAll(SoftAssert.java:31)
at com.qa.bens.checklist.page.CheckListTPIPage.verifyTPI(CheckListTPIPage.java:98)
at com.qa.bens.checklist.test.CheckListTPITest.findingTPI(CheckListTPITest.java:22)
at java.base/jdk.internal.reflect.DirectMethodHandleAccessor.invoke(DirectMethodHandleAccessor.java:104)
at java.base/java.lang.reflect.Method.invoke(Method.java:577)
at org.testng.internal.MethodInvocationHelper.invokeMethod(MethodInvocationHelper.java:133)
at org.testng.internal.TestInvoker.invokeMethod(TestInvoker.java:598)
at org.testng.internal.TestInvoker.invokeTestMethod(TestInvoker.java:173)
at org.testng.internal.MethodRunner.runInSequence(MethodRunner.java:46)
at org.testng.internal.TestInvoker$MethodInvocationAgent.invoke(TestInvoker.java:824)
at org.testng.internal.TestInvoker.invokeTestMethods(TestInvoker.java:146)
at org.testng.internal.TestMethodWorker.invokeTestMethods(TestMethodWorker.java:146)
at org.testng.internal.TestMethodWorker.run(TestMethodWorker.java:128)
at java.base/java.util.ArrayList.forEach(ArrayList.java:1511)
at org.testng.TestRunner.privateRun(TestRunner.java:794)
at org.testng.TestRunner.run(TestRunner.java:596)
at org.testng.SuiteRunner.runTest(SuiteRunner.java:377)
at org.testng.SuiteRunner.runSequentially(SuiteRunner.java:371)
at org.testng.SuiteRunner.privateRun(SuiteRunner.java:332)
at org.testng.SuiteRunner.run(SuiteRunner.java:276)
at org.testng.SuiteRunnerWorker.runSuite(SuiteRunnerWorker.java:53)
at org.testng.SuiteRunnerWorker.run(SuiteRunnerWorker.java:96)
at org.testng.TestNG.runSuitesSequentially(TestNG.java:1212)
at org.testng.TestNG.runSuitesLocally(TestNG.java:1134)
at org.testng.TestNG.runSuites(TestNG.java:1063)
at org.testng.TestNG.run(TestNG.java:1031)
at org.testng.remote.AbstractRemoteTestNG.run(AbstractRemoteTestNG.java:115)
at org.testng.remote.RemoteTestNG.initAndRun(RemoteTestNG.java:251)
at org.testng.remote.RemoteTestNG.main(RemoteTestNG.java:77)
]]>
    </failure>
  </testcase> <!-- findingTPI -->
  <system-out/>
  <testcase classname="com.qa.bens.checklist.test.CheckListTPITest" name="findingTPI" time="1.175">
    <failure message="The following asserts failed:
	Viewsource not Contains PriceSpiderhttps://haleonstaging1:Health2023@sensodyne-v3-fr.preprod-cf65.ch.adobecqms.net/ expected [true] but found [false],
	Viewsource not Contains gigyahttps://haleonstaging1:Health2023@sensodyne-v3-fr.preprod-cf65.ch.adobecqms.net/ expected [true] but found [false],
	Viewsource not Contains BazaarVoicehttps://haleonstaging1:Health2023@sensodyne-v3-fr.preprod-cf65.ch.adobecqms.net/ expected [true] but found [false],
	Viewsource not Contains Revtaxhttps://haleonstaging1:Health2023@sensodyne-v3-fr.preprod-cf65.ch.adobecqms.net/ expected [true] but found [false],
	Viewsource not Contains shoppablehttps://haleonstaging1:Health2023@sensodyne-v3-fr.preprod-cf65.ch.adobecqms.net/ expected [true] but found [false],
	Viewsource not Contains jebbithttps://haleonstaging1:Health2023@sensodyne-v3-fr.preprod-cf65.ch.adobecqms.net/ expected [true] but found [false],
	Viewsource not Contains PriceSpiderhttps://haleonstaging1:Health2023@sensodyne-v3-fr.preprod-cf65.ch.adobecqms.net/contact/ expected [true] but found [false],
	Viewsource not Contains gigyahttps://haleonstaging1:Health2023@sensodyne-v3-fr.preprod-cf65.ch.adobecqms.net/contact/ expected [true] but found [false],
	Viewsource not Contains BazaarVoicehttps://haleonstaging1:Health2023@sensodyne-v3-fr.preprod-cf65.ch.adobecqms.net/contact/ expected [true] but found [false],
	Viewsource not Contains Revtaxhttps://haleonstaging1:Health2023@sensodyne-v3-fr.preprod-cf65.ch.adobecqms.net/contact/ expected [true] but found [false],
	Viewsource not Contains shoppablehttps://haleonstaging1:Health2023@sensodyne-v3-fr.preprod-cf65.ch.adobecqms.net/contact/ expected [true] but found [false],
	Viewsource not Contains jebbithttps://haleonstaging1:Health2023@sensodyne-v3-fr.preprod-cf65.ch.adobecqms.net/contact/ expected [true] but found [false],
	Viewsource not Contains PriceSpiderhttps://haleonstaging1:Health2023@sensodyne-v3-fr.preprod-cf65.ch.adobecqms.net/produits/ expected [true] but found [false],
	Viewsource not Contains gigyahttps://haleonstaging1:Health2023@sensodyne-v3-fr.preprod-cf65.ch.adobecqms.net/produits/ expected [true] but found [false],
	Viewsource not Contains BazaarVoicehttps://haleonstaging1:Health2023@sensodyne-v3-fr.preprod-cf65.ch.adobecqms.net/produits/ expected [true] but found [false],
	Viewsource not Contains Revtaxhttps://haleonstaging1:Health2023@sensodyne-v3-fr.preprod-cf65.ch.adobecqms.net/produits/ expected [true] but found [false],
	Viewsource not Contains shoppablehttps://haleonstaging1:Health2023@sensodyne-v3-fr.preprod-cf65.ch.adobecqms.net/produits/ expected [true] but found [false],
	Viewsource not Contains jebbithttps://haleonstaging1:Health2023@sensodyne-v3-fr.preprod-cf65.ch.adobecqms.net/produits/ expected [true] but found [false],
	Viewsource not Contains PriceSpiderhttps://haleonstaging1:Health2023@sensodyne-v3-fr.preprod-cf65.ch.adobecqms.net/produits/dentifrice/sensibilite-et-gencives-menthe-douce expected [true] but found [false],
	Viewsource not Contains gigyahttps://haleonstaging1:Health2023@sensodyne-v3-fr.preprod-cf65.ch.adobecqms.net/produits/dentifrice/sensibilite-et-gencives-menthe-douce expected [true] but found [false],
	Viewsource not Contains BazaarVoicehttps://haleonstaging1:Health2023@sensodyne-v3-fr.preprod-cf65.ch.adobecqms.net/produits/dentifrice/sensibilite-et-gencives-menthe-douce expected [true] but found [false],
	Viewsource not Contains Revtaxhttps://haleonstaging1:Health2023@sensodyne-v3-fr.preprod-cf65.ch.adobecqms.net/produits/dentifrice/sensibilite-et-gencives-menthe-douce expected [true] but found [false],
	Viewsource not Contains shoppablehttps://haleonstaging1:Health2023@sensodyne-v3-fr.preprod-cf65.ch.adobecqms.net/produits/dentifrice/sensibilite-et-gencives-menthe-douce expected [true] but found [false],
	Viewsource not Contains jebbithttps://haleonstaging1:Health2023@sensodyne-v3-fr.preprod-cf65.ch.adobecqms.net/produits/dentifrice/sensibilite-et-gencives-menthe-douce expected [true] but found [false],
	Viewsource not Contains preconnecthttps://haleonstaging1:Health2023@sensodyne-v3-fr.preprod-cf65.ch.adobecqms.net/produits/dentifrice/sensibilite-et-gencives-menthe-douce expected [true] but found [false],
	Viewsource not Contains PriceSpiderhttps://haleonstaging1:Health2023@sensodyne-v3-fr.preprod-cf65.ch.adobecqms.net/produits/dentifrice/sensibilite-et-gencives-blancheur expected [true] but found [false],
	Viewsource not Contains gigyahttps://haleonstaging1:Health2023@sensodyne-v3-fr.preprod-cf65.ch.adobecqms.net/produits/dentifrice/sensibilite-et-gencives-blancheur expected [true] but found [false],
	Viewsource not Contains BazaarVoicehttps://haleonstaging1:Health2023@sensodyne-v3-fr.preprod-cf65.ch.adobecqms.net/produits/dentifrice/sensibilite-et-gencives-blancheur expected [true] but found [false],
	Viewsource not Contains Revtaxhttps://haleonstaging1:Health2023@sensodyne-v3-fr.preprod-cf65.ch.adobecqms.net/produits/dentifrice/sensibilite-et-gencives-blancheur expected [true] but found [false],
	Viewsource not Contains shoppablehttps://haleonstaging1:Health2023@sensodyne-v3-fr.preprod-cf65.ch.adobecqms.net/produits/dentifrice/sensibilite-et-gencives-blancheur expected [true] but found [false],
	Viewsource not Contains jebbithttps://haleonstaging1:Health2023@sensodyne-v3-fr.preprod-cf65.ch.adobecqms.net/produits/dentifrice/sensibilite-et-gencives-blancheur expected [true] but found [false],
	Viewsource not Contains preconnecthttps://haleonstaging1:Health2023@sensodyne-v3-fr.preprod-cf65.ch.adobecqms.net/produits/dentifrice/sensibilite-et-gencives-blancheur expected [true] but found [false],
	Viewsource not Contains PriceSpiderhttps://haleonstaging1:Health2023@sensodyne-v3-fr.preprod-cf65.ch.adobecqms.net/produits/dentifrice/sensibilite-et-gencives-menthe-fraiche expected [true] but found [false],
	Viewsource not Contains gigyahttps://haleonstaging1:Health2023@sensodyne-v3-fr.preprod-cf65.ch.adobecqms.net/produits/dentifrice/sensibilite-et-gencives-menthe-fraiche expected [true] but found [false],
	Viewsource not Contains BazaarVoicehttps://haleonstaging1:Health2023@sensodyne-v3-fr.preprod-cf65.ch.adobecqms.net/produits/dentifrice/sensibilite-et-gencives-menthe-fraiche expected [true] but found [false],
	Viewsource not Contains Revtaxhttps://haleonstaging1:Health2023@sensodyne-v3-fr.preprod-cf65.ch.adobecqms.net/produits/dentifrice/sensibilite-et-gencives-menthe-fraiche expected [true] but found [false],
	Viewsource not Contains shoppablehttps://haleonstaging1:Health2023@sensodyne-v3-fr.preprod-cf65.ch.adobecqms.net/produits/dentifrice/sensibilite-et-gencives-menthe-fraiche expected [true] but found [false],
	Viewsource not Contains jebbithttps://haleonstaging1:Health2023@sensodyne-v3-fr.preprod-cf65.ch.adobecqms.net/produits/dentifrice/sensibilite-et-gencives-menthe-fraiche expected [true] but found [false],
	Viewsource not Contains preconnecthttps://haleonstaging1:Health2023@sensodyne-v3-fr.preprod-cf65.ch.adobecqms.net/produits/dentifrice/sensibilite-et-gencives-menthe-fraiche expected [true] but found [false],
	Viewsource not Contains PriceSpiderhttps://haleonstaging1:Health2023@sensodyne-v3-fr.preprod-cf65.ch.adobecqms.net/produits/brosse-a-dents/sensibilite-et-gencives/ expected [true] but found [false],
	Viewsource not Contains gigyahttps://haleonstaging1:Health2023@sensodyne-v3-fr.preprod-cf65.ch.adobecqms.net/produits/brosse-a-dents/sensibilite-et-gencives/ expected [true] but found [false],
	Viewsource not Contains BazaarVoicehttps://haleonstaging1:Health2023@sensodyne-v3-fr.preprod-cf65.ch.adobecqms.net/produits/brosse-a-dents/sensibilite-et-gencives/ expected [true] but found [false],
	Viewsource not Contains Revtaxhttps://haleonstaging1:Health2023@sensodyne-v3-fr.preprod-cf65.ch.adobecqms.net/produits/brosse-a-dents/sensibilite-et-gencives/ expected [true] but found [false],
	Viewsource not Contains shoppablehttps://haleonstaging1:Health2023@sensodyne-v3-fr.preprod-cf65.ch.adobecqms.net/produits/brosse-a-dents/sensibilite-et-gencives/ expected [true] but found [false],
	Viewsource not Contains jebbithttps://haleonstaging1:Health2023@sensodyne-v3-fr.preprod-cf65.ch.adobecqms.net/produits/brosse-a-dents/sensibilite-et-gencives/ expected [true] but found [false],
	Viewsource not Contains preconnecthttps://haleonstaging1:Health2023@sensodyne-v3-fr.preprod-cf65.ch.adobecqms.net/produits/brosse-a-dents/sensibilite-et-gencives/ expected [true] but found [false],
	Viewsource not Contains PriceSpiderhttps://haleonstaging1:Health2023@sensodyne-v3-fr.preprod-cf65.ch.adobecqms.net/produits/dentifrice/rapide-action-menthe expected [true] but found [false],
	Viewsource not Contains gigyahttps://haleonstaging1:Health2023@sensodyne-v3-fr.preprod-cf65.ch.adobecqms.net/produits/dentifrice/rapide-action-menthe expected [true] but found [false],
	Viewsource not Contains BazaarVoicehttps://haleonstaging1:Health2023@sensodyne-v3-fr.preprod-cf65.ch.adobecqms.net/produits/dentifrice/rapide-action-menthe expected [true] but found [false],
	Viewsource not Contains Revtaxhttps://haleonstaging1:Health2023@sensodyne-v3-fr.preprod-cf65.ch.adobecqms.net/produits/dentifrice/rapide-action-menthe expected [true] but found [false],
	Viewsource not Contains shoppablehttps://haleonstaging1:Health2023@sensodyne-v3-fr.preprod-cf65.ch.adobecqms.net/produits/dentifrice/rapide-action-menthe expected [true] but found [false],
	Viewsource not Contains jebbithttps://haleonstaging1:Health2023@sensodyne-v3-fr.preprod-cf65.ch.adobecqms.net/produits/dentifrice/rapide-action-menthe expected [true] but found [false],
	Viewsource not Contains preconnecthttps://haleonstaging1:Health2023@sensodyne-v3-fr.preprod-cf65.ch.adobecqms.net/produits/dentifrice/rapide-action-menthe expected [true] but found [false]" type="java.lang.AssertionError">
      <![CDATA[java.lang.AssertionError: The following asserts failed:
Viewsource not Contains PriceSpiderhttps://haleonstaging1:Health2023@sensodyne-v3-fr.preprod-cf65.ch.adobecqms.net/ expected [true] but found [false],
Viewsource not Contains gigyahttps://haleonstaging1:Health2023@sensodyne-v3-fr.preprod-cf65.ch.adobecqms.net/ expected [true] but found [false],
Viewsource not Contains BazaarVoicehttps://haleonstaging1:Health2023@sensodyne-v3-fr.preprod-cf65.ch.adobecqms.net/ expected [true] but found [false],
Viewsource not Contains Revtaxhttps://haleonstaging1:Health2023@sensodyne-v3-fr.preprod-cf65.ch.adobecqms.net/ expected [true] but found [false],
Viewsource not Contains shoppablehttps://haleonstaging1:Health2023@sensodyne-v3-fr.preprod-cf65.ch.adobecqms.net/ expected [true] but found [false],
Viewsource not Contains jebbithttps://haleonstaging1:Health2023@sensodyne-v3-fr.preprod-cf65.ch.adobecqms.net/ expected [true] but found [false],
Viewsource not Contains PriceSpiderhttps://haleonstaging1:Health2023@sensodyne-v3-fr.preprod-cf65.ch.adobecqms.net/contact/ expected [true] but found [false],
Viewsource not Contains gigyahttps://haleonstaging1:Health2023@sensodyne-v3-fr.preprod-cf65.ch.adobecqms.net/contact/ expected [true] but found [false],
Viewsource not Contains BazaarVoicehttps://haleonstaging1:Health2023@sensodyne-v3-fr.preprod-cf65.ch.adobecqms.net/contact/ expected [true] but found [false],
Viewsource not Contains Revtaxhttps://haleonstaging1:Health2023@sensodyne-v3-fr.preprod-cf65.ch.adobecqms.net/contact/ expected [true] but found [false],
Viewsource not Contains shoppablehttps://haleonstaging1:Health2023@sensodyne-v3-fr.preprod-cf65.ch.adobecqms.net/contact/ expected [true] but found [false],
Viewsource not Contains jebbithttps://haleonstaging1:Health2023@sensodyne-v3-fr.preprod-cf65.ch.adobecqms.net/contact/ expected [true] but found [false],
Viewsource not Contains PriceSpiderhttps://haleonstaging1:Health2023@sensodyne-v3-fr.preprod-cf65.ch.adobecqms.net/produits/ expected [true] but found [false],
Viewsource not Contains gigyahttps://haleonstaging1:Health2023@sensodyne-v3-fr.preprod-cf65.ch.adobecqms.net/produits/ expected [true] but found [false],
Viewsource not Contains BazaarVoicehttps://haleonstaging1:Health2023@sensodyne-v3-fr.preprod-cf65.ch.adobecqms.net/produits/ expected [true] but found [false],
Viewsource not Contains Revtaxhttps://haleonstaging1:Health2023@sensodyne-v3-fr.preprod-cf65.ch.adobecqms.net/produits/ expected [true] but found [false],
Viewsource not Contains shoppablehttps://haleonstaging1:Health2023@sensodyne-v3-fr.preprod-cf65.ch.adobecqms.net/produits/ expected [true] but found [false],
Viewsource not Contains jebbithttps://haleonstaging1:Health2023@sensodyne-v3-fr.preprod-cf65.ch.adobecqms.net/produits/ expected [true] but found [false],
Viewsource not Contains PriceSpiderhttps://haleonstaging1:Health2023@sensodyne-v3-fr.preprod-cf65.ch.adobecqms.net/produits/dentifrice/sensibilite-et-gencives-menthe-douce expected [true] but found [false],
Viewsource not Contains gigyahttps://haleonstaging1:Health2023@sensodyne-v3-fr.preprod-cf65.ch.adobecqms.net/produits/dentifrice/sensibilite-et-gencives-menthe-douce expected [true] but found [false],
Viewsource not Contains BazaarVoicehttps://haleonstaging1:Health2023@sensodyne-v3-fr.preprod-cf65.ch.adobecqms.net/produits/dentifrice/sensibilite-et-gencives-menthe-douce expected [true] but found [false],
Viewsource not Contains Revtaxhttps://haleonstaging1:Health2023@sensodyne-v3-fr.preprod-cf65.ch.adobecqms.net/produits/dentifrice/sensibilite-et-gencives-menthe-douce expected [true] but found [false],
Viewsource not Contains shoppablehttps://haleonstaging1:Health2023@sensodyne-v3-fr.preprod-cf65.ch.adobecqms.net/produits/dentifrice/sensibilite-et-gencives-menthe-douce expected [true] but found [false],
Viewsource not Contains jebbithttps://haleonstaging1:Health2023@sensodyne-v3-fr.preprod-cf65.ch.adobecqms.net/produits/dentifrice/sensibilite-et-gencives-menthe-douce expected [true] but found [false],
Viewsource not Contains preconnecthttps://haleonstaging1:Health2023@sensodyne-v3-fr.preprod-cf65.ch.adobecqms.net/produits/dentifrice/sensibilite-et-gencives-menthe-douce expected [true] but found [false],
Viewsource not Contains PriceSpiderhttps://haleonstaging1:Health2023@sensodyne-v3-fr.preprod-cf65.ch.adobecqms.net/produits/dentifrice/sensibilite-et-gencives-blancheur expected [true] but found [false],
Viewsource not Contains gigyahttps://haleonstaging1:Health2023@sensodyne-v3-fr.preprod-cf65.ch.adobecqms.net/produits/dentifrice/sensibilite-et-gencives-blancheur expected [true] but found [false],
Viewsource not Contains BazaarVoicehttps://haleonstaging1:Health2023@sensodyne-v3-fr.preprod-cf65.ch.adobecqms.net/produits/dentifrice/sensibilite-et-gencives-blancheur expected [true] but found [false],
Viewsource not Contains Revtaxhttps://haleonstaging1:Health2023@sensodyne-v3-fr.preprod-cf65.ch.adobecqms.net/produits/dentifrice/sensibilite-et-gencives-blancheur expected [true] but found [false],
Viewsource not Contains shoppablehttps://haleonstaging1:Health2023@sensodyne-v3-fr.preprod-cf65.ch.adobecqms.net/produits/dentifrice/sensibilite-et-gencives-blancheur expected [true] but found [false],
Viewsource not Contains jebbithttps://haleonstaging1:Health2023@sensodyne-v3-fr.preprod-cf65.ch.adobecqms.net/produits/dentifrice/sensibilite-et-gencives-blancheur expected [true] but found [false],
Viewsource not Contains preconnecthttps://haleonstaging1:Health2023@sensodyne-v3-fr.preprod-cf65.ch.adobecqms.net/produits/dentifrice/sensibilite-et-gencives-blancheur expected [true] but found [false],
Viewsource not Contains PriceSpiderhttps://haleonstaging1:Health2023@sensodyne-v3-fr.preprod-cf65.ch.adobecqms.net/produits/dentifrice/sensibilite-et-gencives-menthe-fraiche expected [true] but found [false],
Viewsource not Contains gigyahttps://haleonstaging1:Health2023@sensodyne-v3-fr.preprod-cf65.ch.adobecqms.net/produits/dentifrice/sensibilite-et-gencives-menthe-fraiche expected [true] but found [false],
Viewsource not Contains BazaarVoicehttps://haleonstaging1:Health2023@sensodyne-v3-fr.preprod-cf65.ch.adobecqms.net/produits/dentifrice/sensibilite-et-gencives-menthe-fraiche expected [true] but found [false],
Viewsource not Contains Revtaxhttps://haleonstaging1:Health2023@sensodyne-v3-fr.preprod-cf65.ch.adobecqms.net/produits/dentifrice/sensibilite-et-gencives-menthe-fraiche expected [true] but found [false],
Viewsource not Contains shoppablehttps://haleonstaging1:Health2023@sensodyne-v3-fr.preprod-cf65.ch.adobecqms.net/produits/dentifrice/sensibilite-et-gencives-menthe-fraiche expected [true] but found [false],
Viewsource not Contains jebbithttps://haleonstaging1:Health2023@sensodyne-v3-fr.preprod-cf65.ch.adobecqms.net/produits/dentifrice/sensibilite-et-gencives-menthe-fraiche expected [true] but found [false],
Viewsource not Contains preconnecthttps://haleonstaging1:Health2023@sensodyne-v3-fr.preprod-cf65.ch.adobecqms.net/produits/dentifrice/sensibilite-et-gencives-menthe-fraiche expected [true] but found [false],
Viewsource not Contains PriceSpiderhttps://haleonstaging1:Health2023@sensodyne-v3-fr.preprod-cf65.ch.adobecqms.net/produits/brosse-a-dents/sensibilite-et-gencives/ expected [true] but found [false],
Viewsource not Contains gigyahttps://haleonstaging1:Health2023@sensodyne-v3-fr.preprod-cf65.ch.adobecqms.net/produits/brosse-a-dents/sensibilite-et-gencives/ expected [true] but found [false],
Viewsource not Contains BazaarVoicehttps://haleonstaging1:Health2023@sensodyne-v3-fr.preprod-cf65.ch.adobecqms.net/produits/brosse-a-dents/sensibilite-et-gencives/ expected [true] but found [false],
Viewsource not Contains Revtaxhttps://haleonstaging1:Health2023@sensodyne-v3-fr.preprod-cf65.ch.adobecqms.net/produits/brosse-a-dents/sensibilite-et-gencives/ expected [true] but found [false],
Viewsource not Contains shoppablehttps://haleonstaging1:Health2023@sensodyne-v3-fr.preprod-cf65.ch.adobecqms.net/produits/brosse-a-dents/sensibilite-et-gencives/ expected [true] but found [false],
Viewsource not Contains jebbithttps://haleonstaging1:Health2023@sensodyne-v3-fr.preprod-cf65.ch.adobecqms.net/produits/brosse-a-dents/sensibilite-et-gencives/ expected [true] but found [false],
Viewsource not Contains preconnecthttps://haleonstaging1:Health2023@sensodyne-v3-fr.preprod-cf65.ch.adobecqms.net/produits/brosse-a-dents/sensibilite-et-gencives/ expected [true] but found [false],
Viewsource not Contains PriceSpiderhttps://haleonstaging1:Health2023@sensodyne-v3-fr.preprod-cf65.ch.adobecqms.net/produits/dentifrice/rapide-action-menthe expected [true] but found [false],
Viewsource not Contains gigyahttps://haleonstaging1:Health2023@sensodyne-v3-fr.preprod-cf65.ch.adobecqms.net/produits/dentifrice/rapide-action-menthe expected [true] but found [false],
Viewsource not Contains BazaarVoicehttps://haleonstaging1:Health2023@sensodyne-v3-fr.preprod-cf65.ch.adobecqms.net/produits/dentifrice/rapide-action-menthe expected [true] but found [false],
Viewsource not Contains Revtaxhttps://haleonstaging1:Health2023@sensodyne-v3-fr.preprod-cf65.ch.adobecqms.net/produits/dentifrice/rapide-action-menthe expected [true] but found [false],
Viewsource not Contains shoppablehttps://haleonstaging1:Health2023@sensodyne-v3-fr.preprod-cf65.ch.adobecqms.net/produits/dentifrice/rapide-action-menthe expected [true] but found [false],
Viewsource not Contains jebbithttps://haleonstaging1:Health2023@sensodyne-v3-fr.preprod-cf65.ch.adobecqms.net/produits/dentifrice/rapide-action-menthe expected [true] but found [false],
Viewsource not Contains preconnecthttps://haleonstaging1:Health2023@sensodyne-v3-fr.preprod-cf65.ch.adobecqms.net/produits/dentifrice/rapide-action-menthe expected [true] but found [false]
at org.testng.asserts.SoftAssert.assertAll(SoftAssert.java:47)
at org.testng.asserts.SoftAssert.assertAll(SoftAssert.java:31)
at com.qa.bens.checklist.page.CheckListTPIPage.verifyTPI(CheckListTPIPage.java:98)
at com.qa.bens.checklist.test.CheckListTPITest.findingTPI(CheckListTPITest.java:22)
at java.base/jdk.internal.reflect.DirectMethodHandleAccessor.invoke(DirectMethodHandleAccessor.java:104)
at java.base/java.lang.reflect.Method.invoke(Method.java:577)
at org.testng.internal.MethodInvocationHelper.invokeMethod(MethodInvocationHelper.java:133)
at org.testng.internal.TestInvoker.invokeMethod(TestInvoker.java:598)
at org.testng.internal.TestInvoker.invokeTestMethod(TestInvoker.java:173)
at org.testng.internal.MethodRunner.runInSequence(MethodRunner.java:46)
at org.testng.internal.TestInvoker$MethodInvocationAgent.invoke(TestInvoker.java:824)
at org.testng.internal.TestInvoker.invokeTestMethods(TestInvoker.java:146)
at org.testng.internal.TestMethodWorker.invokeTestMethods(TestMethodWorker.java:146)
at org.testng.internal.TestMethodWorker.run(TestMethodWorker.java:128)
at java.base/java.util.ArrayList.forEach(ArrayList.java:1511)
at org.testng.TestRunner.privateRun(TestRunner.java:794)
at org.testng.TestRunner.run(TestRunner.java:596)
at org.testng.SuiteRunner.runTest(SuiteRunner.java:377)
at org.testng.SuiteRunner.runSequentially(SuiteRunner.java:371)
at org.testng.SuiteRunner.privateRun(SuiteRunner.java:332)
at org.testng.SuiteRunner.run(SuiteRunner.java:276)
at org.testng.SuiteRunnerWorker.runSuite(SuiteRunnerWorker.java:53)
at org.testng.SuiteRunnerWorker.run(SuiteRunnerWorker.java:96)
at org.testng.TestNG.runSuitesSequentially(TestNG.java:1212)
at org.testng.TestNG.runSuitesLocally(TestNG.java:1134)
at org.testng.TestNG.runSuites(TestNG.java:1063)
at org.testng.TestNG.run(TestNG.java:1031)
at org.testng.remote.AbstractRemoteTestNG.run(AbstractRemoteTestNG.java:115)
at org.testng.remote.RemoteTestNG.initAndRun(RemoteTestNG.java:251)
at org.testng.remote.RemoteTestNG.main(RemoteTestNG.java:77)
]]>
    </failure>
  </testcase> <!-- findingTPI -->
  <system-out/>
  <testcase classname="com.qa.bens.checklist.test.CheckListTPITest" name="findingTPI" time="1.245">
    <failure message="The following asserts failed:
	Viewsource not Contains PriceSpiderhttps://haleonstaging1:Health2023@sensodyne-v3-fr.preprod-cf65.ch.adobecqms.net/ expected [true] but found [false],
	Viewsource not Contains gigyahttps://haleonstaging1:Health2023@sensodyne-v3-fr.preprod-cf65.ch.adobecqms.net/ expected [true] but found [false],
	Viewsource not Contains BazaarVoicehttps://haleonstaging1:Health2023@sensodyne-v3-fr.preprod-cf65.ch.adobecqms.net/ expected [true] but found [false],
	Viewsource not Contains Revtaxhttps://haleonstaging1:Health2023@sensodyne-v3-fr.preprod-cf65.ch.adobecqms.net/ expected [true] but found [false],
	Viewsource not Contains shoppablehttps://haleonstaging1:Health2023@sensodyne-v3-fr.preprod-cf65.ch.adobecqms.net/ expected [true] but found [false],
	Viewsource not Contains jebbithttps://haleonstaging1:Health2023@sensodyne-v3-fr.preprod-cf65.ch.adobecqms.net/ expected [true] but found [false],
	Viewsource not Contains PriceSpiderhttps://haleonstaging1:Health2023@sensodyne-v3-fr.preprod-cf65.ch.adobecqms.net/contact/ expected [true] but found [false],
	Viewsource not Contains gigyahttps://haleonstaging1:Health2023@sensodyne-v3-fr.preprod-cf65.ch.adobecqms.net/contact/ expected [true] but found [false],
	Viewsource not Contains BazaarVoicehttps://haleonstaging1:Health2023@sensodyne-v3-fr.preprod-cf65.ch.adobecqms.net/contact/ expected [true] but found [false],
	Viewsource not Contains Revtaxhttps://haleonstaging1:Health2023@sensodyne-v3-fr.preprod-cf65.ch.adobecqms.net/contact/ expected [true] but found [false],
	Viewsource not Contains shoppablehttps://haleonstaging1:Health2023@sensodyne-v3-fr.preprod-cf65.ch.adobecqms.net/contact/ expected [true] but found [false],
	Viewsource not Contains jebbithttps://haleonstaging1:Health2023@sensodyne-v3-fr.preprod-cf65.ch.adobecqms.net/contact/ expected [true] but found [false],
	Viewsource not Contains PriceSpiderhttps://haleonstaging1:Health2023@sensodyne-v3-fr.preprod-cf65.ch.adobecqms.net/produits/ expected [true] but found [false],
	Viewsource not Contains gigyahttps://haleonstaging1:Health2023@sensodyne-v3-fr.preprod-cf65.ch.adobecqms.net/produits/ expected [true] but found [false],
	Viewsource not Contains BazaarVoicehttps://haleonstaging1:Health2023@sensodyne-v3-fr.preprod-cf65.ch.adobecqms.net/produits/ expected [true] but found [false],
	Viewsource not Contains Revtaxhttps://haleonstaging1:Health2023@sensodyne-v3-fr.preprod-cf65.ch.adobecqms.net/produits/ expected [true] but found [false],
	Viewsource not Contains shoppablehttps://haleonstaging1:Health2023@sensodyne-v3-fr.preprod-cf65.ch.adobecqms.net/produits/ expected [true] but found [false],
	Viewsource not Contains jebbithttps://haleonstaging1:Health2023@sensodyne-v3-fr.preprod-cf65.ch.adobecqms.net/produits/ expected [true] but found [false],
	Viewsource not Contains PriceSpiderhttps://haleonstaging1:Health2023@sensodyne-v3-fr.preprod-cf65.ch.adobecqms.net/produits/dentifrice/sensibilite-et-gencives-menthe-douce expected [true] but found [false],
	Viewsource not Contains gigyahttps://haleonstaging1:Health2023@sensodyne-v3-fr.preprod-cf65.ch.adobecqms.net/produits/dentifrice/sensibilite-et-gencives-menthe-douce expected [true] but found [false],
	Viewsource not Contains BazaarVoicehttps://haleonstaging1:Health2023@sensodyne-v3-fr.preprod-cf65.ch.adobecqms.net/produits/dentifrice/sensibilite-et-gencives-menthe-douce expected [true] but found [false],
	Viewsource not Contains Revtaxhttps://haleonstaging1:Health2023@sensodyne-v3-fr.preprod-cf65.ch.adobecqms.net/produits/dentifrice/sensibilite-et-gencives-menthe-douce expected [true] but found [false],
	Viewsource not Contains shoppablehttps://haleonstaging1:Health2023@sensodyne-v3-fr.preprod-cf65.ch.adobecqms.net/produits/dentifrice/sensibilite-et-gencives-menthe-douce expected [true] but found [false],
	Viewsource not Contains jebbithttps://haleonstaging1:Health2023@sensodyne-v3-fr.preprod-cf65.ch.adobecqms.net/produits/dentifrice/sensibilite-et-gencives-menthe-douce expected [true] but found [false],
	Viewsource not Contains preconnecthttps://haleonstaging1:Health2023@sensodyne-v3-fr.preprod-cf65.ch.adobecqms.net/produits/dentifrice/sensibilite-et-gencives-menthe-douce expected [true] but found [false],
	Viewsource not Contains PriceSpiderhttps://haleonstaging1:Health2023@sensodyne-v3-fr.preprod-cf65.ch.adobecqms.net/produits/dentifrice/sensibilite-et-gencives-blancheur expected [true] but found [false],
	Viewsource not Contains gigyahttps://haleonstaging1:Health2023@sensodyne-v3-fr.preprod-cf65.ch.adobecqms.net/produits/dentifrice/sensibilite-et-gencives-blancheur expected [true] but found [false],
	Viewsource not Contains BazaarVoicehttps://haleonstaging1:Health2023@sensodyne-v3-fr.preprod-cf65.ch.adobecqms.net/produits/dentifrice/sensibilite-et-gencives-blancheur expected [true] but found [false],
	Viewsource not Contains Revtaxhttps://haleonstaging1:Health2023@sensodyne-v3-fr.preprod-cf65.ch.adobecqms.net/produits/dentifrice/sensibilite-et-gencives-blancheur expected [true] but found [false],
	Viewsource not Contains shoppablehttps://haleonstaging1:Health2023@sensodyne-v3-fr.preprod-cf65.ch.adobecqms.net/produits/dentifrice/sensibilite-et-gencives-blancheur expected [true] but found [false],
	Viewsource not Contains jebbithttps://haleonstaging1:Health2023@sensodyne-v3-fr.preprod-cf65.ch.adobecqms.net/produits/dentifrice/sensibilite-et-gencives-blancheur expected [true] but found [false],
	Viewsource not Contains preconnecthttps://haleonstaging1:Health2023@sensodyne-v3-fr.preprod-cf65.ch.adobecqms.net/produits/dentifrice/sensibilite-et-gencives-blancheur expected [true] but found [false],
	Viewsource not Contains PriceSpiderhttps://haleonstaging1:Health2023@sensodyne-v3-fr.preprod-cf65.ch.adobecqms.net/produits/dentifrice/sensibilite-et-gencives-menthe-fraiche expected [true] but found [false],
	Viewsource not Contains gigyahttps://haleonstaging1:Health2023@sensodyne-v3-fr.preprod-cf65.ch.adobecqms.net/produits/dentifrice/sensibilite-et-gencives-menthe-fraiche expected [true] but found [false],
	Viewsource not Contains BazaarVoicehttps://haleonstaging1:Health2023@sensodyne-v3-fr.preprod-cf65.ch.adobecqms.net/produits/dentifrice/sensibilite-et-gencives-menthe-fraiche expected [true] but found [false],
	Viewsource not Contains Revtaxhttps://haleonstaging1:Health2023@sensodyne-v3-fr.preprod-cf65.ch.adobecqms.net/produits/dentifrice/sensibilite-et-gencives-menthe-fraiche expected [true] but found [false],
	Viewsource not Contains shoppablehttps://haleonstaging1:Health2023@sensodyne-v3-fr.preprod-cf65.ch.adobecqms.net/produits/dentifrice/sensibilite-et-gencives-menthe-fraiche expected [true] but found [false],
	Viewsource not Contains jebbithttps://haleonstaging1:Health2023@sensodyne-v3-fr.preprod-cf65.ch.adobecqms.net/produits/dentifrice/sensibilite-et-gencives-menthe-fraiche expected [true] but found [false],
	Viewsource not Contains preconnecthttps://haleonstaging1:Health2023@sensodyne-v3-fr.preprod-cf65.ch.adobecqms.net/produits/dentifrice/sensibilite-et-gencives-menthe-fraiche expected [true] but found [false],
	Viewsource not Contains PriceSpiderhttps://haleonstaging1:Health2023@sensodyne-v3-fr.preprod-cf65.ch.adobecqms.net/produits/brosse-a-dents/sensibilite-et-gencives/ expected [true] but found [false],
	Viewsource not Contains gigyahttps://haleonstaging1:Health2023@sensodyne-v3-fr.preprod-cf65.ch.adobecqms.net/produits/brosse-a-dents/sensibilite-et-gencives/ expected [true] but found [false],
	Viewsource not Contains BazaarVoicehttps://haleonstaging1:Health2023@sensodyne-v3-fr.preprod-cf65.ch.adobecqms.net/produits/brosse-a-dents/sensibilite-et-gencives/ expected [true] but found [false],
	Viewsource not Contains Revtaxhttps://haleonstaging1:Health2023@sensodyne-v3-fr.preprod-cf65.ch.adobecqms.net/produits/brosse-a-dents/sensibilite-et-gencives/ expected [true] but found [false],
	Viewsource not Contains shoppablehttps://haleonstaging1:Health2023@sensodyne-v3-fr.preprod-cf65.ch.adobecqms.net/produits/brosse-a-dents/sensibilite-et-gencives/ expected [true] but found [false],
	Viewsource not Contains jebbithttps://haleonstaging1:Health2023@sensodyne-v3-fr.preprod-cf65.ch.adobecqms.net/produits/brosse-a-dents/sensibilite-et-gencives/ expected [true] but found [false],
	Viewsource not Contains preconnecthttps://haleonstaging1:Health2023@sensodyne-v3-fr.preprod-cf65.ch.adobecqms.net/produits/brosse-a-dents/sensibilite-et-gencives/ expected [true] but found [false],
	Viewsource not Contains PriceSpiderhttps://haleonstaging1:Health2023@sensodyne-v3-fr.preprod-cf65.ch.adobecqms.net/produits/dentifrice/rapide-action-menthe expected [true] but found [false],
	Viewsource not Contains gigyahttps://haleonstaging1:Health2023@sensodyne-v3-fr.preprod-cf65.ch.adobecqms.net/produits/dentifrice/rapide-action-menthe expected [true] but found [false],
	Viewsource not Contains BazaarVoicehttps://haleonstaging1:Health2023@sensodyne-v3-fr.preprod-cf65.ch.adobecqms.net/produits/dentifrice/rapide-action-menthe expected [true] but found [false],
	Viewsource not Contains Revtaxhttps://haleonstaging1:Health2023@sensodyne-v3-fr.preprod-cf65.ch.adobecqms.net/produits/dentifrice/rapide-action-menthe expected [true] but found [false],
	Viewsource not Contains shoppablehttps://haleonstaging1:Health2023@sensodyne-v3-fr.preprod-cf65.ch.adobecqms.net/produits/dentifrice/rapide-action-menthe expected [true] but found [false],
	Viewsource not Contains jebbithttps://haleonstaging1:Health2023@sensodyne-v3-fr.preprod-cf65.ch.adobecqms.net/produits/dentifrice/rapide-action-menthe expected [true] but found [false],
	Viewsource not Contains preconnecthttps://haleonstaging1:Health2023@sensodyne-v3-fr.preprod-cf65.ch.adobecqms.net/produits/dentifrice/rapide-action-menthe expected [true] but found [false],
	Viewsource not Contains PriceSpiderhttps://haleonstaging1:Health2023@sensodyne-v3-fr.preprod-cf65.ch.adobecqms.net/produits/dentifrice/rapide-action-extra-fresh expected [true] but found [false],
	Viewsource not Contains gigyahttps://haleonstaging1:Health2023@sensodyne-v3-fr.preprod-cf65.ch.adobecqms.net/produits/dentifrice/rapide-action-extra-fresh expected [true] but found [false],
	Viewsource not Contains BazaarVoicehttps://haleonstaging1:Health2023@sensodyne-v3-fr.preprod-cf65.ch.adobecqms.net/produits/dentifrice/rapide-action-extra-fresh expected [true] but found [false],
	Viewsource not Contains Revtaxhttps://haleonstaging1:Health2023@sensodyne-v3-fr.preprod-cf65.ch.adobecqms.net/produits/dentifrice/rapide-action-extra-fresh expected [true] but found [false],
	Viewsource not Contains shoppablehttps://haleonstaging1:Health2023@sensodyne-v3-fr.preprod-cf65.ch.adobecqms.net/produits/dentifrice/rapide-action-extra-fresh expected [true] but found [false],
	Viewsource not Contains jebbithttps://haleonstaging1:Health2023@sensodyne-v3-fr.preprod-cf65.ch.adobecqms.net/produits/dentifrice/rapide-action-extra-fresh expected [true] but found [false],
	Viewsource not Contains preconnecthttps://haleonstaging1:Health2023@sensodyne-v3-fr.preprod-cf65.ch.adobecqms.net/produits/dentifrice/rapide-action-extra-fresh expected [true] but found [false]" type="java.lang.AssertionError">
      <![CDATA[java.lang.AssertionError: The following asserts failed:
Viewsource not Contains PriceSpiderhttps://haleonstaging1:Health2023@sensodyne-v3-fr.preprod-cf65.ch.adobecqms.net/ expected [true] but found [false],
Viewsource not Contains gigyahttps://haleonstaging1:Health2023@sensodyne-v3-fr.preprod-cf65.ch.adobecqms.net/ expected [true] but found [false],
Viewsource not Contains BazaarVoicehttps://haleonstaging1:Health2023@sensodyne-v3-fr.preprod-cf65.ch.adobecqms.net/ expected [true] but found [false],
Viewsource not Contains Revtaxhttps://haleonstaging1:Health2023@sensodyne-v3-fr.preprod-cf65.ch.adobecqms.net/ expected [true] but found [false],
Viewsource not Contains shoppablehttps://haleonstaging1:Health2023@sensodyne-v3-fr.preprod-cf65.ch.adobecqms.net/ expected [true] but found [false],
Viewsource not Contains jebbithttps://haleonstaging1:Health2023@sensodyne-v3-fr.preprod-cf65.ch.adobecqms.net/ expected [true] but found [false],
Viewsource not Contains PriceSpiderhttps://haleonstaging1:Health2023@sensodyne-v3-fr.preprod-cf65.ch.adobecqms.net/contact/ expected [true] but found [false],
Viewsource not Contains gigyahttps://haleonstaging1:Health2023@sensodyne-v3-fr.preprod-cf65.ch.adobecqms.net/contact/ expected [true] but found [false],
Viewsource not Contains BazaarVoicehttps://haleonstaging1:Health2023@sensodyne-v3-fr.preprod-cf65.ch.adobecqms.net/contact/ expected [true] but found [false],
Viewsource not Contains Revtaxhttps://haleonstaging1:Health2023@sensodyne-v3-fr.preprod-cf65.ch.adobecqms.net/contact/ expected [true] but found [false],
Viewsource not Contains shoppablehttps://haleonstaging1:Health2023@sensodyne-v3-fr.preprod-cf65.ch.adobecqms.net/contact/ expected [true] but found [false],
Viewsource not Contains jebbithttps://haleonstaging1:Health2023@sensodyne-v3-fr.preprod-cf65.ch.adobecqms.net/contact/ expected [true] but found [false],
Viewsource not Contains PriceSpiderhttps://haleonstaging1:Health2023@sensodyne-v3-fr.preprod-cf65.ch.adobecqms.net/produits/ expected [true] but found [false],
Viewsource not Contains gigyahttps://haleonstaging1:Health2023@sensodyne-v3-fr.preprod-cf65.ch.adobecqms.net/produits/ expected [true] but found [false],
Viewsource not Contains BazaarVoicehttps://haleonstaging1:Health2023@sensodyne-v3-fr.preprod-cf65.ch.adobecqms.net/produits/ expected [true] but found [false],
Viewsource not Contains Revtaxhttps://haleonstaging1:Health2023@sensodyne-v3-fr.preprod-cf65.ch.adobecqms.net/produits/ expected [true] but found [false],
Viewsource not Contains shoppablehttps://haleonstaging1:Health2023@sensodyne-v3-fr.preprod-cf65.ch.adobecqms.net/produits/ expected [true] but found [false],
Viewsource not Contains jebbithttps://haleonstaging1:Health2023@sensodyne-v3-fr.preprod-cf65.ch.adobecqms.net/produits/ expected [true] but found [false],
Viewsource not Contains PriceSpiderhttps://haleonstaging1:Health2023@sensodyne-v3-fr.preprod-cf65.ch.adobecqms.net/produits/dentifrice/sensibilite-et-gencives-menthe-douce expected [true] but found [false],
Viewsource not Contains gigyahttps://haleonstaging1:Health2023@sensodyne-v3-fr.preprod-cf65.ch.adobecqms.net/produits/dentifrice/sensibilite-et-gencives-menthe-douce expected [true] but found [false],
Viewsource not Contains BazaarVoicehttps://haleonstaging1:Health2023@sensodyne-v3-fr.preprod-cf65.ch.adobecqms.net/produits/dentifrice/sensibilite-et-gencives-menthe-douce expected [true] but found [false],
Viewsource not Contains Revtaxhttps://haleonstaging1:Health2023@sensodyne-v3-fr.preprod-cf65.ch.adobecqms.net/produits/dentifrice/sensibilite-et-gencives-menthe-douce expected [true] but found [false],
Viewsource not Contains shoppablehttps://haleonstaging1:Health2023@sensodyne-v3-fr.preprod-cf65.ch.adobecqms.net/produits/dentifrice/sensibilite-et-gencives-menthe-douce expected [true] but found [false],
Viewsource not Contains jebbithttps://haleonstaging1:Health2023@sensodyne-v3-fr.preprod-cf65.ch.adobecqms.net/produits/dentifrice/sensibilite-et-gencives-menthe-douce expected [true] but found [false],
Viewsource not Contains preconnecthttps://haleonstaging1:Health2023@sensodyne-v3-fr.preprod-cf65.ch.adobecqms.net/produits/dentifrice/sensibilite-et-gencives-menthe-douce expected [true] but found [false],
Viewsource not Contains PriceSpiderhttps://haleonstaging1:Health2023@sensodyne-v3-fr.preprod-cf65.ch.adobecqms.net/produits/dentifrice/sensibilite-et-gencives-blancheur expected [true] but found [false],
Viewsource not Contains gigyahttps://haleonstaging1:Health2023@sensodyne-v3-fr.preprod-cf65.ch.adobecqms.net/produits/dentifrice/sensibilite-et-gencives-blancheur expected [true] but found [false],
Viewsource not Contains BazaarVoicehttps://haleonstaging1:Health2023@sensodyne-v3-fr.preprod-cf65.ch.adobecqms.net/produits/dentifrice/sensibilite-et-gencives-blancheur expected [true] but found [false],
Viewsource not Contains Revtaxhttps://haleonstaging1:Health2023@sensodyne-v3-fr.preprod-cf65.ch.adobecqms.net/produits/dentifrice/sensibilite-et-gencives-blancheur expected [true] but found [false],
Viewsource not Contains shoppablehttps://haleonstaging1:Health2023@sensodyne-v3-fr.preprod-cf65.ch.adobecqms.net/produits/dentifrice/sensibilite-et-gencives-blancheur expected [true] but found [false],
Viewsource not Contains jebbithttps://haleonstaging1:Health2023@sensodyne-v3-fr.preprod-cf65.ch.adobecqms.net/produits/dentifrice/sensibilite-et-gencives-blancheur expected [true] but found [false],
Viewsource not Contains preconnecthttps://haleonstaging1:Health2023@sensodyne-v3-fr.preprod-cf65.ch.adobecqms.net/produits/dentifrice/sensibilite-et-gencives-blancheur expected [true] but found [false],
Viewsource not Contains PriceSpiderhttps://haleonstaging1:Health2023@sensodyne-v3-fr.preprod-cf65.ch.adobecqms.net/produits/dentifrice/sensibilite-et-gencives-menthe-fraiche expected [true] but found [false],
Viewsource not Contains gigyahttps://haleonstaging1:Health2023@sensodyne-v3-fr.preprod-cf65.ch.adobecqms.net/produits/dentifrice/sensibilite-et-gencives-menthe-fraiche expected [true] but found [false],
Viewsource not Contains BazaarVoicehttps://haleonstaging1:Health2023@sensodyne-v3-fr.preprod-cf65.ch.adobecqms.net/produits/dentifrice/sensibilite-et-gencives-menthe-fraiche expected [true] but found [false],
Viewsource not Contains Revtaxhttps://haleonstaging1:Health2023@sensodyne-v3-fr.preprod-cf65.ch.adobecqms.net/produits/dentifrice/sensibilite-et-gencives-menthe-fraiche expected [true] but found [false],
Viewsource not Contains shoppablehttps://haleonstaging1:Health2023@sensodyne-v3-fr.preprod-cf65.ch.adobecqms.net/produits/dentifrice/sensibilite-et-gencives-menthe-fraiche expected [true] but found [false],
Viewsource not Contains jebbithttps://haleonstaging1:Health2023@sensodyne-v3-fr.preprod-cf65.ch.adobecqms.net/produits/dentifrice/sensibilite-et-gencives-menthe-fraiche expected [true] but found [false],
Viewsource not Contains preconnecthttps://haleonstaging1:Health2023@sensodyne-v3-fr.preprod-cf65.ch.adobecqms.net/produits/dentifrice/sensibilite-et-gencives-menthe-fraiche expected [true] but found [false],
Viewsource not Contains PriceSpiderhttps://haleonstaging1:Health2023@sensodyne-v3-fr.preprod-cf65.ch.adobecqms.net/produits/brosse-a-dents/sensibilite-et-gencives/ expected [true] but found [false],
Viewsource not Contains gigyahttps://haleonstaging1:Health2023@sensodyne-v3-fr.preprod-cf65.ch.adobecqms.net/produits/brosse-a-dents/sensibilite-et-gencives/ expected [true] but found [false],
Viewsource not Contains BazaarVoicehttps://haleonstaging1:Health2023@sensodyne-v3-fr.preprod-cf65.ch.adobecqms.net/produits/brosse-a-dents/sensibilite-et-gencives/ expected [true] but found [false],
Viewsource not Contains Revtaxhttps://haleonstaging1:Health2023@sensodyne-v3-fr.preprod-cf65.ch.adobecqms.net/produits/brosse-a-dents/sensibilite-et-gencives/ expected [true] but found [false],
Viewsource not Contains shoppablehttps://haleonstaging1:Health2023@sensodyne-v3-fr.preprod-cf65.ch.adobecqms.net/produits/brosse-a-dents/sensibilite-et-gencives/ expected [true] but found [false],
Viewsource not Contains jebbithttps://haleonstaging1:Health2023@sensodyne-v3-fr.preprod-cf65.ch.adobecqms.net/produits/brosse-a-dents/sensibilite-et-gencives/ expected [true] but found [false],
Viewsource not Contains preconnecthttps://haleonstaging1:Health2023@sensodyne-v3-fr.preprod-cf65.ch.adobecqms.net/produits/brosse-a-dents/sensibilite-et-gencives/ expected [true] but found [false],
Viewsource not Contains PriceSpiderhttps://haleonstaging1:Health2023@sensodyne-v3-fr.preprod-cf65.ch.adobecqms.net/produits/dentifrice/rapide-action-menthe expected [true] but found [false],
Viewsource not Contains gigyahttps://haleonstaging1:Health2023@sensodyne-v3-fr.preprod-cf65.ch.adobecqms.net/produits/dentifrice/rapide-action-menthe expected [true] but found [false],
Viewsource not Contains BazaarVoicehttps://haleonstaging1:Health2023@sensodyne-v3-fr.preprod-cf65.ch.adobecqms.net/produits/dentifrice/rapide-action-menthe expected [true] but found [false],
Viewsource not Contains Revtaxhttps://haleonstaging1:Health2023@sensodyne-v3-fr.preprod-cf65.ch.adobecqms.net/produits/dentifrice/rapide-action-menthe expected [true] but found [false],
Viewsource not Contains shoppablehttps://haleonstaging1:Health2023@sensodyne-v3-fr.preprod-cf65.ch.adobecqms.net/produits/dentifrice/rapide-action-menthe expected [true] but found [false],
Viewsource not Contains jebbithttps://haleonstaging1:Health2023@sensodyne-v3-fr.preprod-cf65.ch.adobecqms.net/produits/dentifrice/rapide-action-menthe expected [true] but found [false],
Viewsource not Contains preconnecthttps://haleonstaging1:Health2023@sensodyne-v3-fr.preprod-cf65.ch.adobecqms.net/produits/dentifrice/rapide-action-menthe expected [true] but found [false],
Viewsource not Contains PriceSpiderhttps://haleonstaging1:Health2023@sensodyne-v3-fr.preprod-cf65.ch.adobecqms.net/produits/dentifrice/rapide-action-extra-fresh expected [true] but found [false],
Viewsource not Contains gigyahttps://haleonstaging1:Health2023@sensodyne-v3-fr.preprod-cf65.ch.adobecqms.net/produits/dentifrice/rapide-action-extra-fresh expected [true] but found [false],
Viewsource not Contains BazaarVoicehttps://haleonstaging1:Health2023@sensodyne-v3-fr.preprod-cf65.ch.adobecqms.net/produits/dentifrice/rapide-action-extra-fresh expected [true] but found [false],
Viewsource not Contains Revtaxhttps://haleonstaging1:Health2023@sensodyne-v3-fr.preprod-cf65.ch.adobecqms.net/produits/dentifrice/rapide-action-extra-fresh expected [true] but found [false],
Viewsource not Contains shoppablehttps://haleonstaging1:Health2023@sensodyne-v3-fr.preprod-cf65.ch.adobecqms.net/produits/dentifrice/rapide-action-extra-fresh expected [true] but found [false],
Viewsource not Contains jebbithttps://haleonstaging1:Health2023@sensodyne-v3-fr.preprod-cf65.ch.adobecqms.net/produits/dentifrice/rapide-action-extra-fresh expected [true] but found [false],
Viewsource not Contains preconnecthttps://haleonstaging1:Health2023@sensodyne-v3-fr.preprod-cf65.ch.adobecqms.net/produits/dentifrice/rapide-action-extra-fresh expected [true] but found [false]
at org.testng.asserts.SoftAssert.assertAll(SoftAssert.java:47)
at org.testng.asserts.SoftAssert.assertAll(SoftAssert.java:31)
at com.qa.bens.checklist.page.CheckListTPIPage.verifyTPI(CheckListTPIPage.java:98)
at com.qa.bens.checklist.test.CheckListTPITest.findingTPI(CheckListTPITest.java:22)
at java.base/jdk.internal.reflect.DirectMethodHandleAccessor.invoke(DirectMethodHandleAccessor.java:104)
at java.base/java.lang.reflect.Method.invoke(Method.java:577)
at org.testng.internal.MethodInvocationHelper.invokeMethod(MethodInvocationHelper.java:133)
at org.testng.internal.TestInvoker.invokeMethod(TestInvoker.java:598)
at org.testng.internal.TestInvoker.invokeTestMethod(TestInvoker.java:173)
at org.testng.internal.MethodRunner.runInSequence(MethodRunner.java:46)
at org.testng.internal.TestInvoker$MethodInvocationAgent.invoke(TestInvoker.java:824)
at org.testng.internal.TestInvoker.invokeTestMethods(TestInvoker.java:146)
at org.testng.internal.TestMethodWorker.invokeTestMethods(TestMethodWorker.java:146)
at org.testng.internal.TestMethodWorker.run(TestMethodWorker.java:128)
at java.base/java.util.ArrayList.forEach(ArrayList.java:1511)
at org.testng.TestRunner.privateRun(TestRunner.java:794)
at org.testng.TestRunner.run(TestRunner.java:596)
at org.testng.SuiteRunner.runTest(SuiteRunner.java:377)
at org.testng.SuiteRunner.runSequentially(SuiteRunner.java:371)
at org.testng.SuiteRunner.privateRun(SuiteRunner.java:332)
at org.testng.SuiteRunner.run(SuiteRunner.java:276)
at org.testng.SuiteRunnerWorker.runSuite(SuiteRunnerWorker.java:53)
at org.testng.SuiteRunnerWorker.run(SuiteRunnerWorker.java:96)
at org.testng.TestNG.runSuitesSequentially(TestNG.java:1212)
at org.testng.TestNG.runSuitesLocally(TestNG.java:1134)
at org.testng.TestNG.runSuites(TestNG.java:1063)
at org.testng.TestNG.run(TestNG.java:1031)
at org.testng.remote.AbstractRemoteTestNG.run(AbstractRemoteTestNG.java:115)
at org.testng.remote.RemoteTestNG.initAndRun(RemoteTestNG.java:251)
at org.testng.remote.RemoteTestNG.main(RemoteTestNG.java:77)
]]>
    </failure>
  </testcase> <!-- findingTPI -->
  <system-out/>
  <testcase classname="com.qa.bens.checklist.test.CheckListTPITest" name="findingTPI" time="1.174">
    <failure message="The following asserts failed:
	Viewsource not Contains PriceSpiderhttps://haleonstaging1:Health2023@sensodyne-v3-fr.preprod-cf65.ch.adobecqms.net/ expected [true] but found [false],
	Viewsource not Contains gigyahttps://haleonstaging1:Health2023@sensodyne-v3-fr.preprod-cf65.ch.adobecqms.net/ expected [true] but found [false],
	Viewsource not Contains BazaarVoicehttps://haleonstaging1:Health2023@sensodyne-v3-fr.preprod-cf65.ch.adobecqms.net/ expected [true] but found [false],
	Viewsource not Contains Revtaxhttps://haleonstaging1:Health2023@sensodyne-v3-fr.preprod-cf65.ch.adobecqms.net/ expected [true] but found [false],
	Viewsource not Contains shoppablehttps://haleonstaging1:Health2023@sensodyne-v3-fr.preprod-cf65.ch.adobecqms.net/ expected [true] but found [false],
	Viewsource not Contains jebbithttps://haleonstaging1:Health2023@sensodyne-v3-fr.preprod-cf65.ch.adobecqms.net/ expected [true] but found [false],
	Viewsource not Contains PriceSpiderhttps://haleonstaging1:Health2023@sensodyne-v3-fr.preprod-cf65.ch.adobecqms.net/contact/ expected [true] but found [false],
	Viewsource not Contains gigyahttps://haleonstaging1:Health2023@sensodyne-v3-fr.preprod-cf65.ch.adobecqms.net/contact/ expected [true] but found [false],
	Viewsource not Contains BazaarVoicehttps://haleonstaging1:Health2023@sensodyne-v3-fr.preprod-cf65.ch.adobecqms.net/contact/ expected [true] but found [false],
	Viewsource not Contains Revtaxhttps://haleonstaging1:Health2023@sensodyne-v3-fr.preprod-cf65.ch.adobecqms.net/contact/ expected [true] but found [false],
	Viewsource not Contains shoppablehttps://haleonstaging1:Health2023@sensodyne-v3-fr.preprod-cf65.ch.adobecqms.net/contact/ expected [true] but found [false],
	Viewsource not Contains jebbithttps://haleonstaging1:Health2023@sensodyne-v3-fr.preprod-cf65.ch.adobecqms.net/contact/ expected [true] but found [false],
	Viewsource not Contains PriceSpiderhttps://haleonstaging1:Health2023@sensodyne-v3-fr.preprod-cf65.ch.adobecqms.net/produits/ expected [true] but found [false],
	Viewsource not Contains gigyahttps://haleonstaging1:Health2023@sensodyne-v3-fr.preprod-cf65.ch.adobecqms.net/produits/ expected [true] but found [false],
	Viewsource not Contains BazaarVoicehttps://haleonstaging1:Health2023@sensodyne-v3-fr.preprod-cf65.ch.adobecqms.net/produits/ expected [true] but found [false],
	Viewsource not Contains Revtaxhttps://haleonstaging1:Health2023@sensodyne-v3-fr.preprod-cf65.ch.adobecqms.net/produits/ expected [true] but found [false],
	Viewsource not Contains shoppablehttps://haleonstaging1:Health2023@sensodyne-v3-fr.preprod-cf65.ch.adobecqms.net/produits/ expected [true] but found [false],
	Viewsource not Contains jebbithttps://haleonstaging1:Health2023@sensodyne-v3-fr.preprod-cf65.ch.adobecqms.net/produits/ expected [true] but found [false],
	Viewsource not Contains PriceSpiderhttps://haleonstaging1:Health2023@sensodyne-v3-fr.preprod-cf65.ch.adobecqms.net/produits/dentifrice/sensibilite-et-gencives-menthe-douce expected [true] but found [false],
	Viewsource not Contains gigyahttps://haleonstaging1:Health2023@sensodyne-v3-fr.preprod-cf65.ch.adobecqms.net/produits/dentifrice/sensibilite-et-gencives-menthe-douce expected [true] but found [false],
	Viewsource not Contains BazaarVoicehttps://haleonstaging1:Health2023@sensodyne-v3-fr.preprod-cf65.ch.adobecqms.net/produits/dentifrice/sensibilite-et-gencives-menthe-douce expected [true] but found [false],
	Viewsource not Contains Revtaxhttps://haleonstaging1:Health2023@sensodyne-v3-fr.preprod-cf65.ch.adobecqms.net/produits/dentifrice/sensibilite-et-gencives-menthe-douce expected [true] but found [false],
	Viewsource not Contains shoppablehttps://haleonstaging1:Health2023@sensodyne-v3-fr.preprod-cf65.ch.adobecqms.net/produits/dentifrice/sensibilite-et-gencives-menthe-douce expected [true] but found [false],
	Viewsource not Contains jebbithttps://haleonstaging1:Health2023@sensodyne-v3-fr.preprod-cf65.ch.adobecqms.net/produits/dentifrice/sensibilite-et-gencives-menthe-douce expected [true] but found [false],
	Viewsource not Contains preconnecthttps://haleonstaging1:Health2023@sensodyne-v3-fr.preprod-cf65.ch.adobecqms.net/produits/dentifrice/sensibilite-et-gencives-menthe-douce expected [true] but found [false],
	Viewsource not Contains PriceSpiderhttps://haleonstaging1:Health2023@sensodyne-v3-fr.preprod-cf65.ch.adobecqms.net/produits/dentifrice/sensibilite-et-gencives-blancheur expected [true] but found [false],
	Viewsource not Contains gigyahttps://haleonstaging1:Health2023@sensodyne-v3-fr.preprod-cf65.ch.adobecqms.net/produits/dentifrice/sensibilite-et-gencives-blancheur expected [true] but found [false],
	Viewsource not Contains BazaarVoicehttps://haleonstaging1:Health2023@sensodyne-v3-fr.preprod-cf65.ch.adobecqms.net/produits/dentifrice/sensibilite-et-gencives-blancheur expected [true] but found [false],
	Viewsource not Contains Revtaxhttps://haleonstaging1:Health2023@sensodyne-v3-fr.preprod-cf65.ch.adobecqms.net/produits/dentifrice/sensibilite-et-gencives-blancheur expected [true] but found [false],
	Viewsource not Contains shoppablehttps://haleonstaging1:Health2023@sensodyne-v3-fr.preprod-cf65.ch.adobecqms.net/produits/dentifrice/sensibilite-et-gencives-blancheur expected [true] but found [false],
	Viewsource not Contains jebbithttps://haleonstaging1:Health2023@sensodyne-v3-fr.preprod-cf65.ch.adobecqms.net/produits/dentifrice/sensibilite-et-gencives-blancheur expected [true] but found [false],
	Viewsource not Contains preconnecthttps://haleonstaging1:Health2023@sensodyne-v3-fr.preprod-cf65.ch.adobecqms.net/produits/dentifrice/sensibilite-et-gencives-blancheur expected [true] but found [false],
	Viewsource not Contains PriceSpiderhttps://haleonstaging1:Health2023@sensodyne-v3-fr.preprod-cf65.ch.adobecqms.net/produits/dentifrice/sensibilite-et-gencives-menthe-fraiche expected [true] but found [false],
	Viewsource not Contains gigyahttps://haleonstaging1:Health2023@sensodyne-v3-fr.preprod-cf65.ch.adobecqms.net/produits/dentifrice/sensibilite-et-gencives-menthe-fraiche expected [true] but found [false],
	Viewsource not Contains BazaarVoicehttps://haleonstaging1:Health2023@sensodyne-v3-fr.preprod-cf65.ch.adobecqms.net/produits/dentifrice/sensibilite-et-gencives-menthe-fraiche expected [true] but found [false],
	Viewsource not Contains Revtaxhttps://haleonstaging1:Health2023@sensodyne-v3-fr.preprod-cf65.ch.adobecqms.net/produits/dentifrice/sensibilite-et-gencives-menthe-fraiche expected [true] but found [false],
	Viewsource not Contains shoppablehttps://haleonstaging1:Health2023@sensodyne-v3-fr.preprod-cf65.ch.adobecqms.net/produits/dentifrice/sensibilite-et-gencives-menthe-fraiche expected [true] but found [false],
	Viewsource not Contains jebbithttps://haleonstaging1:Health2023@sensodyne-v3-fr.preprod-cf65.ch.adobecqms.net/produits/dentifrice/sensibilite-et-gencives-menthe-fraiche expected [true] but found [false],
	Viewsource not Contains preconnecthttps://haleonstaging1:Health2023@sensodyne-v3-fr.preprod-cf65.ch.adobecqms.net/produits/dentifrice/sensibilite-et-gencives-menthe-fraiche expected [true] but found [false],
	Viewsource not Contains PriceSpiderhttps://haleonstaging1:Health2023@sensodyne-v3-fr.preprod-cf65.ch.adobecqms.net/produits/brosse-a-dents/sensibilite-et-gencives/ expected [true] but found [false],
	Viewsource not Contains gigyahttps://haleonstaging1:Health2023@sensodyne-v3-fr.preprod-cf65.ch.adobecqms.net/produits/brosse-a-dents/sensibilite-et-gencives/ expected [true] but found [false],
	Viewsource not Contains BazaarVoicehttps://haleonstaging1:Health2023@sensodyne-v3-fr.preprod-cf65.ch.adobecqms.net/produits/brosse-a-dents/sensibilite-et-gencives/ expected [true] but found [false],
	Viewsource not Contains Revtaxhttps://haleonstaging1:Health2023@sensodyne-v3-fr.preprod-cf65.ch.adobecqms.net/produits/brosse-a-dents/sensibilite-et-gencives/ expected [true] but found [false],
	Viewsource not Contains shoppablehttps://haleonstaging1:Health2023@sensodyne-v3-fr.preprod-cf65.ch.adobecqms.net/produits/brosse-a-dents/sensibilite-et-gencives/ expected [true] but found [false],
	Viewsource not Contains jebbithttps://haleonstaging1:Health2023@sensodyne-v3-fr.preprod-cf65.ch.adobecqms.net/produits/brosse-a-dents/sensibilite-et-gencives/ expected [true] but found [false],
	Viewsource not Contains preconnecthttps://haleonstaging1:Health2023@sensodyne-v3-fr.preprod-cf65.ch.adobecqms.net/produits/brosse-a-dents/sensibilite-et-gencives/ expected [true] but found [false],
	Viewsource not Contains PriceSpiderhttps://haleonstaging1:Health2023@sensodyne-v3-fr.preprod-cf65.ch.adobecqms.net/produits/dentifrice/rapide-action-menthe expected [true] but found [false],
	Viewsource not Contains gigyahttps://haleonstaging1:Health2023@sensodyne-v3-fr.preprod-cf65.ch.adobecqms.net/produits/dentifrice/rapide-action-menthe expected [true] but found [false],
	Viewsource not Contains BazaarVoicehttps://haleonstaging1:Health2023@sensodyne-v3-fr.preprod-cf65.ch.adobecqms.net/produits/dentifrice/rapide-action-menthe expected [true] but found [false],
	Viewsource not Contains Revtaxhttps://haleonstaging1:Health2023@sensodyne-v3-fr.preprod-cf65.ch.adobecqms.net/produits/dentifrice/rapide-action-menthe expected [true] but found [false],
	Viewsource not Contains shoppablehttps://haleonstaging1:Health2023@sensodyne-v3-fr.preprod-cf65.ch.adobecqms.net/produits/dentifrice/rapide-action-menthe expected [true] but found [false],
	Viewsource not Contains jebbithttps://haleonstaging1:Health2023@sensodyne-v3-fr.preprod-cf65.ch.adobecqms.net/produits/dentifrice/rapide-action-menthe expected [true] but found [false],
	Viewsource not Contains preconnecthttps://haleonstaging1:Health2023@sensodyne-v3-fr.preprod-cf65.ch.adobecqms.net/produits/dentifrice/rapide-action-menthe expected [true] but found [false],
	Viewsource not Contains PriceSpiderhttps://haleonstaging1:Health2023@sensodyne-v3-fr.preprod-cf65.ch.adobecqms.net/produits/dentifrice/rapide-action-extra-fresh expected [true] but found [false],
	Viewsource not Contains gigyahttps://haleonstaging1:Health2023@sensodyne-v3-fr.preprod-cf65.ch.adobecqms.net/produits/dentifrice/rapide-action-extra-fresh expected [true] but found [false],
	Viewsource not Contains BazaarVoicehttps://haleonstaging1:Health2023@sensodyne-v3-fr.preprod-cf65.ch.adobecqms.net/produits/dentifrice/rapide-action-extra-fresh expected [true] but found [false],
	Viewsource not Contains Revtaxhttps://haleonstaging1:Health2023@sensodyne-v3-fr.preprod-cf65.ch.adobecqms.net/produits/dentifrice/rapide-action-extra-fresh expected [true] but found [false],
	Viewsource not Contains shoppablehttps://haleonstaging1:Health2023@sensodyne-v3-fr.preprod-cf65.ch.adobecqms.net/produits/dentifrice/rapide-action-extra-fresh expected [true] but found [false],
	Viewsource not Contains jebbithttps://haleonstaging1:Health2023@sensodyne-v3-fr.preprod-cf65.ch.adobecqms.net/produits/dentifrice/rapide-action-extra-fresh expected [true] but found [false],
	Viewsource not Contains preconnecthttps://haleonstaging1:Health2023@sensodyne-v3-fr.preprod-cf65.ch.adobecqms.net/produits/dentifrice/rapide-action-extra-fresh expected [true] but found [false],
	Viewsource not Contains PriceSpiderhttps://haleonstaging1:Health2023@sensodyne-v3-fr.preprod-cf65.ch.adobecqms.net/produits/brosse-a-dents/rapide-action expected [true] but found [false],
	Viewsource not Contains gigyahttps://haleonstaging1:Health2023@sensodyne-v3-fr.preprod-cf65.ch.adobecqms.net/produits/brosse-a-dents/rapide-action expected [true] but found [false],
	Viewsource not Contains BazaarVoicehttps://haleonstaging1:Health2023@sensodyne-v3-fr.preprod-cf65.ch.adobecqms.net/produits/brosse-a-dents/rapide-action expected [true] but found [false],
	Viewsource not Contains Revtaxhttps://haleonstaging1:Health2023@sensodyne-v3-fr.preprod-cf65.ch.adobecqms.net/produits/brosse-a-dents/rapide-action expected [true] but found [false],
	Viewsource not Contains shoppablehttps://haleonstaging1:Health2023@sensodyne-v3-fr.preprod-cf65.ch.adobecqms.net/produits/brosse-a-dents/rapide-action expected [true] but found [false],
	Viewsource not Contains jebbithttps://haleonstaging1:Health2023@sensodyne-v3-fr.preprod-cf65.ch.adobecqms.net/produits/brosse-a-dents/rapide-action expected [true] but found [false],
	Viewsource not Contains preconnecthttps://haleonstaging1:Health2023@sensodyne-v3-fr.preprod-cf65.ch.adobecqms.net/produits/brosse-a-dents/rapide-action expected [true] but found [false]" type="java.lang.AssertionError">
      <![CDATA[java.lang.AssertionError: The following asserts failed:
Viewsource not Contains PriceSpiderhttps://haleonstaging1:Health2023@sensodyne-v3-fr.preprod-cf65.ch.adobecqms.net/ expected [true] but found [false],
Viewsource not Contains gigyahttps://haleonstaging1:Health2023@sensodyne-v3-fr.preprod-cf65.ch.adobecqms.net/ expected [true] but found [false],
Viewsource not Contains BazaarVoicehttps://haleonstaging1:Health2023@sensodyne-v3-fr.preprod-cf65.ch.adobecqms.net/ expected [true] but found [false],
Viewsource not Contains Revtaxhttps://haleonstaging1:Health2023@sensodyne-v3-fr.preprod-cf65.ch.adobecqms.net/ expected [true] but found [false],
Viewsource not Contains shoppablehttps://haleonstaging1:Health2023@sensodyne-v3-fr.preprod-cf65.ch.adobecqms.net/ expected [true] but found [false],
Viewsource not Contains jebbithttps://haleonstaging1:Health2023@sensodyne-v3-fr.preprod-cf65.ch.adobecqms.net/ expected [true] but found [false],
Viewsource not Contains PriceSpiderhttps://haleonstaging1:Health2023@sensodyne-v3-fr.preprod-cf65.ch.adobecqms.net/contact/ expected [true] but found [false],
Viewsource not Contains gigyahttps://haleonstaging1:Health2023@sensodyne-v3-fr.preprod-cf65.ch.adobecqms.net/contact/ expected [true] but found [false],
Viewsource not Contains BazaarVoicehttps://haleonstaging1:Health2023@sensodyne-v3-fr.preprod-cf65.ch.adobecqms.net/contact/ expected [true] but found [false],
Viewsource not Contains Revtaxhttps://haleonstaging1:Health2023@sensodyne-v3-fr.preprod-cf65.ch.adobecqms.net/contact/ expected [true] but found [false],
Viewsource not Contains shoppablehttps://haleonstaging1:Health2023@sensodyne-v3-fr.preprod-cf65.ch.adobecqms.net/contact/ expected [true] but found [false],
Viewsource not Contains jebbithttps://haleonstaging1:Health2023@sensodyne-v3-fr.preprod-cf65.ch.adobecqms.net/contact/ expected [true] but found [false],
Viewsource not Contains PriceSpiderhttps://haleonstaging1:Health2023@sensodyne-v3-fr.preprod-cf65.ch.adobecqms.net/produits/ expected [true] but found [false],
Viewsource not Contains gigyahttps://haleonstaging1:Health2023@sensodyne-v3-fr.preprod-cf65.ch.adobecqms.net/produits/ expected [true] but found [false],
Viewsource not Contains BazaarVoicehttps://haleonstaging1:Health2023@sensodyne-v3-fr.preprod-cf65.ch.adobecqms.net/produits/ expected [true] but found [false],
Viewsource not Contains Revtaxhttps://haleonstaging1:Health2023@sensodyne-v3-fr.preprod-cf65.ch.adobecqms.net/produits/ expected [true] but found [false],
Viewsource not Contains shoppablehttps://haleonstaging1:Health2023@sensodyne-v3-fr.preprod-cf65.ch.adobecqms.net/produits/ expected [true] but found [false],
Viewsource not Contains jebbithttps://haleonstaging1:Health2023@sensodyne-v3-fr.preprod-cf65.ch.adobecqms.net/produits/ expected [true] but found [false],
Viewsource not Contains PriceSpiderhttps://haleonstaging1:Health2023@sensodyne-v3-fr.preprod-cf65.ch.adobecqms.net/produits/dentifrice/sensibilite-et-gencives-menthe-douce expected [true] but found [false],
Viewsource not Contains gigyahttps://haleonstaging1:Health2023@sensodyne-v3-fr.preprod-cf65.ch.adobecqms.net/produits/dentifrice/sensibilite-et-gencives-menthe-douce expected [true] but found [false],
Viewsource not Contains BazaarVoicehttps://haleonstaging1:Health2023@sensodyne-v3-fr.preprod-cf65.ch.adobecqms.net/produits/dentifrice/sensibilite-et-gencives-menthe-douce expected [true] but found [false],
Viewsource not Contains Revtaxhttps://haleonstaging1:Health2023@sensodyne-v3-fr.preprod-cf65.ch.adobecqms.net/produits/dentifrice/sensibilite-et-gencives-menthe-douce expected [true] but found [false],
Viewsource not Contains shoppablehttps://haleonstaging1:Health2023@sensodyne-v3-fr.preprod-cf65.ch.adobecqms.net/produits/dentifrice/sensibilite-et-gencives-menthe-douce expected [true] but found [false],
Viewsource not Contains jebbithttps://haleonstaging1:Health2023@sensodyne-v3-fr.preprod-cf65.ch.adobecqms.net/produits/dentifrice/sensibilite-et-gencives-menthe-douce expected [true] but found [false],
Viewsource not Contains preconnecthttps://haleonstaging1:Health2023@sensodyne-v3-fr.preprod-cf65.ch.adobecqms.net/produits/dentifrice/sensibilite-et-gencives-menthe-douce expected [true] but found [false],
Viewsource not Contains PriceSpiderhttps://haleonstaging1:Health2023@sensodyne-v3-fr.preprod-cf65.ch.adobecqms.net/produits/dentifrice/sensibilite-et-gencives-blancheur expected [true] but found [false],
Viewsource not Contains gigyahttps://haleonstaging1:Health2023@sensodyne-v3-fr.preprod-cf65.ch.adobecqms.net/produits/dentifrice/sensibilite-et-gencives-blancheur expected [true] but found [false],
Viewsource not Contains BazaarVoicehttps://haleonstaging1:Health2023@sensodyne-v3-fr.preprod-cf65.ch.adobecqms.net/produits/dentifrice/sensibilite-et-gencives-blancheur expected [true] but found [false],
Viewsource not Contains Revtaxhttps://haleonstaging1:Health2023@sensodyne-v3-fr.preprod-cf65.ch.adobecqms.net/produits/dentifrice/sensibilite-et-gencives-blancheur expected [true] but found [false],
Viewsource not Contains shoppablehttps://haleonstaging1:Health2023@sensodyne-v3-fr.preprod-cf65.ch.adobecqms.net/produits/dentifrice/sensibilite-et-gencives-blancheur expected [true] but found [false],
Viewsource not Contains jebbithttps://haleonstaging1:Health2023@sensodyne-v3-fr.preprod-cf65.ch.adobecqms.net/produits/dentifrice/sensibilite-et-gencives-blancheur expected [true] but found [false],
Viewsource not Contains preconnecthttps://haleonstaging1:Health2023@sensodyne-v3-fr.preprod-cf65.ch.adobecqms.net/produits/dentifrice/sensibilite-et-gencives-blancheur expected [true] but found [false],
Viewsource not Contains PriceSpiderhttps://haleonstaging1:Health2023@sensodyne-v3-fr.preprod-cf65.ch.adobecqms.net/produits/dentifrice/sensibilite-et-gencives-menthe-fraiche expected [true] but found [false],
Viewsource not Contains gigyahttps://haleonstaging1:Health2023@sensodyne-v3-fr.preprod-cf65.ch.adobecqms.net/produits/dentifrice/sensibilite-et-gencives-menthe-fraiche expected [true] but found [false],
Viewsource not Contains BazaarVoicehttps://haleonstaging1:Health2023@sensodyne-v3-fr.preprod-cf65.ch.adobecqms.net/produits/dentifrice/sensibilite-et-gencives-menthe-fraiche expected [true] but found [false],
Viewsource not Contains Revtaxhttps://haleonstaging1:Health2023@sensodyne-v3-fr.preprod-cf65.ch.adobecqms.net/produits/dentifrice/sensibilite-et-gencives-menthe-fraiche expected [true] but found [false],
Viewsource not Contains shoppablehttps://haleonstaging1:Health2023@sensodyne-v3-fr.preprod-cf65.ch.adobecqms.net/produits/dentifrice/sensibilite-et-gencives-menthe-fraiche expected [true] but found [false],
Viewsource not Contains jebbithttps://haleonstaging1:Health2023@sensodyne-v3-fr.preprod-cf65.ch.adobecqms.net/produits/dentifrice/sensibilite-et-gencives-menthe-fraiche expected [true] but found [false],
Viewsource not Contains preconnecthttps://haleonstaging1:Health2023@sensodyne-v3-fr.preprod-cf65.ch.adobecqms.net/produits/dentifrice/sensibilite-et-gencives-menthe-fraiche expected [true] but found [false],
Viewsource not Contains PriceSpiderhttps://haleonstaging1:Health2023@sensodyne-v3-fr.preprod-cf65.ch.adobecqms.net/produits/brosse-a-dents/sensibilite-et-gencives/ expected [true] but found [false],
Viewsource not Contains gigyahttps://haleonstaging1:Health2023@sensodyne-v3-fr.preprod-cf65.ch.adobecqms.net/produits/brosse-a-dents/sensibilite-et-gencives/ expected [true] but found [false],
Viewsource not Contains BazaarVoicehttps://haleonstaging1:Health2023@sensodyne-v3-fr.preprod-cf65.ch.adobecqms.net/produits/brosse-a-dents/sensibilite-et-gencives/ expected [true] but found [false],
Viewsource not Contains Revtaxhttps://haleonstaging1:Health2023@sensodyne-v3-fr.preprod-cf65.ch.adobecqms.net/produits/brosse-a-dents/sensibilite-et-gencives/ expected [true] but found [false],
Viewsource not Contains shoppablehttps://haleonstaging1:Health2023@sensodyne-v3-fr.preprod-cf65.ch.adobecqms.net/produits/brosse-a-dents/sensibilite-et-gencives/ expected [true] but found [false],
Viewsource not Contains jebbithttps://haleonstaging1:Health2023@sensodyne-v3-fr.preprod-cf65.ch.adobecqms.net/produits/brosse-a-dents/sensibilite-et-gencives/ expected [true] but found [false],
Viewsource not Contains preconnecthttps://haleonstaging1:Health2023@sensodyne-v3-fr.preprod-cf65.ch.adobecqms.net/produits/brosse-a-dents/sensibilite-et-gencives/ expected [true] but found [false],
Viewsource not Contains PriceSpiderhttps://haleonstaging1:Health2023@sensodyne-v3-fr.preprod-cf65.ch.adobecqms.net/produits/dentifrice/rapide-action-menthe expected [true] but found [false],
Viewsource not Contains gigyahttps://haleonstaging1:Health2023@sensodyne-v3-fr.preprod-cf65.ch.adobecqms.net/produits/dentifrice/rapide-action-menthe expected [true] but found [false],
Viewsource not Contains BazaarVoicehttps://haleonstaging1:Health2023@sensodyne-v3-fr.preprod-cf65.ch.adobecqms.net/produits/dentifrice/rapide-action-menthe expected [true] but found [false],
Viewsource not Contains Revtaxhttps://haleonstaging1:Health2023@sensodyne-v3-fr.preprod-cf65.ch.adobecqms.net/produits/dentifrice/rapide-action-menthe expected [true] but found [false],
Viewsource not Contains shoppablehttps://haleonstaging1:Health2023@sensodyne-v3-fr.preprod-cf65.ch.adobecqms.net/produits/dentifrice/rapide-action-menthe expected [true] but found [false],
Viewsource not Contains jebbithttps://haleonstaging1:Health2023@sensodyne-v3-fr.preprod-cf65.ch.adobecqms.net/produits/dentifrice/rapide-action-menthe expected [true] but found [false],
Viewsource not Contains preconnecthttps://haleonstaging1:Health2023@sensodyne-v3-fr.preprod-cf65.ch.adobecqms.net/produits/dentifrice/rapide-action-menthe expected [true] but found [false],
Viewsource not Contains PriceSpiderhttps://haleonstaging1:Health2023@sensodyne-v3-fr.preprod-cf65.ch.adobecqms.net/produits/dentifrice/rapide-action-extra-fresh expected [true] but found [false],
Viewsource not Contains gigyahttps://haleonstaging1:Health2023@sensodyne-v3-fr.preprod-cf65.ch.adobecqms.net/produits/dentifrice/rapide-action-extra-fresh expected [true] but found [false],
Viewsource not Contains BazaarVoicehttps://haleonstaging1:Health2023@sensodyne-v3-fr.preprod-cf65.ch.adobecqms.net/produits/dentifrice/rapide-action-extra-fresh expected [true] but found [false],
Viewsource not Contains Revtaxhttps://haleonstaging1:Health2023@sensodyne-v3-fr.preprod-cf65.ch.adobecqms.net/produits/dentifrice/rapide-action-extra-fresh expected [true] but found [false],
Viewsource not Contains shoppablehttps://haleonstaging1:Health2023@sensodyne-v3-fr.preprod-cf65.ch.adobecqms.net/produits/dentifrice/rapide-action-extra-fresh expected [true] but found [false],
Viewsource not Contains jebbithttps://haleonstaging1:Health2023@sensodyne-v3-fr.preprod-cf65.ch.adobecqms.net/produits/dentifrice/rapide-action-extra-fresh expected [true] but found [false],
Viewsource not Contains preconnecthttps://haleonstaging1:Health2023@sensodyne-v3-fr.preprod-cf65.ch.adobecqms.net/produits/dentifrice/rapide-action-extra-fresh expected [true] but found [false],
Viewsource not Contains PriceSpiderhttps://haleonstaging1:Health2023@sensodyne-v3-fr.preprod-cf65.ch.adobecqms.net/produits/brosse-a-dents/rapide-action expected [true] but found [false],
Viewsource not Contains gigyahttps://haleonstaging1:Health2023@sensodyne-v3-fr.preprod-cf65.ch.adobecqms.net/produits/brosse-a-dents/rapide-action expected [true] but found [false],
Viewsource not Contains BazaarVoicehttps://haleonstaging1:Health2023@sensodyne-v3-fr.preprod-cf65.ch.adobecqms.net/produits/brosse-a-dents/rapide-action expected [true] but found [false],
Viewsource not Contains Revtaxhttps://haleonstaging1:Health2023@sensodyne-v3-fr.preprod-cf65.ch.adobecqms.net/produits/brosse-a-dents/rapide-action expected [true] but found [false],
Viewsource not Contains shoppablehttps://haleonstaging1:Health2023@sensodyne-v3-fr.preprod-cf65.ch.adobecqms.net/produits/brosse-a-dents/rapide-action expected [true] but found [false],
Viewsource not Contains jebbithttps://haleonstaging1:Health2023@sensodyne-v3-fr.preprod-cf65.ch.adobecqms.net/produits/brosse-a-dents/rapide-action expected [true] but found [false],
Viewsource not Contains preconnecthttps://haleonstaging1:Health2023@sensodyne-v3-fr.preprod-cf65.ch.adobecqms.net/produits/brosse-a-dents/rapide-action expected [true] but found [false]
at org.testng.asserts.SoftAssert.assertAll(SoftAssert.java:47)
at org.testng.asserts.SoftAssert.assertAll(SoftAssert.java:31)
at com.qa.bens.checklist.page.CheckListTPIPage.verifyTPI(CheckListTPIPage.java:98)
at com.qa.bens.checklist.test.CheckListTPITest.findingTPI(CheckListTPITest.java:22)
at java.base/jdk.internal.reflect.DirectMethodHandleAccessor.invoke(DirectMethodHandleAccessor.java:104)
at java.base/java.lang.reflect.Method.invoke(Method.java:577)
at org.testng.internal.MethodInvocationHelper.invokeMethod(MethodInvocationHelper.java:133)
at org.testng.internal.TestInvoker.invokeMethod(TestInvoker.java:598)
at org.testng.internal.TestInvoker.invokeTestMethod(TestInvoker.java:173)
at org.testng.internal.MethodRunner.runInSequence(MethodRunner.java:46)
at org.testng.internal.TestInvoker$MethodInvocationAgent.invoke(TestInvoker.java:824)
at org.testng.internal.TestInvoker.invokeTestMethods(TestInvoker.java:146)
at org.testng.internal.TestMethodWorker.invokeTestMethods(TestMethodWorker.java:146)
at org.testng.internal.TestMethodWorker.run(TestMethodWorker.java:128)
at java.base/java.util.ArrayList.forEach(ArrayList.java:1511)
at org.testng.TestRunner.privateRun(TestRunner.java:794)
at org.testng.TestRunner.run(TestRunner.java:596)
at org.testng.SuiteRunner.runTest(SuiteRunner.java:377)
at org.testng.SuiteRunner.runSequentially(SuiteRunner.java:371)
at org.testng.SuiteRunner.privateRun(SuiteRunner.java:332)
at org.testng.SuiteRunner.run(SuiteRunner.java:276)
at org.testng.SuiteRunnerWorker.runSuite(SuiteRunnerWorker.java:53)
at org.testng.SuiteRunnerWorker.run(SuiteRunnerWorker.java:96)
at org.testng.TestNG.runSuitesSequentially(TestNG.java:1212)
at org.testng.TestNG.runSuitesLocally(TestNG.java:1134)
at org.testng.TestNG.runSuites(TestNG.java:1063)
at org.testng.TestNG.run(TestNG.java:1031)
at org.testng.remote.AbstractRemoteTestNG.run(AbstractRemoteTestNG.java:115)
at org.testng.remote.RemoteTestNG.initAndRun(RemoteTestNG.java:251)
at org.testng.remote.RemoteTestNG.main(RemoteTestNG.java:77)
]]>
    </failure>
  </testcase> <!-- findingTPI -->
  <system-out/>
  <testcase classname="com.qa.bens.checklist.test.CheckListTPITest" name="findingTPI" time="1.198">
    <failure message="The following asserts failed:
	Viewsource not Contains PriceSpiderhttps://haleonstaging1:Health2023@sensodyne-v3-fr.preprod-cf65.ch.adobecqms.net/ expected [true] but found [false],
	Viewsource not Contains gigyahttps://haleonstaging1:Health2023@sensodyne-v3-fr.preprod-cf65.ch.adobecqms.net/ expected [true] but found [false],
	Viewsource not Contains BazaarVoicehttps://haleonstaging1:Health2023@sensodyne-v3-fr.preprod-cf65.ch.adobecqms.net/ expected [true] but found [false],
	Viewsource not Contains Revtaxhttps://haleonstaging1:Health2023@sensodyne-v3-fr.preprod-cf65.ch.adobecqms.net/ expected [true] but found [false],
	Viewsource not Contains shoppablehttps://haleonstaging1:Health2023@sensodyne-v3-fr.preprod-cf65.ch.adobecqms.net/ expected [true] but found [false],
	Viewsource not Contains jebbithttps://haleonstaging1:Health2023@sensodyne-v3-fr.preprod-cf65.ch.adobecqms.net/ expected [true] but found [false],
	Viewsource not Contains PriceSpiderhttps://haleonstaging1:Health2023@sensodyne-v3-fr.preprod-cf65.ch.adobecqms.net/contact/ expected [true] but found [false],
	Viewsource not Contains gigyahttps://haleonstaging1:Health2023@sensodyne-v3-fr.preprod-cf65.ch.adobecqms.net/contact/ expected [true] but found [false],
	Viewsource not Contains BazaarVoicehttps://haleonstaging1:Health2023@sensodyne-v3-fr.preprod-cf65.ch.adobecqms.net/contact/ expected [true] but found [false],
	Viewsource not Contains Revtaxhttps://haleonstaging1:Health2023@sensodyne-v3-fr.preprod-cf65.ch.adobecqms.net/contact/ expected [true] but found [false],
	Viewsource not Contains shoppablehttps://haleonstaging1:Health2023@sensodyne-v3-fr.preprod-cf65.ch.adobecqms.net/contact/ expected [true] but found [false],
	Viewsource not Contains jebbithttps://haleonstaging1:Health2023@sensodyne-v3-fr.preprod-cf65.ch.adobecqms.net/contact/ expected [true] but found [false],
	Viewsource not Contains PriceSpiderhttps://haleonstaging1:Health2023@sensodyne-v3-fr.preprod-cf65.ch.adobecqms.net/produits/ expected [true] but found [false],
	Viewsource not Contains gigyahttps://haleonstaging1:Health2023@sensodyne-v3-fr.preprod-cf65.ch.adobecqms.net/produits/ expected [true] but found [false],
	Viewsource not Contains BazaarVoicehttps://haleonstaging1:Health2023@sensodyne-v3-fr.preprod-cf65.ch.adobecqms.net/produits/ expected [true] but found [false],
	Viewsource not Contains Revtaxhttps://haleonstaging1:Health2023@sensodyne-v3-fr.preprod-cf65.ch.adobecqms.net/produits/ expected [true] but found [false],
	Viewsource not Contains shoppablehttps://haleonstaging1:Health2023@sensodyne-v3-fr.preprod-cf65.ch.adobecqms.net/produits/ expected [true] but found [false],
	Viewsource not Contains jebbithttps://haleonstaging1:Health2023@sensodyne-v3-fr.preprod-cf65.ch.adobecqms.net/produits/ expected [true] but found [false],
	Viewsource not Contains PriceSpiderhttps://haleonstaging1:Health2023@sensodyne-v3-fr.preprod-cf65.ch.adobecqms.net/produits/dentifrice/sensibilite-et-gencives-menthe-douce expected [true] but found [false],
	Viewsource not Contains gigyahttps://haleonstaging1:Health2023@sensodyne-v3-fr.preprod-cf65.ch.adobecqms.net/produits/dentifrice/sensibilite-et-gencives-menthe-douce expected [true] but found [false],
	Viewsource not Contains BazaarVoicehttps://haleonstaging1:Health2023@sensodyne-v3-fr.preprod-cf65.ch.adobecqms.net/produits/dentifrice/sensibilite-et-gencives-menthe-douce expected [true] but found [false],
	Viewsource not Contains Revtaxhttps://haleonstaging1:Health2023@sensodyne-v3-fr.preprod-cf65.ch.adobecqms.net/produits/dentifrice/sensibilite-et-gencives-menthe-douce expected [true] but found [false],
	Viewsource not Contains shoppablehttps://haleonstaging1:Health2023@sensodyne-v3-fr.preprod-cf65.ch.adobecqms.net/produits/dentifrice/sensibilite-et-gencives-menthe-douce expected [true] but found [false],
	Viewsource not Contains jebbithttps://haleonstaging1:Health2023@sensodyne-v3-fr.preprod-cf65.ch.adobecqms.net/produits/dentifrice/sensibilite-et-gencives-menthe-douce expected [true] but found [false],
	Viewsource not Contains preconnecthttps://haleonstaging1:Health2023@sensodyne-v3-fr.preprod-cf65.ch.adobecqms.net/produits/dentifrice/sensibilite-et-gencives-menthe-douce expected [true] but found [false],
	Viewsource not Contains PriceSpiderhttps://haleonstaging1:Health2023@sensodyne-v3-fr.preprod-cf65.ch.adobecqms.net/produits/dentifrice/sensibilite-et-gencives-blancheur expected [true] but found [false],
	Viewsource not Contains gigyahttps://haleonstaging1:Health2023@sensodyne-v3-fr.preprod-cf65.ch.adobecqms.net/produits/dentifrice/sensibilite-et-gencives-blancheur expected [true] but found [false],
	Viewsource not Contains BazaarVoicehttps://haleonstaging1:Health2023@sensodyne-v3-fr.preprod-cf65.ch.adobecqms.net/produits/dentifrice/sensibilite-et-gencives-blancheur expected [true] but found [false],
	Viewsource not Contains Revtaxhttps://haleonstaging1:Health2023@sensodyne-v3-fr.preprod-cf65.ch.adobecqms.net/produits/dentifrice/sensibilite-et-gencives-blancheur expected [true] but found [false],
	Viewsource not Contains shoppablehttps://haleonstaging1:Health2023@sensodyne-v3-fr.preprod-cf65.ch.adobecqms.net/produits/dentifrice/sensibilite-et-gencives-blancheur expected [true] but found [false],
	Viewsource not Contains jebbithttps://haleonstaging1:Health2023@sensodyne-v3-fr.preprod-cf65.ch.adobecqms.net/produits/dentifrice/sensibilite-et-gencives-blancheur expected [true] but found [false],
	Viewsource not Contains preconnecthttps://haleonstaging1:Health2023@sensodyne-v3-fr.preprod-cf65.ch.adobecqms.net/produits/dentifrice/sensibilite-et-gencives-blancheur expected [true] but found [false],
	Viewsource not Contains PriceSpiderhttps://haleonstaging1:Health2023@sensodyne-v3-fr.preprod-cf65.ch.adobecqms.net/produits/dentifrice/sensibilite-et-gencives-menthe-fraiche expected [true] but found [false],
	Viewsource not Contains gigyahttps://haleonstaging1:Health2023@sensodyne-v3-fr.preprod-cf65.ch.adobecqms.net/produits/dentifrice/sensibilite-et-gencives-menthe-fraiche expected [true] but found [false],
	Viewsource not Contains BazaarVoicehttps://haleonstaging1:Health2023@sensodyne-v3-fr.preprod-cf65.ch.adobecqms.net/produits/dentifrice/sensibilite-et-gencives-menthe-fraiche expected [true] but found [false],
	Viewsource not Contains Revtaxhttps://haleonstaging1:Health2023@sensodyne-v3-fr.preprod-cf65.ch.adobecqms.net/produits/dentifrice/sensibilite-et-gencives-menthe-fraiche expected [true] but found [false],
	Viewsource not Contains shoppablehttps://haleonstaging1:Health2023@sensodyne-v3-fr.preprod-cf65.ch.adobecqms.net/produits/dentifrice/sensibilite-et-gencives-menthe-fraiche expected [true] but found [false],
	Viewsource not Contains jebbithttps://haleonstaging1:Health2023@sensodyne-v3-fr.preprod-cf65.ch.adobecqms.net/produits/dentifrice/sensibilite-et-gencives-menthe-fraiche expected [true] but found [false],
	Viewsource not Contains preconnecthttps://haleonstaging1:Health2023@sensodyne-v3-fr.preprod-cf65.ch.adobecqms.net/produits/dentifrice/sensibilite-et-gencives-menthe-fraiche expected [true] but found [false],
	Viewsource not Contains PriceSpiderhttps://haleonstaging1:Health2023@sensodyne-v3-fr.preprod-cf65.ch.adobecqms.net/produits/brosse-a-dents/sensibilite-et-gencives/ expected [true] but found [false],
	Viewsource not Contains gigyahttps://haleonstaging1:Health2023@sensodyne-v3-fr.preprod-cf65.ch.adobecqms.net/produits/brosse-a-dents/sensibilite-et-gencives/ expected [true] but found [false],
	Viewsource not Contains BazaarVoicehttps://haleonstaging1:Health2023@sensodyne-v3-fr.preprod-cf65.ch.adobecqms.net/produits/brosse-a-dents/sensibilite-et-gencives/ expected [true] but found [false],
	Viewsource not Contains Revtaxhttps://haleonstaging1:Health2023@sensodyne-v3-fr.preprod-cf65.ch.adobecqms.net/produits/brosse-a-dents/sensibilite-et-gencives/ expected [true] but found [false],
	Viewsource not Contains shoppablehttps://haleonstaging1:Health2023@sensodyne-v3-fr.preprod-cf65.ch.adobecqms.net/produits/brosse-a-dents/sensibilite-et-gencives/ expected [true] but found [false],
	Viewsource not Contains jebbithttps://haleonstaging1:Health2023@sensodyne-v3-fr.preprod-cf65.ch.adobecqms.net/produits/brosse-a-dents/sensibilite-et-gencives/ expected [true] but found [false],
	Viewsource not Contains preconnecthttps://haleonstaging1:Health2023@sensodyne-v3-fr.preprod-cf65.ch.adobecqms.net/produits/brosse-a-dents/sensibilite-et-gencives/ expected [true] but found [false],
	Viewsource not Contains PriceSpiderhttps://haleonstaging1:Health2023@sensodyne-v3-fr.preprod-cf65.ch.adobecqms.net/produits/dentifrice/rapide-action-menthe expected [true] but found [false],
	Viewsource not Contains gigyahttps://haleonstaging1:Health2023@sensodyne-v3-fr.preprod-cf65.ch.adobecqms.net/produits/dentifrice/rapide-action-menthe expected [true] but found [false],
	Viewsource not Contains BazaarVoicehttps://haleonstaging1:Health2023@sensodyne-v3-fr.preprod-cf65.ch.adobecqms.net/produits/dentifrice/rapide-action-menthe expected [true] but found [false],
	Viewsource not Contains Revtaxhttps://haleonstaging1:Health2023@sensodyne-v3-fr.preprod-cf65.ch.adobecqms.net/produits/dentifrice/rapide-action-menthe expected [true] but found [false],
	Viewsource not Contains shoppablehttps://haleonstaging1:Health2023@sensodyne-v3-fr.preprod-cf65.ch.adobecqms.net/produits/dentifrice/rapide-action-menthe expected [true] but found [false],
	Viewsource not Contains jebbithttps://haleonstaging1:Health2023@sensodyne-v3-fr.preprod-cf65.ch.adobecqms.net/produits/dentifrice/rapide-action-menthe expected [true] but found [false],
	Viewsource not Contains preconnecthttps://haleonstaging1:Health2023@sensodyne-v3-fr.preprod-cf65.ch.adobecqms.net/produits/dentifrice/rapide-action-menthe expected [true] but found [false],
	Viewsource not Contains PriceSpiderhttps://haleonstaging1:Health2023@sensodyne-v3-fr.preprod-cf65.ch.adobecqms.net/produits/dentifrice/rapide-action-extra-fresh expected [true] but found [false],
	Viewsource not Contains gigyahttps://haleonstaging1:Health2023@sensodyne-v3-fr.preprod-cf65.ch.adobecqms.net/produits/dentifrice/rapide-action-extra-fresh expected [true] but found [false],
	Viewsource not Contains BazaarVoicehttps://haleonstaging1:Health2023@sensodyne-v3-fr.preprod-cf65.ch.adobecqms.net/produits/dentifrice/rapide-action-extra-fresh expected [true] but found [false],
	Viewsource not Contains Revtaxhttps://haleonstaging1:Health2023@sensodyne-v3-fr.preprod-cf65.ch.adobecqms.net/produits/dentifrice/rapide-action-extra-fresh expected [true] but found [false],
	Viewsource not Contains shoppablehttps://haleonstaging1:Health2023@sensodyne-v3-fr.preprod-cf65.ch.adobecqms.net/produits/dentifrice/rapide-action-extra-fresh expected [true] but found [false],
	Viewsource not Contains jebbithttps://haleonstaging1:Health2023@sensodyne-v3-fr.preprod-cf65.ch.adobecqms.net/produits/dentifrice/rapide-action-extra-fresh expected [true] but found [false],
	Viewsource not Contains preconnecthttps://haleonstaging1:Health2023@sensodyne-v3-fr.preprod-cf65.ch.adobecqms.net/produits/dentifrice/rapide-action-extra-fresh expected [true] but found [false],
	Viewsource not Contains PriceSpiderhttps://haleonstaging1:Health2023@sensodyne-v3-fr.preprod-cf65.ch.adobecqms.net/produits/brosse-a-dents/rapide-action expected [true] but found [false],
	Viewsource not Contains gigyahttps://haleonstaging1:Health2023@sensodyne-v3-fr.preprod-cf65.ch.adobecqms.net/produits/brosse-a-dents/rapide-action expected [true] but found [false],
	Viewsource not Contains BazaarVoicehttps://haleonstaging1:Health2023@sensodyne-v3-fr.preprod-cf65.ch.adobecqms.net/produits/brosse-a-dents/rapide-action expected [true] but found [false],
	Viewsource not Contains Revtaxhttps://haleonstaging1:Health2023@sensodyne-v3-fr.preprod-cf65.ch.adobecqms.net/produits/brosse-a-dents/rapide-action expected [true] but found [false],
	Viewsource not Contains shoppablehttps://haleonstaging1:Health2023@sensodyne-v3-fr.preprod-cf65.ch.adobecqms.net/produits/brosse-a-dents/rapide-action expected [true] but found [false],
	Viewsource not Contains jebbithttps://haleonstaging1:Health2023@sensodyne-v3-fr.preprod-cf65.ch.adobecqms.net/produits/brosse-a-dents/rapide-action expected [true] but found [false],
	Viewsource not Contains preconnecthttps://haleonstaging1:Health2023@sensodyne-v3-fr.preprod-cf65.ch.adobecqms.net/produits/brosse-a-dents/rapide-action expected [true] but found [false],
	Viewsource not Contains PriceSpiderhttps://haleonstaging1:Health2023@sensodyne-v3-fr.preprod-cf65.ch.adobecqms.net/produits/dentifrice/rapide-action-blancheur expected [true] but found [false],
	Viewsource not Contains gigyahttps://haleonstaging1:Health2023@sensodyne-v3-fr.preprod-cf65.ch.adobecqms.net/produits/dentifrice/rapide-action-blancheur expected [true] but found [false],
	Viewsource not Contains BazaarVoicehttps://haleonstaging1:Health2023@sensodyne-v3-fr.preprod-cf65.ch.adobecqms.net/produits/dentifrice/rapide-action-blancheur expected [true] but found [false],
	Viewsource not Contains Revtaxhttps://haleonstaging1:Health2023@sensodyne-v3-fr.preprod-cf65.ch.adobecqms.net/produits/dentifrice/rapide-action-blancheur expected [true] but found [false],
	Viewsource not Contains shoppablehttps://haleonstaging1:Health2023@sensodyne-v3-fr.preprod-cf65.ch.adobecqms.net/produits/dentifrice/rapide-action-blancheur expected [true] but found [false],
	Viewsource not Contains jebbithttps://haleonstaging1:Health2023@sensodyne-v3-fr.preprod-cf65.ch.adobecqms.net/produits/dentifrice/rapide-action-blancheur expected [true] but found [false],
	Viewsource not Contains preconnecthttps://haleonstaging1:Health2023@sensodyne-v3-fr.preprod-cf65.ch.adobecqms.net/produits/dentifrice/rapide-action-blancheur expected [true] but found [false],
	Viewsource not Contains PriceSpiderhttps://haleonstaging1:Health2023@sensodyne-v3-fr.preprod-cf65.ch.adobecqms.net/produits/dentifrice/repare-et-protege-blancheur expected [true] but found [false],
	Viewsource not Contains gigyahttps://haleonstaging1:Health2023@sensodyne-v3-fr.preprod-cf65.ch.adobecqms.net/produits/dentifrice/repare-et-protege-blancheur expected [true] but found [false],
	Viewsource not Contains BazaarVoicehttps://haleonstaging1:Health2023@sensodyne-v3-fr.preprod-cf65.ch.adobecqms.net/produits/dentifrice/repare-et-protege-blancheur expected [true] but found [false],
	Viewsource not Contains Revtaxhttps://haleonstaging1:Health2023@sensodyne-v3-fr.preprod-cf65.ch.adobecqms.net/produits/dentifrice/repare-et-protege-blancheur expected [true] but found [false],
	Viewsource not Contains shoppablehttps://haleonstaging1:Health2023@sensodyne-v3-fr.preprod-cf65.ch.adobecqms.net/produits/dentifrice/repare-et-protege-blancheur expected [true] but found [false],
	Viewsource not Contains jebbithttps://haleonstaging1:Health2023@sensodyne-v3-fr.preprod-cf65.ch.adobecqms.net/produits/dentifrice/repare-et-protege-blancheur expected [true] but found [false],
	Viewsource not Contains preconnecthttps://haleonstaging1:Health2023@sensodyne-v3-fr.preprod-cf65.ch.adobecqms.net/produits/dentifrice/repare-et-protege-blancheur expected [true] but found [false],
	Viewsource not Contains PriceSpiderhttps://haleonstaging1:Health2023@sensodyne-v3-fr.preprod-cf65.ch.adobecqms.net/produits/dentifrice/repare-et-protege-extra-fresh expected [true] but found [false],
	Viewsource not Contains gigyahttps://haleonstaging1:Health2023@sensodyne-v3-fr.preprod-cf65.ch.adobecqms.net/produits/dentifrice/repare-et-protege-extra-fresh expected [true] but found [false],
	Viewsource not Contains BazaarVoicehttps://haleonstaging1:Health2023@sensodyne-v3-fr.preprod-cf65.ch.adobecqms.net/produits/dentifrice/repare-et-protege-extra-fresh expected [true] but found [false],
	Viewsource not Contains Revtaxhttps://haleonstaging1:Health2023@sensodyne-v3-fr.preprod-cf65.ch.adobecqms.net/produits/dentifrice/repare-et-protege-extra-fresh expected [true] but found [false],
	Viewsource not Contains shoppablehttps://haleonstaging1:Health2023@sensodyne-v3-fr.preprod-cf65.ch.adobecqms.net/produits/dentifrice/repare-et-protege-extra-fresh expected [true] but found [false],
	Viewsource not Contains jebbithttps://haleonstaging1:Health2023@sensodyne-v3-fr.preprod-cf65.ch.adobecqms.net/produits/dentifrice/repare-et-protege-extra-fresh expected [true] but found [false],
	Viewsource not Contains preconnecthttps://haleonstaging1:Health2023@sensodyne-v3-fr.preprod-cf65.ch.adobecqms.net/produits/dentifrice/repare-et-protege-extra-fresh expected [true] but found [false]" type="java.lang.AssertionError">
      <![CDATA[java.lang.AssertionError: The following asserts failed:
Viewsource not Contains PriceSpiderhttps://haleonstaging1:Health2023@sensodyne-v3-fr.preprod-cf65.ch.adobecqms.net/ expected [true] but found [false],
Viewsource not Contains gigyahttps://haleonstaging1:Health2023@sensodyne-v3-fr.preprod-cf65.ch.adobecqms.net/ expected [true] but found [false],
Viewsource not Contains BazaarVoicehttps://haleonstaging1:Health2023@sensodyne-v3-fr.preprod-cf65.ch.adobecqms.net/ expected [true] but found [false],
Viewsource not Contains Revtaxhttps://haleonstaging1:Health2023@sensodyne-v3-fr.preprod-cf65.ch.adobecqms.net/ expected [true] but found [false],
Viewsource not Contains shoppablehttps://haleonstaging1:Health2023@sensodyne-v3-fr.preprod-cf65.ch.adobecqms.net/ expected [true] but found [false],
Viewsource not Contains jebbithttps://haleonstaging1:Health2023@sensodyne-v3-fr.preprod-cf65.ch.adobecqms.net/ expected [true] but found [false],
Viewsource not Contains PriceSpiderhttps://haleonstaging1:Health2023@sensodyne-v3-fr.preprod-cf65.ch.adobecqms.net/contact/ expected [true] but found [false],
Viewsource not Contains gigyahttps://haleonstaging1:Health2023@sensodyne-v3-fr.preprod-cf65.ch.adobecqms.net/contact/ expected [true] but found [false],
Viewsource not Contains BazaarVoicehttps://haleonstaging1:Health2023@sensodyne-v3-fr.preprod-cf65.ch.adobecqms.net/contact/ expected [true] but found [false],
Viewsource not Contains Revtaxhttps://haleonstaging1:Health2023@sensodyne-v3-fr.preprod-cf65.ch.adobecqms.net/contact/ expected [true] but found [false],
Viewsource not Contains shoppablehttps://haleonstaging1:Health2023@sensodyne-v3-fr.preprod-cf65.ch.adobecqms.net/contact/ expected [true] but found [false],
Viewsource not Contains jebbithttps://haleonstaging1:Health2023@sensodyne-v3-fr.preprod-cf65.ch.adobecqms.net/contact/ expected [true] but found [false],
Viewsource not Contains PriceSpiderhttps://haleonstaging1:Health2023@sensodyne-v3-fr.preprod-cf65.ch.adobecqms.net/produits/ expected [true] but found [false],
Viewsource not Contains gigyahttps://haleonstaging1:Health2023@sensodyne-v3-fr.preprod-cf65.ch.adobecqms.net/produits/ expected [true] but found [false],
Viewsource not Contains BazaarVoicehttps://haleonstaging1:Health2023@sensodyne-v3-fr.preprod-cf65.ch.adobecqms.net/produits/ expected [true] but found [false],
Viewsource not Contains Revtaxhttps://haleonstaging1:Health2023@sensodyne-v3-fr.preprod-cf65.ch.adobecqms.net/produits/ expected [true] but found [false],
Viewsource not Contains shoppablehttps://haleonstaging1:Health2023@sensodyne-v3-fr.preprod-cf65.ch.adobecqms.net/produits/ expected [true] but found [false],
Viewsource not Contains jebbithttps://haleonstaging1:Health2023@sensodyne-v3-fr.preprod-cf65.ch.adobecqms.net/produits/ expected [true] but found [false],
Viewsource not Contains PriceSpiderhttps://haleonstaging1:Health2023@sensodyne-v3-fr.preprod-cf65.ch.adobecqms.net/produits/dentifrice/sensibilite-et-gencives-menthe-douce expected [true] but found [false],
Viewsource not Contains gigyahttps://haleonstaging1:Health2023@sensodyne-v3-fr.preprod-cf65.ch.adobecqms.net/produits/dentifrice/sensibilite-et-gencives-menthe-douce expected [true] but found [false],
Viewsource not Contains BazaarVoicehttps://haleonstaging1:Health2023@sensodyne-v3-fr.preprod-cf65.ch.adobecqms.net/produits/dentifrice/sensibilite-et-gencives-menthe-douce expected [true] but found [false],
Viewsource not Contains Revtaxhttps://haleonstaging1:Health2023@sensodyne-v3-fr.preprod-cf65.ch.adobecqms.net/produits/dentifrice/sensibilite-et-gencives-menthe-douce expected [true] but found [false],
Viewsource not Contains shoppablehttps://haleonstaging1:Health2023@sensodyne-v3-fr.preprod-cf65.ch.adobecqms.net/produits/dentifrice/sensibilite-et-gencives-menthe-douce expected [true] but found [false],
Viewsource not Contains jebbithttps://haleonstaging1:Health2023@sensodyne-v3-fr.preprod-cf65.ch.adobecqms.net/produits/dentifrice/sensibilite-et-gencives-menthe-douce expected [true] but found [false],
Viewsource not Contains preconnecthttps://haleonstaging1:Health2023@sensodyne-v3-fr.preprod-cf65.ch.adobecqms.net/produits/dentifrice/sensibilite-et-gencives-menthe-douce expected [true] but found [false],
Viewsource not Contains PriceSpiderhttps://haleonstaging1:Health2023@sensodyne-v3-fr.preprod-cf65.ch.adobecqms.net/produits/dentifrice/sensibilite-et-gencives-blancheur expected [true] but found [false],
Viewsource not Contains gigyahttps://haleonstaging1:Health2023@sensodyne-v3-fr.preprod-cf65.ch.adobecqms.net/produits/dentifrice/sensibilite-et-gencives-blancheur expected [true] but found [false],
Viewsource not Contains BazaarVoicehttps://haleonstaging1:Health2023@sensodyne-v3-fr.preprod-cf65.ch.adobecqms.net/produits/dentifrice/sensibilite-et-gencives-blancheur expected [true] but found [false],
Viewsource not Contains Revtaxhttps://haleonstaging1:Health2023@sensodyne-v3-fr.preprod-cf65.ch.adobecqms.net/produits/dentifrice/sensibilite-et-gencives-blancheur expected [true] but found [false],
Viewsource not Contains shoppablehttps://haleonstaging1:Health2023@sensodyne-v3-fr.preprod-cf65.ch.adobecqms.net/produits/dentifrice/sensibilite-et-gencives-blancheur expected [true] but found [false],
Viewsource not Contains jebbithttps://haleonstaging1:Health2023@sensodyne-v3-fr.preprod-cf65.ch.adobecqms.net/produits/dentifrice/sensibilite-et-gencives-blancheur expected [true] but found [false],
Viewsource not Contains preconnecthttps://haleonstaging1:Health2023@sensodyne-v3-fr.preprod-cf65.ch.adobecqms.net/produits/dentifrice/sensibilite-et-gencives-blancheur expected [true] but found [false],
Viewsource not Contains PriceSpiderhttps://haleonstaging1:Health2023@sensodyne-v3-fr.preprod-cf65.ch.adobecqms.net/produits/dentifrice/sensibilite-et-gencives-menthe-fraiche expected [true] but found [false],
Viewsource not Contains gigyahttps://haleonstaging1:Health2023@sensodyne-v3-fr.preprod-cf65.ch.adobecqms.net/produits/dentifrice/sensibilite-et-gencives-menthe-fraiche expected [true] but found [false],
Viewsource not Contains BazaarVoicehttps://haleonstaging1:Health2023@sensodyne-v3-fr.preprod-cf65.ch.adobecqms.net/produits/dentifrice/sensibilite-et-gencives-menthe-fraiche expected [true] but found [false],
Viewsource not Contains Revtaxhttps://haleonstaging1:Health2023@sensodyne-v3-fr.preprod-cf65.ch.adobecqms.net/produits/dentifrice/sensibilite-et-gencives-menthe-fraiche expected [true] but found [false],
Viewsource not Contains shoppablehttps://haleonstaging1:Health2023@sensodyne-v3-fr.preprod-cf65.ch.adobecqms.net/produits/dentifrice/sensibilite-et-gencives-menthe-fraiche expected [true] but found [false],
Viewsource not Contains jebbithttps://haleonstaging1:Health2023@sensodyne-v3-fr.preprod-cf65.ch.adobecqms.net/produits/dentifrice/sensibilite-et-gencives-menthe-fraiche expected [true] but found [false],
Viewsource not Contains preconnecthttps://haleonstaging1:Health2023@sensodyne-v3-fr.preprod-cf65.ch.adobecqms.net/produits/dentifrice/sensibilite-et-gencives-menthe-fraiche expected [true] but found [false],
Viewsource not Contains PriceSpiderhttps://haleonstaging1:Health2023@sensodyne-v3-fr.preprod-cf65.ch.adobecqms.net/produits/brosse-a-dents/sensibilite-et-gencives/ expected [true] but found [false],
Viewsource not Contains gigyahttps://haleonstaging1:Health2023@sensodyne-v3-fr.preprod-cf65.ch.adobecqms.net/produits/brosse-a-dents/sensibilite-et-gencives/ expected [true] but found [false],
Viewsource not Contains BazaarVoicehttps://haleonstaging1:Health2023@sensodyne-v3-fr.preprod-cf65.ch.adobecqms.net/produits/brosse-a-dents/sensibilite-et-gencives/ expected [true] but found [false],
Viewsource not Contains Revtaxhttps://haleonstaging1:Health2023@sensodyne-v3-fr.preprod-cf65.ch.adobecqms.net/produits/brosse-a-dents/sensibilite-et-gencives/ expected [true] but found [false],
Viewsource not Contains shoppablehttps://haleonstaging1:Health2023@sensodyne-v3-fr.preprod-cf65.ch.adobecqms.net/produits/brosse-a-dents/sensibilite-et-gencives/ expected [true] but found [false],
Viewsource not Contains jebbithttps://haleonstaging1:Health2023@sensodyne-v3-fr.preprod-cf65.ch.adobecqms.net/produits/brosse-a-dents/sensibilite-et-gencives/ expected [true] but found [false],
Viewsource not Contains preconnecthttps://haleonstaging1:Health2023@sensodyne-v3-fr.preprod-cf65.ch.adobecqms.net/produits/brosse-a-dents/sensibilite-et-gencives/ expected [true] but found [false],
Viewsource not Contains PriceSpiderhttps://haleonstaging1:Health2023@sensodyne-v3-fr.preprod-cf65.ch.adobecqms.net/produits/dentifrice/rapide-action-menthe expected [true] but found [false],
Viewsource not Contains gigyahttps://haleonstaging1:Health2023@sensodyne-v3-fr.preprod-cf65.ch.adobecqms.net/produits/dentifrice/rapide-action-menthe expected [true] but found [false],
Viewsource not Contains BazaarVoicehttps://haleonstaging1:Health2023@sensodyne-v3-fr.preprod-cf65.ch.adobecqms.net/produits/dentifrice/rapide-action-menthe expected [true] but found [false],
Viewsource not Contains Revtaxhttps://haleonstaging1:Health2023@sensodyne-v3-fr.preprod-cf65.ch.adobecqms.net/produits/dentifrice/rapide-action-menthe expected [true] but found [false],
Viewsource not Contains shoppablehttps://haleonstaging1:Health2023@sensodyne-v3-fr.preprod-cf65.ch.adobecqms.net/produits/dentifrice/rapide-action-menthe expected [true] but found [false],
Viewsource not Contains jebbithttps://haleonstaging1:Health2023@sensodyne-v3-fr.preprod-cf65.ch.adobecqms.net/produits/dentifrice/rapide-action-menthe expected [true] but found [false],
Viewsource not Contains preconnecthttps://haleonstaging1:Health2023@sensodyne-v3-fr.preprod-cf65.ch.adobecqms.net/produits/dentifrice/rapide-action-menthe expected [true] but found [false],
Viewsource not Contains PriceSpiderhttps://haleonstaging1:Health2023@sensodyne-v3-fr.preprod-cf65.ch.adobecqms.net/produits/dentifrice/rapide-action-extra-fresh expected [true] but found [false],
Viewsource not Contains gigyahttps://haleonstaging1:Health2023@sensodyne-v3-fr.preprod-cf65.ch.adobecqms.net/produits/dentifrice/rapide-action-extra-fresh expected [true] but found [false],
Viewsource not Contains BazaarVoicehttps://haleonstaging1:Health2023@sensodyne-v3-fr.preprod-cf65.ch.adobecqms.net/produits/dentifrice/rapide-action-extra-fresh expected [true] but found [false],
Viewsource not Contains Revtaxhttps://haleonstaging1:Health2023@sensodyne-v3-fr.preprod-cf65.ch.adobecqms.net/produits/dentifrice/rapide-action-extra-fresh expected [true] but found [false],
Viewsource not Contains shoppablehttps://haleonstaging1:Health2023@sensodyne-v3-fr.preprod-cf65.ch.adobecqms.net/produits/dentifrice/rapide-action-extra-fresh expected [true] but found [false],
Viewsource not Contains jebbithttps://haleonstaging1:Health2023@sensodyne-v3-fr.preprod-cf65.ch.adobecqms.net/produits/dentifrice/rapide-action-extra-fresh expected [true] but found [false],
Viewsource not Contains preconnecthttps://haleonstaging1:Health2023@sensodyne-v3-fr.preprod-cf65.ch.adobecqms.net/produits/dentifrice/rapide-action-extra-fresh expected [true] but found [false],
Viewsource not Contains PriceSpiderhttps://haleonstaging1:Health2023@sensodyne-v3-fr.preprod-cf65.ch.adobecqms.net/produits/brosse-a-dents/rapide-action expected [true] but found [false],
Viewsource not Contains gigyahttps://haleonstaging1:Health2023@sensodyne-v3-fr.preprod-cf65.ch.adobecqms.net/produits/brosse-a-dents/rapide-action expected [true] but found [false],
Viewsource not Contains BazaarVoicehttps://haleonstaging1:Health2023@sensodyne-v3-fr.preprod-cf65.ch.adobecqms.net/produits/brosse-a-dents/rapide-action expected [true] but found [false],
Viewsource not Contains Revtaxhttps://haleonstaging1:Health2023@sensodyne-v3-fr.preprod-cf65.ch.adobecqms.net/produits/brosse-a-dents/rapide-action expected [true] but found [false],
Viewsource not Contains shoppablehttps://haleonstaging1:Health2023@sensodyne-v3-fr.preprod-cf65.ch.adobecqms.net/produits/brosse-a-dents/rapide-action expected [true] but found [false],
Viewsource not Contains jebbithttps://haleonstaging1:Health2023@sensodyne-v3-fr.preprod-cf65.ch.adobecqms.net/produits/brosse-a-dents/rapide-action expected [true] but found [false],
Viewsource not Contains preconnecthttps://haleonstaging1:Health2023@sensodyne-v3-fr.preprod-cf65.ch.adobecqms.net/produits/brosse-a-dents/rapide-action expected [true] but found [false],
Viewsource not Contains PriceSpiderhttps://haleonstaging1:Health2023@sensodyne-v3-fr.preprod-cf65.ch.adobecqms.net/produits/dentifrice/rapide-action-blancheur expected [true] but found [false],
Viewsource not Contains gigyahttps://haleonstaging1:Health2023@sensodyne-v3-fr.preprod-cf65.ch.adobecqms.net/produits/dentifrice/rapide-action-blancheur expected [true] but found [false],
Viewsource not Contains BazaarVoicehttps://haleonstaging1:Health2023@sensodyne-v3-fr.preprod-cf65.ch.adobecqms.net/produits/dentifrice/rapide-action-blancheur expected [true] but found [false],
Viewsource not Contains Revtaxhttps://haleonstaging1:Health2023@sensodyne-v3-fr.preprod-cf65.ch.adobecqms.net/produits/dentifrice/rapide-action-blancheur expected [true] but found [false],
Viewsource not Contains shoppablehttps://haleonstaging1:Health2023@sensodyne-v3-fr.preprod-cf65.ch.adobecqms.net/produits/dentifrice/rapide-action-blancheur expected [true] but found [false],
Viewsource not Contains jebbithttps://haleonstaging1:Health2023@sensodyne-v3-fr.preprod-cf65.ch.adobecqms.net/produits/dentifrice/rapide-action-blancheur expected [true] but found [false],
Viewsource not Contains preconnecthttps://haleonstaging1:Health2023@sensodyne-v3-fr.preprod-cf65.ch.adobecqms.net/produits/dentifrice/rapide-action-blancheur expected [true] but found [false],
Viewsource not Contains PriceSpiderhttps://haleonstaging1:Health2023@sensodyne-v3-fr.preprod-cf65.ch.adobecqms.net/produits/dentifrice/repare-et-protege-blancheur expected [true] but found [false],
Viewsource not Contains gigyahttps://haleonstaging1:Health2023@sensodyne-v3-fr.preprod-cf65.ch.adobecqms.net/produits/dentifrice/repare-et-protege-blancheur expected [true] but found [false],
Viewsource not Contains BazaarVoicehttps://haleonstaging1:Health2023@sensodyne-v3-fr.preprod-cf65.ch.adobecqms.net/produits/dentifrice/repare-et-protege-blancheur expected [true] but found [false],
Viewsource not Contains Revtaxhttps://haleonstaging1:Health2023@sensodyne-v3-fr.preprod-cf65.ch.adobecqms.net/produits/dentifrice/repare-et-protege-blancheur expected [true] but found [false],
Viewsource not Contains shoppablehttps://haleonstaging1:Health2023@sensodyne-v3-fr.preprod-cf65.ch.adobecqms.net/produits/dentifrice/repare-et-protege-blancheur expected [true] but found [false],
Viewsource not Contains jebbithttps://haleonstaging1:Health2023@sensodyne-v3-fr.preprod-cf65.ch.adobecqms.net/produits/dentifrice/repare-et-protege-blancheur expected [true] but found [false],
Viewsource not Contains preconnecthttps://haleonstaging1:Health2023@sensodyne-v3-fr.preprod-cf65.ch.adobecqms.net/produits/dentifrice/repare-et-protege-blancheur expected [true] but found [false],
Viewsource not Contains PriceSpiderhttps://haleonstaging1:Health2023@sensodyne-v3-fr.preprod-cf65.ch.adobecqms.net/produits/dentifrice/repare-et-protege-extra-fresh expected [true] but found [false],
Viewsource not Contains gigyahttps://haleonstaging1:Health2023@sensodyne-v3-fr.preprod-cf65.ch.adobecqms.net/produits/dentifrice/repare-et-protege-extra-fresh expected [true] but found [false],
Viewsource not Contains BazaarVoicehttps://haleonstaging1:Health2023@sensodyne-v3-fr.preprod-cf65.ch.adobecqms.net/produits/dentifrice/repare-et-protege-extra-fresh expected [true] but found [false],
Viewsource not Contains Revtaxhttps://haleonstaging1:Health2023@sensodyne-v3-fr.preprod-cf65.ch.adobecqms.net/produits/dentifrice/repare-et-protege-extra-fresh expected [true] but found [false],
Viewsource not Contains shoppablehttps://haleonstaging1:Health2023@sensodyne-v3-fr.preprod-cf65.ch.adobecqms.net/produits/dentifrice/repare-et-protege-extra-fresh expected [true] but found [false],
Viewsource not Contains jebbithttps://haleonstaging1:Health2023@sensodyne-v3-fr.preprod-cf65.ch.adobecqms.net/produits/dentifrice/repare-et-protege-extra-fresh expected [true] but found [false],
Viewsource not Contains preconnecthttps://haleonstaging1:Health2023@sensodyne-v3-fr.preprod-cf65.ch.adobecqms.net/produits/dentifrice/repare-et-protege-extra-fresh expected [true] but found [false]
at org.testng.asserts.SoftAssert.assertAll(SoftAssert.java:47)
at org.testng.asserts.SoftAssert.assertAll(SoftAssert.java:31)
at com.qa.bens.checklist.page.CheckListTPIPage.verifyTPI(CheckListTPIPage.java:98)
at com.qa.bens.checklist.test.CheckListTPITest.findingTPI(CheckListTPITest.java:22)
at java.base/jdk.internal.reflect.DirectMethodHandleAccessor.invoke(DirectMethodHandleAccessor.java:104)
at java.base/java.lang.reflect.Method.invoke(Method.java:577)
at org.testng.internal.MethodInvocationHelper.invokeMethod(MethodInvocationHelper.java:133)
at org.testng.internal.TestInvoker.invokeMethod(TestInvoker.java:598)
at org.testng.internal.TestInvoker.invokeTestMethod(TestInvoker.java:173)
at org.testng.internal.MethodRunner.runInSequence(MethodRunner.java:46)
at org.testng.internal.TestInvoker$MethodInvocationAgent.invoke(TestInvoker.java:824)
at org.testng.internal.TestInvoker.invokeTestMethods(TestInvoker.java:146)
at org.testng.internal.TestMethodWorker.invokeTestMethods(TestMethodWorker.java:146)
at org.testng.internal.TestMethodWorker.run(TestMethodWorker.java:128)
at java.base/java.util.ArrayList.forEach(ArrayList.java:1511)
at org.testng.TestRunner.privateRun(TestRunner.java:794)
at org.testng.TestRunner.run(TestRunner.java:596)
at org.testng.SuiteRunner.runTest(SuiteRunner.java:377)
at org.testng.SuiteRunner.runSequentially(SuiteRunner.java:371)
at org.testng.SuiteRunner.privateRun(SuiteRunner.java:332)
at org.testng.SuiteRunner.run(SuiteRunner.java:276)
at org.testng.SuiteRunnerWorker.runSuite(SuiteRunnerWorker.java:53)
at org.testng.SuiteRunnerWorker.run(SuiteRunnerWorker.java:96)
at org.testng.TestNG.runSuitesSequentially(TestNG.java:1212)
at org.testng.TestNG.runSuitesLocally(TestNG.java:1134)
at org.testng.TestNG.runSuites(TestNG.java:1063)
at org.testng.TestNG.run(TestNG.java:1031)
at org.testng.remote.AbstractRemoteTestNG.run(AbstractRemoteTestNG.java:115)
at org.testng.remote.RemoteTestNG.initAndRun(RemoteTestNG.java:251)
at org.testng.remote.RemoteTestNG.main(RemoteTestNG.java:77)
]]>
    </failure>
  </testcase> <!-- findingTPI -->
  <system-out/>
</testsuite> <!-- com.qa.bens.checklist.test.CheckListTPITest -->
