<?xml version="1.0" encoding="UTF-8"?>
<!-- Generated by org.testng.reporters.JUnitReportReporter -->
<testsuite hostname="WKWZTPqvmdckJHX" failures="0" tests="21" name="com.qa.caltrate.eng.test.CaltrateCalciumsupplementproductsTest" time="128.770" errors="0" timestamp="2023-02-09T13:02:41 IST" skipped="0">
  <testcase classname="com.qa.caltrate.eng.test.CaltrateCalciumsupplementproductsTest" name="verifyCookieLink" time="4.715"/>
  <system-out/>
  <testcase classname="com.qa.caltrate.eng.test.CaltrateCalciumsupplementproductsTest" name="verifyhomebreadcrumbsLink" time="7.039"/>
  <system-out/>
  <testcase classname="com.qa.caltrate.eng.test.CaltrateCalciumsupplementproductsTest" name="verifyProductsbreadcrumbsLink" time="3.594"/>
  <system-out/>
  <testcase classname="com.qa.caltrate.eng.test.CaltrateCalciumsupplementproductsTest" name="verifyCaltrate600D3Link" time="5.514"/>
  <system-out/>
  <testcase classname="com.qa.caltrate.eng.test.CaltrateCalciumsupplementproductsTest" name="verifyCaltrate600D3_imgLink" time="6.917"/>
  <system-out/>
  <testcase classname="com.qa.caltrate.eng.test.CaltrateCalciumsupplementproductsTest" name="verifyCaltrate600D3_BuyNowLink" time="10.760"/>
  <system-out/>
  <testcase classname="com.qa.caltrate.eng.test.CaltrateCalciumsupplementproductsTest" name="verifyCaltrate600D3softchewsLink" time="5.850"/>
  <system-out/>
  <testcase classname="com.qa.caltrate.eng.test.CaltrateCalciumsupplementproductsTest" name="verifyCaltrate600D3softchews_imgLink" time="5.876"/>
  <system-out/>
  <testcase classname="com.qa.caltrate.eng.test.CaltrateCalciumsupplementproductsTest" name="verifyCaltrate600D3softchews_BuyNowLink" time="7.041"/>
  <system-out/>
  <testcase classname="com.qa.caltrate.eng.test.CaltrateCalciumsupplementproductsTest" name="verifyCaltrategummybitesLink" time="5.527"/>
  <system-out/>
  <testcase classname="com.qa.caltrate.eng.test.CaltrateCalciumsupplementproductsTest" name="verifyCaltrategummybites_imgLink" time="6.386"/>
  <system-out/>
  <testcase classname="com.qa.caltrate.eng.test.CaltrateCalciumsupplementproductsTest" name="verifyCaltrategummybites_BuyNowLink" time="6.482"/>
  <system-out/>
  <testcase classname="com.qa.caltrate.eng.test.CaltrateCalciumsupplementproductsTest" name="verifyCaltrate600D3MineralsLink" time="5.355"/>
  <system-out/>
  <testcase classname="com.qa.caltrate.eng.test.CaltrateCalciumsupplementproductsTest" name="verifyCaltrate600D3Minerals_imgLink" time="5.988"/>
  <system-out/>
  <testcase classname="com.qa.caltrate.eng.test.CaltrateCalciumsupplementproductsTest" name="verifyCaltrate600D3Minerals_BuyNowLink" time="6.315"/>
  <system-out/>
  <testcase classname="com.qa.caltrate.eng.test.CaltrateCalciumsupplementproductsTest" name="verifyCaltrate600D3MineralsChewablesLink" time="5.801"/>
  <system-out/>
  <testcase classname="com.qa.caltrate.eng.test.CaltrateCalciumsupplementproductsTest" name="verifyCaltrate600D3MineralsChewables_imgLink" time="6.316"/>
  <system-out/>
  <testcase classname="com.qa.caltrate.eng.test.CaltrateCalciumsupplementproductsTest" name="verifyCaltrate600D3MineralsChewables_BuyNowLink" time="5.859"/>
  <system-out/>
  <testcase classname="com.qa.caltrate.eng.test.CaltrateCalciumsupplementproductsTest" name="verifyCaltrate600D3MineralsMinisLink" time="5.461"/>
  <system-out/>
  <testcase classname="com.qa.caltrate.eng.test.CaltrateCalciumsupplementproductsTest" name="verifyCaltrate600D3MineralsMinis_imgLink" time="5.818"/>
  <system-out/>
  <testcase classname="com.qa.caltrate.eng.test.CaltrateCalciumsupplementproductsTest" name="verifyCaltrate600D3MineralsMinis_BuyNowLink" time="6.156"/>
  <system-out/>
</testsuite> <!-- com.qa.caltrate.eng.test.CaltrateCalciumsupplementproductsTest -->
