<?xml version="1.0" encoding="UTF-8"?>
<!-- Generated by org.testng.reporters.JUnitReportReporter -->
<testsuite hostname="WKWZTPqvmdckJHX" failures="0" tests="7" name="com.qa.caltrate.ca.test.CaltrateGummiesTest" time="40.407" errors="0" timestamp="2023-02-10T13:09:21 IST" skipped="0">
  <testcase classname="com.qa.caltrate.ca.test.CaltrateGummiesTest" name="verifyBreadcrumbOne" time="4.581"/>
  <system-out/>
  <testcase classname="com.qa.caltrate.ca.test.CaltrateGummiesTest" name="verifyBreadcrumbTwo" time="3.344"/>
  <system-out/>
  <testcase classname="com.qa.caltrate.ca.test.CaltrateGummiesTest" name="verifyBreadcrumbThree" time="1.688"/>
  <system-out/>
  <testcase classname="com.qa.caltrate.ca.test.CaltrateGummiesTest" name="verifyBuyNowButton" time="3.373"/>
  <system-out/>
  <testcase classname="com.qa.caltrate.ca.test.CaltrateGummiesTest" name="verifyGetCoupons" time="9.525"/>
  <system-out/>
  <testcase classname="com.qa.caltrate.ca.test.CaltrateGummiesTest" name="verifySeeAllProducts" time="3.439"/>
  <system-out/>
  <testcase classname="com.qa.caltrate.ca.test.CaltrateGummiesTest" name="verifySaveNowImg" time="14.457"/>
  <system-out/>
</testsuite> <!-- com.qa.caltrate.ca.test.CaltrateGummiesTest -->
