<?xml version="1.0" encoding="UTF-8"?>
<!-- Generated by org.testng.reporters.JUnitReportReporter -->
<testsuite hostname="WKWZTPqvmdckJHX" failures="2" tests="17" name="com.qa.abreva.test.AbrevaWhyDoIKeepGettingColdSoresTest" time="206.446" errors="0" timestamp="2023-05-16T23:32:44 IST" skipped="4">
  <testcase classname="com.qa.abreva.test.AbrevaWhyDoIKeepGettingColdSoresTest" name="cookieButton" time="5.397"/>
  <system-out/>
  <testcase classname="com.qa.abreva.test.AbrevaWhyDoIKeepGettingColdSoresTest" name="verifyHyperLinkAvoidSpreadingTheVirus" time="12.654"/>
  <system-out/>
  <testcase classname="com.qa.abreva.test.AbrevaWhyDoIKeepGettingColdSoresTest" name="verifyHyperLinkTheCOldSoreVirus" time="8.793">
    <failure message="expected [amp/how-common-herpes-simplex-1.html] but found [https://www.abreva.com/amp/how-common-herpes-simplex-1.html]" type="java.lang.AssertionError">
      <![CDATA[java.lang.AssertionError: expected [amp/how-common-herpes-simplex-1.html] but found [https://www.abreva.com/amp/how-common-herpes-simplex-1.html]
at org.testng.Assert.fail(Assert.java:99)
at org.testng.Assert.failNotEquals(Assert.java:1037)
at org.testng.Assert.assertEqualsImpl(Assert.java:140)
at org.testng.Assert.assertEquals(Assert.java:122)
at org.testng.Assert.assertEquals(Assert.java:629)
at org.testng.Assert.assertEquals(Assert.java:639)
at com.qa.baseClass.BaseClass.compareTwoText(BaseClass.java:822)
at com.qa.abreva.test.AbrevaWhyDoIKeepGettingColdSoresTest.verifyHyperLinkTheCOldSoreVirus(AbrevaWhyDoIKeepGettingColdSoresTest.java:61)
at java.base/jdk.internal.reflect.DirectMethodHandleAccessor.invoke(DirectMethodHandleAccessor.java:104)
at java.base/java.lang.reflect.Method.invoke(Method.java:577)
at org.testng.internal.MethodInvocationHelper.invokeMethod(MethodInvocationHelper.java:133)
at org.testng.internal.TestInvoker.invokeMethod(TestInvoker.java:598)
at org.testng.internal.TestInvoker.retryFailed(TestInvoker.java:213)
at org.testng.internal.MethodRunner.runInSequence(MethodRunner.java:58)
at org.testng.internal.TestInvoker$MethodInvocationAgent.invoke(TestInvoker.java:824)
at org.testng.internal.TestInvoker.invokeTestMethods(TestInvoker.java:146)
at org.testng.internal.TestMethodWorker.invokeTestMethods(TestMethodWorker.java:146)
at org.testng.internal.TestMethodWorker.run(TestMethodWorker.java:128)
at java.base/java.util.ArrayList.forEach(ArrayList.java:1511)
at org.testng.TestRunner.privateRun(TestRunner.java:794)
at org.testng.TestRunner.run(TestRunner.java:596)
at org.testng.SuiteRunner.runTest(SuiteRunner.java:377)
at org.testng.SuiteRunner.runSequentially(SuiteRunner.java:371)
at org.testng.SuiteRunner.privateRun(SuiteRunner.java:332)
at org.testng.SuiteRunner.run(SuiteRunner.java:276)
at org.testng.SuiteRunnerWorker.runSuite(SuiteRunnerWorker.java:53)
at org.testng.SuiteRunnerWorker.run(SuiteRunnerWorker.java:96)
at org.testng.TestNG.runSuitesSequentially(TestNG.java:1212)
at org.testng.TestNG.runSuitesLocally(TestNG.java:1134)
at org.testng.TestNG.runSuites(TestNG.java:1063)
at org.testng.TestNG.run(TestNG.java:1031)
at org.testng.remote.AbstractRemoteTestNG.run(AbstractRemoteTestNG.java:115)
at org.testng.remote.RemoteTestNG.initAndRun(RemoteTestNG.java:251)
at org.testng.remote.RemoteTestNG.main(RemoteTestNG.java:77)
]]>
    </failure>
  </testcase> <!-- verifyHyperLinkTheCOldSoreVirus -->
  <system-out/>
  <testcase classname="com.qa.abreva.test.AbrevaWhyDoIKeepGettingColdSoresTest" name="verifyHyperLinkTheCOldSoreVirus" time="14.470">
    <skipped/>
  </testcase> <!-- verifyHyperLinkTheCOldSoreVirus -->
  <system-out/>
  <testcase classname="com.qa.abreva.test.AbrevaWhyDoIKeepGettingColdSoresTest" name="verifyHyperLinkTheCOldSoreVirus" time="10.053">
    <skipped/>
  </testcase> <!-- verifyHyperLinkTheCOldSoreVirus -->
  <system-out/>
  <testcase classname="com.qa.abreva.test.AbrevaWhyDoIKeepGettingColdSoresTest" name="verifyHyperLinkANumberOfTriggers" time="12.838"/>
  <system-out/>
  <testcase classname="com.qa.abreva.test.AbrevaWhyDoIKeepGettingColdSoresTest" name="verifyHyperLinkStress" time="13.742"/>
  <system-out/>
  <testcase classname="com.qa.abreva.test.AbrevaWhyDoIKeepGettingColdSoresTest" name="verifyHyperLinkAvoidOralContactLikeKissing" time="9.701">
    <skipped/>
  </testcase> <!-- verifyHyperLinkAvoidOralContactLikeKissing -->
  <system-out/>
  <testcase classname="com.qa.abreva.test.AbrevaWhyDoIKeepGettingColdSoresTest" name="verifyHyperLinkAvoidOralContactLikeKissing" time="12.298">
    <skipped/>
  </testcase> <!-- verifyHyperLinkAvoidOralContactLikeKissing -->
  <system-out/>
  <testcase classname="com.qa.abreva.test.AbrevaWhyDoIKeepGettingColdSoresTest" name="verifyHyperLinkAvoidOralContactLikeKissing" time="9.011">
    <failure message="expected [amp/what-causes-cold-sores-from-kissing.html] but found [https://www.abreva.com/amp/what-causes-cold-sores-from-kissing.html]" type="java.lang.AssertionError">
      <![CDATA[java.lang.AssertionError: expected [amp/what-causes-cold-sores-from-kissing.html] but found [https://www.abreva.com/amp/what-causes-cold-sores-from-kissing.html]
at org.testng.Assert.fail(Assert.java:99)
at org.testng.Assert.failNotEquals(Assert.java:1037)
at org.testng.Assert.assertEqualsImpl(Assert.java:140)
at org.testng.Assert.assertEquals(Assert.java:122)
at org.testng.Assert.assertEquals(Assert.java:629)
at org.testng.Assert.assertEquals(Assert.java:639)
at com.qa.baseClass.BaseClass.compareTwoText(BaseClass.java:822)
at com.qa.abreva.test.AbrevaWhyDoIKeepGettingColdSoresTest.verifyHyperLinkAvoidOralContactLikeKissing(AbrevaWhyDoIKeepGettingColdSoresTest.java:97)
at java.base/jdk.internal.reflect.DirectMethodHandleAccessor.invoke(DirectMethodHandleAccessor.java:104)
at java.base/java.lang.reflect.Method.invoke(Method.java:577)
at org.testng.internal.MethodInvocationHelper.invokeMethod(MethodInvocationHelper.java:133)
at org.testng.internal.TestInvoker.invokeMethod(TestInvoker.java:598)
at org.testng.internal.TestInvoker.retryFailed(TestInvoker.java:213)
at org.testng.internal.MethodRunner.runInSequence(MethodRunner.java:58)
at org.testng.internal.TestInvoker$MethodInvocationAgent.invoke(TestInvoker.java:824)
at org.testng.internal.TestInvoker.invokeTestMethods(TestInvoker.java:146)
at org.testng.internal.TestMethodWorker.invokeTestMethods(TestMethodWorker.java:146)
at org.testng.internal.TestMethodWorker.run(TestMethodWorker.java:128)
at java.base/java.util.ArrayList.forEach(ArrayList.java:1511)
at org.testng.TestRunner.privateRun(TestRunner.java:794)
at org.testng.TestRunner.run(TestRunner.java:596)
at org.testng.SuiteRunner.runTest(SuiteRunner.java:377)
at org.testng.SuiteRunner.runSequentially(SuiteRunner.java:371)
at org.testng.SuiteRunner.privateRun(SuiteRunner.java:332)
at org.testng.SuiteRunner.run(SuiteRunner.java:276)
at org.testng.SuiteRunnerWorker.runSuite(SuiteRunnerWorker.java:53)
at org.testng.SuiteRunnerWorker.run(SuiteRunnerWorker.java:96)
at org.testng.TestNG.runSuitesSequentially(TestNG.java:1212)
at org.testng.TestNG.runSuitesLocally(TestNG.java:1134)
at org.testng.TestNG.runSuites(TestNG.java:1063)
at org.testng.TestNG.run(TestNG.java:1031)
at org.testng.remote.AbstractRemoteTestNG.run(AbstractRemoteTestNG.java:115)
at org.testng.remote.RemoteTestNG.initAndRun(RemoteTestNG.java:251)
at org.testng.remote.RemoteTestNG.main(RemoteTestNG.java:77)
]]>
    </failure>
  </testcase> <!-- verifyHyperLinkAvoidOralContactLikeKissing -->
  <system-out/>
  <testcase classname="com.qa.abreva.test.AbrevaWhyDoIKeepGettingColdSoresTest" name="verifyHyperLinkColdSoreBlisters" time="11.075"/>
  <system-out/>
  <testcase classname="com.qa.abreva.test.AbrevaWhyDoIKeepGettingColdSoresTest" name="verifyHyperLinkSunAndColdSores" time="7.906"/>
  <system-out/>
  <testcase classname="com.qa.abreva.test.AbrevaWhyDoIKeepGettingColdSoresTest" name="verifyHyperLinkRelaxationTechniquesForManaging" time="6.747"/>
  <system-out/>
  <testcase classname="com.qa.abreva.test.AbrevaWhyDoIKeepGettingColdSoresTest" name="verifyHyperLinkSurvivingADentistVisit" time="12.064"/>
  <system-out/>
  <testcase classname="com.qa.abreva.test.AbrevaWhyDoIKeepGettingColdSoresTest" name="verifyHyperLinkTheFascinatingConnection" time="7.761"/>
  <system-out/>
  <testcase classname="com.qa.abreva.test.AbrevaWhyDoIKeepGettingColdSoresTest" name="verifyHyperLinkReadOurLipCareTips" time="11.133"/>
  <system-out/>
  <testcase classname="com.qa.abreva.test.AbrevaWhyDoIKeepGettingColdSoresTest" name="verifyBuyNow" time="40.803"/>
  <system-out/>
</testsuite> <!-- com.qa.abreva.test.AbrevaWhyDoIKeepGettingColdSoresTest -->
