<?xml version="1.0" encoding="UTF-8"?>
<!-- Generated by org.testng.reporters.JUnitReportReporter -->
<testsuite hostname="WKWZTPqvmdckJHX" failures="0" tests="9" name="com.qa.drbest.ge.test.DrBestProfessionalPolimedKurzkopTest" time="120.784" errors="0" timestamp="2023-04-10T02:26:06 IST" skipped="0">
  <testcase classname="com.qa.drbest.ge.test.DrBestProfessionalPolimedKurzkopTest" name="cookieButton" time="44.231"/>
  <system-out/>
  <testcase classname="com.qa.drbest.ge.test.DrBestProfessionalPolimedKurzkopTest" name="verifyBuyNow1" time="9.976"/>
  <system-out/>
  <testcase classname="com.qa.drbest.ge.test.DrBestProfessionalPolimedKurzkopTest" name="verifyReviewLink" time="12.558"/>
  <system-out/>
  <testcase classname="com.qa.drbest.ge.test.DrBestProfessionalPolimedKurzkopTest" name="verifyDrBESTVibrationPolimedImage" time="7.629"/>
  <system-out/>
  <testcase classname="com.qa.drbest.ge.test.DrBestProfessionalPolimedKurzkopTest" name="verifyMehrErfahren1" time="14.678"/>
  <system-out/>
  <testcase classname="com.qa.drbest.ge.test.DrBestProfessionalPolimedKurzkopTest" name="verifyJetztKaufen1" time="8.499"/>
  <system-out/>
  <testcase classname="com.qa.drbest.ge.test.DrBestProfessionalPolimedKurzkopTest" name="verifyDrBESTVibrationMultiExpertImage" time="7.485"/>
  <system-out/>
  <testcase classname="com.qa.drbest.ge.test.DrBestProfessionalPolimedKurzkopTest" name="verifyMehrErfahren2" time="7.541"/>
  <system-out/>
  <testcase classname="com.qa.drbest.ge.test.DrBestProfessionalPolimedKurzkopTest" name="verifyJetztKaufen2" time="8.187"/>
  <system-out/>
</testsuite> <!-- com.qa.drbest.ge.test.DrBestProfessionalPolimedKurzkopTest -->
