<?xml version="1.0" encoding="UTF-8"?>
<!-- Generated by org.testng.reporters.JUnitReportReporter -->
<testsuite hostname="WKWZTPqvmdckJHX" failures="0" tests="15" name="com.qa.caltrate.eng.test.CaltrateArugulaSaladTest" time="119.343" errors="0" timestamp="2023-05-01T22:31:50 IST" skipped="0">
  <testcase classname="com.qa.caltrate.eng.test.CaltrateArugulaSaladTest" name="cookieButton" time="43.229"/>
  <system-out/>
  <testcase classname="com.qa.caltrate.eng.test.CaltrateArugulaSaladTest" name="verifyHomeIcon" time="6.115"/>
  <system-out/>
  <testcase classname="com.qa.caltrate.eng.test.CaltrateArugulaSaladTest" name="verifyBread_BoneHealthCentral" time="4.263"/>
  <system-out/>
  <testcase classname="com.qa.caltrate.eng.test.CaltrateArugulaSaladTest" name="verifyBread_Recipes" time="9.398"/>
  <system-out/>
  <testcase classname="com.qa.caltrate.eng.test.CaltrateArugulaSaladTest" name="verifyCalciumAndCalciumCarbonateLink" time="5.986"/>
  <system-out/>
  <testcase classname="com.qa.caltrate.eng.test.CaltrateArugulaSaladTest" name="verifyReadMore" time="4.691"/>
  <system-out/>
  <testcase classname="com.qa.caltrate.eng.test.CaltrateArugulaSaladTest" name="verifyCALTRATE600D3PLUSMINERALSMINIS" time="2.748"/>
  <system-out/>
  <testcase classname="com.qa.caltrate.eng.test.CaltrateArugulaSaladTest" name="verifyAllArticles" time="6.099"/>
  <system-out/>
  <testcase classname="com.qa.caltrate.eng.test.CaltrateArugulaSaladTest" name="verifyAllRecipes" time="5.955"/>
  <system-out/>
  <testcase classname="com.qa.caltrate.eng.test.CaltrateArugulaSaladTest" name="verifyAllHealthTips" time="4.667"/>
  <system-out/>
  <testcase classname="com.qa.caltrate.eng.test.CaltrateArugulaSaladTest" name="verifyAllInteractiveTools" time="4.539"/>
  <system-out/>
  <testcase classname="com.qa.caltrate.eng.test.CaltrateArugulaSaladTest" name="verifyCalciumAndCalciumCarbonate" time="5.681"/>
  <system-out/>
  <testcase classname="com.qa.caltrate.eng.test.CaltrateArugulaSaladTest" name="verifyVitaminD" time="5.622"/>
  <system-out/>
  <testcase classname="com.qa.caltrate.eng.test.CaltrateArugulaSaladTest" name="verifyOsteoporosis" time="4.315"/>
  <system-out/>
  <testcase classname="com.qa.caltrate.eng.test.CaltrateArugulaSaladTest" name="verifyCalciumSupplements" time="6.035"/>
  <system-out/>
</testsuite> <!-- com.qa.caltrate.eng.test.CaltrateArugulaSaladTest -->
