<?xml version="1.0" encoding="UTF-8"?>
<!-- Generated by org.testng.reporters.JUnitReportReporter -->
<testsuite hostname="WKWZTPqvmdckJHX" failures="0" tests="1" name="com.qa.bens.checklist.test.StyleTagVerficationTest" time="4.709" errors="0" timestamp="2023-03-27T23:43:43 IST" skipped="0">
  <testcase classname="com.qa.bens.checklist.test.StyleTagVerficationTest" name="findingStyleTag" time="4.709"/>
  <system-out/>
</testsuite> <!-- com.qa.bens.checklist.test.StyleTagVerficationTest -->
