<?xml version="1.0" encoding="UTF-8"?>
<!-- Generated by org.testng.reporters.JUnitReportReporter -->
<testsuite hostname="WKWZTPqvmdckJHX" failures="0" tests="10" name="com.qa.rinazina.it.test.RinazinaCongestioneNasalePresistenteTest" time="72.010" errors="0" timestamp="2023-02-15T12:27:00 IST" skipped="0">
  <testcase classname="com.qa.rinazina.it.test.RinazinaCongestioneNasalePresistenteTest" name="cookieButton" time="4.129"/>
  <system-out/>
  <testcase classname="com.qa.rinazina.it.test.RinazinaCongestioneNasalePresistenteTest" name="verifyBreadcrumbOne" time="6.976"/>
  <system-out/>
  <testcase classname="com.qa.rinazina.it.test.RinazinaCongestioneNasalePresistenteTest" name="verifyBreadcrumbTwo" time="6.004"/>
  <system-out/>
  <testcase classname="com.qa.rinazina.it.test.RinazinaCongestioneNasalePresistenteTest" name="verifyBreadcrumbThree" time="1.914"/>
  <system-out/>
  <testcase classname="com.qa.rinazina.it.test.RinazinaCongestioneNasalePresistenteTest" name="verifyNasoChiusoLink" time="6.228"/>
  <system-out/>
  <testcase classname="com.qa.rinazina.it.test.RinazinaCongestioneNasalePresistenteTest" name="verifyPerSapereneDiLink" time="6.133"/>
  <system-out/>
  <testcase classname="com.qa.rinazina.it.test.RinazinaCongestioneNasalePresistenteTest" name="verifyArticleOne" time="7.625"/>
  <system-out/>
  <testcase classname="com.qa.rinazina.it.test.RinazinaCongestioneNasalePresistenteTest" name="verifyArticleTwo" time="12.732"/>
  <system-out/>
  <testcase classname="com.qa.rinazina.it.test.RinazinaCongestioneNasalePresistenteTest" name="verifyArticleThree" time="12.582"/>
  <system-out/>
  <testcase classname="com.qa.rinazina.it.test.RinazinaCongestioneNasalePresistenteTest" name="verifyArticleFour" time="7.687"/>
  <system-out/>
</testsuite> <!-- com.qa.rinazina.it.test.RinazinaCongestioneNasalePresistenteTest -->
