<?xml version="1.0" encoding="UTF-8"?>
<!-- Generated by org.testng.reporters.JUnitReportReporter -->
<testsuite hostname="WKWZTPqvmdckJHX" failures="0" tests="8" name="com.qa.caltrate.eng.test.CaltrateCalciumSupplementsTest" time="45.789" errors="0" timestamp="2023-05-01T22:31:50 IST" skipped="0">
  <testcase classname="com.qa.caltrate.eng.test.CaltrateCalciumSupplementsTest" name="cookieButton" time="3.845"/>
  <system-out/>
  <testcase classname="com.qa.caltrate.eng.test.CaltrateCalciumSupplementsTest" name="verifyFeaturedArticleOne" time="5.423"/>
  <system-out/>
  <testcase classname="com.qa.caltrate.eng.test.CaltrateCalciumSupplementsTest" name="verifyFeaturedArticleTwo" time="5.495"/>
  <system-out/>
  <testcase classname="com.qa.caltrate.eng.test.CaltrateCalciumSupplementsTest" name="verifyFeaturedArticleThree" time="4.336"/>
  <system-out/>
  <testcase classname="com.qa.caltrate.eng.test.CaltrateCalciumSupplementsTest" name="verifyFeaturedArticleFour" time="4.671"/>
  <system-out/>
  <testcase classname="com.qa.caltrate.eng.test.CaltrateCalciumSupplementsTest" name="verifyReadMoreOne" time="4.320"/>
  <system-out/>
  <testcase classname="com.qa.caltrate.eng.test.CaltrateCalciumSupplementsTest" name="verifyReadMoreTwo" time="5.222"/>
  <system-out/>
  <testcase classname="com.qa.caltrate.eng.test.CaltrateCalciumSupplementsTest" name="verifyReadMoreThree" time="12.477"/>
  <system-out/>
</testsuite> <!-- com.qa.caltrate.eng.test.CaltrateCalciumSupplementsTest -->
