<?xml version="1.0" encoding="UTF-8"?>
<!-- Generated by org.testng.reporters.JUnitReportReporter -->
<testsuite hostname="WKWZTPqvmdckJHX" failures="0" tests="1" name="com.qa.quit.test.QuitIncreaseYourChancesOfSuccessTest" time="13.048" errors="0" timestamp="2023-08-09T12:59:12 IST" skipped="0">
  <testcase classname="com.qa.quit.test.QuitIncreaseYourChancesOfSuccessTest" name="cookieButton" time="13.048"/>
  <system-out/>
</testsuite> <!-- com.qa.quit.test.QuitIncreaseYourChancesOfSuccessTest -->
