<?xml version="1.0" encoding="UTF-8"?>
<!-- Generated by org.testng.reporters.JUnitReportReporter -->
<testsuite hostname="WKWZTPqvmdckJHX" failures="0" tests="15" name="com.qa.sensodyne.us.test.SensodyneRepairProtectExtraFreshToothpasteTest" time="286.146" errors="0" timestamp="2023-01-24T18:01:48 IST" skipped="0">
  <testcase classname="com.qa.sensodyne.us.test.SensodyneRepairProtectExtraFreshToothpasteTest" name="cookieButton" time="10.482"/>
  <system-out/>
  <testcase classname="com.qa.sensodyne.us.test.SensodyneRepairProtectExtraFreshToothpasteTest" name="verifyBuyNowOne" time="11.933"/>
  <system-out/>
  <testcase classname="com.qa.sensodyne.us.test.SensodyneRepairProtectExtraFreshToothpasteTest" name="verifyGetCoupon" time="21.270"/>
  <system-out/>
  <testcase classname="com.qa.sensodyne.us.test.SensodyneRepairProtectExtraFreshToothpasteTest" name="verifyWhitening" time="21.044"/>
  <system-out/>
  <testcase classname="com.qa.sensodyne.us.test.SensodyneRepairProtectExtraFreshToothpasteTest" name="verifyOriginal" time="21.395"/>
  <system-out/>
  <testcase classname="com.qa.sensodyne.us.test.SensodyneRepairProtectExtraFreshToothpasteTest" name="verifyIngredients" time="9.529"/>
  <system-out/>
  <testcase classname="com.qa.sensodyne.us.test.SensodyneRepairProtectExtraFreshToothpasteTest" name="verifyDirections" time="7.839"/>
  <system-out/>
  <testcase classname="com.qa.sensodyne.us.test.SensodyneRepairProtectExtraFreshToothpasteTest" name="verifyWarnings" time="8.908"/>
  <system-out/>
  <testcase classname="com.qa.sensodyne.us.test.SensodyneRepairProtectExtraFreshToothpasteTest" name="verifyMostPopularProductsOne" time="22.591"/>
  <system-out/>
  <testcase classname="com.qa.sensodyne.us.test.SensodyneRepairProtectExtraFreshToothpasteTest" name="verifyMostPopularProductsTwo" time="22.751"/>
  <system-out/>
  <testcase classname="com.qa.sensodyne.us.test.SensodyneRepairProtectExtraFreshToothpasteTest" name="verifyMostPopularProductsThree" time="28.808"/>
  <system-out/>
  <testcase classname="com.qa.sensodyne.us.test.SensodyneRepairProtectExtraFreshToothpasteTest" name="verifyMostPopularProductsFour" time="30.113"/>
  <system-out/>
  <testcase classname="com.qa.sensodyne.us.test.SensodyneRepairProtectExtraFreshToothpasteTest" name="verifyMostPopularProductsFive" time="24.353"/>
  <system-out/>
  <testcase classname="com.qa.sensodyne.us.test.SensodyneRepairProtectExtraFreshToothpasteTest" name="verifyGetYourCoupon" time="21.867"/>
  <system-out/>
  <testcase classname="com.qa.sensodyne.us.test.SensodyneRepairProtectExtraFreshToothpasteTest" name="verifyFindYourStore" time="23.263"/>
  <system-out/>
</testsuite> <!-- com.qa.sensodyne.us.test.SensodyneRepairProtectExtraFreshToothpasteTest -->
