<?xml version="1.0" encoding="UTF-8"?>
<!-- Generated by org.testng.reporters.JUnitReportReporter -->
<testsuite hostname="WKWZTPqvmdckJHX" failures="0" tests="3" name="com.qa.tums.eng.test.TumsCouponTest" time="334.904" errors="0" timestamp="2023-01-23T12:28:36 IST" skipped="0">
  <testcase classname="com.qa.tums.eng.test.TumsCouponTest" name="verifyCookie" time="14.427"/>
  <system-out/>
  <testcase classname="com.qa.tums.eng.test.TumsCouponTest" name="verifyBreadCrumbHome" time="177.115"/>
  <system-out/>
  <testcase classname="com.qa.tums.eng.test.TumsCouponTest" name="verifySeeProducts" time="143.362"/>
  <system-out/>
</testsuite> <!-- com.qa.tums.eng.test.TumsCouponTest -->
