<?xml version="1.0" encoding="UTF-8"?>
<!-- Generated by org.testng.reporters.JUnitReportReporter -->
<testsuite hostname="WKWZTPqvmdckJHX" failures="0" tests="1" name="com.qa.biotene.test.BioteneDryMouthReliefTest" time="53.059" errors="0" timestamp="2023-04-04T10:55:09 IST" skipped="0">
  <testcase classname="com.qa.biotene.test.BioteneDryMouthReliefTest" name="cookieButton" time="53.059"/>
  <system-out/>
</testsuite> <!-- com.qa.biotene.test.BioteneDryMouthReliefTest -->
