<?xml version="1.0" encoding="UTF-8"?>
<!-- Generated by org.testng.reporters.JUnitReportReporter -->
<testsuite hostname="WKWZTPqvmdckJHX" failures="0" tests="135" name="com.qa.bens.checklist.test.CheckListRenditionTest" time="1016.083" errors="0" timestamp="2023-08-09T16:16:10 IST" skipped="0">
  <testcase classname="com.qa.bens.checklist.test.CheckListRenditionTest" name="verifygRedintion" time="3.724"/>
  <system-out/>
  <testcase classname="com.qa.bens.checklist.test.CheckListRenditionTest" name="verifygRedintion" time="6.419"/>
  <system-out/>
  <testcase classname="com.qa.bens.checklist.test.CheckListRenditionTest" name="verifygRedintion" time="5.645"/>
  <system-out/>
  <testcase classname="com.qa.bens.checklist.test.CheckListRenditionTest" name="verifygRedintion" time="6.917"/>
  <system-out/>
  <testcase classname="com.qa.bens.checklist.test.CheckListRenditionTest" name="verifygRedintion" time="5.224"/>
  <system-out/>
  <testcase classname="com.qa.bens.checklist.test.CheckListRenditionTest" name="verifygRedintion" time="5.470"/>
  <system-out/>
  <testcase classname="com.qa.bens.checklist.test.CheckListRenditionTest" name="verifygRedintion" time="4.146"/>
  <system-out/>
  <testcase classname="com.qa.bens.checklist.test.CheckListRenditionTest" name="verifygRedintion" time="5.063"/>
  <system-out/>
  <testcase classname="com.qa.bens.checklist.test.CheckListRenditionTest" name="verifygRedintion" time="5.283"/>
  <system-out/>
  <testcase classname="com.qa.bens.checklist.test.CheckListRenditionTest" name="verifygRedintion" time="4.944"/>
  <system-out/>
  <testcase classname="com.qa.bens.checklist.test.CheckListRenditionTest" name="verifygRedintion" time="4.236"/>
  <system-out/>
  <testcase classname="com.qa.bens.checklist.test.CheckListRenditionTest" name="verifygRedintion" time="4.562"/>
  <system-out/>
  <testcase classname="com.qa.bens.checklist.test.CheckListRenditionTest" name="verifygRedintion" time="6.207"/>
  <system-out/>
  <testcase classname="com.qa.bens.checklist.test.CheckListRenditionTest" name="verifygRedintion" time="5.206"/>
  <system-out/>
  <testcase classname="com.qa.bens.checklist.test.CheckListRenditionTest" name="verifygRedintion" time="9.015"/>
  <system-out/>
  <testcase classname="com.qa.bens.checklist.test.CheckListRenditionTest" name="verifygRedintion" time="3.867"/>
  <system-out/>
  <testcase classname="com.qa.bens.checklist.test.CheckListRenditionTest" name="verifygRedintion" time="4.634"/>
  <system-out/>
  <testcase classname="com.qa.bens.checklist.test.CheckListRenditionTest" name="verifygRedintion" time="4.612"/>
  <system-out/>
  <testcase classname="com.qa.bens.checklist.test.CheckListRenditionTest" name="verifygRedintion" time="4.772"/>
  <system-out/>
  <testcase classname="com.qa.bens.checklist.test.CheckListRenditionTest" name="verifygRedintion" time="26.702"/>
  <system-out/>
  <testcase classname="com.qa.bens.checklist.test.CheckListRenditionTest" name="verifygRedintion" time="5.695"/>
  <system-out/>
  <testcase classname="com.qa.bens.checklist.test.CheckListRenditionTest" name="verifygRedintion" time="8.010"/>
  <system-out/>
  <testcase classname="com.qa.bens.checklist.test.CheckListRenditionTest" name="verifygRedintion" time="4.995"/>
  <system-out/>
  <testcase classname="com.qa.bens.checklist.test.CheckListRenditionTest" name="verifygRedintion" time="5.190"/>
  <system-out/>
  <testcase classname="com.qa.bens.checklist.test.CheckListRenditionTest" name="verifygRedintion" time="5.129"/>
  <system-out/>
  <testcase classname="com.qa.bens.checklist.test.CheckListRenditionTest" name="verifygRedintion" time="5.043"/>
  <system-out/>
  <testcase classname="com.qa.bens.checklist.test.CheckListRenditionTest" name="verifygRedintion" time="28.028"/>
  <system-out/>
  <testcase classname="com.qa.bens.checklist.test.CheckListRenditionTest" name="verifygRedintion" time="5.207"/>
  <system-out/>
  <testcase classname="com.qa.bens.checklist.test.CheckListRenditionTest" name="verifygRedintion" time="4.800"/>
  <system-out/>
  <testcase classname="com.qa.bens.checklist.test.CheckListRenditionTest" name="verifygRedintion" time="6.335"/>
  <system-out/>
  <testcase classname="com.qa.bens.checklist.test.CheckListRenditionTest" name="verifygRedintion" time="5.340"/>
  <system-out/>
  <testcase classname="com.qa.bens.checklist.test.CheckListRenditionTest" name="verifygRedintion" time="4.829"/>
  <system-out/>
  <testcase classname="com.qa.bens.checklist.test.CheckListRenditionTest" name="verifygRedintion" time="5.352"/>
  <system-out/>
  <testcase classname="com.qa.bens.checklist.test.CheckListRenditionTest" name="verifygRedintion" time="26.302"/>
  <system-out/>
  <testcase classname="com.qa.bens.checklist.test.CheckListRenditionTest" name="verifygRedintion" time="4.977"/>
  <system-out/>
  <testcase classname="com.qa.bens.checklist.test.CheckListRenditionTest" name="verifygRedintion" time="28.600"/>
  <system-out/>
  <testcase classname="com.qa.bens.checklist.test.CheckListRenditionTest" name="verifygRedintion" time="4.801"/>
  <system-out/>
  <testcase classname="com.qa.bens.checklist.test.CheckListRenditionTest" name="verifygRedintion" time="5.602"/>
  <system-out/>
  <testcase classname="com.qa.bens.checklist.test.CheckListRenditionTest" name="verifygRedintion" time="5.096"/>
  <system-out/>
  <testcase classname="com.qa.bens.checklist.test.CheckListRenditionTest" name="verifygRedintion" time="5.077"/>
  <system-out/>
  <testcase classname="com.qa.bens.checklist.test.CheckListRenditionTest" name="verifygRedintion" time="25.743"/>
  <system-out/>
  <testcase classname="com.qa.bens.checklist.test.CheckListRenditionTest" name="verifygRedintion" time="5.130"/>
  <system-out/>
  <testcase classname="com.qa.bens.checklist.test.CheckListRenditionTest" name="verifygRedintion" time="5.172"/>
  <system-out/>
  <testcase classname="com.qa.bens.checklist.test.CheckListRenditionTest" name="verifygRedintion" time="5.391"/>
  <system-out/>
  <testcase classname="com.qa.bens.checklist.test.CheckListRenditionTest" name="verifygRedintion" time="4.665"/>
  <system-out/>
  <testcase classname="com.qa.bens.checklist.test.CheckListRenditionTest" name="verifygRedintion" time="4.376"/>
  <system-out/>
  <testcase classname="com.qa.bens.checklist.test.CheckListRenditionTest" name="verifygRedintion" time="5.444"/>
  <system-out/>
  <testcase classname="com.qa.bens.checklist.test.CheckListRenditionTest" name="verifygRedintion" time="4.873"/>
  <system-out/>
  <testcase classname="com.qa.bens.checklist.test.CheckListRenditionTest" name="verifygRedintion" time="5.744"/>
  <system-out/>
  <testcase classname="com.qa.bens.checklist.test.CheckListRenditionTest" name="verifygRedintion" time="4.879"/>
  <system-out/>
  <testcase classname="com.qa.bens.checklist.test.CheckListRenditionTest" name="verifygRedintion" time="5.117"/>
  <system-out/>
  <testcase classname="com.qa.bens.checklist.test.CheckListRenditionTest" name="verifygRedintion" time="5.533"/>
  <system-out/>
  <testcase classname="com.qa.bens.checklist.test.CheckListRenditionTest" name="verifygRedintion" time="4.826"/>
  <system-out/>
  <testcase classname="com.qa.bens.checklist.test.CheckListRenditionTest" name="verifygRedintion" time="5.886"/>
  <system-out/>
  <testcase classname="com.qa.bens.checklist.test.CheckListRenditionTest" name="verifygRedintion" time="4.927"/>
  <system-out/>
  <testcase classname="com.qa.bens.checklist.test.CheckListRenditionTest" name="verifygRedintion" time="5.341"/>
  <system-out/>
  <testcase classname="com.qa.bens.checklist.test.CheckListRenditionTest" name="verifygRedintion" time="4.761"/>
  <system-out/>
  <testcase classname="com.qa.bens.checklist.test.CheckListRenditionTest" name="verifygRedintion" time="4.268"/>
  <system-out/>
  <testcase classname="com.qa.bens.checklist.test.CheckListRenditionTest" name="verifygRedintion" time="4.723"/>
  <system-out/>
  <testcase classname="com.qa.bens.checklist.test.CheckListRenditionTest" name="verifygRedintion" time="5.197"/>
  <system-out/>
  <testcase classname="com.qa.bens.checklist.test.CheckListRenditionTest" name="verifygRedintion" time="5.964"/>
  <system-out/>
  <testcase classname="com.qa.bens.checklist.test.CheckListRenditionTest" name="verifygRedintion" time="3.332"/>
  <system-out/>
  <testcase classname="com.qa.bens.checklist.test.CheckListRenditionTest" name="verifygRedintion" time="4.867"/>
  <system-out/>
  <testcase classname="com.qa.bens.checklist.test.CheckListRenditionTest" name="verifygRedintion" time="7.400"/>
  <system-out/>
  <testcase classname="com.qa.bens.checklist.test.CheckListRenditionTest" name="verifygRedintion" time="3.546"/>
  <system-out/>
  <testcase classname="com.qa.bens.checklist.test.CheckListRenditionTest" name="verifygRedintion" time="5.066"/>
  <system-out/>
  <testcase classname="com.qa.bens.checklist.test.CheckListRenditionTest" name="verifygRedintion" time="4.259"/>
  <system-out/>
  <testcase classname="com.qa.bens.checklist.test.CheckListRenditionTest" name="verifygRedintion" time="4.952"/>
  <system-out/>
  <testcase classname="com.qa.bens.checklist.test.CheckListRenditionTest" name="verifygRedintion" time="27.286"/>
  <system-out/>
  <testcase classname="com.qa.bens.checklist.test.CheckListRenditionTest" name="verifygRedintion" time="5.899"/>
  <system-out/>
  <testcase classname="com.qa.bens.checklist.test.CheckListRenditionTest" name="verifygRedintion" time="26.247"/>
  <system-out/>
  <testcase classname="com.qa.bens.checklist.test.CheckListRenditionTest" name="verifygRedintion" time="4.600"/>
  <system-out/>
  <testcase classname="com.qa.bens.checklist.test.CheckListRenditionTest" name="verifygRedintion" time="3.362"/>
  <system-out/>
  <testcase classname="com.qa.bens.checklist.test.CheckListRenditionTest" name="verifygRedintion" time="4.305"/>
  <system-out/>
  <testcase classname="com.qa.bens.checklist.test.CheckListRenditionTest" name="verifygRedintion" time="5.003"/>
  <system-out/>
  <testcase classname="com.qa.bens.checklist.test.CheckListRenditionTest" name="verifygRedintion" time="5.191"/>
  <system-out/>
  <testcase classname="com.qa.bens.checklist.test.CheckListRenditionTest" name="verifygRedintion" time="3.649"/>
  <system-out/>
  <testcase classname="com.qa.bens.checklist.test.CheckListRenditionTest" name="verifygRedintion" time="4.434"/>
  <system-out/>
  <testcase classname="com.qa.bens.checklist.test.CheckListRenditionTest" name="verifygRedintion" time="4.294"/>
  <system-out/>
  <testcase classname="com.qa.bens.checklist.test.CheckListRenditionTest" name="verifygRedintion" time="4.880"/>
  <system-out/>
  <testcase classname="com.qa.bens.checklist.test.CheckListRenditionTest" name="verifygRedintion" time="4.910"/>
  <system-out/>
  <testcase classname="com.qa.bens.checklist.test.CheckListRenditionTest" name="verifygRedintion" time="4.711"/>
  <system-out/>
  <testcase classname="com.qa.bens.checklist.test.CheckListRenditionTest" name="verifygRedintion" time="5.378"/>
  <system-out/>
  <testcase classname="com.qa.bens.checklist.test.CheckListRenditionTest" name="verifygRedintion" time="26.891"/>
  <system-out/>
  <testcase classname="com.qa.bens.checklist.test.CheckListRenditionTest" name="verifygRedintion" time="5.297"/>
  <system-out/>
  <testcase classname="com.qa.bens.checklist.test.CheckListRenditionTest" name="verifygRedintion" time="7.887"/>
  <system-out/>
  <testcase classname="com.qa.bens.checklist.test.CheckListRenditionTest" name="verifygRedintion" time="6.365"/>
  <system-out/>
  <testcase classname="com.qa.bens.checklist.test.CheckListRenditionTest" name="verifygRedintion" time="4.903"/>
  <system-out/>
  <testcase classname="com.qa.bens.checklist.test.CheckListRenditionTest" name="verifygRedintion" time="6.019"/>
  <system-out/>
  <testcase classname="com.qa.bens.checklist.test.CheckListRenditionTest" name="verifygRedintion" time="5.101"/>
  <system-out/>
  <testcase classname="com.qa.bens.checklist.test.CheckListRenditionTest" name="verifygRedintion" time="4.771"/>
  <system-out/>
  <testcase classname="com.qa.bens.checklist.test.CheckListRenditionTest" name="verifygRedintion" time="4.702"/>
  <system-out/>
  <testcase classname="com.qa.bens.checklist.test.CheckListRenditionTest" name="verifygRedintion" time="4.521"/>
  <system-out/>
  <testcase classname="com.qa.bens.checklist.test.CheckListRenditionTest" name="verifygRedintion" time="4.889"/>
  <system-out/>
  <testcase classname="com.qa.bens.checklist.test.CheckListRenditionTest" name="verifygRedintion" time="5.180"/>
  <system-out/>
  <testcase classname="com.qa.bens.checklist.test.CheckListRenditionTest" name="verifygRedintion" time="5.757"/>
  <system-out/>
  <testcase classname="com.qa.bens.checklist.test.CheckListRenditionTest" name="verifygRedintion" time="4.768"/>
  <system-out/>
  <testcase classname="com.qa.bens.checklist.test.CheckListRenditionTest" name="verifygRedintion" time="4.627"/>
  <system-out/>
  <testcase classname="com.qa.bens.checklist.test.CheckListRenditionTest" name="verifygRedintion" time="7.263"/>
  <system-out/>
  <testcase classname="com.qa.bens.checklist.test.CheckListRenditionTest" name="verifygRedintion" time="5.032"/>
  <system-out/>
  <testcase classname="com.qa.bens.checklist.test.CheckListRenditionTest" name="verifygRedintion" time="25.852"/>
  <system-out/>
  <testcase classname="com.qa.bens.checklist.test.CheckListRenditionTest" name="verifygRedintion" time="4.302"/>
  <system-out/>
  <testcase classname="com.qa.bens.checklist.test.CheckListRenditionTest" name="verifygRedintion" time="3.462"/>
  <system-out/>
  <testcase classname="com.qa.bens.checklist.test.CheckListRenditionTest" name="verifygRedintion" time="5.229"/>
  <system-out/>
  <testcase classname="com.qa.bens.checklist.test.CheckListRenditionTest" name="verifygRedintion" time="4.711"/>
  <system-out/>
  <testcase classname="com.qa.bens.checklist.test.CheckListRenditionTest" name="verifygRedintion" time="6.443"/>
  <system-out/>
  <testcase classname="com.qa.bens.checklist.test.CheckListRenditionTest" name="verifygRedintion" time="25.588"/>
  <system-out/>
  <testcase classname="com.qa.bens.checklist.test.CheckListRenditionTest" name="verifygRedintion" time="6.097"/>
  <system-out/>
  <testcase classname="com.qa.bens.checklist.test.CheckListRenditionTest" name="verifygRedintion" time="23.661"/>
  <system-out/>
  <testcase classname="com.qa.bens.checklist.test.CheckListRenditionTest" name="verifygRedintion" time="3.566"/>
  <system-out/>
  <testcase classname="com.qa.bens.checklist.test.CheckListRenditionTest" name="verifygRedintion" time="5.307"/>
  <system-out/>
  <testcase classname="com.qa.bens.checklist.test.CheckListRenditionTest" name="verifygRedintion" time="5.551"/>
  <system-out/>
  <testcase classname="com.qa.bens.checklist.test.CheckListRenditionTest" name="verifygRedintion" time="26.248"/>
  <system-out/>
  <testcase classname="com.qa.bens.checklist.test.CheckListRenditionTest" name="verifygRedintion" time="26.842"/>
  <system-out/>
  <testcase classname="com.qa.bens.checklist.test.CheckListRenditionTest" name="verifygRedintion" time="4.941"/>
  <system-out/>
  <testcase classname="com.qa.bens.checklist.test.CheckListRenditionTest" name="verifygRedintion" time="4.672"/>
  <system-out/>
  <testcase classname="com.qa.bens.checklist.test.CheckListRenditionTest" name="verifygRedintion" time="6.643"/>
  <system-out/>
  <testcase classname="com.qa.bens.checklist.test.CheckListRenditionTest" name="verifygRedintion" time="5.465"/>
  <system-out/>
  <testcase classname="com.qa.bens.checklist.test.CheckListRenditionTest" name="verifygRedintion" time="4.980"/>
  <system-out/>
  <testcase classname="com.qa.bens.checklist.test.CheckListRenditionTest" name="verifygRedintion" time="5.657"/>
  <system-out/>
  <testcase classname="com.qa.bens.checklist.test.CheckListRenditionTest" name="verifygRedintion" time="5.901"/>
  <system-out/>
  <testcase classname="com.qa.bens.checklist.test.CheckListRenditionTest" name="verifygRedintion" time="5.188"/>
  <system-out/>
  <testcase classname="com.qa.bens.checklist.test.CheckListRenditionTest" name="verifygRedintion" time="3.575"/>
  <system-out/>
  <testcase classname="com.qa.bens.checklist.test.CheckListRenditionTest" name="verifygRedintion" time="3.350"/>
  <system-out/>
  <testcase classname="com.qa.bens.checklist.test.CheckListRenditionTest" name="verifygRedintion" time="4.832"/>
  <system-out/>
  <testcase classname="com.qa.bens.checklist.test.CheckListRenditionTest" name="verifygRedintion" time="4.390"/>
  <system-out/>
  <testcase classname="com.qa.bens.checklist.test.CheckListRenditionTest" name="verifygRedintion" time="4.842"/>
  <system-out/>
  <testcase classname="com.qa.bens.checklist.test.CheckListRenditionTest" name="verifygRedintion" time="27.791"/>
  <system-out/>
  <testcase classname="com.qa.bens.checklist.test.CheckListRenditionTest" name="verifygRedintion" time="6.291"/>
  <system-out/>
  <testcase classname="com.qa.bens.checklist.test.CheckListRenditionTest" name="verifygRedintion" time="5.662"/>
  <system-out/>
  <testcase classname="com.qa.bens.checklist.test.CheckListRenditionTest" name="verifygRedintion" time="5.185"/>
  <system-out/>
  <testcase classname="com.qa.bens.checklist.test.CheckListRenditionTest" name="verifygRedintion" time="3.683"/>
  <system-out/>
  <testcase classname="com.qa.bens.checklist.test.CheckListRenditionTest" name="verifygRedintion" time="25.901"/>
  <system-out/>
  <testcase classname="com.qa.bens.checklist.test.CheckListRenditionTest" name="verifygRedintion" time="8.893"/>
  <system-out/>
  <testcase classname="com.qa.bens.checklist.test.CheckListRenditionTest" name="verifygRedintion" time="4.822"/>
  <system-out/>
</testsuite> <!-- com.qa.bens.checklist.test.CheckListRenditionTest -->
