<?xml version="1.0" encoding="UTF-8"?>
<!-- Generated by org.testng.reporters.JUnitReportReporter -->
<testsuite hostname="WKWZTPqvmdckJHX" failures="0" tests="10" name="com.qa.sensodyne.us.test.SensodyneWhiteningSensitiveTeethTest" time="152.409" errors="0" timestamp="2023-01-24T12:35:57 IST" skipped="0">
  <testcase classname="com.qa.sensodyne.us.test.SensodyneWhiteningSensitiveTeethTest" name="cookieButton" time="5.592"/>
  <system-out/>
  <testcase classname="com.qa.sensodyne.us.test.SensodyneWhiteningSensitiveTeethTest" name="verifyLearnHow" time="37.252"/>
  <system-out/>
  <testcase classname="com.qa.sensodyne.us.test.SensodyneWhiteningSensitiveTeethTest" name="verifyMythVsTruthLink" time="8.277"/>
  <system-out/>
  <testcase classname="com.qa.sensodyne.us.test.SensodyneWhiteningSensitiveTeethTest" name="verifySensitivityAfterATrip" time="10.679"/>
  <system-out/>
  <testcase classname="com.qa.sensodyne.us.test.SensodyneWhiteningSensitiveTeethTest" name="verifyGetHelpfulTips" time="14.333"/>
  <system-out/>
  <testcase classname="com.qa.sensodyne.us.test.SensodyneWhiteningSensitiveTeethTest" name="verifySensitiveTeethPainReleif" time="15.593"/>
  <system-out/>
  <testcase classname="com.qa.sensodyne.us.test.SensodyneWhiteningSensitiveTeethTest" name="verifyHowToHelpSensitiveTeeth" time="15.573"/>
  <system-out/>
  <testcase classname="com.qa.sensodyne.us.test.SensodyneWhiteningSensitiveTeethTest" name="verifySensodyneTrueWhite" time="12.290"/>
  <system-out/>
  <testcase classname="com.qa.sensodyne.us.test.SensodyneWhiteningSensitiveTeethTest" name="verifyTeethSensitiveToSugar" time="12.933"/>
  <system-out/>
  <testcase classname="com.qa.sensodyne.us.test.SensodyneWhiteningSensitiveTeethTest" name="verifyFindTheRightToothPaste" time="19.887"/>
  <system-out/>
</testsuite> <!-- com.qa.sensodyne.us.test.SensodyneWhiteningSensitiveTeethTest -->
