<?xml version="1.0" encoding="UTF-8"?>
<!-- Generated by org.testng.reporters.JUnitReportReporter -->
<testsuite hostname="WKWZTPqvmdckJHX" failures="0" tests="48" name="com.qa.bens.checklist.test.FindTextInCodeLevelTest" time="146.202" errors="0" timestamp="2023-07-06T12:08:44 IST" skipped="0">
  <testcase classname="com.qa.bens.checklist.test.FindTextInCodeLevelTest" name="verifyBeTotalAndCompresse" time="2.801"/>
  <system-out/>
  <testcase classname="com.qa.bens.checklist.test.FindTextInCodeLevelTest" name="verifyBeTotalAndCompresse" time="4.247"/>
  <system-out/>
  <testcase classname="com.qa.bens.checklist.test.FindTextInCodeLevelTest" name="verifyBeTotalAndCompresse" time="3.674"/>
  <system-out/>
  <testcase classname="com.qa.bens.checklist.test.FindTextInCodeLevelTest" name="verifyBeTotalAndCompresse" time="2.703"/>
  <system-out/>
  <testcase classname="com.qa.bens.checklist.test.FindTextInCodeLevelTest" name="verifyBeTotalAndCompresse" time="2.824"/>
  <system-out/>
  <testcase classname="com.qa.bens.checklist.test.FindTextInCodeLevelTest" name="verifyBeTotalAndCompresse" time="2.562"/>
  <system-out/>
  <testcase classname="com.qa.bens.checklist.test.FindTextInCodeLevelTest" name="verifyBeTotalAndCompresse" time="2.689"/>
  <system-out/>
  <testcase classname="com.qa.bens.checklist.test.FindTextInCodeLevelTest" name="verifyBeTotalAndCompresse" time="2.653"/>
  <system-out/>
  <testcase classname="com.qa.bens.checklist.test.FindTextInCodeLevelTest" name="verifyBeTotalAndCompresse" time="2.659"/>
  <system-out/>
  <testcase classname="com.qa.bens.checklist.test.FindTextInCodeLevelTest" name="verifyBeTotalAndCompresse" time="2.731"/>
  <system-out/>
  <testcase classname="com.qa.bens.checklist.test.FindTextInCodeLevelTest" name="verifyBeTotalAndCompresse" time="2.871"/>
  <system-out/>
  <testcase classname="com.qa.bens.checklist.test.FindTextInCodeLevelTest" name="verifyBeTotalAndCompresse" time="2.833"/>
  <system-out/>
  <testcase classname="com.qa.bens.checklist.test.FindTextInCodeLevelTest" name="verifyBeTotalAndCompresse" time="2.947"/>
  <system-out/>
  <testcase classname="com.qa.bens.checklist.test.FindTextInCodeLevelTest" name="verifyBeTotalAndCompresse" time="2.702"/>
  <system-out/>
  <testcase classname="com.qa.bens.checklist.test.FindTextInCodeLevelTest" name="verifyBeTotalAndCompresse" time="2.712"/>
  <system-out/>
  <testcase classname="com.qa.bens.checklist.test.FindTextInCodeLevelTest" name="verifyBeTotalAndCompresse" time="3.279"/>
  <system-out/>
  <testcase classname="com.qa.bens.checklist.test.FindTextInCodeLevelTest" name="verifyBeTotalAndCompresse" time="2.617"/>
  <system-out/>
  <testcase classname="com.qa.bens.checklist.test.FindTextInCodeLevelTest" name="verifyBeTotalAndCompresse" time="2.854"/>
  <system-out/>
  <testcase classname="com.qa.bens.checklist.test.FindTextInCodeLevelTest" name="verifyBeTotalAndCompresse" time="3.004"/>
  <system-out/>
  <testcase classname="com.qa.bens.checklist.test.FindTextInCodeLevelTest" name="verifyBeTotalAndCompresse" time="2.725"/>
  <system-out/>
  <testcase classname="com.qa.bens.checklist.test.FindTextInCodeLevelTest" name="verifyBeTotalAndCompresse" time="2.637"/>
  <system-out/>
  <testcase classname="com.qa.bens.checklist.test.FindTextInCodeLevelTest" name="verifyBeTotalAndCompresse" time="3.006"/>
  <system-out/>
  <testcase classname="com.qa.bens.checklist.test.FindTextInCodeLevelTest" name="verifyBeTotalAndCompresse" time="2.691"/>
  <system-out/>
  <testcase classname="com.qa.bens.checklist.test.FindTextInCodeLevelTest" name="verifyBeTotalAndCompresse" time="2.827"/>
  <system-out/>
  <testcase classname="com.qa.bens.checklist.test.FindTextInCodeLevelTest" name="verifyBeTotalAndCompresse" time="2.695"/>
  <system-out/>
  <testcase classname="com.qa.bens.checklist.test.FindTextInCodeLevelTest" name="verifyBeTotalAndCompresse" time="2.916"/>
  <system-out/>
  <testcase classname="com.qa.bens.checklist.test.FindTextInCodeLevelTest" name="verifyBeTotalAndCompresse" time="2.555"/>
  <system-out/>
  <testcase classname="com.qa.bens.checklist.test.FindTextInCodeLevelTest" name="verifyBeTotalAndCompresse" time="2.921"/>
  <system-out/>
  <testcase classname="com.qa.bens.checklist.test.FindTextInCodeLevelTest" name="verifyBeTotalAndCompresse" time="3.182"/>
  <system-out/>
  <testcase classname="com.qa.bens.checklist.test.FindTextInCodeLevelTest" name="verifyBeTotalAndCompresse" time="2.560"/>
  <system-out/>
  <testcase classname="com.qa.bens.checklist.test.FindTextInCodeLevelTest" name="verifyBeTotalAndCompresse" time="2.958"/>
  <system-out/>
  <testcase classname="com.qa.bens.checklist.test.FindTextInCodeLevelTest" name="verifyBeTotalAndCompresse" time="2.593"/>
  <system-out/>
  <testcase classname="com.qa.bens.checklist.test.FindTextInCodeLevelTest" name="verifyBeTotalAndCompresse" time="2.762"/>
  <system-out/>
  <testcase classname="com.qa.bens.checklist.test.FindTextInCodeLevelTest" name="verifyBeTotalAndCompresse" time="2.959"/>
  <system-out/>
  <testcase classname="com.qa.bens.checklist.test.FindTextInCodeLevelTest" name="verifyBeTotalAndCompresse" time="3.060"/>
  <system-out/>
  <testcase classname="com.qa.bens.checklist.test.FindTextInCodeLevelTest" name="verifyBeTotalAndCompresse" time="2.881"/>
  <system-out/>
  <testcase classname="com.qa.bens.checklist.test.FindTextInCodeLevelTest" name="verifyBeTotalAndCompresse" time="2.542"/>
  <system-out/>
  <testcase classname="com.qa.bens.checklist.test.FindTextInCodeLevelTest" name="verifyBeTotalAndCompresse" time="2.879"/>
  <system-out/>
  <testcase classname="com.qa.bens.checklist.test.FindTextInCodeLevelTest" name="verifyBeTotalAndCompresse" time="5.055"/>
  <system-out/>
  <testcase classname="com.qa.bens.checklist.test.FindTextInCodeLevelTest" name="verifyBeTotalAndCompresse" time="3.496"/>
  <system-out/>
  <testcase classname="com.qa.bens.checklist.test.FindTextInCodeLevelTest" name="verifyBeTotalAndCompresse" time="3.089"/>
  <system-out/>
  <testcase classname="com.qa.bens.checklist.test.FindTextInCodeLevelTest" name="verifyBeTotalAndCompresse" time="2.603"/>
  <system-out/>
  <testcase classname="com.qa.bens.checklist.test.FindTextInCodeLevelTest" name="verifyBeTotalAndCompresse" time="8.732"/>
  <system-out/>
  <testcase classname="com.qa.bens.checklist.test.FindTextInCodeLevelTest" name="verifyBeTotalAndCompresse" time="2.644"/>
  <system-out/>
  <testcase classname="com.qa.bens.checklist.test.FindTextInCodeLevelTest" name="verifyBeTotalAndCompresse" time="3.354"/>
  <system-out/>
  <testcase classname="com.qa.bens.checklist.test.FindTextInCodeLevelTest" name="verifyBeTotalAndCompresse" time="2.870"/>
  <system-out/>
  <testcase classname="com.qa.bens.checklist.test.FindTextInCodeLevelTest" name="verifyBeTotalAndCompresse" time="2.694"/>
  <system-out/>
  <testcase classname="com.qa.bens.checklist.test.FindTextInCodeLevelTest" name="verifyBeTotalAndCompresse" time="2.954"/>
  <system-out/>
</testsuite> <!-- com.qa.bens.checklist.test.FindTextInCodeLevelTest -->
