<?xml version="1.0" encoding="UTF-8"?>
<!-- Generated by org.testng.reporters.JUnitReportReporter -->
<testsuite hostname="WKWZTPqvmdckJHX" failures="0" tests="48" name="com.qa.bens.checklist.test.HttpsVsHttpRedirection" time="260.673" errors="0" timestamp="2023-02-28T19:30:33 IST" skipped="0">
  <testcase classname="com.qa.bens.checklist.test.HttpsVsHttpRedirection" name="checkListHttpsVsHttpRedirection" time="6.341"/>
  <system-out/>
  <testcase classname="com.qa.bens.checklist.test.HttpsVsHttpRedirection" name="checkListHttpsVsHttpRedirection" time="5.135"/>
  <system-out/>
  <testcase classname="com.qa.bens.checklist.test.HttpsVsHttpRedirection" name="checkListHttpsVsHttpRedirection" time="5.743"/>
  <system-out/>
  <testcase classname="com.qa.bens.checklist.test.HttpsVsHttpRedirection" name="checkListHttpsVsHttpRedirection" time="5.526"/>
  <system-out/>
  <testcase classname="com.qa.bens.checklist.test.HttpsVsHttpRedirection" name="checkListHttpsVsHttpRedirection" time="7.364"/>
  <system-out/>
  <testcase classname="com.qa.bens.checklist.test.HttpsVsHttpRedirection" name="checkListHttpsVsHttpRedirection" time="5.727"/>
  <system-out/>
  <testcase classname="com.qa.bens.checklist.test.HttpsVsHttpRedirection" name="checkListHttpsVsHttpRedirection" time="5.769"/>
  <system-out/>
  <testcase classname="com.qa.bens.checklist.test.HttpsVsHttpRedirection" name="checkListHttpsVsHttpRedirection" time="5.659"/>
  <system-out/>
  <testcase classname="com.qa.bens.checklist.test.HttpsVsHttpRedirection" name="checkListHttpsVsHttpRedirection" time="5.396"/>
  <system-out/>
  <testcase classname="com.qa.bens.checklist.test.HttpsVsHttpRedirection" name="checkListHttpsVsHttpRedirection" time="5.598"/>
  <system-out/>
  <testcase classname="com.qa.bens.checklist.test.HttpsVsHttpRedirection" name="checkListHttpsVsHttpRedirection" time="5.169"/>
  <system-out/>
  <testcase classname="com.qa.bens.checklist.test.HttpsVsHttpRedirection" name="checkListHttpsVsHttpRedirection" time="5.728"/>
  <system-out/>
  <testcase classname="com.qa.bens.checklist.test.HttpsVsHttpRedirection" name="checkListHttpsVsHttpRedirection" time="5.522"/>
  <system-out/>
  <testcase classname="com.qa.bens.checklist.test.HttpsVsHttpRedirection" name="checkListHttpsVsHttpRedirection" time="5.418"/>
  <system-out/>
  <testcase classname="com.qa.bens.checklist.test.HttpsVsHttpRedirection" name="checkListHttpsVsHttpRedirection" time="5.221"/>
  <system-out/>
  <testcase classname="com.qa.bens.checklist.test.HttpsVsHttpRedirection" name="checkListHttpsVsHttpRedirection" time="5.067"/>
  <system-out/>
  <testcase classname="com.qa.bens.checklist.test.HttpsVsHttpRedirection" name="checkListHttpsVsHttpRedirection" time="5.354"/>
  <system-out/>
  <testcase classname="com.qa.bens.checklist.test.HttpsVsHttpRedirection" name="checkListHttpsVsHttpRedirection" time="5.626"/>
  <system-out/>
  <testcase classname="com.qa.bens.checklist.test.HttpsVsHttpRedirection" name="checkListHttpsVsHttpRedirection" time="3.971"/>
  <system-out/>
  <testcase classname="com.qa.bens.checklist.test.HttpsVsHttpRedirection" name="checkListHttpsVsHttpRedirection" time="5.086"/>
  <system-out/>
  <testcase classname="com.qa.bens.checklist.test.HttpsVsHttpRedirection" name="checkListHttpsVsHttpRedirection" time="6.116"/>
  <system-out/>
  <testcase classname="com.qa.bens.checklist.test.HttpsVsHttpRedirection" name="checkListHttpsVsHttpRedirection" time="5.507"/>
  <system-out/>
  <testcase classname="com.qa.bens.checklist.test.HttpsVsHttpRedirection" name="checkListHttpsVsHttpRedirection" time="5.000"/>
  <system-out/>
  <testcase classname="com.qa.bens.checklist.test.HttpsVsHttpRedirection" name="checkListHttpsVsHttpRedirection" time="5.215"/>
  <system-out/>
  <testcase classname="com.qa.bens.checklist.test.HttpsVsHttpRedirection" name="checkListHttpsVsHttpRedirection" time="5.275"/>
  <system-out/>
  <testcase classname="com.qa.bens.checklist.test.HttpsVsHttpRedirection" name="checkListHttpsVsHttpRedirection" time="5.143"/>
  <system-out/>
  <testcase classname="com.qa.bens.checklist.test.HttpsVsHttpRedirection" name="checkListHttpsVsHttpRedirection" time="5.566"/>
  <system-out/>
  <testcase classname="com.qa.bens.checklist.test.HttpsVsHttpRedirection" name="checkListHttpsVsHttpRedirection" time="5.215"/>
  <system-out/>
  <testcase classname="com.qa.bens.checklist.test.HttpsVsHttpRedirection" name="checkListHttpsVsHttpRedirection" time="5.599"/>
  <system-out/>
  <testcase classname="com.qa.bens.checklist.test.HttpsVsHttpRedirection" name="checkListHttpsVsHttpRedirection" time="5.101"/>
  <system-out/>
  <testcase classname="com.qa.bens.checklist.test.HttpsVsHttpRedirection" name="checkListHttpsVsHttpRedirection" time="5.437"/>
  <system-out/>
  <testcase classname="com.qa.bens.checklist.test.HttpsVsHttpRedirection" name="checkListHttpsVsHttpRedirection" time="5.622"/>
  <system-out/>
  <testcase classname="com.qa.bens.checklist.test.HttpsVsHttpRedirection" name="checkListHttpsVsHttpRedirection" time="5.299"/>
  <system-out/>
  <testcase classname="com.qa.bens.checklist.test.HttpsVsHttpRedirection" name="checkListHttpsVsHttpRedirection" time="5.573"/>
  <system-out/>
  <testcase classname="com.qa.bens.checklist.test.HttpsVsHttpRedirection" name="checkListHttpsVsHttpRedirection" time="5.361"/>
  <system-out/>
  <testcase classname="com.qa.bens.checklist.test.HttpsVsHttpRedirection" name="checkListHttpsVsHttpRedirection" time="4.999"/>
  <system-out/>
  <testcase classname="com.qa.bens.checklist.test.HttpsVsHttpRedirection" name="checkListHttpsVsHttpRedirection" time="6.052"/>
  <system-out/>
  <testcase classname="com.qa.bens.checklist.test.HttpsVsHttpRedirection" name="checkListHttpsVsHttpRedirection" time="4.945"/>
  <system-out/>
  <testcase classname="com.qa.bens.checklist.test.HttpsVsHttpRedirection" name="checkListHttpsVsHttpRedirection" time="5.551"/>
  <system-out/>
  <testcase classname="com.qa.bens.checklist.test.HttpsVsHttpRedirection" name="checkListHttpsVsHttpRedirection" time="5.011"/>
  <system-out/>
  <testcase classname="com.qa.bens.checklist.test.HttpsVsHttpRedirection" name="checkListHttpsVsHttpRedirection" time="5.412"/>
  <system-out/>
  <testcase classname="com.qa.bens.checklist.test.HttpsVsHttpRedirection" name="checkListHttpsVsHttpRedirection" time="5.328"/>
  <system-out/>
  <testcase classname="com.qa.bens.checklist.test.HttpsVsHttpRedirection" name="checkListHttpsVsHttpRedirection" time="5.580"/>
  <system-out/>
  <testcase classname="com.qa.bens.checklist.test.HttpsVsHttpRedirection" name="checkListHttpsVsHttpRedirection" time="5.478"/>
  <system-out/>
  <testcase classname="com.qa.bens.checklist.test.HttpsVsHttpRedirection" name="checkListHttpsVsHttpRedirection" time="5.456"/>
  <system-out/>
  <testcase classname="com.qa.bens.checklist.test.HttpsVsHttpRedirection" name="checkListHttpsVsHttpRedirection" time="5.344"/>
  <system-out/>
  <testcase classname="com.qa.bens.checklist.test.HttpsVsHttpRedirection" name="checkListHttpsVsHttpRedirection" time="4.302"/>
  <system-out/>
  <testcase classname="com.qa.bens.checklist.test.HttpsVsHttpRedirection" name="checkListHttpsVsHttpRedirection" time="5.766"/>
  <system-out/>
</testsuite> <!-- com.qa.bens.checklist.test.HttpsVsHttpRedirection -->
