<?xml version="1.0" encoding="UTF-8"?>
<!-- Generated by org.testng.reporters.JUnitReportReporter -->
<testsuite hostname="WKWZTPqvmdckJHX" failures="0" tests="9" name="com.qa.flonase.test.FlonaseBaseballSpringAllergiesChecklistTest" time="95.697" errors="0" timestamp="2023-09-26T13:55:47 IST" skipped="0">
  <testcase classname="com.qa.flonase.test.FlonaseBaseballSpringAllergiesChecklistTest" name="cookieButton" time="3.922"/>
  <system-out/>
  <testcase classname="com.qa.flonase.test.FlonaseBaseballSpringAllergiesChecklistTest" name="verifyHyperLinkOne" time="7.630"/>
  <system-out/>
  <testcase classname="com.qa.flonase.test.FlonaseBaseballSpringAllergiesChecklistTest" name="verifyHyperLinkTwo" time="7.801"/>
  <system-out/>
  <testcase classname="com.qa.flonase.test.FlonaseBaseballSpringAllergiesChecklistTest" name="verifyHyperLinkThree" time="6.583"/>
  <system-out/>
  <testcase classname="com.qa.flonase.test.FlonaseBaseballSpringAllergiesChecklistTest" name="verifyHyperLinkFour" time="24.254"/>
  <system-out/>
  <testcase classname="com.qa.flonase.test.FlonaseBaseballSpringAllergiesChecklistTest" name="verifyHyperLinkFive" time="5.679"/>
  <system-out/>
  <testcase classname="com.qa.flonase.test.FlonaseBaseballSpringAllergiesChecklistTest" name="verifyHyperLinkSix" time="6.891"/>
  <system-out/>
  <testcase classname="com.qa.flonase.test.FlonaseBaseballSpringAllergiesChecklistTest" name="verifyTagsLinksOne" time="22.751"/>
  <system-out/>
  <testcase classname="com.qa.flonase.test.FlonaseBaseballSpringAllergiesChecklistTest" name="verifyBtnBuyNow" time="10.186"/>
  <system-out/>
</testsuite> <!-- com.qa.flonase.test.FlonaseBaseballSpringAllergiesChecklistTest -->
