<?xml version="1.0" encoding="UTF-8"?>
<!-- Generated by org.testng.reporters.JUnitReportReporter -->
<testsuite hostname="WKWZTPqvmdckJHX" failures="0" tests="11" name="com.qa.preph.test.PrephHemorrhoidPainTest" time="65.839" errors="0" timestamp="2023-06-22T12:33:46 IST" skipped="0">
  <testcase classname="com.qa.preph.test.PrephHemorrhoidPainTest" name="cookieButton" time="4.173"/>
  <system-out/>
  <testcase classname="com.qa.preph.test.PrephHemorrhoidPainTest" name="verifyBreadcrumbOne" time="6.647"/>
  <system-out/>
  <testcase classname="com.qa.preph.test.PrephHemorrhoidPainTest" name="verifyBreadcrumbTwo" time="6.669"/>
  <system-out/>
  <testcase classname="com.qa.preph.test.PrephHemorrhoidPainTest" name="verifyBreadcrumbThree" time="2.391"/>
  <system-out/>
  <testcase classname="com.qa.preph.test.PrephHemorrhoidPainTest" name="verifyHyperLinkOinment" time="6.012"/>
  <system-out/>
  <testcase classname="com.qa.preph.test.PrephHemorrhoidPainTest" name="verifyRelatedArticleOne" time="5.707"/>
  <system-out/>
  <testcase classname="com.qa.preph.test.PrephHemorrhoidPainTest" name="verifyRelatedArticleTwo" time="5.300"/>
  <system-out/>
  <testcase classname="com.qa.preph.test.PrephHemorrhoidPainTest" name="verifyRelatedArticleThree" time="5.367"/>
  <system-out/>
  <testcase classname="com.qa.preph.test.PrephHemorrhoidPainTest" name="verifyRelatedArticleReadMoreOne" time="5.942"/>
  <system-out/>
  <testcase classname="com.qa.preph.test.PrephHemorrhoidPainTest" name="verifyRelatedArticleReadMoreTwo" time="5.871"/>
  <system-out/>
  <testcase classname="com.qa.preph.test.PrephHemorrhoidPainTest" name="verifyRelatedArticleReadMoreThree" time="11.760"/>
  <system-out/>
</testsuite> <!-- com.qa.preph.test.PrephHemorrhoidPainTest -->
