<?xml version="1.0" encoding="UTF-8"?>
<!-- Generated by org.testng.reporters.JUnitReportReporter -->
<testsuite hostname="WKWZTPqvmdckJHX" failures="0" tests="22" name="com.qa.biotene.test.BioteneMouthwashTest" time="405.234" errors="1" timestamp="2023-04-03T07:36:54 IST" skipped="2">
  <testcase classname="com.qa.biotene.test.BioteneMouthwashTest" name="cookieButton" time="46.736"/>
  <system-out/>
  <testcase classname="com.qa.biotene.test.BioteneMouthwashTest" name="verifyBreadcrumbOne" time="12.766"/>
  <system-out/>
  <testcase classname="com.qa.biotene.test.BioteneMouthwashTest" name="verifyBreadcrumbTwo" time="12.300"/>
  <system-out/>
  <testcase classname="com.qa.biotene.test.BioteneMouthwashTest" name="verifyBreadcrumbThree" time="18.124"/>
  <system-out/>
  <testcase classname="com.qa.biotene.test.BioteneMouthwashTest" name="verifyBannerBuyNow" time="10.653"/>
  <system-out/>
  <testcase classname="com.qa.biotene.test.BioteneMouthwashTest" name="verifyBannerWriteAReview" time="29.534">
    <error message="Unable to scroll down the page" type="java.lang.Exception">
      <![CDATA[java.lang.Exception: Unable to scroll down the page
at com.qa.baseClass.BaseClass.scrollDownUsingElement(BaseClass.java:344)
at com.qa.biotene.pages.BioteneMouthwashPage.clickBannerWriteAReview(BioteneMouthwashPage.java:214)
at com.qa.biotene.test.BioteneMouthwashTest.verifyBannerWriteAReview(BioteneMouthwashTest.java:93)
at java.base/jdk.internal.reflect.DirectMethodHandleAccessor.invoke(DirectMethodHandleAccessor.java:104)
at java.base/java.lang.reflect.Method.invoke(Method.java:577)
at org.testng.internal.MethodInvocationHelper.invokeMethod(MethodInvocationHelper.java:133)
at org.testng.internal.TestInvoker.invokeMethod(TestInvoker.java:598)
at org.testng.internal.TestInvoker.retryFailed(TestInvoker.java:213)
at org.testng.internal.MethodRunner.runInSequence(MethodRunner.java:58)
at org.testng.internal.TestInvoker$MethodInvocationAgent.invoke(TestInvoker.java:824)
at org.testng.internal.TestInvoker.invokeTestMethods(TestInvoker.java:146)
at org.testng.internal.TestMethodWorker.invokeTestMethods(TestMethodWorker.java:146)
at org.testng.internal.TestMethodWorker.run(TestMethodWorker.java:128)
at java.base/java.util.ArrayList.forEach(ArrayList.java:1511)
at org.testng.TestRunner.privateRun(TestRunner.java:794)
at org.testng.TestRunner.run(TestRunner.java:596)
at org.testng.SuiteRunner.runTest(SuiteRunner.java:377)
at org.testng.SuiteRunner.runSequentially(SuiteRunner.java:371)
at org.testng.SuiteRunner.privateRun(SuiteRunner.java:332)
at org.testng.SuiteRunner.run(SuiteRunner.java:276)
at org.testng.SuiteRunnerWorker.runSuite(SuiteRunnerWorker.java:53)
at org.testng.SuiteRunnerWorker.run(SuiteRunnerWorker.java:96)
at org.testng.TestNG.runSuitesSequentially(TestNG.java:1212)
at org.testng.TestNG.runSuitesLocally(TestNG.java:1134)
at org.testng.TestNG.runSuites(TestNG.java:1063)
at org.testng.TestNG.run(TestNG.java:1031)
at org.testng.remote.AbstractRemoteTestNG.run(AbstractRemoteTestNG.java:115)
at org.testng.remote.RemoteTestNG.initAndRun(RemoteTestNG.java:251)
at org.testng.remote.RemoteTestNG.main(RemoteTestNG.java:77)
]]>
    </error>
  </testcase> <!-- verifyBannerWriteAReview -->
  <system-out/>
  <testcase classname="com.qa.biotene.test.BioteneMouthwashTest" name="verifyBannerWriteAReview" time="25.853">
    <skipped/>
  </testcase> <!-- verifyBannerWriteAReview -->
  <system-out/>
  <testcase classname="com.qa.biotene.test.BioteneMouthwashTest" name="verifyBannerWriteAReview" time="26.454">
    <skipped/>
  </testcase> <!-- verifyBannerWriteAReview -->
  <system-out/>
  <testcase classname="com.qa.biotene.test.BioteneMouthwashTest" name="verifyDryMouthLink" time="23.025"/>
  <system-out/>
  <testcase classname="com.qa.biotene.test.BioteneMouthwashTest" name="verifyExploreResourcesLink" time="15.871"/>
  <system-out/>
  <testcase classname="com.qa.biotene.test.BioteneMouthwashTest" name="verifyBioteneSiteLink" time="12.751"/>
  <system-out/>
  <testcase classname="com.qa.biotene.test.BioteneMouthwashTest" name="verifyLearnMoreOne" time="11.646"/>
  <system-out/>
  <testcase classname="com.qa.biotene.test.BioteneMouthwashTest" name="verifyLearnMoreTwo" time="12.953"/>
  <system-out/>
  <testcase classname="com.qa.biotene.test.BioteneMouthwashTest" name="verifyLearnMoreThree" time="17.883"/>
  <system-out/>
  <testcase classname="com.qa.biotene.test.BioteneMouthwashTest" name="verifyLearnMoreFour" time="13.079"/>
  <system-out/>
  <testcase classname="com.qa.biotene.test.BioteneMouthwashTest" name="verifyLearnMoreFive" time="15.257"/>
  <system-out/>
  <testcase classname="com.qa.biotene.test.BioteneMouthwashTest" name="verifyLearnMoreSix" time="13.521"/>
  <system-out/>
  <testcase classname="com.qa.biotene.test.BioteneMouthwashTest" name="verifyLearnMoreSeven" time="13.601"/>
  <system-out/>
  <testcase classname="com.qa.biotene.test.BioteneMouthwashTest" name="verifyPreviousAndNextArrow" time="12.929"/>
  <system-out/>
  <testcase classname="com.qa.biotene.test.BioteneMouthwashTest" name="verifyGetCoupon" time="28.602"/>
  <system-out/>
  <testcase classname="com.qa.biotene.test.BioteneMouthwashTest" name="verifyTakeTheQuiz" time="16.282"/>
  <system-out/>
  <testcase classname="com.qa.biotene.test.BioteneMouthwashTest" name="verifyShopNow" time="15.414"/>
  <system-out/>
</testsuite> <!-- com.qa.biotene.test.BioteneMouthwashTest -->
