<?xml version="1.0" encoding="UTF-8"?>
<!-- Generated by org.testng.reporters.JUnitReportReporter -->
<testsuite hostname="WKWZTPqvmdckJHX" failures="0" tests="37" name="com.qa.tums.eng.test.TumsfaqsTest" time="463.344" errors="0" timestamp="2023-01-23T12:28:36 IST" skipped="0">
  <testcase classname="com.qa.tums.eng.test.TumsfaqsTest" name="verifyCookie" time="9.524"/>
  <system-out/>
  <testcase classname="com.qa.tums.eng.test.TumsfaqsTest" name="verifyBreadCrumbHome" time="43.796"/>
  <system-out/>
  <testcase classname="com.qa.tums.eng.test.TumsfaqsTest" name="verifyDropDown" time="52.703"/>
  <system-out/>
  <testcase classname="com.qa.tums.eng.test.TumsfaqsTest" name="verifyAntacidBasicsAccordionOne" time="7.594"/>
  <system-out/>
  <testcase classname="com.qa.tums.eng.test.TumsfaqsTest" name="verifyAntacidBasicsAccordionTwo" time="9.484"/>
  <system-out/>
  <testcase classname="com.qa.tums.eng.test.TumsfaqsTest" name="verifyAntacidBasicsAccordionThree" time="10.485"/>
  <system-out/>
  <testcase classname="com.qa.tums.eng.test.TumsfaqsTest" name="verifyAntacidBasicsAccordionFour" time="8.097"/>
  <system-out/>
  <testcase classname="com.qa.tums.eng.test.TumsfaqsTest" name="verifyAntacidBasicsAccordionFive" time="12.634"/>
  <system-out/>
  <testcase classname="com.qa.tums.eng.test.TumsfaqsTest" name="verifyAntacidBasicsAccordionSix" time="11.467"/>
  <system-out/>
  <testcase classname="com.qa.tums.eng.test.TumsfaqsTest" name="verifyAntacidBasicsAccordioneven" time="6.826"/>
  <system-out/>
  <testcase classname="com.qa.tums.eng.test.TumsfaqsTest" name="verifyHealthSymptomsAccordionOne" time="7.931"/>
  <system-out/>
  <testcase classname="com.qa.tums.eng.test.TumsfaqsTest" name="verifyHealthSymptomsAccordionTwo" time="9.554"/>
  <system-out/>
  <testcase classname="com.qa.tums.eng.test.TumsfaqsTest" name="verifyHealthSymptomsAccordionThree" time="7.626"/>
  <system-out/>
  <testcase classname="com.qa.tums.eng.test.TumsfaqsTest" name="verifyHealthSymptomsAccordionFour" time="6.284"/>
  <system-out/>
  <testcase classname="com.qa.tums.eng.test.TumsfaqsTest" name="verifyHealthSymptomsAccordionFive" time="10.647"/>
  <system-out/>
  <testcase classname="com.qa.tums.eng.test.TumsfaqsTest" name="verifyHealthSymptomsAccordionSix" time="8.084"/>
  <system-out/>
  <testcase classname="com.qa.tums.eng.test.TumsfaqsTest" name="verifyHealthSymptomsAccordionSeven" time="6.643"/>
  <system-out/>
  <testcase classname="com.qa.tums.eng.test.TumsfaqsTest" name="verifyHealthSymptomsAccordionEight" time="11.142"/>
  <system-out/>
  <testcase classname="com.qa.tums.eng.test.TumsfaqsTest" name="verifyTumsPregnancyAccordionOne" time="6.066"/>
  <system-out/>
  <testcase classname="com.qa.tums.eng.test.TumsfaqsTest" name="verifyTumsPregnancyAccordionTwo" time="10.227"/>
  <system-out/>
  <testcase classname="com.qa.tums.eng.test.TumsfaqsTest" name="verifyTumsIngredientsAccordionOne" time="6.182"/>
  <system-out/>
  <testcase classname="com.qa.tums.eng.test.TumsfaqsTest" name="verifyTumsIngredientsAccordionTwo" time="11.056"/>
  <system-out/>
  <testcase classname="com.qa.tums.eng.test.TumsfaqsTest" name="verifyTumsIngredientsAccordionThree" time="6.898"/>
  <system-out/>
  <testcase classname="com.qa.tums.eng.test.TumsfaqsTest" name="verifyTumsIngredientsAccordionFour" time="6.897"/>
  <system-out/>
  <testcase classname="com.qa.tums.eng.test.TumsfaqsTest" name="verifyTumsIngredientsAccordionFive" time="7.911"/>
  <system-out/>
  <testcase classname="com.qa.tums.eng.test.TumsfaqsTest" name="verifyTumsIngredientsAccordionSix" time="6.114"/>
  <system-out/>
  <testcase classname="com.qa.tums.eng.test.TumsfaqsTest" name="verifyTumsIngredientsAccordionSeven" time="10.263"/>
  <system-out/>
  <testcase classname="com.qa.tums.eng.test.TumsfaqsTest" name="verifyTumsIngredientsAccordionEight" time="6.820"/>
  <system-out/>
  <testcase classname="com.qa.tums.eng.test.TumsfaqsTest" name="verifyMiscellaneousAccordionOne" time="9.774"/>
  <system-out/>
  <testcase classname="com.qa.tums.eng.test.TumsfaqsTest" name="verifyMiscellaneousAccordionTwo" time="9.291"/>
  <system-out/>
  <testcase classname="com.qa.tums.eng.test.TumsfaqsTest" name="verifyMiscellaneousAccordionThree" time="6.447"/>
  <system-out/>
  <testcase classname="com.qa.tums.eng.test.TumsfaqsTest" name="verifyMiscellaneousAccordionFour" time="8.711"/>
  <system-out/>
  <testcase classname="com.qa.tums.eng.test.TumsfaqsTest" name="verifyMiscellaneousAccordionFive" time="6.195"/>
  <system-out/>
  <testcase classname="com.qa.tums.eng.test.TumsfaqsTest" name="verifyMiscellaneousAccordionSix" time="11.110"/>
  <system-out/>
  <testcase classname="com.qa.tums.eng.test.TumsfaqsTest" name="verifyMiscellaneousAccordionSeven" time="9.252"/>
  <system-out/>
  <testcase classname="com.qa.tums.eng.test.TumsfaqsTest" name="verifyWhereToBuy" time="15.284"/>
  <system-out/>
  <testcase classname="com.qa.tums.eng.test.TumsfaqsTest" name="verifyGetCoupon" time="68.325"/>
  <system-out/>
</testsuite> <!-- com.qa.tums.eng.test.TumsfaqsTest -->
