<?xml version="1.0" encoding="UTF-8"?>
<!-- Generated by org.testng.reporters.JUnitReportReporter -->
<testsuite hostname="WKWZTPqvmdckJHX" failures="0" tests="16" name="com.qa.sensodyne.ca.test.SensodyneCaDeepCleanToothbrushTest" time="110.262" errors="0" timestamp="2023-05-30T12:28:15 IST" skipped="0">
  <testcase classname="com.qa.sensodyne.ca.test.SensodyneCaDeepCleanToothbrushTest" name="verifyBreadcrumbOne" time="9.182"/>
  <system-out/>
  <testcase classname="com.qa.sensodyne.ca.test.SensodyneCaDeepCleanToothbrushTest" name="verifyBreadcrumbTwo" time="12.994"/>
  <system-out/>
  <testcase classname="com.qa.sensodyne.ca.test.SensodyneCaDeepCleanToothbrushTest" name="verifyBreadcrumbThree" time="6.490"/>
  <system-out/>
  <testcase classname="com.qa.sensodyne.ca.test.SensodyneCaDeepCleanToothbrushTest" name="verifyBuyNow" time="5.882"/>
  <system-out/>
  <testcase classname="com.qa.sensodyne.ca.test.SensodyneCaDeepCleanToothbrushTest" name="verifyAvailableProductTextOne" time="6.259"/>
  <system-out/>
  <testcase classname="com.qa.sensodyne.ca.test.SensodyneCaDeepCleanToothbrushTest" name="verifyAvailableProductImgOne" time="8.906"/>
  <system-out/>
  <testcase classname="com.qa.sensodyne.ca.test.SensodyneCaDeepCleanToothbrushTest" name="verifyHyperLinkSensitiveTeeth" time="5.615"/>
  <system-out/>
  <testcase classname="com.qa.sensodyne.ca.test.SensodyneCaDeepCleanToothbrushTest" name="verifyHyperLinkSensodyneToothpaste" time="6.131"/>
  <system-out/>
  <testcase classname="com.qa.sensodyne.ca.test.SensodyneCaDeepCleanToothbrushTest" name="verifyTabSection" time="2.624"/>
  <system-out/>
  <testcase classname="com.qa.sensodyne.ca.test.SensodyneCaDeepCleanToothbrushTest" name="verifyHyperLinkFindOutHowBrushYourTeeth" time="5.756"/>
  <system-out/>
  <testcase classname="com.qa.sensodyne.ca.test.SensodyneCaDeepCleanToothbrushTest" name="verifyMostPopularProductOne" time="5.706"/>
  <system-out/>
  <testcase classname="com.qa.sensodyne.ca.test.SensodyneCaDeepCleanToothbrushTest" name="verifyMostPopularProductTwo" time="7.510"/>
  <system-out/>
  <testcase classname="com.qa.sensodyne.ca.test.SensodyneCaDeepCleanToothbrushTest" name="verifyMostPopularProductThree" time="5.814"/>
  <system-out/>
  <testcase classname="com.qa.sensodyne.ca.test.SensodyneCaDeepCleanToothbrushTest" name="verifyMostPopularProductFour" time="7.622"/>
  <system-out/>
  <testcase classname="com.qa.sensodyne.ca.test.SensodyneCaDeepCleanToothbrushTest" name="verifyMostPopularProductFive" time="5.716"/>
  <system-out/>
  <testcase classname="com.qa.sensodyne.ca.test.SensodyneCaDeepCleanToothbrushTest" name="verifyFindYourStore" time="8.055"/>
  <system-out/>
</testsuite> <!-- com.qa.sensodyne.ca.test.SensodyneCaDeepCleanToothbrushTest -->
