<?xml version="1.0" encoding="UTF-8"?>
<!-- Generated by org.testng.reporters.JUnitReportReporter -->
<testsuite hostname="WKWZTPqvmdckJHX" failures="0" tests="8" name="com.qa.eno.co.in.test.EnoHomeRemediesForHeartburnTest" time="88.670" errors="0" timestamp="2023-03-17T14:36:23 IST" skipped="0">
  <testcase classname="com.qa.eno.co.in.test.EnoHomeRemediesForHeartburnTest" name="verifyReferences" time="3.320"/>
  <system-out/>
  <testcase classname="com.qa.eno.co.in.test.EnoHomeRemediesForHeartburnTest" name="verifyHeartburnDuringPregnancyImg" time="17.141"/>
  <system-out/>
  <testcase classname="com.qa.eno.co.in.test.EnoHomeRemediesForHeartburnTest" name="verifyHeartburnDuringPregnancyText" time="10.255"/>
  <system-out/>
  <testcase classname="com.qa.eno.co.in.test.EnoHomeRemediesForHeartburnTest" name="verifyHeartburnDuringPregnancyPara" time="10.121"/>
  <system-out/>
  <testcase classname="com.qa.eno.co.in.test.EnoHomeRemediesForHeartburnTest" name="verifyWhatIsEnoImg" time="17.895"/>
  <system-out/>
  <testcase classname="com.qa.eno.co.in.test.EnoHomeRemediesForHeartburnTest" name="verifyWhatIsEnoText" time="12.280"/>
  <system-out/>
  <testcase classname="com.qa.eno.co.in.test.EnoHomeRemediesForHeartburnTest" name="verifyWhatIsEnoPara" time="10.103"/>
  <system-out/>
  <testcase classname="com.qa.eno.co.in.test.EnoHomeRemediesForHeartburnTest" name="verifyDidyouKnowSection" time="7.555"/>
  <system-out/>
</testsuite> <!-- com.qa.eno.co.in.test.EnoHomeRemediesForHeartburnTest -->
