<?xml version="1.0" encoding="UTF-8"?>
<!-- Generated by org.testng.reporters.JUnitReportReporter -->
<testsuite hostname="WKWZTPqvmdckJHX" failures="0" tests="11" name="com.qa.biotene.test.BioteneDryMouthSalivaTest" time="302.560" errors="1" timestamp="2023-04-03T07:36:54 IST" skipped="10">
  <testcase classname="com.qa.biotene.test.BioteneDryMouthSalivaTest" name="cookieButton" time="0.000">
    <skipped/>
  </testcase> <!-- cookieButton -->
  <system-out/>
  <testcase classname="com.qa.biotene.test.BioteneDryMouthSalivaTest" name="launchingTheBrowser" time="302.560">
    <error message="Unable to launch two URL" type="java.lang.Exception">
      <![CDATA[java.lang.Exception: Unable to launch two URL
at com.qa.baseClass.BaseClass.launchTwoUrl(BaseClass.java:1056)
at com.qa.biotene.test.BioteneDryMouthSalivaTest.launchingTheBrowser(BioteneDryMouthSalivaTest.java:19)
at java.base/jdk.internal.reflect.DirectMethodHandleAccessor.invoke(DirectMethodHandleAccessor.java:104)
at java.base/java.lang.reflect.Method.invoke(Method.java:577)
at org.testng.internal.MethodInvocationHelper.invokeMethod(MethodInvocationHelper.java:133)
at org.testng.internal.MethodInvocationHelper.invokeMethodConsideringTimeout(MethodInvocationHelper.java:62)
at org.testng.internal.ConfigInvoker.invokeConfigurationMethod(ConfigInvoker.java:385)
at org.testng.internal.ConfigInvoker.invokeConfigurations(ConfigInvoker.java:321)
at org.testng.internal.TestMethodWorker.invokeBeforeClassMethods(TestMethodWorker.java:176)
at org.testng.internal.TestMethodWorker.run(TestMethodWorker.java:122)
at java.base/java.util.ArrayList.forEach(ArrayList.java:1511)
at org.testng.TestRunner.privateRun(TestRunner.java:794)
at org.testng.TestRunner.run(TestRunner.java:596)
at org.testng.SuiteRunner.runTest(SuiteRunner.java:377)
at org.testng.SuiteRunner.runSequentially(SuiteRunner.java:371)
at org.testng.SuiteRunner.privateRun(SuiteRunner.java:332)
at org.testng.SuiteRunner.run(SuiteRunner.java:276)
at org.testng.SuiteRunnerWorker.runSuite(SuiteRunnerWorker.java:53)
at org.testng.SuiteRunnerWorker.run(SuiteRunnerWorker.java:96)
at org.testng.TestNG.runSuitesSequentially(TestNG.java:1212)
at org.testng.TestNG.runSuitesLocally(TestNG.java:1134)
at org.testng.TestNG.runSuites(TestNG.java:1063)
at org.testng.TestNG.run(TestNG.java:1031)
at org.testng.remote.AbstractRemoteTestNG.run(AbstractRemoteTestNG.java:115)
at org.testng.remote.RemoteTestNG.initAndRun(RemoteTestNG.java:251)
at org.testng.remote.RemoteTestNG.main(RemoteTestNG.java:77)
]]>
    </error>
  </testcase> <!-- launchingTheBrowser -->
  <system-out/>
  <testcase classname="com.qa.biotene.test.BioteneDryMouthSalivaTest" name="verifyBreadcrumbOne" time="0.000">
    <skipped/>
  </testcase> <!-- verifyBreadcrumbOne -->
  <system-out/>
  <testcase classname="com.qa.biotene.test.BioteneDryMouthSalivaTest" name="verifyBreadcrumbTwo" time="0.000">
    <skipped/>
  </testcase> <!-- verifyBreadcrumbTwo -->
  <system-out/>
  <testcase classname="com.qa.biotene.test.BioteneDryMouthSalivaTest" name="verifyBreadcrumbThree" time="0.000">
    <skipped/>
  </testcase> <!-- verifyBreadcrumbThree -->
  <system-out/>
  <testcase classname="com.qa.biotene.test.BioteneDryMouthSalivaTest" name="verifyHyperLinkOne" time="0.000">
    <skipped/>
  </testcase> <!-- verifyHyperLinkOne -->
  <system-out/>
  <testcase classname="com.qa.biotene.test.BioteneDryMouthSalivaTest" name="verifyHyperLinkTwo" time="0.000">
    <skipped/>
  </testcase> <!-- verifyHyperLinkTwo -->
  <system-out/>
  <testcase classname="com.qa.biotene.test.BioteneDryMouthSalivaTest" name="verifyHyperLinkThree" time="0.000">
    <skipped/>
  </testcase> <!-- verifyHyperLinkThree -->
  <system-out/>
  <testcase classname="com.qa.biotene.test.BioteneDryMouthSalivaTest" name="verifyReadMore" time="0.000">
    <skipped/>
  </testcase> <!-- verifyReadMore -->
  <system-out/>
  <testcase classname="com.qa.biotene.test.BioteneDryMouthSalivaTest" name="verifyTakeTheQuiz" time="0.000">
    <skipped/>
  </testcase> <!-- verifyTakeTheQuiz -->
  <system-out/>
  <testcase classname="com.qa.biotene.test.BioteneDryMouthSalivaTest" name="verifyShopNow" time="0.000">
    <skipped/>
  </testcase> <!-- verifyShopNow -->
  <system-out/>
</testsuite> <!-- com.qa.biotene.test.BioteneDryMouthSalivaTest -->
