<?xml version="1.0" encoding="UTF-8"?>
<!-- Generated by org.testng.reporters.JUnitReportReporter -->
<testsuite hostname="WKWZTPqvmdckJHX" failures="0" tests="1" name="com.qa.voltarengel.test.volatrengelNewsletterTest" time="15.144" errors="0" timestamp="2023-04-24T15:43:56 IST" skipped="0">
  <testcase classname="com.qa.voltarengel.test.volatrengelNewsletterTest" name="verifyRadio" time="15.144"/>
  <system-out/>
</testsuite> <!-- com.qa.voltarengel.test.volatrengelNewsletterTest -->
