<?xml version="1.0" encoding="UTF-8"?>
<!-- Generated by org.testng.reporters.JUnitReportReporter -->
<testsuite hostname="WKWZTPqvmdckJHX" failures="0" tests="6" name="com.qa.abreva.test.AbrevaStressAtWorkTest" time="91.128" errors="0" timestamp="2023-05-16T23:32:44 IST" skipped="0">
  <testcase classname="com.qa.abreva.test.AbrevaStressAtWorkTest" name="cookieButton" time="7.835"/>
  <system-out/>
  <testcase classname="com.qa.abreva.test.AbrevaStressAtWorkTest" name="verifyBreadcrumbOne" time="14.734"/>
  <system-out/>
  <testcase classname="com.qa.abreva.test.AbrevaStressAtWorkTest" name="verifyWholeCardSecOne" time="15.103"/>
  <system-out/>
  <testcase classname="com.qa.abreva.test.AbrevaStressAtWorkTest" name="verifyWholeCardSecTwo" time="16.233"/>
  <system-out/>
  <testcase classname="com.qa.abreva.test.AbrevaStressAtWorkTest" name="verifyWholeCardSecThree" time="26.118"/>
  <system-out/>
  <testcase classname="com.qa.abreva.test.AbrevaStressAtWorkTest" name="verifyBuyNow" time="11.105"/>
  <system-out/>
</testsuite> <!-- com.qa.abreva.test.AbrevaStressAtWorkTest -->
