<?xml version="1.0" encoding="UTF-8"?>
<!-- Generated by org.testng.reporters.JUnitReportReporter -->
<testsuite hostname="WKWZTPqvmdckJHX" failures="0" tests="3" name="com.qa.sensodyne.us.test.SensodyneProductTest" time="101.115" errors="0" timestamp="2023-01-05T14:54:29 IST" skipped="0">
  <testcase classname="com.qa.sensodyne.us.test.SensodyneProductTest" name="cookieButton" time="33.753"/>
  <system-out/>
  <testcase classname="com.qa.sensodyne.us.test.SensodyneProductTest" name="verifySensodyneNaturalWhite" time="33.523"/>
  <system-out/>
  <testcase classname="com.qa.sensodyne.us.test.SensodyneProductTest" name="verifySensodyneNaturalWhitePrdt" time="33.839"/>
  <system-out/>
</testsuite> <!-- com.qa.sensodyne.us.test.SensodyneProductTest -->
