<?xml version="1.0" encoding="UTF-8"?>
<!-- Generated by org.testng.reporters.JUnitReportReporter -->
<testsuite hostname="WKWZTPqvmdckJHX" failures="0" tests="23" name="com.qa.flonase.test.FlonaseWhenAndWhatIsAllergySeasonTest" time="223.756" errors="0" timestamp="2023-09-25T14:55:36 IST" skipped="0">
  <testcase classname="com.qa.flonase.test.FlonaseWhenAndWhatIsAllergySeasonTest" name="cookieButton" time="4.832"/>
  <system-out/>
  <testcase classname="com.qa.flonase.test.FlonaseWhenAndWhatIsAllergySeasonTest" name="verifyHyperLinkOne" time="7.911"/>
  <system-out/>
  <testcase classname="com.qa.flonase.test.FlonaseWhenAndWhatIsAllergySeasonTest" name="verifyHyperLinkTwo" time="9.285"/>
  <system-out/>
  <testcase classname="com.qa.flonase.test.FlonaseWhenAndWhatIsAllergySeasonTest" name="verifyHyperLinkThree" time="8.838"/>
  <system-out/>
  <testcase classname="com.qa.flonase.test.FlonaseWhenAndWhatIsAllergySeasonTest" name="verifyHyperLinkFour" time="8.937"/>
  <system-out/>
  <testcase classname="com.qa.flonase.test.FlonaseWhenAndWhatIsAllergySeasonTest" name="verifyHyperLinkFive" time="7.332"/>
  <system-out/>
  <testcase classname="com.qa.flonase.test.FlonaseWhenAndWhatIsAllergySeasonTest" name="verifyHyperLinkSix" time="7.520"/>
  <system-out/>
  <testcase classname="com.qa.flonase.test.FlonaseWhenAndWhatIsAllergySeasonTest" name="verifyHyperLinkSeven" time="7.126"/>
  <system-out/>
  <testcase classname="com.qa.flonase.test.FlonaseWhenAndWhatIsAllergySeasonTest" name="verifyHyperLinkEight" time="6.833"/>
  <system-out/>
  <testcase classname="com.qa.flonase.test.FlonaseWhenAndWhatIsAllergySeasonTest" name="verifyHyperLinkNine" time="8.899"/>
  <system-out/>
  <testcase classname="com.qa.flonase.test.FlonaseWhenAndWhatIsAllergySeasonTest" name="verifyHyperLinkTen" time="7.574"/>
  <system-out/>
  <testcase classname="com.qa.flonase.test.FlonaseWhenAndWhatIsAllergySeasonTest" name="verifyHyperLinkEleven" time="7.536"/>
  <system-out/>
  <testcase classname="com.qa.flonase.test.FlonaseWhenAndWhatIsAllergySeasonTest" name="verifyHyperLinkTweleve" time="7.960"/>
  <system-out/>
  <testcase classname="com.qa.flonase.test.FlonaseWhenAndWhatIsAllergySeasonTest" name="verifyHyperLinkThirteen" time="6.853"/>
  <system-out/>
  <testcase classname="com.qa.flonase.test.FlonaseWhenAndWhatIsAllergySeasonTest" name="verifyHyperLinkFourteen" time="7.060"/>
  <system-out/>
  <testcase classname="com.qa.flonase.test.FlonaseWhenAndWhatIsAllergySeasonTest" name="verifyHyperLinkFifteen" time="8.700"/>
  <system-out/>
  <testcase classname="com.qa.flonase.test.FlonaseWhenAndWhatIsAllergySeasonTest" name="verifyHyperLinkSixteen" time="15.373"/>
  <system-out/>
  <testcase classname="com.qa.flonase.test.FlonaseWhenAndWhatIsAllergySeasonTest" name="verifyHyperLinkSeventeen" time="9.604"/>
  <system-out/>
  <testcase classname="com.qa.flonase.test.FlonaseWhenAndWhatIsAllergySeasonTest" name="verifyHyperLinkSeeAllArticles" time="25.033"/>
  <system-out/>
  <testcase classname="com.qa.flonase.test.FlonaseWhenAndWhatIsAllergySeasonTest" name="verifyAllAboutAllergiesArticleOne" time="6.433"/>
  <system-out/>
  <testcase classname="com.qa.flonase.test.FlonaseWhenAndWhatIsAllergySeasonTest" name="verifyAllAboutAllergiesArticleTwo" time="31.268"/>
  <system-out/>
  <testcase classname="com.qa.flonase.test.FlonaseWhenAndWhatIsAllergySeasonTest" name="verifyAllAboutAllergiesArticleThree" time="6.360"/>
  <system-out/>
  <testcase classname="com.qa.flonase.test.FlonaseWhenAndWhatIsAllergySeasonTest" name="verifyBtnBuyNow" time="6.489"/>
  <system-out/>
</testsuite> <!-- com.qa.flonase.test.FlonaseWhenAndWhatIsAllergySeasonTest -->
