<?xml version="1.0" encoding="UTF-8"?>
<!-- Generated by org.testng.reporters.JUnitReportReporter -->
<testsuite hostname="WKWZTPqvmdckJHX" failures="0" tests="4" name="com.qa.drbest.ge.test.drbestVibrationAtemfrischTest" time="89.179" errors="0" timestamp="2023-04-10T02:26:06 IST" skipped="0">
  <testcase classname="com.qa.drbest.ge.test.drbestVibrationAtemfrischTest" name="verifydrbestcookiePopupLink" time="50.484"/>
  <system-out/>
  <testcase classname="com.qa.drbest.ge.test.drbestVibrationAtemfrischTest" name="verifyBuyNow1Link" time="9.706"/>
  <system-out/>
  <testcase classname="com.qa.drbest.ge.test.drbestVibrationAtemfrischTest" name="verifyReviewLink" time="14.449"/>
  <system-out/>
  <testcase classname="com.qa.drbest.ge.test.drbestVibrationAtemfrischTest" name="verifyReview1Link" time="14.540"/>
  <system-out/>
</testsuite> <!-- com.qa.drbest.ge.test.drbestVibrationAtemfrischTest -->
