<?xml version="1.0" encoding="UTF-8"?>
<!-- Generated by org.testng.reporters.JUnitReportReporter -->
<testsuite hostname="WKWZTPqvmdckJHX" failures="2" tests="11" name="com.qa.theraflu.test.TherafluDaytimeSevereColdReliefHoneyGingerFlavorHotLiquidPowderTest" time="130.210" errors="0" timestamp="2023-09-22T12:48:37 IST" skipped="0">
  <testcase classname="com.qa.theraflu.test.TherafluDaytimeSevereColdReliefHoneyGingerFlavorHotLiquidPowderTest" name="cookieButton" time="8.603"/>
  <system-out/>
  <testcase classname="com.qa.theraflu.test.TherafluDaytimeSevereColdReliefHoneyGingerFlavorHotLiquidPowderTest" name="verifyBreadcrumbOne" time="8.985"/>
  <system-out/>
  <testcase classname="com.qa.theraflu.test.TherafluDaytimeSevereColdReliefHoneyGingerFlavorHotLiquidPowderTest" name="verifyBreadcrumbTwo" time="7.710">
    <failure message="expected [products/all/] but found [https://theraflu-com.preprod-cf65.ch.adobecqms.net/products/all/]" type="java.lang.AssertionError">
      <![CDATA[java.lang.AssertionError: expected [products/all/] but found [https://theraflu-com.preprod-cf65.ch.adobecqms.net/products/all/]
at org.testng.Assert.fail(Assert.java:99)
at org.testng.Assert.failNotEquals(Assert.java:1037)
at org.testng.Assert.assertEqualsImpl(Assert.java:140)
at org.testng.Assert.assertEquals(Assert.java:122)
at org.testng.Assert.assertEquals(Assert.java:629)
at org.testng.Assert.assertEquals(Assert.java:639)
at com.qa.baseClass.BaseClass.compareTwoText(BaseClass.java:831)
at com.qa.theraflu.test.TherafluDaytimeSevereColdReliefHoneyGingerFlavorHotLiquidPowderTest.verifyBreadcrumbTwo(TherafluDaytimeSevereColdReliefHoneyGingerFlavorHotLiquidPowderTest.java:63)
at java.base/jdk.internal.reflect.DirectMethodHandleAccessor.invoke(DirectMethodHandleAccessor.java:104)
at java.base/java.lang.reflect.Method.invoke(Method.java:577)
at org.testng.internal.MethodInvocationHelper.invokeMethod(MethodInvocationHelper.java:133)
at org.testng.internal.TestInvoker.invokeMethod(TestInvoker.java:598)
at org.testng.internal.TestInvoker.invokeTestMethod(TestInvoker.java:173)
at org.testng.internal.MethodRunner.runInSequence(MethodRunner.java:46)
at org.testng.internal.TestInvoker$MethodInvocationAgent.invoke(TestInvoker.java:824)
at org.testng.internal.TestInvoker.invokeTestMethods(TestInvoker.java:146)
at org.testng.internal.TestMethodWorker.invokeTestMethods(TestMethodWorker.java:146)
at org.testng.internal.TestMethodWorker.run(TestMethodWorker.java:128)
at java.base/java.util.ArrayList.forEach(ArrayList.java:1511)
at org.testng.TestRunner.privateRun(TestRunner.java:794)
at org.testng.TestRunner.run(TestRunner.java:596)
at org.testng.SuiteRunner.runTest(SuiteRunner.java:377)
at org.testng.SuiteRunner.runSequentially(SuiteRunner.java:371)
at org.testng.SuiteRunner.privateRun(SuiteRunner.java:332)
at org.testng.SuiteRunner.run(SuiteRunner.java:276)
at org.testng.SuiteRunnerWorker.runSuite(SuiteRunnerWorker.java:53)
at org.testng.SuiteRunnerWorker.run(SuiteRunnerWorker.java:96)
at org.testng.TestNG.runSuitesSequentially(TestNG.java:1212)
at org.testng.TestNG.runSuitesLocally(TestNG.java:1134)
at org.testng.TestNG.runSuites(TestNG.java:1063)
at org.testng.TestNG.run(TestNG.java:1031)
at org.testng.remote.AbstractRemoteTestNG.run(AbstractRemoteTestNG.java:115)
at org.testng.remote.RemoteTestNG.initAndRun(RemoteTestNG.java:251)
at org.testng.remote.RemoteTestNG.main(RemoteTestNG.java:77)
]]>
    </failure>
  </testcase> <!-- verifyBreadcrumbTwo -->
  <system-out/>
  <testcase classname="com.qa.theraflu.test.TherafluDaytimeSevereColdReliefHoneyGingerFlavorHotLiquidPowderTest" name="verifyBreadcrumbThree" time="4.380">
    <failure message="expected [false] but found [true]" type="java.lang.AssertionError">
      <![CDATA[java.lang.AssertionError: expected [false] but found [true]
at org.testng.Assert.fail(Assert.java:99)
at org.testng.Assert.failNotEquals(Assert.java:1037)
at org.testng.Assert.assertFalse(Assert.java:67)
at org.testng.Assert.assertFalse(Assert.java:77)
at com.qa.theraflu.pages.TherafluDaytimeSevereColdReliefHoneyGingerFlavorHotLiquidPowderPage.clickBreadcrumbThree(TherafluDaytimeSevereColdReliefHoneyGingerFlavorHotLiquidPowderPage.java:205)
at com.qa.theraflu.test.TherafluDaytimeSevereColdReliefHoneyGingerFlavorHotLiquidPowderTest.verifyBreadcrumbThree(TherafluDaytimeSevereColdReliefHoneyGingerFlavorHotLiquidPowderTest.java:70)
at java.base/jdk.internal.reflect.DirectMethodHandleAccessor.invoke(DirectMethodHandleAccessor.java:104)
at java.base/java.lang.reflect.Method.invoke(Method.java:577)
at org.testng.internal.MethodInvocationHelper.invokeMethod(MethodInvocationHelper.java:133)
at org.testng.internal.TestInvoker.invokeMethod(TestInvoker.java:598)
at org.testng.internal.TestInvoker.invokeTestMethod(TestInvoker.java:173)
at org.testng.internal.MethodRunner.runInSequence(MethodRunner.java:46)
at org.testng.internal.TestInvoker$MethodInvocationAgent.invoke(TestInvoker.java:824)
at org.testng.internal.TestInvoker.invokeTestMethods(TestInvoker.java:146)
at org.testng.internal.TestMethodWorker.invokeTestMethods(TestMethodWorker.java:146)
at org.testng.internal.TestMethodWorker.run(TestMethodWorker.java:128)
at java.base/java.util.ArrayList.forEach(ArrayList.java:1511)
at org.testng.TestRunner.privateRun(TestRunner.java:794)
at org.testng.TestRunner.run(TestRunner.java:596)
at org.testng.SuiteRunner.runTest(SuiteRunner.java:377)
at org.testng.SuiteRunner.runSequentially(SuiteRunner.java:371)
at org.testng.SuiteRunner.privateRun(SuiteRunner.java:332)
at org.testng.SuiteRunner.run(SuiteRunner.java:276)
at org.testng.SuiteRunnerWorker.runSuite(SuiteRunnerWorker.java:53)
at org.testng.SuiteRunnerWorker.run(SuiteRunnerWorker.java:96)
at org.testng.TestNG.runSuitesSequentially(TestNG.java:1212)
at org.testng.TestNG.runSuitesLocally(TestNG.java:1134)
at org.testng.TestNG.runSuites(TestNG.java:1063)
at org.testng.TestNG.run(TestNG.java:1031)
at org.testng.remote.AbstractRemoteTestNG.run(AbstractRemoteTestNG.java:115)
at org.testng.remote.RemoteTestNG.initAndRun(RemoteTestNG.java:251)
at org.testng.remote.RemoteTestNG.main(RemoteTestNG.java:77)
]]>
    </failure>
  </testcase> <!-- verifyBreadcrumbThree -->
  <system-out/>
  <testcase classname="com.qa.theraflu.test.TherafluDaytimeSevereColdReliefHoneyGingerFlavorHotLiquidPowderTest" name="verifyHyperLinkOne" time="9.530"/>
  <system-out/>
  <testcase classname="com.qa.theraflu.test.TherafluDaytimeSevereColdReliefHoneyGingerFlavorHotLiquidPowderTest" name="verifyGetCoupon" time="8.261"/>
  <system-out/>
  <testcase classname="com.qa.theraflu.test.TherafluDaytimeSevereColdReliefHoneyGingerFlavorHotLiquidPowderTest" name="verifyImgCarousel" time="18.081"/>
  <system-out/>
  <testcase classname="com.qa.theraflu.test.TherafluDaytimeSevereColdReliefHoneyGingerFlavorHotLiquidPowderTest" name="verifyAllAcc" time="19.522"/>
  <system-out/>
  <testcase classname="com.qa.theraflu.test.TherafluDaytimeSevereColdReliefHoneyGingerFlavorHotLiquidPowderTest" name="verifyFeaturedProductsOne" time="18.069"/>
  <system-out/>
  <testcase classname="com.qa.theraflu.test.TherafluDaytimeSevereColdReliefHoneyGingerFlavorHotLiquidPowderTest" name="verifyFeaturedProductsTwo" time="12.526"/>
  <system-out/>
  <testcase classname="com.qa.theraflu.test.TherafluDaytimeSevereColdReliefHoneyGingerFlavorHotLiquidPowderTest" name="verifyFeaturedProductsThree" time="14.543"/>
  <system-out/>
</testsuite> <!-- com.qa.theraflu.test.TherafluDaytimeSevereColdReliefHoneyGingerFlavorHotLiquidPowderTest -->
