<?xml version="1.0" encoding="UTF-8"?>
<!-- Generated by org.testng.reporters.JUnitReportReporter -->
<testsuite hostname="WKWZTPqvmdckJHX" failures="0" tests="19" name="com.qa.centrum.eng.test.CentrumSampleHomepageTest" time="338.867" errors="0" timestamp="2022-11-11T10:37:16 IST" skipped="0">
  <testcase classname="com.qa.centrum.eng.test.CentrumSampleHomepageTest" name="cookieAndGigyaPopUp" time="11.921"/>
  <system-out/>
  <testcase classname="com.qa.centrum.eng.test.CentrumSampleHomepageTest" name="GetStartedButton" time="13.774"/>
  <system-out/>
  <testcase classname="com.qa.centrum.eng.test.CentrumSampleHomepageTest" name="Learn1Button" time="16.200"/>
  <system-out/>
  <testcase classname="com.qa.centrum.eng.test.CentrumSampleHomepageTest" name="Learn2Button" time="14.142"/>
  <system-out/>
  <testcase classname="com.qa.centrum.eng.test.CentrumSampleHomepageTest" name="AboutButton" time="12.794"/>
  <system-out/>
  <testcase classname="com.qa.centrum.eng.test.CentrumSampleHomepageTest" name="Learn3Button" time="13.208"/>
  <system-out/>
  <testcase classname="com.qa.centrum.eng.test.CentrumSampleHomepageTest" name="ViewallButton" time="15.974"/>
  <system-out/>
  <testcase classname="com.qa.centrum.eng.test.CentrumSampleHomepageTest" name="verifyRoundedPillOne" time="15.700"/>
  <system-out/>
  <testcase classname="com.qa.centrum.eng.test.CentrumSampleHomepageTest" name="verifyRoundedPillTwo" time="20.003"/>
  <system-out/>
  <testcase classname="com.qa.centrum.eng.test.CentrumSampleHomepageTest" name="verifyRoundedPillThree" time="17.229"/>
  <system-out/>
  <testcase classname="com.qa.centrum.eng.test.CentrumSampleHomepageTest" name="verifyRoundedPillFour" time="15.312"/>
  <system-out/>
  <testcase classname="com.qa.centrum.eng.test.CentrumSampleHomepageTest" name="verifyFeaturedProductOne" time="19.455"/>
  <system-out/>
  <testcase classname="com.qa.centrum.eng.test.CentrumSampleHomepageTest" name="verifyWomenBuyNowAndCompare" time="22.490"/>
  <system-out/>
  <testcase classname="com.qa.centrum.eng.test.CentrumSampleHomepageTest" name="verifyFeaturedProductTwo" time="15.279"/>
  <system-out/>
  <testcase classname="com.qa.centrum.eng.test.CentrumSampleHomepageTest" name="verifyMenBuyAndCompare" time="21.745"/>
  <system-out/>
  <testcase classname="com.qa.centrum.eng.test.CentrumSampleHomepageTest" name="verifyFeaturedProductThree" time="17.922"/>
  <system-out/>
  <testcase classname="com.qa.centrum.eng.test.CentrumSampleHomepageTest" name="verifyKidsTropicalPuchBuyNowAndCompare" time="27.116"/>
  <system-out/>
  <testcase classname="com.qa.centrum.eng.test.CentrumSampleHomepageTest" name="verifyFeaturedProductFour" time="22.380"/>
  <system-out/>
  <testcase classname="com.qa.centrum.eng.test.CentrumSampleHomepageTest" name="verifyAdultsBuyNowAndCompare" time="26.223"/>
  <system-out/>
</testsuite> <!-- com.qa.centrum.eng.test.CentrumSampleHomepageTest -->
