<?xml version="1.0" encoding="UTF-8"?>
<!-- Generated by org.testng.reporters.JUnitReportReporter -->
<testsuite hostname="WKWZTPqvmdckJHX" failures="0" tests="11" name="com.qa.sensodyne.us.test.SensodyneAssessingToothpain_Test" time="176.735" errors="0" timestamp="2023-01-04T11:00:16 IST" skipped="0">
  <testcase classname="com.qa.sensodyne.us.test.SensodyneAssessingToothpain_Test" name="cookieButton" time="84.879"/>
  <system-out/>
  <testcase classname="com.qa.sensodyne.us.test.SensodyneAssessingToothpain_Test" name="VerifyWhiteningSensitiveTeethBreadCrumbs_Button" time="4.552"/>
  <system-out/>
  <testcase classname="com.qa.sensodyne.us.test.SensodyneAssessingToothpain_Test" name="VerifyShockpaintoothsensitivityBreadCrumbs_Button" time="4.702"/>
  <system-out/>
  <testcase classname="com.qa.sensodyne.us.test.SensodyneAssessingToothpain_Test" name="VerifyShortsharppain_Button" time="14.230"/>
  <system-out/>
  <testcase classname="com.qa.sensodyne.us.test.SensodyneAssessingToothpain_Test" name="Verifyenamelerosion_Button" time="11.204"/>
  <system-out/>
  <testcase classname="com.qa.sensodyne.us.test.SensodyneAssessingToothpain_Test" name="VerifySensodyne_Button" time="8.295"/>
  <system-out/>
  <testcase classname="com.qa.sensodyne.us.test.SensodyneAssessingToothpain_Test" name="VerifySymptonssensitivity_Button" time="8.337"/>
  <system-out/>
  <testcase classname="com.qa.sensodyne.us.test.SensodyneAssessingToothpain_Test" name="VerifyRelatedArticle1_Button" time="11.142"/>
  <system-out/>
  <testcase classname="com.qa.sensodyne.us.test.SensodyneAssessingToothpain_Test" name="VerifyRelatedArticle2_Button" time="11.119"/>
  <system-out/>
  <testcase classname="com.qa.sensodyne.us.test.SensodyneAssessingToothpain_Test" name="VerifyRelatedArticle3_Button" time="10.003"/>
  <system-out/>
  <testcase classname="com.qa.sensodyne.us.test.SensodyneAssessingToothpain_Test" name="VerifyRelatedArticle4_Button" time="8.272"/>
  <system-out/>
</testsuite> <!-- com.qa.sensodyne.us.test.SensodyneAssessingToothpain_Test -->
