<?xml version="1.0" encoding="UTF-8"?>
<!-- Generated by org.testng.reporters.JUnitReportReporter -->
<testsuite hostname="WKWZTPqvmdckJHX" failures="1" tests="18" name="com.qa.biotene.test.biotenefoodtohelpdrymouthTest" time="326.439" errors="0" timestamp="2023-04-03T07:36:54 IST" skipped="2">
  <testcase classname="com.qa.biotene.test.biotenefoodtohelpdrymouthTest" name="verifyBiotenecookiePopupLink" time="124.527"/>
  <system-out/>
  <testcase classname="com.qa.biotene.test.biotenefoodtohelpdrymouthTest" name="verifyHomeBreadcrumbsLink" time="8.327"/>
  <system-out/>
  <testcase classname="com.qa.biotene.test.biotenefoodtohelpdrymouthTest" name="verifyImpactOralHealthbreadcrumbs" time="7.439"/>
  <system-out/>
  <testcase classname="com.qa.biotene.test.biotenefoodtohelpdrymouthTest" name="verifyFoodthatcanhelpdrymouthbreadcrumbs" time="7.539"/>
  <system-out/>
  <testcase classname="com.qa.biotene.test.biotenefoodtohelpdrymouthTest" name="verifydrymouth" time="7.690"/>
  <system-out/>
  <testcase classname="com.qa.biotene.test.biotenefoodtohelpdrymouthTest" name="verifySalvia" time="11.316"/>
  <system-out/>
  <testcase classname="com.qa.biotene.test.biotenefoodtohelpdrymouthTest" name="verifyDrinkingwater" time="11.578"/>
  <system-out/>
  <testcase classname="com.qa.biotene.test.biotenefoodtohelpdrymouthTest" name="verifyOralRinseMouthwash" time="18.768"/>
  <system-out/>
  <testcase classname="com.qa.biotene.test.biotenefoodtohelpdrymouthTest" name="verifyGentleOralRinse" time="12.406"/>
  <system-out/>
  <testcase classname="com.qa.biotene.test.biotenefoodtohelpdrymouthTest" name="verifyDrymouthLozenges" time="13.422"/>
  <system-out/>
  <testcase classname="com.qa.biotene.test.biotenefoodtohelpdrymouthTest" name="verifyBioteneMoisturizingspray" time="13.278"/>
  <system-out/>
  <testcase classname="com.qa.biotene.test.biotenefoodtohelpdrymouthTest" name="verifyBestpicnicfood" time="11.220">
    <skipped/>
  </testcase> <!-- verifyBestpicnicfood -->
  <system-out/>
  <testcase classname="com.qa.biotene.test.biotenefoodtohelpdrymouthTest" name="verifyBestpicnicfood" time="9.783">
    <failure message="expected [amp/living-with-dry-mouth/dry-mouth-tips/dry-mouth-friendly-picnic-food.html] but found [https://www.biotene.com/amp/living-with-dry-mouth/dry-mouth-tips/dry-mouth-friendly-picnic-food.html]" type="java.lang.AssertionError">
      <![CDATA[java.lang.AssertionError: expected [amp/living-with-dry-mouth/dry-mouth-tips/dry-mouth-friendly-picnic-food.html] but found [https://www.biotene.com/amp/living-with-dry-mouth/dry-mouth-tips/dry-mouth-friendly-picnic-food.html]
at org.testng.Assert.fail(Assert.java:99)
at org.testng.Assert.failNotEquals(Assert.java:1037)
at org.testng.Assert.assertEqualsImpl(Assert.java:140)
at org.testng.Assert.assertEquals(Assert.java:122)
at org.testng.Assert.assertEquals(Assert.java:629)
at org.testng.Assert.assertEquals(Assert.java:639)
at com.qa.baseClass.BaseClass.compareTwoText(BaseClass.java:814)
at com.qa.biotene.test.biotenefoodtohelpdrymouthTest.verifyBestpicnicfood(biotenefoodtohelpdrymouthTest.java:170)
at java.base/jdk.internal.reflect.DirectMethodHandleAccessor.invoke(DirectMethodHandleAccessor.java:104)
at java.base/java.lang.reflect.Method.invoke(Method.java:577)
at org.testng.internal.MethodInvocationHelper.invokeMethod(MethodInvocationHelper.java:133)
at org.testng.internal.TestInvoker.invokeMethod(TestInvoker.java:598)
at org.testng.internal.TestInvoker.retryFailed(TestInvoker.java:213)
at org.testng.internal.MethodRunner.runInSequence(MethodRunner.java:58)
at org.testng.internal.TestInvoker$MethodInvocationAgent.invoke(TestInvoker.java:824)
at org.testng.internal.TestInvoker.invokeTestMethods(TestInvoker.java:146)
at org.testng.internal.TestMethodWorker.invokeTestMethods(TestMethodWorker.java:146)
at org.testng.internal.TestMethodWorker.run(TestMethodWorker.java:128)
at java.base/java.util.ArrayList.forEach(ArrayList.java:1511)
at org.testng.TestRunner.privateRun(TestRunner.java:794)
at org.testng.TestRunner.run(TestRunner.java:596)
at org.testng.SuiteRunner.runTest(SuiteRunner.java:377)
at org.testng.SuiteRunner.runSequentially(SuiteRunner.java:371)
at org.testng.SuiteRunner.privateRun(SuiteRunner.java:332)
at org.testng.SuiteRunner.run(SuiteRunner.java:276)
at org.testng.SuiteRunnerWorker.runSuite(SuiteRunnerWorker.java:53)
at org.testng.SuiteRunnerWorker.run(SuiteRunnerWorker.java:96)
at org.testng.TestNG.runSuitesSequentially(TestNG.java:1212)
at org.testng.TestNG.runSuitesLocally(TestNG.java:1134)
at org.testng.TestNG.runSuites(TestNG.java:1063)
at org.testng.TestNG.run(TestNG.java:1031)
at org.testng.remote.AbstractRemoteTestNG.run(AbstractRemoteTestNG.java:115)
at org.testng.remote.RemoteTestNG.initAndRun(RemoteTestNG.java:251)
at org.testng.remote.RemoteTestNG.main(RemoteTestNG.java:77)
]]>
    </failure>
  </testcase> <!-- verifyBestpicnicfood -->
  <system-out/>
  <testcase classname="com.qa.biotene.test.biotenefoodtohelpdrymouthTest" name="verifyBestpicnicfood" time="9.044">
    <skipped/>
  </testcase> <!-- verifyBestpicnicfood -->
  <system-out/>
  <testcase classname="com.qa.biotene.test.biotenefoodtohelpdrymouthTest" name="verifyLivingwithdrymouth" time="11.168"/>
  <system-out/>
  <testcase classname="com.qa.biotene.test.biotenefoodtohelpdrymouthTest" name="verifyMeditationwithdrymouth" time="13.192"/>
  <system-out/>
  <testcase classname="com.qa.biotene.test.biotenefoodtohelpdrymouthTest" name="verifyTakeQuiz" time="11.213"/>
  <system-out/>
  <testcase classname="com.qa.biotene.test.biotenefoodtohelpdrymouthTest" name="verifyShopnow" time="24.529"/>
  <system-out/>
</testsuite> <!-- com.qa.biotene.test.biotenefoodtohelpdrymouthTest -->
