<?xml version="1.0" encoding="UTF-8"?>
<!-- Generated by org.testng.reporters.JUnitReportReporter -->
<testsuite hostname="WKWZTPqvmdckJHX" failures="0" tests="9" name="com.qa.sensodyne.us.test.SensodyneTipsHealthyGumTeethTest" time="170.875" errors="0" timestamp="2023-01-24T13:05:29 IST" skipped="0">
  <testcase classname="com.qa.sensodyne.us.test.SensodyneTipsHealthyGumTeethTest" name="cookieButton" time="8.221"/>
  <system-out/>
  <testcase classname="com.qa.sensodyne.us.test.SensodyneTipsHealthyGumTeethTest" name="verifyGumHealth" time="30.661"/>
  <system-out/>
  <testcase classname="com.qa.sensodyne.us.test.SensodyneTipsHealthyGumTeethTest" name="verifyGumDisease" time="27.328"/>
  <system-out/>
  <testcase classname="com.qa.sensodyne.us.test.SensodyneTipsHealthyGumTeethTest" name="verifySensodyneSite" time="20.861"/>
  <system-out/>
  <testcase classname="com.qa.sensodyne.us.test.SensodyneTipsHealthyGumTeethTest" name="verifyRelatedArticleOne" time="17.702"/>
  <system-out/>
  <testcase classname="com.qa.sensodyne.us.test.SensodyneTipsHealthyGumTeethTest" name="verifyRelatedArticleTwo" time="18.236"/>
  <system-out/>
  <testcase classname="com.qa.sensodyne.us.test.SensodyneTipsHealthyGumTeethTest" name="verifyRelatedArticleThree" time="17.781"/>
  <system-out/>
  <testcase classname="com.qa.sensodyne.us.test.SensodyneTipsHealthyGumTeethTest" name="verifyRelatedArticleFour" time="18.987"/>
  <system-out/>
  <testcase classname="com.qa.sensodyne.us.test.SensodyneTipsHealthyGumTeethTest" name="verifyBreadCrumb" time="11.098"/>
  <system-out/>
</testsuite> <!-- com.qa.sensodyne.us.test.SensodyneTipsHealthyGumTeethTest -->
