<?xml version="1.0" encoding="UTF-8"?>
<!-- Generated by org.testng.reporters.JUnitReportReporter -->
<testsuite hostname="WKWZTPqvmdckJHX" failures="0" tests="6" name="com.qa.abreva.test.AbrevaStressTest" time="135.827" errors="0" timestamp="2023-05-16T23:32:44 IST" skipped="0">
  <testcase classname="com.qa.abreva.test.AbrevaStressTest" name="cookieButton" time="18.581"/>
  <system-out/>
  <testcase classname="com.qa.abreva.test.AbrevaStressTest" name="verifyBreadcrumbOne" time="41.572"/>
  <system-out/>
  <testcase classname="com.qa.abreva.test.AbrevaStressTest" name="verifyWholeCardSecOne" time="29.744"/>
  <system-out/>
  <testcase classname="com.qa.abreva.test.AbrevaStressTest" name="verifyWholeCardSecTwo" time="17.602"/>
  <system-out/>
  <testcase classname="com.qa.abreva.test.AbrevaStressTest" name="verifyWholeCardSecThree" time="17.909"/>
  <system-out/>
  <testcase classname="com.qa.abreva.test.AbrevaStressTest" name="verifyBuyNow" time="10.419"/>
  <system-out/>
</testsuite> <!-- com.qa.abreva.test.AbrevaStressTest -->
