<?xml version="1.0" encoding="UTF-8"?>
<!-- Generated by org.testng.reporters.JUnitReportReporter -->
<testsuite hostname="WKWZTPqvmdckJHX" failures="0" tests="11" name="com.qa.caltrate.eng.test.CaltrateHealthTipsTest" time="51.643" errors="0" timestamp="2023-05-01T22:31:50 IST" skipped="0">
  <testcase classname="com.qa.caltrate.eng.test.CaltrateHealthTipsTest" name="cookieButton" time="3.148"/>
  <system-out/>
  <testcase classname="com.qa.caltrate.eng.test.CaltrateHealthTipsTest" name="verifyFeaturedArticleOne" time="9.735"/>
  <system-out/>
  <testcase classname="com.qa.caltrate.eng.test.CaltrateHealthTipsTest" name="verifyFeaturedArticleTwo" time="4.089"/>
  <system-out/>
  <testcase classname="com.qa.caltrate.eng.test.CaltrateHealthTipsTest" name="verifyFeaturedArticleThree" time="4.177"/>
  <system-out/>
  <testcase classname="com.qa.caltrate.eng.test.CaltrateHealthTipsTest" name="verifyReadMoreOne" time="4.406"/>
  <system-out/>
  <testcase classname="com.qa.caltrate.eng.test.CaltrateHealthTipsTest" name="verifyReadMoreTwo" time="4.268"/>
  <system-out/>
  <testcase classname="com.qa.caltrate.eng.test.CaltrateHealthTipsTest" name="verifyReadMoreThree" time="4.327"/>
  <system-out/>
  <testcase classname="com.qa.caltrate.eng.test.CaltrateHealthTipsTest" name="verifyReadMoreFour" time="4.591"/>
  <system-out/>
  <testcase classname="com.qa.caltrate.eng.test.CaltrateHealthTipsTest" name="verifyReadMoreFive" time="4.584"/>
  <system-out/>
  <testcase classname="com.qa.caltrate.eng.test.CaltrateHealthTipsTest" name="verifyReadMoreSix" time="4.469"/>
  <system-out/>
  <testcase classname="com.qa.caltrate.eng.test.CaltrateHealthTipsTest" name="verifyReadMoreSeven" time="3.849"/>
  <system-out/>
</testsuite> <!-- com.qa.caltrate.eng.test.CaltrateHealthTipsTest -->
