<?xml version="1.0" encoding="UTF-8"?>
<!-- Generated by org.testng.reporters.JUnitReportReporter -->
<testsuite hostname="WKWZTPqvmdckJHX" failures="0" tests="12" name="com.qa.voltarengel.test.VoltarengelAnkleTest" time="116.475" errors="0" timestamp="2023-04-23T23:50:50 IST" skipped="0">
  <testcase classname="com.qa.voltarengel.test.VoltarengelAnkleTest" name="cookieButton" time="5.996"/>
  <system-out/>
  <testcase classname="com.qa.voltarengel.test.VoltarengelAnkleTest" name="verifyBreadcrumbOne" time="10.535"/>
  <system-out/>
  <testcase classname="com.qa.voltarengel.test.VoltarengelAnkleTest" name="verifyBreadcrumbTwo" time="9.380"/>
  <system-out/>
  <testcase classname="com.qa.voltarengel.test.VoltarengelAnkleTest" name="verifyBreadcrumbThree" time="10.174"/>
  <system-out/>
  <testcase classname="com.qa.voltarengel.test.VoltarengelAnkleTest" name="verifyBreadcrumbFour" time="12.950"/>
  <system-out/>
  <testcase classname="com.qa.voltarengel.test.VoltarengelAnkleTest" name="verifyHyperLinkVoltarenArthritisPainGel" time="13.783"/>
  <system-out/>
  <testcase classname="com.qa.voltarengel.test.VoltarengelAnkleTest" name="verifyHyperLinkPain" time="9.829"/>
  <system-out/>
  <testcase classname="com.qa.voltarengel.test.VoltarengelAnkleTest" name="verifyShowReference" time="8.164"/>
  <system-out/>
  <testcase classname="com.qa.voltarengel.test.VoltarengelAnkleTest" name="verifyRelatedArticleReadMoreOne" time="10.884"/>
  <system-out/>
  <testcase classname="com.qa.voltarengel.test.VoltarengelAnkleTest" name="verifyRelatedArticleReadMoreTwo" time="9.281"/>
  <system-out/>
  <testcase classname="com.qa.voltarengel.test.VoltarengelAnkleTest" name="verifyGetCoupons" time="9.138"/>
  <system-out/>
  <testcase classname="com.qa.voltarengel.test.VoltarengelAnkleTest" name="verifyBuyNow" time="6.361"/>
  <system-out/>
</testsuite> <!-- com.qa.voltarengel.test.VoltarengelAnkleTest -->
