<?xml version="1.0" encoding="UTF-8"?>
<!-- Generated by org.testng.reporters.JUnitReportReporter -->
<testsuite hostname="WKWZTPqvmdckJHX" failures="0" tests="20" name="com.qa.caltrate.eng.test.Caltratecalciumsupplementproducts600d3Test" time="110.064" errors="0" timestamp="2023-02-09T13:02:41 IST" skipped="0">
  <testcase classname="com.qa.caltrate.eng.test.Caltratecalciumsupplementproducts600d3Test" name="verifyCookieLink" time="4.383"/>
  <system-out/>
  <testcase classname="com.qa.caltrate.eng.test.Caltratecalciumsupplementproducts600d3Test" name="verifyhomebreadcrumbsLink" time="6.512"/>
  <system-out/>
  <testcase classname="com.qa.caltrate.eng.test.Caltratecalciumsupplementproducts600d3Test" name="verifyProductsbreadcrumbsLink" time="5.411"/>
  <system-out/>
  <testcase classname="com.qa.caltrate.eng.test.Caltratecalciumsupplementproducts600d3Test" name="verifyCaltrate600d3ProductsbreadcrumbsLink" time="3.548"/>
  <system-out/>
  <testcase classname="com.qa.caltrate.eng.test.Caltratecalciumsupplementproducts600d3Test" name="verifyBuyNowLink" time="5.835"/>
  <system-out/>
  <testcase classname="com.qa.caltrate.eng.test.Caltratecalciumsupplementproducts600d3Test" name="verifyCaltrate600d3ProductsGetCouponsLink" time="5.711"/>
  <system-out/>
  <testcase classname="com.qa.caltrate.eng.test.Caltratecalciumsupplementproducts600d3Test" name="verifyCaltrategummybitesLink" time="9.909"/>
  <system-out/>
  <testcase classname="com.qa.caltrate.eng.test.Caltratecalciumsupplementproducts600d3Test" name="verifyCaltrategummybites_imgLink" time="5.305"/>
  <system-out/>
  <testcase classname="com.qa.caltrate.eng.test.Caltratecalciumsupplementproducts600d3Test" name="verifyCaltrate600d3softchewsLink" time="4.865"/>
  <system-out/>
  <testcase classname="com.qa.caltrate.eng.test.Caltratecalciumsupplementproducts600d3Test" name="verifyCaltrate600d3softchews_imgLink" time="5.288"/>
  <system-out/>
  <testcase classname="com.qa.caltrate.eng.test.Caltratecalciumsupplementproducts600d3Test" name="verifyCaltrate600d3PlusMineralMinisLink" time="5.076"/>
  <system-out/>
  <testcase classname="com.qa.caltrate.eng.test.Caltratecalciumsupplementproducts600d3Test" name="verifyCaltrate600d3PlusMineralMinis_imgLink" time="6.010"/>
  <system-out/>
  <testcase classname="com.qa.caltrate.eng.test.Caltratecalciumsupplementproducts600d3Test" name="verifyCaltrate600d3PlusMineralLink" time="5.264"/>
  <system-out/>
  <testcase classname="com.qa.caltrate.eng.test.Caltratecalciumsupplementproducts600d3Test" name="verifyCaltrate600d3PlusMineral_imgLink" time="5.414"/>
  <system-out/>
  <testcase classname="com.qa.caltrate.eng.test.Caltratecalciumsupplementproducts600d3Test" name="verifyCaltrate600d3PlusMineralChewablesLink" time="4.491"/>
  <system-out/>
  <testcase classname="com.qa.caltrate.eng.test.Caltratecalciumsupplementproducts600d3Test" name="verifyCaltrate600d3PlusMineralChewables_imgLink" time="4.885"/>
  <system-out/>
  <testcase classname="com.qa.caltrate.eng.test.Caltratecalciumsupplementproducts600d3Test" name="verifyViewAllProductsLink" time="5.458"/>
  <system-out/>
  <testcase classname="com.qa.caltrate.eng.test.Caltratecalciumsupplementproducts600d3Test" name="verifyStorybonesLink" time="5.375"/>
  <system-out/>
  <testcase classname="com.qa.caltrate.eng.test.Caltratecalciumsupplementproducts600d3Test" name="verifyStorybones_imgLink" time="5.239"/>
  <system-out/>
  <testcase classname="com.qa.caltrate.eng.test.Caltratecalciumsupplementproducts600d3Test" name="verifyReadMoreLink" time="6.085"/>
  <system-out/>
</testsuite> <!-- com.qa.caltrate.eng.test.Caltratecalciumsupplementproducts600d3Test -->
