<?xml version="1.0" encoding="UTF-8"?>
<!-- Generated by org.testng.reporters.JUnitReportReporter -->
<testsuite hostname="WKWZTPqvmdckJHX" failures="0" tests="15" name="com.qa.drbest.ge.test.drbestClassichochtiefTest" time="172.566" errors="0" timestamp="2023-04-10T02:26:06 IST" skipped="2">
  <testcase classname="com.qa.drbest.ge.test.drbestClassichochtiefTest" name="verifydrbestcookiePopupLink" time="44.067"/>
  <system-out/>
  <testcase classname="com.qa.drbest.ge.test.drbestClassichochtiefTest" name="verifyBuyNow1Link" time="7.934"/>
  <system-out/>
  <testcase classname="com.qa.drbest.ge.test.drbestClassichochtiefTest" name="verifyReviewLink" time="14.782"/>
  <system-out/>
  <testcase classname="com.qa.drbest.ge.test.drbestClassichochtiefTest" name="verifyReview1Link" time="12.098"/>
  <system-out/>
  <testcase classname="com.qa.drbest.ge.test.drbestClassichochtiefTest" name="verifyInterdentAktivLink" time="8.230"/>
  <system-out/>
  <testcase classname="com.qa.drbest.ge.test.drbestClassichochtiefTest" name="verifyInterdentAktivProductLink" time="7.411"/>
  <system-out/>
  <testcase classname="com.qa.drbest.ge.test.drbestClassichochtiefTest" name="verifyInterdentAktivBuyNowLink" time="9.541">
    <skipped/>
  </testcase> <!-- verifyInterdentAktivBuyNowLink -->
  <system-out/>
  <testcase classname="com.qa.drbest.ge.test.drbestClassichochtiefTest" name="verifyInterdentAktivBuyNowLink" time="11.415"/>
  <system-out/>
  <testcase classname="com.qa.drbest.ge.test.drbestClassichochtiefTest" name="verifyBESTXZwischenzahnLink" time="9.094"/>
  <system-out/>
  <testcase classname="com.qa.drbest.ge.test.drbestClassichochtiefTest" name="verifyBESTXZwischenzahnProductLink" time="8.307"/>
  <system-out/>
  <testcase classname="com.qa.drbest.ge.test.drbestClassichochtiefTest" name="verifyBESTXZwischenzahnBuYnowLink" time="7.867">
    <skipped/>
  </testcase> <!-- verifyBESTXZwischenzahnBuYnowLink -->
  <system-out/>
  <testcase classname="com.qa.drbest.ge.test.drbestClassichochtiefTest" name="verifyBESTXZwischenzahnBuYnowLink" time="7.887"/>
  <system-out/>
  <testcase classname="com.qa.drbest.ge.test.drbestClassichochtiefTest" name="verifyVibrationAstemfrischLink" time="7.730"/>
  <system-out/>
  <testcase classname="com.qa.drbest.ge.test.drbestClassichochtiefTest" name="verifyVibrationAstemfrischProductLink" time="7.453"/>
  <system-out/>
  <testcase classname="com.qa.drbest.ge.test.drbestClassichochtiefTest" name="verifyVibrationAstemfrischBuyNowLink" time="8.750"/>
  <system-out/>
</testsuite> <!-- com.qa.drbest.ge.test.drbestClassichochtiefTest -->
