<?xml version="1.0" encoding="UTF-8"?>
<!-- Generated by org.testng.reporters.JUnitReportReporter -->
<testsuite hostname="WKWZTPqvmdckJHX" failures="0" tests="19" name="com.qa.biotene.test.biotenelivingwithdrymouthQuizTest" time="302.881" errors="0" timestamp="2023-04-03T07:36:54 IST" skipped="0">
  <testcase classname="com.qa.biotene.test.biotenelivingwithdrymouthQuizTest" name="verifyBiotenecookiePopupLink" time="125.590"/>
  <system-out/>
  <testcase classname="com.qa.biotene.test.biotenelivingwithdrymouthQuizTest" name="verifyHomeBreadcrumbsLink" time="8.661"/>
  <system-out/>
  <testcase classname="com.qa.biotene.test.biotenelivingwithdrymouthQuizTest" name="verifyLivingdrymouthLinkbreadcrumbs" time="8.545"/>
  <system-out/>
  <testcase classname="com.qa.biotene.test.biotenelivingwithdrymouthQuizTest" name="verifyCaregiversbreadcrumbsLink" time="7.821"/>
  <system-out/>
  <testcase classname="com.qa.biotene.test.biotenelivingwithdrymouthQuizTest" name="verifyQuizLovedonesbreadcrumbsLink" time="9.780"/>
  <system-out/>
  <testcase classname="com.qa.biotene.test.biotenelivingwithdrymouthQuizTest" name="verifylovedonesdailymedicationsLink" time="8.689"/>
  <system-out/>
  <testcase classname="com.qa.biotene.test.biotenelivingwithdrymouthQuizTest" name="verifyUndegoingCancerTreatmentLink" time="9.154"/>
  <system-out/>
  <testcase classname="com.qa.biotene.test.biotenelivingwithdrymouthQuizTest" name="verifydotheyhaveDiabetesLink" time="8.094"/>
  <system-out/>
  <testcase classname="com.qa.biotene.test.biotenelivingwithdrymouthQuizTest" name="verifyInhalersorAsthmaLink" time="9.443"/>
  <system-out/>
  <testcase classname="com.qa.biotene.test.biotenelivingwithdrymouthQuizTest" name="verifyDotheysmokeAlcholLink" time="7.579"/>
  <system-out/>
  <testcase classname="com.qa.biotene.test.biotenelivingwithdrymouthQuizTest" name="verifyAretheyFrequentlyThirstyLink" time="9.433"/>
  <system-out/>
  <testcase classname="com.qa.biotene.test.biotenelivingwithdrymouthQuizTest" name="verifyTongueorlipsdryLink" time="7.796"/>
  <system-out/>
  <testcase classname="com.qa.biotene.test.biotenelivingwithdrymouthQuizTest" name="verifyDotheywakeupnightLink" time="9.303"/>
  <system-out/>
  <testcase classname="com.qa.biotene.test.biotenelivingwithdrymouthQuizTest" name="verifyHalitosisLink" time="12.882"/>
  <system-out/>
  <testcase classname="com.qa.biotene.test.biotenelivingwithdrymouthQuizTest" name="verifyDifficultydryfoodsLink" time="7.903"/>
  <system-out/>
  <testcase classname="com.qa.biotene.test.biotenelivingwithdrymouthQuizTest" name="verifyThankYouLink" time="10.395"/>
  <system-out/>
  <testcase classname="com.qa.biotene.test.biotenelivingwithdrymouthQuizTest" name="verifyRelievedrymouthNightLink" time="17.318"/>
  <system-out/>
  <testcase classname="com.qa.biotene.test.biotenelivingwithdrymouthQuizTest" name="verifyLearnaboutSymptomsLink" time="12.209"/>
  <system-out/>
  <testcase classname="com.qa.biotene.test.biotenelivingwithdrymouthQuizTest" name="verifyFreshenBadbreatheLink" time="12.286"/>
  <system-out/>
</testsuite> <!-- com.qa.biotene.test.biotenelivingwithdrymouthQuizTest -->
