<?xml version="1.0" encoding="UTF-8"?>
<!-- Generated by org.testng.reporters.JUnitReportReporter -->
<testsuite hostname="WKWZTPqvmdckJHX" failures="0" tests="7" name="com.qa.eno.co.in.test.EnoProductsTest" time="133.876" errors="0" timestamp="2023-03-16T17:59:18 IST" skipped="0">
  <testcase classname="com.qa.eno.co.in.test.EnoProductsTest" name="verifySachetLemon" time="15.439"/>
  <system-out/>
  <testcase classname="com.qa.eno.co.in.test.EnoProductsTest" name="verifySachetCola" time="18.434"/>
  <system-out/>
  <testcase classname="com.qa.eno.co.in.test.EnoProductsTest" name="verifySachetOrange" time="17.230"/>
  <system-out/>
  <testcase classname="com.qa.eno.co.in.test.EnoProductsTest" name="verifySachetAjwain" time="20.741"/>
  <system-out/>
  <testcase classname="com.qa.eno.co.in.test.EnoProductsTest" name="verifySachetMusambi" time="17.791"/>
  <system-out/>
  <testcase classname="com.qa.eno.co.in.test.EnoProductsTest" name="verifyBottleLemon" time="17.581"/>
  <system-out/>
  <testcase classname="com.qa.eno.co.in.test.EnoProductsTest" name="verifyBottleOrange" time="26.660"/>
  <system-out/>
</testsuite> <!-- com.qa.eno.co.in.test.EnoProductsTest -->
