<?xml version="1.0" encoding="UTF-8"?>
<!-- Generated by org.testng.reporters.JUnitReportReporter -->
<testsuite hostname="WKWZTPqvmdckJHX" failures="0" tests="25" name="com.qa.caltrate.eng.test.CaltrateyourbonesbeyondTest" time="132.790" errors="0" timestamp="2023-02-09T13:02:42 IST" skipped="0">
  <testcase classname="com.qa.caltrate.eng.test.CaltrateyourbonesbeyondTest" name="verifyCookieLink" time="4.674"/>
  <system-out/>
  <testcase classname="com.qa.caltrate.eng.test.CaltrateyourbonesbeyondTest" name="verifyhomebreadcrumbsLink" time="7.297"/>
  <system-out/>
  <testcase classname="com.qa.caltrate.eng.test.CaltrateyourbonesbeyondTest" name="verifyBoneHealthCentralbreadcrumbsLink" time="5.726"/>
  <system-out/>
  <testcase classname="com.qa.caltrate.eng.test.CaltrateyourbonesbeyondTest" name="verifyInteractiveToolsbreadcrumbsLink" time="6.300"/>
  <system-out/>
  <testcase classname="com.qa.caltrate.eng.test.CaltrateyourbonesbeyondTest" name="verifyCaltrateyourbonesbeyondbreadcrumbsLink" time="6.816"/>
  <system-out/>
  <testcase classname="com.qa.caltrate.eng.test.CaltrateyourbonesbeyondTest" name="verifyHormonesLink" time="4.210"/>
  <system-out/>
  <testcase classname="com.qa.caltrate.eng.test.CaltrateyourbonesbeyondTest" name="verifyTeethLink" time="3.430"/>
  <system-out/>
  <testcase classname="com.qa.caltrate.eng.test.CaltrateyourbonesbeyondTest" name="verifyTeethMusclesLink" time="3.912"/>
  <system-out/>
  <testcase classname="com.qa.caltrate.eng.test.CaltrateyourbonesbeyondTest" name="verifyNervesLink" time="3.666"/>
  <system-out/>
  <testcase classname="com.qa.caltrate.eng.test.CaltrateyourbonesbeyondTest" name="verifyEnzymesLink" time="3.367"/>
  <system-out/>
  <testcase classname="com.qa.caltrate.eng.test.CaltrateyourbonesbeyondTest" name="verifyearlylifebonesLink" time="3.648"/>
  <system-out/>
  <testcase classname="com.qa.caltrate.eng.test.CaltrateyourbonesbeyondTest" name="verifyMaintainingBoneStrengthLink" time="3.840"/>
  <system-out/>
  <testcase classname="com.qa.caltrate.eng.test.CaltrateyourbonesbeyondTest" name="verifyBloodClothingLink" time="8.350"/>
  <system-out/>
  <testcase classname="com.qa.caltrate.eng.test.CaltrateyourbonesbeyondTest" name="verifycalciumcarbonateImgLink" time="5.934"/>
  <system-out/>
  <testcase classname="com.qa.caltrate.eng.test.CaltrateyourbonesbeyondTest" name="verifycalciumcarbonateLink" time="5.924"/>
  <system-out/>
  <testcase classname="com.qa.caltrate.eng.test.CaltrateyourbonesbeyondTest" name="verifycalciumcarbonateFindOutLink" time="5.750"/>
  <system-out/>
  <testcase classname="com.qa.caltrate.eng.test.CaltrateyourbonesbeyondTest" name="verifycalciumsoftchewproductLink" time="5.751"/>
  <system-out/>
  <testcase classname="com.qa.caltrate.eng.test.CaltrateyourbonesbeyondTest" name="verifyAllArticlesLink" time="4.533"/>
  <system-out/>
  <testcase classname="com.qa.caltrate.eng.test.CaltrateyourbonesbeyondTest" name="verifyAllRecipesLink" time="5.721"/>
  <system-out/>
  <testcase classname="com.qa.caltrate.eng.test.CaltrateyourbonesbeyondTest" name="verifyAllHealthTipsLink" time="5.304"/>
  <system-out/>
  <testcase classname="com.qa.caltrate.eng.test.CaltrateyourbonesbeyondTest" name="verifyAllInteractivetoolsLink" time="5.857"/>
  <system-out/>
  <testcase classname="com.qa.caltrate.eng.test.CaltrateyourbonesbeyondTest" name="verifyCalciumCarbonateViewLink" time="5.563"/>
  <system-out/>
  <testcase classname="com.qa.caltrate.eng.test.CaltrateyourbonesbeyondTest" name="verifyVitaminDViewLink" time="5.442"/>
  <system-out/>
  <testcase classname="com.qa.caltrate.eng.test.CaltrateyourbonesbeyondTest" name="verifyOestoporosisViewLink" time="6.610"/>
  <system-out/>
  <testcase classname="com.qa.caltrate.eng.test.CaltrateyourbonesbeyondTest" name="verifycalciumSupplementsViewLink" time="5.165"/>
  <system-out/>
</testsuite> <!-- com.qa.caltrate.eng.test.CaltrateyourbonesbeyondTest -->
