<?xml version="1.0" encoding="UTF-8"?>
<!-- Generated by org.testng.reporters.JUnitReportReporter -->
<testsuite hostname="WKWZTPqvmdckJHX" failures="0" tests="1" name="com.qa.theraflu.test.TherafluFluRemediesTest" time="16.058" errors="0" timestamp="2023-08-28T13:27:49 IST" skipped="0">
  <testcase classname="com.qa.theraflu.test.TherafluFluRemediesTest" name="cookieButton" time="16.058"/>
  <system-out/>
</testsuite> <!-- com.qa.theraflu.test.TherafluFluRemediesTest -->
