<?xml version="1.0" encoding="UTF-8"?>
<!-- Generated by org.testng.reporters.JUnitReportReporter -->
<testsuite hostname="WKWZTPqvmdckJHX" failures="0" tests="5" name="com.qa.caltrate.eng.test.CaltrateFooterTest" time="30.733" errors="0" timestamp="2023-02-09T13:02:41 IST" skipped="0">
  <testcase classname="com.qa.caltrate.eng.test.CaltrateFooterTest" name="verifyCookieLink" time="3.603"/>
  <system-out/>
  <testcase classname="com.qa.caltrate.eng.test.CaltrateFooterTest" name="verifyContactUsLink" time="5.921"/>
  <system-out/>
  <testcase classname="com.qa.caltrate.eng.test.CaltrateFooterTest" name="verifySiteMapLink" time="5.776"/>
  <system-out/>
  <testcase classname="com.qa.caltrate.eng.test.CaltrateFooterTest" name="verifyQualityLink" time="5.638"/>
  <system-out/>
  <testcase classname="com.qa.caltrate.eng.test.CaltrateFooterTest" name="verifyFacebookLink" time="9.795"/>
  <system-out/>
</testsuite> <!-- com.qa.caltrate.eng.test.CaltrateFooterTest -->
