<?xml version="1.0" encoding="UTF-8"?>
<!-- Generated by org.testng.reporters.JUnitReportReporter -->
<testsuite hostname="WKWZTPqvmdckJHX" failures="0" tests="8" name="com.qa.abreva.test.AbrevaExerciseTest" time="121.428" errors="0" timestamp="2023-05-16T23:32:44 IST" skipped="0">
  <testcase classname="com.qa.abreva.test.AbrevaExerciseTest" name="cookieButton" time="8.671"/>
  <system-out/>
  <testcase classname="com.qa.abreva.test.AbrevaExerciseTest" name="verifyBreadcrumbOne" time="11.400"/>
  <system-out/>
  <testcase classname="com.qa.abreva.test.AbrevaExerciseTest" name="verifyHyperLinkColdSoreTrigger" time="11.302"/>
  <system-out/>
  <testcase classname="com.qa.abreva.test.AbrevaExerciseTest" name="verifyHyperLinkStress" time="39.634"/>
  <system-out/>
  <testcase classname="com.qa.abreva.test.AbrevaExerciseTest" name="verifyWholeCardSecOne" time="12.686"/>
  <system-out/>
  <testcase classname="com.qa.abreva.test.AbrevaExerciseTest" name="verifyWholeCardSecTwo" time="15.742"/>
  <system-out/>
  <testcase classname="com.qa.abreva.test.AbrevaExerciseTest" name="verifyWholeCardSecThree" time="13.568"/>
  <system-out/>
  <testcase classname="com.qa.abreva.test.AbrevaExerciseTest" name="verifyBuyNow" time="8.425"/>
  <system-out/>
</testsuite> <!-- com.qa.abreva.test.AbrevaExerciseTest -->
