<?xml version="1.0" encoding="UTF-8"?>
<!-- Generated by org.testng.reporters.JUnitReportReporter -->
<testsuite hostname="WKWZTPqvmdckJHX" failures="0" tests="15" name="com.qa.drbest.ge.test.drbestzahnputztechnikkinderTest" time="223.092" errors="0" timestamp="2023-04-10T02:26:06 IST" skipped="0">
  <testcase classname="com.qa.drbest.ge.test.drbestzahnputztechnikkinderTest" name="verifydrbestcookiePopupLink" time="43.668"/>
  <system-out/>
  <testcase classname="com.qa.drbest.ge.test.drbestzahnputztechnikkinderTest" name="verifyKindesLink" time="7.104"/>
  <system-out/>
  <testcase classname="com.qa.drbest.ge.test.drbestzahnputztechnikkinderTest" name="verifyErsteZahneLink" time="6.257"/>
  <system-out/>
  <testcase classname="com.qa.drbest.ge.test.drbestzahnputztechnikkinderTest" name="verifyErsteZahneProductLink" time="7.655"/>
  <system-out/>
  <testcase classname="com.qa.drbest.ge.test.drbestzahnputztechnikkinderTest" name="verifyErsteZahneBuyNowLink" time="13.720"/>
  <system-out/>
  <testcase classname="com.qa.drbest.ge.test.drbestzahnputztechnikkinderTest" name="verifyBuyNowLink" time="43.663"/>
  <system-out/>
  <testcase classname="com.qa.drbest.ge.test.drbestzahnputztechnikkinderTest" name="verifyMilchzahnLink" time="6.511"/>
  <system-out/>
  <testcase classname="com.qa.drbest.ge.test.drbestzahnputztechnikkinderTest" name="verifyMilchzahnProductLink" time="7.416"/>
  <system-out/>
  <testcase classname="com.qa.drbest.ge.test.drbestzahnputztechnikkinderTest" name="verifyMilchzahnBuyNowLink" time="46.855"/>
  <system-out/>
  <testcase classname="com.qa.drbest.ge.test.drbestzahnputztechnikkinderTest" name="verifyArticle1Link" time="6.293"/>
  <system-out/>
  <testcase classname="com.qa.drbest.ge.test.drbestzahnputztechnikkinderTest" name="verifyRelatedLink1Link" time="6.106"/>
  <system-out/>
  <testcase classname="com.qa.drbest.ge.test.drbestzahnputztechnikkinderTest" name="verifyArticle2Link" time="6.888"/>
  <system-out/>
  <testcase classname="com.qa.drbest.ge.test.drbestzahnputztechnikkinderTest" name="verifyRelatedLink2Link" time="6.382"/>
  <system-out/>
  <testcase classname="com.qa.drbest.ge.test.drbestzahnputztechnikkinderTest" name="verifyArticle3Link" time="8.418"/>
  <system-out/>
  <testcase classname="com.qa.drbest.ge.test.drbestzahnputztechnikkinderTest" name="verifyRelatedlink33Link" time="6.156"/>
  <system-out/>
</testsuite> <!-- com.qa.drbest.ge.test.drbestzahnputztechnikkinderTest -->
