<?xml version="1.0" encoding="UTF-8"?>
<!-- Generated by org.testng.reporters.JUnitReportReporter -->
<testsuite hostname="WKWZTPqvmdckJHX" failures="0" tests="9" name="com.qa.rinazina.it.test.RinazinaTuttoSulPoolineTest" time="76.587" errors="0" timestamp="2023-02-16T16:06:13 IST" skipped="0">
  <testcase classname="com.qa.rinazina.it.test.RinazinaTuttoSulPoolineTest" name="cookieButton" time="4.513"/>
  <system-out/>
  <testcase classname="com.qa.rinazina.it.test.RinazinaTuttoSulPoolineTest" name="verifyBreadcrumbOne" time="20.095"/>
  <system-out/>
  <testcase classname="com.qa.rinazina.it.test.RinazinaTuttoSulPoolineTest" name="verifyBreadcrumbTwo" time="6.173"/>
  <system-out/>
  <testcase classname="com.qa.rinazina.it.test.RinazinaTuttoSulPoolineTest" name="verifyBreadcrumbThree" time="2.367"/>
  <system-out/>
  <testcase classname="com.qa.rinazina.it.test.RinazinaTuttoSulPoolineTest" name="verifySollievoDaiLink" time="6.299"/>
  <system-out/>
  <testcase classname="com.qa.rinazina.it.test.RinazinaTuttoSulPoolineTest" name="verifyArticleOne" time="9.569"/>
  <system-out/>
  <testcase classname="com.qa.rinazina.it.test.RinazinaTuttoSulPoolineTest" name="verifyArticleTwo" time="9.715"/>
  <system-out/>
  <testcase classname="com.qa.rinazina.it.test.RinazinaTuttoSulPoolineTest" name="verifyArticleThree" time="8.938"/>
  <system-out/>
  <testcase classname="com.qa.rinazina.it.test.RinazinaTuttoSulPoolineTest" name="verifyArticleFour" time="8.918"/>
  <system-out/>
</testsuite> <!-- com.qa.rinazina.it.test.RinazinaTuttoSulPoolineTest -->
