<?xml version="1.0" encoding="UTF-8"?>
<!-- Generated by org.testng.reporters.JUnitReportReporter -->
<testsuite hostname="WKWZTPqvmdckJHX" failures="0" tests="12" name="com.qa.sensodyne.in.test.SensodyneInExpertToothbrushTest" time="133.849" errors="0" timestamp="2023-07-24T12:21:20 IST" skipped="0">
  <testcase classname="com.qa.sensodyne.in.test.SensodyneInExpertToothbrushTest" name="verifyBreadcrumbOne" time="9.691"/>
  <system-out/>
  <testcase classname="com.qa.sensodyne.in.test.SensodyneInExpertToothbrushTest" name="verifyBreadcrumbTwo" time="14.951"/>
  <system-out/>
  <testcase classname="com.qa.sensodyne.in.test.SensodyneInExpertToothbrushTest" name="verifyBreadcrumbThree" time="8.787"/>
  <system-out/>
  <testcase classname="com.qa.sensodyne.in.test.SensodyneInExpertToothbrushTest" name="verifyBuyNow" time="10.853"/>
  <system-out/>
  <testcase classname="com.qa.sensodyne.in.test.SensodyneInExpertToothbrushTest" name="verifyHyperLinkOne" time="9.815"/>
  <system-out/>
  <testcase classname="com.qa.sensodyne.in.test.SensodyneInExpertToothbrushTest" name="verifyFindYourStore" time="8.739"/>
  <system-out/>
  <testcase classname="com.qa.sensodyne.in.test.SensodyneInExpertToothbrushTest" name="verifyTabSection" time="5.454"/>
  <system-out/>
  <testcase classname="com.qa.sensodyne.in.test.SensodyneInExpertToothbrushTest" name="verifyMostPopularProductOne" time="12.209"/>
  <system-out/>
  <testcase classname="com.qa.sensodyne.in.test.SensodyneInExpertToothbrushTest" name="verifyMostPopularProductTwo" time="15.350"/>
  <system-out/>
  <testcase classname="com.qa.sensodyne.in.test.SensodyneInExpertToothbrushTest" name="verifyMostPopularProductThree" time="12.984"/>
  <system-out/>
  <testcase classname="com.qa.sensodyne.in.test.SensodyneInExpertToothbrushTest" name="verifyMostPopularProductFive" time="8.225"/>
  <system-out/>
  <testcase classname="com.qa.sensodyne.in.test.SensodyneInExpertToothbrushTest" name="verifyMostPopularProductFour" time="16.791"/>
  <system-out/>
</testsuite> <!-- com.qa.sensodyne.in.test.SensodyneInExpertToothbrushTest -->
