<?xml version="1.0" encoding="UTF-8"?>
<!-- Generated by org.testng.reporters.JUnitReportReporter -->
<testsuite hostname="WKWZTPqvmdckJHX" failures="0" tests="28" name="com.qa.drbest.ge.test.drbestParodontitisTest" time="291.399" errors="0" timestamp="2023-04-10T02:26:07 IST" skipped="0">
  <testcase classname="com.qa.drbest.ge.test.drbestParodontitisTest" name="verifydrbestcookiePopupLink" time="44.488"/>
  <system-out/>
  <testcase classname="com.qa.drbest.ge.test.drbestParodontitisTest" name="verifyLink" time="9.296"/>
  <system-out/>
  <testcase classname="com.qa.drbest.ge.test.drbestParodontitisTest" name="verifySlide1Link" time="7.813"/>
  <system-out/>
  <testcase classname="com.qa.drbest.ge.test.drbestParodontitisTest" name="verifySlide2Link" time="6.821"/>
  <system-out/>
  <testcase classname="com.qa.drbest.ge.test.drbestParodontitisTest" name="verifySlide3Link" time="8.841"/>
  <system-out/>
  <testcase classname="com.qa.drbest.ge.test.drbestParodontitisTest" name="verifySlide4Link" time="6.900"/>
  <system-out/>
  <testcase classname="com.qa.drbest.ge.test.drbestParodontitisTest" name="verifyInterdentAktivLink" time="11.016"/>
  <system-out/>
  <testcase classname="com.qa.drbest.ge.test.drbestParodontitisTest" name="verifyInterdentAktivProductLink" time="8.296"/>
  <system-out/>
  <testcase classname="com.qa.drbest.ge.test.drbestParodontitisTest" name="verifyInterdentAktivBuynowLink" time="9.089"/>
  <system-out/>
  <testcase classname="com.qa.drbest.ge.test.drbestParodontitisTest" name="verifyPolimedLink" time="9.602"/>
  <system-out/>
  <testcase classname="com.qa.drbest.ge.test.drbestParodontitisTest" name="verifyPolimedProductLink" time="9.546"/>
  <system-out/>
  <testcase classname="com.qa.drbest.ge.test.drbestParodontitisTest" name="verifyPolimedBuynowLink" time="7.915"/>
  <system-out/>
  <testcase classname="com.qa.drbest.ge.test.drbestParodontitisTest" name="verifyMultiExpertProductLink" time="7.702"/>
  <system-out/>
  <testcase classname="com.qa.drbest.ge.test.drbestParodontitisTest" name="verifyMultiExpertBuynowLink" time="8.529"/>
  <system-out/>
  <testcase classname="com.qa.drbest.ge.test.drbestParodontitisTest" name="verifyQuiz1Link" time="11.384"/>
  <system-out/>
  <testcase classname="com.qa.drbest.ge.test.drbestParodontitisTest" name="verifyQuiz2Link" time="11.710"/>
  <system-out/>
  <testcase classname="com.qa.drbest.ge.test.drbestParodontitisTest" name="verifyQuiz3Link" time="10.893"/>
  <system-out/>
  <testcase classname="com.qa.drbest.ge.test.drbestParodontitisTest" name="verifyQuiz4Link" time="9.900"/>
  <system-out/>
  <testcase classname="com.qa.drbest.ge.test.drbestParodontitisTest" name="verifyQuiz5Link" time="10.339"/>
  <system-out/>
  <testcase classname="com.qa.drbest.ge.test.drbestParodontitisTest" name="verifyQuiz6Link" time="7.075"/>
  <system-out/>
  <testcase classname="com.qa.drbest.ge.test.drbestParodontitisTest" name="verifyQuiz7Link" time="10.730"/>
  <system-out/>
  <testcase classname="com.qa.drbest.ge.test.drbestParodontitisTest" name="verifyQuiz8Link" time="12.745"/>
  <system-out/>
  <testcase classname="com.qa.drbest.ge.test.drbestParodontitisTest" name="verifyArticle1Link" time="7.920"/>
  <system-out/>
  <testcase classname="com.qa.drbest.ge.test.drbestParodontitisTest" name="verifyRelatedLink1Link" time="7.326"/>
  <system-out/>
  <testcase classname="com.qa.drbest.ge.test.drbestParodontitisTest" name="verifyArticle2Link" time="8.111"/>
  <system-out/>
  <testcase classname="com.qa.drbest.ge.test.drbestParodontitisTest" name="verifyLink2Link" time="8.464"/>
  <system-out/>
  <testcase classname="com.qa.drbest.ge.test.drbestParodontitisTest" name="verifyArticle3Link" time="8.336"/>
  <system-out/>
  <testcase classname="com.qa.drbest.ge.test.drbestParodontitisTest" name="verifyLink3Link" time="10.612"/>
  <system-out/>
</testsuite> <!-- com.qa.drbest.ge.test.drbestParodontitisTest -->
