<?xml version="1.0" encoding="UTF-8"?>
<!-- Generated by org.testng.reporters.JUnitReportReporter -->
<testsuite hostname="WKWZTPqvmdckJHX" failures="0" tests="14" name="com.qa.caltrate.eng.test.CaltrateOestoporosisMedicineEnoughTest" time="83.913" errors="0" timestamp="2023-02-09T13:02:41 IST" skipped="0">
  <testcase classname="com.qa.caltrate.eng.test.CaltrateOestoporosisMedicineEnoughTest" name="verifyCookieLink" time="9.151"/>
  <system-out/>
  <testcase classname="com.qa.caltrate.eng.test.CaltrateOestoporosisMedicineEnoughTest" name="verifyCaltrateHomeBreadcrumbsLink" time="3.003"/>
  <system-out/>
  <testcase classname="com.qa.caltrate.eng.test.CaltrateOestoporosisMedicineEnoughTest" name="verifyCaltratehealthprofessionalsBreadcrumbsLink" time="3.242"/>
  <system-out/>
  <testcase classname="com.qa.caltrate.eng.test.CaltrateOestoporosisMedicineEnoughTest" name="verifyOestoporosisMedicineEnoughBreadcrumbsLink" time="2.982"/>
  <system-out/>
  <testcase classname="com.qa.caltrate.eng.test.CaltrateOestoporosisMedicineEnoughTest" name="verifyReduceRiskOestoporosisLink" time="8.010"/>
  <system-out/>
  <testcase classname="com.qa.caltrate.eng.test.CaltrateOestoporosisMedicineEnoughTest" name="verifyFindOutHowLink" time="6.376"/>
  <system-out/>
  <testcase classname="com.qa.caltrate.eng.test.CaltrateOestoporosisMedicineEnoughTest" name="verifyAllArticlesLink" time="7.061"/>
  <system-out/>
  <testcase classname="com.qa.caltrate.eng.test.CaltrateOestoporosisMedicineEnoughTest" name="verifyAllRecipesLink" time="5.770"/>
  <system-out/>
  <testcase classname="com.qa.caltrate.eng.test.CaltrateOestoporosisMedicineEnoughTest" name="verifyAllHealthTipsLink" time="6.021"/>
  <system-out/>
  <testcase classname="com.qa.caltrate.eng.test.CaltrateOestoporosisMedicineEnoughTest" name="verifyAllInteractivetoolsLink" time="6.041"/>
  <system-out/>
  <testcase classname="com.qa.caltrate.eng.test.CaltrateOestoporosisMedicineEnoughTest" name="verifyCalciumCarbonateViewLink" time="6.734"/>
  <system-out/>
  <testcase classname="com.qa.caltrate.eng.test.CaltrateOestoporosisMedicineEnoughTest" name="verifyVitaminDViewLink" time="7.504"/>
  <system-out/>
  <testcase classname="com.qa.caltrate.eng.test.CaltrateOestoporosisMedicineEnoughTest" name="verifyOestoporosisViewLink" time="6.184"/>
  <system-out/>
  <testcase classname="com.qa.caltrate.eng.test.CaltrateOestoporosisMedicineEnoughTest" name="verifycalciumSupplementsViewLink" time="5.834"/>
  <system-out/>
</testsuite> <!-- com.qa.caltrate.eng.test.CaltrateOestoporosisMedicineEnoughTest -->
