<?xml version="1.0" encoding="UTF-8"?>
<!-- Generated by org.testng.reporters.JUnitReportReporter -->
<testsuite hostname="WKWZTPqvmdckJHX" failures="0" tests="10" name="com.qa.drbest.ge.test.drbestProfessionalnatuerlichWeissTest" time="154.906" errors="0" timestamp="2023-04-10T02:26:06 IST" skipped="0">
  <testcase classname="com.qa.drbest.ge.test.drbestProfessionalnatuerlichWeissTest" name="verifydrbestcookiePopupLink" time="45.446"/>
  <system-out/>
  <testcase classname="com.qa.drbest.ge.test.drbestProfessionalnatuerlichWeissTest" name="verifyBuyNow1Link" time="18.805"/>
  <system-out/>
  <testcase classname="com.qa.drbest.ge.test.drbestProfessionalnatuerlichWeissTest" name="verifyReviewLink" time="12.896"/>
  <system-out/>
  <testcase classname="com.qa.drbest.ge.test.drbestProfessionalnatuerlichWeissTest" name="verifyReview1Link" time="14.454"/>
  <system-out/>
  <testcase classname="com.qa.drbest.ge.test.drbestProfessionalnatuerlichWeissTest" name="verifyVibrationPolimedLink" time="11.058"/>
  <system-out/>
  <testcase classname="com.qa.drbest.ge.test.drbestProfessionalnatuerlichWeissTest" name="verifyVibrationPolimedProductLink" time="10.671"/>
  <system-out/>
  <testcase classname="com.qa.drbest.ge.test.drbestProfessionalnatuerlichWeissTest" name="verifyVibrationPolimedBuyNowLink" time="13.580"/>
  <system-out/>
  <testcase classname="com.qa.drbest.ge.test.drbestProfessionalnatuerlichWeissTest" name="verifyPolimedLink" time="8.573"/>
  <system-out/>
  <testcase classname="com.qa.drbest.ge.test.drbestProfessionalnatuerlichWeissTest" name="verifyPolimedProductLink" time="9.787"/>
  <system-out/>
  <testcase classname="com.qa.drbest.ge.test.drbestProfessionalnatuerlichWeissTest" name="verifyPolimedBuyNowLink" time="9.636"/>
  <system-out/>
</testsuite> <!-- com.qa.drbest.ge.test.drbestProfessionalnatuerlichWeissTest -->
