<?xml version="1.0" encoding="UTF-8"?>
<!-- Generated by org.testng.reporters.JUnitReportReporter -->
<testsuite hostname="WKWZTPqvmdckJHX" failures="0" tests="11" name="com.qa.sensodyne.ca.test.SensodyneCaUltraFreshToothpasteTest" time="78.711" errors="0" timestamp="2023-05-23T18:00:33 IST" skipped="0">
  <testcase classname="com.qa.sensodyne.ca.test.SensodyneCaUltraFreshToothpasteTest" name="verifyBreadcrumbOne" time="6.588"/>
  <system-out/>
  <testcase classname="com.qa.sensodyne.ca.test.SensodyneCaUltraFreshToothpasteTest" name="verifyBreadcrumbTwo" time="7.367"/>
  <system-out/>
  <testcase classname="com.qa.sensodyne.ca.test.SensodyneCaUltraFreshToothpasteTest" name="verifyBreadcrumbThree" time="5.791"/>
  <system-out/>
  <testcase classname="com.qa.sensodyne.ca.test.SensodyneCaUltraFreshToothpasteTest" name="verifyBuyNow" time="11.398"/>
  <system-out/>
  <testcase classname="com.qa.sensodyne.ca.test.SensodyneCaUltraFreshToothpasteTest" name="verifyTabSection" time="3.081"/>
  <system-out/>
  <testcase classname="com.qa.sensodyne.ca.test.SensodyneCaUltraFreshToothpasteTest" name="verifyMostPopularProductOne" time="7.272"/>
  <system-out/>
  <testcase classname="com.qa.sensodyne.ca.test.SensodyneCaUltraFreshToothpasteTest" name="verifyMostPopularProductTwo" time="5.894"/>
  <system-out/>
  <testcase classname="com.qa.sensodyne.ca.test.SensodyneCaUltraFreshToothpasteTest" name="verifyMostPopularProductThree" time="9.288"/>
  <system-out/>
  <testcase classname="com.qa.sensodyne.ca.test.SensodyneCaUltraFreshToothpasteTest" name="verifyMostPopularProductFour" time="5.679"/>
  <system-out/>
  <testcase classname="com.qa.sensodyne.ca.test.SensodyneCaUltraFreshToothpasteTest" name="verifyMostPopularProductFive" time="6.236"/>
  <system-out/>
  <testcase classname="com.qa.sensodyne.ca.test.SensodyneCaUltraFreshToothpasteTest" name="verifyFindYourStore" time="10.117"/>
  <system-out/>
</testsuite> <!-- com.qa.sensodyne.ca.test.SensodyneCaUltraFreshToothpasteTest -->
