<?xml version="1.0" encoding="UTF-8"?>
<!-- Generated by org.testng.reporters.JUnitReportReporter -->
<testsuite hostname="WKWZTPqvmdckJHX" failures="0" tests="12" name="com.qa.quit.test.QuitMastheadArticleTest" time="124.879" errors="0" timestamp="2023-08-14T17:14:35 IST" skipped="0">
  <testcase classname="com.qa.quit.test.QuitMastheadArticleTest" name="cookieButton" time="4.749"/>
  <system-out/>
  <testcase classname="com.qa.quit.test.QuitMastheadArticleTest" name="verifyBreadcrumbOne" time="11.487"/>
  <system-out/>
  <testcase classname="com.qa.quit.test.QuitMastheadArticleTest" name="verifyBreadcrumbTwo" time="6.917"/>
  <system-out/>
  <testcase classname="com.qa.quit.test.QuitMastheadArticleTest" name="verifyBreadcrumbThree" time="6.501"/>
  <system-out/>
  <testcase classname="com.qa.quit.test.QuitMastheadArticleTest" name="verifyLinkBack" time="6.685"/>
  <system-out/>
  <testcase classname="com.qa.quit.test.QuitMastheadArticleTest" name="verifyYoutubeVideo" time="17.476"/>
  <system-out/>
  <testcase classname="com.qa.quit.test.QuitMastheadArticleTest" name="verifyTabOne" time="8.789"/>
  <system-out/>
  <testcase classname="com.qa.quit.test.QuitMastheadArticleTest" name="verifyTabTwo" time="8.656"/>
  <system-out/>
  <testcase classname="com.qa.quit.test.QuitMastheadArticleTest" name="verifyTabThree" time="7.106"/>
  <system-out/>
  <testcase classname="com.qa.quit.test.QuitMastheadArticleTest" name="verifyRelatedArticleOne" time="10.637"/>
  <system-out/>
  <testcase classname="com.qa.quit.test.QuitMastheadArticleTest" name="verifyRelatedArticleTwo" time="25.755"/>
  <system-out/>
  <testcase classname="com.qa.quit.test.QuitMastheadArticleTest" name="verifyRelatedArticleThree" time="10.121"/>
  <system-out/>
</testsuite> <!-- com.qa.quit.test.QuitMastheadArticleTest -->
