<?xml version="1.0" encoding="UTF-8"?>
<!-- Generated by org.testng.reporters.JUnitReportReporter -->
<testsuite hostname="WKWZTPqvmdckJHX" failures="0" tests="126" name="com.qa.bens.checklist.test.BuyNowCheckTest" time="2444.220" errors="0" timestamp="2023-12-14T18:22:48 IST" skipped="0">
  <testcase classname="com.qa.bens.checklist.test.BuyNowCheckTest" name="verifyBuyNowBtn" time="24.545"/>
  <system-out/>
  <testcase classname="com.qa.bens.checklist.test.BuyNowCheckTest" name="verifyBuyNowBtn" time="4.240"/>
  <system-out/>
  <testcase classname="com.qa.bens.checklist.test.BuyNowCheckTest" name="verifyBuyNowBtn" time="24.524"/>
  <system-out/>
  <testcase classname="com.qa.bens.checklist.test.BuyNowCheckTest" name="verifyBuyNowBtn" time="25.458"/>
  <system-out/>
  <testcase classname="com.qa.bens.checklist.test.BuyNowCheckTest" name="verifyBuyNowBtn" time="24.563"/>
  <system-out/>
  <testcase classname="com.qa.bens.checklist.test.BuyNowCheckTest" name="verifyBuyNowBtn" time="24.372"/>
  <system-out/>
  <testcase classname="com.qa.bens.checklist.test.BuyNowCheckTest" name="verifyBuyNowBtn" time="4.235"/>
  <system-out/>
  <testcase classname="com.qa.bens.checklist.test.BuyNowCheckTest" name="verifyBuyNowBtn" time="26.046"/>
  <system-out/>
  <testcase classname="com.qa.bens.checklist.test.BuyNowCheckTest" name="verifyBuyNowBtn" time="25.267"/>
  <system-out/>
  <testcase classname="com.qa.bens.checklist.test.BuyNowCheckTest" name="verifyBuyNowBtn" time="7.492"/>
  <system-out/>
  <testcase classname="com.qa.bens.checklist.test.BuyNowCheckTest" name="verifyBuyNowBtn" time="24.720"/>
  <system-out/>
  <testcase classname="com.qa.bens.checklist.test.BuyNowCheckTest" name="verifyBuyNowBtn" time="24.690"/>
  <system-out/>
  <testcase classname="com.qa.bens.checklist.test.BuyNowCheckTest" name="verifyBuyNowBtn" time="24.759"/>
  <system-out/>
  <testcase classname="com.qa.bens.checklist.test.BuyNowCheckTest" name="verifyBuyNowBtn" time="25.020"/>
  <system-out/>
  <testcase classname="com.qa.bens.checklist.test.BuyNowCheckTest" name="verifyBuyNowBtn" time="25.011"/>
  <system-out/>
  <testcase classname="com.qa.bens.checklist.test.BuyNowCheckTest" name="verifyBuyNowBtn" time="4.291"/>
  <system-out/>
  <testcase classname="com.qa.bens.checklist.test.BuyNowCheckTest" name="verifyBuyNowBtn" time="24.588"/>
  <system-out/>
  <testcase classname="com.qa.bens.checklist.test.BuyNowCheckTest" name="verifyBuyNowBtn" time="24.973"/>
  <system-out/>
  <testcase classname="com.qa.bens.checklist.test.BuyNowCheckTest" name="verifyBuyNowBtn" time="24.305"/>
  <system-out/>
  <testcase classname="com.qa.bens.checklist.test.BuyNowCheckTest" name="verifyBuyNowBtn" time="3.858"/>
  <system-out/>
  <testcase classname="com.qa.bens.checklist.test.BuyNowCheckTest" name="verifyBuyNowBtn" time="25.064"/>
  <system-out/>
  <testcase classname="com.qa.bens.checklist.test.BuyNowCheckTest" name="verifyBuyNowBtn" time="3.673"/>
  <system-out/>
  <testcase classname="com.qa.bens.checklist.test.BuyNowCheckTest" name="verifyBuyNowBtn" time="25.167"/>
  <system-out/>
  <testcase classname="com.qa.bens.checklist.test.BuyNowCheckTest" name="verifyBuyNowBtn" time="3.675"/>
  <system-out/>
  <testcase classname="com.qa.bens.checklist.test.BuyNowCheckTest" name="verifyBuyNowBtn" time="25.010"/>
  <system-out/>
  <testcase classname="com.qa.bens.checklist.test.BuyNowCheckTest" name="verifyBuyNowBtn" time="24.618"/>
  <system-out/>
  <testcase classname="com.qa.bens.checklist.test.BuyNowCheckTest" name="verifyBuyNowBtn" time="24.786"/>
  <system-out/>
  <testcase classname="com.qa.bens.checklist.test.BuyNowCheckTest" name="verifyBuyNowBtn" time="24.971"/>
  <system-out/>
  <testcase classname="com.qa.bens.checklist.test.BuyNowCheckTest" name="verifyBuyNowBtn" time="3.673"/>
  <system-out/>
  <testcase classname="com.qa.bens.checklist.test.BuyNowCheckTest" name="verifyBuyNowBtn" time="23.769"/>
  <system-out/>
  <testcase classname="com.qa.bens.checklist.test.BuyNowCheckTest" name="verifyBuyNowBtn" time="23.609"/>
  <system-out/>
  <testcase classname="com.qa.bens.checklist.test.BuyNowCheckTest" name="verifyBuyNowBtn" time="4.597"/>
  <system-out/>
  <testcase classname="com.qa.bens.checklist.test.BuyNowCheckTest" name="verifyBuyNowBtn" time="24.644"/>
  <system-out/>
  <testcase classname="com.qa.bens.checklist.test.BuyNowCheckTest" name="verifyBuyNowBtn" time="24.545"/>
  <system-out/>
  <testcase classname="com.qa.bens.checklist.test.BuyNowCheckTest" name="verifyBuyNowBtn" time="25.395"/>
  <system-out/>
  <testcase classname="com.qa.bens.checklist.test.BuyNowCheckTest" name="verifyBuyNowBtn" time="3.602"/>
  <system-out/>
  <testcase classname="com.qa.bens.checklist.test.BuyNowCheckTest" name="verifyBuyNowBtn" time="3.771"/>
  <system-out/>
  <testcase classname="com.qa.bens.checklist.test.BuyNowCheckTest" name="verifyBuyNowBtn" time="24.969"/>
  <system-out/>
  <testcase classname="com.qa.bens.checklist.test.BuyNowCheckTest" name="verifyBuyNowBtn" time="24.578"/>
  <system-out/>
  <testcase classname="com.qa.bens.checklist.test.BuyNowCheckTest" name="verifyBuyNowBtn" time="3.510"/>
  <system-out/>
  <testcase classname="com.qa.bens.checklist.test.BuyNowCheckTest" name="verifyBuyNowBtn" time="25.539"/>
  <system-out/>
  <testcase classname="com.qa.bens.checklist.test.BuyNowCheckTest" name="verifyBuyNowBtn" time="11.287"/>
  <system-out/>
  <testcase classname="com.qa.bens.checklist.test.BuyNowCheckTest" name="verifyBuyNowBtn" time="24.478"/>
  <system-out/>
  <testcase classname="com.qa.bens.checklist.test.BuyNowCheckTest" name="verifyBuyNowBtn" time="24.533"/>
  <system-out/>
  <testcase classname="com.qa.bens.checklist.test.BuyNowCheckTest" name="verifyBuyNowBtn" time="24.296"/>
  <system-out/>
  <testcase classname="com.qa.bens.checklist.test.BuyNowCheckTest" name="verifyBuyNowBtn" time="3.588"/>
  <system-out/>
  <testcase classname="com.qa.bens.checklist.test.BuyNowCheckTest" name="verifyBuyNowBtn" time="24.605"/>
  <system-out/>
  <testcase classname="com.qa.bens.checklist.test.BuyNowCheckTest" name="verifyBuyNowBtn" time="4.597"/>
  <system-out/>
  <testcase classname="com.qa.bens.checklist.test.BuyNowCheckTest" name="verifyBuyNowBtn" time="25.112"/>
  <system-out/>
  <testcase classname="com.qa.bens.checklist.test.BuyNowCheckTest" name="verifyBuyNowBtn" time="4.519"/>
  <system-out/>
  <testcase classname="com.qa.bens.checklist.test.BuyNowCheckTest" name="verifyBuyNowBtn" time="24.376"/>
  <system-out/>
  <testcase classname="com.qa.bens.checklist.test.BuyNowCheckTest" name="verifyBuyNowBtn" time="4.465"/>
  <system-out/>
  <testcase classname="com.qa.bens.checklist.test.BuyNowCheckTest" name="verifyBuyNowBtn" time="25.197"/>
  <system-out/>
  <testcase classname="com.qa.bens.checklist.test.BuyNowCheckTest" name="verifyBuyNowBtn" time="25.964"/>
  <system-out/>
  <testcase classname="com.qa.bens.checklist.test.BuyNowCheckTest" name="verifyBuyNowBtn" time="25.091"/>
  <system-out/>
  <testcase classname="com.qa.bens.checklist.test.BuyNowCheckTest" name="verifyBuyNowBtn" time="24.274"/>
  <system-out/>
  <testcase classname="com.qa.bens.checklist.test.BuyNowCheckTest" name="verifyBuyNowBtn" time="24.591"/>
  <system-out/>
  <testcase classname="com.qa.bens.checklist.test.BuyNowCheckTest" name="verifyBuyNowBtn" time="27.159"/>
  <system-out/>
  <testcase classname="com.qa.bens.checklist.test.BuyNowCheckTest" name="verifyBuyNowBtn" time="24.749"/>
  <system-out/>
  <testcase classname="com.qa.bens.checklist.test.BuyNowCheckTest" name="verifyBuyNowBtn" time="4.502"/>
  <system-out/>
  <testcase classname="com.qa.bens.checklist.test.BuyNowCheckTest" name="verifyBuyNowBtn" time="24.674"/>
  <system-out/>
  <testcase classname="com.qa.bens.checklist.test.BuyNowCheckTest" name="verifyBuyNowBtn" time="24.843"/>
  <system-out/>
  <testcase classname="com.qa.bens.checklist.test.BuyNowCheckTest" name="verifyBuyNowBtn" time="24.856"/>
  <system-out/>
  <testcase classname="com.qa.bens.checklist.test.BuyNowCheckTest" name="verifyBuyNowBtn" time="16.152"/>
  <system-out/>
  <testcase classname="com.qa.bens.checklist.test.BuyNowCheckTest" name="verifyBuyNowBtn" time="25.487"/>
  <system-out/>
  <testcase classname="com.qa.bens.checklist.test.BuyNowCheckTest" name="verifyBuyNowBtn" time="24.811"/>
  <system-out/>
  <testcase classname="com.qa.bens.checklist.test.BuyNowCheckTest" name="verifyBuyNowBtn" time="24.577"/>
  <system-out/>
  <testcase classname="com.qa.bens.checklist.test.BuyNowCheckTest" name="verifyBuyNowBtn" time="25.219"/>
  <system-out/>
  <testcase classname="com.qa.bens.checklist.test.BuyNowCheckTest" name="verifyBuyNowBtn" time="24.577"/>
  <system-out/>
  <testcase classname="com.qa.bens.checklist.test.BuyNowCheckTest" name="verifyBuyNowBtn" time="3.813"/>
  <system-out/>
  <testcase classname="com.qa.bens.checklist.test.BuyNowCheckTest" name="verifyBuyNowBtn" time="24.645"/>
  <system-out/>
  <testcase classname="com.qa.bens.checklist.test.BuyNowCheckTest" name="verifyBuyNowBtn" time="4.413"/>
  <system-out/>
  <testcase classname="com.qa.bens.checklist.test.BuyNowCheckTest" name="verifyBuyNowBtn" time="25.034"/>
  <system-out/>
  <testcase classname="com.qa.bens.checklist.test.BuyNowCheckTest" name="verifyBuyNowBtn" time="25.836"/>
  <system-out/>
  <testcase classname="com.qa.bens.checklist.test.BuyNowCheckTest" name="verifyBuyNowBtn" time="24.238"/>
  <system-out/>
  <testcase classname="com.qa.bens.checklist.test.BuyNowCheckTest" name="verifyBuyNowBtn" time="24.616"/>
  <system-out/>
  <testcase classname="com.qa.bens.checklist.test.BuyNowCheckTest" name="verifyBuyNowBtn" time="24.571"/>
  <system-out/>
  <testcase classname="com.qa.bens.checklist.test.BuyNowCheckTest" name="verifyBuyNowBtn" time="25.253"/>
  <system-out/>
  <testcase classname="com.qa.bens.checklist.test.BuyNowCheckTest" name="verifyBuyNowBtn" time="24.622"/>
  <system-out/>
  <testcase classname="com.qa.bens.checklist.test.BuyNowCheckTest" name="verifyBuyNowBtn" time="3.553"/>
  <system-out/>
  <testcase classname="com.qa.bens.checklist.test.BuyNowCheckTest" name="verifyBuyNowBtn" time="24.705"/>
  <system-out/>
  <testcase classname="com.qa.bens.checklist.test.BuyNowCheckTest" name="verifyBuyNowBtn" time="24.805"/>
  <system-out/>
  <testcase classname="com.qa.bens.checklist.test.BuyNowCheckTest" name="verifyBuyNowBtn" time="7.201"/>
  <system-out/>
  <testcase classname="com.qa.bens.checklist.test.BuyNowCheckTest" name="verifyBuyNowBtn" time="3.978"/>
  <system-out/>
  <testcase classname="com.qa.bens.checklist.test.BuyNowCheckTest" name="verifyBuyNowBtn" time="25.162"/>
  <system-out/>
  <testcase classname="com.qa.bens.checklist.test.BuyNowCheckTest" name="verifyBuyNowBtn" time="24.586"/>
  <system-out/>
  <testcase classname="com.qa.bens.checklist.test.BuyNowCheckTest" name="verifyBuyNowBtn" time="24.771"/>
  <system-out/>
  <testcase classname="com.qa.bens.checklist.test.BuyNowCheckTest" name="verifyBuyNowBtn" time="4.983"/>
  <system-out/>
  <testcase classname="com.qa.bens.checklist.test.BuyNowCheckTest" name="verifyBuyNowBtn" time="24.673"/>
  <system-out/>
  <testcase classname="com.qa.bens.checklist.test.BuyNowCheckTest" name="verifyBuyNowBtn" time="24.529"/>
  <system-out/>
  <testcase classname="com.qa.bens.checklist.test.BuyNowCheckTest" name="verifyBuyNowBtn" time="25.161"/>
  <system-out/>
  <testcase classname="com.qa.bens.checklist.test.BuyNowCheckTest" name="verifyBuyNowBtn" time="24.425"/>
  <system-out/>
  <testcase classname="com.qa.bens.checklist.test.BuyNowCheckTest" name="verifyBuyNowBtn" time="23.564"/>
  <system-out/>
  <testcase classname="com.qa.bens.checklist.test.BuyNowCheckTest" name="verifyBuyNowBtn" time="24.307"/>
  <system-out/>
  <testcase classname="com.qa.bens.checklist.test.BuyNowCheckTest" name="verifyBuyNowBtn" time="24.748"/>
  <system-out/>
  <testcase classname="com.qa.bens.checklist.test.BuyNowCheckTest" name="verifyBuyNowBtn" time="27.260"/>
  <system-out/>
  <testcase classname="com.qa.bens.checklist.test.BuyNowCheckTest" name="verifyBuyNowBtn" time="25.024"/>
  <system-out/>
  <testcase classname="com.qa.bens.checklist.test.BuyNowCheckTest" name="verifyBuyNowBtn" time="25.510"/>
  <system-out/>
  <testcase classname="com.qa.bens.checklist.test.BuyNowCheckTest" name="verifyBuyNowBtn" time="3.475"/>
  <system-out/>
  <testcase classname="com.qa.bens.checklist.test.BuyNowCheckTest" name="verifyBuyNowBtn" time="11.086"/>
  <system-out/>
  <testcase classname="com.qa.bens.checklist.test.BuyNowCheckTest" name="verifyBuyNowBtn" time="24.586"/>
  <system-out/>
  <testcase classname="com.qa.bens.checklist.test.BuyNowCheckTest" name="verifyBuyNowBtn" time="25.251"/>
  <system-out/>
  <testcase classname="com.qa.bens.checklist.test.BuyNowCheckTest" name="verifyBuyNowBtn" time="25.377"/>
  <system-out/>
  <testcase classname="com.qa.bens.checklist.test.BuyNowCheckTest" name="verifyBuyNowBtn" time="24.703"/>
  <system-out/>
  <testcase classname="com.qa.bens.checklist.test.BuyNowCheckTest" name="verifyBuyNowBtn" time="24.629"/>
  <system-out/>
  <testcase classname="com.qa.bens.checklist.test.BuyNowCheckTest" name="verifyBuyNowBtn" time="12.528"/>
  <system-out/>
  <testcase classname="com.qa.bens.checklist.test.BuyNowCheckTest" name="verifyBuyNowBtn" time="23.686"/>
  <system-out/>
  <testcase classname="com.qa.bens.checklist.test.BuyNowCheckTest" name="verifyBuyNowBtn" time="3.618"/>
  <system-out/>
  <testcase classname="com.qa.bens.checklist.test.BuyNowCheckTest" name="verifyBuyNowBtn" time="24.689"/>
  <system-out/>
  <testcase classname="com.qa.bens.checklist.test.BuyNowCheckTest" name="verifyBuyNowBtn" time="24.538"/>
  <system-out/>
  <testcase classname="com.qa.bens.checklist.test.BuyNowCheckTest" name="verifyBuyNowBtn" time="24.998"/>
  <system-out/>
  <testcase classname="com.qa.bens.checklist.test.BuyNowCheckTest" name="verifyBuyNowBtn" time="24.894"/>
  <system-out/>
  <testcase classname="com.qa.bens.checklist.test.BuyNowCheckTest" name="verifyBuyNowBtn" time="3.651"/>
  <system-out/>
  <testcase classname="com.qa.bens.checklist.test.BuyNowCheckTest" name="verifyBuyNowBtn" time="24.556"/>
  <system-out/>
  <testcase classname="com.qa.bens.checklist.test.BuyNowCheckTest" name="verifyBuyNowBtn" time="24.696"/>
  <system-out/>
  <testcase classname="com.qa.bens.checklist.test.BuyNowCheckTest" name="verifyBuyNowBtn" time="24.372"/>
  <system-out/>
  <testcase classname="com.qa.bens.checklist.test.BuyNowCheckTest" name="verifyBuyNowBtn" time="26.296"/>
  <system-out/>
  <testcase classname="com.qa.bens.checklist.test.BuyNowCheckTest" name="verifyBuyNowBtn" time="24.144"/>
  <system-out/>
  <testcase classname="com.qa.bens.checklist.test.BuyNowCheckTest" name="verifyBuyNowBtn" time="4.068"/>
  <system-out/>
  <testcase classname="com.qa.bens.checklist.test.BuyNowCheckTest" name="verifyBuyNowBtn" time="4.548"/>
  <system-out/>
  <testcase classname="com.qa.bens.checklist.test.BuyNowCheckTest" name="verifyBuyNowBtn" time="24.392"/>
  <system-out/>
  <testcase classname="com.qa.bens.checklist.test.BuyNowCheckTest" name="verifyBuyNowBtn" time="5.500"/>
  <system-out/>
  <testcase classname="com.qa.bens.checklist.test.BuyNowCheckTest" name="verifyBuyNowBtn" time="3.560"/>
  <system-out/>
  <testcase classname="com.qa.bens.checklist.test.BuyNowCheckTest" name="verifyBuyNowBtn" time="25.010"/>
  <system-out/>
  <testcase classname="com.qa.bens.checklist.test.BuyNowCheckTest" name="verifyBuyNowBtn" time="25.028"/>
  <system-out/>
  <testcase classname="com.qa.bens.checklist.test.BuyNowCheckTest" name="verifyBuyNowBtn" time="3.654"/>
  <system-out/>
</testsuite> <!-- com.qa.bens.checklist.test.BuyNowCheckTest -->
