<?xml version="1.0" encoding="UTF-8"?>
<!-- Generated by org.testng.reporters.JUnitReportReporter -->
<testsuite hostname="WKWZTPqvmdckJHX" failures="0" tests="18" name="com.qa.caltrate.eng.test.CaltrateBenefitsVitaminD3Test" time="91.373" errors="0" timestamp="2023-02-09T13:02:41 IST" skipped="0">
  <testcase classname="com.qa.caltrate.eng.test.CaltrateBenefitsVitaminD3Test" name="verifyCookieLink" time="3.983"/>
  <system-out/>
  <testcase classname="com.qa.caltrate.eng.test.CaltrateBenefitsVitaminD3Test" name="verifyhomebreadcrumbsLink" time="5.679"/>
  <system-out/>
  <testcase classname="com.qa.caltrate.eng.test.CaltrateBenefitsVitaminD3Test" name="verifyBonehealthcentralbreadcrumbsLink" time="4.354"/>
  <system-out/>
  <testcase classname="com.qa.caltrate.eng.test.CaltrateBenefitsVitaminD3Test" name="verifyBenefitsVitaminD3breadcrumbsLink" time="9.465"/>
  <system-out/>
  <testcase classname="com.qa.caltrate.eng.test.CaltrateBenefitsVitaminD3Test" name="verifyVitaminDtagLink" time="4.786"/>
  <system-out/>
  <testcase classname="com.qa.caltrate.eng.test.CaltrateBenefitsVitaminD3Test" name="verifycalciumVitaminD3TogetherLink" time="4.614"/>
  <system-out/>
  <testcase classname="com.qa.caltrate.eng.test.CaltrateBenefitsVitaminD3Test" name="verifyCalciumateveryAgeLink" time="5.997"/>
  <system-out/>
  <testcase classname="com.qa.caltrate.eng.test.CaltrateBenefitsVitaminD3Test" name="verifyCalciumateveryAgeImageLink" time="4.782"/>
  <system-out/>
  <testcase classname="com.qa.caltrate.eng.test.CaltrateBenefitsVitaminD3Test" name="verifyReadMoreLink" time="5.030"/>
  <system-out/>
  <testcase classname="com.qa.caltrate.eng.test.CaltrateBenefitsVitaminD3Test" name="verifyCaltrate600d3Link" time="4.551"/>
  <system-out/>
  <testcase classname="com.qa.caltrate.eng.test.CaltrateBenefitsVitaminD3Test" name="verifyAllArticlesLink" time="4.433"/>
  <system-out/>
  <testcase classname="com.qa.caltrate.eng.test.CaltrateBenefitsVitaminD3Test" name="verifyAllRecipesLink" time="4.499"/>
  <system-out/>
  <testcase classname="com.qa.caltrate.eng.test.CaltrateBenefitsVitaminD3Test" name="verifyAllHealthTipsLink" time="4.879"/>
  <system-out/>
  <testcase classname="com.qa.caltrate.eng.test.CaltrateBenefitsVitaminD3Test" name="verifyAllInteractivetoolsLink" time="5.218"/>
  <system-out/>
  <testcase classname="com.qa.caltrate.eng.test.CaltrateBenefitsVitaminD3Test" name="verifyCalciumCarbonateViewLink" time="5.104"/>
  <system-out/>
  <testcase classname="com.qa.caltrate.eng.test.CaltrateBenefitsVitaminD3Test" name="verifyVitaminDViewLink" time="5.057"/>
  <system-out/>
  <testcase classname="com.qa.caltrate.eng.test.CaltrateBenefitsVitaminD3Test" name="verifyOestoporosisViewLink" time="4.846"/>
  <system-out/>
  <testcase classname="com.qa.caltrate.eng.test.CaltrateBenefitsVitaminD3Test" name="verifycalciumSupplementsViewLink" time="4.096"/>
  <system-out/>
</testsuite> <!-- com.qa.caltrate.eng.test.CaltrateBenefitsVitaminD3Test -->
