<?xml version="1.0" encoding="UTF-8"?>
<!-- Generated by org.testng.reporters.JUnitReportReporter -->
<testsuite hostname="WKWZTPqvmdckJHX" failures="0" tests="18" name="com.qa.caltrate.eng.test.CaltrateHomepageTest" time="104.297" errors="0" timestamp="2023-05-01T22:31:50 IST" skipped="0">
  <testcase classname="com.qa.caltrate.eng.test.CaltrateHomepageTest" name="cookieButton" time="3.971"/>
  <system-out/>
  <testcase classname="com.qa.caltrate.eng.test.CaltrateHomepageTest" name="verifyBannerCarouselLinkOne" time="5.749"/>
  <system-out/>
  <testcase classname="com.qa.caltrate.eng.test.CaltrateHomepageTest" name="verifyBannerCarouselLinkTwo" time="5.134"/>
  <system-out/>
  <testcase classname="com.qa.caltrate.eng.test.CaltrateHomepageTest" name="verifyBannerCarouselLinkThree" time="6.265"/>
  <system-out/>
  <testcase classname="com.qa.caltrate.eng.test.CaltrateHomepageTest" name="verifyBannerCarouselLinkFour" time="5.282"/>
  <system-out/>
  <testcase classname="com.qa.caltrate.eng.test.CaltrateHomepageTest" name="verifyBannerCarouselLinkFive" time="5.031"/>
  <system-out/>
  <testcase classname="com.qa.caltrate.eng.test.CaltrateHomepageTest" name="verifyOurProductsOne" time="4.058"/>
  <system-out/>
  <testcase classname="com.qa.caltrate.eng.test.CaltrateHomepageTest" name="verifyOurProductsTwo" time="4.283"/>
  <system-out/>
  <testcase classname="com.qa.caltrate.eng.test.CaltrateHomepageTest" name="verifyOurProductsThree" time="4.309"/>
  <system-out/>
  <testcase classname="com.qa.caltrate.eng.test.CaltrateHomepageTest" name="verifyOurProductsFour" time="4.874"/>
  <system-out/>
  <testcase classname="com.qa.caltrate.eng.test.CaltrateHomepageTest" name="verifyOurProductsFive" time="5.029"/>
  <system-out/>
  <testcase classname="com.qa.caltrate.eng.test.CaltrateHomepageTest" name="verifyOurProductsSix" time="5.904"/>
  <system-out/>
  <testcase classname="com.qa.caltrate.eng.test.CaltrateHomepageTest" name="verifySeeAllProducts" time="8.892"/>
  <system-out/>
  <testcase classname="com.qa.caltrate.eng.test.CaltrateHomepageTest" name="verifyLearnMore" time="6.576"/>
  <system-out/>
  <testcase classname="com.qa.caltrate.eng.test.CaltrateHomepageTest" name="verifyAllTips" time="11.463"/>
  <system-out/>
  <testcase classname="com.qa.caltrate.eng.test.CaltrateHomepageTest" name="verifyViewRecipes" time="6.385"/>
  <system-out/>
  <testcase classname="com.qa.caltrate.eng.test.CaltrateHomepageTest" name="verifyBoneHealthReadMore" time="5.135"/>
  <system-out/>
  <testcase classname="com.qa.caltrate.eng.test.CaltrateHomepageTest" name="verifyReadArticle" time="5.957"/>
  <system-out/>
</testsuite> <!-- com.qa.caltrate.eng.test.CaltrateHomepageTest -->
