<?xml version="1.0" encoding="UTF-8"?>
<!-- Generated by org.testng.reporters.JUnitReportReporter -->
<testsuite hostname="WKWZTPqvmdckJHX" failures="1" tests="18" name="com.qa.biotene.test.BioteneRecognizingDryMouthTest" time="238.017" errors="0" timestamp="2023-04-03T07:36:54 IST" skipped="2">
  <testcase classname="com.qa.biotene.test.BioteneRecognizingDryMouthTest" name="cookieButton" time="47.323"/>
  <system-out/>
  <testcase classname="com.qa.biotene.test.BioteneRecognizingDryMouthTest" name="verifyBreadcrumbOne" time="10.669"/>
  <system-out/>
  <testcase classname="com.qa.biotene.test.BioteneRecognizingDryMouthTest" name="verifyBreadcrumbTwo" time="8.662"/>
  <system-out/>
  <testcase classname="com.qa.biotene.test.BioteneRecognizingDryMouthTest" name="verifyBreadcrumbThree" time="7.269"/>
  <system-out/>
  <testcase classname="com.qa.biotene.test.BioteneRecognizingDryMouthTest" name="verifyHyperLinkOne" time="8.393">
    <failure message="expected [what-is-dry-mouth/dry-mouth-causes-medications/] but found [https://www.biotene.com/what-is-dry-mouth/dry-mouth-causes-medications/]" type="java.lang.AssertionError">
      <![CDATA[java.lang.AssertionError: expected [what-is-dry-mouth/dry-mouth-causes-medications/] but found [https://www.biotene.com/what-is-dry-mouth/dry-mouth-causes-medications/]
at org.testng.Assert.fail(Assert.java:99)
at org.testng.Assert.failNotEquals(Assert.java:1037)
at org.testng.Assert.assertEqualsImpl(Assert.java:140)
at org.testng.Assert.assertEquals(Assert.java:122)
at org.testng.Assert.assertEquals(Assert.java:629)
at org.testng.Assert.assertEquals(Assert.java:639)
at com.qa.baseClass.BaseClass.compareTwoText(BaseClass.java:814)
at com.qa.biotene.test.BioteneRecognizingDryMouthTest.verifyHyperLinkOne(BioteneRecognizingDryMouthTest.java:87)
at java.base/jdk.internal.reflect.DirectMethodHandleAccessor.invoke(DirectMethodHandleAccessor.java:104)
at java.base/java.lang.reflect.Method.invoke(Method.java:577)
at org.testng.internal.MethodInvocationHelper.invokeMethod(MethodInvocationHelper.java:133)
at org.testng.internal.TestInvoker.invokeMethod(TestInvoker.java:598)
at org.testng.internal.TestInvoker.retryFailed(TestInvoker.java:213)
at org.testng.internal.MethodRunner.runInSequence(MethodRunner.java:58)
at org.testng.internal.TestInvoker$MethodInvocationAgent.invoke(TestInvoker.java:824)
at org.testng.internal.TestInvoker.invokeTestMethods(TestInvoker.java:146)
at org.testng.internal.TestMethodWorker.invokeTestMethods(TestMethodWorker.java:146)
at org.testng.internal.TestMethodWorker.run(TestMethodWorker.java:128)
at java.base/java.util.ArrayList.forEach(ArrayList.java:1511)
at org.testng.TestRunner.privateRun(TestRunner.java:794)
at org.testng.TestRunner.run(TestRunner.java:596)
at org.testng.SuiteRunner.runTest(SuiteRunner.java:377)
at org.testng.SuiteRunner.runSequentially(SuiteRunner.java:371)
at org.testng.SuiteRunner.privateRun(SuiteRunner.java:332)
at org.testng.SuiteRunner.run(SuiteRunner.java:276)
at org.testng.SuiteRunnerWorker.runSuite(SuiteRunnerWorker.java:53)
at org.testng.SuiteRunnerWorker.run(SuiteRunnerWorker.java:96)
at org.testng.TestNG.runSuitesSequentially(TestNG.java:1212)
at org.testng.TestNG.runSuitesLocally(TestNG.java:1134)
at org.testng.TestNG.runSuites(TestNG.java:1063)
at org.testng.TestNG.run(TestNG.java:1031)
at org.testng.remote.AbstractRemoteTestNG.run(AbstractRemoteTestNG.java:115)
at org.testng.remote.RemoteTestNG.initAndRun(RemoteTestNG.java:251)
at org.testng.remote.RemoteTestNG.main(RemoteTestNG.java:77)
]]>
    </failure>
  </testcase> <!-- verifyHyperLinkOne -->
  <system-out/>
  <testcase classname="com.qa.biotene.test.BioteneRecognizingDryMouthTest" name="verifyHyperLinkOne" time="9.474">
    <skipped/>
  </testcase> <!-- verifyHyperLinkOne -->
  <system-out/>
  <testcase classname="com.qa.biotene.test.BioteneRecognizingDryMouthTest" name="verifyHyperLinkOne" time="14.500">
    <skipped/>
  </testcase> <!-- verifyHyperLinkOne -->
  <system-out/>
  <testcase classname="com.qa.biotene.test.BioteneRecognizingDryMouthTest" name="verifyHyperLinkTwo" time="10.557"/>
  <system-out/>
  <testcase classname="com.qa.biotene.test.BioteneRecognizingDryMouthTest" name="verifyLearnMoreOne" time="14.934"/>
  <system-out/>
  <testcase classname="com.qa.biotene.test.BioteneRecognizingDryMouthTest" name="verifyLearnMoreTwo" time="11.037"/>
  <system-out/>
  <testcase classname="com.qa.biotene.test.BioteneRecognizingDryMouthTest" name="verifyLearnMoreThree" time="12.882"/>
  <system-out/>
  <testcase classname="com.qa.biotene.test.BioteneRecognizingDryMouthTest" name="verifyLearnMoreFour" time="11.709"/>
  <system-out/>
  <testcase classname="com.qa.biotene.test.BioteneRecognizingDryMouthTest" name="verifyLearnMoreFive" time="12.804"/>
  <system-out/>
  <testcase classname="com.qa.biotene.test.BioteneRecognizingDryMouthTest" name="verifyLearnMoreSix" time="12.556"/>
  <system-out/>
  <testcase classname="com.qa.biotene.test.BioteneRecognizingDryMouthTest" name="verifyPreviousAndNextArrow" time="14.204"/>
  <system-out/>
  <testcase classname="com.qa.biotene.test.BioteneRecognizingDryMouthTest" name="verifyReadMore" time="9.538"/>
  <system-out/>
  <testcase classname="com.qa.biotene.test.BioteneRecognizingDryMouthTest" name="verifyTakeTheQuiz" time="11.675"/>
  <system-out/>
  <testcase classname="com.qa.biotene.test.BioteneRecognizingDryMouthTest" name="verifyShopNow" time="9.831"/>
  <system-out/>
</testsuite> <!-- com.qa.biotene.test.BioteneRecognizingDryMouthTest -->
