<?xml version="1.0" encoding="UTF-8"?>
<!-- Generated by org.testng.reporters.JUnitReportReporter -->
<testsuite hostname="WKWZTPqvmdckJHX" failures="0" tests="7" name="com.qa.centrum.eng.test.CentrumSampleTipsForAMoreBalancedDietTest" time="109.967" errors="0" timestamp="2023-01-31T10:29:52 IST" skipped="0">
  <testcase classname="com.qa.centrum.eng.test.CentrumSampleTipsForAMoreBalancedDietTest" name="cookieButton" time="9.341"/>
  <system-out/>
  <testcase classname="com.qa.centrum.eng.test.CentrumSampleTipsForAMoreBalancedDietTest" name="verifyLinkOverAllHealth" time="16.905"/>
  <system-out/>
  <testcase classname="com.qa.centrum.eng.test.CentrumSampleTipsForAMoreBalancedDietTest" name="verifyShowReference" time="8.967"/>
  <system-out/>
  <testcase classname="com.qa.centrum.eng.test.CentrumSampleTipsForAMoreBalancedDietTest" name="verifyNutrientsYourDiet" time="33.770"/>
  <system-out/>
  <testcase classname="com.qa.centrum.eng.test.CentrumSampleTipsForAMoreBalancedDietTest" name="verifyBoostYourEnergy" time="14.493"/>
  <system-out/>
  <testcase classname="com.qa.centrum.eng.test.CentrumSampleTipsForAMoreBalancedDietTest" name="verifyHealtheirLife" time="13.363"/>
  <system-out/>
  <testcase classname="com.qa.centrum.eng.test.CentrumSampleTipsForAMoreBalancedDietTest" name="verifyBrainHealth" time="13.128"/>
  <system-out/>
</testsuite> <!-- com.qa.centrum.eng.test.CentrumSampleTipsForAMoreBalancedDietTest -->
