<?xml version="1.0" encoding="UTF-8"?>
<!-- Generated by org.testng.reporters.JUnitReportReporter -->
<testsuite hostname="WKWZTPqvmdckJHX" failures="0" tests="16" name="com.qa.centrum.eng.test.CentrumSampleDuringPregnancyTest" time="382.799" errors="0" timestamp="2023-01-31T11:33:51 IST" skipped="0">
  <testcase classname="com.qa.centrum.eng.test.CentrumSampleDuringPregnancyTest" name="cookieButton" time="10.143"/>
  <system-out/>
  <testcase classname="com.qa.centrum.eng.test.CentrumSampleDuringPregnancyTest" name="VerifyPregnancyDietLinkOne" time="15.736"/>
  <system-out/>
  <testcase classname="com.qa.centrum.eng.test.CentrumSampleDuringPregnancyTest" name="verifyPregnancyDietLinkTwo" time="22.912"/>
  <system-out/>
  <testcase classname="com.qa.centrum.eng.test.CentrumSampleDuringPregnancyTest" name="verifyOmega3LinkOne" time="13.885"/>
  <system-out/>
  <testcase classname="com.qa.centrum.eng.test.CentrumSampleDuringPregnancyTest" name="verifyCalciumAndVitaminDLinkOne" time="13.551"/>
  <system-out/>
  <testcase classname="com.qa.centrum.eng.test.CentrumSampleDuringPregnancyTest" name="verifyAfterBabyArrivesLinkOne" time="16.479"/>
  <system-out/>
  <testcase classname="com.qa.centrum.eng.test.CentrumSampleDuringPregnancyTest" name="verifyShowReference" time="8.710"/>
  <system-out/>
  <testcase classname="com.qa.centrum.eng.test.CentrumSampleDuringPregnancyTest" name="verifyArticleOne" time="14.006"/>
  <system-out/>
  <testcase classname="com.qa.centrum.eng.test.CentrumSampleDuringPregnancyTest" name="verifyArticleTwo" time="15.581"/>
  <system-out/>
  <testcase classname="com.qa.centrum.eng.test.CentrumSampleDuringPregnancyTest" name="verifyArticleThree" time="13.967"/>
  <system-out/>
  <testcase classname="com.qa.centrum.eng.test.CentrumSampleDuringPregnancyTest" name="verifyArticleFour" time="14.958"/>
  <system-out/>
  <testcase classname="com.qa.centrum.eng.test.CentrumSampleDuringPregnancyTest" name="verifyBreadcrumbOne" time="142.686"/>
  <system-out/>
  <testcase classname="com.qa.centrum.eng.test.CentrumSampleDuringPregnancyTest" name="verifyBreadcrumbTwo" time="31.171"/>
  <system-out/>
  <testcase classname="com.qa.centrum.eng.test.CentrumSampleDuringPregnancyTest" name="verifyBreadcrumbThree" time="16.398"/>
  <system-out/>
  <testcase classname="com.qa.centrum.eng.test.CentrumSampleDuringPregnancyTest" name="verifyBreadcrumbFour" time="14.562"/>
  <system-out/>
  <testcase classname="com.qa.centrum.eng.test.CentrumSampleDuringPregnancyTest" name="verifyBreadcrumbFive" time="18.054"/>
  <system-out/>
</testsuite> <!-- com.qa.centrum.eng.test.CentrumSampleDuringPregnancyTest -->
