<?xml version="1.0" encoding="UTF-8"?>
<!-- Generated by org.testng.reporters.JUnitReportReporter -->
<testsuite hostname="WKWZTPqvmdckJHX" failures="0" tests="9" name="com.qa.theraflu.test.TherafluShouldYouWorkoutWhenYouAreSickTest" time="91.135" errors="0" timestamp="2023-08-28T14:39:35 IST" skipped="0">
  <testcase classname="com.qa.theraflu.test.TherafluShouldYouWorkoutWhenYouAreSickTest" name="cookieButton" time="5.467"/>
  <system-out/>
  <testcase classname="com.qa.theraflu.test.TherafluShouldYouWorkoutWhenYouAreSickTest" name="verifyBreadcrumbOne" time="10.978"/>
  <system-out/>
  <testcase classname="com.qa.theraflu.test.TherafluShouldYouWorkoutWhenYouAreSickTest" name="verifyBreadcrumbTwo" time="10.530"/>
  <system-out/>
  <testcase classname="com.qa.theraflu.test.TherafluShouldYouWorkoutWhenYouAreSickTest" name="verifyBreadcrumbThree" time="6.332"/>
  <system-out/>
  <testcase classname="com.qa.theraflu.test.TherafluShouldYouWorkoutWhenYouAreSickTest" name="verifyReferences" time="6.327"/>
  <system-out/>
  <testcase classname="com.qa.theraflu.test.TherafluShouldYouWorkoutWhenYouAreSickTest" name="verifyRecommendedArticlesOne" time="10.480"/>
  <system-out/>
  <testcase classname="com.qa.theraflu.test.TherafluShouldYouWorkoutWhenYouAreSickTest" name="verifyRecommendedArticlesTwo" time="9.940"/>
  <system-out/>
  <testcase classname="com.qa.theraflu.test.TherafluShouldYouWorkoutWhenYouAreSickTest" name="verifyRecommendedArticlesThree" time="18.928"/>
  <system-out/>
  <testcase classname="com.qa.theraflu.test.TherafluShouldYouWorkoutWhenYouAreSickTest" name="verifyRecommendedArticlesFour" time="12.153"/>
  <system-out/>
</testsuite> <!-- com.qa.theraflu.test.TherafluShouldYouWorkoutWhenYouAreSickTest -->
