<?xml version="1.0" encoding="UTF-8"?>
<!-- Generated by org.testng.reporters.JUnitReportReporter -->
<testsuite hostname="WKWZTPqvmdckJHX" failures="0" tests="1" name="com.qa.centrum.eng.test.CentrumSampleHealthyAgingTest" time="14.141" errors="0" timestamp="2023-02-03T11:01:56 IST" skipped="0">
  <testcase classname="com.qa.centrum.eng.test.CentrumSampleHealthyAgingTest" name="cookieButton" time="14.141"/>
  <system-out/>
</testsuite> <!-- com.qa.centrum.eng.test.CentrumSampleHealthyAgingTest -->
