<?xml version="1.0" encoding="UTF-8"?>
<!-- Generated by org.testng.reporters.JUnitReportReporter -->
<testsuite hostname="WKWZTPqvmdckJHX" failures="0" tests="24" name="com.qa.drbest.ge.test.drbestMundgeruchTest" time="261.727" errors="0" timestamp="2023-04-10T02:26:06 IST" skipped="0">
  <testcase classname="com.qa.drbest.ge.test.drbestMundgeruchTest" name="verifydrbestcookiePopupLink" time="47.824"/>
  <system-out/>
  <testcase classname="com.qa.drbest.ge.test.drbestMundgeruchTest" name="verifyOption1Link" time="20.001"/>
  <system-out/>
  <testcase classname="com.qa.drbest.ge.test.drbestMundgeruchTest" name="verifyOption2Link" time="8.008"/>
  <system-out/>
  <testcase classname="com.qa.drbest.ge.test.drbestMundgeruchTest" name="verifyOption3Link" time="8.138"/>
  <system-out/>
  <testcase classname="com.qa.drbest.ge.test.drbestMundgeruchTest" name="verifyAtemfrischLink" time="10.579"/>
  <system-out/>
  <testcase classname="com.qa.drbest.ge.test.drbestMundgeruchTest" name="verifyAtemfrischProductLink" time="7.779"/>
  <system-out/>
  <testcase classname="com.qa.drbest.ge.test.drbestMundgeruchTest" name="verifyAtemfrischBuyNowLink" time="7.451"/>
  <system-out/>
  <testcase classname="com.qa.drbest.ge.test.drbestMundgeruchTest" name="verifyVibrationAtemfrischLink" time="8.629"/>
  <system-out/>
  <testcase classname="com.qa.drbest.ge.test.drbestMundgeruchTest" name="verifyVibrationAtemfrischProductLink" time="8.020"/>
  <system-out/>
  <testcase classname="com.qa.drbest.ge.test.drbestMundgeruchTest" name="verifyVibrationAtemfrischBuyNowLink" time="7.748"/>
  <system-out/>
  <testcase classname="com.qa.drbest.ge.test.drbestMundgeruchTest" name="verifyQuiz1Link" time="11.122"/>
  <system-out/>
  <testcase classname="com.qa.drbest.ge.test.drbestMundgeruchTest" name="verifyQuiz2Link" time="11.655"/>
  <system-out/>
  <testcase classname="com.qa.drbest.ge.test.drbestMundgeruchTest" name="verifyQuiz3Link" time="9.658"/>
  <system-out/>
  <testcase classname="com.qa.drbest.ge.test.drbestMundgeruchTest" name="verifyQuiz4Link" time="10.103"/>
  <system-out/>
  <testcase classname="com.qa.drbest.ge.test.drbestMundgeruchTest" name="verifyQuiz5Link" time="9.764"/>
  <system-out/>
  <testcase classname="com.qa.drbest.ge.test.drbestMundgeruchTest" name="verifyQuiz6Link" time="10.460"/>
  <system-out/>
  <testcase classname="com.qa.drbest.ge.test.drbestMundgeruchTest" name="verifyQuiz7Link" time="10.161"/>
  <system-out/>
  <testcase classname="com.qa.drbest.ge.test.drbestMundgeruchTest" name="verifyQuiz8Link" time="9.149"/>
  <system-out/>
  <testcase classname="com.qa.drbest.ge.test.drbestMundgeruchTest" name="verifyParodontitisLink" time="8.329"/>
  <system-out/>
  <testcase classname="com.qa.drbest.ge.test.drbestMundgeruchTest" name="verifyParodontitis1Link" time="8.434"/>
  <system-out/>
  <testcase classname="com.qa.drbest.ge.test.drbestMundgeruchTest" name="verifyGesundeLink" time="7.804"/>
  <system-out/>
  <testcase classname="com.qa.drbest.ge.test.drbestMundgeruchTest" name="verifyGesunde1Link" time="7.091"/>
  <system-out/>
  <testcase classname="com.qa.drbest.ge.test.drbestMundgeruchTest" name="verifyZurGesundeLink" time="6.862"/>
  <system-out/>
  <testcase classname="com.qa.drbest.ge.test.drbestMundgeruchTest" name="verifyZurGesunde1Link" time="6.958"/>
  <system-out/>
</testsuite> <!-- com.qa.drbest.ge.test.drbestMundgeruchTest -->
