<?xml version="1.0" encoding="UTF-8"?>
<!-- Generated by org.testng.reporters.JUnitReportReporter -->
<testsuite hostname="WKWZTPqvmdckJHX" failures="0" tests="16" name="com.qa.biotene.test.BioteneLozengesText" time="425.484" errors="0" timestamp="2023-04-03T07:36:54 IST" skipped="1">
  <testcase classname="com.qa.biotene.test.BioteneLozengesText" name="cookieButton" time="66.217"/>
  <system-out/>
  <testcase classname="com.qa.biotene.test.BioteneLozengesText" name="verifyBreadcrumbOne" time="11.247"/>
  <system-out/>
  <testcase classname="com.qa.biotene.test.BioteneLozengesText" name="verifyBreadcrumbTwo" time="11.308"/>
  <system-out/>
  <testcase classname="com.qa.biotene.test.BioteneLozengesText" name="verifyBreadcrumbThree" time="23.693"/>
  <system-out/>
  <testcase classname="com.qa.biotene.test.BioteneLozengesText" name="verifyLearnMoreOne" time="12.618"/>
  <system-out/>
  <testcase classname="com.qa.biotene.test.BioteneLozengesText" name="verifyLearnMoreTwo" time="13.001"/>
  <system-out/>
  <testcase classname="com.qa.biotene.test.BioteneLozengesText" name="verifyLearnMoreThree" time="35.632"/>
  <system-out/>
  <testcase classname="com.qa.biotene.test.BioteneLozengesText" name="verifyLearnMoreFour" time="18.461"/>
  <system-out/>
  <testcase classname="com.qa.biotene.test.BioteneLozengesText" name="verifyLearnMoreFive" time="17.052"/>
  <system-out/>
  <testcase classname="com.qa.biotene.test.BioteneLozengesText" name="verifyLearnMoreSix" time="37.107"/>
  <system-out/>
  <testcase classname="com.qa.biotene.test.BioteneLozengesText" name="verifyLearnMoreSeven" time="32.303"/>
  <system-out/>
  <testcase classname="com.qa.biotene.test.BioteneLozengesText" name="verifyPreviousAndNextArrow" time="47.358">
    <skipped/>
  </testcase> <!-- verifyPreviousAndNextArrow -->
  <system-out/>
  <testcase classname="com.qa.biotene.test.BioteneLozengesText" name="verifyPreviousAndNextArrow" time="31.788"/>
  <system-out/>
  <testcase classname="com.qa.biotene.test.BioteneLozengesText" name="verifyGetCoupon" time="37.966"/>
  <system-out/>
  <testcase classname="com.qa.biotene.test.BioteneLozengesText" name="verifyTakeTheQuiz" time="12.856"/>
  <system-out/>
  <testcase classname="com.qa.biotene.test.BioteneLozengesText" name="verifyShopNow" time="16.877"/>
  <system-out/>
</testsuite> <!-- com.qa.biotene.test.BioteneLozengesText -->
