<?xml version="1.0" encoding="UTF-8"?>
<!-- Generated by org.testng.reporters.JUnitReportReporter -->
<testsuite hostname="WKWZTPqvmdckJHX" failures="0" tests="1" name="com.qa.bens.checklist.test.GskPresenceTest" time="24.328" errors="0" timestamp="2023-10-06T18:59:24 IST" skipped="0">
  <testcase classname="com.qa.bens.checklist.test.GskPresenceTest" name="findingGskInSourcePage" time="24.328"/>
  <system-out/>
</testsuite> <!-- com.qa.bens.checklist.test.GskPresenceTest -->
