<?xml version="1.0" encoding="UTF-8"?>
<!-- Generated by org.testng.reporters.JUnitReportReporter -->
<testsuite hostname="WKWZTPqvmdckJHX" failures="0" tests="13" name="com.qa.sensodyne.ca.test.SensodyneCaCoolMintMouthwashTest" time="694.285" errors="0" timestamp="2023-05-24T18:05:44 IST" skipped="0">
  <testcase classname="com.qa.sensodyne.ca.test.SensodyneCaCoolMintMouthwashTest" name="verifyBreadcrumbOne" time="7.436"/>
  <system-out/>
  <testcase classname="com.qa.sensodyne.ca.test.SensodyneCaCoolMintMouthwashTest" name="verifyBreadcrumbTwo" time="6.149"/>
  <system-out/>
  <testcase classname="com.qa.sensodyne.ca.test.SensodyneCaCoolMintMouthwashTest" name="verifyBreadcrumbThree" time="6.417"/>
  <system-out/>
  <testcase classname="com.qa.sensodyne.ca.test.SensodyneCaCoolMintMouthwashTest" name="verifyBuyNow" time="6.247"/>
  <system-out/>
  <testcase classname="com.qa.sensodyne.ca.test.SensodyneCaCoolMintMouthwashTest" name="verifyAvailableProductTextOne" time="6.150"/>
  <system-out/>
  <testcase classname="com.qa.sensodyne.ca.test.SensodyneCaCoolMintMouthwashTest" name="verifyAvailableProductImgOne" time="6.337"/>
  <system-out/>
  <testcase classname="com.qa.sensodyne.ca.test.SensodyneCaCoolMintMouthwashTest" name="verifyTabSection" time="3.503"/>
  <system-out/>
  <testcase classname="com.qa.sensodyne.ca.test.SensodyneCaCoolMintMouthwashTest" name="verifyMostPopularProductOne" time="615.131"/>
  <system-out/>
  <testcase classname="com.qa.sensodyne.ca.test.SensodyneCaCoolMintMouthwashTest" name="verifyMostPopularProductTwo" time="7.408"/>
  <system-out/>
  <testcase classname="com.qa.sensodyne.ca.test.SensodyneCaCoolMintMouthwashTest" name="verifyMostPopularProductThree" time="6.751"/>
  <system-out/>
  <testcase classname="com.qa.sensodyne.ca.test.SensodyneCaCoolMintMouthwashTest" name="verifyMostPopularProductFour" time="6.025"/>
  <system-out/>
  <testcase classname="com.qa.sensodyne.ca.test.SensodyneCaCoolMintMouthwashTest" name="verifyMostPopularProductFive" time="6.031"/>
  <system-out/>
  <testcase classname="com.qa.sensodyne.ca.test.SensodyneCaCoolMintMouthwashTest" name="verifyFindYourStore" time="10.700"/>
  <system-out/>
</testsuite> <!-- com.qa.sensodyne.ca.test.SensodyneCaCoolMintMouthwashTest -->
