<?xml version="1.0" encoding="UTF-8"?>
<!-- Generated by org.testng.reporters.JUnitReportReporter -->
<testsuite hostname="WKWZTPqvmdckJHX" failures="0" tests="14" name="com.qa.voltarengel.test.VoltarenSocialSettingsTest" time="144.324" errors="0" timestamp="2023-04-23T23:50:50 IST" skipped="0">
  <testcase classname="com.qa.voltarengel.test.VoltarenSocialSettingsTest" name="cookieButton" time="8.062"/>
  <system-out/>
  <testcase classname="com.qa.voltarengel.test.VoltarenSocialSettingsTest" name="verifyBreadcrumbOne" time="11.622"/>
  <system-out/>
  <testcase classname="com.qa.voltarengel.test.VoltarenSocialSettingsTest" name="verifyBreadcrumbTwo" time="13.459"/>
  <system-out/>
  <testcase classname="com.qa.voltarengel.test.VoltarenSocialSettingsTest" name="verifyBreadcrumbThree" time="10.407"/>
  <system-out/>
  <testcase classname="com.qa.voltarengel.test.VoltarenSocialSettingsTest" name="verifyBreadcrumbFour" time="10.772"/>
  <system-out/>
  <testcase classname="com.qa.voltarengel.test.VoltarenSocialSettingsTest" name="verifyHyperLinkArthritis" time="10.559"/>
  <system-out/>
  <testcase classname="com.qa.voltarengel.test.VoltarenSocialSettingsTest" name="verifyHyperLinkManageYourStress" time="11.690"/>
  <system-out/>
  <testcase classname="com.qa.voltarengel.test.VoltarenSocialSettingsTest" name="verifyHyperLinkExercise" time="10.335"/>
  <system-out/>
  <testcase classname="com.qa.voltarengel.test.VoltarenSocialSettingsTest" name="verifyHyperLinkRelieveJointPainCausedByArthritis" time="10.873"/>
  <system-out/>
  <testcase classname="com.qa.voltarengel.test.VoltarenSocialSettingsTest" name="verifyShowReference" time="4.935"/>
  <system-out/>
  <testcase classname="com.qa.voltarengel.test.VoltarenSocialSettingsTest" name="verifyRelatedArticleReadMoreOne" time="10.531"/>
  <system-out/>
  <testcase classname="com.qa.voltarengel.test.VoltarenSocialSettingsTest" name="verifyRelatedArticleReadMoreTwo" time="8.816"/>
  <system-out/>
  <testcase classname="com.qa.voltarengel.test.VoltarenSocialSettingsTest" name="verifyGetCoupons" time="10.114"/>
  <system-out/>
  <testcase classname="com.qa.voltarengel.test.VoltarenSocialSettingsTest" name="verifyBuyNow" time="12.149"/>
  <system-out/>
</testsuite> <!-- com.qa.voltarengel.test.VoltarenSocialSettingsTest -->
