<?xml version="1.0" encoding="UTF-8"?>
<!-- Generated by org.testng.reporters.JUnitReportReporter -->
<testsuite hostname="WKWZTPqvmdckJHX" failures="0" tests="1" name="com.qa.bens.checklist.test.CheckListNbspTest" time="13.535" errors="0" timestamp="2023-10-06T20:31:44 IST" skipped="0">
  <testcase classname="com.qa.bens.checklist.test.CheckListNbspTest" name="verifyNBSP" time="13.535"/>
  <system-out/>
</testsuite> <!-- com.qa.bens.checklist.test.CheckListNbspTest -->
