<?xml version="1.0" encoding="UTF-8"?>
<!-- Generated by org.testng.reporters.JUnitReportReporter -->
<testsuite hostname="WKWZTPqvmdckJHX" failures="0" tests="13" name="com.qa.drbest.ge.test.drbestgreencleanTest" time="218.345" errors="0" timestamp="2023-04-10T02:26:06 IST" skipped="0">
  <testcase classname="com.qa.drbest.ge.test.drbestgreencleanTest" name="verifydrbestcookiePopupLink" time="47.489"/>
  <system-out/>
  <testcase classname="com.qa.drbest.ge.test.drbestgreencleanTest" name="verifyBuyNow1Link" time="11.630"/>
  <system-out/>
  <testcase classname="com.qa.drbest.ge.test.drbestgreencleanTest" name="verifyWasunterscheidietLink" time="14.623"/>
  <system-out/>
  <testcase classname="com.qa.drbest.ge.test.drbestgreencleanTest" name="verifyWarumverwendentLink" time="14.814"/>
  <system-out/>
  <testcase classname="com.qa.drbest.ge.test.drbestgreencleanTest" name="verifyWiesoLink" time="14.515"/>
  <system-out/>
  <testcase classname="com.qa.drbest.ge.test.drbestgreencleanTest" name="verifyWasgenauLink" time="19.247"/>
  <system-out/>
  <testcase classname="com.qa.drbest.ge.test.drbestgreencleanTest" name="verifyWiescowirktLink" time="14.075"/>
  <system-out/>
  <testcase classname="com.qa.drbest.ge.test.drbestgreencleanTest" name="verifyWasbedutetLink" time="13.337"/>
  <system-out/>
  <testcase classname="com.qa.drbest.ge.test.drbestgreencleanTest" name="verifyWoherStammtLink" time="13.099"/>
  <system-out/>
  <testcase classname="com.qa.drbest.ge.test.drbestgreencleanTest" name="verifyWowirdLink" time="14.440"/>
  <system-out/>
  <testcase classname="com.qa.drbest.ge.test.drbestgreencleanTest" name="verifyIstdieLink" time="13.989"/>
  <system-out/>
  <testcase classname="com.qa.drbest.ge.test.drbestgreencleanTest" name="verifyWorausbestehtLink" time="14.372"/>
  <system-out/>
  <testcase classname="com.qa.drbest.ge.test.drbestgreencleanTest" name="verifyMassenibilanLink" time="12.715"/>
  <system-out/>
</testsuite> <!-- com.qa.drbest.ge.test.drbestgreencleanTest -->
