<?xml version="1.0" encoding="UTF-8"?>
<!-- Generated by org.testng.reporters.JUnitReportReporter -->
<testsuite hostname="WKWZTPqvmdckJHX" failures="0" tests="17" name="com.qa.tums.eng.test.TumsAntacidProductsUltra1000Test" time="468.274" errors="0" timestamp="2023-01-23T12:28:36 IST" skipped="1">
  <testcase classname="com.qa.tums.eng.test.TumsAntacidProductsUltra1000Test" name="verifyCookie" time="39.491"/>
  <system-out/>
  <testcase classname="com.qa.tums.eng.test.TumsAntacidProductsUltra1000Test" name="verifyBreadCrumbHome" time="43.307"/>
  <system-out/>
  <testcase classname="com.qa.tums.eng.test.TumsAntacidProductsUltra1000Test" name="verifyBreadCrumbOne" time="116.780"/>
  <system-out/>
  <testcase classname="com.qa.tums.eng.test.TumsAntacidProductsUltra1000Test" name="verifyWriteAReview" time="51.910">
    <skipped/>
  </testcase> <!-- verifyWriteAReview -->
  <system-out/>
  <testcase classname="com.qa.tums.eng.test.TumsAntacidProductsUltra1000Test" name="verifyWriteAReview" time="88.776"/>
  <system-out/>
  <testcase classname="com.qa.tums.eng.test.TumsAntacidProductsUltra1000Test" name="verifyBuyNow" time="19.374"/>
  <system-out/>
  <testcase classname="com.qa.tums.eng.test.TumsAntacidProductsUltra1000Test" name="verifyGetCoupon" time="15.478"/>
  <system-out/>
  <testcase classname="com.qa.tums.eng.test.TumsAntacidProductsUltra1000Test" name="verifyTabNavigationOne" time="6.467"/>
  <system-out/>
  <testcase classname="com.qa.tums.eng.test.TumsAntacidProductsUltra1000Test" name="verifyTabNavigationTwo" time="5.746"/>
  <system-out/>
  <testcase classname="com.qa.tums.eng.test.TumsAntacidProductsUltra1000Test" name="verifyTabNavigationThree" time="5.159"/>
  <system-out/>
  <testcase classname="com.qa.tums.eng.test.TumsAntacidProductsUltra1000Test" name="verifyTabNavigationFour" time="5.877"/>
  <system-out/>
  <testcase classname="com.qa.tums.eng.test.TumsAntacidProductsUltra1000Test" name="verifySeeProducts" time="8.715"/>
  <system-out/>
  <testcase classname="com.qa.tums.eng.test.TumsAntacidProductsUltra1000Test" name="verifyYoutube" time="21.849"/>
  <system-out/>
  <testcase classname="com.qa.tums.eng.test.TumsAntacidProductsUltra1000Test" name="verifyReadMore" time="9.855"/>
  <system-out/>
  <testcase classname="com.qa.tums.eng.test.TumsAntacidProductsUltra1000Test" name="verifyPrdtOne" time="9.414"/>
  <system-out/>
  <testcase classname="com.qa.tums.eng.test.TumsAntacidProductsUltra1000Test" name="verifyPrdtTwo" time="12.565"/>
  <system-out/>
  <testcase classname="com.qa.tums.eng.test.TumsAntacidProductsUltra1000Test" name="verifyPrdtThree" time="7.511"/>
  <system-out/>
</testsuite> <!-- com.qa.tums.eng.test.TumsAntacidProductsUltra1000Test -->
