<?xml version="1.0" encoding="UTF-8"?>
<!-- Generated by org.testng.reporters.JUnitReportReporter -->
<testsuite hostname="WKWZTPqvmdckJHX" failures="0" tests="1" name="com.qa.flonase.test.CMXTest" time="26.027" errors="0" timestamp="2023-10-14T18:02:19 IST" skipped="0">
  <testcase classname="com.qa.flonase.test.CMXTest" name="verifyLoginPage" time="26.027"/>
  <system-out/>
</testsuite> <!-- com.qa.flonase.test.CMXTest -->
