<?xml version="1.0" encoding="UTF-8"?>
<!-- Generated by org.testng.reporters.JUnitReportReporter -->
<testsuite hostname="WKWZTPqvmdckJHX" failures="0" tests="14" name="com.qa.caltrate.eng.test.CaltrateNextDayTurkeySoupTest" time="115.022" errors="0" timestamp="2023-05-01T22:31:50 IST" skipped="0">
  <testcase classname="com.qa.caltrate.eng.test.CaltrateNextDayTurkeySoupTest" name="cookieButton" time="49.767"/>
  <system-out/>
  <testcase classname="com.qa.caltrate.eng.test.CaltrateNextDayTurkeySoupTest" name="verifyHomeIcon" time="6.857"/>
  <system-out/>
  <testcase classname="com.qa.caltrate.eng.test.CaltrateNextDayTurkeySoupTest" name="verifyBread_BoneHealthCentral" time="4.473"/>
  <system-out/>
  <testcase classname="com.qa.caltrate.eng.test.CaltrateNextDayTurkeySoupTest" name="verifyBread_Recipes" time="5.900"/>
  <system-out/>
  <testcase classname="com.qa.caltrate.eng.test.CaltrateNextDayTurkeySoupTest" name="verifyReadArticle" time="6.522"/>
  <system-out/>
  <testcase classname="com.qa.caltrate.eng.test.CaltrateNextDayTurkeySoupTest" name="verifyCALTRATE600D3PLUSMINERALSMINIS" time="2.525"/>
  <system-out/>
  <testcase classname="com.qa.caltrate.eng.test.CaltrateNextDayTurkeySoupTest" name="verifyAllArticles" time="4.896"/>
  <system-out/>
  <testcase classname="com.qa.caltrate.eng.test.CaltrateNextDayTurkeySoupTest" name="verifyAllRecipes" time="4.669"/>
  <system-out/>
  <testcase classname="com.qa.caltrate.eng.test.CaltrateNextDayTurkeySoupTest" name="verifyAllHealthTips" time="4.826"/>
  <system-out/>
  <testcase classname="com.qa.caltrate.eng.test.CaltrateNextDayTurkeySoupTest" name="verifyAllInteractiveTools" time="4.128"/>
  <system-out/>
  <testcase classname="com.qa.caltrate.eng.test.CaltrateNextDayTurkeySoupTest" name="verifyCalciumAndCalciumCarbonate" time="4.270"/>
  <system-out/>
  <testcase classname="com.qa.caltrate.eng.test.CaltrateNextDayTurkeySoupTest" name="verifyVitaminD" time="5.338"/>
  <system-out/>
  <testcase classname="com.qa.caltrate.eng.test.CaltrateNextDayTurkeySoupTest" name="verifyOsteoporosis" time="4.749"/>
  <system-out/>
  <testcase classname="com.qa.caltrate.eng.test.CaltrateNextDayTurkeySoupTest" name="verifyCalciumSupplements" time="6.102"/>
  <system-out/>
</testsuite> <!-- com.qa.caltrate.eng.test.CaltrateNextDayTurkeySoupTest -->
