<?xml version="1.0" encoding="UTF-8"?>
<!-- Generated by org.testng.reporters.JUnitReportReporter -->
<testsuite hostname="WKWZTPqvmdckJHX" failures="5" tests="22" name="com.qa.biotene.test.bioteneFreshenbadbreatheTest" time="370.072" errors="0" timestamp="2023-04-03T07:36:54 IST" skipped="10">
  <testcase classname="com.qa.biotene.test.bioteneFreshenbadbreatheTest" name="verifyBiotenecookiePopupLink" time="125.940"/>
  <system-out/>
  <testcase classname="com.qa.biotene.test.bioteneFreshenbadbreatheTest" name="verifyHomeBreadcrumbsLink" time="10.013"/>
  <system-out/>
  <testcase classname="com.qa.biotene.test.bioteneFreshenbadbreatheTest" name="verifyLivingdrymouthLinkbreadcrumbs" time="11.068"/>
  <system-out/>
  <testcase classname="com.qa.biotene.test.bioteneFreshenbadbreatheTest" name="verifyFreshenbadbreathebreadcrumbsLink" time="8.569"/>
  <system-out/>
  <testcase classname="com.qa.biotene.test.bioteneFreshenbadbreatheTest" name="verifydrymouthLink" time="9.598">
    <failure message="expected [what-is-dry-mouth/] but found [https://www.biotene.com/what-is-dry-mouth/]" type="java.lang.AssertionError">
      <![CDATA[java.lang.AssertionError: expected [what-is-dry-mouth/] but found [https://www.biotene.com/what-is-dry-mouth/]
at org.testng.Assert.fail(Assert.java:99)
at org.testng.Assert.failNotEquals(Assert.java:1037)
at org.testng.Assert.assertEqualsImpl(Assert.java:140)
at org.testng.Assert.assertEquals(Assert.java:122)
at org.testng.Assert.assertEquals(Assert.java:629)
at org.testng.Assert.assertEquals(Assert.java:639)
at com.qa.baseClass.BaseClass.compareTwoText(BaseClass.java:814)
at com.qa.biotene.test.bioteneFreshenbadbreatheTest.verifydrymouthLink(bioteneFreshenbadbreatheTest.java:86)
at java.base/jdk.internal.reflect.DirectMethodHandleAccessor.invoke(DirectMethodHandleAccessor.java:104)
at java.base/java.lang.reflect.Method.invoke(Method.java:577)
at org.testng.internal.MethodInvocationHelper.invokeMethod(MethodInvocationHelper.java:133)
at org.testng.internal.TestInvoker.invokeMethod(TestInvoker.java:598)
at org.testng.internal.TestInvoker.retryFailed(TestInvoker.java:213)
at org.testng.internal.MethodRunner.runInSequence(MethodRunner.java:58)
at org.testng.internal.TestInvoker$MethodInvocationAgent.invoke(TestInvoker.java:824)
at org.testng.internal.TestInvoker.invokeTestMethods(TestInvoker.java:146)
at org.testng.internal.TestMethodWorker.invokeTestMethods(TestMethodWorker.java:146)
at org.testng.internal.TestMethodWorker.run(TestMethodWorker.java:128)
at java.base/java.util.ArrayList.forEach(ArrayList.java:1511)
at org.testng.TestRunner.privateRun(TestRunner.java:794)
at org.testng.TestRunner.run(TestRunner.java:596)
at org.testng.SuiteRunner.runTest(SuiteRunner.java:377)
at org.testng.SuiteRunner.runSequentially(SuiteRunner.java:371)
at org.testng.SuiteRunner.privateRun(SuiteRunner.java:332)
at org.testng.SuiteRunner.run(SuiteRunner.java:276)
at org.testng.SuiteRunnerWorker.runSuite(SuiteRunnerWorker.java:53)
at org.testng.SuiteRunnerWorker.run(SuiteRunnerWorker.java:96)
at org.testng.TestNG.runSuitesSequentially(TestNG.java:1212)
at org.testng.TestNG.runSuitesLocally(TestNG.java:1134)
at org.testng.TestNG.runSuites(TestNG.java:1063)
at org.testng.TestNG.run(TestNG.java:1031)
at org.testng.remote.AbstractRemoteTestNG.run(AbstractRemoteTestNG.java:115)
at org.testng.remote.RemoteTestNG.initAndRun(RemoteTestNG.java:251)
at org.testng.remote.RemoteTestNG.main(RemoteTestNG.java:77)
]]>
    </failure>
  </testcase> <!-- verifydrymouthLink -->
  <system-out/>
  <testcase classname="com.qa.biotene.test.bioteneFreshenbadbreatheTest" name="verifydrymouthLink" time="8.507">
    <skipped/>
  </testcase> <!-- verifydrymouthLink -->
  <system-out/>
  <testcase classname="com.qa.biotene.test.bioteneFreshenbadbreatheTest" name="verifydrymouthLink" time="7.961">
    <skipped/>
  </testcase> <!-- verifydrymouthLink -->
  <system-out/>
  <testcase classname="com.qa.biotene.test.bioteneFreshenbadbreatheTest" name="verifyMedicationsLink" time="11.570">
    <failure message="expected [living-with-dry-mouth/multi-medications/] but found [https://www.biotene.com/living-with-dry-mouth/multi-medications/]" type="java.lang.AssertionError">
      <![CDATA[java.lang.AssertionError: expected [living-with-dry-mouth/multi-medications/] but found [https://www.biotene.com/living-with-dry-mouth/multi-medications/]
at org.testng.Assert.fail(Assert.java:99)
at org.testng.Assert.failNotEquals(Assert.java:1037)
at org.testng.Assert.assertEqualsImpl(Assert.java:140)
at org.testng.Assert.assertEquals(Assert.java:122)
at org.testng.Assert.assertEquals(Assert.java:629)
at org.testng.Assert.assertEquals(Assert.java:639)
at com.qa.baseClass.BaseClass.compareTwoText(BaseClass.java:814)
at com.qa.biotene.test.bioteneFreshenbadbreatheTest.verifyMedicationsLink(bioteneFreshenbadbreatheTest.java:98)
at java.base/jdk.internal.reflect.DirectMethodHandleAccessor.invoke(DirectMethodHandleAccessor.java:104)
at java.base/java.lang.reflect.Method.invoke(Method.java:577)
at org.testng.internal.MethodInvocationHelper.invokeMethod(MethodInvocationHelper.java:133)
at org.testng.internal.TestInvoker.invokeMethod(TestInvoker.java:598)
at org.testng.internal.TestInvoker.retryFailed(TestInvoker.java:213)
at org.testng.internal.MethodRunner.runInSequence(MethodRunner.java:58)
at org.testng.internal.TestInvoker$MethodInvocationAgent.invoke(TestInvoker.java:824)
at org.testng.internal.TestInvoker.invokeTestMethods(TestInvoker.java:146)
at org.testng.internal.TestMethodWorker.invokeTestMethods(TestMethodWorker.java:146)
at org.testng.internal.TestMethodWorker.run(TestMethodWorker.java:128)
at java.base/java.util.ArrayList.forEach(ArrayList.java:1511)
at org.testng.TestRunner.privateRun(TestRunner.java:794)
at org.testng.TestRunner.run(TestRunner.java:596)
at org.testng.SuiteRunner.runTest(SuiteRunner.java:377)
at org.testng.SuiteRunner.runSequentially(SuiteRunner.java:371)
at org.testng.SuiteRunner.privateRun(SuiteRunner.java:332)
at org.testng.SuiteRunner.run(SuiteRunner.java:276)
at org.testng.SuiteRunnerWorker.runSuite(SuiteRunnerWorker.java:53)
at org.testng.SuiteRunnerWorker.run(SuiteRunnerWorker.java:96)
at org.testng.TestNG.runSuitesSequentially(TestNG.java:1212)
at org.testng.TestNG.runSuitesLocally(TestNG.java:1134)
at org.testng.TestNG.runSuites(TestNG.java:1063)
at org.testng.TestNG.run(TestNG.java:1031)
at org.testng.remote.AbstractRemoteTestNG.run(AbstractRemoteTestNG.java:115)
at org.testng.remote.RemoteTestNG.initAndRun(RemoteTestNG.java:251)
at org.testng.remote.RemoteTestNG.main(RemoteTestNG.java:77)
]]>
    </failure>
  </testcase> <!-- verifyMedicationsLink -->
  <system-out/>
  <testcase classname="com.qa.biotene.test.bioteneFreshenbadbreatheTest" name="verifyMedicationsLink" time="11.945">
    <skipped/>
  </testcase> <!-- verifyMedicationsLink -->
  <system-out/>
  <testcase classname="com.qa.biotene.test.bioteneFreshenbadbreatheTest" name="verifyMedicationsLink" time="12.104">
    <skipped/>
  </testcase> <!-- verifyMedicationsLink -->
  <system-out/>
  <testcase classname="com.qa.biotene.test.bioteneFreshenbadbreatheTest" name="verifySjogrenSyndromeLink" time="10.326">
    <failure message="expected [what-is-dry-mouth/sjogrens-syndrome/] but found [https://www.biotene.com/what-is-dry-mouth/sjogrens-syndrome/]" type="java.lang.AssertionError">
      <![CDATA[java.lang.AssertionError: expected [what-is-dry-mouth/sjogrens-syndrome/] but found [https://www.biotene.com/what-is-dry-mouth/sjogrens-syndrome/]
at org.testng.Assert.fail(Assert.java:99)
at org.testng.Assert.failNotEquals(Assert.java:1037)
at org.testng.Assert.assertEqualsImpl(Assert.java:140)
at org.testng.Assert.assertEquals(Assert.java:122)
at org.testng.Assert.assertEquals(Assert.java:629)
at org.testng.Assert.assertEquals(Assert.java:639)
at com.qa.baseClass.BaseClass.compareTwoText(BaseClass.java:814)
at com.qa.biotene.test.bioteneFreshenbadbreatheTest.verifySjogrenSyndromeLink(bioteneFreshenbadbreatheTest.java:110)
at java.base/jdk.internal.reflect.DirectMethodHandleAccessor.invoke(DirectMethodHandleAccessor.java:104)
at java.base/java.lang.reflect.Method.invoke(Method.java:577)
at org.testng.internal.MethodInvocationHelper.invokeMethod(MethodInvocationHelper.java:133)
at org.testng.internal.TestInvoker.invokeMethod(TestInvoker.java:598)
at org.testng.internal.TestInvoker.retryFailed(TestInvoker.java:213)
at org.testng.internal.MethodRunner.runInSequence(MethodRunner.java:58)
at org.testng.internal.TestInvoker$MethodInvocationAgent.invoke(TestInvoker.java:824)
at org.testng.internal.TestInvoker.invokeTestMethods(TestInvoker.java:146)
at org.testng.internal.TestMethodWorker.invokeTestMethods(TestMethodWorker.java:146)
at org.testng.internal.TestMethodWorker.run(TestMethodWorker.java:128)
at java.base/java.util.ArrayList.forEach(ArrayList.java:1511)
at org.testng.TestRunner.privateRun(TestRunner.java:794)
at org.testng.TestRunner.run(TestRunner.java:596)
at org.testng.SuiteRunner.runTest(SuiteRunner.java:377)
at org.testng.SuiteRunner.runSequentially(SuiteRunner.java:371)
at org.testng.SuiteRunner.privateRun(SuiteRunner.java:332)
at org.testng.SuiteRunner.run(SuiteRunner.java:276)
at org.testng.SuiteRunnerWorker.runSuite(SuiteRunnerWorker.java:53)
at org.testng.SuiteRunnerWorker.run(SuiteRunnerWorker.java:96)
at org.testng.TestNG.runSuitesSequentially(TestNG.java:1212)
at org.testng.TestNG.runSuitesLocally(TestNG.java:1134)
at org.testng.TestNG.runSuites(TestNG.java:1063)
at org.testng.TestNG.run(TestNG.java:1031)
at org.testng.remote.AbstractRemoteTestNG.run(AbstractRemoteTestNG.java:115)
at org.testng.remote.RemoteTestNG.initAndRun(RemoteTestNG.java:251)
at org.testng.remote.RemoteTestNG.main(RemoteTestNG.java:77)
]]>
    </failure>
  </testcase> <!-- verifySjogrenSyndromeLink -->
  <system-out/>
  <testcase classname="com.qa.biotene.test.bioteneFreshenbadbreatheTest" name="verifySjogrenSyndromeLink" time="8.447">
    <skipped/>
  </testcase> <!-- verifySjogrenSyndromeLink -->
  <system-out/>
  <testcase classname="com.qa.biotene.test.bioteneFreshenbadbreatheTest" name="verifySjogrenSyndromeLink" time="9.202">
    <skipped/>
  </testcase> <!-- verifySjogrenSyndromeLink -->
  <system-out/>
  <testcase classname="com.qa.biotene.test.bioteneFreshenbadbreatheTest" name="verifyOralRinseLink" time="12.459">
    <skipped/>
  </testcase> <!-- verifyOralRinseLink -->
  <system-out/>
  <testcase classname="com.qa.biotene.test.bioteneFreshenbadbreatheTest" name="verifyOralRinseLink" time="11.972">
    <skipped/>
  </testcase> <!-- verifyOralRinseLink -->
  <system-out/>
  <testcase classname="com.qa.biotene.test.bioteneFreshenbadbreatheTest" name="verifyOralRinseLink" time="21.711">
    <failure message="expected [dry-mouth-products/mouthwash/] but found [https://www.biotene.com/dry-mouth-products/mouthwash/]" type="java.lang.AssertionError">
      <![CDATA[java.lang.AssertionError: expected [dry-mouth-products/mouthwash/] but found [https://www.biotene.com/dry-mouth-products/mouthwash/]
at org.testng.Assert.fail(Assert.java:99)
at org.testng.Assert.failNotEquals(Assert.java:1037)
at org.testng.Assert.assertEqualsImpl(Assert.java:140)
at org.testng.Assert.assertEquals(Assert.java:122)
at org.testng.Assert.assertEquals(Assert.java:629)
at org.testng.Assert.assertEquals(Assert.java:639)
at com.qa.baseClass.BaseClass.compareTwoText(BaseClass.java:814)
at com.qa.biotene.test.bioteneFreshenbadbreatheTest.verifyOralRinseLink(bioteneFreshenbadbreatheTest.java:122)
at java.base/jdk.internal.reflect.DirectMethodHandleAccessor.invoke(DirectMethodHandleAccessor.java:104)
at java.base/java.lang.reflect.Method.invoke(Method.java:577)
at org.testng.internal.MethodInvocationHelper.invokeMethod(MethodInvocationHelper.java:133)
at org.testng.internal.TestInvoker.invokeMethod(TestInvoker.java:598)
at org.testng.internal.TestInvoker.retryFailed(TestInvoker.java:213)
at org.testng.internal.MethodRunner.runInSequence(MethodRunner.java:58)
at org.testng.internal.TestInvoker$MethodInvocationAgent.invoke(TestInvoker.java:824)
at org.testng.internal.TestInvoker.invokeTestMethods(TestInvoker.java:146)
at org.testng.internal.TestMethodWorker.invokeTestMethods(TestMethodWorker.java:146)
at org.testng.internal.TestMethodWorker.run(TestMethodWorker.java:128)
at java.base/java.util.ArrayList.forEach(ArrayList.java:1511)
at org.testng.TestRunner.privateRun(TestRunner.java:794)
at org.testng.TestRunner.run(TestRunner.java:596)
at org.testng.SuiteRunner.runTest(SuiteRunner.java:377)
at org.testng.SuiteRunner.runSequentially(SuiteRunner.java:371)
at org.testng.SuiteRunner.privateRun(SuiteRunner.java:332)
at org.testng.SuiteRunner.run(SuiteRunner.java:276)
at org.testng.SuiteRunnerWorker.runSuite(SuiteRunnerWorker.java:53)
at org.testng.SuiteRunnerWorker.run(SuiteRunnerWorker.java:96)
at org.testng.TestNG.runSuitesSequentially(TestNG.java:1212)
at org.testng.TestNG.runSuitesLocally(TestNG.java:1134)
at org.testng.TestNG.runSuites(TestNG.java:1063)
at org.testng.TestNG.run(TestNG.java:1031)
at org.testng.remote.AbstractRemoteTestNG.run(AbstractRemoteTestNG.java:115)
at org.testng.remote.RemoteTestNG.initAndRun(RemoteTestNG.java:251)
at org.testng.remote.RemoteTestNG.main(RemoteTestNG.java:77)
]]>
    </failure>
  </testcase> <!-- verifyOralRinseLink -->
  <system-out/>
  <testcase classname="com.qa.biotene.test.bioteneFreshenbadbreatheTest" name="verifyRelievedrymouthsymptomsLink" time="14.379">
    <skipped/>
  </testcase> <!-- verifyRelievedrymouthsymptomsLink -->
  <system-out/>
  <testcase classname="com.qa.biotene.test.bioteneFreshenbadbreatheTest" name="verifyRelievedrymouthsymptomsLink" time="11.169">
    <failure message="expected [dry-mouth-products/mouthwash/] but found [https://www.biotene.com/dry-mouth-products/mouthwash/]" type="java.lang.AssertionError">
      <![CDATA[java.lang.AssertionError: expected [dry-mouth-products/mouthwash/] but found [https://www.biotene.com/dry-mouth-products/mouthwash/]
at org.testng.Assert.fail(Assert.java:99)
at org.testng.Assert.failNotEquals(Assert.java:1037)
at org.testng.Assert.assertEqualsImpl(Assert.java:140)
at org.testng.Assert.assertEquals(Assert.java:122)
at org.testng.Assert.assertEquals(Assert.java:629)
at org.testng.Assert.assertEquals(Assert.java:639)
at com.qa.baseClass.BaseClass.compareTwoText(BaseClass.java:814)
at com.qa.biotene.test.bioteneFreshenbadbreatheTest.verifyRelievedrymouthsymptomsLink(bioteneFreshenbadbreatheTest.java:134)
at java.base/jdk.internal.reflect.DirectMethodHandleAccessor.invoke(DirectMethodHandleAccessor.java:104)
at java.base/java.lang.reflect.Method.invoke(Method.java:577)
at org.testng.internal.MethodInvocationHelper.invokeMethod(MethodInvocationHelper.java:133)
at org.testng.internal.TestInvoker.invokeMethod(TestInvoker.java:598)
at org.testng.internal.TestInvoker.retryFailed(TestInvoker.java:213)
at org.testng.internal.MethodRunner.runInSequence(MethodRunner.java:58)
at org.testng.internal.TestInvoker$MethodInvocationAgent.invoke(TestInvoker.java:824)
at org.testng.internal.TestInvoker.invokeTestMethods(TestInvoker.java:146)
at org.testng.internal.TestMethodWorker.invokeTestMethods(TestMethodWorker.java:146)
at org.testng.internal.TestMethodWorker.run(TestMethodWorker.java:128)
at java.base/java.util.ArrayList.forEach(ArrayList.java:1511)
at org.testng.TestRunner.privateRun(TestRunner.java:794)
at org.testng.TestRunner.run(TestRunner.java:596)
at org.testng.SuiteRunner.runTest(SuiteRunner.java:377)
at org.testng.SuiteRunner.runSequentially(SuiteRunner.java:371)
at org.testng.SuiteRunner.privateRun(SuiteRunner.java:332)
at org.testng.SuiteRunner.run(SuiteRunner.java:276)
at org.testng.SuiteRunnerWorker.runSuite(SuiteRunnerWorker.java:53)
at org.testng.SuiteRunnerWorker.run(SuiteRunnerWorker.java:96)
at org.testng.TestNG.runSuitesSequentially(TestNG.java:1212)
at org.testng.TestNG.runSuitesLocally(TestNG.java:1134)
at org.testng.TestNG.runSuites(TestNG.java:1063)
at org.testng.TestNG.run(TestNG.java:1031)
at org.testng.remote.AbstractRemoteTestNG.run(AbstractRemoteTestNG.java:115)
at org.testng.remote.RemoteTestNG.initAndRun(RemoteTestNG.java:251)
at org.testng.remote.RemoteTestNG.main(RemoteTestNG.java:77)
]]>
    </failure>
  </testcase> <!-- verifyRelievedrymouthsymptomsLink -->
  <system-out/>
  <testcase classname="com.qa.biotene.test.bioteneFreshenbadbreatheTest" name="verifyRelievedrymouthsymptomsLink" time="13.898">
    <skipped/>
  </testcase> <!-- verifyRelievedrymouthsymptomsLink -->
  <system-out/>
  <testcase classname="com.qa.biotene.test.bioteneFreshenbadbreatheTest" name="verifytakequizLink" time="13.716"/>
  <system-out/>
  <testcase classname="com.qa.biotene.test.bioteneFreshenbadbreatheTest" name="verifyReadmoreLink" time="12.564"/>
  <system-out/>
  <testcase classname="com.qa.biotene.test.bioteneFreshenbadbreatheTest" name="verifyReadmore1Link" time="12.954"/>
  <system-out/>
</testsuite> <!-- com.qa.biotene.test.bioteneFreshenbadbreatheTest -->
