<?xml version="1.0" encoding="UTF-8"?>
<!-- Generated by org.testng.reporters.JUnitReportReporter -->
<testsuite hostname="WKWZTPqvmdckJHX" failures="0" tests="11" name="com.qa.sensodyne.ca.test.SensodyneCaBrilliantWhiteningToothpasteTest" time="71.111" errors="0" timestamp="2023-05-23T12:00:52 IST" skipped="0">
  <testcase classname="com.qa.sensodyne.ca.test.SensodyneCaBrilliantWhiteningToothpasteTest" name="verifyBreadcrumbOne" time="6.687"/>
  <system-out/>
  <testcase classname="com.qa.sensodyne.ca.test.SensodyneCaBrilliantWhiteningToothpasteTest" name="verifyBreadcrumbTwo" time="6.970"/>
  <system-out/>
  <testcase classname="com.qa.sensodyne.ca.test.SensodyneCaBrilliantWhiteningToothpasteTest" name="verifyBreadcrumbThree" time="5.528"/>
  <system-out/>
  <testcase classname="com.qa.sensodyne.ca.test.SensodyneCaBrilliantWhiteningToothpasteTest" name="verifyBuyNow" time="6.491"/>
  <system-out/>
  <testcase classname="com.qa.sensodyne.ca.test.SensodyneCaBrilliantWhiteningToothpasteTest" name="verifyTabSection" time="3.269"/>
  <system-out/>
  <testcase classname="com.qa.sensodyne.ca.test.SensodyneCaBrilliantWhiteningToothpasteTest" name="verifyMostPopularProductOne" time="6.704"/>
  <system-out/>
  <testcase classname="com.qa.sensodyne.ca.test.SensodyneCaBrilliantWhiteningToothpasteTest" name="verifyMostPopularProductTwo" time="5.700"/>
  <system-out/>
  <testcase classname="com.qa.sensodyne.ca.test.SensodyneCaBrilliantWhiteningToothpasteTest" name="verifyMostPopularProductThree" time="6.081"/>
  <system-out/>
  <testcase classname="com.qa.sensodyne.ca.test.SensodyneCaBrilliantWhiteningToothpasteTest" name="verifyMostPopularProductFour" time="5.706"/>
  <system-out/>
  <testcase classname="com.qa.sensodyne.ca.test.SensodyneCaBrilliantWhiteningToothpasteTest" name="verifyMostPopularProductFive" time="6.295"/>
  <system-out/>
  <testcase classname="com.qa.sensodyne.ca.test.SensodyneCaBrilliantWhiteningToothpasteTest" name="verifyFindYourStore" time="11.680"/>
  <system-out/>
</testsuite> <!-- com.qa.sensodyne.ca.test.SensodyneCaBrilliantWhiteningToothpasteTest -->
