<?xml version="1.0" encoding="UTF-8"?>
<!-- Generated by org.testng.reporters.JUnitReportReporter -->
<testsuite hostname="WKWZTPqvmdckJHX" failures="0" tests="11" name="com.qa.abreva.test.AbrevaSunAndColdSoresTest" time="138.025" errors="0" timestamp="2023-05-16T23:32:44 IST" skipped="1">
  <testcase classname="com.qa.abreva.test.AbrevaSunAndColdSoresTest" name="cookieButton" time="12.337"/>
  <system-out/>
  <testcase classname="com.qa.abreva.test.AbrevaSunAndColdSoresTest" name="verifyBreadcrumbOne" time="13.562"/>
  <system-out/>
  <testcase classname="com.qa.abreva.test.AbrevaSunAndColdSoresTest" name="verifyHyperLinkTrigger" time="13.133"/>
  <system-out/>
  <testcase classname="com.qa.abreva.test.AbrevaSunAndColdSoresTest" name="verifyHyperLinkAbreva" time="12.214"/>
  <system-out/>
  <testcase classname="com.qa.abreva.test.AbrevaSunAndColdSoresTest" name="verifyHyperLinkVacations" time="12.359"/>
  <system-out/>
  <testcase classname="com.qa.abreva.test.AbrevaSunAndColdSoresTest" name="verifyWholeCardSecOne" time="13.853"/>
  <system-out/>
  <testcase classname="com.qa.abreva.test.AbrevaSunAndColdSoresTest" name="verifyWholeCardSecTwo" time="14.727"/>
  <system-out/>
  <testcase classname="com.qa.abreva.test.AbrevaSunAndColdSoresTest" name="verifyWholeCardSecThree" time="11.655"/>
  <system-out/>
  <testcase classname="com.qa.abreva.test.AbrevaSunAndColdSoresTest" name="verifyReadOurLipCareTips" time="19.385"/>
  <system-out/>
  <testcase classname="com.qa.abreva.test.AbrevaSunAndColdSoresTest" name="verifyBuyNow" time="9.146">
    <skipped/>
  </testcase> <!-- verifyBuyNow -->
  <system-out/>
  <testcase classname="com.qa.abreva.test.AbrevaSunAndColdSoresTest" name="verifyBuyNow" time="5.654"/>
  <system-out/>
</testsuite> <!-- com.qa.abreva.test.AbrevaSunAndColdSoresTest -->
