<?xml version="1.0" encoding="UTF-8"?>
<!-- Generated by org.testng.reporters.JUnitReportReporter -->
<testsuite hostname="WKWZTPqvmdckJHX" failures="0" tests="8" name="com.qa.nexium.us.test.NexiumHowToGetRidOfHeartburnTest" time="80.855" errors="0" timestamp="2023-05-15T18:04:13 IST" skipped="0">
  <testcase classname="com.qa.nexium.us.test.NexiumHowToGetRidOfHeartburnTest" name="cookieButton" time="5.116"/>
  <system-out/>
  <testcase classname="com.qa.nexium.us.test.NexiumHowToGetRidOfHeartburnTest" name="verifyBreadcrumbOne" time="10.860"/>
  <system-out/>
  <testcase classname="com.qa.nexium.us.test.NexiumHowToGetRidOfHeartburnTest" name="verifyBreadcrumbTwo" time="16.784"/>
  <system-out/>
  <testcase classname="com.qa.nexium.us.test.NexiumHowToGetRidOfHeartburnTest" name="verifyBreadcrumbThree" time="3.434"/>
  <system-out/>
  <testcase classname="com.qa.nexium.us.test.NexiumHowToGetRidOfHeartburnTest" name="verifyHyperLinkSymptomsOfHeartburn" time="8.967"/>
  <system-out/>
  <testcase classname="com.qa.nexium.us.test.NexiumHowToGetRidOfHeartburnTest" name="verifyHyperLinkHeartburnAtNight" time="12.294"/>
  <system-out/>
  <testcase classname="com.qa.nexium.us.test.NexiumHowToGetRidOfHeartburnTest" name="verifyHyperLinkProtonPumpInhibitor" time="13.975"/>
  <system-out/>
  <testcase classname="com.qa.nexium.us.test.NexiumHowToGetRidOfHeartburnTest" name="verifyHyperLinkNexium24Hr" time="9.425"/>
  <system-out/>
</testsuite> <!-- com.qa.nexium.us.test.NexiumHowToGetRidOfHeartburnTest -->
