<?xml version="1.0" encoding="UTF-8"?>
<!-- Generated by org.testng.reporters.JUnitReportReporter -->
<testsuite hostname="WKWZTPqvmdckJHX" failures="0" tests="6" name="com.qa.sensodyne.us.test.SensodyneWhyTeethHurtBitingTest" time="87.794" errors="0" timestamp="2023-01-24T16:17:01 IST" skipped="0">
  <testcase classname="com.qa.sensodyne.us.test.SensodyneWhyTeethHurtBitingTest" name="cookieButton" time="6.743"/>
  <system-out/>
  <testcase classname="com.qa.sensodyne.us.test.SensodyneWhyTeethHurtBitingTest" name="verifySensodyneWebsiteLink" time="14.423"/>
  <system-out/>
  <testcase classname="com.qa.sensodyne.us.test.SensodyneWhyTeethHurtBitingTest" name="verifyRelatedArticleOne" time="12.809"/>
  <system-out/>
  <testcase classname="com.qa.sensodyne.us.test.SensodyneWhyTeethHurtBitingTest" name="verifyRelatedArticleTwo" time="32.550"/>
  <system-out/>
  <testcase classname="com.qa.sensodyne.us.test.SensodyneWhyTeethHurtBitingTest" name="verifyRelatedArticleThree" time="10.756"/>
  <system-out/>
  <testcase classname="com.qa.sensodyne.us.test.SensodyneWhyTeethHurtBitingTest" name="verifyRelatedArticleFour" time="10.513"/>
  <system-out/>
</testsuite> <!-- com.qa.sensodyne.us.test.SensodyneWhyTeethHurtBitingTest -->
