<?xml version="1.0" encoding="UTF-8"?>
<!-- Generated by org.testng.reporters.JUnitReportReporter -->
<testsuite hostname="WKWZTPqvmdckJHX" failures="0" tests="11" name="com.qa.biotene.test.BioteneDryMouthProductsTest" time="601.550" errors="1" timestamp="2023-04-03T07:36:54 IST" skipped="10">
  <testcase classname="com.qa.biotene.test.BioteneDryMouthProductsTest" name="cookieButton" time="0.000">
    <skipped/>
  </testcase> <!-- cookieButton -->
  <system-out/>
  <testcase classname="com.qa.biotene.test.BioteneDryMouthProductsTest" name="launchingTheBrowser" time="601.550">
    <error message="It is not a valid browser" type="java.lang.Exception">
      <![CDATA[java.lang.Exception: It is not a valid browser
at com.qa.baseClass.BaseClass.browserLaunch(BaseClass.java:147)
at com.qa.biotene.test.BioteneDryMouthProductsTest.launchingTheBrowser(BioteneDryMouthProductsTest.java:18)
at java.base/jdk.internal.reflect.DirectMethodHandleAccessor.invoke(DirectMethodHandleAccessor.java:104)
at java.base/java.lang.reflect.Method.invoke(Method.java:577)
at org.testng.internal.MethodInvocationHelper.invokeMethod(MethodInvocationHelper.java:133)
at org.testng.internal.MethodInvocationHelper.invokeMethodConsideringTimeout(MethodInvocationHelper.java:62)
at org.testng.internal.ConfigInvoker.invokeConfigurationMethod(ConfigInvoker.java:385)
at org.testng.internal.ConfigInvoker.invokeConfigurations(ConfigInvoker.java:321)
at org.testng.internal.TestMethodWorker.invokeBeforeClassMethods(TestMethodWorker.java:176)
at org.testng.internal.TestMethodWorker.run(TestMethodWorker.java:122)
at java.base/java.util.ArrayList.forEach(ArrayList.java:1511)
at org.testng.TestRunner.privateRun(TestRunner.java:794)
at org.testng.TestRunner.run(TestRunner.java:596)
at org.testng.SuiteRunner.runTest(SuiteRunner.java:377)
at org.testng.SuiteRunner.runSequentially(SuiteRunner.java:371)
at org.testng.SuiteRunner.privateRun(SuiteRunner.java:332)
at org.testng.SuiteRunner.run(SuiteRunner.java:276)
at org.testng.SuiteRunnerWorker.runSuite(SuiteRunnerWorker.java:53)
at org.testng.SuiteRunnerWorker.run(SuiteRunnerWorker.java:96)
at org.testng.TestNG.runSuitesSequentially(TestNG.java:1212)
at org.testng.TestNG.runSuitesLocally(TestNG.java:1134)
at org.testng.TestNG.runSuites(TestNG.java:1063)
at org.testng.TestNG.run(TestNG.java:1031)
at org.testng.remote.AbstractRemoteTestNG.run(AbstractRemoteTestNG.java:115)
at org.testng.remote.RemoteTestNG.initAndRun(RemoteTestNG.java:251)
at org.testng.remote.RemoteTestNG.main(RemoteTestNG.java:77)
]]>
    </error>
  </testcase> <!-- launchingTheBrowser -->
  <system-out/>
  <testcase classname="com.qa.biotene.test.BioteneDryMouthProductsTest" name="verifyBreadcrumbOne" time="0.000">
    <skipped/>
  </testcase> <!-- verifyBreadcrumbOne -->
  <system-out/>
  <testcase classname="com.qa.biotene.test.BioteneDryMouthProductsTest" name="verifyBreadcrumbTwo" time="0.000">
    <skipped/>
  </testcase> <!-- verifyBreadcrumbTwo -->
  <system-out/>
  <testcase classname="com.qa.biotene.test.BioteneDryMouthProductsTest" name="verifyLearnMoreOne" time="0.000">
    <skipped/>
  </testcase> <!-- verifyLearnMoreOne -->
  <system-out/>
  <testcase classname="com.qa.biotene.test.BioteneDryMouthProductsTest" name="verifyLearnMoreTwo" time="0.000">
    <skipped/>
  </testcase> <!-- verifyLearnMoreTwo -->
  <system-out/>
  <testcase classname="com.qa.biotene.test.BioteneDryMouthProductsTest" name="verifyLearnMoreThree" time="0.000">
    <skipped/>
  </testcase> <!-- verifyLearnMoreThree -->
  <system-out/>
  <testcase classname="com.qa.biotene.test.BioteneDryMouthProductsTest" name="verifyLearnMoreFour" time="0.000">
    <skipped/>
  </testcase> <!-- verifyLearnMoreFour -->
  <system-out/>
  <testcase classname="com.qa.biotene.test.BioteneDryMouthProductsTest" name="verifyLearnMoreFive" time="0.000">
    <skipped/>
  </testcase> <!-- verifyLearnMoreFive -->
  <system-out/>
  <testcase classname="com.qa.biotene.test.BioteneDryMouthProductsTest" name="verifyLearnMoreSix" time="0.000">
    <skipped/>
  </testcase> <!-- verifyLearnMoreSix -->
  <system-out/>
  <testcase classname="com.qa.biotene.test.BioteneDryMouthProductsTest" name="verifyLearnMoreSeven" time="0.000">
    <skipped/>
  </testcase> <!-- verifyLearnMoreSeven -->
  <system-out/>
</testsuite> <!-- com.qa.biotene.test.BioteneDryMouthProductsTest -->
