<?xml version="1.0" encoding="UTF-8"?>
<!-- Generated by org.testng.reporters.JUnitReportReporter -->
<testsuite hostname="WKWZTPqvmdckJHX" failures="1" tests="73" name="com.qa.bens.checklist.test.CheckListOGTagverificationTest" time="152.207" errors="1" timestamp="2023-05-31T13:46:06 IST" skipped="0">
  <testcase classname="com.qa.bens.checklist.test.CheckListOGTagverificationTest" name="findingOGTag" time="1.389"/>
  <system-out/>
  <testcase classname="com.qa.bens.checklist.test.CheckListOGTagverificationTest" name="findingOGTag" time="1.978"/>
  <system-out/>
  <testcase classname="com.qa.bens.checklist.test.CheckListOGTagverificationTest" name="findingOGTag" time="1.526">
    <failure message="The following asserts failed:
	: URL is not matchedhttps://centrum-com-hk-v2.preprod-cf65.ch.adobecqms.net/404/ expected [true] but found [false]" type="java.lang.AssertionError">
      <![CDATA[java.lang.AssertionError: The following asserts failed:
: URL is not matchedhttps://centrum-com-hk-v2.preprod-cf65.ch.adobecqms.net/404/ expected [true] but found [false]
at org.testng.asserts.SoftAssert.assertAll(SoftAssert.java:47)
at org.testng.asserts.SoftAssert.assertAll(SoftAssert.java:31)
at com.qa.bens.checklist.page.CheckListOGTagverificationPage.verifyingOGTag(CheckListOGTagverificationPage.java:134)
at com.qa.bens.checklist.test.CheckListOGTagverificationTest.findingOGTag(CheckListOGTagverificationTest.java:23)
at java.base/jdk.internal.reflect.DirectMethodHandleAccessor.invoke(DirectMethodHandleAccessor.java:104)
at java.base/java.lang.reflect.Method.invoke(Method.java:577)
at org.testng.internal.MethodInvocationHelper.invokeMethod(MethodInvocationHelper.java:133)
at org.testng.internal.TestInvoker.invokeMethod(TestInvoker.java:598)
at org.testng.internal.TestInvoker.invokeTestMethod(TestInvoker.java:173)
at org.testng.internal.MethodRunner.runInSequence(MethodRunner.java:46)
at org.testng.internal.TestInvoker$MethodInvocationAgent.invoke(TestInvoker.java:824)
at org.testng.internal.TestInvoker.invokeTestMethods(TestInvoker.java:146)
at org.testng.internal.TestMethodWorker.invokeTestMethods(TestMethodWorker.java:146)
at org.testng.internal.TestMethodWorker.run(TestMethodWorker.java:128)
at java.base/java.util.ArrayList.forEach(ArrayList.java:1511)
at org.testng.TestRunner.privateRun(TestRunner.java:794)
at org.testng.TestRunner.run(TestRunner.java:596)
at org.testng.SuiteRunner.runTest(SuiteRunner.java:377)
at org.testng.SuiteRunner.runSequentially(SuiteRunner.java:371)
at org.testng.SuiteRunner.privateRun(SuiteRunner.java:332)
at org.testng.SuiteRunner.run(SuiteRunner.java:276)
at org.testng.SuiteRunnerWorker.runSuite(SuiteRunnerWorker.java:53)
at org.testng.SuiteRunnerWorker.run(SuiteRunnerWorker.java:96)
at org.testng.TestNG.runSuitesSequentially(TestNG.java:1212)
at org.testng.TestNG.runSuitesLocally(TestNG.java:1134)
at org.testng.TestNG.runSuites(TestNG.java:1063)
at org.testng.TestNG.run(TestNG.java:1031)
at org.testng.remote.AbstractRemoteTestNG.run(AbstractRemoteTestNG.java:115)
at org.testng.remote.RemoteTestNG.initAndRun(RemoteTestNG.java:251)
at org.testng.remote.RemoteTestNG.main(RemoteTestNG.java:77)
]]>
    </failure>
  </testcase> <!-- findingOGTag -->
  <system-out/>
  <testcase classname="com.qa.bens.checklist.test.CheckListOGTagverificationTest" name="findingOGTag" time="1.786"/>
  <system-out/>
  <testcase classname="com.qa.bens.checklist.test.CheckListOGTagverificationTest" name="findingOGTag" time="1.971"/>
  <system-out/>
  <testcase classname="com.qa.bens.checklist.test.CheckListOGTagverificationTest" name="findingOGTag" time="2.035"/>
  <system-out/>
  <testcase classname="com.qa.bens.checklist.test.CheckListOGTagverificationTest" name="findingOGTag" time="1.445"/>
  <system-out/>
  <testcase classname="com.qa.bens.checklist.test.CheckListOGTagverificationTest" name="findingOGTag" time="2.400"/>
  <system-out/>
  <testcase classname="com.qa.bens.checklist.test.CheckListOGTagverificationTest" name="findingOGTag" time="1.215"/>
  <system-out/>
  <testcase classname="com.qa.bens.checklist.test.CheckListOGTagverificationTest" name="findingOGTag" time="21.399">
    <error message="Unable to get the attribute value from the webpage" type="java.lang.Exception">
      <![CDATA[java.lang.Exception: Unable to get the attribute value from the webpage
at com.qa.baseClass.BaseClass.getElementAttribute(BaseClass.java:241)
at com.qa.bens.checklist.page.CheckListOGTagverificationPage.verifyingOGTag(CheckListOGTagverificationPage.java:56)
at com.qa.bens.checklist.test.CheckListOGTagverificationTest.findingOGTag(CheckListOGTagverificationTest.java:23)
at java.base/jdk.internal.reflect.DirectMethodHandleAccessor.invoke(DirectMethodHandleAccessor.java:104)
at java.base/java.lang.reflect.Method.invoke(Method.java:577)
at org.testng.internal.MethodInvocationHelper.invokeMethod(MethodInvocationHelper.java:133)
at org.testng.internal.TestInvoker.invokeMethod(TestInvoker.java:598)
at org.testng.internal.TestInvoker.invokeTestMethod(TestInvoker.java:173)
at org.testng.internal.MethodRunner.runInSequence(MethodRunner.java:46)
at org.testng.internal.TestInvoker$MethodInvocationAgent.invoke(TestInvoker.java:824)
at org.testng.internal.TestInvoker.invokeTestMethods(TestInvoker.java:146)
at org.testng.internal.TestMethodWorker.invokeTestMethods(TestMethodWorker.java:146)
at org.testng.internal.TestMethodWorker.run(TestMethodWorker.java:128)
at java.base/java.util.ArrayList.forEach(ArrayList.java:1511)
at org.testng.TestRunner.privateRun(TestRunner.java:794)
at org.testng.TestRunner.run(TestRunner.java:596)
at org.testng.SuiteRunner.runTest(SuiteRunner.java:377)
at org.testng.SuiteRunner.runSequentially(SuiteRunner.java:371)
at org.testng.SuiteRunner.privateRun(SuiteRunner.java:332)
at org.testng.SuiteRunner.run(SuiteRunner.java:276)
at org.testng.SuiteRunnerWorker.runSuite(SuiteRunnerWorker.java:53)
at org.testng.SuiteRunnerWorker.run(SuiteRunnerWorker.java:96)
at org.testng.TestNG.runSuitesSequentially(TestNG.java:1212)
at org.testng.TestNG.runSuitesLocally(TestNG.java:1134)
at org.testng.TestNG.runSuites(TestNG.java:1063)
at org.testng.TestNG.run(TestNG.java:1031)
at org.testng.remote.AbstractRemoteTestNG.run(AbstractRemoteTestNG.java:115)
at org.testng.remote.RemoteTestNG.initAndRun(RemoteTestNG.java:251)
at org.testng.remote.RemoteTestNG.main(RemoteTestNG.java:77)
]]>
    </error>
  </testcase> <!-- findingOGTag -->
  <system-out/>
  <testcase classname="com.qa.bens.checklist.test.CheckListOGTagverificationTest" name="findingOGTag" time="1.566"/>
  <system-out/>
  <testcase classname="com.qa.bens.checklist.test.CheckListOGTagverificationTest" name="findingOGTag" time="2.429"/>
  <system-out/>
  <testcase classname="com.qa.bens.checklist.test.CheckListOGTagverificationTest" name="findingOGTag" time="2.420"/>
  <system-out/>
  <testcase classname="com.qa.bens.checklist.test.CheckListOGTagverificationTest" name="findingOGTag" time="2.285"/>
  <system-out/>
  <testcase classname="com.qa.bens.checklist.test.CheckListOGTagverificationTest" name="findingOGTag" time="1.647"/>
  <system-out/>
  <testcase classname="com.qa.bens.checklist.test.CheckListOGTagverificationTest" name="findingOGTag" time="1.356"/>
  <system-out/>
  <testcase classname="com.qa.bens.checklist.test.CheckListOGTagverificationTest" name="findingOGTag" time="1.938"/>
  <system-out/>
  <testcase classname="com.qa.bens.checklist.test.CheckListOGTagverificationTest" name="findingOGTag" time="1.231"/>
  <system-out/>
  <testcase classname="com.qa.bens.checklist.test.CheckListOGTagverificationTest" name="findingOGTag" time="1.381"/>
  <system-out/>
  <testcase classname="com.qa.bens.checklist.test.CheckListOGTagverificationTest" name="findingOGTag" time="1.311"/>
  <system-out/>
  <testcase classname="com.qa.bens.checklist.test.CheckListOGTagverificationTest" name="findingOGTag" time="2.847"/>
  <system-out/>
  <testcase classname="com.qa.bens.checklist.test.CheckListOGTagverificationTest" name="findingOGTag" time="6.311"/>
  <system-out/>
  <testcase classname="com.qa.bens.checklist.test.CheckListOGTagverificationTest" name="findingOGTag" time="1.389"/>
  <system-out/>
  <testcase classname="com.qa.bens.checklist.test.CheckListOGTagverificationTest" name="findingOGTag" time="1.744"/>
  <system-out/>
  <testcase classname="com.qa.bens.checklist.test.CheckListOGTagverificationTest" name="findingOGTag" time="1.225"/>
  <system-out/>
  <testcase classname="com.qa.bens.checklist.test.CheckListOGTagverificationTest" name="findingOGTag" time="3.213"/>
  <system-out/>
  <testcase classname="com.qa.bens.checklist.test.CheckListOGTagverificationTest" name="findingOGTag" time="1.854"/>
  <system-out/>
  <testcase classname="com.qa.bens.checklist.test.CheckListOGTagverificationTest" name="findingOGTag" time="2.079"/>
  <system-out/>
  <testcase classname="com.qa.bens.checklist.test.CheckListOGTagverificationTest" name="findingOGTag" time="2.134"/>
  <system-out/>
  <testcase classname="com.qa.bens.checklist.test.CheckListOGTagverificationTest" name="findingOGTag" time="1.788"/>
  <system-out/>
  <testcase classname="com.qa.bens.checklist.test.CheckListOGTagverificationTest" name="findingOGTag" time="1.428"/>
  <system-out/>
  <testcase classname="com.qa.bens.checklist.test.CheckListOGTagverificationTest" name="findingOGTag" time="2.501"/>
  <system-out/>
  <testcase classname="com.qa.bens.checklist.test.CheckListOGTagverificationTest" name="findingOGTag" time="2.457"/>
  <system-out/>
  <testcase classname="com.qa.bens.checklist.test.CheckListOGTagverificationTest" name="findingOGTag" time="2.227"/>
  <system-out/>
  <testcase classname="com.qa.bens.checklist.test.CheckListOGTagverificationTest" name="findingOGTag" time="1.493"/>
  <system-out/>
  <testcase classname="com.qa.bens.checklist.test.CheckListOGTagverificationTest" name="findingOGTag" time="1.703"/>
  <system-out/>
  <testcase classname="com.qa.bens.checklist.test.CheckListOGTagverificationTest" name="findingOGTag" time="2.141"/>
  <system-out/>
  <testcase classname="com.qa.bens.checklist.test.CheckListOGTagverificationTest" name="findingOGTag" time="2.523"/>
  <system-out/>
  <testcase classname="com.qa.bens.checklist.test.CheckListOGTagverificationTest" name="findingOGTag" time="1.283"/>
  <system-out/>
  <testcase classname="com.qa.bens.checklist.test.CheckListOGTagverificationTest" name="findingOGTag" time="2.077"/>
  <system-out/>
  <testcase classname="com.qa.bens.checklist.test.CheckListOGTagverificationTest" name="findingOGTag" time="1.238"/>
  <system-out/>
  <testcase classname="com.qa.bens.checklist.test.CheckListOGTagverificationTest" name="findingOGTag" time="1.266"/>
  <system-out/>
  <testcase classname="com.qa.bens.checklist.test.CheckListOGTagverificationTest" name="findingOGTag" time="1.275"/>
  <system-out/>
  <testcase classname="com.qa.bens.checklist.test.CheckListOGTagverificationTest" name="findingOGTag" time="1.387"/>
  <system-out/>
  <testcase classname="com.qa.bens.checklist.test.CheckListOGTagverificationTest" name="findingOGTag" time="1.322"/>
  <system-out/>
  <testcase classname="com.qa.bens.checklist.test.CheckListOGTagverificationTest" name="findingOGTag" time="1.510"/>
  <system-out/>
  <testcase classname="com.qa.bens.checklist.test.CheckListOGTagverificationTest" name="findingOGTag" time="1.764"/>
  <system-out/>
  <testcase classname="com.qa.bens.checklist.test.CheckListOGTagverificationTest" name="findingOGTag" time="1.312"/>
  <system-out/>
  <testcase classname="com.qa.bens.checklist.test.CheckListOGTagverificationTest" name="findingOGTag" time="1.325"/>
  <system-out/>
  <testcase classname="com.qa.bens.checklist.test.CheckListOGTagverificationTest" name="findingOGTag" time="1.649"/>
  <system-out/>
  <testcase classname="com.qa.bens.checklist.test.CheckListOGTagverificationTest" name="findingOGTag" time="1.399"/>
  <system-out/>
  <testcase classname="com.qa.bens.checklist.test.CheckListOGTagverificationTest" name="findingOGTag" time="1.942"/>
  <system-out/>
  <testcase classname="com.qa.bens.checklist.test.CheckListOGTagverificationTest" name="findingOGTag" time="1.185"/>
  <system-out/>
  <testcase classname="com.qa.bens.checklist.test.CheckListOGTagverificationTest" name="findingOGTag" time="2.113"/>
  <system-out/>
  <testcase classname="com.qa.bens.checklist.test.CheckListOGTagverificationTest" name="findingOGTag" time="1.793"/>
  <system-out/>
  <testcase classname="com.qa.bens.checklist.test.CheckListOGTagverificationTest" name="findingOGTag" time="1.348"/>
  <system-out/>
  <testcase classname="com.qa.bens.checklist.test.CheckListOGTagverificationTest" name="findingOGTag" time="1.561"/>
  <system-out/>
  <testcase classname="com.qa.bens.checklist.test.CheckListOGTagverificationTest" name="findingOGTag" time="1.276"/>
  <system-out/>
  <testcase classname="com.qa.bens.checklist.test.CheckListOGTagverificationTest" name="findingOGTag" time="1.383"/>
  <system-out/>
  <testcase classname="com.qa.bens.checklist.test.CheckListOGTagverificationTest" name="findingOGTag" time="1.834"/>
  <system-out/>
  <testcase classname="com.qa.bens.checklist.test.CheckListOGTagverificationTest" name="findingOGTag" time="1.675"/>
  <system-out/>
  <testcase classname="com.qa.bens.checklist.test.CheckListOGTagverificationTest" name="findingOGTag" time="1.297"/>
  <system-out/>
  <testcase classname="com.qa.bens.checklist.test.CheckListOGTagverificationTest" name="findingOGTag" time="1.912"/>
  <system-out/>
  <testcase classname="com.qa.bens.checklist.test.CheckListOGTagverificationTest" name="findingOGTag" time="1.477"/>
  <system-out/>
  <testcase classname="com.qa.bens.checklist.test.CheckListOGTagverificationTest" name="findingOGTag" time="1.756"/>
  <system-out/>
  <testcase classname="com.qa.bens.checklist.test.CheckListOGTagverificationTest" name="findingOGTag" time="1.680"/>
  <system-out/>
  <testcase classname="com.qa.bens.checklist.test.CheckListOGTagverificationTest" name="findingOGTag" time="2.764"/>
  <system-out/>
  <testcase classname="com.qa.bens.checklist.test.CheckListOGTagverificationTest" name="findingOGTag" time="1.818"/>
  <system-out/>
  <testcase classname="com.qa.bens.checklist.test.CheckListOGTagverificationTest" name="findingOGTag" time="1.678"/>
  <system-out/>
  <testcase classname="com.qa.bens.checklist.test.CheckListOGTagverificationTest" name="findingOGTag" time="1.767"/>
  <system-out/>
  <testcase classname="com.qa.bens.checklist.test.CheckListOGTagverificationTest" name="findingOGTag" time="1.296"/>
  <system-out/>
  <testcase classname="com.qa.bens.checklist.test.CheckListOGTagverificationTest" name="findingOGTag" time="2.877"/>
  <system-out/>
  <testcase classname="com.qa.bens.checklist.test.CheckListOGTagverificationTest" name="findingOGTag" time="1.203"/>
  <system-out/>
</testsuite> <!-- com.qa.bens.checklist.test.CheckListOGTagverificationTest -->
