<?xml version="1.0" encoding="UTF-8"?>
<!-- Generated by org.testng.reporters.JUnitReportReporter -->
<testsuite hostname="WKWZTPqvmdckJHX" failures="0" tests="1" name="com.qa.eno.co.in.test.EnoFruitSaltSachetTest" time="23.624" errors="0" timestamp="2023-03-15T10:14:39 IST" skipped="0">
  <testcase classname="com.qa.eno.co.in.test.EnoFruitSaltSachetTest" name="verifyEnoBottleText" time="23.624"/>
  <system-out/>
</testsuite> <!-- com.qa.eno.co.in.test.EnoFruitSaltSachetTest -->
