<?xml version="1.0" encoding="UTF-8"?>
<!-- Generated by org.testng.reporters.JUnitReportReporter -->
<testsuite hostname="WKWZTPqvmdckJHX" failures="0" tests="48" name="com.qa.bens.checklist.test.CompresseTextTest" time="1082.342" errors="0" timestamp="2023-07-07T14:32:19 IST" skipped="0">
  <testcase classname="com.qa.bens.checklist.test.CompresseTextTest" name="verifyCompresse" time="22.523"/>
  <system-out/>
  <testcase classname="com.qa.bens.checklist.test.CompresseTextTest" name="verifyCompresse" time="22.643"/>
  <system-out/>
  <testcase classname="com.qa.bens.checklist.test.CompresseTextTest" name="verifyCompresse" time="22.647"/>
  <system-out/>
  <testcase classname="com.qa.bens.checklist.test.CompresseTextTest" name="verifyCompresse" time="22.720"/>
  <system-out/>
  <testcase classname="com.qa.bens.checklist.test.CompresseTextTest" name="verifyCompresse" time="24.255"/>
  <system-out/>
  <testcase classname="com.qa.bens.checklist.test.CompresseTextTest" name="verifyCompresse" time="22.663"/>
  <system-out/>
  <testcase classname="com.qa.bens.checklist.test.CompresseTextTest" name="verifyCompresse" time="22.538"/>
  <system-out/>
  <testcase classname="com.qa.bens.checklist.test.CompresseTextTest" name="verifyCompresse" time="22.585"/>
  <system-out/>
  <testcase classname="com.qa.bens.checklist.test.CompresseTextTest" name="verifyCompresse" time="22.591"/>
  <system-out/>
  <testcase classname="com.qa.bens.checklist.test.CompresseTextTest" name="verifyCompresse" time="22.630"/>
  <system-out/>
  <testcase classname="com.qa.bens.checklist.test.CompresseTextTest" name="verifyCompresse" time="22.636"/>
  <system-out/>
  <testcase classname="com.qa.bens.checklist.test.CompresseTextTest" name="verifyCompresse" time="22.497"/>
  <system-out/>
  <testcase classname="com.qa.bens.checklist.test.CompresseTextTest" name="verifyCompresse" time="22.656"/>
  <system-out/>
  <testcase classname="com.qa.bens.checklist.test.CompresseTextTest" name="verifyCompresse" time="22.810"/>
  <system-out/>
  <testcase classname="com.qa.bens.checklist.test.CompresseTextTest" name="verifyCompresse" time="23.474"/>
  <system-out/>
  <testcase classname="com.qa.bens.checklist.test.CompresseTextTest" name="verifyCompresse" time="22.752"/>
  <system-out/>
  <testcase classname="com.qa.bens.checklist.test.CompresseTextTest" name="verifyCompresse" time="3.016"/>
  <system-out/>
  <testcase classname="com.qa.bens.checklist.test.CompresseTextTest" name="verifyCompresse" time="22.637"/>
  <system-out/>
  <testcase classname="com.qa.bens.checklist.test.CompresseTextTest" name="verifyCompresse" time="22.876"/>
  <system-out/>
  <testcase classname="com.qa.bens.checklist.test.CompresseTextTest" name="verifyCompresse" time="22.667"/>
  <system-out/>
  <testcase classname="com.qa.bens.checklist.test.CompresseTextTest" name="verifyCompresse" time="22.595"/>
  <system-out/>
  <testcase classname="com.qa.bens.checklist.test.CompresseTextTest" name="verifyCompresse" time="22.470"/>
  <system-out/>
  <testcase classname="com.qa.bens.checklist.test.CompresseTextTest" name="verifyCompresse" time="22.725"/>
  <system-out/>
  <testcase classname="com.qa.bens.checklist.test.CompresseTextTest" name="verifyCompresse" time="22.567"/>
  <system-out/>
  <testcase classname="com.qa.bens.checklist.test.CompresseTextTest" name="verifyCompresse" time="23.204"/>
  <system-out/>
  <testcase classname="com.qa.bens.checklist.test.CompresseTextTest" name="verifyCompresse" time="22.852"/>
  <system-out/>
  <testcase classname="com.qa.bens.checklist.test.CompresseTextTest" name="verifyCompresse" time="24.679"/>
  <system-out/>
  <testcase classname="com.qa.bens.checklist.test.CompresseTextTest" name="verifyCompresse" time="26.506"/>
  <system-out/>
  <testcase classname="com.qa.bens.checklist.test.CompresseTextTest" name="verifyCompresse" time="22.747"/>
  <system-out/>
  <testcase classname="com.qa.bens.checklist.test.CompresseTextTest" name="verifyCompresse" time="22.533"/>
  <system-out/>
  <testcase classname="com.qa.bens.checklist.test.CompresseTextTest" name="verifyCompresse" time="22.944"/>
  <system-out/>
  <testcase classname="com.qa.bens.checklist.test.CompresseTextTest" name="verifyCompresse" time="22.587"/>
  <system-out/>
  <testcase classname="com.qa.bens.checklist.test.CompresseTextTest" name="verifyCompresse" time="22.536"/>
  <system-out/>
  <testcase classname="com.qa.bens.checklist.test.CompresseTextTest" name="verifyCompresse" time="22.503"/>
  <system-out/>
  <testcase classname="com.qa.bens.checklist.test.CompresseTextTest" name="verifyCompresse" time="22.679"/>
  <system-out/>
  <testcase classname="com.qa.bens.checklist.test.CompresseTextTest" name="verifyCompresse" time="22.592"/>
  <system-out/>
  <testcase classname="com.qa.bens.checklist.test.CompresseTextTest" name="verifyCompresse" time="22.627"/>
  <system-out/>
  <testcase classname="com.qa.bens.checklist.test.CompresseTextTest" name="verifyCompresse" time="28.571"/>
  <system-out/>
  <testcase classname="com.qa.bens.checklist.test.CompresseTextTest" name="verifyCompresse" time="22.775"/>
  <system-out/>
  <testcase classname="com.qa.bens.checklist.test.CompresseTextTest" name="verifyCompresse" time="22.604"/>
  <system-out/>
  <testcase classname="com.qa.bens.checklist.test.CompresseTextTest" name="verifyCompresse" time="22.543"/>
  <system-out/>
  <testcase classname="com.qa.bens.checklist.test.CompresseTextTest" name="verifyCompresse" time="22.738"/>
  <system-out/>
  <testcase classname="com.qa.bens.checklist.test.CompresseTextTest" name="verifyCompresse" time="22.532"/>
  <system-out/>
  <testcase classname="com.qa.bens.checklist.test.CompresseTextTest" name="verifyCompresse" time="22.654"/>
  <system-out/>
  <testcase classname="com.qa.bens.checklist.test.CompresseTextTest" name="verifyCompresse" time="22.548"/>
  <system-out/>
  <testcase classname="com.qa.bens.checklist.test.CompresseTextTest" name="verifyCompresse" time="22.946"/>
  <system-out/>
  <testcase classname="com.qa.bens.checklist.test.CompresseTextTest" name="verifyCompresse" time="22.639"/>
  <system-out/>
  <testcase classname="com.qa.bens.checklist.test.CompresseTextTest" name="verifyCompresse" time="22.630"/>
  <system-out/>
</testsuite> <!-- com.qa.bens.checklist.test.CompresseTextTest -->
