<?xml version="1.0" encoding="UTF-8"?>
<!-- Generated by org.testng.reporters.JUnitReportReporter -->
<testsuite hostname="WKWZTPqvmdckJHX" failures="0" tests="9" name="com.qa.eno.co.in.test.EnoHomeRemediesForAcidRefluxTest" time="82.962" errors="0" timestamp="2023-03-17T14:04:22 IST" skipped="0">
  <testcase classname="com.qa.eno.co.in.test.EnoHomeRemediesForAcidRefluxTest" name="verifyHereLink" time="7.825"/>
  <system-out/>
  <testcase classname="com.qa.eno.co.in.test.EnoHomeRemediesForAcidRefluxTest" name="verifyReferences" time="3.341"/>
  <system-out/>
  <testcase classname="com.qa.eno.co.in.test.EnoHomeRemediesForAcidRefluxTest" name="verifyRefluxOrGredImg" time="10.345"/>
  <system-out/>
  <testcase classname="com.qa.eno.co.in.test.EnoHomeRemediesForAcidRefluxTest" name="verifyRefluxOrGredText" time="9.967"/>
  <system-out/>
  <testcase classname="com.qa.eno.co.in.test.EnoHomeRemediesForAcidRefluxTest" name="verifyRefluxOrGredPara" time="9.981"/>
  <system-out/>
  <testcase classname="com.qa.eno.co.in.test.EnoHomeRemediesForAcidRefluxTest" name="verifyLivingLifeAcidityFreeImg" time="10.970"/>
  <system-out/>
  <testcase classname="com.qa.eno.co.in.test.EnoHomeRemediesForAcidRefluxTest" name="verifyLivingLifeAcidityFreeText" time="10.301"/>
  <system-out/>
  <testcase classname="com.qa.eno.co.in.test.EnoHomeRemediesForAcidRefluxTest" name="verifyLivingLifeAcidityFreePara" time="12.670"/>
  <system-out/>
  <testcase classname="com.qa.eno.co.in.test.EnoHomeRemediesForAcidRefluxTest" name="verifyDidyouKnowSection" time="7.562"/>
  <system-out/>
</testsuite> <!-- com.qa.eno.co.in.test.EnoHomeRemediesForAcidRefluxTest -->
