<?xml version="1.0" encoding="UTF-8"?>
<!-- Generated by org.testng.reporters.JUnitReportReporter -->
<testsuite hostname="WKWZTPqvmdckJHX" failures="0" tests="3" name="com.qa.caltrate.eng.test.CaltrateCouponsTest" time="14.173" errors="0" timestamp="2023-05-01T22:31:50 IST" skipped="0">
  <testcase classname="com.qa.caltrate.eng.test.CaltrateCouponsTest" name="cookieButton" time="3.198"/>
  <system-out/>
  <testcase classname="com.qa.caltrate.eng.test.CaltrateCouponsTest" name="verifyBreadcrumbOne" time="4.661"/>
  <system-out/>
  <testcase classname="com.qa.caltrate.eng.test.CaltrateCouponsTest" name="verifyBreadcrumbTwo" time="6.314"/>
  <system-out/>
</testsuite> <!-- com.qa.caltrate.eng.test.CaltrateCouponsTest -->
