<?xml version="1.0" encoding="UTF-8"?>
<!-- Generated by org.testng.reporters.JUnitReportReporter -->
<testsuite hostname="WKWZTPqvmdckJHX" failures="0" tests="7" name="com.qa.abreva.test.AbrevaColdAndFluTest" time="114.421" errors="0" timestamp="2023-05-16T23:32:44 IST" skipped="0">
  <testcase classname="com.qa.abreva.test.AbrevaColdAndFluTest" name="cookieButton" time="8.193"/>
  <system-out/>
  <testcase classname="com.qa.abreva.test.AbrevaColdAndFluTest" name="verifyBreadcrumbOne" time="20.396"/>
  <system-out/>
  <testcase classname="com.qa.abreva.test.AbrevaColdAndFluTest" name="verifyHyperLinkHealthyDiet" time="12.910"/>
  <system-out/>
  <testcase classname="com.qa.abreva.test.AbrevaColdAndFluTest" name="verifyWholeCardSecOne" time="30.600"/>
  <system-out/>
  <testcase classname="com.qa.abreva.test.AbrevaColdAndFluTest" name="verifyWholeCardSecTwo" time="18.518"/>
  <system-out/>
  <testcase classname="com.qa.abreva.test.AbrevaColdAndFluTest" name="verifyWholeCardSecThree" time="16.376"/>
  <system-out/>
  <testcase classname="com.qa.abreva.test.AbrevaColdAndFluTest" name="verifyBuyNow" time="7.428"/>
  <system-out/>
</testsuite> <!-- com.qa.abreva.test.AbrevaColdAndFluTest -->
