<?xml version="1.0" encoding="UTF-8"?>
<!-- Generated by org.testng.reporters.JUnitReportReporter -->
<testsuite hostname="WKWZTPqvmdckJHX" failures="0" tests="1" name="com.qa.sensodyne.in.test.SensodyneInAcceptableUsePolicyTest" time="22.570" errors="0" timestamp="2023-07-26T13:51:02 IST" skipped="0">
  <testcase classname="com.qa.sensodyne.in.test.SensodyneInAcceptableUsePolicyTest" name="verifyBreadcrumbOne" time="22.570"/>
  <system-out/>
</testsuite> <!-- com.qa.sensodyne.in.test.SensodyneInAcceptableUsePolicyTest -->
