<?xml version="1.0" encoding="UTF-8"?>
<!-- Generated by org.testng.reporters.JUnitReportReporter -->
<testsuite hostname="WKWZTPqvmdckJHX" failures="0" tests="10" name="com.qa.biotene.test.BioteneNaturalRemediesDryMouthTest" time="182.474" errors="0" timestamp="2023-04-03T07:36:54 IST" skipped="0">
  <testcase classname="com.qa.biotene.test.BioteneNaturalRemediesDryMouthTest" name="cookieButton" time="45.765"/>
  <system-out/>
  <testcase classname="com.qa.biotene.test.BioteneNaturalRemediesDryMouthTest" name="verifyBreadcrumbOne" time="18.850"/>
  <system-out/>
  <testcase classname="com.qa.biotene.test.BioteneNaturalRemediesDryMouthTest" name="verifyBreadcrumbTwo" time="8.493"/>
  <system-out/>
  <testcase classname="com.qa.biotene.test.BioteneNaturalRemediesDryMouthTest" name="verifyBreadcrumbThree" time="7.484"/>
  <system-out/>
  <testcase classname="com.qa.biotene.test.BioteneNaturalRemediesDryMouthTest" name="verifyHyperLinkOne" time="12.941"/>
  <system-out/>
  <testcase classname="com.qa.biotene.test.BioteneNaturalRemediesDryMouthTest" name="verifyHyperLinkTwo" time="9.650"/>
  <system-out/>
  <testcase classname="com.qa.biotene.test.BioteneNaturalRemediesDryMouthTest" name="verifyHyperLinkThree" time="41.496"/>
  <system-out/>
  <testcase classname="com.qa.biotene.test.BioteneNaturalRemediesDryMouthTest" name="verifyReadMore" time="16.289"/>
  <system-out/>
  <testcase classname="com.qa.biotene.test.BioteneNaturalRemediesDryMouthTest" name="verifyTakeTheQuiz" time="9.668"/>
  <system-out/>
  <testcase classname="com.qa.biotene.test.BioteneNaturalRemediesDryMouthTest" name="verifyShopNow" time="11.838"/>
  <system-out/>
</testsuite> <!-- com.qa.biotene.test.BioteneNaturalRemediesDryMouthTest -->
