<?xml version="1.0" encoding="UTF-8"?>
<!-- Generated by org.testng.reporters.JUnitReportReporter -->
<testsuite hostname="WKWZTPqvmdckJHX" failures="0" tests="24" name="com.qa.biotene.test.biotenegentleoralrinseTest" time="708.975" errors="3" timestamp="2023-04-03T07:36:54 IST" skipped="6">
  <testcase classname="com.qa.biotene.test.biotenegentleoralrinseTest" name="verifyBiotenecookiePopupLink" time="131.855"/>
  <system-out/>
  <testcase classname="com.qa.biotene.test.biotenegentleoralrinseTest" name="verifyHomeBreadcrumbsLink" time="12.274"/>
  <system-out/>
  <testcase classname="com.qa.biotene.test.biotenegentleoralrinseTest" name="verifyBioteneProductsBreadcrumbsLink" time="14.271"/>
  <system-out/>
  <testcase classname="com.qa.biotene.test.biotenegentleoralrinseTest" name="verifyBiotenedrymouthBreadcrumbsLink" time="14.595"/>
  <system-out/>
  <testcase classname="com.qa.biotene.test.biotenegentleoralrinseTest" name="verifyBuyNowBtnLink" time="13.133"/>
  <system-out/>
  <testcase classname="com.qa.biotene.test.biotenegentleoralrinseTest" name="verifyReview1Link" time="28.002">
    <error message="Review1 is not present on Preprod page" type="java.lang.Exception">
      <![CDATA[java.lang.Exception: Review1 is not present on Preprod page
at com.qa.biotene.pages.biotenegentleoralrinsePage.clickonWriteReview1(biotenegentleoralrinsePage.java:186)
at com.qa.biotene.test.biotenegentleoralrinseTest.verifyReview1Link(biotenegentleoralrinseTest.java:91)
at java.base/jdk.internal.reflect.DirectMethodHandleAccessor.invoke(DirectMethodHandleAccessor.java:104)
at java.base/java.lang.reflect.Method.invoke(Method.java:577)
at org.testng.internal.MethodInvocationHelper.invokeMethod(MethodInvocationHelper.java:133)
at org.testng.internal.TestInvoker.invokeMethod(TestInvoker.java:598)
at org.testng.internal.TestInvoker.retryFailed(TestInvoker.java:213)
at org.testng.internal.MethodRunner.runInSequence(MethodRunner.java:58)
at org.testng.internal.TestInvoker$MethodInvocationAgent.invoke(TestInvoker.java:824)
at org.testng.internal.TestInvoker.invokeTestMethods(TestInvoker.java:146)
at org.testng.internal.TestMethodWorker.invokeTestMethods(TestMethodWorker.java:146)
at org.testng.internal.TestMethodWorker.run(TestMethodWorker.java:128)
at java.base/java.util.ArrayList.forEach(ArrayList.java:1511)
at org.testng.TestRunner.privateRun(TestRunner.java:794)
at org.testng.TestRunner.run(TestRunner.java:596)
at org.testng.SuiteRunner.runTest(SuiteRunner.java:377)
at org.testng.SuiteRunner.runSequentially(SuiteRunner.java:371)
at org.testng.SuiteRunner.privateRun(SuiteRunner.java:332)
at org.testng.SuiteRunner.run(SuiteRunner.java:276)
at org.testng.SuiteRunnerWorker.runSuite(SuiteRunnerWorker.java:53)
at org.testng.SuiteRunnerWorker.run(SuiteRunnerWorker.java:96)
at org.testng.TestNG.runSuitesSequentially(TestNG.java:1212)
at org.testng.TestNG.runSuitesLocally(TestNG.java:1134)
at org.testng.TestNG.runSuites(TestNG.java:1063)
at org.testng.TestNG.run(TestNG.java:1031)
at org.testng.remote.AbstractRemoteTestNG.run(AbstractRemoteTestNG.java:115)
at org.testng.remote.RemoteTestNG.initAndRun(RemoteTestNG.java:251)
at org.testng.remote.RemoteTestNG.main(RemoteTestNG.java:77)
]]>
    </error>
  </testcase> <!-- verifyReview1Link -->
  <system-out/>
  <testcase classname="com.qa.biotene.test.biotenegentleoralrinseTest" name="verifyReview1Link" time="27.732">
    <skipped/>
  </testcase> <!-- verifyReview1Link -->
  <system-out/>
  <testcase classname="com.qa.biotene.test.biotenegentleoralrinseTest" name="verifyReview1Link" time="29.331">
    <skipped/>
  </testcase> <!-- verifyReview1Link -->
  <system-out/>
  <testcase classname="com.qa.biotene.test.biotenegentleoralrinseTest" name="verifyReview2Link" time="26.899">
    <skipped/>
  </testcase> <!-- verifyReview2Link -->
  <system-out/>
  <testcase classname="com.qa.biotene.test.biotenegentleoralrinseTest" name="verifyReview2Link" time="25.913">
    <error message="Review2 is not present on Preprod page" type="java.lang.Exception">
      <![CDATA[java.lang.Exception: Review2 is not present on Preprod page
at com.qa.biotene.pages.biotenegentleoralrinsePage.clickonWriteReview2(biotenegentleoralrinsePage.java:195)
at com.qa.biotene.test.biotenegentleoralrinseTest.verifyReview2Link(biotenegentleoralrinseTest.java:101)
at java.base/jdk.internal.reflect.DirectMethodHandleAccessor.invoke(DirectMethodHandleAccessor.java:104)
at java.base/java.lang.reflect.Method.invoke(Method.java:577)
at org.testng.internal.MethodInvocationHelper.invokeMethod(MethodInvocationHelper.java:133)
at org.testng.internal.TestInvoker.invokeMethod(TestInvoker.java:598)
at org.testng.internal.TestInvoker.retryFailed(TestInvoker.java:213)
at org.testng.internal.MethodRunner.runInSequence(MethodRunner.java:58)
at org.testng.internal.TestInvoker$MethodInvocationAgent.invoke(TestInvoker.java:824)
at org.testng.internal.TestInvoker.invokeTestMethods(TestInvoker.java:146)
at org.testng.internal.TestMethodWorker.invokeTestMethods(TestMethodWorker.java:146)
at org.testng.internal.TestMethodWorker.run(TestMethodWorker.java:128)
at java.base/java.util.ArrayList.forEach(ArrayList.java:1511)
at org.testng.TestRunner.privateRun(TestRunner.java:794)
at org.testng.TestRunner.run(TestRunner.java:596)
at org.testng.SuiteRunner.runTest(SuiteRunner.java:377)
at org.testng.SuiteRunner.runSequentially(SuiteRunner.java:371)
at org.testng.SuiteRunner.privateRun(SuiteRunner.java:332)
at org.testng.SuiteRunner.run(SuiteRunner.java:276)
at org.testng.SuiteRunnerWorker.runSuite(SuiteRunnerWorker.java:53)
at org.testng.SuiteRunnerWorker.run(SuiteRunnerWorker.java:96)
at org.testng.TestNG.runSuitesSequentially(TestNG.java:1212)
at org.testng.TestNG.runSuitesLocally(TestNG.java:1134)
at org.testng.TestNG.runSuites(TestNG.java:1063)
at org.testng.TestNG.run(TestNG.java:1031)
at org.testng.remote.AbstractRemoteTestNG.run(AbstractRemoteTestNG.java:115)
at org.testng.remote.RemoteTestNG.initAndRun(RemoteTestNG.java:251)
at org.testng.remote.RemoteTestNG.main(RemoteTestNG.java:77)
]]>
    </error>
  </testcase> <!-- verifyReview2Link -->
  <system-out/>
  <testcase classname="com.qa.biotene.test.biotenegentleoralrinseTest" name="verifyReview2Link" time="29.773">
    <skipped/>
  </testcase> <!-- verifyReview2Link -->
  <system-out/>
  <testcase classname="com.qa.biotene.test.biotenegentleoralrinseTest" name="verifyLearnMoreOneLink" time="29.118"/>
  <system-out/>
  <testcase classname="com.qa.biotene.test.biotenegentleoralrinseTest" name="verifyLearnMoreTwoLink" time="15.924"/>
  <system-out/>
  <testcase classname="com.qa.biotene.test.biotenegentleoralrinseTest" name="verifyLearnMoreThreeLink" time="16.487"/>
  <system-out/>
  <testcase classname="com.qa.biotene.test.biotenegentleoralrinseTest" name="verifyLearnMoreFourLink" time="28.211"/>
  <system-out/>
  <testcase classname="com.qa.biotene.test.biotenegentleoralrinseTest" name="verifyLearnMoreFiveLink" time="17.811"/>
  <system-out/>
  <testcase classname="com.qa.biotene.test.biotenegentleoralrinseTest" name="verifyLearnMoreSixLink" time="14.972"/>
  <system-out/>
  <testcase classname="com.qa.biotene.test.biotenegentleoralrinseTest" name="verifyLearnMoreSevenLink" time="45.042">
    <skipped/>
  </testcase> <!-- verifyLearnMoreSevenLink -->
  <system-out/>
  <testcase classname="com.qa.biotene.test.biotenegentleoralrinseTest" name="verifyLearnMoreSevenLink" time="37.613">
    <skipped/>
  </testcase> <!-- verifyLearnMoreSevenLink -->
  <system-out/>
  <testcase classname="com.qa.biotene.test.biotenegentleoralrinseTest" name="verifyLearnMoreSevenLink" time="46.877">
    <error message="Carousel Two is not active" type="java.lang.Exception">
      <![CDATA[java.lang.Exception: Carousel Two is not active
at com.qa.biotene.pages.biotenegentleoralrinsePage.clickLearnMoreSeven(biotenegentleoralrinsePage.java:346)
at com.qa.biotene.test.biotenegentleoralrinseTest.verifyLearnMoreSevenLink(biotenegentleoralrinseTest.java:186)
at java.base/jdk.internal.reflect.DirectMethodHandleAccessor.invoke(DirectMethodHandleAccessor.java:104)
at java.base/java.lang.reflect.Method.invoke(Method.java:577)
at org.testng.internal.MethodInvocationHelper.invokeMethod(MethodInvocationHelper.java:133)
at org.testng.internal.TestInvoker.invokeMethod(TestInvoker.java:598)
at org.testng.internal.TestInvoker.retryFailed(TestInvoker.java:213)
at org.testng.internal.MethodRunner.runInSequence(MethodRunner.java:58)
at org.testng.internal.TestInvoker$MethodInvocationAgent.invoke(TestInvoker.java:824)
at org.testng.internal.TestInvoker.invokeTestMethods(TestInvoker.java:146)
at org.testng.internal.TestMethodWorker.invokeTestMethods(TestMethodWorker.java:146)
at org.testng.internal.TestMethodWorker.run(TestMethodWorker.java:128)
at java.base/java.util.ArrayList.forEach(ArrayList.java:1511)
at org.testng.TestRunner.privateRun(TestRunner.java:794)
at org.testng.TestRunner.run(TestRunner.java:596)
at org.testng.SuiteRunner.runTest(SuiteRunner.java:377)
at org.testng.SuiteRunner.runSequentially(SuiteRunner.java:371)
at org.testng.SuiteRunner.privateRun(SuiteRunner.java:332)
at org.testng.SuiteRunner.run(SuiteRunner.java:276)
at org.testng.SuiteRunnerWorker.runSuite(SuiteRunnerWorker.java:53)
at org.testng.SuiteRunnerWorker.run(SuiteRunnerWorker.java:96)
at org.testng.TestNG.runSuitesSequentially(TestNG.java:1212)
at org.testng.TestNG.runSuitesLocally(TestNG.java:1134)
at org.testng.TestNG.runSuites(TestNG.java:1063)
at org.testng.TestNG.run(TestNG.java:1031)
at org.testng.remote.AbstractRemoteTestNG.run(AbstractRemoteTestNG.java:115)
at org.testng.remote.RemoteTestNG.initAndRun(RemoteTestNG.java:251)
at org.testng.remote.RemoteTestNG.main(RemoteTestNG.java:77)
]]>
    </error>
  </testcase> <!-- verifyLearnMoreSevenLink -->
  <system-out/>
  <testcase classname="com.qa.biotene.test.biotenegentleoralrinseTest" name="verifyPreviousAndNextArrowLink" time="27.818"/>
  <system-out/>
  <testcase classname="com.qa.biotene.test.biotenegentleoralrinseTest" name="verifyGetCouponsLink" time="50.135"/>
  <system-out/>
  <testcase classname="com.qa.biotene.test.biotenegentleoralrinseTest" name="verifyTakeQuizLink" time="10.750"/>
  <system-out/>
  <testcase classname="com.qa.biotene.test.biotenegentleoralrinseTest" name="verifyShopnowLink" time="14.439"/>
  <system-out/>
</testsuite> <!-- com.qa.biotene.test.biotenegentleoralrinseTest -->
