<?xml version="1.0" encoding="UTF-8"?>
<!-- Generated by org.testng.reporters.JUnitReportReporter -->
<testsuite hostname="WKWZTPqvmdckJHX" failures="0" tests="1" name="com.qa.flonase.test.FlonaseGardenFallAllergiesTest" time="11.009" errors="0" timestamp="2023-09-29T13:23:22 IST" skipped="0">
  <testcase classname="com.qa.flonase.test.FlonaseGardenFallAllergiesTest" name="verifyTabSection" time="11.009"/>
  <system-out/>
</testsuite> <!-- com.qa.flonase.test.FlonaseGardenFallAllergiesTest -->
