<?xml version="1.0" encoding="UTF-8"?>
<!-- Generated by org.testng.reporters.JUnitReportReporter -->
<testsuite hostname="WKWZTPqvmdckJHX" failures="0" tests="6" name="com.qa.quit.test.Quit7StrangeThingsTest" time="51.991" errors="0" timestamp="2023-08-03T14:21:12 IST" skipped="0">
  <testcase classname="com.qa.quit.test.Quit7StrangeThingsTest" name="cookieButton" time="4.729"/>
  <system-out/>
  <testcase classname="com.qa.quit.test.Quit7StrangeThingsTest" name="verifyBannerImgLink" time="7.422"/>
  <system-out/>
  <testcase classname="com.qa.quit.test.Quit7StrangeThingsTest" name="verifyHyperLinkOne" time="8.862"/>
  <system-out/>
  <testcase classname="com.qa.quit.test.Quit7StrangeThingsTest" name="verifyHyperLinkTwo" time="9.283"/>
  <system-out/>
  <testcase classname="com.qa.quit.test.Quit7StrangeThingsTest" name="verifyHyperLinkThree" time="6.575"/>
  <system-out/>
  <testcase classname="com.qa.quit.test.Quit7StrangeThingsTest" name="verifyHyperLinkFour" time="15.120"/>
  <system-out/>
</testsuite> <!-- com.qa.quit.test.Quit7StrangeThingsTest -->
