<?xml version="1.0" encoding="UTF-8"?>
<!-- Generated by org.testng.reporters.JUnitReportReporter -->
<testsuite hostname="WKWZTPqvmdckJHX" failures="0" tests="19" name="com.qa.drbest.ge.test.drbesthilfsmittelTest" time="201.507" errors="0" timestamp="2023-04-10T02:26:07 IST" skipped="0">
  <testcase classname="com.qa.drbest.ge.test.drbesthilfsmittelTest" name="verifydrbestcookiePopupLink" time="43.429"/>
  <system-out/>
  <testcase classname="com.qa.drbest.ge.test.drbesthilfsmittelTest" name="verifyAtemfrischLink" time="8.102"/>
  <system-out/>
  <testcase classname="com.qa.drbest.ge.test.drbesthilfsmittelTest" name="verifyAtemfrischProductLink" time="8.252"/>
  <system-out/>
  <testcase classname="com.qa.drbest.ge.test.drbesthilfsmittelTest" name="verifyAtemfrischBuyNowLink" time="8.091"/>
  <system-out/>
  <testcase classname="com.qa.drbest.ge.test.drbesthilfsmittelTest" name="verifyVibrationLink" time="9.385"/>
  <system-out/>
  <testcase classname="com.qa.drbest.ge.test.drbesthilfsmittelTest" name="verifyVibrationProductLink" time="10.107"/>
  <system-out/>
  <testcase classname="com.qa.drbest.ge.test.drbesthilfsmittelTest" name="verifyVibrationBuyNowLink" time="8.175"/>
  <system-out/>
  <testcase classname="com.qa.drbest.ge.test.drbesthilfsmittelTest" name="verifyVibrationAtemfrischLink" time="8.618"/>
  <system-out/>
  <testcase classname="com.qa.drbest.ge.test.drbesthilfsmittelTest" name="verifyVibrationAtemfrischProductLink" time="12.281"/>
  <system-out/>
  <testcase classname="com.qa.drbest.ge.test.drbesthilfsmittelTest" name="verifyVibrationAtemfrischBuynowLink" time="11.426"/>
  <system-out/>
  <testcase classname="com.qa.drbest.ge.test.drbesthilfsmittelTest" name="verifyVibrationMultiExpertLink" time="9.139"/>
  <system-out/>
  <testcase classname="com.qa.drbest.ge.test.drbesthilfsmittelTest" name="verifyVibrationMultiExpertProductLink" time="7.746"/>
  <system-out/>
  <testcase classname="com.qa.drbest.ge.test.drbesthilfsmittelTest" name="verifyVibrationMultiExpertBuyNowLink" time="8.516"/>
  <system-out/>
  <testcase classname="com.qa.drbest.ge.test.drbesthilfsmittelTest" name="verifyRuttelnLink" time="8.175"/>
  <system-out/>
  <testcase classname="com.qa.drbest.ge.test.drbesthilfsmittelTest" name="verifyRutteln1Link" time="7.772"/>
  <system-out/>
  <testcase classname="com.qa.drbest.ge.test.drbesthilfsmittelTest" name="verifyWiebekommeLink" time="8.417"/>
  <system-out/>
  <testcase classname="com.qa.drbest.ge.test.drbesthilfsmittelTest" name="verifyWiebekomme1Link" time="8.353"/>
  <system-out/>
  <testcase classname="com.qa.drbest.ge.test.drbesthilfsmittelTest" name="verifyDieschleichendeLink" time="7.530"/>
  <system-out/>
  <testcase classname="com.qa.drbest.ge.test.drbesthilfsmittelTest" name="verifyDieschleichende1Link" time="7.993"/>
  <system-out/>
</testsuite> <!-- com.qa.drbest.ge.test.drbesthilfsmittelTest -->
