<?xml version="1.0" encoding="UTF-8"?>
<!-- Generated by org.testng.reporters.JUnitReportReporter -->
<testsuite hostname="WKWZTPqvmdckJHX" failures="0" tests="14" name="com.qa.quit.test.QuitHolidayPartySurvivalTipsTest" time="166.866" errors="0" timestamp="2023-08-14T13:39:45 IST" skipped="0">
  <testcase classname="com.qa.quit.test.QuitHolidayPartySurvivalTipsTest" name="cookieButton" time="4.963"/>
  <system-out/>
  <testcase classname="com.qa.quit.test.QuitHolidayPartySurvivalTipsTest" name="verifyBreadcrumbOne" time="11.623"/>
  <system-out/>
  <testcase classname="com.qa.quit.test.QuitHolidayPartySurvivalTipsTest" name="verifyBreadcrumbTwo" time="8.312"/>
  <system-out/>
  <testcase classname="com.qa.quit.test.QuitHolidayPartySurvivalTipsTest" name="verifyBreadcrumbThree" time="10.863"/>
  <system-out/>
  <testcase classname="com.qa.quit.test.QuitHolidayPartySurvivalTipsTest" name="verifyHyperLinkOne" time="7.055"/>
  <system-out/>
  <testcase classname="com.qa.quit.test.QuitHolidayPartySurvivalTipsTest" name="verifyHyperLinkTwo" time="13.691"/>
  <system-out/>
  <testcase classname="com.qa.quit.test.QuitHolidayPartySurvivalTipsTest" name="verifyBtnSignUp" time="11.019"/>
  <system-out/>
  <testcase classname="com.qa.quit.test.QuitHolidayPartySurvivalTipsTest" name="verifyBtnGetSupport" time="16.168"/>
  <system-out/>
  <testcase classname="com.qa.quit.test.QuitHolidayPartySurvivalTipsTest" name="verifyTabOne" time="6.604"/>
  <system-out/>
  <testcase classname="com.qa.quit.test.QuitHolidayPartySurvivalTipsTest" name="verifyTabTwo" time="8.015"/>
  <system-out/>
  <testcase classname="com.qa.quit.test.QuitHolidayPartySurvivalTipsTest" name="verifyTabThree" time="7.049"/>
  <system-out/>
  <testcase classname="com.qa.quit.test.QuitHolidayPartySurvivalTipsTest" name="verifyRelatedArticleOne" time="17.335"/>
  <system-out/>
  <testcase classname="com.qa.quit.test.QuitHolidayPartySurvivalTipsTest" name="verifyRelatedArticleTwo" time="32.250"/>
  <system-out/>
  <testcase classname="com.qa.quit.test.QuitHolidayPartySurvivalTipsTest" name="verifyRelatedArticleThree" time="11.919"/>
  <system-out/>
</testsuite> <!-- com.qa.quit.test.QuitHolidayPartySurvivalTipsTest -->
