<?xml version="1.0" encoding="UTF-8"?>
<!-- Generated by org.testng.reporters.JUnitReportReporter -->
<testsuite hostname="WKWZTPqvmdckJHX" failures="0" tests="18" name="com.qa.caltrate.eng.test.CaltrateGummyBitesTest" time="159.073" errors="0" timestamp="2023-05-01T22:31:50 IST" skipped="0">
  <testcase classname="com.qa.caltrate.eng.test.CaltrateGummyBitesTest" name="cookieButton" time="43.996"/>
  <system-out/>
  <testcase classname="com.qa.caltrate.eng.test.CaltrateGummyBitesTest" name="verifyHomeIcon" time="5.550"/>
  <system-out/>
  <testcase classname="com.qa.caltrate.eng.test.CaltrateGummyBitesTest" name="verifyBread_Products" time="12.842"/>
  <system-out/>
  <testcase classname="com.qa.caltrate.eng.test.CaltrateGummyBitesTest" name="verifyBuyNowButton" time="9.941"/>
  <system-out/>
  <testcase classname="com.qa.caltrate.eng.test.CaltrateGummyBitesTest" name="verifyGetCouponButton" time="6.613"/>
  <system-out/>
  <testcase classname="com.qa.caltrate.eng.test.CaltrateGummyBitesTest" name="verifyProductLabeling" time="2.969"/>
  <system-out/>
  <testcase classname="com.qa.caltrate.eng.test.CaltrateGummyBitesTest" name="verifyFirstProduct" time="4.748"/>
  <system-out/>
  <testcase classname="com.qa.caltrate.eng.test.CaltrateGummyBitesTest" name="verifySecondProduct" time="4.546"/>
  <system-out/>
  <testcase classname="com.qa.caltrate.eng.test.CaltrateGummyBitesTest" name="verifyThirdProduct" time="5.183"/>
  <system-out/>
  <testcase classname="com.qa.caltrate.eng.test.CaltrateGummyBitesTest" name="verifyFourthProduct" time="5.166"/>
  <system-out/>
  <testcase classname="com.qa.caltrate.eng.test.CaltrateGummyBitesTest" name="verifyFifthProduct" time="5.086"/>
  <system-out/>
  <testcase classname="com.qa.caltrate.eng.test.CaltrateGummyBitesTest" name="verifyFirstProductImage" time="14.363"/>
  <system-out/>
  <testcase classname="com.qa.caltrate.eng.test.CaltrateGummyBitesTest" name="verifySecondProductImage" time="5.347"/>
  <system-out/>
  <testcase classname="com.qa.caltrate.eng.test.CaltrateGummyBitesTest" name="verifyThirdProductImage" time="4.444"/>
  <system-out/>
  <testcase classname="com.qa.caltrate.eng.test.CaltrateGummyBitesTest" name="verifyFourthProductImage" time="4.906"/>
  <system-out/>
  <testcase classname="com.qa.caltrate.eng.test.CaltrateGummyBitesTest" name="verifyFifthProductImage" time="5.682"/>
  <system-out/>
  <testcase classname="com.qa.caltrate.eng.test.CaltrateGummyBitesTest" name="verifyViewAllProduct" time="13.262"/>
  <system-out/>
  <testcase classname="com.qa.caltrate.eng.test.CaltrateGummyBitesTest" name="verifyReadMore" time="4.429"/>
  <system-out/>
</testsuite> <!-- com.qa.caltrate.eng.test.CaltrateGummyBitesTest -->
