<?xml version="1.0" encoding="UTF-8"?>
<!-- Generated by org.testng.reporters.JUnitReportReporter -->
<testsuite hostname="WKWZTPqvmdckJHX" failures="0" tests="7" name="com.qa.abreva.test.AbrevaPregnancyAndPeriodsTest" time="124.886" errors="0" timestamp="2023-05-16T23:32:44 IST" skipped="0">
  <testcase classname="com.qa.abreva.test.AbrevaPregnancyAndPeriodsTest" name="cookieButton" time="6.338"/>
  <system-out/>
  <testcase classname="com.qa.abreva.test.AbrevaPregnancyAndPeriodsTest" name="verifyBreadcrumbOne" time="13.796"/>
  <system-out/>
  <testcase classname="com.qa.abreva.test.AbrevaPregnancyAndPeriodsTest" name="verifyHyperLinkBreathingExercise" time="15.196"/>
  <system-out/>
  <testcase classname="com.qa.abreva.test.AbrevaPregnancyAndPeriodsTest" name="verifyWholeCardSecOne" time="13.635"/>
  <system-out/>
  <testcase classname="com.qa.abreva.test.AbrevaPregnancyAndPeriodsTest" name="verifyWholeCardSecTwo" time="47.977"/>
  <system-out/>
  <testcase classname="com.qa.abreva.test.AbrevaPregnancyAndPeriodsTest" name="verifyWholeCardSecThree" time="15.966"/>
  <system-out/>
  <testcase classname="com.qa.abreva.test.AbrevaPregnancyAndPeriodsTest" name="verifyBuyNow" time="11.978"/>
  <system-out/>
</testsuite> <!-- com.qa.abreva.test.AbrevaPregnancyAndPeriodsTest -->
