<?xml version="1.0" encoding="UTF-8"?>
<!-- Generated by org.testng.reporters.JUnitReportReporter -->
<testsuite hostname="WKWZTPqvmdckJHX" failures="0" tests="11" name="com.qa.biotene.test.bioteneFSAorHSApurchaseTest" time="418.041" errors="0" timestamp="2023-04-03T07:36:53 IST" skipped="0">
  <testcase classname="com.qa.biotene.test.bioteneFSAorHSApurchaseTest" name="verifyBiotenecookiePopupLink" time="126.486"/>
  <system-out/>
  <testcase classname="com.qa.biotene.test.bioteneFSAorHSApurchaseTest" name="verifyHomeBreadcrumbsLink" time="8.643"/>
  <system-out/>
  <testcase classname="com.qa.biotene.test.bioteneFSAorHSApurchaseTest" name="verifyFSAorHSApurchasebreadcrumbs" time="13.575"/>
  <system-out/>
  <testcase classname="com.qa.biotene.test.bioteneFSAorHSApurchaseTest" name="verifyAccordion1" time="11.788"/>
  <system-out/>
  <testcase classname="com.qa.biotene.test.bioteneFSAorHSApurchaseTest" name="verifyAccordion2" time="25.045"/>
  <system-out/>
  <testcase classname="com.qa.biotene.test.bioteneFSAorHSApurchaseTest" name="verifyAccordion3" time="19.225"/>
  <system-out/>
  <testcase classname="com.qa.biotene.test.bioteneFSAorHSApurchaseTest" name="verifyAccordion4" time="34.977"/>
  <system-out/>
  <testcase classname="com.qa.biotene.test.bioteneFSAorHSApurchaseTest" name="verifyAccordion5" time="18.577"/>
  <system-out/>
  <testcase classname="com.qa.biotene.test.bioteneFSAorHSApurchaseTest" name="verifyTakeQuiz" time="49.214"/>
  <system-out/>
  <testcase classname="com.qa.biotene.test.bioteneFSAorHSApurchaseTest" name="verifyGetCoupons" time="61.685"/>
  <system-out/>
  <testcase classname="com.qa.biotene.test.bioteneFSAorHSApurchaseTest" name="verifyShopnow" time="48.826"/>
  <system-out/>
</testsuite> <!-- com.qa.biotene.test.bioteneFSAorHSApurchaseTest -->
