<?xml version="1.0" encoding="UTF-8"?>
<!-- Generated by org.testng.reporters.JUnitReportReporter -->
<testsuite hostname="WKWZTPqvmdckJHX" failures="0" tests="23" name="com.qa.flonase.test.FlonaseChildrensSensimistFaqsTest" time="189.174" errors="0" timestamp="2023-11-03T15:02:39 IST" skipped="0">
  <testcase classname="com.qa.flonase.test.FlonaseChildrensSensimistFaqsTest" name="cookieButton" time="5.566"/>
  <system-out/>
  <testcase classname="com.qa.flonase.test.FlonaseChildrensSensimistFaqsTest" name="verifyBannerImgLinkOne" time="13.712"/>
  <system-out/>
  <testcase classname="com.qa.flonase.test.FlonaseChildrensSensimistFaqsTest" name="verifyBannerImgLinkTwo" time="10.988"/>
  <system-out/>
  <testcase classname="com.qa.flonase.test.FlonaseChildrensSensimistFaqsTest" name="verifyBannerImgLinkThree" time="8.093"/>
  <system-out/>
  <testcase classname="com.qa.flonase.test.FlonaseChildrensSensimistFaqsTest" name="verifyBannerImgLinkFour" time="8.235"/>
  <system-out/>
  <testcase classname="com.qa.flonase.test.FlonaseChildrensSensimistFaqsTest" name="verifyBannerImgLinkFive" time="24.045"/>
  <system-out/>
  <testcase classname="com.qa.flonase.test.FlonaseChildrensSensimistFaqsTest" name="verifyAccOne" time="4.877"/>
  <system-out/>
  <testcase classname="com.qa.flonase.test.FlonaseChildrensSensimistFaqsTest" name="verifyAccTwo" time="3.678"/>
  <system-out/>
  <testcase classname="com.qa.flonase.test.FlonaseChildrensSensimistFaqsTest" name="verifyAccThree" time="4.458"/>
  <system-out/>
  <testcase classname="com.qa.flonase.test.FlonaseChildrensSensimistFaqsTest" name="verifyAccFour" time="3.933"/>
  <system-out/>
  <testcase classname="com.qa.flonase.test.FlonaseChildrensSensimistFaqsTest" name="verifyAccFive" time="3.924"/>
  <system-out/>
  <testcase classname="com.qa.flonase.test.FlonaseChildrensSensimistFaqsTest" name="verifyAccSix" time="4.090"/>
  <system-out/>
  <testcase classname="com.qa.flonase.test.FlonaseChildrensSensimistFaqsTest" name="verifyAccSeven" time="3.091"/>
  <system-out/>
  <testcase classname="com.qa.flonase.test.FlonaseChildrensSensimistFaqsTest" name="verifyAccEight" time="4.620"/>
  <system-out/>
  <testcase classname="com.qa.flonase.test.FlonaseChildrensSensimistFaqsTest" name="verifyAccNine" time="3.983"/>
  <system-out/>
  <testcase classname="com.qa.flonase.test.FlonaseChildrensSensimistFaqsTest" name="verifyAccTen" time="4.887"/>
  <system-out/>
  <testcase classname="com.qa.flonase.test.FlonaseChildrensSensimistFaqsTest" name="verifyAccEleven" time="4.706"/>
  <system-out/>
  <testcase classname="com.qa.flonase.test.FlonaseChildrensSensimistFaqsTest" name="verifyAccTweleve" time="5.224"/>
  <system-out/>
  <testcase classname="com.qa.flonase.test.FlonaseChildrensSensimistFaqsTest" name="verifyReliefProductsOne" time="13.835"/>
  <system-out/>
  <testcase classname="com.qa.flonase.test.FlonaseChildrensSensimistFaqsTest" name="verifyReliefProductsTwo" time="15.592"/>
  <system-out/>
  <testcase classname="com.qa.flonase.test.FlonaseChildrensSensimistFaqsTest" name="verifyReliefProductsThree" time="9.064"/>
  <system-out/>
  <testcase classname="com.qa.flonase.test.FlonaseChildrensSensimistFaqsTest" name="verifyReliefProductsFour" time="11.863"/>
  <system-out/>
  <testcase classname="com.qa.flonase.test.FlonaseChildrensSensimistFaqsTest" name="verifyReliefProductsFive" time="16.710"/>
  <system-out/>
</testsuite> <!-- com.qa.flonase.test.FlonaseChildrensSensimistFaqsTest -->
