<?xml version="1.0" encoding="UTF-8"?>
<!-- Generated by org.testng.reporters.JUnitReportReporter -->
<testsuite hostname="WKWZTPqvmdckJHX" failures="0" tests="37" name="com.qa.bens.checklist.test.WhereToBuyTest" time="162.660" errors="0" timestamp="2023-12-08T12:51:14 IST" skipped="0">
  <testcase classname="com.qa.bens.checklist.test.WhereToBuyTest" name="verifyBuyNowBtn" time="5.146"/>
  <system-out/>
  <testcase classname="com.qa.bens.checklist.test.WhereToBuyTest" name="verifyBuyNowBtn" time="3.770"/>
  <system-out/>
  <testcase classname="com.qa.bens.checklist.test.WhereToBuyTest" name="verifyBuyNowBtn" time="4.223"/>
  <system-out/>
  <testcase classname="com.qa.bens.checklist.test.WhereToBuyTest" name="verifyBuyNowBtn" time="4.165"/>
  <system-out/>
  <testcase classname="com.qa.bens.checklist.test.WhereToBuyTest" name="verifyBuyNowBtn" time="4.360"/>
  <system-out/>
  <testcase classname="com.qa.bens.checklist.test.WhereToBuyTest" name="verifyBuyNowBtn" time="4.703"/>
  <system-out/>
  <testcase classname="com.qa.bens.checklist.test.WhereToBuyTest" name="verifyBuyNowBtn" time="3.954"/>
  <system-out/>
  <testcase classname="com.qa.bens.checklist.test.WhereToBuyTest" name="verifyBuyNowBtn" time="5.144"/>
  <system-out/>
  <testcase classname="com.qa.bens.checklist.test.WhereToBuyTest" name="verifyBuyNowBtn" time="3.777"/>
  <system-out/>
  <testcase classname="com.qa.bens.checklist.test.WhereToBuyTest" name="verifyBuyNowBtn" time="4.773"/>
  <system-out/>
  <testcase classname="com.qa.bens.checklist.test.WhereToBuyTest" name="verifyBuyNowBtn" time="4.106"/>
  <system-out/>
  <testcase classname="com.qa.bens.checklist.test.WhereToBuyTest" name="verifyBuyNowBtn" time="6.385"/>
  <system-out/>
  <testcase classname="com.qa.bens.checklist.test.WhereToBuyTest" name="verifyBuyNowBtn" time="3.720"/>
  <system-out/>
  <testcase classname="com.qa.bens.checklist.test.WhereToBuyTest" name="verifyBuyNowBtn" time="3.927"/>
  <system-out/>
  <testcase classname="com.qa.bens.checklist.test.WhereToBuyTest" name="verifyBuyNowBtn" time="4.238"/>
  <system-out/>
  <testcase classname="com.qa.bens.checklist.test.WhereToBuyTest" name="verifyBuyNowBtn" time="3.792"/>
  <system-out/>
  <testcase classname="com.qa.bens.checklist.test.WhereToBuyTest" name="verifyBuyNowBtn" time="3.980"/>
  <system-out/>
  <testcase classname="com.qa.bens.checklist.test.WhereToBuyTest" name="verifyBuyNowBtn" time="3.751"/>
  <system-out/>
  <testcase classname="com.qa.bens.checklist.test.WhereToBuyTest" name="verifyBuyNowBtn" time="4.947"/>
  <system-out/>
  <testcase classname="com.qa.bens.checklist.test.WhereToBuyTest" name="verifyBuyNowBtn" time="4.149"/>
  <system-out/>
  <testcase classname="com.qa.bens.checklist.test.WhereToBuyTest" name="verifyBuyNowBtn" time="3.726"/>
  <system-out/>
  <testcase classname="com.qa.bens.checklist.test.WhereToBuyTest" name="verifyBuyNowBtn" time="3.868"/>
  <system-out/>
  <testcase classname="com.qa.bens.checklist.test.WhereToBuyTest" name="verifyBuyNowBtn" time="4.746"/>
  <system-out/>
  <testcase classname="com.qa.bens.checklist.test.WhereToBuyTest" name="verifyBuyNowBtn" time="4.592"/>
  <system-out/>
  <testcase classname="com.qa.bens.checklist.test.WhereToBuyTest" name="verifyBuyNowBtn" time="4.094"/>
  <system-out/>
  <testcase classname="com.qa.bens.checklist.test.WhereToBuyTest" name="verifyBuyNowBtn" time="3.833"/>
  <system-out/>
  <testcase classname="com.qa.bens.checklist.test.WhereToBuyTest" name="verifyBuyNowBtn" time="4.507"/>
  <system-out/>
  <testcase classname="com.qa.bens.checklist.test.WhereToBuyTest" name="verifyBuyNowBtn" time="3.798"/>
  <system-out/>
  <testcase classname="com.qa.bens.checklist.test.WhereToBuyTest" name="verifyBuyNowBtn" time="4.374"/>
  <system-out/>
  <testcase classname="com.qa.bens.checklist.test.WhereToBuyTest" name="verifyBuyNowBtn" time="3.835"/>
  <system-out/>
  <testcase classname="com.qa.bens.checklist.test.WhereToBuyTest" name="verifyBuyNowBtn" time="5.135"/>
  <system-out/>
  <testcase classname="com.qa.bens.checklist.test.WhereToBuyTest" name="verifyBuyNowBtn" time="3.776"/>
  <system-out/>
  <testcase classname="com.qa.bens.checklist.test.WhereToBuyTest" name="verifyBuyNowBtn" time="9.130"/>
  <system-out/>
  <testcase classname="com.qa.bens.checklist.test.WhereToBuyTest" name="verifyBuyNowBtn" time="4.727"/>
  <system-out/>
  <testcase classname="com.qa.bens.checklist.test.WhereToBuyTest" name="verifyBuyNowBtn" time="4.274"/>
  <system-out/>
  <testcase classname="com.qa.bens.checklist.test.WhereToBuyTest" name="verifyBuyNowBtn" time="3.558"/>
  <system-out/>
  <testcase classname="com.qa.bens.checklist.test.WhereToBuyTest" name="verifyBuyNowBtn" time="3.677"/>
  <system-out/>
</testsuite> <!-- com.qa.bens.checklist.test.WhereToBuyTest -->
