<?xml version="1.0" encoding="UTF-8"?>
<!-- Generated by org.testng.reporters.JUnitReportReporter -->
<testsuite hostname="WKWZTPqvmdckJHX" failures="0" tests="10" name="com.qa.biotene.test.biotenealldaysymptomreliefTest" time="242.962" errors="0" timestamp="2023-04-03T07:36:53 IST" skipped="0">
  <testcase classname="com.qa.biotene.test.biotenealldaysymptomreliefTest" name="verifyBiotenecookiePopupLink" time="124.893"/>
  <system-out/>
  <testcase classname="com.qa.biotene.test.biotenealldaysymptomreliefTest" name="verifyHomeBreadcrumbsLink" time="7.707"/>
  <system-out/>
  <testcase classname="com.qa.biotene.test.biotenealldaysymptomreliefTest" name="verifyLivingdrymouthLinkbreadcrumbs" time="8.536"/>
  <system-out/>
  <testcase classname="com.qa.biotene.test.biotenealldaysymptomreliefTest" name="verifydaydoingbetterbreadcrumbsLink" time="8.082"/>
  <system-out/>
  <testcase classname="com.qa.biotene.test.biotenealldaysymptomreliefTest" name="verifyOralRinseMouthwashLink" time="15.532"/>
  <system-out/>
  <testcase classname="com.qa.biotene.test.biotenealldaysymptomreliefTest" name="verifyMoisturizingsprayLink" time="18.122"/>
  <system-out/>
  <testcase classname="com.qa.biotene.test.biotenealldaysymptomreliefTest" name="verifyOralBalancemoisyurizinggelLink" time="19.540"/>
  <system-out/>
  <testcase classname="com.qa.biotene.test.biotenealldaysymptomreliefTest" name="verifyTakequizLink" time="12.551"/>
  <system-out/>
  <testcase classname="com.qa.biotene.test.biotenealldaysymptomreliefTest" name="verifyReadmoreLink" time="15.095"/>
  <system-out/>
  <testcase classname="com.qa.biotene.test.biotenealldaysymptomreliefTest" name="verifyReadmore2Link" time="12.904"/>
  <system-out/>
</testsuite> <!-- com.qa.biotene.test.biotenealldaysymptomreliefTest -->
