<?xml version="1.0" encoding="UTF-8"?>
<!-- Generated by org.testng.reporters.JUnitReportReporter -->
<testsuite hostname="WKWZTPqvmdckJHX" failures="0" tests="1" name="com.qa.sensodyne.us.test.SensodyneWhatIsSlsToothpasteTest" time="34.409" errors="0" timestamp="2023-01-24T22:14:28 IST" skipped="0">
  <testcase classname="com.qa.sensodyne.us.test.SensodyneWhatIsSlsToothpasteTest" name="cookieButton" time="34.409"/>
  <system-out/>
</testsuite> <!-- com.qa.sensodyne.us.test.SensodyneWhatIsSlsToothpasteTest -->
