<?xml version="1.0" encoding="UTF-8"?>
<!-- Generated by org.testng.reporters.JUnitReportReporter -->
<testsuite hostname="WKWZTPqvmdckJHX" failures="0" tests="19" name="com.qa.bens.checklist.test.BuyNowDisableGTMTest" time="829.821" errors="0" timestamp="2023-08-17T17:02:24 IST" skipped="0">
  <testcase classname="com.qa.bens.checklist.test.BuyNowDisableGTMTest" name="verifygetBuyNowGTMTag" time="43.091"/>
  <system-out/>
  <testcase classname="com.qa.bens.checklist.test.BuyNowDisableGTMTest" name="verifygetBuyNowGTMTag" time="43.973"/>
  <system-out/>
  <testcase classname="com.qa.bens.checklist.test.BuyNowDisableGTMTest" name="verifygetBuyNowGTMTag" time="43.031"/>
  <system-out/>
  <testcase classname="com.qa.bens.checklist.test.BuyNowDisableGTMTest" name="verifygetBuyNowGTMTag" time="44.115"/>
  <system-out/>
  <testcase classname="com.qa.bens.checklist.test.BuyNowDisableGTMTest" name="verifygetBuyNowGTMTag" time="43.140"/>
  <system-out/>
  <testcase classname="com.qa.bens.checklist.test.BuyNowDisableGTMTest" name="verifygetBuyNowGTMTag" time="44.826"/>
  <system-out/>
  <testcase classname="com.qa.bens.checklist.test.BuyNowDisableGTMTest" name="verifygetBuyNowGTMTag" time="43.612"/>
  <system-out/>
  <testcase classname="com.qa.bens.checklist.test.BuyNowDisableGTMTest" name="verifygetBuyNowGTMTag" time="43.518"/>
  <system-out/>
  <testcase classname="com.qa.bens.checklist.test.BuyNowDisableGTMTest" name="verifygetBuyNowGTMTag" time="43.876"/>
  <system-out/>
  <testcase classname="com.qa.bens.checklist.test.BuyNowDisableGTMTest" name="verifygetBuyNowGTMTag" time="43.849"/>
  <system-out/>
  <testcase classname="com.qa.bens.checklist.test.BuyNowDisableGTMTest" name="verifygetBuyNowGTMTag" time="43.183"/>
  <system-out/>
  <testcase classname="com.qa.bens.checklist.test.BuyNowDisableGTMTest" name="verifygetBuyNowGTMTag" time="46.894"/>
  <system-out/>
  <testcase classname="com.qa.bens.checklist.test.BuyNowDisableGTMTest" name="verifygetBuyNowGTMTag" time="42.785"/>
  <system-out/>
  <testcase classname="com.qa.bens.checklist.test.BuyNowDisableGTMTest" name="verifygetBuyNowGTMTag" time="42.838"/>
  <system-out/>
  <testcase classname="com.qa.bens.checklist.test.BuyNowDisableGTMTest" name="verifygetBuyNowGTMTag" time="43.242"/>
  <system-out/>
  <testcase classname="com.qa.bens.checklist.test.BuyNowDisableGTMTest" name="verifygetBuyNowGTMTag" time="43.185"/>
  <system-out/>
  <testcase classname="com.qa.bens.checklist.test.BuyNowDisableGTMTest" name="verifygetBuyNowGTMTag" time="43.525"/>
  <system-out/>
  <testcase classname="com.qa.bens.checklist.test.BuyNowDisableGTMTest" name="verifygetBuyNowGTMTag" time="44.036"/>
  <system-out/>
  <testcase classname="com.qa.bens.checklist.test.BuyNowDisableGTMTest" name="verifygetBuyNowGTMTag" time="43.102"/>
  <system-out/>
</testsuite> <!-- com.qa.bens.checklist.test.BuyNowDisableGTMTest -->
