<?xml version="1.0" encoding="UTF-8"?>
<!-- Generated by org.testng.reporters.JUnitReportReporter -->
<testsuite hostname="WKWZTPqvmdckJHX" failures="0" tests="9" name="com.qa.tums.eng.test.TumsFoodThatCauseHeartburnTest" time="79.883" errors="0" timestamp="2023-01-23T12:28:36 IST" skipped="0">
  <testcase classname="com.qa.tums.eng.test.TumsFoodThatCauseHeartburnTest" name="verifyCookie" time="6.196"/>
  <system-out/>
  <testcase classname="com.qa.tums.eng.test.TumsFoodThatCauseHeartburnTest" name="verifyBreadCrumbHome" time="9.767"/>
  <system-out/>
  <testcase classname="com.qa.tums.eng.test.TumsFoodThatCauseHeartburnTest" name="verifyBreadCrumbOne" time="8.362"/>
  <system-out/>
  <testcase classname="com.qa.tums.eng.test.TumsFoodThatCauseHeartburnTest" name="verifyHyperLinkOne" time="8.178"/>
  <system-out/>
  <testcase classname="com.qa.tums.eng.test.TumsFoodThatCauseHeartburnTest" name="verifyHyperLinkTwo" time="11.192"/>
  <system-out/>
  <testcase classname="com.qa.tums.eng.test.TumsFoodThatCauseHeartburnTest" name="verifyHyperLinkThree" time="8.270"/>
  <system-out/>
  <testcase classname="com.qa.tums.eng.test.TumsFoodThatCauseHeartburnTest" name="verifyHyperLinkFour" time="12.305"/>
  <system-out/>
  <testcase classname="com.qa.tums.eng.test.TumsFoodThatCauseHeartburnTest" name="verifyHyperLinkFive" time="7.620"/>
  <system-out/>
  <testcase classname="com.qa.tums.eng.test.TumsFoodThatCauseHeartburnTest" name="verifySeeProducts" time="7.993"/>
  <system-out/>
</testsuite> <!-- com.qa.tums.eng.test.TumsFoodThatCauseHeartburnTest -->
