<?xml version="1.0" encoding="UTF-8"?>
<!-- Generated by org.testng.reporters.JUnitReportReporter -->
<testsuite hostname="WKWZTPqvmdckJHX" failures="0" tests="10" name="com.qa.nexium.us.test.NexiumAcidRefluxAnxietyTest" time="93.546" errors="0" timestamp="2023-05-12T11:34:58 IST" skipped="0">
  <testcase classname="com.qa.nexium.us.test.NexiumAcidRefluxAnxietyTest" name="cookieButton" time="4.643"/>
  <system-out/>
  <testcase classname="com.qa.nexium.us.test.NexiumAcidRefluxAnxietyTest" name="verifyBreadcrumbOne" time="10.877"/>
  <system-out/>
  <testcase classname="com.qa.nexium.us.test.NexiumAcidRefluxAnxietyTest" name="verifyBreadcrumbTwo" time="13.139"/>
  <system-out/>
  <testcase classname="com.qa.nexium.us.test.NexiumAcidRefluxAnxietyTest" name="verifyBreadcrumbThree" time="9.318"/>
  <system-out/>
  <testcase classname="com.qa.nexium.us.test.NexiumAcidRefluxAnxietyTest" name="verifyBreadcrumbFour" time="3.250"/>
  <system-out/>
  <testcase classname="com.qa.nexium.us.test.NexiumAcidRefluxAnxietyTest" name="verifyHyperLinkHearburnIsActuallyASymptom" time="9.040"/>
  <system-out/>
  <testcase classname="com.qa.nexium.us.test.NexiumAcidRefluxAnxietyTest" name="verifyHyperLinkHeartburnnTriggers" time="9.676"/>
  <system-out/>
  <testcase classname="com.qa.nexium.us.test.NexiumAcidRefluxAnxietyTest" name="verifyHyperLinkNexium24Hr" time="10.177"/>
  <system-out/>
  <testcase classname="com.qa.nexium.us.test.NexiumAcidRefluxAnxietyTest" name="verifyHyperLinkEatingAHealthyDiet" time="13.827"/>
  <system-out/>
  <testcase classname="com.qa.nexium.us.test.NexiumAcidRefluxAnxietyTest" name="verifyHyperLink" time="9.599"/>
  <system-out/>
</testsuite> <!-- com.qa.nexium.us.test.NexiumAcidRefluxAnxietyTest -->
