<?xml version="1.0" encoding="UTF-8"?>
<!-- Generated by org.testng.reporters.JUnitReportReporter -->
<testsuite hostname="WKWZTPqvmdckJHX" failures="0" tests="12" name="com.qa.flonase.test.FlonaseFlonaseAllergyReliefReviewsTest" time="227.913" errors="0" timestamp="2023-11-02T14:00:51 IST" skipped="0">
  <testcase classname="com.qa.flonase.test.FlonaseFlonaseAllergyReliefReviewsTest" name="cookieButton" time="8.288"/>
  <system-out/>
  <testcase classname="com.qa.flonase.test.FlonaseFlonaseAllergyReliefReviewsTest" name="verifyBannerImgLinkOne" time="21.061"/>
  <system-out/>
  <testcase classname="com.qa.flonase.test.FlonaseFlonaseAllergyReliefReviewsTest" name="verifyBannerImgLinkTwo" time="15.659"/>
  <system-out/>
  <testcase classname="com.qa.flonase.test.FlonaseFlonaseAllergyReliefReviewsTest" name="verifyBannerImgLinkThree" time="15.671"/>
  <system-out/>
  <testcase classname="com.qa.flonase.test.FlonaseFlonaseAllergyReliefReviewsTest" name="verifyBannerImgLinkFour" time="17.934"/>
  <system-out/>
  <testcase classname="com.qa.flonase.test.FlonaseFlonaseAllergyReliefReviewsTest" name="verifyBannerImgLinkFive" time="14.841"/>
  <system-out/>
  <testcase classname="com.qa.flonase.test.FlonaseFlonaseAllergyReliefReviewsTest" name="verifyReliefProductsOne" time="25.549"/>
  <system-out/>
  <testcase classname="com.qa.flonase.test.FlonaseFlonaseAllergyReliefReviewsTest" name="verifyReliefProductsTwo" time="17.507"/>
  <system-out/>
  <testcase classname="com.qa.flonase.test.FlonaseFlonaseAllergyReliefReviewsTest" name="verifyReliefProductsThree" time="19.514"/>
  <system-out/>
  <testcase classname="com.qa.flonase.test.FlonaseFlonaseAllergyReliefReviewsTest" name="verifyReliefProductsFour" time="30.868"/>
  <system-out/>
  <testcase classname="com.qa.flonase.test.FlonaseFlonaseAllergyReliefReviewsTest" name="verifyReliefProductsFive" time="18.892"/>
  <system-out/>
  <testcase classname="com.qa.flonase.test.FlonaseFlonaseAllergyReliefReviewsTest" name="verifyReliefProductsSix" time="22.129"/>
  <system-out/>
</testsuite> <!-- com.qa.flonase.test.FlonaseFlonaseAllergyReliefReviewsTest -->
