<?xml version="1.0" encoding="UTF-8"?>
<!-- Generated by org.testng.reporters.JUnitReportReporter -->
<testsuite hostname="WKWZTPqvmdckJHX" failures="0" tests="1" name="com.qa.abreva.test.AbrevaWhatAreColdSoresTest" time="18.477" errors="0" timestamp="2023-05-16T23:32:44 IST" skipped="0">
  <testcase classname="com.qa.abreva.test.AbrevaWhatAreColdSoresTest" name="cookieButton" time="18.477"/>
  <system-out/>
</testsuite> <!-- com.qa.abreva.test.AbrevaWhatAreColdSoresTest -->
