<?xml version="1.0" encoding="UTF-8"?>
<!-- Generated by org.testng.reporters.JUnitReportReporter -->
<testsuite hostname="WKWZTPqvmdckJHX" failures="0" tests="9" name="com.qa.theraflu.test.TherafluFluRecoveryTimelineTest" time="105.707" errors="0" timestamp="2023-09-05T17:58:24 IST" skipped="0">
  <testcase classname="com.qa.theraflu.test.TherafluFluRecoveryTimelineTest" name="cookieButton" time="4.836"/>
  <system-out/>
  <testcase classname="com.qa.theraflu.test.TherafluFluRecoveryTimelineTest" name="verifyBreadcrumbOne" time="10.473"/>
  <system-out/>
  <testcase classname="com.qa.theraflu.test.TherafluFluRecoveryTimelineTest" name="verifyBreadcrumbTwo" time="11.095"/>
  <system-out/>
  <testcase classname="com.qa.theraflu.test.TherafluFluRecoveryTimelineTest" name="verifyBreadcrumbThree" time="6.490"/>
  <system-out/>
  <testcase classname="com.qa.theraflu.test.TherafluFluRecoveryTimelineTest" name="verifyReferences" time="7.839"/>
  <system-out/>
  <testcase classname="com.qa.theraflu.test.TherafluFluRecoveryTimelineTest" name="verifyRecommendedArticlesOne" time="16.362"/>
  <system-out/>
  <testcase classname="com.qa.theraflu.test.TherafluFluRecoveryTimelineTest" name="verifyRecommendedArticlesTwo" time="10.446"/>
  <system-out/>
  <testcase classname="com.qa.theraflu.test.TherafluFluRecoveryTimelineTest" name="verifyRecommendedArticlesThree" time="10.331"/>
  <system-out/>
  <testcase classname="com.qa.theraflu.test.TherafluFluRecoveryTimelineTest" name="verifyRecommendedArticlesFour" time="27.835"/>
  <system-out/>
</testsuite> <!-- com.qa.theraflu.test.TherafluFluRecoveryTimelineTest -->
