<?xml version="1.0" encoding="UTF-8"?>
<!-- Generated by org.testng.reporters.JUnitReportReporter -->
<testsuite hostname="WKWZTPqvmdckJHX" failures="0" tests="16" name="com.qa.nexium.us.test.NexiumDoBananasCauseHeartburnTest" time="184.053" errors="0" timestamp="2023-05-15T15:22:57 IST" skipped="0">
  <testcase classname="com.qa.nexium.us.test.NexiumDoBananasCauseHeartburnTest" name="cookieButton" time="4.951"/>
  <system-out/>
  <testcase classname="com.qa.nexium.us.test.NexiumDoBananasCauseHeartburnTest" name="verifyBreadcrumbOne" time="11.829"/>
  <system-out/>
  <testcase classname="com.qa.nexium.us.test.NexiumDoBananasCauseHeartburnTest" name="verifyBreadcrumbTwo" time="13.073"/>
  <system-out/>
  <testcase classname="com.qa.nexium.us.test.NexiumDoBananasCauseHeartburnTest" name="verifyBreadcrumbThree" time="10.472"/>
  <system-out/>
  <testcase classname="com.qa.nexium.us.test.NexiumDoBananasCauseHeartburnTest" name="verifyBreadcrumbFour" time="3.327"/>
  <system-out/>
  <testcase classname="com.qa.nexium.us.test.NexiumDoBananasCauseHeartburnTest" name="verifyHyperLinkWhenYouExperienceHearburn" time="19.180"/>
  <system-out/>
  <testcase classname="com.qa.nexium.us.test.NexiumDoBananasCauseHeartburnTest" name="verifyHyperLinkSpicyFoods" time="10.576"/>
  <system-out/>
  <testcase classname="com.qa.nexium.us.test.NexiumDoBananasCauseHeartburnTest" name="verifyHyperLinkAvoidEatingRightBeforeYourBedtime" time="11.645"/>
  <system-out/>
  <testcase classname="com.qa.nexium.us.test.NexiumDoBananasCauseHeartburnTest" name="verifyHyperLinkClearMinis" time="17.316"/>
  <system-out/>
  <testcase classname="com.qa.nexium.us.test.NexiumDoBananasCauseHeartburnTest" name="verifyHyperLinkTablets" time="13.869"/>
  <system-out/>
  <testcase classname="com.qa.nexium.us.test.NexiumDoBananasCauseHeartburnTest" name="verifyHyperLinkCapsules" time="13.122"/>
  <system-out/>
  <testcase classname="com.qa.nexium.us.test.NexiumDoBananasCauseHeartburnTest" name="verifyHyperLinkNexium24Hr" time="9.887"/>
  <system-out/>
  <testcase classname="com.qa.nexium.us.test.NexiumDoBananasCauseHeartburnTest" name="verifyWholeCardSecOne" time="11.139"/>
  <system-out/>
  <testcase classname="com.qa.nexium.us.test.NexiumDoBananasCauseHeartburnTest" name="verifyWholeCardSecTwo" time="12.720"/>
  <system-out/>
  <testcase classname="com.qa.nexium.us.test.NexiumDoBananasCauseHeartburnTest" name="verifyWholeCardSecThree" time="10.494"/>
  <system-out/>
  <testcase classname="com.qa.nexium.us.test.NexiumDoBananasCauseHeartburnTest" name="verifyWholeCardSecFour" time="10.453"/>
  <system-out/>
</testsuite> <!-- com.qa.nexium.us.test.NexiumDoBananasCauseHeartburnTest -->
