<?xml version="1.0" encoding="UTF-8"?>
<!-- Generated by org.testng.reporters.JUnitReportReporter -->
<testsuite hostname="WKWZTPqvmdckJHX" failures="0" tests="12" name="com.qa.drbest.ge.test.DrBestKinderMilchzahnTest" time="175.179" errors="0" timestamp="2023-04-10T02:26:07 IST" skipped="0">
  <testcase classname="com.qa.drbest.ge.test.DrBestKinderMilchzahnTest" name="cookieButton" time="45.610"/>
  <system-out/>
  <testcase classname="com.qa.drbest.ge.test.DrBestKinderMilchzahnTest" name="verifyReviewLink" time="18.494"/>
  <system-out/>
  <testcase classname="com.qa.drbest.ge.test.DrBestKinderMilchzahnTest" name="verifyBuyNow1" time="22.705"/>
  <system-out/>
  <testcase classname="com.qa.drbest.ge.test.DrBestKinderMilchzahnTest" name="verifyProduct1Image" time="8.791"/>
  <system-out/>
  <testcase classname="com.qa.drbest.ge.test.DrBestKinderMilchzahnTest" name="verifyMehrErfahren1" time="12.795"/>
  <system-out/>
  <testcase classname="com.qa.drbest.ge.test.DrBestKinderMilchzahnTest" name="verifyJetztKaufen1" time="9.406"/>
  <system-out/>
  <testcase classname="com.qa.drbest.ge.test.DrBestKinderMilchzahnTest" name="verifyProduct2Image" time="9.538"/>
  <system-out/>
  <testcase classname="com.qa.drbest.ge.test.DrBestKinderMilchzahnTest" name="verifyProduct3Image" time="8.987"/>
  <system-out/>
  <testcase classname="com.qa.drbest.ge.test.DrBestKinderMilchzahnTest" name="verifyMehrErfahren3" time="9.372"/>
  <system-out/>
  <testcase classname="com.qa.drbest.ge.test.DrBestKinderMilchzahnTest" name="verifyMehrErfahren2" time="9.085"/>
  <system-out/>
  <testcase classname="com.qa.drbest.ge.test.DrBestKinderMilchzahnTest" name="verifyJetztKaufen2" time="9.609"/>
  <system-out/>
  <testcase classname="com.qa.drbest.ge.test.DrBestKinderMilchzahnTest" name="verifyJetztKaufen3" time="10.787"/>
  <system-out/>
</testsuite> <!-- com.qa.drbest.ge.test.DrBestKinderMilchzahnTest -->
