<?xml version="1.0" encoding="UTF-8"?>
<!-- Generated by org.testng.reporters.JUnitReportReporter -->
<testsuite hostname="WKWZTPqvmdckJHX" failures="0" tests="13" name="com.qa.drbest.ge.test.drbestKinderjuniorzahnTest" time="164.342" errors="0" timestamp="2023-04-10T02:26:07 IST" skipped="0">
  <testcase classname="com.qa.drbest.ge.test.drbestKinderjuniorzahnTest" name="verifydrbestcookiePopupLink" time="45.798"/>
  <system-out/>
  <testcase classname="com.qa.drbest.ge.test.drbestKinderjuniorzahnTest" name="verifyBuyNow1Link" time="9.096"/>
  <system-out/>
  <testcase classname="com.qa.drbest.ge.test.drbestKinderjuniorzahnTest" name="verifyReviewLink" time="12.047"/>
  <system-out/>
  <testcase classname="com.qa.drbest.ge.test.drbestKinderjuniorzahnTest" name="verifyReview1Link" time="13.204"/>
  <system-out/>
  <testcase classname="com.qa.drbest.ge.test.drbestKinderjuniorzahnTest" name="verifyMilchzahnLink" time="8.564"/>
  <system-out/>
  <testcase classname="com.qa.drbest.ge.test.drbestKinderjuniorzahnTest" name="verifyPawPatrolLink" time="11.607"/>
  <system-out/>
  <testcase classname="com.qa.drbest.ge.test.drbestKinderjuniorzahnTest" name="verifyMilchzahnProductLink" time="9.601"/>
  <system-out/>
  <testcase classname="com.qa.drbest.ge.test.drbestKinderjuniorzahnTest" name="verifyMilchzahnBuyNowLink" time="8.325"/>
  <system-out/>
  <testcase classname="com.qa.drbest.ge.test.drbestKinderjuniorzahnTest" name="verifyPawPatrolProductLink" time="9.512"/>
  <system-out/>
  <testcase classname="com.qa.drbest.ge.test.drbestKinderjuniorzahnTest" name="verifyPawPatrolBuyNowLink" time="8.599"/>
  <system-out/>
  <testcase classname="com.qa.drbest.ge.test.drbestKinderjuniorzahnTest" name="verifyCoolKidsLink" time="8.776"/>
  <system-out/>
  <testcase classname="com.qa.drbest.ge.test.drbestKinderjuniorzahnTest" name="verifyCoolKidsProductLink" time="10.949"/>
  <system-out/>
  <testcase classname="com.qa.drbest.ge.test.drbestKinderjuniorzahnTest" name="verifyCoolKidsBuyNowLink" time="8.264"/>
  <system-out/>
</testsuite> <!-- com.qa.drbest.ge.test.drbestKinderjuniorzahnTest -->
