<?xml version="1.0" encoding="UTF-8"?>
<!-- Generated by org.testng.reporters.JUnitReportReporter -->
<testsuite hostname="WKWZTPqvmdckJHX" failures="0" tests="17" name="com.qa.tums.eng.test.TumsAntacidProductsSugarFreeTest" time="250.864" errors="0" timestamp="2023-01-23T12:28:36 IST" skipped="1">
  <testcase classname="com.qa.tums.eng.test.TumsAntacidProductsSugarFreeTest" name="verifyCookie" time="7.496"/>
  <system-out/>
  <testcase classname="com.qa.tums.eng.test.TumsAntacidProductsSugarFreeTest" name="verifyBreadCrumbHome" time="15.921"/>
  <system-out/>
  <testcase classname="com.qa.tums.eng.test.TumsAntacidProductsSugarFreeTest" name="verifyBreadCrumbOne" time="16.724"/>
  <system-out/>
  <testcase classname="com.qa.tums.eng.test.TumsAntacidProductsSugarFreeTest" name="verifyWriteAReview" time="29.078"/>
  <system-out/>
  <testcase classname="com.qa.tums.eng.test.TumsAntacidProductsSugarFreeTest" name="verifyBuyNow" time="9.009"/>
  <system-out/>
  <testcase classname="com.qa.tums.eng.test.TumsAntacidProductsSugarFreeTest" name="verifyBuyNow" time="17.261">
    <skipped/>
  </testcase> <!-- verifyBuyNow -->
  <system-out/>
  <testcase classname="com.qa.tums.eng.test.TumsAntacidProductsSugarFreeTest" name="verifyGetCoupon" time="30.227"/>
  <system-out/>
  <testcase classname="com.qa.tums.eng.test.TumsAntacidProductsSugarFreeTest" name="verifyTabNavigationOne" time="8.432"/>
  <system-out/>
  <testcase classname="com.qa.tums.eng.test.TumsAntacidProductsSugarFreeTest" name="verifyTabNavigationTwo" time="8.386"/>
  <system-out/>
  <testcase classname="com.qa.tums.eng.test.TumsAntacidProductsSugarFreeTest" name="verifyTabNavigationThree" time="7.319"/>
  <system-out/>
  <testcase classname="com.qa.tums.eng.test.TumsAntacidProductsSugarFreeTest" name="verifyTabNavigationFour" time="8.967"/>
  <system-out/>
  <testcase classname="com.qa.tums.eng.test.TumsAntacidProductsSugarFreeTest" name="verifySeeProducts" time="13.464"/>
  <system-out/>
  <testcase classname="com.qa.tums.eng.test.TumsAntacidProductsSugarFreeTest" name="verifyYoutube" time="25.830"/>
  <system-out/>
  <testcase classname="com.qa.tums.eng.test.TumsAntacidProductsSugarFreeTest" name="verifyReadMore" time="13.473"/>
  <system-out/>
  <testcase classname="com.qa.tums.eng.test.TumsAntacidProductsSugarFreeTest" name="verifyPrdtOne" time="11.990"/>
  <system-out/>
  <testcase classname="com.qa.tums.eng.test.TumsAntacidProductsSugarFreeTest" name="verifyPrdtTwo" time="16.798"/>
  <system-out/>
  <testcase classname="com.qa.tums.eng.test.TumsAntacidProductsSugarFreeTest" name="verifyPrdtThree" time="10.489"/>
  <system-out/>
</testsuite> <!-- com.qa.tums.eng.test.TumsAntacidProductsSugarFreeTest -->
