<?xml version="1.0" encoding="UTF-8"?>
<!-- Generated by org.testng.reporters.JUnitReportReporter -->
<testsuite hostname="WKWZTPqvmdckJHX" failures="0" tests="1" name="com.qa.sensodyne.in.test.SensodyneInTheScienceBehindRapidReliefTest" time="14.421" errors="0" timestamp="2023-07-27T13:53:53 IST" skipped="0">
  <testcase classname="com.qa.sensodyne.in.test.SensodyneInTheScienceBehindRapidReliefTest" name="verifyRelatedArticleOne" time="14.421"/>
  <system-out/>
</testsuite> <!-- com.qa.sensodyne.in.test.SensodyneInTheScienceBehindRapidReliefTest -->
