<?xml version="1.0" encoding="UTF-8"?>
<!-- Generated by org.testng.reporters.JUnitReportReporter -->
<testsuite hostname="WKWZTPqvmdckJHX" failures="0" tests="2" name="com.qa.sensodyne.in.test.SensodyneInAccessibilityTest" time="28.754" errors="0" timestamp="2023-07-26T13:29:32 IST" skipped="0">
  <testcase classname="com.qa.sensodyne.in.test.SensodyneInAccessibilityTest" name="verifyBreadcrumbOne" time="11.508"/>
  <system-out/>
  <testcase classname="com.qa.sensodyne.in.test.SensodyneInAccessibilityTest" name="verifyHyperLink" time="17.246"/>
  <system-out/>
</testsuite> <!-- com.qa.sensodyne.in.test.SensodyneInAccessibilityTest -->
