<?xml version="1.0" encoding="UTF-8"?>
<!-- Generated by org.testng.reporters.JUnitReportReporter -->
<testsuite hostname="WKWZTPqvmdckJHX" failures="0" tests="11" name="com.qa.nexium.us.test.NexiumSpicyFoodsAndDigestionTest" time="107.989" errors="0" timestamp="2023-05-11T15:27:36 IST" skipped="0">
  <testcase classname="com.qa.nexium.us.test.NexiumSpicyFoodsAndDigestionTest" name="cookieButton" time="9.001"/>
  <system-out/>
  <testcase classname="com.qa.nexium.us.test.NexiumSpicyFoodsAndDigestionTest" name="verifyBreadcrumbOne" time="9.405"/>
  <system-out/>
  <testcase classname="com.qa.nexium.us.test.NexiumSpicyFoodsAndDigestionTest" name="verifyBreadcrumbTwo" time="10.855"/>
  <system-out/>
  <testcase classname="com.qa.nexium.us.test.NexiumSpicyFoodsAndDigestionTest" name="verifyBreadcrumbThree" time="10.655"/>
  <system-out/>
  <testcase classname="com.qa.nexium.us.test.NexiumSpicyFoodsAndDigestionTest" name="verifyBreadcrumbFour" time="3.230"/>
  <system-out/>
  <testcase classname="com.qa.nexium.us.test.NexiumSpicyFoodsAndDigestionTest" name="verifyHyperLinkEveryHearburnSufferer" time="8.561"/>
  <system-out/>
  <testcase classname="com.qa.nexium.us.test.NexiumSpicyFoodsAndDigestionTest" name="verifyHyperLinkSymptoms" time="19.796"/>
  <system-out/>
  <testcase classname="com.qa.nexium.us.test.NexiumSpicyFoodsAndDigestionTest" name="verifyWholeCardSecOne" time="8.374"/>
  <system-out/>
  <testcase classname="com.qa.nexium.us.test.NexiumSpicyFoodsAndDigestionTest" name="verifyWholeCardSecTwo" time="8.679"/>
  <system-out/>
  <testcase classname="com.qa.nexium.us.test.NexiumSpicyFoodsAndDigestionTest" name="verifyWholeCardSecThree" time="9.757"/>
  <system-out/>
  <testcase classname="com.qa.nexium.us.test.NexiumSpicyFoodsAndDigestionTest" name="verifyWholeCardSecFour" time="9.676"/>
  <system-out/>
</testsuite> <!-- com.qa.nexium.us.test.NexiumSpicyFoodsAndDigestionTest -->
