<?xml version="1.0" encoding="UTF-8"?>
<!-- Generated by org.testng.reporters.JUnitReportReporter -->
<testsuite hostname="WKWZTPqvmdckJHX" failures="1" tests="15" name="com.qa.abreva.test.AbrevaCommonLipProblemsTest" time="161.300" errors="0" timestamp="2023-05-16T23:32:44 IST" skipped="2">
  <testcase classname="com.qa.abreva.test.AbrevaCommonLipProblemsTest" name="cookieButton" time="6.434"/>
  <system-out/>
  <testcase classname="com.qa.abreva.test.AbrevaCommonLipProblemsTest" name="verifyBreadcrumbOne" time="23.864"/>
  <system-out/>
  <testcase classname="com.qa.abreva.test.AbrevaCommonLipProblemsTest" name="verifyHyperLinkColdSores" time="11.221"/>
  <system-out/>
  <testcase classname="com.qa.abreva.test.AbrevaCommonLipProblemsTest" name="verifyHyperLinkFeverBlisters" time="12.411"/>
  <system-out/>
  <testcase classname="com.qa.abreva.test.AbrevaCommonLipProblemsTest" name="verifyHyperLinkColdSoresCanSpread" time="17.077"/>
  <system-out/>
  <testcase classname="com.qa.abreva.test.AbrevaCommonLipProblemsTest" name="verifyHyperLinkPersonToPersonContactLikeKissing" time="14.426">
    <skipped/>
  </testcase> <!-- verifyHyperLinkPersonToPersonContactLikeKissing -->
  <system-out/>
  <testcase classname="com.qa.abreva.test.AbrevaCommonLipProblemsTest" name="verifyHyperLinkPersonToPersonContactLikeKissing" time="7.050">
    <failure message="expected [amp/what-causes-cold-sores-from-kissing.html] but found [https://www.abreva.com/amp/what-causes-cold-sores-from-kissing.html]" type="java.lang.AssertionError">
      <![CDATA[java.lang.AssertionError: expected [amp/what-causes-cold-sores-from-kissing.html] but found [https://www.abreva.com/amp/what-causes-cold-sores-from-kissing.html]
at org.testng.Assert.fail(Assert.java:99)
at org.testng.Assert.failNotEquals(Assert.java:1037)
at org.testng.Assert.assertEqualsImpl(Assert.java:140)
at org.testng.Assert.assertEquals(Assert.java:122)
at org.testng.Assert.assertEquals(Assert.java:629)
at org.testng.Assert.assertEquals(Assert.java:639)
at com.qa.baseClass.BaseClass.compareTwoText(BaseClass.java:822)
at com.qa.abreva.test.AbrevaCommonLipProblemsTest.verifyHyperLinkPersonToPersonContactLikeKissing(AbrevaCommonLipProblemsTest.java:99)
at java.base/jdk.internal.reflect.DirectMethodHandleAccessor.invoke(DirectMethodHandleAccessor.java:104)
at java.base/java.lang.reflect.Method.invoke(Method.java:577)
at org.testng.internal.MethodInvocationHelper.invokeMethod(MethodInvocationHelper.java:133)
at org.testng.internal.TestInvoker.invokeMethod(TestInvoker.java:598)
at org.testng.internal.TestInvoker.retryFailed(TestInvoker.java:213)
at org.testng.internal.MethodRunner.runInSequence(MethodRunner.java:58)
at org.testng.internal.TestInvoker$MethodInvocationAgent.invoke(TestInvoker.java:824)
at org.testng.internal.TestInvoker.invokeTestMethods(TestInvoker.java:146)
at org.testng.internal.TestMethodWorker.invokeTestMethods(TestMethodWorker.java:146)
at org.testng.internal.TestMethodWorker.run(TestMethodWorker.java:128)
at java.base/java.util.ArrayList.forEach(ArrayList.java:1511)
at org.testng.TestRunner.privateRun(TestRunner.java:794)
at org.testng.TestRunner.run(TestRunner.java:596)
at org.testng.SuiteRunner.runTest(SuiteRunner.java:377)
at org.testng.SuiteRunner.runSequentially(SuiteRunner.java:371)
at org.testng.SuiteRunner.privateRun(SuiteRunner.java:332)
at org.testng.SuiteRunner.run(SuiteRunner.java:276)
at org.testng.SuiteRunnerWorker.runSuite(SuiteRunnerWorker.java:53)
at org.testng.SuiteRunnerWorker.run(SuiteRunnerWorker.java:96)
at org.testng.TestNG.runSuitesSequentially(TestNG.java:1212)
at org.testng.TestNG.runSuitesLocally(TestNG.java:1134)
at org.testng.TestNG.runSuites(TestNG.java:1063)
at org.testng.TestNG.run(TestNG.java:1031)
at org.testng.remote.AbstractRemoteTestNG.run(AbstractRemoteTestNG.java:115)
at org.testng.remote.RemoteTestNG.initAndRun(RemoteTestNG.java:251)
at org.testng.remote.RemoteTestNG.main(RemoteTestNG.java:77)
]]>
    </failure>
  </testcase> <!-- verifyHyperLinkPersonToPersonContactLikeKissing -->
  <system-out/>
  <testcase classname="com.qa.abreva.test.AbrevaCommonLipProblemsTest" name="verifyHyperLinkPersonToPersonContactLikeKissing" time="7.189">
    <skipped/>
  </testcase> <!-- verifyHyperLinkPersonToPersonContactLikeKissing -->
  <system-out/>
  <testcase classname="com.qa.abreva.test.AbrevaCommonLipProblemsTest" name="verifyHyperLinkAbrevaColdSoreCream" time="7.632"/>
  <system-out/>
  <testcase classname="com.qa.abreva.test.AbrevaCommonLipProblemsTest" name="verifyHyperLinkDryLips" time="10.913"/>
  <system-out/>
  <testcase classname="com.qa.abreva.test.AbrevaCommonLipProblemsTest" name="verifyHyperLinkAvoidingExposingYourLipsToTheSun" time="7.804"/>
  <system-out/>
  <testcase classname="com.qa.abreva.test.AbrevaCommonLipProblemsTest" name="verifyHyperLinkWinterMonths" time="7.530"/>
  <system-out/>
  <testcase classname="com.qa.abreva.test.AbrevaCommonLipProblemsTest" name="verifyHyperLinkArticlesOnManagingLipHealthFromAbreva" time="10.022"/>
  <system-out/>
  <testcase classname="com.qa.abreva.test.AbrevaCommonLipProblemsTest" name="verifyReadOurLipCareTips" time="8.230"/>
  <system-out/>
  <testcase classname="com.qa.abreva.test.AbrevaCommonLipProblemsTest" name="verifyBuyNow" time="9.497"/>
  <system-out/>
</testsuite> <!-- com.qa.abreva.test.AbrevaCommonLipProblemsTest -->
