<?xml version="1.0" encoding="UTF-8"?>
<!-- Generated by org.testng.reporters.JUnitReportReporter -->
<testsuite hostname="WKWZTPqvmdckJHX" failures="0" tests="16" name="com.qa.biotene.test.BioteneFreshMintToothPasteTest" time="402.225" errors="0" timestamp="2023-04-03T07:36:54 IST" skipped="0">
  <testcase classname="com.qa.biotene.test.BioteneFreshMintToothPasteTest" name="cookieButton" time="52.940"/>
  <system-out/>
  <testcase classname="com.qa.biotene.test.BioteneFreshMintToothPasteTest" name="verifyBreadcrumbOne" time="14.940"/>
  <system-out/>
  <testcase classname="com.qa.biotene.test.BioteneFreshMintToothPasteTest" name="verifyBreadcrumbTwo" time="14.255"/>
  <system-out/>
  <testcase classname="com.qa.biotene.test.BioteneFreshMintToothPasteTest" name="verifyBreadcrumbThree" time="14.096"/>
  <system-out/>
  <testcase classname="com.qa.biotene.test.BioteneFreshMintToothPasteTest" name="verifyBannerBuyNow" time="14.056"/>
  <system-out/>
  <testcase classname="com.qa.biotene.test.BioteneFreshMintToothPasteTest" name="verifyLearnMoreOne" time="32.616"/>
  <system-out/>
  <testcase classname="com.qa.biotene.test.BioteneFreshMintToothPasteTest" name="verifyLearnMoreTwo" time="34.048"/>
  <system-out/>
  <testcase classname="com.qa.biotene.test.BioteneFreshMintToothPasteTest" name="verifyLearnMoreThree" time="30.612"/>
  <system-out/>
  <testcase classname="com.qa.biotene.test.BioteneFreshMintToothPasteTest" name="verifyLearnMoreFour" time="19.510"/>
  <system-out/>
  <testcase classname="com.qa.biotene.test.BioteneFreshMintToothPasteTest" name="verifyLearnMoreFive" time="31.802"/>
  <system-out/>
  <testcase classname="com.qa.biotene.test.BioteneFreshMintToothPasteTest" name="verifyLearnMoreSix" time="30.984"/>
  <system-out/>
  <testcase classname="com.qa.biotene.test.BioteneFreshMintToothPasteTest" name="verifyLearnMoreSeven" time="33.065"/>
  <system-out/>
  <testcase classname="com.qa.biotene.test.BioteneFreshMintToothPasteTest" name="verifyPreviousAndNextArrow" time="16.476"/>
  <system-out/>
  <testcase classname="com.qa.biotene.test.BioteneFreshMintToothPasteTest" name="verifyGetCoupon" time="35.364"/>
  <system-out/>
  <testcase classname="com.qa.biotene.test.BioteneFreshMintToothPasteTest" name="verifyTakeTheQuiz" time="12.381"/>
  <system-out/>
  <testcase classname="com.qa.biotene.test.BioteneFreshMintToothPasteTest" name="verifyShopNow" time="15.080"/>
  <system-out/>
</testsuite> <!-- com.qa.biotene.test.BioteneFreshMintToothPasteTest -->
