<?xml version="1.0" encoding="UTF-8"?>
<!-- Generated by org.testng.reporters.JUnitReportReporter -->
<testsuite hostname="WKWZTPqvmdckJHX" failures="0" tests="48" name="com.qa.caltrate.eng.test.CaltrateSitemapTest" time="262.384" errors="0" timestamp="2023-02-09T13:02:42 IST" skipped="0">
  <testcase classname="com.qa.caltrate.eng.test.CaltrateSitemapTest" name="verifyCookieLink" time="4.317"/>
  <system-out/>
  <testcase classname="com.qa.caltrate.eng.test.CaltrateSitemapTest" name="verifyhomebreadcrumbsLink" time="6.481"/>
  <system-out/>
  <testcase classname="com.qa.caltrate.eng.test.CaltrateSitemapTest" name="verifySitemapbreadcrumbsLink" time="2.814"/>
  <system-out/>
  <testcase classname="com.qa.caltrate.eng.test.CaltrateSitemapTest" name="verifycaltrateHomepageLink" time="6.972"/>
  <system-out/>
  <testcase classname="com.qa.caltrate.eng.test.CaltrateSitemapTest" name="verifyproductsLink" time="5.122"/>
  <system-out/>
  <testcase classname="com.qa.caltrate.eng.test.CaltrateSitemapTest" name="verifycaltrate600d3Link" time="5.127"/>
  <system-out/>
  <testcase classname="com.qa.caltrate.eng.test.CaltrateSitemapTest" name="verifycaltrate600d3softchewsLink" time="4.951"/>
  <system-out/>
  <testcase classname="com.qa.caltrate.eng.test.CaltrateSitemapTest" name="verifycaltrategummybitesLink" time="5.663"/>
  <system-out/>
  <testcase classname="com.qa.caltrate.eng.test.CaltrateSitemapTest" name="verifycaltrate600d3MineralsLink" time="5.248"/>
  <system-out/>
  <testcase classname="com.qa.caltrate.eng.test.CaltrateSitemapTest" name="verifycaltrate600d3MineralschewablesLink" time="4.855"/>
  <system-out/>
  <testcase classname="com.qa.caltrate.eng.test.CaltrateSitemapTest" name="verifycaltrate600d3MineralMinisLink" time="5.144"/>
  <system-out/>
  <testcase classname="com.qa.caltrate.eng.test.CaltrateSitemapTest" name="verifywhychoosecaltrateLink" time="5.120"/>
  <system-out/>
  <testcase classname="com.qa.caltrate.eng.test.CaltrateSitemapTest" name="verifyBonehealthcentralLink" time="4.740"/>
  <system-out/>
  <testcase classname="com.qa.caltrate.eng.test.CaltrateSitemapTest" name="verifycalciumcarbonateLink" time="5.413"/>
  <system-out/>
  <testcase classname="com.qa.caltrate.eng.test.CaltrateSitemapTest" name="verifyVitaminDLink" time="4.304"/>
  <system-out/>
  <testcase classname="com.qa.caltrate.eng.test.CaltrateSitemapTest" name="verifyOestoroposisLink" time="4.612"/>
  <system-out/>
  <testcase classname="com.qa.caltrate.eng.test.CaltrateSitemapTest" name="verifyCalciumsupplementsLink" time="4.688"/>
  <system-out/>
  <testcase classname="com.qa.caltrate.eng.test.CaltrateSitemapTest" name="verifyhealthcareprofessionLink" time="6.935"/>
  <system-out/>
  <testcase classname="com.qa.caltrate.eng.test.CaltrateSitemapTest" name="verifyOestoporosismedicineenoughLink" time="5.126"/>
  <system-out/>
  <testcase classname="com.qa.caltrate.eng.test.CaltrateSitemapTest" name="verifyFAQLink" time="4.667"/>
  <system-out/>
  <testcase classname="com.qa.caltrate.eng.test.CaltrateSitemapTest" name="verifyCouponsLink" time="5.459"/>
  <system-out/>
  <testcase classname="com.qa.caltrate.eng.test.CaltrateSitemapTest" name="verifywheretobuyLink" time="5.693"/>
  <system-out/>
  <testcase classname="com.qa.caltrate.eng.test.CaltrateSitemapTest" name="verifyqualityLink" time="5.746"/>
  <system-out/>
  <testcase classname="com.qa.caltrate.eng.test.CaltrateSitemapTest" name="verifybonehealthcalciumLink" time="4.900"/>
  <system-out/>
  <testcase classname="com.qa.caltrate.eng.test.CaltrateSitemapTest" name="verifycalciumvitaminDLink" time="5.235"/>
  <system-out/>
  <testcase classname="com.qa.caltrate.eng.test.CaltrateSitemapTest" name="verifyTrustcalciumsupplementsLink" time="5.180"/>
  <system-out/>
  <testcase classname="com.qa.caltrate.eng.test.CaltrateSitemapTest" name="verifycalciumcarbonatecitrateLink" time="5.100"/>
  <system-out/>
  <testcase classname="com.qa.caltrate.eng.test.CaltrateSitemapTest" name="verifyHelpreduceRiskLink" time="7.205"/>
  <system-out/>
  <testcase classname="com.qa.caltrate.eng.test.CaltrateSitemapTest" name="verifySurgeonReportLink" time="10.038"/>
  <system-out/>
  <testcase classname="com.qa.caltrate.eng.test.CaltrateSitemapTest" name="verifyVitaminDdeficiencyLink" time="4.962"/>
  <system-out/>
  <testcase classname="com.qa.caltrate.eng.test.CaltrateSitemapTest" name="verifyBenefitsofVitaminDLink" time="5.402"/>
  <system-out/>
  <testcase classname="com.qa.caltrate.eng.test.CaltrateSitemapTest" name="verifySummerstrongshakeLink" time="5.633"/>
  <system-out/>
  <testcase classname="com.qa.caltrate.eng.test.CaltrateSitemapTest" name="verifyArgulasaladLink" time="6.121"/>
  <system-out/>
  <testcase classname="com.qa.caltrate.eng.test.CaltrateSitemapTest" name="verifykalechipsLink" time="5.570"/>
  <system-out/>
  <testcase classname="com.qa.caltrate.eng.test.CaltrateSitemapTest" name="verifynextdayturkeysoupLink" time="5.468"/>
  <system-out/>
  <testcase classname="com.qa.caltrate.eng.test.CaltrateSitemapTest" name="verifySalmonCakesLink" time="5.338"/>
  <system-out/>
  <testcase classname="com.qa.caltrate.eng.test.CaltrateSitemapTest" name="verifyCheesycauliflowerSoupLink" time="6.209"/>
  <system-out/>
  <testcase classname="com.qa.caltrate.eng.test.CaltrateSitemapTest" name="verifycupmilkfavouriteSoupLink" time="5.628"/>
  <system-out/>
  <testcase classname="com.qa.caltrate.eng.test.CaltrateSitemapTest" name="verifyWorkyourupperbodyLink" time="6.092"/>
  <system-out/>
  <testcase classname="com.qa.caltrate.eng.test.CaltrateSitemapTest" name="verifyActivateyourMusclesLink" time="5.319"/>
  <system-out/>
  <testcase classname="com.qa.caltrate.eng.test.CaltrateSitemapTest" name="verifyPumpkinseedsupportLink" time="5.051"/>
  <system-out/>
  <testcase classname="com.qa.caltrate.eng.test.CaltrateSitemapTest" name="verifyUseMilkaddAlmondLink" time="5.792"/>
  <system-out/>
  <testcase classname="com.qa.caltrate.eng.test.CaltrateSitemapTest" name="verifyConversioncalciumLink" time="5.695"/>
  <system-out/>
  <testcase classname="com.qa.caltrate.eng.test.CaltrateSitemapTest" name="verifyBreakfastBananaLink" time="5.059"/>
  <system-out/>
  <testcase classname="com.qa.caltrate.eng.test.CaltrateSitemapTest" name="verifySesameSeedsgoodLink" time="5.379"/>
  <system-out/>
  <testcase classname="com.qa.caltrate.eng.test.CaltrateSitemapTest" name="verifyToolsLink" time="5.209"/>
  <system-out/>
  <testcase classname="com.qa.caltrate.eng.test.CaltrateSitemapTest" name="verifyCaltrateBeyondBonesLink" time="6.080"/>
  <system-out/>
  <testcase classname="com.qa.caltrate.eng.test.CaltrateSitemapTest" name="verifyCalciumateveryAgeLink" time="5.522"/>
  <system-out/>
</testsuite> <!-- com.qa.caltrate.eng.test.CaltrateSitemapTest -->
