<?xml version="1.0" encoding="UTF-8"?>
<!-- Generated by org.testng.reporters.JUnitReportReporter -->
<testsuite hostname="WKWZTPqvmdckJHX" failures="0" tests="11" name="com.qa.voltarengel.test.VoltarengelHowToRelieveJointPainTest" time="112.179" errors="0" timestamp="2023-04-23T23:50:50 IST" skipped="0">
  <testcase classname="com.qa.voltarengel.test.VoltarengelHowToRelieveJointPainTest" name="cookieButton" time="6.050"/>
  <system-out/>
  <testcase classname="com.qa.voltarengel.test.VoltarengelHowToRelieveJointPainTest" name="verifyBreadcrumbOne" time="12.410"/>
  <system-out/>
  <testcase classname="com.qa.voltarengel.test.VoltarengelHowToRelieveJointPainTest" name="verifyBreadcrumbTwo" time="9.020"/>
  <system-out/>
  <testcase classname="com.qa.voltarengel.test.VoltarengelHowToRelieveJointPainTest" name="verifyBreadcrumbThree" time="8.443"/>
  <system-out/>
  <testcase classname="com.qa.voltarengel.test.VoltarengelHowToRelieveJointPainTest" name="verifyHyperLinkSymptoms" time="11.192"/>
  <system-out/>
  <testcase classname="com.qa.voltarengel.test.VoltarengelHowToRelieveJointPainTest" name="verifyHyperLinkExercise" time="11.109"/>
  <system-out/>
  <testcase classname="com.qa.voltarengel.test.VoltarengelHowToRelieveJointPainTest" name="verifyHyperLinkVoltarenArthritisPainGel" time="13.268"/>
  <system-out/>
  <testcase classname="com.qa.voltarengel.test.VoltarengelHowToRelieveJointPainTest" name="verifyRelatedArticleReadMoreOne" time="9.154"/>
  <system-out/>
  <testcase classname="com.qa.voltarengel.test.VoltarengelHowToRelieveJointPainTest" name="verifyRelatedArticleReadMoreTwo" time="16.632"/>
  <system-out/>
  <testcase classname="com.qa.voltarengel.test.VoltarengelHowToRelieveJointPainTest" name="verifyGetCoupons" time="8.142"/>
  <system-out/>
  <testcase classname="com.qa.voltarengel.test.VoltarengelHowToRelieveJointPainTest" name="verifyBuyNow" time="6.759"/>
  <system-out/>
</testsuite> <!-- com.qa.voltarengel.test.VoltarengelHowToRelieveJointPainTest -->
