<?xml version="1.0" encoding="UTF-8"?>
<!-- Generated by org.testng.reporters.JUnitReportReporter -->
<testsuite hostname="WKWZTPqvmdckJHX" failures="0" tests="1" name="com.qa.sensodyne.en.gb.test.SensodyneEnGbSensitivityAndGumWhiteningToothpasteTest" time="9.103" errors="0" timestamp="2023-07-04T14:51:16 IST" skipped="0">
  <testcase classname="com.qa.sensodyne.en.gb.test.SensodyneEnGbSensitivityAndGumWhiteningToothpasteTest" name="cookieButton" time="9.103"/>
  <system-out/>
</testsuite> <!-- com.qa.sensodyne.en.gb.test.SensodyneEnGbSensitivityAndGumWhiteningToothpasteTest -->
