<?xml version="1.0" encoding="UTF-8"?>
<!-- Generated by org.testng.reporters.JUnitReportReporter -->
<testsuite hostname="WKWZTPqvmdckJHX" failures="0" tests="21" name="com.qa.drbest.ge.test.drbestBeizahnersatzTest" time="218.046" errors="0" timestamp="2023-04-10T02:26:06 IST" skipped="0">
  <testcase classname="com.qa.drbest.ge.test.drbestBeizahnersatzTest" name="verifydrbestcookiePopupLink" time="42.754"/>
  <system-out/>
  <testcase classname="com.qa.drbest.ge.test.drbestBeizahnersatzTest" name="verifyXZwischzahnLink" time="7.357"/>
  <system-out/>
  <testcase classname="com.qa.drbest.ge.test.drbestBeizahnersatzTest" name="verifyXZwischzahnProductLink" time="8.412"/>
  <system-out/>
  <testcase classname="com.qa.drbest.ge.test.drbestBeizahnersatzTest" name="verifyXZwischzahnBuyNowLink" time="11.743"/>
  <system-out/>
  <testcase classname="com.qa.drbest.ge.test.drbestBeizahnersatzTest" name="verifyVibrationMultiExpertLink" time="11.232"/>
  <system-out/>
  <testcase classname="com.qa.drbest.ge.test.drbestBeizahnersatzTest" name="verifyVibrationMultiExpertProductLink" time="7.587"/>
  <system-out/>
  <testcase classname="com.qa.drbest.ge.test.drbestBeizahnersatzTest" name="verifyVibrationMultiExpertBuyNowLink" time="7.379"/>
  <system-out/>
  <testcase classname="com.qa.drbest.ge.test.drbestBeizahnersatzTest" name="verifyQuiz1Link" time="10.895"/>
  <system-out/>
  <testcase classname="com.qa.drbest.ge.test.drbestBeizahnersatzTest" name="verifyQuiz2Link" time="11.654"/>
  <system-out/>
  <testcase classname="com.qa.drbest.ge.test.drbestBeizahnersatzTest" name="verifyQuiz3Link" time="9.231"/>
  <system-out/>
  <testcase classname="com.qa.drbest.ge.test.drbestBeizahnersatzTest" name="verifyQuiz4Link" time="9.553"/>
  <system-out/>
  <testcase classname="com.qa.drbest.ge.test.drbestBeizahnersatzTest" name="verifyQuiz5Link" time="9.089"/>
  <system-out/>
  <testcase classname="com.qa.drbest.ge.test.drbestBeizahnersatzTest" name="verifyQuiz6Link" time="7.429"/>
  <system-out/>
  <testcase classname="com.qa.drbest.ge.test.drbestBeizahnersatzTest" name="verifyQuiz7Link" time="9.234"/>
  <system-out/>
  <testcase classname="com.qa.drbest.ge.test.drbestBeizahnersatzTest" name="verifyQuiz8Link" time="9.416"/>
  <system-out/>
  <testcase classname="com.qa.drbest.ge.test.drbestBeizahnersatzTest" name="verifyArticle1Link" time="7.154"/>
  <system-out/>
  <testcase classname="com.qa.drbest.ge.test.drbestBeizahnersatzTest" name="verifyRelatedLink1Link" time="7.823"/>
  <system-out/>
  <testcase classname="com.qa.drbest.ge.test.drbestBeizahnersatzTest" name="verifyArticle2Link" time="7.770"/>
  <system-out/>
  <testcase classname="com.qa.drbest.ge.test.drbestBeizahnersatzTest" name="verifyLink2Link" time="7.668"/>
  <system-out/>
  <testcase classname="com.qa.drbest.ge.test.drbestBeizahnersatzTest" name="verifyArticle3Link" time="7.076"/>
  <system-out/>
  <testcase classname="com.qa.drbest.ge.test.drbestBeizahnersatzTest" name="verifyRelatedLink3Link" time="7.590"/>
  <system-out/>
</testsuite> <!-- com.qa.drbest.ge.test.drbestBeizahnersatzTest -->
