<?xml version="1.0" encoding="UTF-8"?>
<!-- Generated by org.testng.reporters.JUnitReportReporter -->
<testsuite hostname="WKWZTPqvmdckJHX" failures="0" tests="16" name="com.qa.sensodyne.us.test.SensodyneRepairProtectToothpasteTest" time="292.546" errors="0" timestamp="2023-01-24T12:44:06 IST" skipped="0">
  <testcase classname="com.qa.sensodyne.us.test.SensodyneRepairProtectToothpasteTest" name="cookieButton" time="9.992"/>
  <system-out/>
  <testcase classname="com.qa.sensodyne.us.test.SensodyneRepairProtectToothpasteTest" name="verifyBuyNowOne" time="9.824"/>
  <system-out/>
  <testcase classname="com.qa.sensodyne.us.test.SensodyneRepairProtectToothpasteTest" name="verifyGetCoupon" time="19.597"/>
  <system-out/>
  <testcase classname="com.qa.sensodyne.us.test.SensodyneRepairProtectToothpasteTest" name="verifyWhitening" time="20.318"/>
  <system-out/>
  <testcase classname="com.qa.sensodyne.us.test.SensodyneRepairProtectToothpasteTest" name="verifyExtraFresh" time="22.092"/>
  <system-out/>
  <testcase classname="com.qa.sensodyne.us.test.SensodyneRepairProtectToothpasteTest" name="verifyIngredients" time="7.035"/>
  <system-out/>
  <testcase classname="com.qa.sensodyne.us.test.SensodyneRepairProtectToothpasteTest" name="verifyDirections" time="7.794"/>
  <system-out/>
  <testcase classname="com.qa.sensodyne.us.test.SensodyneRepairProtectToothpasteTest" name="verifyWarnings" time="7.728"/>
  <system-out/>
  <testcase classname="com.qa.sensodyne.us.test.SensodyneRepairProtectToothpasteTest" name="verifyMostPopularProductsOne" time="21.026"/>
  <system-out/>
  <testcase classname="com.qa.sensodyne.us.test.SensodyneRepairProtectToothpasteTest" name="verifyMostPopularProductsTwo" time="19.923"/>
  <system-out/>
  <testcase classname="com.qa.sensodyne.us.test.SensodyneRepairProtectToothpasteTest" name="verifyMostPopularProductsThree" time="20.499"/>
  <system-out/>
  <testcase classname="com.qa.sensodyne.us.test.SensodyneRepairProtectToothpasteTest" name="verifyMostPopularProductsFour" time="47.075"/>
  <system-out/>
  <testcase classname="com.qa.sensodyne.us.test.SensodyneRepairProtectToothpasteTest" name="verifyMostPopularProductsFive" time="20.662"/>
  <system-out/>
  <testcase classname="com.qa.sensodyne.us.test.SensodyneRepairProtectToothpasteTest" name="verifyGetYourCoupon" time="18.081"/>
  <system-out/>
  <testcase classname="com.qa.sensodyne.us.test.SensodyneRepairProtectToothpasteTest" name="verifyFindYourStore" time="20.687"/>
  <system-out/>
  <testcase classname="com.qa.sensodyne.us.test.SensodyneRepairProtectToothpasteTest" name="verifyBreadCrumb" time="20.213"/>
  <system-out/>
</testsuite> <!-- com.qa.sensodyne.us.test.SensodyneRepairProtectToothpasteTest -->
