<?xml version="1.0" encoding="UTF-8"?>
<!-- Generated by org.testng.reporters.JUnitReportReporter -->
<testsuite hostname="WKWZTPqvmdckJHX" failures="0" tests="71" name="com.qa.bens.checklist.test.AddingPriceSpiderTest" time="203.390" errors="0" timestamp="2023-07-27T11:39:59 IST" skipped="0">
  <testcase classname="com.qa.bens.checklist.test.AddingPriceSpiderTest" name="verifyPriceSpider" time="3.270"/>
  <system-out/>
  <testcase classname="com.qa.bens.checklist.test.AddingPriceSpiderTest" name="verifyPriceSpider" time="2.576"/>
  <system-out/>
  <testcase classname="com.qa.bens.checklist.test.AddingPriceSpiderTest" name="verifyPriceSpider" time="3.369"/>
  <system-out/>
  <testcase classname="com.qa.bens.checklist.test.AddingPriceSpiderTest" name="verifyPriceSpider" time="2.619"/>
  <system-out/>
  <testcase classname="com.qa.bens.checklist.test.AddingPriceSpiderTest" name="verifyPriceSpider" time="3.110"/>
  <system-out/>
  <testcase classname="com.qa.bens.checklist.test.AddingPriceSpiderTest" name="verifyPriceSpider" time="2.781"/>
  <system-out/>
  <testcase classname="com.qa.bens.checklist.test.AddingPriceSpiderTest" name="verifyPriceSpider" time="2.392"/>
  <system-out/>
  <testcase classname="com.qa.bens.checklist.test.AddingPriceSpiderTest" name="verifyPriceSpider" time="2.398"/>
  <system-out/>
  <testcase classname="com.qa.bens.checklist.test.AddingPriceSpiderTest" name="verifyPriceSpider" time="2.545"/>
  <system-out/>
  <testcase classname="com.qa.bens.checklist.test.AddingPriceSpiderTest" name="verifyPriceSpider" time="4.277"/>
  <system-out/>
  <testcase classname="com.qa.bens.checklist.test.AddingPriceSpiderTest" name="verifyPriceSpider" time="3.355"/>
  <system-out/>
  <testcase classname="com.qa.bens.checklist.test.AddingPriceSpiderTest" name="verifyPriceSpider" time="2.540"/>
  <system-out/>
  <testcase classname="com.qa.bens.checklist.test.AddingPriceSpiderTest" name="verifyPriceSpider" time="2.374"/>
  <system-out/>
  <testcase classname="com.qa.bens.checklist.test.AddingPriceSpiderTest" name="verifyPriceSpider" time="2.416"/>
  <system-out/>
  <testcase classname="com.qa.bens.checklist.test.AddingPriceSpiderTest" name="verifyPriceSpider" time="2.447"/>
  <system-out/>
  <testcase classname="com.qa.bens.checklist.test.AddingPriceSpiderTest" name="verifyPriceSpider" time="2.491"/>
  <system-out/>
  <testcase classname="com.qa.bens.checklist.test.AddingPriceSpiderTest" name="verifyPriceSpider" time="2.410"/>
  <system-out/>
  <testcase classname="com.qa.bens.checklist.test.AddingPriceSpiderTest" name="verifyPriceSpider" time="2.873"/>
  <system-out/>
  <testcase classname="com.qa.bens.checklist.test.AddingPriceSpiderTest" name="verifyPriceSpider" time="3.236"/>
  <system-out/>
  <testcase classname="com.qa.bens.checklist.test.AddingPriceSpiderTest" name="verifyPriceSpider" time="2.537"/>
  <system-out/>
  <testcase classname="com.qa.bens.checklist.test.AddingPriceSpiderTest" name="verifyPriceSpider" time="3.211"/>
  <system-out/>
  <testcase classname="com.qa.bens.checklist.test.AddingPriceSpiderTest" name="verifyPriceSpider" time="3.123"/>
  <system-out/>
  <testcase classname="com.qa.bens.checklist.test.AddingPriceSpiderTest" name="verifyPriceSpider" time="2.393"/>
  <system-out/>
  <testcase classname="com.qa.bens.checklist.test.AddingPriceSpiderTest" name="verifyPriceSpider" time="2.390"/>
  <system-out/>
  <testcase classname="com.qa.bens.checklist.test.AddingPriceSpiderTest" name="verifyPriceSpider" time="2.940"/>
  <system-out/>
  <testcase classname="com.qa.bens.checklist.test.AddingPriceSpiderTest" name="verifyPriceSpider" time="3.305"/>
  <system-out/>
  <testcase classname="com.qa.bens.checklist.test.AddingPriceSpiderTest" name="verifyPriceSpider" time="3.152"/>
  <system-out/>
  <testcase classname="com.qa.bens.checklist.test.AddingPriceSpiderTest" name="verifyPriceSpider" time="2.681"/>
  <system-out/>
  <testcase classname="com.qa.bens.checklist.test.AddingPriceSpiderTest" name="verifyPriceSpider" time="2.422"/>
  <system-out/>
  <testcase classname="com.qa.bens.checklist.test.AddingPriceSpiderTest" name="verifyPriceSpider" time="3.446"/>
  <system-out/>
  <testcase classname="com.qa.bens.checklist.test.AddingPriceSpiderTest" name="verifyPriceSpider" time="2.884"/>
  <system-out/>
  <testcase classname="com.qa.bens.checklist.test.AddingPriceSpiderTest" name="verifyPriceSpider" time="2.942"/>
  <system-out/>
  <testcase classname="com.qa.bens.checklist.test.AddingPriceSpiderTest" name="verifyPriceSpider" time="2.909"/>
  <system-out/>
  <testcase classname="com.qa.bens.checklist.test.AddingPriceSpiderTest" name="verifyPriceSpider" time="2.388"/>
  <system-out/>
  <testcase classname="com.qa.bens.checklist.test.AddingPriceSpiderTest" name="verifyPriceSpider" time="2.397"/>
  <system-out/>
  <testcase classname="com.qa.bens.checklist.test.AddingPriceSpiderTest" name="verifyPriceSpider" time="3.315"/>
  <system-out/>
  <testcase classname="com.qa.bens.checklist.test.AddingPriceSpiderTest" name="verifyPriceSpider" time="5.444"/>
  <system-out/>
  <testcase classname="com.qa.bens.checklist.test.AddingPriceSpiderTest" name="verifyPriceSpider" time="3.085"/>
  <system-out/>
  <testcase classname="com.qa.bens.checklist.test.AddingPriceSpiderTest" name="verifyPriceSpider" time="2.462"/>
  <system-out/>
  <testcase classname="com.qa.bens.checklist.test.AddingPriceSpiderTest" name="verifyPriceSpider" time="6.214"/>
  <system-out/>
  <testcase classname="com.qa.bens.checklist.test.AddingPriceSpiderTest" name="verifyPriceSpider" time="2.971"/>
  <system-out/>
  <testcase classname="com.qa.bens.checklist.test.AddingPriceSpiderTest" name="verifyPriceSpider" time="2.505"/>
  <system-out/>
  <testcase classname="com.qa.bens.checklist.test.AddingPriceSpiderTest" name="verifyPriceSpider" time="2.391"/>
  <system-out/>
  <testcase classname="com.qa.bens.checklist.test.AddingPriceSpiderTest" name="verifyPriceSpider" time="2.392"/>
  <system-out/>
  <testcase classname="com.qa.bens.checklist.test.AddingPriceSpiderTest" name="verifyPriceSpider" time="2.600"/>
  <system-out/>
  <testcase classname="com.qa.bens.checklist.test.AddingPriceSpiderTest" name="verifyPriceSpider" time="3.144"/>
  <system-out/>
  <testcase classname="com.qa.bens.checklist.test.AddingPriceSpiderTest" name="verifyPriceSpider" time="3.033"/>
  <system-out/>
  <testcase classname="com.qa.bens.checklist.test.AddingPriceSpiderTest" name="verifyPriceSpider" time="3.067"/>
  <system-out/>
  <testcase classname="com.qa.bens.checklist.test.AddingPriceSpiderTest" name="verifyPriceSpider" time="2.559"/>
  <system-out/>
  <testcase classname="com.qa.bens.checklist.test.AddingPriceSpiderTest" name="verifyPriceSpider" time="3.203"/>
  <system-out/>
  <testcase classname="com.qa.bens.checklist.test.AddingPriceSpiderTest" name="verifyPriceSpider" time="3.384"/>
  <system-out/>
  <testcase classname="com.qa.bens.checklist.test.AddingPriceSpiderTest" name="verifyPriceSpider" time="2.496"/>
  <system-out/>
  <testcase classname="com.qa.bens.checklist.test.AddingPriceSpiderTest" name="verifyPriceSpider" time="3.008"/>
  <system-out/>
  <testcase classname="com.qa.bens.checklist.test.AddingPriceSpiderTest" name="verifyPriceSpider" time="3.218"/>
  <system-out/>
  <testcase classname="com.qa.bens.checklist.test.AddingPriceSpiderTest" name="verifyPriceSpider" time="2.527"/>
  <system-out/>
  <testcase classname="com.qa.bens.checklist.test.AddingPriceSpiderTest" name="verifyPriceSpider" time="2.404"/>
  <system-out/>
  <testcase classname="com.qa.bens.checklist.test.AddingPriceSpiderTest" name="verifyPriceSpider" time="2.403"/>
  <system-out/>
  <testcase classname="com.qa.bens.checklist.test.AddingPriceSpiderTest" name="verifyPriceSpider" time="2.438"/>
  <system-out/>
  <testcase classname="com.qa.bens.checklist.test.AddingPriceSpiderTest" name="verifyPriceSpider" time="3.051"/>
  <system-out/>
  <testcase classname="com.qa.bens.checklist.test.AddingPriceSpiderTest" name="verifyPriceSpider" time="2.525"/>
  <system-out/>
  <testcase classname="com.qa.bens.checklist.test.AddingPriceSpiderTest" name="verifyPriceSpider" time="2.471"/>
  <system-out/>
  <testcase classname="com.qa.bens.checklist.test.AddingPriceSpiderTest" name="verifyPriceSpider" time="2.424"/>
  <system-out/>
  <testcase classname="com.qa.bens.checklist.test.AddingPriceSpiderTest" name="verifyPriceSpider" time="2.479"/>
  <system-out/>
  <testcase classname="com.qa.bens.checklist.test.AddingPriceSpiderTest" name="verifyPriceSpider" time="3.268"/>
  <system-out/>
  <testcase classname="com.qa.bens.checklist.test.AddingPriceSpiderTest" name="verifyPriceSpider" time="3.008"/>
  <system-out/>
  <testcase classname="com.qa.bens.checklist.test.AddingPriceSpiderTest" name="verifyPriceSpider" time="2.522"/>
  <system-out/>
  <testcase classname="com.qa.bens.checklist.test.AddingPriceSpiderTest" name="verifyPriceSpider" time="2.392"/>
  <system-out/>
  <testcase classname="com.qa.bens.checklist.test.AddingPriceSpiderTest" name="verifyPriceSpider" time="2.428"/>
  <system-out/>
  <testcase classname="com.qa.bens.checklist.test.AddingPriceSpiderTest" name="verifyPriceSpider" time="2.425"/>
  <system-out/>
  <testcase classname="com.qa.bens.checklist.test.AddingPriceSpiderTest" name="verifyPriceSpider" time="3.125"/>
  <system-out/>
  <testcase classname="com.qa.bens.checklist.test.AddingPriceSpiderTest" name="verifyPriceSpider" time="2.410"/>
  <system-out/>
</testsuite> <!-- com.qa.bens.checklist.test.AddingPriceSpiderTest -->
