<?xml version="1.0" encoding="UTF-8"?>
<!-- Generated by org.testng.reporters.JUnitReportReporter -->
<testsuite hostname="WKWZTPqvmdckJHX" failures="0" tests="7" name="com.qa.caltrate.fr.test.CaltrateFRCarresAMacherCaltrateTest" time="72.636" errors="0" timestamp="2023-02-10T11:44:37 IST" skipped="0">
  <testcase classname="com.qa.caltrate.fr.test.CaltrateFRCarresAMacherCaltrateTest" name="verifyBreadcrumbOne" time="4.318"/>
  <system-out/>
  <testcase classname="com.qa.caltrate.fr.test.CaltrateFRCarresAMacherCaltrateTest" name="verifyBreadcrumbTwo" time="7.085"/>
  <system-out/>
  <testcase classname="com.qa.caltrate.fr.test.CaltrateFRCarresAMacherCaltrateTest" name="verifyBreadcrumbThree" time="2.575"/>
  <system-out/>
  <testcase classname="com.qa.caltrate.fr.test.CaltrateFRCarresAMacherCaltrateTest" name="verifyAcheter" time="4.869"/>
  <system-out/>
  <testcase classname="com.qa.caltrate.fr.test.CaltrateFRCarresAMacherCaltrateTest" name="verifycoupon" time="7.409"/>
  <system-out/>
  <testcase classname="com.qa.caltrate.fr.test.CaltrateFRCarresAMacherCaltrateTest" name="verifyProduits" time="8.206"/>
  <system-out/>
  <testcase classname="com.qa.caltrate.fr.test.CaltrateFRCarresAMacherCaltrateTest" name="verifySaveNowImg" time="38.174"/>
  <system-out/>
</testsuite> <!-- com.qa.caltrate.fr.test.CaltrateFRCarresAMacherCaltrateTest -->
