<?xml version="1.0" encoding="UTF-8"?>
<!-- Generated by org.testng.reporters.JUnitReportReporter -->
<testsuite hostname="WKWZTPqvmdckJHX" failures="0" tests="5" name="com.qa.quit.test.Quit7SimpleCleanTest" time="44.271" errors="0" timestamp="2023-08-04T12:01:13 IST" skipped="0">
  <testcase classname="com.qa.quit.test.Quit7SimpleCleanTest" name="cookieButton" time="4.410"/>
  <system-out/>
  <testcase classname="com.qa.quit.test.Quit7SimpleCleanTest" name="verifyBannerImgLink" time="7.034"/>
  <system-out/>
  <testcase classname="com.qa.quit.test.Quit7SimpleCleanTest" name="verifyHyperLinkOne" time="15.283"/>
  <system-out/>
  <testcase classname="com.qa.quit.test.Quit7SimpleCleanTest" name="verifyHyperLinkTwo" time="7.421"/>
  <system-out/>
  <testcase classname="com.qa.quit.test.Quit7SimpleCleanTest" name="verifyHyperLinkThree" time="10.123"/>
  <system-out/>
</testsuite> <!-- com.qa.quit.test.Quit7SimpleCleanTest -->
