<?xml version="1.0" encoding="UTF-8"?>
<!-- Generated by org.testng.reporters.JUnitReportReporter -->
<testsuite hostname="WKWZTPqvmdckJHX" failures="0" tests="13" name="com.qa.rinazina.it.test.RinazinaMedicinaliTest" time="102.311" errors="0" timestamp="2023-02-14T18:15:59 IST" skipped="0">
  <testcase classname="com.qa.rinazina.it.test.RinazinaMedicinaliTest" name="cookieButton" time="3.419"/>
  <system-out/>
  <testcase classname="com.qa.rinazina.it.test.RinazinaMedicinaliTest" name="verifyBreadcrumbOne" time="9.453"/>
  <system-out/>
  <testcase classname="com.qa.rinazina.it.test.RinazinaMedicinaliTest" name="verifyBreadcrumbTwo" time="6.681"/>
  <system-out/>
  <testcase classname="com.qa.rinazina.it.test.RinazinaMedicinaliTest" name="verifyBreadcrumbThree" time="2.023"/>
  <system-out/>
  <testcase classname="com.qa.rinazina.it.test.RinazinaMedicinaliTest" name="verifyBannerProductLink" time="6.167"/>
  <system-out/>
  <testcase classname="com.qa.rinazina.it.test.RinazinaMedicinaliTest" name="verifyNasoChiusoProductOne" time="8.361"/>
  <system-out/>
  <testcase classname="com.qa.rinazina.it.test.RinazinaMedicinaliTest" name="verifyNasoChiusoProductTwo" time="8.059"/>
  <system-out/>
  <testcase classname="com.qa.rinazina.it.test.RinazinaMedicinaliTest" name="verifyNasoChiusoProductThree" time="10.026"/>
  <system-out/>
  <testcase classname="com.qa.rinazina.it.test.RinazinaMedicinaliTest" name="verifyAntiallergicaProduct" time="8.235"/>
  <system-out/>
  <testcase classname="com.qa.rinazina.it.test.RinazinaMedicinaliTest" name="verifyArticoliCorrelatiTwo" time="14.597"/>
  <system-out/>
  <testcase classname="com.qa.rinazina.it.test.RinazinaMedicinaliTest" name="verifyArticoliCorrelatiOne" time="8.017"/>
  <system-out/>
  <testcase classname="com.qa.rinazina.it.test.RinazinaMedicinaliTest" name="verifyArticoliCorrelatiFour" time="8.062"/>
  <system-out/>
  <testcase classname="com.qa.rinazina.it.test.RinazinaMedicinaliTest" name="verifyArticoliCorrelatiThree" time="9.211"/>
  <system-out/>
</testsuite> <!-- com.qa.rinazina.it.test.RinazinaMedicinaliTest -->
