<?xml version="1.0" encoding="UTF-8"?>
<!-- Generated by org.testng.reporters.JUnitReportReporter -->
<testsuite hostname="WKWZTPqvmdckJHX" failures="0" tests="8" name="com.qa.eno.co.in.test.EnoAcidRefluxBabiesChildrenTest" time="74.448" errors="0" timestamp="2023-03-17T14:14:51 IST" skipped="0">
  <testcase classname="com.qa.eno.co.in.test.EnoAcidRefluxBabiesChildrenTest" name="verifyReferences" time="3.482"/>
  <system-out/>
  <testcase classname="com.qa.eno.co.in.test.EnoAcidRefluxBabiesChildrenTest" name="verifyWhyDoesYourStomachHurtImg" time="10.843"/>
  <system-out/>
  <testcase classname="com.qa.eno.co.in.test.EnoAcidRefluxBabiesChildrenTest" name="verifyWhyDoesYourStomachHurtText" time="10.058"/>
  <system-out/>
  <testcase classname="com.qa.eno.co.in.test.EnoAcidRefluxBabiesChildrenTest" name="verifyWhyDoesYourStomachHurtPara" time="10.248"/>
  <system-out/>
  <testcase classname="com.qa.eno.co.in.test.EnoAcidRefluxBabiesChildrenTest" name="verifyHomeRemediesForIndigestionImg" time="13.631"/>
  <system-out/>
  <testcase classname="com.qa.eno.co.in.test.EnoAcidRefluxBabiesChildrenTest" name="verifyHomeRemediesForIndigestionText" time="9.997"/>
  <system-out/>
  <testcase classname="com.qa.eno.co.in.test.EnoAcidRefluxBabiesChildrenTest" name="verifyHomeRemediesForIndigestionPara" time="9.526"/>
  <system-out/>
  <testcase classname="com.qa.eno.co.in.test.EnoAcidRefluxBabiesChildrenTest" name="verifyDidyouKnowSection" time="6.663"/>
  <system-out/>
</testsuite> <!-- com.qa.eno.co.in.test.EnoAcidRefluxBabiesChildrenTest -->
