<?xml version="1.0" encoding="UTF-8"?>
<!-- Generated by org.testng.reporters.JUnitReportReporter -->
<testsuite hostname="WKWZTPqvmdckJHX" failures="1" tests="22" name="com.qa.drbest.ge.test.drbestNachhaltigkeitTest" time="230.653" errors="0" timestamp="2023-04-10T02:26:07 IST" skipped="2">
  <testcase classname="com.qa.drbest.ge.test.drbestNachhaltigkeitTest" name="verifydrbestcookiePopupLink" time="48.882"/>
  <system-out/>
  <testcase classname="com.qa.drbest.ge.test.drbestNachhaltigkeitTest" name="verifyBambusLink" time="7.521"/>
  <system-out/>
  <testcase classname="com.qa.drbest.ge.test.drbestNachhaltigkeitTest" name="verifyBiokunstoffLink" time="7.084"/>
  <system-out/>
  <testcase classname="com.qa.drbest.ge.test.drbestNachhaltigkeitTest" name="verifyVerpackungLink" time="7.884"/>
  <system-out/>
  <testcase classname="com.qa.drbest.ge.test.drbestNachhaltigkeitTest" name="verifyYouTubeLink" time="12.408"/>
  <system-out/>
  <testcase classname="com.qa.drbest.ge.test.drbestNachhaltigkeitTest" name="verifyGreenSensitiveLink" time="8.840"/>
  <system-out/>
  <testcase classname="com.qa.drbest.ge.test.drbestNachhaltigkeitTest" name="verifyGreenSensitiveProductLink" time="7.193"/>
  <system-out/>
  <testcase classname="com.qa.drbest.ge.test.drbestNachhaltigkeitTest" name="verifyGreenSensitiveBuyNowLink" time="7.546"/>
  <system-out/>
  <testcase classname="com.qa.drbest.ge.test.drbestNachhaltigkeitTest" name="verifyBambusKidsLink" time="13.251"/>
  <system-out/>
  <testcase classname="com.qa.drbest.ge.test.drbestNachhaltigkeitTest" name="verifyBambusKidsProductLink" time="8.259"/>
  <system-out/>
  <testcase classname="com.qa.drbest.ge.test.drbestNachhaltigkeitTest" name="verifyBambusKidsBuyNOwLink" time="8.342"/>
  <system-out/>
  <testcase classname="com.qa.drbest.ge.test.drbestNachhaltigkeitTest" name="verifyBambusInterdentLink" time="9.675"/>
  <system-out/>
  <testcase classname="com.qa.drbest.ge.test.drbestNachhaltigkeitTest" name="verifyBambusInterdentProductLink" time="11.447"/>
  <system-out/>
  <testcase classname="com.qa.drbest.ge.test.drbestNachhaltigkeitTest" name="verifyBambusInterdentBuyNowLink" time="7.373"/>
  <system-out/>
  <testcase classname="com.qa.drbest.ge.test.drbestNachhaltigkeitTest" name="verifyGreenCleanLink" time="8.597"/>
  <system-out/>
  <testcase classname="com.qa.drbest.ge.test.drbestNachhaltigkeitTest" name="verifyGreenCleanProductLink" time="7.827">
    <failure message="expected [content/cf-consumer-healthcare/oral-drbest/master/home/zahnbuersten/green-clean.html%22] but found [zahnbuersten/green-clean/]" type="java.lang.AssertionError">
      <![CDATA[java.lang.AssertionError: expected [content/cf-consumer-healthcare/oral-drbest/master/home/zahnbuersten/green-clean.html%22] but found [zahnbuersten/green-clean/]
at org.testng.Assert.fail(Assert.java:99)
at org.testng.Assert.failNotEquals(Assert.java:1037)
at org.testng.Assert.assertEqualsImpl(Assert.java:140)
at org.testng.Assert.assertEquals(Assert.java:122)
at org.testng.Assert.assertEquals(Assert.java:629)
at org.testng.Assert.assertEquals(Assert.java:639)
at com.qa.baseClass.BaseClass.compareTwoText(BaseClass.java:814)
at com.qa.drbest.ge.test.drbestNachhaltigkeitTest.verifyGreenCleanProductLink(drbestNachhaltigkeitTest.java:212)
at java.base/jdk.internal.reflect.DirectMethodHandleAccessor.invoke(DirectMethodHandleAccessor.java:104)
at java.base/java.lang.reflect.Method.invoke(Method.java:577)
at org.testng.internal.MethodInvocationHelper.invokeMethod(MethodInvocationHelper.java:133)
at org.testng.internal.TestInvoker.invokeMethod(TestInvoker.java:598)
at org.testng.internal.TestInvoker.retryFailed(TestInvoker.java:213)
at org.testng.internal.MethodRunner.runInSequence(MethodRunner.java:58)
at org.testng.internal.TestInvoker$MethodInvocationAgent.invoke(TestInvoker.java:824)
at org.testng.internal.TestInvoker.invokeTestMethods(TestInvoker.java:146)
at org.testng.internal.TestMethodWorker.invokeTestMethods(TestMethodWorker.java:146)
at org.testng.internal.TestMethodWorker.run(TestMethodWorker.java:128)
at java.base/java.util.ArrayList.forEach(ArrayList.java:1511)
at org.testng.TestRunner.privateRun(TestRunner.java:794)
at org.testng.TestRunner.run(TestRunner.java:596)
at org.testng.SuiteRunner.runTest(SuiteRunner.java:377)
at org.testng.SuiteRunner.runSequentially(SuiteRunner.java:371)
at org.testng.SuiteRunner.privateRun(SuiteRunner.java:332)
at org.testng.SuiteRunner.run(SuiteRunner.java:276)
at org.testng.SuiteRunnerWorker.runSuite(SuiteRunnerWorker.java:53)
at org.testng.SuiteRunnerWorker.run(SuiteRunnerWorker.java:96)
at org.testng.TestNG.runSuitesSequentially(TestNG.java:1212)
at org.testng.TestNG.runSuitesLocally(TestNG.java:1134)
at org.testng.TestNG.runSuites(TestNG.java:1063)
at org.testng.TestNG.run(TestNG.java:1031)
at org.testng.remote.AbstractRemoteTestNG.run(AbstractRemoteTestNG.java:115)
at org.testng.remote.RemoteTestNG.initAndRun(RemoteTestNG.java:251)
at org.testng.remote.RemoteTestNG.main(RemoteTestNG.java:77)
]]>
    </failure>
  </testcase> <!-- verifyGreenCleanProductLink -->
  <system-out/>
  <testcase classname="com.qa.drbest.ge.test.drbestNachhaltigkeitTest" name="verifyGreenCleanProductLink" time="7.414">
    <skipped/>
  </testcase> <!-- verifyGreenCleanProductLink -->
  <system-out/>
  <testcase classname="com.qa.drbest.ge.test.drbestNachhaltigkeitTest" name="verifyGreenCleanProductLink" time="6.932">
    <skipped/>
  </testcase> <!-- verifyGreenCleanProductLink -->
  <system-out/>
  <testcase classname="com.qa.drbest.ge.test.drbestNachhaltigkeitTest" name="verifyGreenCleanBuyNowLink" time="7.562"/>
  <system-out/>
  <testcase classname="com.qa.drbest.ge.test.drbestNachhaltigkeitTest" name="verifyInterDentalBurstenLink" time="10.786"/>
  <system-out/>
  <testcase classname="com.qa.drbest.ge.test.drbestNachhaltigkeitTest" name="verifyInterDentalBurstenProductLink" time="7.616"/>
  <system-out/>
  <testcase classname="com.qa.drbest.ge.test.drbestNachhaltigkeitTest" name="verifyInterDentalBurstenBuyNowLink" time="8.214"/>
  <system-out/>
</testsuite> <!-- com.qa.drbest.ge.test.drbestNachhaltigkeitTest -->
