<?xml version="1.0" encoding="UTF-8"?>
<!-- Generated by org.testng.reporters.JUnitReportReporter -->
<testsuite hostname="WKWZTPqvmdckJHX" failures="0" tests="5" name="com.qa.nexium.us.test.NexiumIsHoneyGoodForAcidRefluxTest" time="43.752" errors="0" timestamp="2023-05-15T12:19:28 IST" skipped="0">
  <testcase classname="com.qa.nexium.us.test.NexiumIsHoneyGoodForAcidRefluxTest" name="cookieButton" time="8.484"/>
  <system-out/>
  <testcase classname="com.qa.nexium.us.test.NexiumIsHoneyGoodForAcidRefluxTest" name="verifyBreadcrumbOne" time="10.544"/>
  <system-out/>
  <testcase classname="com.qa.nexium.us.test.NexiumIsHoneyGoodForAcidRefluxTest" name="verifyBreadcrumbTwo" time="10.707"/>
  <system-out/>
  <testcase classname="com.qa.nexium.us.test.NexiumIsHoneyGoodForAcidRefluxTest" name="verifyBreadcrumbThree" time="10.215"/>
  <system-out/>
  <testcase classname="com.qa.nexium.us.test.NexiumIsHoneyGoodForAcidRefluxTest" name="verifyBreadcrumbFour" time="3.802"/>
  <system-out/>
</testsuite> <!-- com.qa.nexium.us.test.NexiumIsHoneyGoodForAcidRefluxTest -->
