<?xml version="1.0" encoding="UTF-8"?>
<!-- Generated by org.testng.reporters.JUnitReportReporter -->
<testsuite hostname="WKWZTPqvmdckJHX" failures="0" tests="1" name="com.qa.sensodyne.en.gb.test.SensodyneEnGbRepairAndProtectWhiteningToothpasteTest" time="11.607" errors="0" timestamp="2023-07-05T15:03:38 IST" skipped="0">
  <testcase classname="com.qa.sensodyne.en.gb.test.SensodyneEnGbRepairAndProtectWhiteningToothpasteTest" name="cookieButton" time="11.607"/>
  <system-out/>
</testsuite> <!-- com.qa.sensodyne.en.gb.test.SensodyneEnGbRepairAndProtectWhiteningToothpasteTest -->
