<?xml version="1.0" encoding="UTF-8"?>
<!-- Generated by org.testng.reporters.JUnitReportReporter -->
<testsuite hostname="WKWZTPqvmdckJHX" failures="0" tests="9" name="com.qa.biotene.test.biotenedrymouthnighttimeTest" time="224.467" errors="0" timestamp="2023-04-03T07:36:54 IST" skipped="0">
  <testcase classname="com.qa.biotene.test.biotenedrymouthnighttimeTest" name="verifyBiotenecookiePopupLink" time="125.376"/>
  <system-out/>
  <testcase classname="com.qa.biotene.test.biotenedrymouthnighttimeTest" name="verifyHomeBreadcrumbsLink" time="9.377"/>
  <system-out/>
  <testcase classname="com.qa.biotene.test.biotenedrymouthnighttimeTest" name="verifyLivingwithdrymouthbreadcrumbs" time="7.917"/>
  <system-out/>
  <testcase classname="com.qa.biotene.test.biotenedrymouthnighttimeTest" name="verifyManagingSymptomsnightbreadcrumbs" time="7.462"/>
  <system-out/>
  <testcase classname="com.qa.biotene.test.biotenedrymouthnighttimeTest" name="verifyCopedrymouthNighttime" time="13.246"/>
  <system-out/>
  <testcase classname="com.qa.biotene.test.biotenedrymouthnighttimeTest" name="verifyAnxietyatNight" time="13.480"/>
  <system-out/>
  <testcase classname="com.qa.biotene.test.biotenedrymouthnighttimeTest" name="verifyManagingAnxiety" time="16.365"/>
  <system-out/>
  <testcase classname="com.qa.biotene.test.biotenedrymouthnighttimeTest" name="verifyGoodbedtime" time="15.421"/>
  <system-out/>
  <testcase classname="com.qa.biotene.test.biotenedrymouthnighttimeTest" name="verifywakeupdrymouth" time="15.823"/>
  <system-out/>
</testsuite> <!-- com.qa.biotene.test.biotenedrymouthnighttimeTest -->
