<?xml version="1.0" encoding="UTF-8"?>
<!-- Generated by org.testng.reporters.JUnitReportReporter -->
<testsuite hostname="WKWZTPqvmdckJHX" failures="0" tests="12" name="com.qa.nexium.us.test.NexiumFAQTest" time="63.696" errors="0" timestamp="2023-05-17T14:38:51 IST" skipped="0">
  <testcase classname="com.qa.nexium.us.test.NexiumFAQTest" name="cookieButton" time="4.709"/>
  <system-out/>
  <testcase classname="com.qa.nexium.us.test.NexiumFAQTest" name="verifyAboutNexium24HrAccordionone" time="3.875"/>
  <system-out/>
  <testcase classname="com.qa.nexium.us.test.NexiumFAQTest" name="verifyAboutNexium24HrAccordionTwo" time="4.283"/>
  <system-out/>
  <testcase classname="com.qa.nexium.us.test.NexiumFAQTest" name="verifyAboutNexium24HrAccordionThree" time="4.144"/>
  <system-out/>
  <testcase classname="com.qa.nexium.us.test.NexiumFAQTest" name="verifyAboutNexium24HrAccordionFour" time="6.328"/>
  <system-out/>
  <testcase classname="com.qa.nexium.us.test.NexiumFAQTest" name="verifyAboutNexium24HrAccordionFive" time="3.704"/>
  <system-out/>
  <testcase classname="com.qa.nexium.us.test.NexiumFAQTest" name="verifyAboutNexium24HrAccordionSix" time="7.967"/>
  <system-out/>
  <testcase classname="com.qa.nexium.us.test.NexiumFAQTest" name="verifyAboutNexium24HrAccordionSeven" time="5.194"/>
  <system-out/>
  <testcase classname="com.qa.nexium.us.test.NexiumFAQTest" name="verifyAboutNexium24HrAccordionEight" time="3.617"/>
  <system-out/>
  <testcase classname="com.qa.nexium.us.test.NexiumFAQTest" name="verifyAboutNexium24HrAccordionNine" time="10.720"/>
  <system-out/>
  <testcase classname="com.qa.nexium.us.test.NexiumFAQTest" name="verifyAboutNexium24HrAccordionTen" time="4.484"/>
  <system-out/>
  <testcase classname="com.qa.nexium.us.test.NexiumFAQTest" name="verifyAboutNexium24HrAccordionEleven" time="4.671"/>
  <system-out/>
</testsuite> <!-- com.qa.nexium.us.test.NexiumFAQTest -->
