<?xml version="1.0" encoding="UTF-8"?>
<!-- Generated by org.testng.reporters.JUnitReportReporter -->
<testsuite hostname="WKWZTPqvmdckJHX" failures="0" tests="12" name="com.qa.preph.test.PrephHemorrhoidDiscussionGuideTest" time="69.717" errors="0" timestamp="2023-06-20T13:59:38 IST" skipped="0">
  <testcase classname="com.qa.preph.test.PrephHemorrhoidDiscussionGuideTest" name="cookieButton" time="3.993"/>
  <system-out/>
  <testcase classname="com.qa.preph.test.PrephHemorrhoidDiscussionGuideTest" name="verifyBreadcrumbOne" time="6.746"/>
  <system-out/>
  <testcase classname="com.qa.preph.test.PrephHemorrhoidDiscussionGuideTest" name="verifyBreadcrumbTwo" time="5.817"/>
  <system-out/>
  <testcase classname="com.qa.preph.test.PrephHemorrhoidDiscussionGuideTest" name="verifyBreadcrumbThree" time="2.418"/>
  <system-out/>
  <testcase classname="com.qa.preph.test.PrephHemorrhoidDiscussionGuideTest" name="verifyHyperLinkHemorrhoidDiscomfort" time="5.526"/>
  <system-out/>
  <testcase classname="com.qa.preph.test.PrephHemorrhoidDiscussionGuideTest" name="verifyHyperLinkHemorrhoidSymptoms" time="5.440"/>
  <system-out/>
  <testcase classname="com.qa.preph.test.PrephHemorrhoidDiscussionGuideTest" name="verifyRelatedArticleOne" time="5.520"/>
  <system-out/>
  <testcase classname="com.qa.preph.test.PrephHemorrhoidDiscussionGuideTest" name="verifyRelatedArticleTwo" time="11.121"/>
  <system-out/>
  <testcase classname="com.qa.preph.test.PrephHemorrhoidDiscussionGuideTest" name="verifyRelatedArticleThree" time="6.575"/>
  <system-out/>
  <testcase classname="com.qa.preph.test.PrephHemorrhoidDiscussionGuideTest" name="verifyRelatedArticleReadMoreOne" time="5.818"/>
  <system-out/>
  <testcase classname="com.qa.preph.test.PrephHemorrhoidDiscussionGuideTest" name="verifyRelatedArticleReadMoreTwo" time="5.356"/>
  <system-out/>
  <testcase classname="com.qa.preph.test.PrephHemorrhoidDiscussionGuideTest" name="verifyRelatedArticleReadMoreThree" time="5.387"/>
  <system-out/>
</testsuite> <!-- com.qa.preph.test.PrephHemorrhoidDiscussionGuideTest -->
