<?xml version="1.0" encoding="UTF-8"?>
<!-- Generated by org.testng.reporters.JUnitReportReporter -->
<testsuite hostname="WKWZTPqvmdckJHX" failures="0" tests="5" name="com.qa.biotene.test.BioteneDiabetesMellitusTest" time="171.599" errors="0" timestamp="2023-04-03T07:36:53 IST" skipped="0">
  <testcase classname="com.qa.biotene.test.BioteneDiabetesMellitusTest" name="cookieButton" time="132.935"/>
  <system-out/>
  <testcase classname="com.qa.biotene.test.BioteneDiabetesMellitusTest" name="verifyREADMORE" time="8.451"/>
  <system-out/>
  <testcase classname="com.qa.biotene.test.BioteneDiabetesMellitusTest" name="verifyTAKETHEQUIZ" time="14.535"/>
  <system-out/>
  <testcase classname="com.qa.biotene.test.BioteneDiabetesMellitusTest" name="verifyBioteneDryMouthOralRinse" time="5.383"/>
  <system-out/>
  <testcase classname="com.qa.biotene.test.BioteneDiabetesMellitusTest" name="verifySHOPNOW" time="10.295"/>
  <system-out/>
</testsuite> <!-- com.qa.biotene.test.BioteneDiabetesMellitusTest -->
