<?xml version="1.0" encoding="UTF-8"?>
<!-- Generated by org.testng.reporters.JUnitReportReporter -->
<testsuite hostname="WKWZTPqvmdckJHX" failures="0" tests="35" name="com.qa.bens.checklist.test.ChannelAdvisorTest" time="1048.045" errors="0" timestamp="2023-12-15T10:52:50 IST" skipped="0">
  <testcase classname="com.qa.bens.checklist.test.ChannelAdvisorTest" name="verifyText" time="29.499"/>
  <system-out/>
  <testcase classname="com.qa.bens.checklist.test.ChannelAdvisorTest" name="verifyText" time="29.602"/>
  <system-out/>
  <testcase classname="com.qa.bens.checklist.test.ChannelAdvisorTest" name="verifyText" time="29.560"/>
  <system-out/>
  <testcase classname="com.qa.bens.checklist.test.ChannelAdvisorTest" name="verifyText" time="29.557"/>
  <system-out/>
  <testcase classname="com.qa.bens.checklist.test.ChannelAdvisorTest" name="verifyText" time="29.932"/>
  <system-out/>
  <testcase classname="com.qa.bens.checklist.test.ChannelAdvisorTest" name="verifyText" time="29.722"/>
  <system-out/>
  <testcase classname="com.qa.bens.checklist.test.ChannelAdvisorTest" name="verifyText" time="29.891"/>
  <system-out/>
  <testcase classname="com.qa.bens.checklist.test.ChannelAdvisorTest" name="verifyText" time="30.185"/>
  <system-out/>
  <testcase classname="com.qa.bens.checklist.test.ChannelAdvisorTest" name="verifyText" time="29.581"/>
  <system-out/>
  <testcase classname="com.qa.bens.checklist.test.ChannelAdvisorTest" name="verifyText" time="30.009"/>
  <system-out/>
  <testcase classname="com.qa.bens.checklist.test.ChannelAdvisorTest" name="verifyText" time="29.542"/>
  <system-out/>
  <testcase classname="com.qa.bens.checklist.test.ChannelAdvisorTest" name="verifyText" time="29.766"/>
  <system-out/>
  <testcase classname="com.qa.bens.checklist.test.ChannelAdvisorTest" name="verifyText" time="29.533"/>
  <system-out/>
  <testcase classname="com.qa.bens.checklist.test.ChannelAdvisorTest" name="verifyText" time="29.594"/>
  <system-out/>
  <testcase classname="com.qa.bens.checklist.test.ChannelAdvisorTest" name="verifyText" time="29.568"/>
  <system-out/>
  <testcase classname="com.qa.bens.checklist.test.ChannelAdvisorTest" name="verifyText" time="30.203"/>
  <system-out/>
  <testcase classname="com.qa.bens.checklist.test.ChannelAdvisorTest" name="verifyText" time="29.705"/>
  <system-out/>
  <testcase classname="com.qa.bens.checklist.test.ChannelAdvisorTest" name="verifyText" time="29.949"/>
  <system-out/>
  <testcase classname="com.qa.bens.checklist.test.ChannelAdvisorTest" name="verifyText" time="29.874"/>
  <system-out/>
  <testcase classname="com.qa.bens.checklist.test.ChannelAdvisorTest" name="verifyText" time="29.604"/>
  <system-out/>
  <testcase classname="com.qa.bens.checklist.test.ChannelAdvisorTest" name="verifyText" time="29.655"/>
  <system-out/>
  <testcase classname="com.qa.bens.checklist.test.ChannelAdvisorTest" name="verifyText" time="29.414"/>
  <system-out/>
  <testcase classname="com.qa.bens.checklist.test.ChannelAdvisorTest" name="verifyText" time="29.720"/>
  <system-out/>
  <testcase classname="com.qa.bens.checklist.test.ChannelAdvisorTest" name="verifyText" time="36.404"/>
  <system-out/>
  <testcase classname="com.qa.bens.checklist.test.ChannelAdvisorTest" name="verifyText" time="29.506"/>
  <system-out/>
  <testcase classname="com.qa.bens.checklist.test.ChannelAdvisorTest" name="verifyText" time="29.483"/>
  <system-out/>
  <testcase classname="com.qa.bens.checklist.test.ChannelAdvisorTest" name="verifyText" time="29.849"/>
  <system-out/>
  <testcase classname="com.qa.bens.checklist.test.ChannelAdvisorTest" name="verifyText" time="29.855"/>
  <system-out/>
  <testcase classname="com.qa.bens.checklist.test.ChannelAdvisorTest" name="verifyText" time="29.673"/>
  <system-out/>
  <testcase classname="com.qa.bens.checklist.test.ChannelAdvisorTest" name="verifyText" time="29.856"/>
  <system-out/>
  <testcase classname="com.qa.bens.checklist.test.ChannelAdvisorTest" name="verifyText" time="29.565"/>
  <system-out/>
  <testcase classname="com.qa.bens.checklist.test.ChannelAdvisorTest" name="verifyText" time="29.708"/>
  <system-out/>
  <testcase classname="com.qa.bens.checklist.test.ChannelAdvisorTest" name="verifyText" time="30.428"/>
  <system-out/>
  <testcase classname="com.qa.bens.checklist.test.ChannelAdvisorTest" name="verifyText" time="30.062"/>
  <system-out/>
  <testcase classname="com.qa.bens.checklist.test.ChannelAdvisorTest" name="verifyText" time="29.991"/>
  <system-out/>
</testsuite> <!-- com.qa.bens.checklist.test.ChannelAdvisorTest -->
