<?xml version="1.0" encoding="UTF-8"?>
<!-- Generated by org.testng.reporters.JUnitReportReporter -->
<testsuite hostname="WKWZTPqvmdckJHX" failures="0" tests="1" name="com.qa.quit.test.QuitStephenieArticleTest" time="21.124" errors="0" timestamp="2023-08-14T14:26:45 IST" skipped="0">
  <testcase classname="com.qa.quit.test.QuitStephenieArticleTest" name="verifyBreadcrumbTwo" time="21.124"/>
  <system-out/>
</testsuite> <!-- com.qa.quit.test.QuitStephenieArticleTest -->
