<?xml version="1.0" encoding="UTF-8"?>
<!-- Generated by org.testng.reporters.JUnitReportReporter -->
<testsuite hostname="WKWZTPqvmdckJHX" failures="0" tests="1" name="com.qa.theraflu.test.TherafluHowToBreakAFeverTest" time="11.689" errors="0" timestamp="2023-09-13T10:57:53 IST" skipped="0">
  <testcase classname="com.qa.theraflu.test.TherafluHowToBreakAFeverTest" name="cookieButton" time="11.689"/>
  <system-out/>
</testsuite> <!-- com.qa.theraflu.test.TherafluHowToBreakAFeverTest -->
