<?xml version="1.0" encoding="UTF-8"?>
<!-- Generated by org.testng.reporters.JUnitReportReporter -->
<testsuite hostname="WKWZTPqvmdckJHX" failures="0" tests="1" name="com.qa.centrum.eng.test.CantrumSampleMakeCoffeeTest" time="29.984" errors="0" timestamp="2023-02-01T10:44:49 IST" skipped="0">
  <testcase classname="com.qa.centrum.eng.test.CantrumSampleMakeCoffeeTest" name="cookieButton" time="29.984"/>
  <system-out/>
</testsuite> <!-- com.qa.centrum.eng.test.CantrumSampleMakeCoffeeTest -->
