<?xml version="1.0" encoding="UTF-8"?>
<!-- Generated by org.testng.reporters.JUnitReportReporter -->
<testsuite hostname="WKWZTPqvmdckJHX" failures="0" tests="12" name="com.qa.tums.eng.test.TumsAboutTest" time="533.507" errors="0" timestamp="2023-01-23T12:28:36 IST" skipped="0">
  <testcase classname="com.qa.tums.eng.test.TumsAboutTest" name="verifyCookie" time="6.415"/>
  <system-out/>
  <testcase classname="com.qa.tums.eng.test.TumsAboutTest" name="verifyBreadCrumbHome" time="60.399"/>
  <system-out/>
  <testcase classname="com.qa.tums.eng.test.TumsAboutTest" name="verifyHyperLinkOne" time="43.422"/>
  <system-out/>
  <testcase classname="com.qa.tums.eng.test.TumsAboutTest" name="verifyHyperLinkTwo" time="162.316"/>
  <system-out/>
  <testcase classname="com.qa.tums.eng.test.TumsAboutTest" name="verifyHyperLinkThree" time="37.148"/>
  <system-out/>
  <testcase classname="com.qa.tums.eng.test.TumsAboutTest" name="verifyHyperLinkFour" time="24.049"/>
  <system-out/>
  <testcase classname="com.qa.tums.eng.test.TumsAboutTest" name="verifyHyperLinkFive" time="21.520"/>
  <system-out/>
  <testcase classname="com.qa.tums.eng.test.TumsAboutTest" name="verifyReadMore" time="24.939"/>
  <system-out/>
  <testcase classname="com.qa.tums.eng.test.TumsAboutTest" name="verifyShowReference" time="103.371"/>
  <system-out/>
  <testcase classname="com.qa.tums.eng.test.TumsAboutTest" name="verifyPrdtOne" time="13.347"/>
  <system-out/>
  <testcase classname="com.qa.tums.eng.test.TumsAboutTest" name="verifyPrdtTwo" time="15.261"/>
  <system-out/>
  <testcase classname="com.qa.tums.eng.test.TumsAboutTest" name="verifySeeProducts" time="21.320"/>
  <system-out/>
</testsuite> <!-- com.qa.tums.eng.test.TumsAboutTest -->
