<?xml version="1.0" encoding="UTF-8"?>
<!-- Generated by org.testng.reporters.JUnitReportReporter -->
<testsuite hostname="WKWZTPqvmdckJHX" failures="0" tests="11" name="com.qa.biotene.test.biotenedoihavedrymouthTest" time="234.286" errors="0" timestamp="2023-04-03T07:36:54 IST" skipped="0">
  <testcase classname="com.qa.biotene.test.biotenedoihavedrymouthTest" name="verifyBiotenecookiePopupLink" time="125.545"/>
  <system-out/>
  <testcase classname="com.qa.biotene.test.biotenedoihavedrymouthTest" name="verifyHomeBreadcrumbsLink" time="8.618"/>
  <system-out/>
  <testcase classname="com.qa.biotene.test.biotenedoihavedrymouthTest" name="verifySelfAssesmentBreadcrumbsLink" time="13.271"/>
  <system-out/>
  <testcase classname="com.qa.biotene.test.biotenedoihavedrymouthTest" name="verifyCarouselquestion1Link" time="8.424"/>
  <system-out/>
  <testcase classname="com.qa.biotene.test.biotenedoihavedrymouthTest" name="verifyCarouse2question1Link" time="7.971"/>
  <system-out/>
  <testcase classname="com.qa.biotene.test.biotenedoihavedrymouthTest" name="verifyCarouse3question1Link" time="12.487"/>
  <system-out/>
  <testcase classname="com.qa.biotene.test.biotenedoihavedrymouthTest" name="verifyCarouse4question1Link" time="8.711"/>
  <system-out/>
  <testcase classname="com.qa.biotene.test.biotenedoihavedrymouthTest" name="verifyCarouse5question1Link" time="9.364"/>
  <system-out/>
  <testcase classname="com.qa.biotene.test.biotenedoihavedrymouthTest" name="verifyTakeQuizLink" time="8.895"/>
  <system-out/>
  <testcase classname="com.qa.biotene.test.biotenedoihavedrymouthTest" name="verifyGetcouponsLink" time="22.853"/>
  <system-out/>
  <testcase classname="com.qa.biotene.test.biotenedoihavedrymouthTest" name="verifyShopnowLink" time="8.147"/>
  <system-out/>
</testsuite> <!-- com.qa.biotene.test.biotenedoihavedrymouthTest -->
