<?xml version="1.0" encoding="UTF-8"?>
<!-- Generated by org.testng.reporters.JUnitReportReporter -->
<testsuite hostname="WKWZTPqvmdckJHX" failures="0" tests="13" name="com.qa.drbest.ge.test.drbestHomepageTest" time="182.192" errors="0" timestamp="2023-04-10T02:26:07 IST" skipped="0">
  <testcase classname="com.qa.drbest.ge.test.drbestHomepageTest" name="verifydrbestcookiePopupLink" time="50.009"/>
  <system-out/>
  <testcase classname="com.qa.drbest.ge.test.drbestHomepageTest" name="verifyCarouselOneLink" time="11.583"/>
  <system-out/>
  <testcase classname="com.qa.drbest.ge.test.drbestHomepageTest" name="verifyCarouselTwoLink" time="10.236"/>
  <system-out/>
  <testcase classname="com.qa.drbest.ge.test.drbestHomepageTest" name="verifyCarouselThreeLink" time="9.702"/>
  <system-out/>
  <testcase classname="com.qa.drbest.ge.test.drbestHomepageTest" name="verifyCarouselFourLink" time="8.158"/>
  <system-out/>
  <testcase classname="com.qa.drbest.ge.test.drbestHomepageTest" name="verifyQuiz1Link" time="15.623"/>
  <system-out/>
  <testcase classname="com.qa.drbest.ge.test.drbestHomepageTest" name="verifyQuiz2Link" time="13.672"/>
  <system-out/>
  <testcase classname="com.qa.drbest.ge.test.drbestHomepageTest" name="verifyQuiz3Link" time="10.695"/>
  <system-out/>
  <testcase classname="com.qa.drbest.ge.test.drbestHomepageTest" name="verifyQuiz4Link" time="10.396"/>
  <system-out/>
  <testcase classname="com.qa.drbest.ge.test.drbestHomepageTest" name="verifyQuiz5Link" time="10.724"/>
  <system-out/>
  <testcase classname="com.qa.drbest.ge.test.drbestHomepageTest" name="verifyQuiz6Link" time="8.045"/>
  <system-out/>
  <testcase classname="com.qa.drbest.ge.test.drbestHomepageTest" name="verifyQuiz7Link" time="10.931"/>
  <system-out/>
  <testcase classname="com.qa.drbest.ge.test.drbestHomepageTest" name="verifyQuiz8Link" time="12.418"/>
  <system-out/>
</testsuite> <!-- com.qa.drbest.ge.test.drbestHomepageTest -->
