<?xml version="1.0" encoding="UTF-8"?>
<!-- Generated by org.testng.reporters.JUnitReportReporter -->
<testsuite hostname="WKWZTPqvmdckJHX" failures="0" tests="6" name="com.qa.abreva.test.AbrevaRelaxationTechniquesTest" time="72.495" errors="0" timestamp="2023-05-16T23:32:44 IST" skipped="0">
  <testcase classname="com.qa.abreva.test.AbrevaRelaxationTechniquesTest" name="cookieButton" time="6.228"/>
  <system-out/>
  <testcase classname="com.qa.abreva.test.AbrevaRelaxationTechniquesTest" name="verifyBreadcrumbOne" time="9.655"/>
  <system-out/>
  <testcase classname="com.qa.abreva.test.AbrevaRelaxationTechniquesTest" name="verifyWholeCardSecOne" time="11.243"/>
  <system-out/>
  <testcase classname="com.qa.abreva.test.AbrevaRelaxationTechniquesTest" name="verifyWholeCardSecTwo" time="21.741"/>
  <system-out/>
  <testcase classname="com.qa.abreva.test.AbrevaRelaxationTechniquesTest" name="verifyWholeCardSecThree" time="16.004"/>
  <system-out/>
  <testcase classname="com.qa.abreva.test.AbrevaRelaxationTechniquesTest" name="verifyBuyNow" time="7.624"/>
  <system-out/>
</testsuite> <!-- com.qa.abreva.test.AbrevaRelaxationTechniquesTest -->
