<?xml version="1.0" encoding="UTF-8"?>
<!-- Generated by org.testng.reporters.JUnitReportReporter -->
<testsuite hostname="WKWZTPqvmdckJHX" failures="0" tests="5" name="com.qa.tums.eng.test.TumsHeartburnAtNightTest" time="211.267" errors="0" timestamp="2023-01-23T12:28:36 IST" skipped="0">
  <testcase classname="com.qa.tums.eng.test.TumsHeartburnAtNightTest" name="verifyCookie" time="16.375"/>
  <system-out/>
  <testcase classname="com.qa.tums.eng.test.TumsHeartburnAtNightTest" name="verifyBreadCrumbHome" time="54.609"/>
  <system-out/>
  <testcase classname="com.qa.tums.eng.test.TumsHeartburnAtNightTest" name="verifyBreadCrumbOne" time="87.801"/>
  <system-out/>
  <testcase classname="com.qa.tums.eng.test.TumsHeartburnAtNightTest" name="verifyHyperLinkTums" time="32.886"/>
  <system-out/>
  <testcase classname="com.qa.tums.eng.test.TumsHeartburnAtNightTest" name="verifySeeProducts" time="19.596"/>
  <system-out/>
</testsuite> <!-- com.qa.tums.eng.test.TumsHeartburnAtNightTest -->
