<?xml version="1.0" encoding="UTF-8"?>
<!-- Generated by org.testng.reporters.JUnitReportReporter -->
<testsuite hostname="WKWZTPqvmdckJHX" failures="0" tests="5" name="com.qa.biotene.test.BioteneAsthmaTest" time="152.963" errors="0" timestamp="2023-04-03T07:36:54 IST" skipped="0">
  <testcase classname="com.qa.biotene.test.BioteneAsthmaTest" name="cookieButton" time="125.355"/>
  <system-out/>
  <testcase classname="com.qa.biotene.test.BioteneAsthmaTest" name="verifyLearnMore1" time="6.851"/>
  <system-out/>
  <testcase classname="com.qa.biotene.test.BioteneAsthmaTest" name="verifyLearnMore3" time="8.111"/>
  <system-out/>
  <testcase classname="com.qa.biotene.test.BioteneAsthmaTest" name="verifyLearnMore4" time="6.395"/>
  <system-out/>
  <testcase classname="com.qa.biotene.test.BioteneAsthmaTest" name="verifyLearnMore2" time="6.251"/>
  <system-out/>
</testsuite> <!-- com.qa.biotene.test.BioteneAsthmaTest -->
