<?xml version="1.0" encoding="UTF-8"?>
<!-- Generated by org.testng.reporters.JUnitReportReporter -->
<testsuite hostname="WKWZTPqvmdckJHX" failures="0" tests="1" name="com.qa.flonase.test.FlonaseFlonaseVsNasalDecongestantsTest" time="7.481" errors="0" timestamp="2023-09-26T11:50:21 IST" skipped="0">
  <testcase classname="com.qa.flonase.test.FlonaseFlonaseVsNasalDecongestantsTest" name="cookieButton" time="7.481"/>
  <system-out/>
</testsuite> <!-- com.qa.flonase.test.FlonaseFlonaseVsNasalDecongestantsTest -->
