<?xml version="1.0" encoding="UTF-8"?>
<!-- Generated by org.testng.reporters.JUnitReportReporter -->
<testsuite hostname="WKWZTPqvmdckJHX" failures="0" tests="4" name="com.qa.biotene.test.bioteneFooterTest" time="159.045" errors="0" timestamp="2023-04-03T07:36:53 IST" skipped="0">
  <testcase classname="com.qa.biotene.test.bioteneFooterTest" name="verifyBiotenecookiePopupLink" time="125.013"/>
  <system-out/>
  <testcase classname="com.qa.biotene.test.bioteneFooterTest" name="verifyFAQLink" time="11.527"/>
  <system-out/>
  <testcase classname="com.qa.biotene.test.bioteneFooterTest" name="verifyContactUsLink" time="13.627"/>
  <system-out/>
  <testcase classname="com.qa.biotene.test.bioteneFooterTest" name="verifySitemapLink" time="8.878"/>
  <system-out/>
</testsuite> <!-- com.qa.biotene.test.bioteneFooterTest -->
