<?xml version="1.0" encoding="UTF-8"?>
<!-- Generated by org.testng.reporters.JUnitReportReporter -->
<testsuite hostname="WKWZTPqvmdckJHX" failures="0" tests="8" name="com.qa.nexium.us.test.NexiumHowToTreatGerdTest" time="73.251" errors="0" timestamp="2023-05-15T18:29:28 IST" skipped="0">
  <testcase classname="com.qa.nexium.us.test.NexiumHowToTreatGerdTest" name="cookieButton" time="5.622"/>
  <system-out/>
  <testcase classname="com.qa.nexium.us.test.NexiumHowToTreatGerdTest" name="verifyBreadcrumbOne" time="10.139"/>
  <system-out/>
  <testcase classname="com.qa.nexium.us.test.NexiumHowToTreatGerdTest" name="verifyBreadcrumbTwo" time="16.269"/>
  <system-out/>
  <testcase classname="com.qa.nexium.us.test.NexiumHowToTreatGerdTest" name="verifyBreadcrumbThree" time="3.250"/>
  <system-out/>
  <testcase classname="com.qa.nexium.us.test.NexiumHowToTreatGerdTest" name="verifyHyperLinkNexium24Hr" time="9.401"/>
  <system-out/>
  <testcase classname="com.qa.nexium.us.test.NexiumHowToTreatGerdTest" name="verifyHyperLinkFrequentHeartburn" time="8.889"/>
  <system-out/>
  <testcase classname="com.qa.nexium.us.test.NexiumHowToTreatGerdTest" name="verifyHyperLinkSpicyFood" time="9.339"/>
  <system-out/>
  <testcase classname="com.qa.nexium.us.test.NexiumHowToTreatGerdTest" name="verifyHyperLinkMoreArticles" time="10.342"/>
  <system-out/>
</testsuite> <!-- com.qa.nexium.us.test.NexiumHowToTreatGerdTest -->
