<?xml version="1.0" encoding="UTF-8"?>
<!-- Generated by org.testng.reporters.JUnitReportReporter -->
<testsuite hostname="WKWZTPqvmdckJHX" failures="0" tests="6" name="com.qa.caltrate.fr.test.CaltrateFRSelectTest" time="22.988" errors="0" timestamp="2023-02-10T12:01:51 IST" skipped="0">
  <testcase classname="com.qa.caltrate.fr.test.CaltrateFRSelectTest" name="verifyBreadcrumbOne" time="4.408"/>
  <system-out/>
  <testcase classname="com.qa.caltrate.fr.test.CaltrateFRSelectTest" name="verifyBreadcrumbTwo" time="3.100"/>
  <system-out/>
  <testcase classname="com.qa.caltrate.fr.test.CaltrateFRSelectTest" name="verifyBreadcrumbThree" time="1.550"/>
  <system-out/>
  <testcase classname="com.qa.caltrate.fr.test.CaltrateFRSelectTest" name="verifyAcheter" time="7.790"/>
  <system-out/>
  <testcase classname="com.qa.caltrate.fr.test.CaltrateFRSelectTest" name="verifycoupon" time="3.092"/>
  <system-out/>
  <testcase classname="com.qa.caltrate.fr.test.CaltrateFRSelectTest" name="verifyProduits" time="3.048"/>
  <system-out/>
</testsuite> <!-- com.qa.caltrate.fr.test.CaltrateFRSelectTest -->
