<?xml version="1.0" encoding="UTF-8"?>
<!-- Generated by org.testng.reporters.JUnitReportReporter -->
<testsuite hostname="WKWZTPqvmdckJHX" failures="1" tests="55" name="com.qa.drbest.ge.test.drbestHeaderTest" time="765.554" errors="1" timestamp="2023-04-10T02:26:06 IST" skipped="5">
  <testcase classname="com.qa.drbest.ge.test.drbestHeaderTest" name="verifydrbestcookiePopupLink" time="47.063"/>
  <system-out/>
  <testcase classname="com.qa.drbest.ge.test.drbestHeaderTest" name="verifydrbestLogoLink" time="12.900"/>
  <system-out/>
  <testcase classname="com.qa.drbest.ge.test.drbestHeaderTest" name="verifyVibrationmultiexpertLink" time="13.165"/>
  <system-out/>
  <testcase classname="com.qa.drbest.ge.test.drbestHeaderTest" name="verifyVibrationpolimedLink" time="18.165"/>
  <system-out/>
  <testcase classname="com.qa.drbest.ge.test.drbestHeaderTest" name="verifyVibrationAtemfrischLink" time="12.512"/>
  <system-out/>
  <testcase classname="com.qa.drbest.ge.test.drbestHeaderTest" name="verifyErsteZahneLink" time="15.071"/>
  <system-out/>
  <testcase classname="com.qa.drbest.ge.test.drbestHeaderTest" name="verifyMilchzahnLink" time="11.570"/>
  <system-out/>
  <testcase classname="com.qa.drbest.ge.test.drbestHeaderTest" name="verifyPawpatrolLink" time="10.170"/>
  <system-out/>
  <testcase classname="com.qa.drbest.ge.test.drbestHeaderTest" name="verifyJuniorjahnLink" time="12.364"/>
  <system-out/>
  <testcase classname="com.qa.drbest.ge.test.drbestHeaderTest" name="verifyCoolkidsLink" time="12.434"/>
  <system-out/>
  <testcase classname="com.qa.drbest.ge.test.drbestHeaderTest" name="verifyVibrationJuniorzahnLink" time="17.099"/>
  <system-out/>
  <testcase classname="com.qa.drbest.ge.test.drbestHeaderTest" name="verifyBambusInterdentkidsLink" time="13.762"/>
  <system-out/>
  <testcase classname="com.qa.drbest.ge.test.drbestHeaderTest" name="verifyGreensensitiveLink" time="12.599"/>
  <system-out/>
  <testcase classname="com.qa.drbest.ge.test.drbestHeaderTest" name="verifylimitededitionsLink" time="7.095">
    <skipped/>
  </testcase> <!-- verifylimitededitionsLink -->
  <system-out/>
  <testcase classname="com.qa.drbest.ge.test.drbestHeaderTest" name="verifylimitededitionsLink" time="12.014">
    <skipped/>
  </testcase> <!-- verifylimitededitionsLink -->
  <system-out/>
  <testcase classname="com.qa.drbest.ge.test.drbestHeaderTest" name="verifylimitededitionsLink" time="9.467">
    <failure message="expected [https://gsk-aktion.de/drbest-limitededition/] but found [https://promotion-gsk-aktion-de.preprod-cf65.ch.adobecqms.net/drbest-limitededition/]" type="java.lang.AssertionError">
      <![CDATA[java.lang.AssertionError: expected [https://gsk-aktion.de/drbest-limitededition/] but found [https://promotion-gsk-aktion-de.preprod-cf65.ch.adobecqms.net/drbest-limitededition/]
at org.testng.Assert.fail(Assert.java:99)
at org.testng.Assert.failNotEquals(Assert.java:1037)
at org.testng.Assert.assertEqualsImpl(Assert.java:140)
at org.testng.Assert.assertEquals(Assert.java:122)
at org.testng.Assert.assertEquals(Assert.java:629)
at org.testng.Assert.assertEquals(Assert.java:639)
at com.qa.baseClass.BaseClass.compareTwoText(BaseClass.java:814)
at com.qa.drbest.ge.test.drbestHeaderTest.verifylimitededitionsLink(drbestHeaderTest.java:192)
at java.base/jdk.internal.reflect.DirectMethodHandleAccessor.invoke(DirectMethodHandleAccessor.java:104)
at java.base/java.lang.reflect.Method.invoke(Method.java:577)
at org.testng.internal.MethodInvocationHelper.invokeMethod(MethodInvocationHelper.java:133)
at org.testng.internal.TestInvoker.invokeMethod(TestInvoker.java:598)
at org.testng.internal.TestInvoker.retryFailed(TestInvoker.java:213)
at org.testng.internal.MethodRunner.runInSequence(MethodRunner.java:58)
at org.testng.internal.TestInvoker$MethodInvocationAgent.invoke(TestInvoker.java:824)
at org.testng.internal.TestInvoker.invokeTestMethods(TestInvoker.java:146)
at org.testng.internal.TestMethodWorker.invokeTestMethods(TestMethodWorker.java:146)
at org.testng.internal.TestMethodWorker.run(TestMethodWorker.java:128)
at java.base/java.util.ArrayList.forEach(ArrayList.java:1511)
at org.testng.TestRunner.privateRun(TestRunner.java:794)
at org.testng.TestRunner.run(TestRunner.java:596)
at org.testng.SuiteRunner.runTest(SuiteRunner.java:377)
at org.testng.SuiteRunner.runSequentially(SuiteRunner.java:371)
at org.testng.SuiteRunner.privateRun(SuiteRunner.java:332)
at org.testng.SuiteRunner.run(SuiteRunner.java:276)
at org.testng.SuiteRunnerWorker.runSuite(SuiteRunnerWorker.java:53)
at org.testng.SuiteRunnerWorker.run(SuiteRunnerWorker.java:96)
at org.testng.TestNG.runSuitesSequentially(TestNG.java:1212)
at org.testng.TestNG.runSuitesLocally(TestNG.java:1134)
at org.testng.TestNG.runSuites(TestNG.java:1063)
at org.testng.TestNG.run(TestNG.java:1031)
at org.testng.remote.AbstractRemoteTestNG.run(AbstractRemoteTestNG.java:115)
at org.testng.remote.RemoteTestNG.initAndRun(RemoteTestNG.java:251)
at org.testng.remote.RemoteTestNG.main(RemoteTestNG.java:77)
]]>
    </failure>
  </testcase> <!-- verifylimitededitionsLink -->
  <system-out/>
  <testcase classname="com.qa.drbest.ge.test.drbestHeaderTest" name="verifySummereditionsLink" time="10.905">
    <skipped/>
  </testcase> <!-- verifySummereditionsLink -->
  <system-out/>
  <testcase classname="com.qa.drbest.ge.test.drbestHeaderTest" name="verifySummereditionsLink" time="10.581"/>
  <system-out/>
  <testcase classname="com.qa.drbest.ge.test.drbestHeaderTest" name="verifyBienenEditionsLink" time="25.232">
    <skipped/>
  </testcase> <!-- verifyBienenEditionsLink -->
  <system-out/>
  <testcase classname="com.qa.drbest.ge.test.drbestHeaderTest" name="verifyBienenEditionsLink" time="25.469">
    <error message="bieneneditions are not Present on page" type="java.lang.Exception">
      <![CDATA[java.lang.Exception: bieneneditions are not Present on page
at com.qa.drbest.ge.pages.drbestHeaderPage.clickonbieneeditions(drbestHeaderPage.java:371)
at com.qa.drbest.ge.test.drbestHeaderTest.verifyBienenEditionsLink(drbestHeaderTest.java:211)
at java.base/jdk.internal.reflect.DirectMethodHandleAccessor.invoke(DirectMethodHandleAccessor.java:104)
at java.base/java.lang.reflect.Method.invoke(Method.java:577)
at org.testng.internal.MethodInvocationHelper.invokeMethod(MethodInvocationHelper.java:133)
at org.testng.internal.TestInvoker.invokeMethod(TestInvoker.java:598)
at org.testng.internal.TestInvoker.retryFailed(TestInvoker.java:213)
at org.testng.internal.MethodRunner.runInSequence(MethodRunner.java:58)
at org.testng.internal.TestInvoker$MethodInvocationAgent.invoke(TestInvoker.java:824)
at org.testng.internal.TestInvoker.invokeTestMethods(TestInvoker.java:146)
at org.testng.internal.TestMethodWorker.invokeTestMethods(TestMethodWorker.java:146)
at org.testng.internal.TestMethodWorker.run(TestMethodWorker.java:128)
at java.base/java.util.ArrayList.forEach(ArrayList.java:1511)
at org.testng.TestRunner.privateRun(TestRunner.java:794)
at org.testng.TestRunner.run(TestRunner.java:596)
at org.testng.SuiteRunner.runTest(SuiteRunner.java:377)
at org.testng.SuiteRunner.runSequentially(SuiteRunner.java:371)
at org.testng.SuiteRunner.privateRun(SuiteRunner.java:332)
at org.testng.SuiteRunner.run(SuiteRunner.java:276)
at org.testng.SuiteRunnerWorker.runSuite(SuiteRunnerWorker.java:53)
at org.testng.SuiteRunnerWorker.run(SuiteRunnerWorker.java:96)
at org.testng.TestNG.runSuitesSequentially(TestNG.java:1212)
at org.testng.TestNG.runSuitesLocally(TestNG.java:1134)
at org.testng.TestNG.runSuites(TestNG.java:1063)
at org.testng.TestNG.run(TestNG.java:1031)
at org.testng.remote.AbstractRemoteTestNG.run(AbstractRemoteTestNG.java:115)
at org.testng.remote.RemoteTestNG.initAndRun(RemoteTestNG.java:251)
at org.testng.remote.RemoteTestNG.main(RemoteTestNG.java:77)
]]>
    </error>
  </testcase> <!-- verifyBienenEditionsLink -->
  <system-out/>
  <testcase classname="com.qa.drbest.ge.test.drbestHeaderTest" name="verifyBienenEditionsLink" time="25.979">
    <skipped/>
  </testcase> <!-- verifyBienenEditionsLink -->
  <system-out/>
  <testcase classname="com.qa.drbest.ge.test.drbestHeaderTest" name="verifyBambusInterdentLink" time="14.163"/>
  <system-out/>
  <testcase classname="com.qa.drbest.ge.test.drbestHeaderTest" name="verifybambusInterdentkidsLink" time="11.298"/>
  <system-out/>
  <testcase classname="com.qa.drbest.ge.test.drbestHeaderTest" name="verifygreencleanLink" time="12.372"/>
  <system-out/>
  <testcase classname="com.qa.drbest.ge.test.drbestHeaderTest" name="verifyInterdentalBurstenLink" time="11.537"/>
  <system-out/>
  <testcase classname="com.qa.drbest.ge.test.drbestHeaderTest" name="verifypolimedLink" time="11.242"/>
  <system-out/>
  <testcase classname="com.qa.drbest.ge.test.drbestHeaderTest" name="verifypolimedkurzkopfLink" time="10.073"/>
  <system-out/>
  <testcase classname="com.qa.drbest.ge.test.drbestHeaderTest" name="verifyAtemfrischLink" time="11.523"/>
  <system-out/>
  <testcase classname="com.qa.drbest.ge.test.drbestHeaderTest" name="verifyNaturlichLink" time="20.186"/>
  <system-out/>
  <testcase classname="com.qa.drbest.ge.test.drbestHeaderTest" name="verifyzwischenzahnLink" time="15.533"/>
  <system-out/>
  <testcase classname="com.qa.drbest.ge.test.drbestHeaderTest" name="verifyzwischenzahn1Link" time="12.078"/>
  <system-out/>
  <testcase classname="com.qa.drbest.ge.test.drbestHeaderTest" name="verifyinterdentaktivLink" time="11.720"/>
  <system-out/>
  <testcase classname="com.qa.drbest.ge.test.drbestHeaderTest" name="verifyhochthiefLink" time="12.194"/>
  <system-out/>
  <testcase classname="com.qa.drbest.ge.test.drbestHeaderTest" name="verifyschwingkopfLink" time="10.549"/>
  <system-out/>
  <testcase classname="com.qa.drbest.ge.test.drbestHeaderTest" name="verifyoriginalLink" time="10.775"/>
  <system-out/>
  <testcase classname="com.qa.drbest.ge.test.drbestHeaderTest" name="verifyBetatungLink" time="10.851"/>
  <system-out/>
  <testcase classname="com.qa.drbest.ge.test.drbestHeaderTest" name="verifyEmpfindlicheLink" time="21.326"/>
  <system-out/>
  <testcase classname="com.qa.drbest.ge.test.drbestHeaderTest" name="verifyErnährungundZähneLink" time="12.281"/>
  <system-out/>
  <testcase classname="com.qa.drbest.ge.test.drbestHeaderTest" name="verifykinderzahentwicklungLink" time="13.838"/>
  <system-out/>
  <testcase classname="com.qa.drbest.ge.test.drbestHeaderTest" name="verifyMundgeruchLink" time="13.883"/>
  <system-out/>
  <testcase classname="com.qa.drbest.ge.test.drbestHeaderTest" name="verifyParodontitisLink" time="10.935"/>
  <system-out/>
  <testcase classname="com.qa.drbest.ge.test.drbestHeaderTest" name="verifySchutzvorkariesLink" time="13.547"/>
  <system-out/>
  <testcase classname="com.qa.drbest.ge.test.drbestHeaderTest" name="verifyWeisserenezahneLink" time="12.230"/>
  <system-out/>
  <testcase classname="com.qa.drbest.ge.test.drbestHeaderTest" name="verifyZahnpflegebeiLink" time="11.043"/>
  <system-out/>
  <testcase classname="com.qa.drbest.ge.test.drbestHeaderTest" name="verifyZahnpflegebeizahnersatzLink" time="10.943"/>
  <system-out/>
  <testcase classname="com.qa.drbest.ge.test.drbestHeaderTest" name="verifyHilfsmitteLink" time="14.572"/>
  <system-out/>
  <testcase classname="com.qa.drbest.ge.test.drbestHeaderTest" name="verifyZahnputztechnikLink" time="13.072"/>
  <system-out/>
  <testcase classname="com.qa.drbest.ge.test.drbestHeaderTest" name="verifyZahnputztechnikKindeLink" time="11.982"/>
  <system-out/>
  <testcase classname="com.qa.drbest.ge.test.drbestHeaderTest" name="verifyNachhaltigkeitLink" time="13.073"/>
  <system-out/>
  <testcase classname="com.qa.drbest.ge.test.drbestHeaderTest" name="verifyBambusLink" time="12.858"/>
  <system-out/>
  <testcase classname="com.qa.drbest.ge.test.drbestHeaderTest" name="verifyBiokunststoffLink" time="10.851"/>
  <system-out/>
  <testcase classname="com.qa.drbest.ge.test.drbestHeaderTest" name="verifyUmweltfreundlicheVerpackungLink" time="10.666"/>
  <system-out/>
  <testcase classname="com.qa.drbest.ge.test.drbestHeaderTest" name="verifyKlimaschutzprojektLink" time="10.910"/>
  <system-out/>
  <testcase classname="com.qa.drbest.ge.test.drbestHeaderTest" name="verifySearchIconLink" time="16.082"/>
  <system-out/>
  <testcase classname="com.qa.drbest.ge.test.drbestHeaderTest" name="verifyBESTForschungLink" time="9.752"/>
  <system-out/>
</testsuite> <!-- com.qa.drbest.ge.test.drbestHeaderTest -->
