<?xml version="1.0" encoding="UTF-8"?>
<!-- Generated by org.testng.reporters.JUnitReportReporter -->
<testsuite hostname="WKWZTPqvmdckJHX" failures="0" tests="15" name="com.qa.caltrate.eng.test.CaltrateKaleChipsTest" time="122.827" errors="0" timestamp="2023-05-01T22:31:50 IST" skipped="0">
  <testcase classname="com.qa.caltrate.eng.test.CaltrateKaleChipsTest" name="cookieButton" time="43.419"/>
  <system-out/>
  <testcase classname="com.qa.caltrate.eng.test.CaltrateKaleChipsTest" name="verifyHomeIcon" time="5.672"/>
  <system-out/>
  <testcase classname="com.qa.caltrate.eng.test.CaltrateKaleChipsTest" name="verifyBread_BoneHealthCentral" time="5.353"/>
  <system-out/>
  <testcase classname="com.qa.caltrate.eng.test.CaltrateKaleChipsTest" name="verifyBread_Recipes" time="6.219"/>
  <system-out/>
  <testcase classname="com.qa.caltrate.eng.test.CaltrateKaleChipsTest" name="verifyCalciumAndCalciumCarbonateLink" time="7.154"/>
  <system-out/>
  <testcase classname="com.qa.caltrate.eng.test.CaltrateKaleChipsTest" name="verifyReadArticle" time="5.174"/>
  <system-out/>
  <testcase classname="com.qa.caltrate.eng.test.CaltrateKaleChipsTest" name="verifyCALTRATEGUMMYBITES" time="2.600"/>
  <system-out/>
  <testcase classname="com.qa.caltrate.eng.test.CaltrateKaleChipsTest" name="verifyAllArticles" time="7.350"/>
  <system-out/>
  <testcase classname="com.qa.caltrate.eng.test.CaltrateKaleChipsTest" name="verifyAllRecipes" time="4.747"/>
  <system-out/>
  <testcase classname="com.qa.caltrate.eng.test.CaltrateKaleChipsTest" name="verifyAllHealthTips" time="4.431"/>
  <system-out/>
  <testcase classname="com.qa.caltrate.eng.test.CaltrateKaleChipsTest" name="verifyAllInteractiveTools" time="5.267"/>
  <system-out/>
  <testcase classname="com.qa.caltrate.eng.test.CaltrateKaleChipsTest" name="verifyCalciumAndCalciumCarbonate" time="5.304"/>
  <system-out/>
  <testcase classname="com.qa.caltrate.eng.test.CaltrateKaleChipsTest" name="verifyVitaminD" time="4.630"/>
  <system-out/>
  <testcase classname="com.qa.caltrate.eng.test.CaltrateKaleChipsTest" name="verifyOsteoporosis" time="10.454"/>
  <system-out/>
  <testcase classname="com.qa.caltrate.eng.test.CaltrateKaleChipsTest" name="verifyCalciumSupplements" time="5.053"/>
  <system-out/>
</testsuite> <!-- com.qa.caltrate.eng.test.CaltrateKaleChipsTest -->
