<?xml version="1.0" encoding="UTF-8"?>
<!-- Generated by org.testng.reporters.JUnitReportReporter -->
<testsuite hostname="WKWZTPqvmdckJHX" failures="0" tests="6" name="com.qa.sensodyne.us.test.SensodyneCrownToothPainTest" time="136.186" errors="0" timestamp="2023-01-24T17:23:22 IST" skipped="0">
  <testcase classname="com.qa.sensodyne.us.test.SensodyneCrownToothPainTest" name="cookieButton" time="7.800"/>
  <system-out/>
  <testcase classname="com.qa.sensodyne.us.test.SensodyneCrownToothPainTest" name="verifyRelatedArticleOne" time="34.900"/>
  <system-out/>
  <testcase classname="com.qa.sensodyne.us.test.SensodyneCrownToothPainTest" name="verifyRelatedArticleTwo" time="22.496"/>
  <system-out/>
  <testcase classname="com.qa.sensodyne.us.test.SensodyneCrownToothPainTest" name="verifyRelatedArticleThree" time="15.252"/>
  <system-out/>
  <testcase classname="com.qa.sensodyne.us.test.SensodyneCrownToothPainTest" name="verifyRelatedArticleFour" time="30.947"/>
  <system-out/>
  <testcase classname="com.qa.sensodyne.us.test.SensodyneCrownToothPainTest" name="verifyBreadCrumb" time="24.791"/>
  <system-out/>
</testsuite> <!-- com.qa.sensodyne.us.test.SensodyneCrownToothPainTest -->
