<?xml version="1.0" encoding="UTF-8"?>
<!-- Generated by org.testng.reporters.JUnitReportReporter -->
<testsuite hostname="WKWZTPqvmdckJHX" failures="0" tests="8" name="com.qa.caltrate.eng.test.CaltrateWhychoosecaltrateTest" time="49.625" errors="0" timestamp="2023-02-09T13:02:42 IST" skipped="0">
  <testcase classname="com.qa.caltrate.eng.test.CaltrateWhychoosecaltrateTest" name="verifyCookieLink" time="4.799"/>
  <system-out/>
  <testcase classname="com.qa.caltrate.eng.test.CaltrateWhychoosecaltrateTest" name="verifyhomebreadcrumbsLink" time="2.981"/>
  <system-out/>
  <testcase classname="com.qa.caltrate.eng.test.CaltrateWhychoosecaltrateTest" name="verifyProductsbreadcrumbsLink" time="2.958"/>
  <system-out/>
  <testcase classname="com.qa.caltrate.eng.test.CaltrateWhychoosecaltrateTest" name="verifywhychoosecaltratebreadcrumbsLink" time="10.540"/>
  <system-out/>
  <testcase classname="com.qa.caltrate.eng.test.CaltrateWhychoosecaltrateTest" name="verifygetcouponsLink" time="5.691"/>
  <system-out/>
  <testcase classname="com.qa.caltrate.eng.test.CaltrateWhychoosecaltrateTest" name="verifygetcouponslastLink" time="6.130"/>
  <system-out/>
  <testcase classname="com.qa.caltrate.eng.test.CaltrateWhychoosecaltrateTest" name="verifyWheretoBuyLink" time="8.864"/>
  <system-out/>
  <testcase classname="com.qa.caltrate.eng.test.CaltrateWhychoosecaltrateTest" name="verifyWheretoBuylastLink" time="7.662"/>
  <system-out/>
</testsuite> <!-- com.qa.caltrate.eng.test.CaltrateWhychoosecaltrateTest -->
