<?xml version="1.0" encoding="UTF-8"?>
<!-- Generated by org.testng.reporters.JUnitReportReporter -->
<testsuite hostname="WKWZTPqvmdckJHX" failures="0" tests="23" name="com.qa.caltrate.eng.test.CaltrateVitaminDsupportingBoneTest" time="142.357" errors="0" timestamp="2023-02-09T13:02:41 IST" skipped="0">
  <testcase classname="com.qa.caltrate.eng.test.CaltrateVitaminDsupportingBoneTest" name="verifyCookieLink" time="5.419"/>
  <system-out/>
  <testcase classname="com.qa.caltrate.eng.test.CaltrateVitaminDsupportingBoneTest" name="verifyhomebreadcrumbsLink" time="13.983"/>
  <system-out/>
  <testcase classname="com.qa.caltrate.eng.test.CaltrateVitaminDsupportingBoneTest" name="verifyBonehealthcentralbreadcrumbsLink" time="5.489"/>
  <system-out/>
  <testcase classname="com.qa.caltrate.eng.test.CaltrateVitaminDsupportingBoneTest" name="verifyArticlesbreadcrumbsLink" time="5.028"/>
  <system-out/>
  <testcase classname="com.qa.caltrate.eng.test.CaltrateVitaminDsupportingBoneTest" name="verifyCalciumVitaminDbreadcrumbsLink" time="2.937"/>
  <system-out/>
  <testcase classname="com.qa.caltrate.eng.test.CaltrateVitaminDsupportingBoneTest" name="verifyCalciumcarbonateTagLink" time="6.085"/>
  <system-out/>
  <testcase classname="com.qa.caltrate.eng.test.CaltrateVitaminDsupportingBoneTest" name="verifyVitaminDTagLink" time="5.474"/>
  <system-out/>
  <testcase classname="com.qa.caltrate.eng.test.CaltrateVitaminDsupportingBoneTest" name="verifyOsteoporosisTagLink" time="5.164"/>
  <system-out/>
  <testcase classname="com.qa.caltrate.eng.test.CaltrateVitaminDsupportingBoneTest" name="verifyArticlesTagLink" time="7.099"/>
  <system-out/>
  <testcase classname="com.qa.caltrate.eng.test.CaltrateVitaminDsupportingBoneTest" name="verifyVitaminDLink" time="6.299"/>
  <system-out/>
  <testcase classname="com.qa.caltrate.eng.test.CaltrateVitaminDsupportingBoneTest" name="verifySurgeonReportLink" time="5.704"/>
  <system-out/>
  <testcase classname="com.qa.caltrate.eng.test.CaltrateVitaminDsupportingBoneTest" name="verifyCalciumAbsorptionLink" time="7.638"/>
  <system-out/>
  <testcase classname="com.qa.caltrate.eng.test.CaltrateVitaminDsupportingBoneTest" name="verifyMaximizeCalciumAbsorptionLink" time="5.400"/>
  <system-out/>
  <testcase classname="com.qa.caltrate.eng.test.CaltrateVitaminDsupportingBoneTest" name="verifyLearnMoreLink" time="8.426"/>
  <system-out/>
  <testcase classname="com.qa.caltrate.eng.test.CaltrateVitaminDsupportingBoneTest" name="verifyCaltratesoftchewsLink" time="5.600"/>
  <system-out/>
  <testcase classname="com.qa.caltrate.eng.test.CaltrateVitaminDsupportingBoneTest" name="verifyAllArticlesLink" time="5.877"/>
  <system-out/>
  <testcase classname="com.qa.caltrate.eng.test.CaltrateVitaminDsupportingBoneTest" name="verifyAllRecipesLink" time="5.040"/>
  <system-out/>
  <testcase classname="com.qa.caltrate.eng.test.CaltrateVitaminDsupportingBoneTest" name="verifyAllHealthTipsLink" time="5.361"/>
  <system-out/>
  <testcase classname="com.qa.caltrate.eng.test.CaltrateVitaminDsupportingBoneTest" name="verifyAllInteractivetoolsLink" time="5.260"/>
  <system-out/>
  <testcase classname="com.qa.caltrate.eng.test.CaltrateVitaminDsupportingBoneTest" name="verifyCalciumCarbonateViewLink" time="6.629"/>
  <system-out/>
  <testcase classname="com.qa.caltrate.eng.test.CaltrateVitaminDsupportingBoneTest" name="verifyVitaminDViewLink" time="6.282"/>
  <system-out/>
  <testcase classname="com.qa.caltrate.eng.test.CaltrateVitaminDsupportingBoneTest" name="verifyOestoporosisViewLink" time="5.441"/>
  <system-out/>
  <testcase classname="com.qa.caltrate.eng.test.CaltrateVitaminDsupportingBoneTest" name="verifycalciumSupplementsViewLink" time="6.722"/>
  <system-out/>
</testsuite> <!-- com.qa.caltrate.eng.test.CaltrateVitaminDsupportingBoneTest -->
