<?xml version="1.0" encoding="UTF-8"?>
<!-- Generated by org.testng.reporters.JUnitReportReporter -->
<testsuite hostname="WKWZTPqvmdckJHX" failures="0" tests="1" name="com.qa.theraflu.test.TherafluSurviveFluWithKidsTest" time="31.292" errors="0" timestamp="2023-09-14T10:16:53 IST" skipped="0">
  <testcase classname="com.qa.theraflu.test.TherafluSurviveFluWithKidsTest" name="cookieButton" time="31.292"/>
  <system-out/>
</testsuite> <!-- com.qa.theraflu.test.TherafluSurviveFluWithKidsTest -->
