<?xml version="1.0" encoding="UTF-8"?>
<!-- Generated by org.testng.reporters.JUnitReportReporter -->
<testsuite hostname="WKWZTPqvmdckJHX" failures="0" tests="285" name="com.qa.bens.checklist.test.SensodyneRedirectionTest" time="2119.146" errors="0" timestamp="2023-12-07T16:20:03 IST" skipped="0">
  <testcase classname="com.qa.bens.checklist.test.SensodyneRedirectionTest" name="verify_Redirection_URL" time="7.375"/>
  <system-out/>
  <testcase classname="com.qa.bens.checklist.test.SensodyneRedirectionTest" name="verify_Redirection_URL" time="7.252"/>
  <system-out/>
  <testcase classname="com.qa.bens.checklist.test.SensodyneRedirectionTest" name="verify_Redirection_URL" time="7.070"/>
  <system-out/>
  <testcase classname="com.qa.bens.checklist.test.SensodyneRedirectionTest" name="verify_Redirection_URL" time="7.588"/>
  <system-out/>
  <testcase classname="com.qa.bens.checklist.test.SensodyneRedirectionTest" name="verify_Redirection_URL" time="6.727"/>
  <system-out/>
  <testcase classname="com.qa.bens.checklist.test.SensodyneRedirectionTest" name="verify_Redirection_URL" time="7.500"/>
  <system-out/>
  <testcase classname="com.qa.bens.checklist.test.SensodyneRedirectionTest" name="verify_Redirection_URL" time="7.314"/>
  <system-out/>
  <testcase classname="com.qa.bens.checklist.test.SensodyneRedirectionTest" name="verify_Redirection_URL" time="7.806"/>
  <system-out/>
  <testcase classname="com.qa.bens.checklist.test.SensodyneRedirectionTest" name="verify_Redirection_URL" time="7.325"/>
  <system-out/>
  <testcase classname="com.qa.bens.checklist.test.SensodyneRedirectionTest" name="verify_Redirection_URL" time="7.504"/>
  <system-out/>
  <testcase classname="com.qa.bens.checklist.test.SensodyneRedirectionTest" name="verify_Redirection_URL" time="7.881"/>
  <system-out/>
  <testcase classname="com.qa.bens.checklist.test.SensodyneRedirectionTest" name="verify_Redirection_URL" time="7.027"/>
  <system-out/>
  <testcase classname="com.qa.bens.checklist.test.SensodyneRedirectionTest" name="verify_Redirection_URL" time="8.157"/>
  <system-out/>
  <testcase classname="com.qa.bens.checklist.test.SensodyneRedirectionTest" name="verify_Redirection_URL" time="7.375"/>
  <system-out/>
  <testcase classname="com.qa.bens.checklist.test.SensodyneRedirectionTest" name="verify_Redirection_URL" time="9.077"/>
  <system-out/>
  <testcase classname="com.qa.bens.checklist.test.SensodyneRedirectionTest" name="verify_Redirection_URL" time="7.241"/>
  <system-out/>
  <testcase classname="com.qa.bens.checklist.test.SensodyneRedirectionTest" name="verify_Redirection_URL" time="7.305"/>
  <system-out/>
  <testcase classname="com.qa.bens.checklist.test.SensodyneRedirectionTest" name="verify_Redirection_URL" time="7.213"/>
  <system-out/>
  <testcase classname="com.qa.bens.checklist.test.SensodyneRedirectionTest" name="verify_Redirection_URL" time="7.126"/>
  <system-out/>
  <testcase classname="com.qa.bens.checklist.test.SensodyneRedirectionTest" name="verify_Redirection_URL" time="7.166"/>
  <system-out/>
  <testcase classname="com.qa.bens.checklist.test.SensodyneRedirectionTest" name="verify_Redirection_URL" time="7.766"/>
  <system-out/>
  <testcase classname="com.qa.bens.checklist.test.SensodyneRedirectionTest" name="verify_Redirection_URL" time="7.327"/>
  <system-out/>
  <testcase classname="com.qa.bens.checklist.test.SensodyneRedirectionTest" name="verify_Redirection_URL" time="7.913"/>
  <system-out/>
  <testcase classname="com.qa.bens.checklist.test.SensodyneRedirectionTest" name="verify_Redirection_URL" time="7.112"/>
  <system-out/>
  <testcase classname="com.qa.bens.checklist.test.SensodyneRedirectionTest" name="verify_Redirection_URL" time="8.426"/>
  <system-out/>
  <testcase classname="com.qa.bens.checklist.test.SensodyneRedirectionTest" name="verify_Redirection_URL" time="6.732"/>
  <system-out/>
  <testcase classname="com.qa.bens.checklist.test.SensodyneRedirectionTest" name="verify_Redirection_URL" time="7.507"/>
  <system-out/>
  <testcase classname="com.qa.bens.checklist.test.SensodyneRedirectionTest" name="verify_Redirection_URL" time="7.379"/>
  <system-out/>
  <testcase classname="com.qa.bens.checklist.test.SensodyneRedirectionTest" name="verify_Redirection_URL" time="7.837"/>
  <system-out/>
  <testcase classname="com.qa.bens.checklist.test.SensodyneRedirectionTest" name="verify_Redirection_URL" time="7.668"/>
  <system-out/>
  <testcase classname="com.qa.bens.checklist.test.SensodyneRedirectionTest" name="verify_Redirection_URL" time="7.111"/>
  <system-out/>
  <testcase classname="com.qa.bens.checklist.test.SensodyneRedirectionTest" name="verify_Redirection_URL" time="7.178"/>
  <system-out/>
  <testcase classname="com.qa.bens.checklist.test.SensodyneRedirectionTest" name="verify_Redirection_URL" time="6.985"/>
  <system-out/>
  <testcase classname="com.qa.bens.checklist.test.SensodyneRedirectionTest" name="verify_Redirection_URL" time="7.040"/>
  <system-out/>
  <testcase classname="com.qa.bens.checklist.test.SensodyneRedirectionTest" name="verify_Redirection_URL" time="7.066"/>
  <system-out/>
  <testcase classname="com.qa.bens.checklist.test.SensodyneRedirectionTest" name="verify_Redirection_URL" time="9.049"/>
  <system-out/>
  <testcase classname="com.qa.bens.checklist.test.SensodyneRedirectionTest" name="verify_Redirection_URL" time="8.409"/>
  <system-out/>
  <testcase classname="com.qa.bens.checklist.test.SensodyneRedirectionTest" name="verify_Redirection_URL" time="7.070"/>
  <system-out/>
  <testcase classname="com.qa.bens.checklist.test.SensodyneRedirectionTest" name="verify_Redirection_URL" time="7.160"/>
  <system-out/>
  <testcase classname="com.qa.bens.checklist.test.SensodyneRedirectionTest" name="verify_Redirection_URL" time="7.499"/>
  <system-out/>
  <testcase classname="com.qa.bens.checklist.test.SensodyneRedirectionTest" name="verify_Redirection_URL" time="7.087"/>
  <system-out/>
  <testcase classname="com.qa.bens.checklist.test.SensodyneRedirectionTest" name="verify_Redirection_URL" time="7.602"/>
  <system-out/>
  <testcase classname="com.qa.bens.checklist.test.SensodyneRedirectionTest" name="verify_Redirection_URL" time="7.132"/>
  <system-out/>
  <testcase classname="com.qa.bens.checklist.test.SensodyneRedirectionTest" name="verify_Redirection_URL" time="7.165"/>
  <system-out/>
  <testcase classname="com.qa.bens.checklist.test.SensodyneRedirectionTest" name="verify_Redirection_URL" time="7.546"/>
  <system-out/>
  <testcase classname="com.qa.bens.checklist.test.SensodyneRedirectionTest" name="verify_Redirection_URL" time="7.318"/>
  <system-out/>
  <testcase classname="com.qa.bens.checklist.test.SensodyneRedirectionTest" name="verify_Redirection_URL" time="6.875"/>
  <system-out/>
  <testcase classname="com.qa.bens.checklist.test.SensodyneRedirectionTest" name="verify_Redirection_URL" time="7.282"/>
  <system-out/>
  <testcase classname="com.qa.bens.checklist.test.SensodyneRedirectionTest" name="verify_Redirection_URL" time="7.192"/>
  <system-out/>
  <testcase classname="com.qa.bens.checklist.test.SensodyneRedirectionTest" name="verify_Redirection_URL" time="7.448"/>
  <system-out/>
  <testcase classname="com.qa.bens.checklist.test.SensodyneRedirectionTest" name="verify_Redirection_URL" time="7.628"/>
  <system-out/>
  <testcase classname="com.qa.bens.checklist.test.SensodyneRedirectionTest" name="verify_Redirection_URL" time="7.306"/>
  <system-out/>
  <testcase classname="com.qa.bens.checklist.test.SensodyneRedirectionTest" name="verify_Redirection_URL" time="7.179"/>
  <system-out/>
  <testcase classname="com.qa.bens.checklist.test.SensodyneRedirectionTest" name="verify_Redirection_URL" time="7.330"/>
  <system-out/>
  <testcase classname="com.qa.bens.checklist.test.SensodyneRedirectionTest" name="verify_Redirection_URL" time="7.580"/>
  <system-out/>
  <testcase classname="com.qa.bens.checklist.test.SensodyneRedirectionTest" name="verify_Redirection_URL" time="10.656"/>
  <system-out/>
  <testcase classname="com.qa.bens.checklist.test.SensodyneRedirectionTest" name="verify_Redirection_URL" time="7.366"/>
  <system-out/>
  <testcase classname="com.qa.bens.checklist.test.SensodyneRedirectionTest" name="verify_Redirection_URL" time="6.978"/>
  <system-out/>
  <testcase classname="com.qa.bens.checklist.test.SensodyneRedirectionTest" name="verify_Redirection_URL" time="8.027"/>
  <system-out/>
  <testcase classname="com.qa.bens.checklist.test.SensodyneRedirectionTest" name="verify_Redirection_URL" time="7.543"/>
  <system-out/>
  <testcase classname="com.qa.bens.checklist.test.SensodyneRedirectionTest" name="verify_Redirection_URL" time="7.869"/>
  <system-out/>
  <testcase classname="com.qa.bens.checklist.test.SensodyneRedirectionTest" name="verify_Redirection_URL" time="7.085"/>
  <system-out/>
  <testcase classname="com.qa.bens.checklist.test.SensodyneRedirectionTest" name="verify_Redirection_URL" time="7.055"/>
  <system-out/>
  <testcase classname="com.qa.bens.checklist.test.SensodyneRedirectionTest" name="verify_Redirection_URL" time="7.566"/>
  <system-out/>
  <testcase classname="com.qa.bens.checklist.test.SensodyneRedirectionTest" name="verify_Redirection_URL" time="7.159"/>
  <system-out/>
  <testcase classname="com.qa.bens.checklist.test.SensodyneRedirectionTest" name="verify_Redirection_URL" time="7.043"/>
  <system-out/>
  <testcase classname="com.qa.bens.checklist.test.SensodyneRedirectionTest" name="verify_Redirection_URL" time="7.060"/>
  <system-out/>
  <testcase classname="com.qa.bens.checklist.test.SensodyneRedirectionTest" name="verify_Redirection_URL" time="7.546"/>
  <system-out/>
  <testcase classname="com.qa.bens.checklist.test.SensodyneRedirectionTest" name="verify_Redirection_URL" time="7.109"/>
  <system-out/>
  <testcase classname="com.qa.bens.checklist.test.SensodyneRedirectionTest" name="verify_Redirection_URL" time="7.156"/>
  <system-out/>
  <testcase classname="com.qa.bens.checklist.test.SensodyneRedirectionTest" name="verify_Redirection_URL" time="7.520"/>
  <system-out/>
  <testcase classname="com.qa.bens.checklist.test.SensodyneRedirectionTest" name="verify_Redirection_URL" time="7.283"/>
  <system-out/>
  <testcase classname="com.qa.bens.checklist.test.SensodyneRedirectionTest" name="verify_Redirection_URL" time="6.877"/>
  <system-out/>
  <testcase classname="com.qa.bens.checklist.test.SensodyneRedirectionTest" name="verify_Redirection_URL" time="7.115"/>
  <system-out/>
  <testcase classname="com.qa.bens.checklist.test.SensodyneRedirectionTest" name="verify_Redirection_URL" time="7.503"/>
  <system-out/>
  <testcase classname="com.qa.bens.checklist.test.SensodyneRedirectionTest" name="verify_Redirection_URL" time="7.232"/>
  <system-out/>
  <testcase classname="com.qa.bens.checklist.test.SensodyneRedirectionTest" name="verify_Redirection_URL" time="7.246"/>
  <system-out/>
  <testcase classname="com.qa.bens.checklist.test.SensodyneRedirectionTest" name="verify_Redirection_URL" time="7.059"/>
  <system-out/>
  <testcase classname="com.qa.bens.checklist.test.SensodyneRedirectionTest" name="verify_Redirection_URL" time="7.682"/>
  <system-out/>
  <testcase classname="com.qa.bens.checklist.test.SensodyneRedirectionTest" name="verify_Redirection_URL" time="7.345"/>
  <system-out/>
  <testcase classname="com.qa.bens.checklist.test.SensodyneRedirectionTest" name="verify_Redirection_URL" time="8.039"/>
  <system-out/>
  <testcase classname="com.qa.bens.checklist.test.SensodyneRedirectionTest" name="verify_Redirection_URL" time="7.297"/>
  <system-out/>
  <testcase classname="com.qa.bens.checklist.test.SensodyneRedirectionTest" name="verify_Redirection_URL" time="7.540"/>
  <system-out/>
  <testcase classname="com.qa.bens.checklist.test.SensodyneRedirectionTest" name="verify_Redirection_URL" time="7.174"/>
  <system-out/>
  <testcase classname="com.qa.bens.checklist.test.SensodyneRedirectionTest" name="verify_Redirection_URL" time="7.385"/>
  <system-out/>
  <testcase classname="com.qa.bens.checklist.test.SensodyneRedirectionTest" name="verify_Redirection_URL" time="7.663"/>
  <system-out/>
  <testcase classname="com.qa.bens.checklist.test.SensodyneRedirectionTest" name="verify_Redirection_URL" time="6.850"/>
  <system-out/>
  <testcase classname="com.qa.bens.checklist.test.SensodyneRedirectionTest" name="verify_Redirection_URL" time="7.736"/>
  <system-out/>
  <testcase classname="com.qa.bens.checklist.test.SensodyneRedirectionTest" name="verify_Redirection_URL" time="7.157"/>
  <system-out/>
  <testcase classname="com.qa.bens.checklist.test.SensodyneRedirectionTest" name="verify_Redirection_URL" time="9.498"/>
  <system-out/>
  <testcase classname="com.qa.bens.checklist.test.SensodyneRedirectionTest" name="verify_Redirection_URL" time="7.255"/>
  <system-out/>
  <testcase classname="com.qa.bens.checklist.test.SensodyneRedirectionTest" name="verify_Redirection_URL" time="7.136"/>
  <system-out/>
  <testcase classname="com.qa.bens.checklist.test.SensodyneRedirectionTest" name="verify_Redirection_URL" time="7.513"/>
  <system-out/>
  <testcase classname="com.qa.bens.checklist.test.SensodyneRedirectionTest" name="verify_Redirection_URL" time="7.087"/>
  <system-out/>
  <testcase classname="com.qa.bens.checklist.test.SensodyneRedirectionTest" name="verify_Redirection_URL" time="6.690"/>
  <system-out/>
  <testcase classname="com.qa.bens.checklist.test.SensodyneRedirectionTest" name="verify_Redirection_URL" time="7.127"/>
  <system-out/>
  <testcase classname="com.qa.bens.checklist.test.SensodyneRedirectionTest" name="verify_Redirection_URL" time="7.131"/>
  <system-out/>
  <testcase classname="com.qa.bens.checklist.test.SensodyneRedirectionTest" name="verify_Redirection_URL" time="8.118"/>
  <system-out/>
  <testcase classname="com.qa.bens.checklist.test.SensodyneRedirectionTest" name="verify_Redirection_URL" time="7.778"/>
  <system-out/>
  <testcase classname="com.qa.bens.checklist.test.SensodyneRedirectionTest" name="verify_Redirection_URL" time="7.128"/>
  <system-out/>
  <testcase classname="com.qa.bens.checklist.test.SensodyneRedirectionTest" name="verify_Redirection_URL" time="7.594"/>
  <system-out/>
  <testcase classname="com.qa.bens.checklist.test.SensodyneRedirectionTest" name="verify_Redirection_URL" time="7.147"/>
  <system-out/>
  <testcase classname="com.qa.bens.checklist.test.SensodyneRedirectionTest" name="verify_Redirection_URL" time="8.973"/>
  <system-out/>
  <testcase classname="com.qa.bens.checklist.test.SensodyneRedirectionTest" name="verify_Redirection_URL" time="7.050"/>
  <system-out/>
  <testcase classname="com.qa.bens.checklist.test.SensodyneRedirectionTest" name="verify_Redirection_URL" time="7.378"/>
  <system-out/>
  <testcase classname="com.qa.bens.checklist.test.SensodyneRedirectionTest" name="verify_Redirection_URL" time="7.348"/>
  <system-out/>
  <testcase classname="com.qa.bens.checklist.test.SensodyneRedirectionTest" name="verify_Redirection_URL" time="7.032"/>
  <system-out/>
  <testcase classname="com.qa.bens.checklist.test.SensodyneRedirectionTest" name="verify_Redirection_URL" time="7.025"/>
  <system-out/>
  <testcase classname="com.qa.bens.checklist.test.SensodyneRedirectionTest" name="verify_Redirection_URL" time="8.152"/>
  <system-out/>
  <testcase classname="com.qa.bens.checklist.test.SensodyneRedirectionTest" name="verify_Redirection_URL" time="7.822"/>
  <system-out/>
  <testcase classname="com.qa.bens.checklist.test.SensodyneRedirectionTest" name="verify_Redirection_URL" time="8.571"/>
  <system-out/>
  <testcase classname="com.qa.bens.checklist.test.SensodyneRedirectionTest" name="verify_Redirection_URL" time="7.529"/>
  <system-out/>
  <testcase classname="com.qa.bens.checklist.test.SensodyneRedirectionTest" name="verify_Redirection_URL" time="6.768"/>
  <system-out/>
  <testcase classname="com.qa.bens.checklist.test.SensodyneRedirectionTest" name="verify_Redirection_URL" time="7.311"/>
  <system-out/>
  <testcase classname="com.qa.bens.checklist.test.SensodyneRedirectionTest" name="verify_Redirection_URL" time="8.885"/>
  <system-out/>
  <testcase classname="com.qa.bens.checklist.test.SensodyneRedirectionTest" name="verify_Redirection_URL" time="6.881"/>
  <system-out/>
  <testcase classname="com.qa.bens.checklist.test.SensodyneRedirectionTest" name="verify_Redirection_URL" time="7.289"/>
  <system-out/>
  <testcase classname="com.qa.bens.checklist.test.SensodyneRedirectionTest" name="verify_Redirection_URL" time="7.001"/>
  <system-out/>
  <testcase classname="com.qa.bens.checklist.test.SensodyneRedirectionTest" name="verify_Redirection_URL" time="7.576"/>
  <system-out/>
  <testcase classname="com.qa.bens.checklist.test.SensodyneRedirectionTest" name="verify_Redirection_URL" time="9.449"/>
  <system-out/>
  <testcase classname="com.qa.bens.checklist.test.SensodyneRedirectionTest" name="verify_Redirection_URL" time="7.110"/>
  <system-out/>
  <testcase classname="com.qa.bens.checklist.test.SensodyneRedirectionTest" name="verify_Redirection_URL" time="7.269"/>
  <system-out/>
  <testcase classname="com.qa.bens.checklist.test.SensodyneRedirectionTest" name="verify_Redirection_URL" time="7.342"/>
  <system-out/>
  <testcase classname="com.qa.bens.checklist.test.SensodyneRedirectionTest" name="verify_Redirection_URL" time="7.683"/>
  <system-out/>
  <testcase classname="com.qa.bens.checklist.test.SensodyneRedirectionTest" name="verify_Redirection_URL" time="7.175"/>
  <system-out/>
  <testcase classname="com.qa.bens.checklist.test.SensodyneRedirectionTest" name="verify_Redirection_URL" time="7.182"/>
  <system-out/>
  <testcase classname="com.qa.bens.checklist.test.SensodyneRedirectionTest" name="verify_Redirection_URL" time="7.270"/>
  <system-out/>
  <testcase classname="com.qa.bens.checklist.test.SensodyneRedirectionTest" name="verify_Redirection_URL" time="7.724"/>
  <system-out/>
  <testcase classname="com.qa.bens.checklist.test.SensodyneRedirectionTest" name="verify_Redirection_URL" time="6.351"/>
  <system-out/>
  <testcase classname="com.qa.bens.checklist.test.SensodyneRedirectionTest" name="verify_Redirection_URL" time="7.179"/>
  <system-out/>
  <testcase classname="com.qa.bens.checklist.test.SensodyneRedirectionTest" name="verify_Redirection_URL" time="7.840"/>
  <system-out/>
  <testcase classname="com.qa.bens.checklist.test.SensodyneRedirectionTest" name="verify_Redirection_URL" time="7.170"/>
  <system-out/>
  <testcase classname="com.qa.bens.checklist.test.SensodyneRedirectionTest" name="verify_Redirection_URL" time="7.160"/>
  <system-out/>
  <testcase classname="com.qa.bens.checklist.test.SensodyneRedirectionTest" name="verify_Redirection_URL" time="7.103"/>
  <system-out/>
  <testcase classname="com.qa.bens.checklist.test.SensodyneRedirectionTest" name="verify_Redirection_URL" time="7.470"/>
  <system-out/>
  <testcase classname="com.qa.bens.checklist.test.SensodyneRedirectionTest" name="verify_Redirection_URL" time="7.033"/>
  <system-out/>
  <testcase classname="com.qa.bens.checklist.test.SensodyneRedirectionTest" name="verify_Redirection_URL" time="6.904"/>
  <system-out/>
  <testcase classname="com.qa.bens.checklist.test.SensodyneRedirectionTest" name="verify_Redirection_URL" time="7.746"/>
  <system-out/>
  <testcase classname="com.qa.bens.checklist.test.SensodyneRedirectionTest" name="verify_Redirection_URL" time="7.626"/>
  <system-out/>
  <testcase classname="com.qa.bens.checklist.test.SensodyneRedirectionTest" name="verify_Redirection_URL" time="7.084"/>
  <system-out/>
  <testcase classname="com.qa.bens.checklist.test.SensodyneRedirectionTest" name="verify_Redirection_URL" time="7.194"/>
  <system-out/>
  <testcase classname="com.qa.bens.checklist.test.SensodyneRedirectionTest" name="verify_Redirection_URL" time="7.248"/>
  <system-out/>
  <testcase classname="com.qa.bens.checklist.test.SensodyneRedirectionTest" name="verify_Redirection_URL" time="8.486"/>
  <system-out/>
  <testcase classname="com.qa.bens.checklist.test.SensodyneRedirectionTest" name="verify_Redirection_URL" time="6.632"/>
  <system-out/>
  <testcase classname="com.qa.bens.checklist.test.SensodyneRedirectionTest" name="verify_Redirection_URL" time="8.164"/>
  <system-out/>
  <testcase classname="com.qa.bens.checklist.test.SensodyneRedirectionTest" name="verify_Redirection_URL" time="8.954"/>
  <system-out/>
  <testcase classname="com.qa.bens.checklist.test.SensodyneRedirectionTest" name="verify_Redirection_URL" time="7.075"/>
  <system-out/>
  <testcase classname="com.qa.bens.checklist.test.SensodyneRedirectionTest" name="verify_Redirection_URL" time="7.266"/>
  <system-out/>
  <testcase classname="com.qa.bens.checklist.test.SensodyneRedirectionTest" name="verify_Redirection_URL" time="7.138"/>
  <system-out/>
  <testcase classname="com.qa.bens.checklist.test.SensodyneRedirectionTest" name="verify_Redirection_URL" time="7.045"/>
  <system-out/>
  <testcase classname="com.qa.bens.checklist.test.SensodyneRedirectionTest" name="verify_Redirection_URL" time="7.829"/>
  <system-out/>
  <testcase classname="com.qa.bens.checklist.test.SensodyneRedirectionTest" name="verify_Redirection_URL" time="7.148"/>
  <system-out/>
  <testcase classname="com.qa.bens.checklist.test.SensodyneRedirectionTest" name="verify_Redirection_URL" time="7.096"/>
  <system-out/>
  <testcase classname="com.qa.bens.checklist.test.SensodyneRedirectionTest" name="verify_Redirection_URL" time="8.219"/>
  <system-out/>
  <testcase classname="com.qa.bens.checklist.test.SensodyneRedirectionTest" name="verify_Redirection_URL" time="7.840"/>
  <system-out/>
  <testcase classname="com.qa.bens.checklist.test.SensodyneRedirectionTest" name="verify_Redirection_URL" time="7.299"/>
  <system-out/>
  <testcase classname="com.qa.bens.checklist.test.SensodyneRedirectionTest" name="verify_Redirection_URL" time="7.086"/>
  <system-out/>
  <testcase classname="com.qa.bens.checklist.test.SensodyneRedirectionTest" name="verify_Redirection_URL" time="7.191"/>
  <system-out/>
  <testcase classname="com.qa.bens.checklist.test.SensodyneRedirectionTest" name="verify_Redirection_URL" time="7.229"/>
  <system-out/>
  <testcase classname="com.qa.bens.checklist.test.SensodyneRedirectionTest" name="verify_Redirection_URL" time="7.285"/>
  <system-out/>
  <testcase classname="com.qa.bens.checklist.test.SensodyneRedirectionTest" name="verify_Redirection_URL" time="7.140"/>
  <system-out/>
  <testcase classname="com.qa.bens.checklist.test.SensodyneRedirectionTest" name="verify_Redirection_URL" time="7.161"/>
  <system-out/>
  <testcase classname="com.qa.bens.checklist.test.SensodyneRedirectionTest" name="verify_Redirection_URL" time="7.433"/>
  <system-out/>
  <testcase classname="com.qa.bens.checklist.test.SensodyneRedirectionTest" name="verify_Redirection_URL" time="8.810"/>
  <system-out/>
  <testcase classname="com.qa.bens.checklist.test.SensodyneRedirectionTest" name="verify_Redirection_URL" time="9.353"/>
  <system-out/>
  <testcase classname="com.qa.bens.checklist.test.SensodyneRedirectionTest" name="verify_Redirection_URL" time="7.024"/>
  <system-out/>
  <testcase classname="com.qa.bens.checklist.test.SensodyneRedirectionTest" name="verify_Redirection_URL" time="7.173"/>
  <system-out/>
  <testcase classname="com.qa.bens.checklist.test.SensodyneRedirectionTest" name="verify_Redirection_URL" time="9.433"/>
  <system-out/>
  <testcase classname="com.qa.bens.checklist.test.SensodyneRedirectionTest" name="verify_Redirection_URL" time="7.477"/>
  <system-out/>
  <testcase classname="com.qa.bens.checklist.test.SensodyneRedirectionTest" name="verify_Redirection_URL" time="7.180"/>
  <system-out/>
  <testcase classname="com.qa.bens.checklist.test.SensodyneRedirectionTest" name="verify_Redirection_URL" time="8.517"/>
  <system-out/>
  <testcase classname="com.qa.bens.checklist.test.SensodyneRedirectionTest" name="verify_Redirection_URL" time="7.751"/>
  <system-out/>
  <testcase classname="com.qa.bens.checklist.test.SensodyneRedirectionTest" name="verify_Redirection_URL" time="7.140"/>
  <system-out/>
  <testcase classname="com.qa.bens.checklist.test.SensodyneRedirectionTest" name="verify_Redirection_URL" time="8.460"/>
  <system-out/>
  <testcase classname="com.qa.bens.checklist.test.SensodyneRedirectionTest" name="verify_Redirection_URL" time="7.105"/>
  <system-out/>
  <testcase classname="com.qa.bens.checklist.test.SensodyneRedirectionTest" name="verify_Redirection_URL" time="7.286"/>
  <system-out/>
  <testcase classname="com.qa.bens.checklist.test.SensodyneRedirectionTest" name="verify_Redirection_URL" time="7.117"/>
  <system-out/>
  <testcase classname="com.qa.bens.checklist.test.SensodyneRedirectionTest" name="verify_Redirection_URL" time="7.335"/>
  <system-out/>
  <testcase classname="com.qa.bens.checklist.test.SensodyneRedirectionTest" name="verify_Redirection_URL" time="7.562"/>
  <system-out/>
  <testcase classname="com.qa.bens.checklist.test.SensodyneRedirectionTest" name="verify_Redirection_URL" time="6.826"/>
  <system-out/>
  <testcase classname="com.qa.bens.checklist.test.SensodyneRedirectionTest" name="verify_Redirection_URL" time="7.494"/>
  <system-out/>
  <testcase classname="com.qa.bens.checklist.test.SensodyneRedirectionTest" name="verify_Redirection_URL" time="7.133"/>
  <system-out/>
  <testcase classname="com.qa.bens.checklist.test.SensodyneRedirectionTest" name="verify_Redirection_URL" time="10.162"/>
  <system-out/>
  <testcase classname="com.qa.bens.checklist.test.SensodyneRedirectionTest" name="verify_Redirection_URL" time="7.218"/>
  <system-out/>
  <testcase classname="com.qa.bens.checklist.test.SensodyneRedirectionTest" name="verify_Redirection_URL" time="7.075"/>
  <system-out/>
  <testcase classname="com.qa.bens.checklist.test.SensodyneRedirectionTest" name="verify_Redirection_URL" time="9.692"/>
  <system-out/>
  <testcase classname="com.qa.bens.checklist.test.SensodyneRedirectionTest" name="verify_Redirection_URL" time="7.278"/>
  <system-out/>
  <testcase classname="com.qa.bens.checklist.test.SensodyneRedirectionTest" name="verify_Redirection_URL" time="7.047"/>
  <system-out/>
  <testcase classname="com.qa.bens.checklist.test.SensodyneRedirectionTest" name="verify_Redirection_URL" time="9.183"/>
  <system-out/>
  <testcase classname="com.qa.bens.checklist.test.SensodyneRedirectionTest" name="verify_Redirection_URL" time="7.813"/>
  <system-out/>
  <testcase classname="com.qa.bens.checklist.test.SensodyneRedirectionTest" name="verify_Redirection_URL" time="7.394"/>
  <system-out/>
  <testcase classname="com.qa.bens.checklist.test.SensodyneRedirectionTest" name="verify_Redirection_URL" time="7.790"/>
  <system-out/>
  <testcase classname="com.qa.bens.checklist.test.SensodyneRedirectionTest" name="verify_Redirection_URL" time="6.838"/>
  <system-out/>
  <testcase classname="com.qa.bens.checklist.test.SensodyneRedirectionTest" name="verify_Redirection_URL" time="7.628"/>
  <system-out/>
  <testcase classname="com.qa.bens.checklist.test.SensodyneRedirectionTest" name="verify_Redirection_URL" time="7.422"/>
  <system-out/>
  <testcase classname="com.qa.bens.checklist.test.SensodyneRedirectionTest" name="verify_Redirection_URL" time="7.215"/>
  <system-out/>
  <testcase classname="com.qa.bens.checklist.test.SensodyneRedirectionTest" name="verify_Redirection_URL" time="7.213"/>
  <system-out/>
  <testcase classname="com.qa.bens.checklist.test.SensodyneRedirectionTest" name="verify_Redirection_URL" time="7.392"/>
  <system-out/>
  <testcase classname="com.qa.bens.checklist.test.SensodyneRedirectionTest" name="verify_Redirection_URL" time="7.215"/>
  <system-out/>
  <testcase classname="com.qa.bens.checklist.test.SensodyneRedirectionTest" name="verify_Redirection_URL" time="8.897"/>
  <system-out/>
  <testcase classname="com.qa.bens.checklist.test.SensodyneRedirectionTest" name="verify_Redirection_URL" time="7.357"/>
  <system-out/>
  <testcase classname="com.qa.bens.checklist.test.SensodyneRedirectionTest" name="verify_Redirection_URL" time="7.131"/>
  <system-out/>
  <testcase classname="com.qa.bens.checklist.test.SensodyneRedirectionTest" name="verify_Redirection_URL" time="7.343"/>
  <system-out/>
  <testcase classname="com.qa.bens.checklist.test.SensodyneRedirectionTest" name="verify_Redirection_URL" time="7.252"/>
  <system-out/>
  <testcase classname="com.qa.bens.checklist.test.SensodyneRedirectionTest" name="verify_Redirection_URL" time="7.612"/>
  <system-out/>
  <testcase classname="com.qa.bens.checklist.test.SensodyneRedirectionTest" name="verify_Redirection_URL" time="7.534"/>
  <system-out/>
  <testcase classname="com.qa.bens.checklist.test.SensodyneRedirectionTest" name="verify_Redirection_URL" time="6.715"/>
  <system-out/>
  <testcase classname="com.qa.bens.checklist.test.SensodyneRedirectionTest" name="verify_Redirection_URL" time="7.166"/>
  <system-out/>
  <testcase classname="com.qa.bens.checklist.test.SensodyneRedirectionTest" name="verify_Redirection_URL" time="8.033"/>
  <system-out/>
  <testcase classname="com.qa.bens.checklist.test.SensodyneRedirectionTest" name="verify_Redirection_URL" time="7.916"/>
  <system-out/>
  <testcase classname="com.qa.bens.checklist.test.SensodyneRedirectionTest" name="verify_Redirection_URL" time="7.138"/>
  <system-out/>
  <testcase classname="com.qa.bens.checklist.test.SensodyneRedirectionTest" name="verify_Redirection_URL" time="10.994"/>
  <system-out/>
  <testcase classname="com.qa.bens.checklist.test.SensodyneRedirectionTest" name="verify_Redirection_URL" time="7.240"/>
  <system-out/>
  <testcase classname="com.qa.bens.checklist.test.SensodyneRedirectionTest" name="verify_Redirection_URL" time="7.105"/>
  <system-out/>
  <testcase classname="com.qa.bens.checklist.test.SensodyneRedirectionTest" name="verify_Redirection_URL" time="7.715"/>
  <system-out/>
  <testcase classname="com.qa.bens.checklist.test.SensodyneRedirectionTest" name="verify_Redirection_URL" time="7.032"/>
  <system-out/>
  <testcase classname="com.qa.bens.checklist.test.SensodyneRedirectionTest" name="verify_Redirection_URL" time="7.097"/>
  <system-out/>
  <testcase classname="com.qa.bens.checklist.test.SensodyneRedirectionTest" name="verify_Redirection_URL" time="7.003"/>
  <system-out/>
  <testcase classname="com.qa.bens.checklist.test.SensodyneRedirectionTest" name="verify_Redirection_URL" time="7.221"/>
  <system-out/>
  <testcase classname="com.qa.bens.checklist.test.SensodyneRedirectionTest" name="verify_Redirection_URL" time="6.811"/>
  <system-out/>
  <testcase classname="com.qa.bens.checklist.test.SensodyneRedirectionTest" name="verify_Redirection_URL" time="7.286"/>
  <system-out/>
  <testcase classname="com.qa.bens.checklist.test.SensodyneRedirectionTest" name="verify_Redirection_URL" time="7.134"/>
  <system-out/>
  <testcase classname="com.qa.bens.checklist.test.SensodyneRedirectionTest" name="verify_Redirection_URL" time="7.140"/>
  <system-out/>
  <testcase classname="com.qa.bens.checklist.test.SensodyneRedirectionTest" name="verify_Redirection_URL" time="7.389"/>
  <system-out/>
  <testcase classname="com.qa.bens.checklist.test.SensodyneRedirectionTest" name="verify_Redirection_URL" time="7.050"/>
  <system-out/>
  <testcase classname="com.qa.bens.checklist.test.SensodyneRedirectionTest" name="verify_Redirection_URL" time="7.079"/>
  <system-out/>
  <testcase classname="com.qa.bens.checklist.test.SensodyneRedirectionTest" name="verify_Redirection_URL" time="7.867"/>
  <system-out/>
  <testcase classname="com.qa.bens.checklist.test.SensodyneRedirectionTest" name="verify_Redirection_URL" time="7.604"/>
  <system-out/>
  <testcase classname="com.qa.bens.checklist.test.SensodyneRedirectionTest" name="verify_Redirection_URL" time="7.566"/>
  <system-out/>
  <testcase classname="com.qa.bens.checklist.test.SensodyneRedirectionTest" name="verify_Redirection_URL" time="7.060"/>
  <system-out/>
  <testcase classname="com.qa.bens.checklist.test.SensodyneRedirectionTest" name="verify_Redirection_URL" time="7.132"/>
  <system-out/>
  <testcase classname="com.qa.bens.checklist.test.SensodyneRedirectionTest" name="verify_Redirection_URL" time="7.280"/>
  <system-out/>
  <testcase classname="com.qa.bens.checklist.test.SensodyneRedirectionTest" name="verify_Redirection_URL" time="7.871"/>
  <system-out/>
  <testcase classname="com.qa.bens.checklist.test.SensodyneRedirectionTest" name="verify_Redirection_URL" time="7.759"/>
  <system-out/>
  <testcase classname="com.qa.bens.checklist.test.SensodyneRedirectionTest" name="verify_Redirection_URL" time="7.123"/>
  <system-out/>
  <testcase classname="com.qa.bens.checklist.test.SensodyneRedirectionTest" name="verify_Redirection_URL" time="7.080"/>
  <system-out/>
  <testcase classname="com.qa.bens.checklist.test.SensodyneRedirectionTest" name="verify_Redirection_URL" time="7.074"/>
  <system-out/>
  <testcase classname="com.qa.bens.checklist.test.SensodyneRedirectionTest" name="verify_Redirection_URL" time="7.077"/>
  <system-out/>
  <testcase classname="com.qa.bens.checklist.test.SensodyneRedirectionTest" name="verify_Redirection_URL" time="7.678"/>
  <system-out/>
  <testcase classname="com.qa.bens.checklist.test.SensodyneRedirectionTest" name="verify_Redirection_URL" time="7.053"/>
  <system-out/>
  <testcase classname="com.qa.bens.checklist.test.SensodyneRedirectionTest" name="verify_Redirection_URL" time="7.276"/>
  <system-out/>
  <testcase classname="com.qa.bens.checklist.test.SensodyneRedirectionTest" name="verify_Redirection_URL" time="7.106"/>
  <system-out/>
  <testcase classname="com.qa.bens.checklist.test.SensodyneRedirectionTest" name="verify_Redirection_URL" time="7.117"/>
  <system-out/>
  <testcase classname="com.qa.bens.checklist.test.SensodyneRedirectionTest" name="verify_Redirection_URL" time="6.827"/>
  <system-out/>
  <testcase classname="com.qa.bens.checklist.test.SensodyneRedirectionTest" name="verify_Redirection_URL" time="7.039"/>
  <system-out/>
  <testcase classname="com.qa.bens.checklist.test.SensodyneRedirectionTest" name="verify_Redirection_URL" time="7.129"/>
  <system-out/>
  <testcase classname="com.qa.bens.checklist.test.SensodyneRedirectionTest" name="verify_Redirection_URL" time="7.076"/>
  <system-out/>
  <testcase classname="com.qa.bens.checklist.test.SensodyneRedirectionTest" name="verify_Redirection_URL" time="7.328"/>
  <system-out/>
  <testcase classname="com.qa.bens.checklist.test.SensodyneRedirectionTest" name="verify_Redirection_URL" time="7.093"/>
  <system-out/>
  <testcase classname="com.qa.bens.checklist.test.SensodyneRedirectionTest" name="verify_Redirection_URL" time="7.094"/>
  <system-out/>
  <testcase classname="com.qa.bens.checklist.test.SensodyneRedirectionTest" name="verify_Redirection_URL" time="7.283"/>
  <system-out/>
  <testcase classname="com.qa.bens.checklist.test.SensodyneRedirectionTest" name="verify_Redirection_URL" time="7.191"/>
  <system-out/>
  <testcase classname="com.qa.bens.checklist.test.SensodyneRedirectionTest" name="verify_Redirection_URL" time="7.220"/>
  <system-out/>
  <testcase classname="com.qa.bens.checklist.test.SensodyneRedirectionTest" name="verify_Redirection_URL" time="7.535"/>
  <system-out/>
  <testcase classname="com.qa.bens.checklist.test.SensodyneRedirectionTest" name="verify_Redirection_URL" time="7.132"/>
  <system-out/>
  <testcase classname="com.qa.bens.checklist.test.SensodyneRedirectionTest" name="verify_Redirection_URL" time="7.078"/>
  <system-out/>
  <testcase classname="com.qa.bens.checklist.test.SensodyneRedirectionTest" name="verify_Redirection_URL" time="7.274"/>
  <system-out/>
  <testcase classname="com.qa.bens.checklist.test.SensodyneRedirectionTest" name="verify_Redirection_URL" time="7.163"/>
  <system-out/>
  <testcase classname="com.qa.bens.checklist.test.SensodyneRedirectionTest" name="verify_Redirection_URL" time="7.222"/>
  <system-out/>
  <testcase classname="com.qa.bens.checklist.test.SensodyneRedirectionTest" name="verify_Redirection_URL" time="7.125"/>
  <system-out/>
  <testcase classname="com.qa.bens.checklist.test.SensodyneRedirectionTest" name="verify_Redirection_URL" time="7.067"/>
  <system-out/>
  <testcase classname="com.qa.bens.checklist.test.SensodyneRedirectionTest" name="verify_Redirection_URL" time="7.226"/>
  <system-out/>
  <testcase classname="com.qa.bens.checklist.test.SensodyneRedirectionTest" name="verify_Redirection_URL" time="7.220"/>
  <system-out/>
  <testcase classname="com.qa.bens.checklist.test.SensodyneRedirectionTest" name="verify_Redirection_URL" time="7.417"/>
  <system-out/>
  <testcase classname="com.qa.bens.checklist.test.SensodyneRedirectionTest" name="verify_Redirection_URL" time="7.105"/>
  <system-out/>
  <testcase classname="com.qa.bens.checklist.test.SensodyneRedirectionTest" name="verify_Redirection_URL" time="7.281"/>
  <system-out/>
  <testcase classname="com.qa.bens.checklist.test.SensodyneRedirectionTest" name="verify_Redirection_URL" time="6.645"/>
  <system-out/>
  <testcase classname="com.qa.bens.checklist.test.SensodyneRedirectionTest" name="verify_Redirection_URL" time="7.595"/>
  <system-out/>
  <testcase classname="com.qa.bens.checklist.test.SensodyneRedirectionTest" name="verify_Redirection_URL" time="7.394"/>
  <system-out/>
  <testcase classname="com.qa.bens.checklist.test.SensodyneRedirectionTest" name="verify_Redirection_URL" time="6.827"/>
  <system-out/>
  <testcase classname="com.qa.bens.checklist.test.SensodyneRedirectionTest" name="verify_Redirection_URL" time="7.111"/>
  <system-out/>
  <testcase classname="com.qa.bens.checklist.test.SensodyneRedirectionTest" name="verify_Redirection_URL" time="6.988"/>
  <system-out/>
  <testcase classname="com.qa.bens.checklist.test.SensodyneRedirectionTest" name="verify_Redirection_URL" time="7.072"/>
  <system-out/>
  <testcase classname="com.qa.bens.checklist.test.SensodyneRedirectionTest" name="verify_Redirection_URL" time="7.173"/>
  <system-out/>
  <testcase classname="com.qa.bens.checklist.test.SensodyneRedirectionTest" name="verify_Redirection_URL" time="7.173"/>
  <system-out/>
  <testcase classname="com.qa.bens.checklist.test.SensodyneRedirectionTest" name="verify_Redirection_URL" time="7.331"/>
  <system-out/>
  <testcase classname="com.qa.bens.checklist.test.SensodyneRedirectionTest" name="verify_Redirection_URL" time="7.212"/>
  <system-out/>
  <testcase classname="com.qa.bens.checklist.test.SensodyneRedirectionTest" name="verify_Redirection_URL" time="7.397"/>
  <system-out/>
  <testcase classname="com.qa.bens.checklist.test.SensodyneRedirectionTest" name="verify_Redirection_URL" time="7.515"/>
  <system-out/>
  <testcase classname="com.qa.bens.checklist.test.SensodyneRedirectionTest" name="verify_Redirection_URL" time="7.114"/>
  <system-out/>
  <testcase classname="com.qa.bens.checklist.test.SensodyneRedirectionTest" name="verify_Redirection_URL" time="6.829"/>
  <system-out/>
  <testcase classname="com.qa.bens.checklist.test.SensodyneRedirectionTest" name="verify_Redirection_URL" time="7.741"/>
  <system-out/>
  <testcase classname="com.qa.bens.checklist.test.SensodyneRedirectionTest" name="verify_Redirection_URL" time="7.317"/>
  <system-out/>
  <testcase classname="com.qa.bens.checklist.test.SensodyneRedirectionTest" name="verify_Redirection_URL" time="7.030"/>
  <system-out/>
  <testcase classname="com.qa.bens.checklist.test.SensodyneRedirectionTest" name="verify_Redirection_URL" time="7.018"/>
  <system-out/>
</testsuite> <!-- com.qa.bens.checklist.test.SensodyneRedirectionTest -->
