<?xml version="1.0" encoding="UTF-8"?>
<!-- Generated by org.testng.reporters.JUnitReportReporter -->
<testsuite hostname="WKWZTPqvmdckJHX" failures="0" tests="22" name="com.qa.tums.eng.test.TumsSymptomsTest" time="729.062" errors="0" timestamp="2023-01-23T12:28:36 IST" skipped="0">
  <testcase classname="com.qa.tums.eng.test.TumsSymptomsTest" name="verifyCookie" time="9.849"/>
  <system-out/>
  <testcase classname="com.qa.tums.eng.test.TumsSymptomsTest" name="verifyAntacidsSuchAsTums" time="68.582"/>
  <system-out/>
  <testcase classname="com.qa.tums.eng.test.TumsSymptomsTest" name="verifyAccordionOne" time="11.573"/>
  <system-out/>
  <testcase classname="com.qa.tums.eng.test.TumsSymptomsTest" name="verifyAccordionTwo" time="30.251"/>
  <system-out/>
  <testcase classname="com.qa.tums.eng.test.TumsSymptomsTest" name="verifyAccordionTwoHyperLink" time="31.843"/>
  <system-out/>
  <testcase classname="com.qa.tums.eng.test.TumsSymptomsTest" name="verifyAccordionThree" time="11.411"/>
  <system-out/>
  <testcase classname="com.qa.tums.eng.test.TumsSymptomsTest" name="verifyAccordionFour" time="9.795"/>
  <system-out/>
  <testcase classname="com.qa.tums.eng.test.TumsSymptomsTest" name="verifyAccordionFive" time="9.103"/>
  <system-out/>
  <testcase classname="com.qa.tums.eng.test.TumsSymptomsTest" name="verifyAccordionFiveHyperLink" time="39.546"/>
  <system-out/>
  <testcase classname="com.qa.tums.eng.test.TumsSymptomsTest" name="verifyAccordionSix" time="17.469"/>
  <system-out/>
  <testcase classname="com.qa.tums.eng.test.TumsSymptomsTest" name="verifyAccordionSeven" time="7.903"/>
  <system-out/>
  <testcase classname="com.qa.tums.eng.test.TumsSymptomsTest" name="verifyShowReference" time="9.569"/>
  <system-out/>
  <testcase classname="com.qa.tums.eng.test.TumsSymptomsTest" name="verifyLearnMoreArticleOne" time="24.434"/>
  <system-out/>
  <testcase classname="com.qa.tums.eng.test.TumsSymptomsTest" name="verifyLearnMoreArticleTwo" time="15.247"/>
  <system-out/>
  <testcase classname="com.qa.tums.eng.test.TumsSymptomsTest" name="verifyLearnMoreArticleThree" time="25.775"/>
  <system-out/>
  <testcase classname="com.qa.tums.eng.test.TumsSymptomsTest" name="verifyRelatedArticleOne" time="24.732"/>
  <system-out/>
  <testcase classname="com.qa.tums.eng.test.TumsSymptomsTest" name="verifyRelatedArticleTwo" time="33.589"/>
  <system-out/>
  <testcase classname="com.qa.tums.eng.test.TumsSymptomsTest" name="verifyRelatedArticleThree" time="23.958"/>
  <system-out/>
  <testcase classname="com.qa.tums.eng.test.TumsSymptomsTest" name="verifyRelatedArticleFour" time="39.244"/>
  <system-out/>
  <testcase classname="com.qa.tums.eng.test.TumsSymptomsTest" name="verifySeeProducts" time="165.174"/>
  <system-out/>
  <testcase classname="com.qa.tums.eng.test.TumsSymptomsTest" name="verifyBreadCrumbHome" time="104.770"/>
  <system-out/>
  <testcase classname="com.qa.tums.eng.test.TumsSymptomsTest" name="verifyBreadCrumbOne" time="15.245"/>
  <system-out/>
</testsuite> <!-- com.qa.tums.eng.test.TumsSymptomsTest -->
