<?xml version="1.0" encoding="UTF-8"?>
<!-- Generated by org.testng.reporters.JUnitReportReporter -->
<testsuite hostname="WKWZTPqvmdckJHX" failures="0" tests="19" name="com.qa.caltrate.eng.test.CaltrateSurgeonGeneralsReportTest" time="137.884" errors="0" timestamp="2023-05-01T22:31:50 IST" skipped="0">
  <testcase classname="com.qa.caltrate.eng.test.CaltrateSurgeonGeneralsReportTest" name="cookieButton" time="44.533"/>
  <system-out/>
  <testcase classname="com.qa.caltrate.eng.test.CaltrateSurgeonGeneralsReportTest" name="verifyHomeIcon" time="5.185"/>
  <system-out/>
  <testcase classname="com.qa.caltrate.eng.test.CaltrateSurgeonGeneralsReportTest" name="verifyBread_BoneHealthCentral" time="4.705"/>
  <system-out/>
  <testcase classname="com.qa.caltrate.eng.test.CaltrateSurgeonGeneralsReportTest" name="verifyBread_Articles" time="5.064"/>
  <system-out/>
  <testcase classname="com.qa.caltrate.eng.test.CaltrateSurgeonGeneralsReportTest" name="verifyCalciumAndCalciumCarbonateLink" time="12.051"/>
  <system-out/>
  <testcase classname="com.qa.caltrate.eng.test.CaltrateSurgeonGeneralsReportTest" name="verifyVitaminDLink" time="3.978"/>
  <system-out/>
  <testcase classname="com.qa.caltrate.eng.test.CaltrateSurgeonGeneralsReportTest" name="verifyAReportoftheSurgeonGeneralLink" time="3.907"/>
  <system-out/>
  <testcase classname="com.qa.caltrate.eng.test.CaltrateSurgeonGeneralsReportTest" name="verifyCalciumAndVitaminDLink" time="4.441"/>
  <system-out/>
  <testcase classname="com.qa.caltrate.eng.test.CaltrateSurgeonGeneralsReportTest" name="verifyArticles" time="4.646"/>
  <system-out/>
  <testcase classname="com.qa.caltrate.eng.test.CaltrateSurgeonGeneralsReportTest" name="verifyReadMore" time="7.187"/>
  <system-out/>
  <testcase classname="com.qa.caltrate.eng.test.CaltrateSurgeonGeneralsReportTest" name="verifyCCALCIUMVITAMIND" time="4.187"/>
  <system-out/>
  <testcase classname="com.qa.caltrate.eng.test.CaltrateSurgeonGeneralsReportTest" name="verifyAllArticles" time="4.954"/>
  <system-out/>
  <testcase classname="com.qa.caltrate.eng.test.CaltrateSurgeonGeneralsReportTest" name="verifyAllRecipes" time="4.539"/>
  <system-out/>
  <testcase classname="com.qa.caltrate.eng.test.CaltrateSurgeonGeneralsReportTest" name="verifyAllHealthTips" time="4.742"/>
  <system-out/>
  <testcase classname="com.qa.caltrate.eng.test.CaltrateSurgeonGeneralsReportTest" name="verifyAllInteractiveTools" time="4.046"/>
  <system-out/>
  <testcase classname="com.qa.caltrate.eng.test.CaltrateSurgeonGeneralsReportTest" name="verifyCalciumAndCalciumCarbonate" time="6.031"/>
  <system-out/>
  <testcase classname="com.qa.caltrate.eng.test.CaltrateSurgeonGeneralsReportTest" name="verifyVitaminD" time="5.237"/>
  <system-out/>
  <testcase classname="com.qa.caltrate.eng.test.CaltrateSurgeonGeneralsReportTest" name="verifyOsteoporosis" time="4.039"/>
  <system-out/>
  <testcase classname="com.qa.caltrate.eng.test.CaltrateSurgeonGeneralsReportTest" name="verifyCalciumSupplements" time="4.412"/>
  <system-out/>
</testsuite> <!-- com.qa.caltrate.eng.test.CaltrateSurgeonGeneralsReportTest -->
