<?xml version="1.0" encoding="UTF-8"?>
<!-- Generated by org.testng.reporters.JUnitReportReporter -->
<testsuite hostname="WKWZTPqvmdckJHX" failures="0" tests="9" name="com.qa.rinazina.it.test.RinazinaComeRespiriamoTest" time="67.858" errors="0" timestamp="2023-02-16T17:58:05 IST" skipped="0">
  <testcase classname="com.qa.rinazina.it.test.RinazinaComeRespiriamoTest" name="cookieButton" time="3.251"/>
  <system-out/>
  <testcase classname="com.qa.rinazina.it.test.RinazinaComeRespiriamoTest" name="verifyBreadcrumbOne" time="7.743"/>
  <system-out/>
  <testcase classname="com.qa.rinazina.it.test.RinazinaComeRespiriamoTest" name="verifyBreadcrumbTwo" time="6.518"/>
  <system-out/>
  <testcase classname="com.qa.rinazina.it.test.RinazinaComeRespiriamoTest" name="verifyBreadcrumbThree" time="2.164"/>
  <system-out/>
  <testcase classname="com.qa.rinazina.it.test.RinazinaComeRespiriamoTest" name="verifyPerSaperneDiLink" time="6.705"/>
  <system-out/>
  <testcase classname="com.qa.rinazina.it.test.RinazinaComeRespiriamoTest" name="verifyArticleOne" time="8.809"/>
  <system-out/>
  <testcase classname="com.qa.rinazina.it.test.RinazinaComeRespiriamoTest" name="verifyArticleTwo" time="8.334"/>
  <system-out/>
  <testcase classname="com.qa.rinazina.it.test.RinazinaComeRespiriamoTest" name="verifyArticleThree" time="8.496"/>
  <system-out/>
  <testcase classname="com.qa.rinazina.it.test.RinazinaComeRespiriamoTest" name="verifyArticleFour" time="15.838"/>
  <system-out/>
</testsuite> <!-- com.qa.rinazina.it.test.RinazinaComeRespiriamoTest -->
