<?xml version="1.0" encoding="UTF-8"?>
<!-- Generated by org.testng.reporters.JUnitReportReporter -->
<testsuite hostname="WKWZTPqvmdckJHX" failures="0" tests="23" name="com.qa.caltrate.eng.test.CaltrateFaqTest" time="97.417" errors="0" timestamp="2023-05-01T22:31:50 IST" skipped="0">
  <testcase classname="com.qa.caltrate.eng.test.CaltrateFaqTest" name="cookieButton" time="3.398"/>
  <system-out/>
  <testcase classname="com.qa.caltrate.eng.test.CaltrateFaqTest" name="verifyDropDown" time="34.043"/>
  <system-out/>
  <testcase classname="com.qa.caltrate.eng.test.CaltrateFaqTest" name="verifyAccordionOne" time="2.446"/>
  <system-out/>
  <testcase classname="com.qa.caltrate.eng.test.CaltrateFaqTest" name="verifyAccordionTwo" time="2.531"/>
  <system-out/>
  <testcase classname="com.qa.caltrate.eng.test.CaltrateFaqTest" name="verifyAccordionThree" time="2.385"/>
  <system-out/>
  <testcase classname="com.qa.caltrate.eng.test.CaltrateFaqTest" name="verifyAccordionFour" time="2.897"/>
  <system-out/>
  <testcase classname="com.qa.caltrate.eng.test.CaltrateFaqTest" name="verifyAccordionFive" time="2.424"/>
  <system-out/>
  <testcase classname="com.qa.caltrate.eng.test.CaltrateFaqTest" name="verifyAccordionSix" time="2.592"/>
  <system-out/>
  <testcase classname="com.qa.caltrate.eng.test.CaltrateFaqTest" name="verifyAccordionSeven" time="2.492"/>
  <system-out/>
  <testcase classname="com.qa.caltrate.eng.test.CaltrateFaqTest" name="verifyAccordionEight" time="2.462"/>
  <system-out/>
  <testcase classname="com.qa.caltrate.eng.test.CaltrateFaqTest" name="verifyAccordionNine" time="2.537"/>
  <system-out/>
  <testcase classname="com.qa.caltrate.eng.test.CaltrateFaqTest" name="verifyAccordionTen" time="2.320"/>
  <system-out/>
  <testcase classname="com.qa.caltrate.eng.test.CaltrateFaqTest" name="verifyAccordionEleven" time="2.429"/>
  <system-out/>
  <testcase classname="com.qa.caltrate.eng.test.CaltrateFaqTest" name="verifyAccordionTweleve" time="2.393"/>
  <system-out/>
  <testcase classname="com.qa.caltrate.eng.test.CaltrateFaqTest" name="verifyAccordionThirteen" time="2.660"/>
  <system-out/>
  <testcase classname="com.qa.caltrate.eng.test.CaltrateFaqTest" name="verifyAccordionFourteen" time="2.581"/>
  <system-out/>
  <testcase classname="com.qa.caltrate.eng.test.CaltrateFaqTest" name="verifyAccordionFifteen" time="5.236"/>
  <system-out/>
  <testcase classname="com.qa.caltrate.eng.test.CaltrateFaqTest" name="verifyAccordionSixteen" time="2.389"/>
  <system-out/>
  <testcase classname="com.qa.caltrate.eng.test.CaltrateFaqTest" name="verifyAccordionSeventeen" time="2.287"/>
  <system-out/>
  <testcase classname="com.qa.caltrate.eng.test.CaltrateFaqTest" name="verifyAccordionEighteen" time="6.954"/>
  <system-out/>
  <testcase classname="com.qa.caltrate.eng.test.CaltrateFaqTest" name="verifyAccordionNineteen" time="2.484"/>
  <system-out/>
  <testcase classname="com.qa.caltrate.eng.test.CaltrateFaqTest" name="verifyAccordionTwenty" time="3.175"/>
  <system-out/>
  <testcase classname="com.qa.caltrate.eng.test.CaltrateFaqTest" name="verifyAccordionTwentyOne" time="2.302"/>
  <system-out/>
</testsuite> <!-- com.qa.caltrate.eng.test.CaltrateFaqTest -->
