<?xml version="1.0" encoding="UTF-8"?>
<!-- Generated by org.testng.reporters.JUnitReportReporter -->
<testsuite hostname="WKWZTPqvmdckJHX" failures="0" tests="8" name="com.qa.abreva.test.AbrevaLipCareVsLipHealthTest" time="109.383" errors="0" timestamp="2023-05-16T23:32:44 IST" skipped="0">
  <testcase classname="com.qa.abreva.test.AbrevaLipCareVsLipHealthTest" name="cookieButton" time="8.315"/>
  <system-out/>
  <testcase classname="com.qa.abreva.test.AbrevaLipCareVsLipHealthTest" name="verifyBreadcrumbOne" time="12.087"/>
  <system-out/>
  <testcase classname="com.qa.abreva.test.AbrevaLipCareVsLipHealthTest" name="verifyReadMore" time="15.816"/>
  <system-out/>
  <testcase classname="com.qa.abreva.test.AbrevaLipCareVsLipHealthTest" name="verifyWholeCardSecOne" time="16.841"/>
  <system-out/>
  <testcase classname="com.qa.abreva.test.AbrevaLipCareVsLipHealthTest" name="verifyWholeCardSecTwo" time="27.705"/>
  <system-out/>
  <testcase classname="com.qa.abreva.test.AbrevaLipCareVsLipHealthTest" name="verifyWholeCardSecThree" time="12.805"/>
  <system-out/>
  <testcase classname="com.qa.abreva.test.AbrevaLipCareVsLipHealthTest" name="verifyTakeTheQuiz" time="6.579"/>
  <system-out/>
  <testcase classname="com.qa.abreva.test.AbrevaLipCareVsLipHealthTest" name="verifyBuyNow" time="9.235"/>
  <system-out/>
</testsuite> <!-- com.qa.abreva.test.AbrevaLipCareVsLipHealthTest -->
