<?xml version="1.0" encoding="UTF-8"?>
<!-- Generated by org.testng.reporters.JUnitReportReporter -->
<testsuite hostname="WKWZTPqvmdckJHX" failures="0" tests="1" name="com.qa.bens.checklist.test.FontFamilyTest" time="3.087" errors="0" timestamp="2023-07-05T18:29:50 IST" skipped="0">
  <testcase classname="com.qa.bens.checklist.test.FontFamilyTest" name="verifyFontFamily" time="3.087"/>
  <system-out/>
</testsuite> <!-- com.qa.bens.checklist.test.FontFamilyTest -->
