<?xml version="1.0" encoding="UTF-8"?>
<!-- Generated by org.testng.reporters.JUnitReportReporter -->
<testsuite hostname="WKWZTPqvmdckJHX" failures="0" tests="1" name="com.qa.sensodyne.ca.test.SensodyneCaSensodyneSensitiveCareToothbrushTest" time="32.020" errors="0" timestamp="2023-06-01T15:38:56 IST" skipped="0">
  <testcase classname="com.qa.sensodyne.ca.test.SensodyneCaSensodyneSensitiveCareToothbrushTest" name="verifyYoutubeVideo" time="32.020"/>
  <system-out/>
</testsuite> <!-- com.qa.sensodyne.ca.test.SensodyneCaSensodyneSensitiveCareToothbrushTest -->
