<?xml version="1.0" encoding="UTF-8"?>
<!-- Generated by org.testng.reporters.JUnitReportReporter -->
<testsuite hostname="WKWZTPqvmdckJHX" failures="0" tests="7" name="com.qa.sensodyne.ca.test.SensodyneCaWhiteningProductsAndSensitiveTeethTest" time="47.177" errors="0" timestamp="2023-05-25T15:03:20 IST" skipped="0">
  <testcase classname="com.qa.sensodyne.ca.test.SensodyneCaWhiteningProductsAndSensitiveTeethTest" name="verifyBreadcrumbOne" time="6.481"/>
  <system-out/>
  <testcase classname="com.qa.sensodyne.ca.test.SensodyneCaWhiteningProductsAndSensitiveTeethTest" name="verifyBreadcrumbTwo" time="5.542"/>
  <system-out/>
  <testcase classname="com.qa.sensodyne.ca.test.SensodyneCaWhiteningProductsAndSensitiveTeethTest" name="verifyBreadcrumbThree" time="5.742"/>
  <system-out/>
  <testcase classname="com.qa.sensodyne.ca.test.SensodyneCaWhiteningProductsAndSensitiveTeethTest" name="verifyHyperLinkSensodyneBrilliantWhitening" time="5.808"/>
  <system-out/>
  <testcase classname="com.qa.sensodyne.ca.test.SensodyneCaWhiteningProductsAndSensitiveTeethTest" name="verifyRelatedArticleOne" time="5.590"/>
  <system-out/>
  <testcase classname="com.qa.sensodyne.ca.test.SensodyneCaWhiteningProductsAndSensitiveTeethTest" name="verifyRelatedArticleTwo" time="6.807"/>
  <system-out/>
  <testcase classname="com.qa.sensodyne.ca.test.SensodyneCaWhiteningProductsAndSensitiveTeethTest" name="verifyRelatedArticleThree" time="11.207"/>
  <system-out/>
</testsuite> <!-- com.qa.sensodyne.ca.test.SensodyneCaWhiteningProductsAndSensitiveTeethTest -->
