<?xml version="1.0" encoding="UTF-8"?>
<!-- Generated by org.testng.reporters.JUnitReportReporter -->
<testsuite hostname="WKWZTPqvmdckJHX" failures="0" tests="1" name="com.qa.sensodyne.ca.test.SensodyneCaSoftBristleToothbrushTest" time="14.646" errors="0" timestamp="2023-05-31T14:54:38 IST" skipped="0">
  <testcase classname="com.qa.sensodyne.ca.test.SensodyneCaSoftBristleToothbrushTest" name="verifyBreadcrumbOne" time="14.646"/>
  <system-out/>
</testsuite> <!-- com.qa.sensodyne.ca.test.SensodyneCaSoftBristleToothbrushTest -->
