<?xml version="1.0" encoding="UTF-8"?>
<!-- Generated by org.testng.reporters.JUnitReportReporter -->
<testsuite hostname="WKWZTPqvmdckJHX" failures="0" tests="6" name="com.qa.abreva.test.AbrevaDentistVisitTest" time="86.015" errors="0" timestamp="2023-05-16T23:32:44 IST" skipped="0">
  <testcase classname="com.qa.abreva.test.AbrevaDentistVisitTest" name="cookieButton" time="7.849"/>
  <system-out/>
  <testcase classname="com.qa.abreva.test.AbrevaDentistVisitTest" name="verifyBreadcrumbOne" time="22.509"/>
  <system-out/>
  <testcase classname="com.qa.abreva.test.AbrevaDentistVisitTest" name="verifyWholeCardSecOne" time="14.404"/>
  <system-out/>
  <testcase classname="com.qa.abreva.test.AbrevaDentistVisitTest" name="verifyWholeCardSecTwo" time="15.625"/>
  <system-out/>
  <testcase classname="com.qa.abreva.test.AbrevaDentistVisitTest" name="verifyWholeCardSecThree" time="16.126"/>
  <system-out/>
  <testcase classname="com.qa.abreva.test.AbrevaDentistVisitTest" name="verifyBuyNow" time="9.502"/>
  <system-out/>
</testsuite> <!-- com.qa.abreva.test.AbrevaDentistVisitTest -->
