<?xml version="1.0" encoding="UTF-8"?>
<!-- Generated by org.testng.reporters.JUnitReportReporter -->
<testsuite hostname="WKWZTPqvmdckJHX" failures="0" tests="19" name="com.qa.caltrate.eng.test.Caltrate600D3PlusMineralsTest" time="134.546" errors="0" timestamp="2023-05-01T22:31:50 IST" skipped="0">
  <testcase classname="com.qa.caltrate.eng.test.Caltrate600D3PlusMineralsTest" name="cookieButton" time="49.354"/>
  <system-out/>
  <testcase classname="com.qa.caltrate.eng.test.Caltrate600D3PlusMineralsTest" name="verifyHomeIcon" time="6.480"/>
  <system-out/>
  <testcase classname="com.qa.caltrate.eng.test.Caltrate600D3PlusMineralsTest" name="verifyBread_Products" time="4.055"/>
  <system-out/>
  <testcase classname="com.qa.caltrate.eng.test.Caltrate600D3PlusMineralsTest" name="verifyBuyNowButton" time="5.862"/>
  <system-out/>
  <testcase classname="com.qa.caltrate.eng.test.Caltrate600D3PlusMineralsTest" name="verifyGetCouponButton" time="5.075"/>
  <system-out/>
  <testcase classname="com.qa.caltrate.eng.test.Caltrate600D3PlusMineralsTest" name="verifyProductLabeling" time="3.526"/>
  <system-out/>
  <testcase classname="com.qa.caltrate.eng.test.Caltrate600D3PlusMineralsTest" name="verifyFirstProduct" time="4.459"/>
  <system-out/>
  <testcase classname="com.qa.caltrate.eng.test.Caltrate600D3PlusMineralsTest" name="verifySecondProduct" time="3.912"/>
  <system-out/>
  <testcase classname="com.qa.caltrate.eng.test.Caltrate600D3PlusMineralsTest" name="verifyThirdProduct" time="4.265"/>
  <system-out/>
  <testcase classname="com.qa.caltrate.eng.test.Caltrate600D3PlusMineralsTest" name="verifyFourthProduct" time="3.976"/>
  <system-out/>
  <testcase classname="com.qa.caltrate.eng.test.Caltrate600D3PlusMineralsTest" name="verifyFifthProduct" time="3.867"/>
  <system-out/>
  <testcase classname="com.qa.caltrate.eng.test.Caltrate600D3PlusMineralsTest" name="verifyFirstProductImage" time="5.016"/>
  <system-out/>
  <testcase classname="com.qa.caltrate.eng.test.Caltrate600D3PlusMineralsTest" name="verifySecondProductImage" time="5.178"/>
  <system-out/>
  <testcase classname="com.qa.caltrate.eng.test.Caltrate600D3PlusMineralsTest" name="verifyThirdProductImage" time="5.063"/>
  <system-out/>
  <testcase classname="com.qa.caltrate.eng.test.Caltrate600D3PlusMineralsTest" name="verifyFourthProductImage" time="4.921"/>
  <system-out/>
  <testcase classname="com.qa.caltrate.eng.test.Caltrate600D3PlusMineralsTest" name="verifyFifthProductImage" time="5.033"/>
  <system-out/>
  <testcase classname="com.qa.caltrate.eng.test.Caltrate600D3PlusMineralsTest" name="verifyViewAllProduct" time="4.497"/>
  <system-out/>
  <testcase classname="com.qa.caltrate.eng.test.Caltrate600D3PlusMineralsTest" name="verifyCalciumCarbonatevsCalciumCitrate" time="5.498"/>
  <system-out/>
  <testcase classname="com.qa.caltrate.eng.test.Caltrate600D3PlusMineralsTest" name="verifyFindOut" time="4.509"/>
  <system-out/>
</testsuite> <!-- com.qa.caltrate.eng.test.Caltrate600D3PlusMineralsTest -->
