<?xml version="1.0" encoding="UTF-8"?>
<!-- Generated by org.testng.reporters.JUnitReportReporter -->
<testsuite hostname="WKWZTPqvmdckJHX" failures="0" tests="1" name="com.qa.sensodyne.ca.test.SensodyneCaSensitivityAndGumReliefToothpasteTest" time="26.868" errors="0" timestamp="2023-06-01T18:49:39 IST" skipped="0">
  <testcase classname="com.qa.sensodyne.ca.test.SensodyneCaSensitivityAndGumReliefToothpasteTest" name="verifySlideSection" time="26.868"/>
  <system-out/>
</testsuite> <!-- com.qa.sensodyne.ca.test.SensodyneCaSensitivityAndGumReliefToothpasteTest -->
