<?xml version="1.0" encoding="UTF-8"?>
<!-- Generated by org.testng.reporters.JUnitReportReporter -->
<testsuite hostname="WKWZTPqvmdckJHX" failures="0" tests="7" name="com.qa.caltrate.fr.test.CaltrateFRCaltrateTest" time="58.276" errors="0" timestamp="2023-02-10T11:59:08 IST" skipped="0">
  <testcase classname="com.qa.caltrate.fr.test.CaltrateFRCaltrateTest" name="verifyBreadcrumbOne" time="4.210"/>
  <system-out/>
  <testcase classname="com.qa.caltrate.fr.test.CaltrateFRCaltrateTest" name="verifyBreadcrumbTwo" time="3.262"/>
  <system-out/>
  <testcase classname="com.qa.caltrate.fr.test.CaltrateFRCaltrateTest" name="verifyBreadcrumbThree" time="1.643"/>
  <system-out/>
  <testcase classname="com.qa.caltrate.fr.test.CaltrateFRCaltrateTest" name="verifyAcheter" time="3.358"/>
  <system-out/>
  <testcase classname="com.qa.caltrate.fr.test.CaltrateFRCaltrateTest" name="verifycoupon" time="8.209"/>
  <system-out/>
  <testcase classname="com.qa.caltrate.fr.test.CaltrateFRCaltrateTest" name="verifyProduits" time="3.010"/>
  <system-out/>
  <testcase classname="com.qa.caltrate.fr.test.CaltrateFRCaltrateTest" name="verifySaveNowImg" time="34.584"/>
  <system-out/>
</testsuite> <!-- com.qa.caltrate.fr.test.CaltrateFRCaltrateTest -->
