<?xml version="1.0" encoding="UTF-8"?>
<!-- Generated by org.testng.reporters.JUnitReportReporter -->
<testsuite hostname="WKWZTPqvmdckJHX" failures="0" tests="14" name="com.qa.caltrate.eng.test.CaltrateConversionunitTest" time="76.349" errors="0" timestamp="2023-02-09T13:02:41 IST" skipped="0">
  <testcase classname="com.qa.caltrate.eng.test.CaltrateConversionunitTest" name="verifyCookieLink" time="3.945"/>
  <system-out/>
  <testcase classname="com.qa.caltrate.eng.test.CaltrateConversionunitTest" name="verifyhomebreadcrumbsLink" time="13.750"/>
  <system-out/>
  <testcase classname="com.qa.caltrate.eng.test.CaltrateConversionunitTest" name="verifyBonehealthcentralbreadcrumbsLink" time="4.883"/>
  <system-out/>
  <testcase classname="com.qa.caltrate.eng.test.CaltrateConversionunitTest" name="verifyHealthTipsbreadcrumbsLink" time="5.457"/>
  <system-out/>
  <testcase classname="com.qa.caltrate.eng.test.CaltrateConversionunitTest" name="verifyConversionunitsbreadcrumbsLink" time="3.506"/>
  <system-out/>
  <testcase classname="com.qa.caltrate.eng.test.CaltrateConversionunitTest" name="verifyHealthTipTagLink" time="5.409"/>
  <system-out/>
  <testcase classname="com.qa.caltrate.eng.test.CaltrateConversionunitTest" name="verifyAllArticlesLink" time="4.859"/>
  <system-out/>
  <testcase classname="com.qa.caltrate.eng.test.CaltrateConversionunitTest" name="verifyAllRecipesLink" time="5.503"/>
  <system-out/>
  <testcase classname="com.qa.caltrate.eng.test.CaltrateConversionunitTest" name="verifyAllHealthTipsLink" time="5.131"/>
  <system-out/>
  <testcase classname="com.qa.caltrate.eng.test.CaltrateConversionunitTest" name="verifyAllInteractivetoolsLink" time="4.655"/>
  <system-out/>
  <testcase classname="com.qa.caltrate.eng.test.CaltrateConversionunitTest" name="verifyCalciumCarbonateViewLink" time="5.025"/>
  <system-out/>
  <testcase classname="com.qa.caltrate.eng.test.CaltrateConversionunitTest" name="verifyVitaminDViewLink" time="4.897"/>
  <system-out/>
  <testcase classname="com.qa.caltrate.eng.test.CaltrateConversionunitTest" name="verifyOestoporosisViewLink" time="4.746"/>
  <system-out/>
  <testcase classname="com.qa.caltrate.eng.test.CaltrateConversionunitTest" name="verifycalciumSupplementsViewLink" time="4.583"/>
  <system-out/>
</testsuite> <!-- com.qa.caltrate.eng.test.CaltrateConversionunitTest -->
