<?xml version="1.0" encoding="UTF-8"?>
<!-- Generated by org.testng.reporters.JUnitReportReporter -->
<testsuite hostname="WKWZTPqvmdckJHX" failures="0" tests="10" name="com.qa.nexium.us.test.NexiumReplaceTomatoesInYourDishesTest" time="109.326" errors="0" timestamp="2023-05-11T17:47:37 IST" skipped="0">
  <testcase classname="com.qa.nexium.us.test.NexiumReplaceTomatoesInYourDishesTest" name="cookieButton" time="5.127"/>
  <system-out/>
  <testcase classname="com.qa.nexium.us.test.NexiumReplaceTomatoesInYourDishesTest" name="verifyBreadcrumbOne" time="11.130"/>
  <system-out/>
  <testcase classname="com.qa.nexium.us.test.NexiumReplaceTomatoesInYourDishesTest" name="verifyBreadcrumbTwo" time="13.836"/>
  <system-out/>
  <testcase classname="com.qa.nexium.us.test.NexiumReplaceTomatoesInYourDishesTest" name="verifyBreadcrumbThree" time="10.654"/>
  <system-out/>
  <testcase classname="com.qa.nexium.us.test.NexiumReplaceTomatoesInYourDishesTest" name="verifyBreadcrumbFour" time="3.035"/>
  <system-out/>
  <testcase classname="com.qa.nexium.us.test.NexiumReplaceTomatoesInYourDishesTest" name="verifyHyperLinkCausesYourSymptoms" time="10.705"/>
  <system-out/>
  <testcase classname="com.qa.nexium.us.test.NexiumReplaceTomatoesInYourDishesTest" name="verifyWholeCardSecOne" time="11.117"/>
  <system-out/>
  <testcase classname="com.qa.nexium.us.test.NexiumReplaceTomatoesInYourDishesTest" name="verifyWholeCardSecTwo" time="13.442"/>
  <system-out/>
  <testcase classname="com.qa.nexium.us.test.NexiumReplaceTomatoesInYourDishesTest" name="verifyWholeCardSecThree" time="18.596"/>
  <system-out/>
  <testcase classname="com.qa.nexium.us.test.NexiumReplaceTomatoesInYourDishesTest" name="verifyWholeCardSecFour" time="11.684"/>
  <system-out/>
</testsuite> <!-- com.qa.nexium.us.test.NexiumReplaceTomatoesInYourDishesTest -->
