<?xml version="1.0" encoding="UTF-8"?>
<!-- Generated by org.testng.reporters.JUnitReportReporter -->
<testsuite hostname="WKWZTPqvmdckJHX" failures="0" tests="1" name="com.qa.bens.checklist.test.FontFamilyTest" time="7.395" errors="0" timestamp="2023-11-21T11:00:33 IST" skipped="0">
  <testcase classname="com.qa.bens.checklist.test.FontFamilyTest" name="verifyFontFamily" time="7.395"/>
  <system-out/>
</testsuite> <!-- com.qa.bens.checklist.test.FontFamilyTest -->
