<?xml version="1.0" encoding="UTF-8"?>
<!-- Generated by org.testng.reporters.JUnitReportReporter -->
<testsuite hostname="WKWZTPqvmdckJHX" failures="0" tests="8" name="com.qa.eno.co.in.test.EnoFoodsThatImproveDigestionText" time="78.135" errors="0" timestamp="2023-03-17T14:18:57 IST" skipped="0">
  <testcase classname="com.qa.eno.co.in.test.EnoFoodsThatImproveDigestionText" name="verifyReferences" time="3.219"/>
  <system-out/>
  <testcase classname="com.qa.eno.co.in.test.EnoFoodsThatImproveDigestionText" name="verifyUnderstandDigestiveWellnessImg" time="10.912"/>
  <system-out/>
  <testcase classname="com.qa.eno.co.in.test.EnoFoodsThatImproveDigestionText" name="verifyUnderstandDigestiveWellnessText" time="10.251"/>
  <system-out/>
  <testcase classname="com.qa.eno.co.in.test.EnoFoodsThatImproveDigestionText" name="verifyUnderstandDigestiveWellnessPara" time="10.122"/>
  <system-out/>
  <testcase classname="com.qa.eno.co.in.test.EnoFoodsThatImproveDigestionText" name="verifyWhatIsEnoImg" time="15.171"/>
  <system-out/>
  <testcase classname="com.qa.eno.co.in.test.EnoFoodsThatImproveDigestionText" name="verifyWhatIsEnoText" time="9.339"/>
  <system-out/>
  <testcase classname="com.qa.eno.co.in.test.EnoFoodsThatImproveDigestionText" name="verifyWhatIsEnoPara" time="11.870"/>
  <system-out/>
  <testcase classname="com.qa.eno.co.in.test.EnoFoodsThatImproveDigestionText" name="verifyDidyouKnowSection" time="7.251"/>
  <system-out/>
</testsuite> <!-- com.qa.eno.co.in.test.EnoFoodsThatImproveDigestionText -->
