<?xml version="1.0" encoding="UTF-8"?>
<!-- Generated by org.testng.reporters.JUnitReportReporter -->
<testsuite hostname="WKWZTPqvmdckJHX" failures="0" tests="30" name="com.qa.biotene.test.biotenedrymouthtipsTest" time="3.476" errors="1" timestamp="2023-04-03T07:36:54 IST" skipped="29">
  <testcase classname="com.qa.biotene.test.biotenedrymouthtipsTest" name="launchingTheBrowser" time="3.476">
    <error message="Unable to launch two URL" type="java.lang.Exception">
      <![CDATA[java.lang.Exception: Unable to launch two URL
at com.qa.baseClass.BaseClass.launchTwoUrl(BaseClass.java:1056)
at com.qa.biotene.test.biotenedrymouthtipsTest.launchingTheBrowser(biotenedrymouthtipsTest.java:19)
at java.base/jdk.internal.reflect.DirectMethodHandleAccessor.invoke(DirectMethodHandleAccessor.java:104)
at java.base/java.lang.reflect.Method.invoke(Method.java:577)
at org.testng.internal.MethodInvocationHelper.invokeMethod(MethodInvocationHelper.java:133)
at org.testng.internal.MethodInvocationHelper.invokeMethodConsideringTimeout(MethodInvocationHelper.java:62)
at org.testng.internal.ConfigInvoker.invokeConfigurationMethod(ConfigInvoker.java:385)
at org.testng.internal.ConfigInvoker.invokeConfigurations(ConfigInvoker.java:321)
at org.testng.internal.TestMethodWorker.invokeBeforeClassMethods(TestMethodWorker.java:176)
at org.testng.internal.TestMethodWorker.run(TestMethodWorker.java:122)
at java.base/java.util.ArrayList.forEach(ArrayList.java:1511)
at org.testng.TestRunner.privateRun(TestRunner.java:794)
at org.testng.TestRunner.run(TestRunner.java:596)
at org.testng.SuiteRunner.runTest(SuiteRunner.java:377)
at org.testng.SuiteRunner.runSequentially(SuiteRunner.java:371)
at org.testng.SuiteRunner.privateRun(SuiteRunner.java:332)
at org.testng.SuiteRunner.run(SuiteRunner.java:276)
at org.testng.SuiteRunnerWorker.runSuite(SuiteRunnerWorker.java:53)
at org.testng.SuiteRunnerWorker.run(SuiteRunnerWorker.java:96)
at org.testng.TestNG.runSuitesSequentially(TestNG.java:1212)
at org.testng.TestNG.runSuitesLocally(TestNG.java:1134)
at org.testng.TestNG.runSuites(TestNG.java:1063)
at org.testng.TestNG.run(TestNG.java:1031)
at org.testng.remote.AbstractRemoteTestNG.run(AbstractRemoteTestNG.java:115)
at org.testng.remote.RemoteTestNG.initAndRun(RemoteTestNG.java:251)
at org.testng.remote.RemoteTestNG.main(RemoteTestNG.java:77)
]]>
    </error>
  </testcase> <!-- launchingTheBrowser -->
  <system-out/>
  <testcase classname="com.qa.biotene.test.biotenedrymouthtipsTest" name="verifyBiotenecookiePopupLink" time="0.000">
    <skipped/>
  </testcase> <!-- verifyBiotenecookiePopupLink -->
  <system-out/>
  <testcase classname="com.qa.biotene.test.biotenedrymouthtipsTest" name="verifyHomeBreadcrumbsLink" time="0.000">
    <skipped/>
  </testcase> <!-- verifyHomeBreadcrumbsLink -->
  <system-out/>
  <testcase classname="com.qa.biotene.test.biotenedrymouthtipsTest" name="verifyLivingdrymouthLinkbreadcrumbs" time="0.000">
    <skipped/>
  </testcase> <!-- verifyLivingdrymouthLinkbreadcrumbs -->
  <system-out/>
  <testcase classname="com.qa.biotene.test.biotenedrymouthtipsTest" name="verifyTipsBiotenebreadcrumbsLink" time="0.000">
    <skipped/>
  </testcase> <!-- verifyTipsBiotenebreadcrumbsLink -->
  <system-out/>
  <testcase classname="com.qa.biotene.test.biotenedrymouthtipsTest" name="verifyHealthyTipsAgingLink" time="0.000">
    <skipped/>
  </testcase> <!-- verifyHealthyTipsAgingLink -->
  <system-out/>
  <testcase classname="com.qa.biotene.test.biotenedrymouthtipsTest" name="verifyMakechickenbrothLink" time="0.000">
    <skipped/>
  </testcase> <!-- verifyMakechickenbrothLink -->
  <system-out/>
  <testcase classname="com.qa.biotene.test.biotenedrymouthtipsTest" name="verifyTeasRelaxtionLink" time="0.000">
    <skipped/>
  </testcase> <!-- verifyTeasRelaxtionLink -->
  <system-out/>
  <testcase classname="com.qa.biotene.test.biotenedrymouthtipsTest" name="verifyBenefitsHydratedLink" time="0.000">
    <skipped/>
  </testcase> <!-- verifyBenefitsHydratedLink -->
  <system-out/>
  <testcase classname="com.qa.biotene.test.biotenedrymouthtipsTest" name="verifydehydrationSymptomsLink" time="0.000">
    <skipped/>
  </testcase> <!-- verifydehydrationSymptomsLink -->
  <system-out/>
  <testcase classname="com.qa.biotene.test.biotenedrymouthtipsTest" name="verifyAlcholdrymouthLink" time="0.000">
    <skipped/>
  </testcase> <!-- verifyAlcholdrymouthLink -->
  <system-out/>
  <testcase classname="com.qa.biotene.test.biotenedrymouthtipsTest" name="verifyCaffenineworseLink" time="0.000">
    <skipped/>
  </testcase> <!-- verifyCaffenineworseLink -->
  <system-out/>
  <testcase classname="com.qa.biotene.test.biotenedrymouthtipsTest" name="verifyDaydoingbetterLink" time="0.000">
    <skipped/>
  </testcase> <!-- verifyDaydoingbetterLink -->
  <system-out/>
  <testcase classname="com.qa.biotene.test.biotenedrymouthtipsTest" name="verifyDrymouthreallylikeLink" time="0.000">
    <skipped/>
  </testcase> <!-- verifyDrymouthreallylikeLink -->
  <system-out/>
  <testcase classname="com.qa.biotene.test.biotenedrymouthtipsTest" name="verifyHealthPriorityLink" time="0.000">
    <skipped/>
  </testcase> <!-- verifyHealthPriorityLink -->
  <system-out/>
  <testcase classname="com.qa.biotene.test.biotenedrymouthtipsTest" name="verifyPlanTravelComfortableLink" time="0.000">
    <skipped/>
  </testcase> <!-- verifyPlanTravelComfortableLink -->
  <system-out/>
  <testcase classname="com.qa.biotene.test.biotenedrymouthtipsTest" name="verifyPumpkinReciepeLink" time="0.000">
    <skipped/>
  </testcase> <!-- verifyPumpkinReciepeLink -->
  <system-out/>
  <testcase classname="com.qa.biotene.test.biotenedrymouthtipsTest" name="verifyInfusedwaterReciepeLink" time="0.000">
    <skipped/>
  </testcase> <!-- verifyInfusedwaterReciepeLink -->
  <system-out/>
  <testcase classname="com.qa.biotene.test.biotenedrymouthtipsTest" name="verifySoupReciepeLink" time="0.000">
    <skipped/>
  </testcase> <!-- verifySoupReciepeLink -->
  <system-out/>
  <testcase classname="com.qa.biotene.test.biotenedrymouthtipsTest" name="verifyCocunutwaterLink" time="0.000">
    <skipped/>
  </testcase> <!-- verifyCocunutwaterLink -->
  <system-out/>
  <testcase classname="com.qa.biotene.test.biotenedrymouthtipsTest" name="verifyHydratingsummerfruitsLink" time="0.000">
    <skipped/>
  </testcase> <!-- verifyHydratingsummerfruitsLink -->
  <system-out/>
  <testcase classname="com.qa.biotene.test.biotenedrymouthtipsTest" name="verifyPicnicFoodLink" time="0.000">
    <skipped/>
  </testcase> <!-- verifyPicnicFoodLink -->
  <system-out/>
  <testcase classname="com.qa.biotene.test.biotenedrymouthtipsTest" name="verifydrymouthRoadLink" time="0.000">
    <skipped/>
  </testcase> <!-- verifydrymouthRoadLink -->
  <system-out/>
  <testcase classname="com.qa.biotene.test.biotenedrymouthtipsTest" name="verifyHealthyPackingListLink" time="0.000">
    <skipped/>
  </testcase> <!-- verifyHealthyPackingListLink -->
  <system-out/>
  <testcase classname="com.qa.biotene.test.biotenedrymouthtipsTest" name="verifyBenefitsWalkingLink" time="0.000">
    <skipped/>
  </testcase> <!-- verifyBenefitsWalkingLink -->
  <system-out/>
  <testcase classname="com.qa.biotene.test.biotenedrymouthtipsTest" name="verifyBecomeAdvocateLink" time="0.000">
    <skipped/>
  </testcase> <!-- verifyBecomeAdvocateLink -->
  <system-out/>
  <testcase classname="com.qa.biotene.test.biotenedrymouthtipsTest" name="verifyVacationsummerLink" time="0.000">
    <skipped/>
  </testcase> <!-- verifyVacationsummerLink -->
  <system-out/>
  <testcase classname="com.qa.biotene.test.biotenedrymouthtipsTest" name="verifyBeachbetterthisSummerLink" time="0.000">
    <skipped/>
  </testcase> <!-- verifyBeachbetterthisSummerLink -->
  <system-out/>
  <testcase classname="com.qa.biotene.test.biotenedrymouthtipsTest" name="verifyBetterthisyearLink" time="0.000">
    <skipped/>
  </testcase> <!-- verifyBetterthisyearLink -->
  <system-out/>
  <testcase classname="com.qa.biotene.test.biotenedrymouthtipsTest" name="verifySymptomsmissingLink" time="0.000">
    <skipped/>
  </testcase> <!-- verifySymptomsmissingLink -->
  <system-out/>
</testsuite> <!-- com.qa.biotene.test.biotenedrymouthtipsTest -->
