<?xml version="1.0" encoding="UTF-8"?>
<!-- Generated by org.testng.reporters.JUnitReportReporter -->
<testsuite hostname="WKWZTPqvmdckJHX" failures="0" tests="14" name="com.qa.caltrate.eng.test.CaltrateAlmondboostcalciumTest" time="70.364" errors="0" timestamp="2023-02-09T13:02:42 IST" skipped="0">
  <testcase classname="com.qa.caltrate.eng.test.CaltrateAlmondboostcalciumTest" name="verifyCookieLink" time="3.619"/>
  <system-out/>
  <testcase classname="com.qa.caltrate.eng.test.CaltrateAlmondboostcalciumTest" name="verifyhomebreadcrumbsLink" time="5.332"/>
  <system-out/>
  <testcase classname="com.qa.caltrate.eng.test.CaltrateAlmondboostcalciumTest" name="verifyBonehealthcentralbreadcrumbsLink" time="4.067"/>
  <system-out/>
  <testcase classname="com.qa.caltrate.eng.test.CaltrateAlmondboostcalciumTest" name="verifyHealthTipsbreadcrumbsLink" time="4.402"/>
  <system-out/>
  <testcase classname="com.qa.caltrate.eng.test.CaltrateAlmondboostcalciumTest" name="verifyMilkAddAlmondsbreadcrumbsLink" time="2.631"/>
  <system-out/>
  <testcase classname="com.qa.caltrate.eng.test.CaltrateAlmondboostcalciumTest" name="verifyHealthTipTagLink" time="5.755"/>
  <system-out/>
  <testcase classname="com.qa.caltrate.eng.test.CaltrateAlmondboostcalciumTest" name="verifyAllArticlesLink" time="4.374"/>
  <system-out/>
  <testcase classname="com.qa.caltrate.eng.test.CaltrateAlmondboostcalciumTest" name="verifyAllRecipesLink" time="4.075"/>
  <system-out/>
  <testcase classname="com.qa.caltrate.eng.test.CaltrateAlmondboostcalciumTest" name="verifyAllHealthTipsLink" time="6.571"/>
  <system-out/>
  <testcase classname="com.qa.caltrate.eng.test.CaltrateAlmondboostcalciumTest" name="verifyAllInteractivetoolsLink" time="4.650"/>
  <system-out/>
  <testcase classname="com.qa.caltrate.eng.test.CaltrateAlmondboostcalciumTest" name="verifyCalciumCarbonateViewLink" time="10.838"/>
  <system-out/>
  <testcase classname="com.qa.caltrate.eng.test.CaltrateAlmondboostcalciumTest" name="verifyVitaminDViewLink" time="4.464"/>
  <system-out/>
  <testcase classname="com.qa.caltrate.eng.test.CaltrateAlmondboostcalciumTest" name="verifyOestoporosisViewLink" time="4.525"/>
  <system-out/>
  <testcase classname="com.qa.caltrate.eng.test.CaltrateAlmondboostcalciumTest" name="verifycalciumSupplementsViewLink" time="5.061"/>
  <system-out/>
</testsuite> <!-- com.qa.caltrate.eng.test.CaltrateAlmondboostcalciumTest -->
