<?xml version="1.0" encoding="UTF-8"?>
<!-- Generated by org.testng.reporters.JUnitReportReporter -->
<testsuite hostname="WKWZTPqvmdckJHX" failures="0" tests="14" name="com.qa.drbest.ge.test.drbestBambusInterdentkidsTest" time="209.087" errors="0" timestamp="2023-04-10T02:26:06 IST" skipped="0">
  <testcase classname="com.qa.drbest.ge.test.drbestBambusInterdentkidsTest" name="verifydrbestcookiePopupLink" time="44.814"/>
  <system-out/>
  <testcase classname="com.qa.drbest.ge.test.drbestBambusInterdentkidsTest" name="verifyBuyNow1Link" time="8.645"/>
  <system-out/>
  <testcase classname="com.qa.drbest.ge.test.drbestBambusInterdentkidsTest" name="verifyReviewLink" time="13.531"/>
  <system-out/>
  <testcase classname="com.qa.drbest.ge.test.drbestBambusInterdentkidsTest" name="verifyWasunterscheidietLink" time="12.375"/>
  <system-out/>
  <testcase classname="com.qa.drbest.ge.test.drbestBambusInterdentkidsTest" name="verifyReview1Link" time="13.035"/>
  <system-out/>
  <testcase classname="com.qa.drbest.ge.test.drbestBambusInterdentkidsTest" name="verifyWarumLink" time="12.209"/>
  <system-out/>
  <testcase classname="com.qa.drbest.ge.test.drbestBambusInterdentkidsTest" name="verifyWietragtLink" time="12.469"/>
  <system-out/>
  <testcase classname="com.qa.drbest.ge.test.drbestBambusInterdentkidsTest" name="verifyWasunternimmtLink" time="12.234"/>
  <system-out/>
  <testcase classname="com.qa.drbest.ge.test.drbestBambusInterdentkidsTest" name="verifyWoherstammtLink" time="12.405"/>
  <system-out/>
  <testcase classname="com.qa.drbest.ge.test.drbestBambusInterdentkidsTest" name="verifyWiestelltLink" time="12.513"/>
  <system-out/>
  <testcase classname="com.qa.drbest.ge.test.drbestBambusInterdentkidsTest" name="verifyFordertLink" time="16.916"/>
  <system-out/>
  <testcase classname="com.qa.drbest.ge.test.drbestBambusInterdentkidsTest" name="verifywiekannLink" time="12.567"/>
  <system-out/>
  <testcase classname="com.qa.drbest.ge.test.drbestBambusInterdentkidsTest" name="verifyWorausbestehtLink" time="12.663"/>
  <system-out/>
  <testcase classname="com.qa.drbest.ge.test.drbestBambusInterdentkidsTest" name="verifyWassmussLink" time="12.711"/>
  <system-out/>
</testsuite> <!-- com.qa.drbest.ge.test.drbestBambusInterdentkidsTest -->
