<?xml version="1.0" encoding="UTF-8"?>
<!-- Generated by org.testng.reporters.JUnitReportReporter -->
<testsuite hostname="WKWZTPqvmdckJHX" failures="0" tests="48" name="com.qa.bens.checklist.test.BeTotalTextTest" time="1060.480" errors="0" timestamp="2023-07-07T13:59:48 IST" skipped="0">
  <testcase classname="com.qa.bens.checklist.test.BeTotalTextTest" name="verifyBeTotal" time="22.577"/>
  <system-out/>
  <testcase classname="com.qa.bens.checklist.test.BeTotalTextTest" name="verifyBeTotal" time="22.688"/>
  <system-out/>
  <testcase classname="com.qa.bens.checklist.test.BeTotalTextTest" name="verifyBeTotal" time="22.615"/>
  <system-out/>
  <testcase classname="com.qa.bens.checklist.test.BeTotalTextTest" name="verifyBeTotal" time="22.544"/>
  <system-out/>
  <testcase classname="com.qa.bens.checklist.test.BeTotalTextTest" name="verifyBeTotal" time="22.638"/>
  <system-out/>
  <testcase classname="com.qa.bens.checklist.test.BeTotalTextTest" name="verifyBeTotal" time="22.878"/>
  <system-out/>
  <testcase classname="com.qa.bens.checklist.test.BeTotalTextTest" name="verifyBeTotal" time="22.881"/>
  <system-out/>
  <testcase classname="com.qa.bens.checklist.test.BeTotalTextTest" name="verifyBeTotal" time="22.616"/>
  <system-out/>
  <testcase classname="com.qa.bens.checklist.test.BeTotalTextTest" name="verifyBeTotal" time="22.556"/>
  <system-out/>
  <testcase classname="com.qa.bens.checklist.test.BeTotalTextTest" name="verifyBeTotal" time="22.701"/>
  <system-out/>
  <testcase classname="com.qa.bens.checklist.test.BeTotalTextTest" name="verifyBeTotal" time="23.455"/>
  <system-out/>
  <testcase classname="com.qa.bens.checklist.test.BeTotalTextTest" name="verifyBeTotal" time="22.610"/>
  <system-out/>
  <testcase classname="com.qa.bens.checklist.test.BeTotalTextTest" name="verifyBeTotal" time="23.405"/>
  <system-out/>
  <testcase classname="com.qa.bens.checklist.test.BeTotalTextTest" name="verifyBeTotal" time="22.598"/>
  <system-out/>
  <testcase classname="com.qa.bens.checklist.test.BeTotalTextTest" name="verifyBeTotal" time="7.351"/>
  <system-out/>
  <testcase classname="com.qa.bens.checklist.test.BeTotalTextTest" name="verifyBeTotal" time="22.506"/>
  <system-out/>
  <testcase classname="com.qa.bens.checklist.test.BeTotalTextTest" name="verifyBeTotal" time="22.720"/>
  <system-out/>
  <testcase classname="com.qa.bens.checklist.test.BeTotalTextTest" name="verifyBeTotal" time="23.048"/>
  <system-out/>
  <testcase classname="com.qa.bens.checklist.test.BeTotalTextTest" name="verifyBeTotal" time="22.686"/>
  <system-out/>
  <testcase classname="com.qa.bens.checklist.test.BeTotalTextTest" name="verifyBeTotal" time="22.562"/>
  <system-out/>
  <testcase classname="com.qa.bens.checklist.test.BeTotalTextTest" name="verifyBeTotal" time="22.581"/>
  <system-out/>
  <testcase classname="com.qa.bens.checklist.test.BeTotalTextTest" name="verifyBeTotal" time="22.590"/>
  <system-out/>
  <testcase classname="com.qa.bens.checklist.test.BeTotalTextTest" name="verifyBeTotal" time="22.600"/>
  <system-out/>
  <testcase classname="com.qa.bens.checklist.test.BeTotalTextTest" name="verifyBeTotal" time="23.419"/>
  <system-out/>
  <testcase classname="com.qa.bens.checklist.test.BeTotalTextTest" name="verifyBeTotal" time="22.599"/>
  <system-out/>
  <testcase classname="com.qa.bens.checklist.test.BeTotalTextTest" name="verifyBeTotal" time="22.712"/>
  <system-out/>
  <testcase classname="com.qa.bens.checklist.test.BeTotalTextTest" name="verifyBeTotal" time="26.409"/>
  <system-out/>
  <testcase classname="com.qa.bens.checklist.test.BeTotalTextTest" name="verifyBeTotal" time="22.887"/>
  <system-out/>
  <testcase classname="com.qa.bens.checklist.test.BeTotalTextTest" name="verifyBeTotal" time="22.645"/>
  <system-out/>
  <testcase classname="com.qa.bens.checklist.test.BeTotalTextTest" name="verifyBeTotal" time="22.921"/>
  <system-out/>
  <testcase classname="com.qa.bens.checklist.test.BeTotalTextTest" name="verifyBeTotal" time="22.673"/>
  <system-out/>
  <testcase classname="com.qa.bens.checklist.test.BeTotalTextTest" name="verifyBeTotal" time="22.589"/>
  <system-out/>
  <testcase classname="com.qa.bens.checklist.test.BeTotalTextTest" name="verifyBeTotal" time="22.568"/>
  <system-out/>
  <testcase classname="com.qa.bens.checklist.test.BeTotalTextTest" name="verifyBeTotal" time="22.653"/>
  <system-out/>
  <testcase classname="com.qa.bens.checklist.test.BeTotalTextTest" name="verifyBeTotal" time="22.623"/>
  <system-out/>
  <testcase classname="com.qa.bens.checklist.test.BeTotalTextTest" name="verifyBeTotal" time="22.637"/>
  <system-out/>
  <testcase classname="com.qa.bens.checklist.test.BeTotalTextTest" name="verifyBeTotal" time="22.623"/>
  <system-out/>
  <testcase classname="com.qa.bens.checklist.test.BeTotalTextTest" name="verifyBeTotal" time="22.630"/>
  <system-out/>
  <testcase classname="com.qa.bens.checklist.test.BeTotalTextTest" name="verifyBeTotal" time="22.732"/>
  <system-out/>
  <testcase classname="com.qa.bens.checklist.test.BeTotalTextTest" name="verifyBeTotal" time="22.638"/>
  <system-out/>
  <testcase classname="com.qa.bens.checklist.test.BeTotalTextTest" name="verifyBeTotal" time="22.615"/>
  <system-out/>
  <testcase classname="com.qa.bens.checklist.test.BeTotalTextTest" name="verifyBeTotal" time="22.577"/>
  <system-out/>
  <testcase classname="com.qa.bens.checklist.test.BeTotalTextTest" name="verifyBeTotal" time="24.132"/>
  <system-out/>
  <testcase classname="com.qa.bens.checklist.test.BeTotalTextTest" name="verifyBeTotal" time="22.860"/>
  <system-out/>
  <testcase classname="com.qa.bens.checklist.test.BeTotalTextTest" name="verifyBeTotal" time="22.658"/>
  <system-out/>
  <testcase classname="com.qa.bens.checklist.test.BeTotalTextTest" name="verifyBeTotal" time="2.972"/>
  <system-out/>
  <testcase classname="com.qa.bens.checklist.test.BeTotalTextTest" name="verifyBeTotal" time="22.684"/>
  <system-out/>
  <testcase classname="com.qa.bens.checklist.test.BeTotalTextTest" name="verifyBeTotal" time="22.618"/>
  <system-out/>
</testsuite> <!-- com.qa.bens.checklist.test.BeTotalTextTest -->
