<?xml version="1.0" encoding="UTF-8"?>
<!-- Generated by org.testng.reporters.JUnitReportReporter -->
<testsuite hostname="WKWZTPqvmdckJHX" failures="0" tests="3" name="com.qa.caltrate.eng.test.CaltrateWhereToBuyTest" time="17.602" errors="0" timestamp="2023-05-01T22:31:50 IST" skipped="0">
  <testcase classname="com.qa.caltrate.eng.test.CaltrateWhereToBuyTest" name="cookieButton" time="8.518"/>
  <system-out/>
  <testcase classname="com.qa.caltrate.eng.test.CaltrateWhereToBuyTest" name="verifyBreadcrumbOne" time="4.837"/>
  <system-out/>
  <testcase classname="com.qa.caltrate.eng.test.CaltrateWhereToBuyTest" name="verifyBreadcrumbTwo" time="4.247"/>
  <system-out/>
</testsuite> <!-- com.qa.caltrate.eng.test.CaltrateWhereToBuyTest -->
