<?xml version="1.0" encoding="UTF-8"?>
<!-- Generated by org.testng.reporters.JUnitReportReporter -->
<testsuite hostname="WKWZTPqvmdckJHX" failures="0" tests="120" name="com.qa.bens.checklist.test.CentrumGneTest" time="4365.258" errors="0" timestamp="2023-06-19T13:11:36 IST" skipped="0">
  <testcase classname="com.qa.bens.checklist.test.CentrumGneTest" name="findingLearnArticles" time="42.739"/>
  <system-out/>
  <testcase classname="com.qa.bens.checklist.test.CentrumGneTest" name="findingLearnArticles" time="42.775"/>
  <system-out/>
  <testcase classname="com.qa.bens.checklist.test.CentrumGneTest" name="findingLearnArticles" time="42.721"/>
  <system-out/>
  <testcase classname="com.qa.bens.checklist.test.CentrumGneTest" name="findingLearnArticles" time="42.824"/>
  <system-out/>
  <testcase classname="com.qa.bens.checklist.test.CentrumGneTest" name="findingLearnArticles" time="23.481"/>
  <system-out/>
  <testcase classname="com.qa.bens.checklist.test.CentrumGneTest" name="findingLearnArticles" time="45.887"/>
  <system-out/>
  <testcase classname="com.qa.bens.checklist.test.CentrumGneTest" name="findingLearnArticles" time="43.373"/>
  <system-out/>
  <testcase classname="com.qa.bens.checklist.test.CentrumGneTest" name="findingLearnArticles" time="43.248"/>
  <system-out/>
  <testcase classname="com.qa.bens.checklist.test.CentrumGneTest" name="findingLearnArticles" time="43.465"/>
  <system-out/>
  <testcase classname="com.qa.bens.checklist.test.CentrumGneTest" name="findingLearnArticles" time="42.793"/>
  <system-out/>
  <testcase classname="com.qa.bens.checklist.test.CentrumGneTest" name="findingLearnArticles" time="23.463"/>
  <system-out/>
  <testcase classname="com.qa.bens.checklist.test.CentrumGneTest" name="findingLearnArticles" time="42.772"/>
  <system-out/>
  <testcase classname="com.qa.bens.checklist.test.CentrumGneTest" name="findingLearnArticles" time="42.709"/>
  <system-out/>
  <testcase classname="com.qa.bens.checklist.test.CentrumGneTest" name="findingLearnArticles" time="42.780"/>
  <system-out/>
  <testcase classname="com.qa.bens.checklist.test.CentrumGneTest" name="findingLearnArticles" time="23.346"/>
  <system-out/>
  <testcase classname="com.qa.bens.checklist.test.CentrumGneTest" name="findingLearnArticles" time="43.111"/>
  <system-out/>
  <testcase classname="com.qa.bens.checklist.test.CentrumGneTest" name="findingLearnArticles" time="42.635"/>
  <system-out/>
  <testcase classname="com.qa.bens.checklist.test.CentrumGneTest" name="findingLearnArticles" time="42.677"/>
  <system-out/>
  <testcase classname="com.qa.bens.checklist.test.CentrumGneTest" name="findingLearnArticles" time="42.763"/>
  <system-out/>
  <testcase classname="com.qa.bens.checklist.test.CentrumGneTest" name="findingLearnArticles" time="23.354"/>
  <system-out/>
  <testcase classname="com.qa.bens.checklist.test.CentrumGneTest" name="findingLearnArticles" time="42.816"/>
  <system-out/>
  <testcase classname="com.qa.bens.checklist.test.CentrumGneTest" name="findingLearnArticles" time="43.098"/>
  <system-out/>
  <testcase classname="com.qa.bens.checklist.test.CentrumGneTest" name="findingLearnArticles" time="43.081"/>
  <system-out/>
  <testcase classname="com.qa.bens.checklist.test.CentrumGneTest" name="findingLearnArticles" time="2.865"/>
  <system-out/>
  <testcase classname="com.qa.bens.checklist.test.CentrumGneTest" name="findingLearnArticles" time="23.675"/>
  <system-out/>
  <testcase classname="com.qa.bens.checklist.test.CentrumGneTest" name="findingLearnArticles" time="23.402"/>
  <system-out/>
  <testcase classname="com.qa.bens.checklist.test.CentrumGneTest" name="findingLearnArticles" time="42.771"/>
  <system-out/>
  <testcase classname="com.qa.bens.checklist.test.CentrumGneTest" name="findingLearnArticles" time="43.263"/>
  <system-out/>
  <testcase classname="com.qa.bens.checklist.test.CentrumGneTest" name="findingLearnArticles" time="42.793"/>
  <system-out/>
  <testcase classname="com.qa.bens.checklist.test.CentrumGneTest" name="findingLearnArticles" time="23.293"/>
  <system-out/>
  <testcase classname="com.qa.bens.checklist.test.CentrumGneTest" name="findingLearnArticles" time="42.834"/>
  <system-out/>
  <testcase classname="com.qa.bens.checklist.test.CentrumGneTest" name="findingLearnArticles" time="42.753"/>
  <system-out/>
  <testcase classname="com.qa.bens.checklist.test.CentrumGneTest" name="findingLearnArticles" time="23.867"/>
  <system-out/>
  <testcase classname="com.qa.bens.checklist.test.CentrumGneTest" name="findingLearnArticles" time="42.776"/>
  <system-out/>
  <testcase classname="com.qa.bens.checklist.test.CentrumGneTest" name="findingLearnArticles" time="42.678"/>
  <system-out/>
  <testcase classname="com.qa.bens.checklist.test.CentrumGneTest" name="findingLearnArticles" time="23.330"/>
  <system-out/>
  <testcase classname="com.qa.bens.checklist.test.CentrumGneTest" name="findingLearnArticles" time="24.031"/>
  <system-out/>
  <testcase classname="com.qa.bens.checklist.test.CentrumGneTest" name="findingLearnArticles" time="23.571"/>
  <system-out/>
  <testcase classname="com.qa.bens.checklist.test.CentrumGneTest" name="findingLearnArticles" time="42.641"/>
  <system-out/>
  <testcase classname="com.qa.bens.checklist.test.CentrumGneTest" name="findingLearnArticles" time="43.847"/>
  <system-out/>
  <testcase classname="com.qa.bens.checklist.test.CentrumGneTest" name="findingLearnArticles" time="42.710"/>
  <system-out/>
  <testcase classname="com.qa.bens.checklist.test.CentrumGneTest" name="findingLearnArticles" time="42.744"/>
  <system-out/>
  <testcase classname="com.qa.bens.checklist.test.CentrumGneTest" name="findingLearnArticles" time="42.651"/>
  <system-out/>
  <testcase classname="com.qa.bens.checklist.test.CentrumGneTest" name="findingLearnArticles" time="53.561"/>
  <system-out/>
  <testcase classname="com.qa.bens.checklist.test.CentrumGneTest" name="findingLearnArticles" time="42.725"/>
  <system-out/>
  <testcase classname="com.qa.bens.checklist.test.CentrumGneTest" name="findingLearnArticles" time="23.548"/>
  <system-out/>
  <testcase classname="com.qa.bens.checklist.test.CentrumGneTest" name="findingLearnArticles" time="23.123"/>
  <system-out/>
  <testcase classname="com.qa.bens.checklist.test.CentrumGneTest" name="findingLearnArticles" time="43.080"/>
  <system-out/>
  <testcase classname="com.qa.bens.checklist.test.CentrumGneTest" name="findingLearnArticles" time="42.714"/>
  <system-out/>
  <testcase classname="com.qa.bens.checklist.test.CentrumGneTest" name="findingLearnArticles" time="22.543"/>
  <system-out/>
  <testcase classname="com.qa.bens.checklist.test.CentrumGneTest" name="findingLearnArticles" time="43.129"/>
  <system-out/>
  <testcase classname="com.qa.bens.checklist.test.CentrumGneTest" name="findingLearnArticles" time="24.311"/>
  <system-out/>
  <testcase classname="com.qa.bens.checklist.test.CentrumGneTest" name="findingLearnArticles" time="42.812"/>
  <system-out/>
  <testcase classname="com.qa.bens.checklist.test.CentrumGneTest" name="findingLearnArticles" time="42.881"/>
  <system-out/>
  <testcase classname="com.qa.bens.checklist.test.CentrumGneTest" name="findingLearnArticles" time="24.042"/>
  <system-out/>
  <testcase classname="com.qa.bens.checklist.test.CentrumGneTest" name="findingLearnArticles" time="23.322"/>
  <system-out/>
  <testcase classname="com.qa.bens.checklist.test.CentrumGneTest" name="findingLearnArticles" time="42.777"/>
  <system-out/>
  <testcase classname="com.qa.bens.checklist.test.CentrumGneTest" name="findingLearnArticles" time="24.156"/>
  <system-out/>
  <testcase classname="com.qa.bens.checklist.test.CentrumGneTest" name="findingLearnArticles" time="42.862"/>
  <system-out/>
  <testcase classname="com.qa.bens.checklist.test.CentrumGneTest" name="findingLearnArticles" time="42.798"/>
  <system-out/>
  <testcase classname="com.qa.bens.checklist.test.CentrumGneTest" name="findingLearnArticles" time="23.350"/>
  <system-out/>
  <testcase classname="com.qa.bens.checklist.test.CentrumGneTest" name="findingLearnArticles" time="42.774"/>
  <system-out/>
  <testcase classname="com.qa.bens.checklist.test.CentrumGneTest" name="findingLearnArticles" time="42.769"/>
  <system-out/>
  <testcase classname="com.qa.bens.checklist.test.CentrumGneTest" name="findingLearnArticles" time="43.318"/>
  <system-out/>
  <testcase classname="com.qa.bens.checklist.test.CentrumGneTest" name="findingLearnArticles" time="42.765"/>
  <system-out/>
  <testcase classname="com.qa.bens.checklist.test.CentrumGneTest" name="findingLearnArticles" time="42.741"/>
  <system-out/>
  <testcase classname="com.qa.bens.checklist.test.CentrumGneTest" name="findingLearnArticles" time="43.039"/>
  <system-out/>
  <testcase classname="com.qa.bens.checklist.test.CentrumGneTest" name="findingLearnArticles" time="23.530"/>
  <system-out/>
  <testcase classname="com.qa.bens.checklist.test.CentrumGneTest" name="findingLearnArticles" time="23.329"/>
  <system-out/>
  <testcase classname="com.qa.bens.checklist.test.CentrumGneTest" name="findingLearnArticles" time="42.783"/>
  <system-out/>
  <testcase classname="com.qa.bens.checklist.test.CentrumGneTest" name="findingLearnArticles" time="42.803"/>
  <system-out/>
  <testcase classname="com.qa.bens.checklist.test.CentrumGneTest" name="findingLearnArticles" time="23.925"/>
  <system-out/>
  <testcase classname="com.qa.bens.checklist.test.CentrumGneTest" name="findingLearnArticles" time="43.237"/>
  <system-out/>
  <testcase classname="com.qa.bens.checklist.test.CentrumGneTest" name="findingLearnArticles" time="42.754"/>
  <system-out/>
  <testcase classname="com.qa.bens.checklist.test.CentrumGneTest" name="findingLearnArticles" time="23.010"/>
  <system-out/>
  <testcase classname="com.qa.bens.checklist.test.CentrumGneTest" name="findingLearnArticles" time="42.719"/>
  <system-out/>
  <testcase classname="com.qa.bens.checklist.test.CentrumGneTest" name="findingLearnArticles" time="43.168"/>
  <system-out/>
  <testcase classname="com.qa.bens.checklist.test.CentrumGneTest" name="findingLearnArticles" time="42.700"/>
  <system-out/>
  <testcase classname="com.qa.bens.checklist.test.CentrumGneTest" name="findingLearnArticles" time="42.738"/>
  <system-out/>
  <testcase classname="com.qa.bens.checklist.test.CentrumGneTest" name="findingLearnArticles" time="23.902"/>
  <system-out/>
  <testcase classname="com.qa.bens.checklist.test.CentrumGneTest" name="findingLearnArticles" time="42.714"/>
  <system-out/>
  <testcase classname="com.qa.bens.checklist.test.CentrumGneTest" name="findingLearnArticles" time="42.704"/>
  <system-out/>
  <testcase classname="com.qa.bens.checklist.test.CentrumGneTest" name="findingLearnArticles" time="23.393"/>
  <system-out/>
  <testcase classname="com.qa.bens.checklist.test.CentrumGneTest" name="findingLearnArticles" time="42.684"/>
  <system-out/>
  <testcase classname="com.qa.bens.checklist.test.CentrumGneTest" name="findingLearnArticles" time="23.647"/>
  <system-out/>
  <testcase classname="com.qa.bens.checklist.test.CentrumGneTest" name="findingLearnArticles" time="42.766"/>
  <system-out/>
  <testcase classname="com.qa.bens.checklist.test.CentrumGneTest" name="findingLearnArticles" time="42.745"/>
  <system-out/>
  <testcase classname="com.qa.bens.checklist.test.CentrumGneTest" name="findingLearnArticles" time="42.702"/>
  <system-out/>
  <testcase classname="com.qa.bens.checklist.test.CentrumGneTest" name="findingLearnArticles" time="23.893"/>
  <system-out/>
  <testcase classname="com.qa.bens.checklist.test.CentrumGneTest" name="findingLearnArticles" time="26.084"/>
  <system-out/>
  <testcase classname="com.qa.bens.checklist.test.CentrumGneTest" name="findingLearnArticles" time="42.786"/>
  <system-out/>
  <testcase classname="com.qa.bens.checklist.test.CentrumGneTest" name="findingLearnArticles" time="23.372"/>
  <system-out/>
  <testcase classname="com.qa.bens.checklist.test.CentrumGneTest" name="findingLearnArticles" time="42.839"/>
  <system-out/>
  <testcase classname="com.qa.bens.checklist.test.CentrumGneTest" name="findingLearnArticles" time="42.843"/>
  <system-out/>
  <testcase classname="com.qa.bens.checklist.test.CentrumGneTest" name="findingLearnArticles" time="42.741"/>
  <system-out/>
  <testcase classname="com.qa.bens.checklist.test.CentrumGneTest" name="findingLearnArticles" time="42.872"/>
  <system-out/>
  <testcase classname="com.qa.bens.checklist.test.CentrumGneTest" name="findingLearnArticles" time="42.803"/>
  <system-out/>
  <testcase classname="com.qa.bens.checklist.test.CentrumGneTest" name="findingLearnArticles" time="42.772"/>
  <system-out/>
  <testcase classname="com.qa.bens.checklist.test.CentrumGneTest" name="findingLearnArticles" time="24.123"/>
  <system-out/>
  <testcase classname="com.qa.bens.checklist.test.CentrumGneTest" name="findingLearnArticles" time="28.516"/>
  <system-out/>
  <testcase classname="com.qa.bens.checklist.test.CentrumGneTest" name="findingLearnArticles" time="42.684"/>
  <system-out/>
  <testcase classname="com.qa.bens.checklist.test.CentrumGneTest" name="findingLearnArticles" time="42.659"/>
  <system-out/>
  <testcase classname="com.qa.bens.checklist.test.CentrumGneTest" name="findingLearnArticles" time="42.757"/>
  <system-out/>
  <testcase classname="com.qa.bens.checklist.test.CentrumGneTest" name="findingLearnArticles" time="23.118"/>
  <system-out/>
  <testcase classname="com.qa.bens.checklist.test.CentrumGneTest" name="findingLearnArticles" time="42.825"/>
  <system-out/>
  <testcase classname="com.qa.bens.checklist.test.CentrumGneTest" name="findingLearnArticles" time="42.688"/>
  <system-out/>
  <testcase classname="com.qa.bens.checklist.test.CentrumGneTest" name="findingLearnArticles" time="23.993"/>
  <system-out/>
  <testcase classname="com.qa.bens.checklist.test.CentrumGneTest" name="findingLearnArticles" time="32.731"/>
  <system-out/>
  <testcase classname="com.qa.bens.checklist.test.CentrumGneTest" name="findingLearnArticles" time="43.923"/>
  <system-out/>
  <testcase classname="com.qa.bens.checklist.test.CentrumGneTest" name="findingLearnArticles" time="42.695"/>
  <system-out/>
  <testcase classname="com.qa.bens.checklist.test.CentrumGneTest" name="findingLearnArticles" time="24.702"/>
  <system-out/>
  <testcase classname="com.qa.bens.checklist.test.CentrumGneTest" name="findingLearnArticles" time="42.877"/>
  <system-out/>
  <testcase classname="com.qa.bens.checklist.test.CentrumGneTest" name="findingLearnArticles" time="42.755"/>
  <system-out/>
  <testcase classname="com.qa.bens.checklist.test.CentrumGneTest" name="findingLearnArticles" time="42.770"/>
  <system-out/>
  <testcase classname="com.qa.bens.checklist.test.CentrumGneTest" name="findingLearnArticles" time="24.049"/>
  <system-out/>
  <testcase classname="com.qa.bens.checklist.test.CentrumGneTest" name="findingLearnArticles" time="43.296"/>
  <system-out/>
  <testcase classname="com.qa.bens.checklist.test.CentrumGneTest" name="findingLearnArticles" time="43.662"/>
  <system-out/>
  <testcase classname="com.qa.bens.checklist.test.CentrumGneTest" name="findingLearnArticles" time="23.781"/>
  <system-out/>
  <testcase classname="com.qa.bens.checklist.test.CentrumGneTest" name="findingLearnArticles" time="4.816"/>
  <system-out/>
  <testcase classname="com.qa.bens.checklist.test.CentrumGneTest" name="findingLearnArticles" time="23.334"/>
  <system-out/>
</testsuite> <!-- com.qa.bens.checklist.test.CentrumGneTest -->
