<?xml version="1.0" encoding="UTF-8"?>
<!-- Generated by org.testng.reporters.JUnitReportReporter -->
<testsuite hostname="WKWZTPqvmdckJHX" failures="0" tests="18" name="com.qa.tums.eng.test.TumsAntacidProductsChewyDelightsTest" time="475.310" errors="0" timestamp="2023-01-23T12:28:36 IST" skipped="2">
  <testcase classname="com.qa.tums.eng.test.TumsAntacidProductsChewyDelightsTest" name="verifyCookie" time="11.070"/>
  <system-out/>
  <testcase classname="com.qa.tums.eng.test.TumsAntacidProductsChewyDelightsTest" name="verifyBreadCrumbHome" time="36.217"/>
  <system-out/>
  <testcase classname="com.qa.tums.eng.test.TumsAntacidProductsChewyDelightsTest" name="verifyBreadCrumbOne" time="30.697"/>
  <system-out/>
  <testcase classname="com.qa.tums.eng.test.TumsAntacidProductsChewyDelightsTest" name="verifyWriteAReview" time="31.731"/>
  <system-out/>
  <testcase classname="com.qa.tums.eng.test.TumsAntacidProductsChewyDelightsTest" name="verifyBuyNow" time="15.420"/>
  <system-out/>
  <testcase classname="com.qa.tums.eng.test.TumsAntacidProductsChewyDelightsTest" name="verifyBuyNow" time="26.218">
    <skipped/>
  </testcase> <!-- verifyBuyNow -->
  <system-out/>
  <testcase classname="com.qa.tums.eng.test.TumsAntacidProductsChewyDelightsTest" name="verifyGetCoupon" time="47.100"/>
  <system-out/>
  <testcase classname="com.qa.tums.eng.test.TumsAntacidProductsChewyDelightsTest" name="verifyTabNavigationOne" time="13.368"/>
  <system-out/>
  <testcase classname="com.qa.tums.eng.test.TumsAntacidProductsChewyDelightsTest" name="verifyTabNavigationTwo" time="14.589"/>
  <system-out/>
  <testcase classname="com.qa.tums.eng.test.TumsAntacidProductsChewyDelightsTest" name="verifyTabNavigationThree" time="11.138"/>
  <system-out/>
  <testcase classname="com.qa.tums.eng.test.TumsAntacidProductsChewyDelightsTest" name="verifyTabNavigationFour" time="50.541"/>
  <system-out/>
  <testcase classname="com.qa.tums.eng.test.TumsAntacidProductsChewyDelightsTest" name="verifySeeProducts" time="24.297"/>
  <system-out/>
  <testcase classname="com.qa.tums.eng.test.TumsAntacidProductsChewyDelightsTest" name="verifyYoutube" time="38.565"/>
  <system-out/>
  <testcase classname="com.qa.tums.eng.test.TumsAntacidProductsChewyDelightsTest" name="verifyYoutube" time="36.814">
    <skipped/>
  </testcase> <!-- verifyYoutube -->
  <system-out/>
  <testcase classname="com.qa.tums.eng.test.TumsAntacidProductsChewyDelightsTest" name="verifyReadMore" time="30.325"/>
  <system-out/>
  <testcase classname="com.qa.tums.eng.test.TumsAntacidProductsChewyDelightsTest" name="verifyPrdtOne" time="13.972"/>
  <system-out/>
  <testcase classname="com.qa.tums.eng.test.TumsAntacidProductsChewyDelightsTest" name="verifyPrdtTwo" time="22.333"/>
  <system-out/>
  <testcase classname="com.qa.tums.eng.test.TumsAntacidProductsChewyDelightsTest" name="verifyPrdtThree" time="20.915"/>
  <system-out/>
</testsuite> <!-- com.qa.tums.eng.test.TumsAntacidProductsChewyDelightsTest -->
