<?xml version="1.0" encoding="UTF-8"?>
<!-- Generated by org.testng.reporters.JUnitReportReporter -->
<testsuite hostname="WKWZTPqvmdckJHX" failures="0" tests="1" name="com.qa.flonase.test.FlonaseSpringAllergiesCausesSymptomsTreatmentTest" time="12.301" errors="0" timestamp="2023-10-12T15:29:43 IST" skipped="0">
  <testcase classname="com.qa.flonase.test.FlonaseSpringAllergiesCausesSymptomsTreatmentTest" name="cookieButton" time="12.301"/>
  <system-out/>
</testsuite> <!-- com.qa.flonase.test.FlonaseSpringAllergiesCausesSymptomsTreatmentTest -->
