<?xml version="1.0" encoding="UTF-8"?>
<!-- Generated by org.testng.reporters.JUnitReportReporter -->
<testsuite hostname="WKWZTPqvmdckJHX" failures="0" tests="16" name="com.qa.voltarengel.test.VoltarengelHowToPreventArthritisTest" time="155.236" errors="0" timestamp="2023-04-23T23:50:50 IST" skipped="0">
  <testcase classname="com.qa.voltarengel.test.VoltarengelHowToPreventArthritisTest" name="cookieButton" time="5.446"/>
  <system-out/>
  <testcase classname="com.qa.voltarengel.test.VoltarengelHowToPreventArthritisTest" name="verifyBreadcrumbOne" time="12.064"/>
  <system-out/>
  <testcase classname="com.qa.voltarengel.test.VoltarengelHowToPreventArthritisTest" name="verifyBreadcrumbTwo" time="9.398"/>
  <system-out/>
  <testcase classname="com.qa.voltarengel.test.VoltarengelHowToPreventArthritisTest" name="verifyBreadcrumbThree" time="12.314"/>
  <system-out/>
  <testcase classname="com.qa.voltarengel.test.VoltarengelHowToPreventArthritisTest" name="verifyBreadcrumbFour" time="7.862"/>
  <system-out/>
  <testcase classname="com.qa.voltarengel.test.VoltarengelHowToPreventArthritisTest" name="verifyHyperLinkWrists" time="10.423"/>
  <system-out/>
  <testcase classname="com.qa.voltarengel.test.VoltarengelHowToPreventArthritisTest" name="verifyHyperLinkKnees" time="9.424"/>
  <system-out/>
  <testcase classname="com.qa.voltarengel.test.VoltarengelHowToPreventArthritisTest" name="verifyHyperLinkAnkles" time="11.660"/>
  <system-out/>
  <testcase classname="com.qa.voltarengel.test.VoltarengelHowToPreventArthritisTest" name="verifyHyperLinkFeet" time="10.610"/>
  <system-out/>
  <testcase classname="com.qa.voltarengel.test.VoltarengelHowToPreventArthritisTest" name="verifyHyperLinkPainReliefExercises" time="9.837"/>
  <system-out/>
  <testcase classname="com.qa.voltarengel.test.VoltarengelHowToPreventArthritisTest" name="verifyHyperLinkArthritisManagementTips" time="9.130"/>
  <system-out/>
  <testcase classname="com.qa.voltarengel.test.VoltarengelHowToPreventArthritisTest" name="verifyShowReference" time="5.752"/>
  <system-out/>
  <testcase classname="com.qa.voltarengel.test.VoltarengelHowToPreventArthritisTest" name="verifyRelatedArticleReadMoreOne" time="11.317"/>
  <system-out/>
  <testcase classname="com.qa.voltarengel.test.VoltarengelHowToPreventArthritisTest" name="verifyRelatedArticleReadMoreTwo" time="8.531"/>
  <system-out/>
  <testcase classname="com.qa.voltarengel.test.VoltarengelHowToPreventArthritisTest" name="verifyGetCoupons" time="10.249"/>
  <system-out/>
  <testcase classname="com.qa.voltarengel.test.VoltarengelHowToPreventArthritisTest" name="verifyBuyNow" time="11.219"/>
  <system-out/>
</testsuite> <!-- com.qa.voltarengel.test.VoltarengelHowToPreventArthritisTest -->
