<?xml version="1.0" encoding="UTF-8"?>
<!-- Generated by org.testng.reporters.JUnitReportReporter -->
<testsuite hostname="WKWZTPqvmdckJHX" failures="0" tests="3" name="com.qa.caltrate.eng.test.CaltrateContactUsTest" time="15.722" errors="0" timestamp="2023-02-09T13:02:42 IST" skipped="0">
  <testcase classname="com.qa.caltrate.eng.test.CaltrateContactUsTest" name="verifyCookieLink" time="3.445"/>
  <system-out/>
  <testcase classname="com.qa.caltrate.eng.test.CaltrateContactUsTest" name="verifyhomebreadcrumbsLink" time="2.304"/>
  <system-out/>
  <testcase classname="com.qa.caltrate.eng.test.CaltrateContactUsTest" name="verifycontactusbreadcrumbsLink" time="9.973"/>
  <system-out/>
</testsuite> <!-- com.qa.caltrate.eng.test.CaltrateContactUsTest -->
