<?xml version="1.0" encoding="UTF-8"?>
<!-- Generated by org.testng.reporters.JUnitReportReporter -->
<testsuite hostname="WKWZTPqvmdckJHX" failures="0" tests="12" name="com.qa.theraflu.test.TherafluWhatIsSinusHeadacheTest" time="169.434" errors="0" timestamp="2023-08-28T13:13:16 IST" skipped="0">
  <testcase classname="com.qa.theraflu.test.TherafluWhatIsSinusHeadacheTest" name="cookieButton" time="6.255"/>
  <system-out/>
  <testcase classname="com.qa.theraflu.test.TherafluWhatIsSinusHeadacheTest" name="verifyBreadcrumbOne" time="19.151"/>
  <system-out/>
  <testcase classname="com.qa.theraflu.test.TherafluWhatIsSinusHeadacheTest" name="verifyBreadcrumbTwo" time="14.104"/>
  <system-out/>
  <testcase classname="com.qa.theraflu.test.TherafluWhatIsSinusHeadacheTest" name="verifyBreadcrumbThree" time="16.208"/>
  <system-out/>
  <testcase classname="com.qa.theraflu.test.TherafluWhatIsSinusHeadacheTest" name="verifyHyperLinkOne" time="15.899"/>
  <system-out/>
  <testcase classname="com.qa.theraflu.test.TherafluWhatIsSinusHeadacheTest" name="verifyHyperLinkTwo" time="12.191"/>
  <system-out/>
  <testcase classname="com.qa.theraflu.test.TherafluWhatIsSinusHeadacheTest" name="verifyHyperLinkThree" time="12.994"/>
  <system-out/>
  <testcase classname="com.qa.theraflu.test.TherafluWhatIsSinusHeadacheTest" name="verifyReferences" time="20.494"/>
  <system-out/>
  <testcase classname="com.qa.theraflu.test.TherafluWhatIsSinusHeadacheTest" name="verifyRecommendedArticlesOne" time="15.796"/>
  <system-out/>
  <testcase classname="com.qa.theraflu.test.TherafluWhatIsSinusHeadacheTest" name="verifyRecommendedArticlesTwo" time="11.529"/>
  <system-out/>
  <testcase classname="com.qa.theraflu.test.TherafluWhatIsSinusHeadacheTest" name="verifyRecommendedArticlesThree" time="11.989"/>
  <system-out/>
  <testcase classname="com.qa.theraflu.test.TherafluWhatIsSinusHeadacheTest" name="verifyRecommendedArticlesFour" time="12.824"/>
  <system-out/>
</testsuite> <!-- com.qa.theraflu.test.TherafluWhatIsSinusHeadacheTest -->
