<?xml version="1.0" encoding="UTF-8"?>
<!-- Generated by org.testng.reporters.JUnitReportReporter -->
<testsuite hostname="WKWZTPqvmdckJHX" failures="0" tests="8" name="com.qa.bens.checklist.test.ServerCheckerTest" time="22.952" errors="0" timestamp="2023-06-08T11:56:50 IST" skipped="0">
  <testcase classname="com.qa.bens.checklist.test.ServerCheckerTest" name="ServerStatusChecker" time="2.695"/>
  <system-out/>
  <testcase classname="com.qa.bens.checklist.test.ServerCheckerTest" name="ServerStatusChecker" time="3.059"/>
  <system-out/>
  <testcase classname="com.qa.bens.checklist.test.ServerCheckerTest" name="ServerStatusChecker" time="2.716"/>
  <system-out/>
  <testcase classname="com.qa.bens.checklist.test.ServerCheckerTest" name="ServerStatusChecker" time="2.716"/>
  <system-out/>
  <testcase classname="com.qa.bens.checklist.test.ServerCheckerTest" name="ServerStatusChecker" time="3.045"/>
  <system-out/>
  <testcase classname="com.qa.bens.checklist.test.ServerCheckerTest" name="ServerStatusChecker" time="3.023"/>
  <system-out/>
  <testcase classname="com.qa.bens.checklist.test.ServerCheckerTest" name="ServerStatusChecker" time="2.890"/>
  <system-out/>
  <testcase classname="com.qa.bens.checklist.test.ServerCheckerTest" name="ServerStatusChecker" time="2.808"/>
  <system-out/>
</testsuite> <!-- com.qa.bens.checklist.test.ServerCheckerTest -->
