<?xml version="1.0" encoding="UTF-8"?>
<!-- Generated by org.testng.reporters.JUnitReportReporter -->
<testsuite hostname="WKWZTPqvmdckJHX" failures="0" tests="7" name="com.qa.tums.eng.test.TumsWhatDoesHeartBurnFeelLikeTest" time="179.714" errors="0" timestamp="2023-01-23T12:28:36 IST" skipped="0">
  <testcase classname="com.qa.tums.eng.test.TumsWhatDoesHeartBurnFeelLikeTest" name="verifyCookie" time="6.558"/>
  <system-out/>
  <testcase classname="com.qa.tums.eng.test.TumsWhatDoesHeartBurnFeelLikeTest" name="verifyBreadCrumbHome" time="30.792"/>
  <system-out/>
  <testcase classname="com.qa.tums.eng.test.TumsWhatDoesHeartBurnFeelLikeTest" name="verifyBreadCrumbOne" time="12.981"/>
  <system-out/>
  <testcase classname="com.qa.tums.eng.test.TumsWhatDoesHeartBurnFeelLikeTest" name="verifyYoutubeVideo" time="49.435"/>
  <system-out/>
  <testcase classname="com.qa.tums.eng.test.TumsWhatDoesHeartBurnFeelLikeTest" name="verifyHyperLinkOne" time="11.532"/>
  <system-out/>
  <testcase classname="com.qa.tums.eng.test.TumsWhatDoesHeartBurnFeelLikeTest" name="verifyHyperLinkTwo" time="42.927"/>
  <system-out/>
  <testcase classname="com.qa.tums.eng.test.TumsWhatDoesHeartBurnFeelLikeTest" name="verifySeeProducts" time="25.489"/>
  <system-out/>
</testsuite> <!-- com.qa.tums.eng.test.TumsWhatDoesHeartBurnFeelLikeTest -->
