<?xml version="1.0" encoding="UTF-8"?>
<!-- Generated by org.testng.reporters.JUnitReportReporter -->
<testsuite hostname="WKWZTPqvmdckJHX" failures="0" tests="10" name="com.qa.drbest.ge.test.drbestKinderpawpatrolMilchzahnTest" time="143.658" errors="0" timestamp="2023-04-10T02:26:07 IST" skipped="0">
  <testcase classname="com.qa.drbest.ge.test.drbestKinderpawpatrolMilchzahnTest" name="verifydrbestcookiePopupLink" time="44.836"/>
  <system-out/>
  <testcase classname="com.qa.drbest.ge.test.drbestKinderpawpatrolMilchzahnTest" name="verifyBuyNow1Link" time="14.473"/>
  <system-out/>
  <testcase classname="com.qa.drbest.ge.test.drbestKinderpawpatrolMilchzahnTest" name="verifyReviewLink" time="12.340"/>
  <system-out/>
  <testcase classname="com.qa.drbest.ge.test.drbestKinderpawpatrolMilchzahnTest" name="verifyReview1Link" time="18.423"/>
  <system-out/>
  <testcase classname="com.qa.drbest.ge.test.drbestKinderpawpatrolMilchzahnTest" name="verifyJuniorzahnLink" time="9.730"/>
  <system-out/>
  <testcase classname="com.qa.drbest.ge.test.drbestKinderpawpatrolMilchzahnTest" name="verifyJuniorzahnProductLink" time="7.598"/>
  <system-out/>
  <testcase classname="com.qa.drbest.ge.test.drbestKinderpawpatrolMilchzahnTest" name="verifyJuniorzahnBuYNowLink" time="8.384"/>
  <system-out/>
  <testcase classname="com.qa.drbest.ge.test.drbestKinderpawpatrolMilchzahnTest" name="verifyVibrationJuniorzahnLink" time="9.510"/>
  <system-out/>
  <testcase classname="com.qa.drbest.ge.test.drbestKinderpawpatrolMilchzahnTest" name="verifyVibrationJuniorzahnProductLink" time="9.122"/>
  <system-out/>
  <testcase classname="com.qa.drbest.ge.test.drbestKinderpawpatrolMilchzahnTest" name="verifyVibrationJuniorzahnBuYNowLink" time="9.242"/>
  <system-out/>
</testsuite> <!-- com.qa.drbest.ge.test.drbestKinderpawpatrolMilchzahnTest -->
