<?xml version="1.0" encoding="UTF-8"?>
<!-- Generated by org.testng.reporters.JUnitReportReporter -->
<testsuite hostname="WKWZTPqvmdckJHX" failures="0" tests="15" name="com.qa.sensodyne.us.test.SensodyneCompleteProtectionToothpasteTest" time="302.101" errors="0" timestamp="2023-01-24T13:39:38 IST" skipped="0">
  <testcase classname="com.qa.sensodyne.us.test.SensodyneCompleteProtectionToothpasteTest" name="cookieButton" time="12.437"/>
  <system-out/>
  <testcase classname="com.qa.sensodyne.us.test.SensodyneCompleteProtectionToothpasteTest" name="verifyBuyNowOne" time="17.144"/>
  <system-out/>
  <testcase classname="com.qa.sensodyne.us.test.SensodyneCompleteProtectionToothpasteTest" name="verifyGetCoupon" time="19.347"/>
  <system-out/>
  <testcase classname="com.qa.sensodyne.us.test.SensodyneCompleteProtectionToothpasteTest" name="verifyExtraFresh" time="23.697"/>
  <system-out/>
  <testcase classname="com.qa.sensodyne.us.test.SensodyneCompleteProtectionToothpasteTest" name="verifyIngredients" time="7.833"/>
  <system-out/>
  <testcase classname="com.qa.sensodyne.us.test.SensodyneCompleteProtectionToothpasteTest" name="verifyDirections" time="8.206"/>
  <system-out/>
  <testcase classname="com.qa.sensodyne.us.test.SensodyneCompleteProtectionToothpasteTest" name="verifyWarnings" time="8.107"/>
  <system-out/>
  <testcase classname="com.qa.sensodyne.us.test.SensodyneCompleteProtectionToothpasteTest" name="verifyMostPopularProductsOne" time="24.257"/>
  <system-out/>
  <testcase classname="com.qa.sensodyne.us.test.SensodyneCompleteProtectionToothpasteTest" name="verifyMostPopularProductsTwo" time="27.081"/>
  <system-out/>
  <testcase classname="com.qa.sensodyne.us.test.SensodyneCompleteProtectionToothpasteTest" name="verifyMostPopularProductsThree" time="21.912"/>
  <system-out/>
  <testcase classname="com.qa.sensodyne.us.test.SensodyneCompleteProtectionToothpasteTest" name="verifyMostPopularProductsFour" time="22.242"/>
  <system-out/>
  <testcase classname="com.qa.sensodyne.us.test.SensodyneCompleteProtectionToothpasteTest" name="verifyMostPopularProductsFive" time="39.217"/>
  <system-out/>
  <testcase classname="com.qa.sensodyne.us.test.SensodyneCompleteProtectionToothpasteTest" name="verifyGetYourCoupon" time="22.168"/>
  <system-out/>
  <testcase classname="com.qa.sensodyne.us.test.SensodyneCompleteProtectionToothpasteTest" name="verifyFindYourStore" time="25.993"/>
  <system-out/>
  <testcase classname="com.qa.sensodyne.us.test.SensodyneCompleteProtectionToothpasteTest" name="verifyBreadCrumb" time="22.460"/>
  <system-out/>
</testsuite> <!-- com.qa.sensodyne.us.test.SensodyneCompleteProtectionToothpasteTest -->
