<?xml version="1.0" encoding="UTF-8"?>
<!-- Generated by org.testng.reporters.JUnitReportReporter -->
<testsuite hostname="WKWZTPqvmdckJHX" failures="0" tests="123" name="com.qa.bens.checklist.test.H1TagVerificationTest" time="554.727" errors="0" timestamp="2023-08-08T16:50:04 IST" skipped="0">
  <testcase classname="com.qa.bens.checklist.test.H1TagVerificationTest" name="findingTheH1Tag" time="4.188"/>
  <system-out/>
  <testcase classname="com.qa.bens.checklist.test.H1TagVerificationTest" name="findingTheH1Tag" time="4.532"/>
  <system-out/>
  <testcase classname="com.qa.bens.checklist.test.H1TagVerificationTest" name="findingTheH1Tag" time="4.793"/>
  <system-out/>
  <testcase classname="com.qa.bens.checklist.test.H1TagVerificationTest" name="findingTheH1Tag" time="4.463"/>
  <system-out/>
  <testcase classname="com.qa.bens.checklist.test.H1TagVerificationTest" name="findingTheH1Tag" time="4.202"/>
  <system-out/>
  <testcase classname="com.qa.bens.checklist.test.H1TagVerificationTest" name="findingTheH1Tag" time="4.462"/>
  <system-out/>
  <testcase classname="com.qa.bens.checklist.test.H1TagVerificationTest" name="findingTheH1Tag" time="3.339"/>
  <system-out/>
  <testcase classname="com.qa.bens.checklist.test.H1TagVerificationTest" name="findingTheH1Tag" time="3.387"/>
  <system-out/>
  <testcase classname="com.qa.bens.checklist.test.H1TagVerificationTest" name="findingTheH1Tag" time="4.435"/>
  <system-out/>
  <testcase classname="com.qa.bens.checklist.test.H1TagVerificationTest" name="findingTheH1Tag" time="4.180"/>
  <system-out/>
  <testcase classname="com.qa.bens.checklist.test.H1TagVerificationTest" name="findingTheH1Tag" time="4.237"/>
  <system-out/>
  <testcase classname="com.qa.bens.checklist.test.H1TagVerificationTest" name="findingTheH1Tag" time="3.399"/>
  <system-out/>
  <testcase classname="com.qa.bens.checklist.test.H1TagVerificationTest" name="findingTheH1Tag" time="4.815"/>
  <system-out/>
  <testcase classname="com.qa.bens.checklist.test.H1TagVerificationTest" name="findingTheH1Tag" time="5.974"/>
  <system-out/>
  <testcase classname="com.qa.bens.checklist.test.H1TagVerificationTest" name="findingTheH1Tag" time="3.499"/>
  <system-out/>
  <testcase classname="com.qa.bens.checklist.test.H1TagVerificationTest" name="findingTheH1Tag" time="3.446"/>
  <system-out/>
  <testcase classname="com.qa.bens.checklist.test.H1TagVerificationTest" name="findingTheH1Tag" time="5.052"/>
  <system-out/>
  <testcase classname="com.qa.bens.checklist.test.H1TagVerificationTest" name="findingTheH1Tag" time="4.186"/>
  <system-out/>
  <testcase classname="com.qa.bens.checklist.test.H1TagVerificationTest" name="findingTheH1Tag" time="4.392"/>
  <system-out/>
  <testcase classname="com.qa.bens.checklist.test.H1TagVerificationTest" name="findingTheH1Tag" time="4.244"/>
  <system-out/>
  <testcase classname="com.qa.bens.checklist.test.H1TagVerificationTest" name="findingTheH1Tag" time="4.650"/>
  <system-out/>
  <testcase classname="com.qa.bens.checklist.test.H1TagVerificationTest" name="findingTheH1Tag" time="5.122"/>
  <system-out/>
  <testcase classname="com.qa.bens.checklist.test.H1TagVerificationTest" name="findingTheH1Tag" time="4.484"/>
  <system-out/>
  <testcase classname="com.qa.bens.checklist.test.H1TagVerificationTest" name="findingTheH1Tag" time="5.622"/>
  <system-out/>
  <testcase classname="com.qa.bens.checklist.test.H1TagVerificationTest" name="findingTheH1Tag" time="5.032"/>
  <system-out/>
  <testcase classname="com.qa.bens.checklist.test.H1TagVerificationTest" name="findingTheH1Tag" time="4.437"/>
  <system-out/>
  <testcase classname="com.qa.bens.checklist.test.H1TagVerificationTest" name="findingTheH1Tag" time="4.803"/>
  <system-out/>
  <testcase classname="com.qa.bens.checklist.test.H1TagVerificationTest" name="findingTheH1Tag" time="5.365"/>
  <system-out/>
  <testcase classname="com.qa.bens.checklist.test.H1TagVerificationTest" name="findingTheH1Tag" time="4.283"/>
  <system-out/>
  <testcase classname="com.qa.bens.checklist.test.H1TagVerificationTest" name="findingTheH1Tag" time="4.220"/>
  <system-out/>
  <testcase classname="com.qa.bens.checklist.test.H1TagVerificationTest" name="findingTheH1Tag" time="4.713"/>
  <system-out/>
  <testcase classname="com.qa.bens.checklist.test.H1TagVerificationTest" name="findingTheH1Tag" time="5.077"/>
  <system-out/>
  <testcase classname="com.qa.bens.checklist.test.H1TagVerificationTest" name="findingTheH1Tag" time="4.495"/>
  <system-out/>
  <testcase classname="com.qa.bens.checklist.test.H1TagVerificationTest" name="findingTheH1Tag" time="4.398"/>
  <system-out/>
  <testcase classname="com.qa.bens.checklist.test.H1TagVerificationTest" name="findingTheH1Tag" time="4.431"/>
  <system-out/>
  <testcase classname="com.qa.bens.checklist.test.H1TagVerificationTest" name="findingTheH1Tag" time="4.479"/>
  <system-out/>
  <testcase classname="com.qa.bens.checklist.test.H1TagVerificationTest" name="findingTheH1Tag" time="4.588"/>
  <system-out/>
  <testcase classname="com.qa.bens.checklist.test.H1TagVerificationTest" name="findingTheH1Tag" time="4.435"/>
  <system-out/>
  <testcase classname="com.qa.bens.checklist.test.H1TagVerificationTest" name="findingTheH1Tag" time="4.361"/>
  <system-out/>
  <testcase classname="com.qa.bens.checklist.test.H1TagVerificationTest" name="findingTheH1Tag" time="4.235"/>
  <system-out/>
  <testcase classname="com.qa.bens.checklist.test.H1TagVerificationTest" name="findingTheH1Tag" time="4.420"/>
  <system-out/>
  <testcase classname="com.qa.bens.checklist.test.H1TagVerificationTest" name="findingTheH1Tag" time="4.901"/>
  <system-out/>
  <testcase classname="com.qa.bens.checklist.test.H1TagVerificationTest" name="findingTheH1Tag" time="4.235"/>
  <system-out/>
  <testcase classname="com.qa.bens.checklist.test.H1TagVerificationTest" name="findingTheH1Tag" time="4.318"/>
  <system-out/>
  <testcase classname="com.qa.bens.checklist.test.H1TagVerificationTest" name="findingTheH1Tag" time="5.473"/>
  <system-out/>
  <testcase classname="com.qa.bens.checklist.test.H1TagVerificationTest" name="findingTheH1Tag" time="4.695"/>
  <system-out/>
  <testcase classname="com.qa.bens.checklist.test.H1TagVerificationTest" name="findingTheH1Tag" time="4.235"/>
  <system-out/>
  <testcase classname="com.qa.bens.checklist.test.H1TagVerificationTest" name="findingTheH1Tag" time="4.480"/>
  <system-out/>
  <testcase classname="com.qa.bens.checklist.test.H1TagVerificationTest" name="findingTheH1Tag" time="5.689"/>
  <system-out/>
  <testcase classname="com.qa.bens.checklist.test.H1TagVerificationTest" name="findingTheH1Tag" time="4.282"/>
  <system-out/>
  <testcase classname="com.qa.bens.checklist.test.H1TagVerificationTest" name="findingTheH1Tag" time="5.310"/>
  <system-out/>
  <testcase classname="com.qa.bens.checklist.test.H1TagVerificationTest" name="findingTheH1Tag" time="3.308"/>
  <system-out/>
  <testcase classname="com.qa.bens.checklist.test.H1TagVerificationTest" name="findingTheH1Tag" time="4.647"/>
  <system-out/>
  <testcase classname="com.qa.bens.checklist.test.H1TagVerificationTest" name="findingTheH1Tag" time="3.943"/>
  <system-out/>
  <testcase classname="com.qa.bens.checklist.test.H1TagVerificationTest" name="findingTheH1Tag" time="4.297"/>
  <system-out/>
  <testcase classname="com.qa.bens.checklist.test.H1TagVerificationTest" name="findingTheH1Tag" time="4.240"/>
  <system-out/>
  <testcase classname="com.qa.bens.checklist.test.H1TagVerificationTest" name="findingTheH1Tag" time="4.235"/>
  <system-out/>
  <testcase classname="com.qa.bens.checklist.test.H1TagVerificationTest" name="findingTheH1Tag" time="4.087"/>
  <system-out/>
  <testcase classname="com.qa.bens.checklist.test.H1TagVerificationTest" name="findingTheH1Tag" time="3.391"/>
  <system-out/>
  <testcase classname="com.qa.bens.checklist.test.H1TagVerificationTest" name="findingTheH1Tag" time="8.458"/>
  <system-out/>
  <testcase classname="com.qa.bens.checklist.test.H1TagVerificationTest" name="findingTheH1Tag" time="4.355"/>
  <system-out/>
  <testcase classname="com.qa.bens.checklist.test.H1TagVerificationTest" name="findingTheH1Tag" time="4.225"/>
  <system-out/>
  <testcase classname="com.qa.bens.checklist.test.H1TagVerificationTest" name="findingTheH1Tag" time="4.476"/>
  <system-out/>
  <testcase classname="com.qa.bens.checklist.test.H1TagVerificationTest" name="findingTheH1Tag" time="4.391"/>
  <system-out/>
  <testcase classname="com.qa.bens.checklist.test.H1TagVerificationTest" name="findingTheH1Tag" time="4.242"/>
  <system-out/>
  <testcase classname="com.qa.bens.checklist.test.H1TagVerificationTest" name="findingTheH1Tag" time="4.128"/>
  <system-out/>
  <testcase classname="com.qa.bens.checklist.test.H1TagVerificationTest" name="findingTheH1Tag" time="4.411"/>
  <system-out/>
  <testcase classname="com.qa.bens.checklist.test.H1TagVerificationTest" name="findingTheH1Tag" time="4.963"/>
  <system-out/>
  <testcase classname="com.qa.bens.checklist.test.H1TagVerificationTest" name="findingTheH1Tag" time="4.667"/>
  <system-out/>
  <testcase classname="com.qa.bens.checklist.test.H1TagVerificationTest" name="findingTheH1Tag" time="4.444"/>
  <system-out/>
  <testcase classname="com.qa.bens.checklist.test.H1TagVerificationTest" name="findingTheH1Tag" time="4.406"/>
  <system-out/>
  <testcase classname="com.qa.bens.checklist.test.H1TagVerificationTest" name="findingTheH1Tag" time="4.468"/>
  <system-out/>
  <testcase classname="com.qa.bens.checklist.test.H1TagVerificationTest" name="findingTheH1Tag" time="4.355"/>
  <system-out/>
  <testcase classname="com.qa.bens.checklist.test.H1TagVerificationTest" name="findingTheH1Tag" time="4.958"/>
  <system-out/>
  <testcase classname="com.qa.bens.checklist.test.H1TagVerificationTest" name="findingTheH1Tag" time="4.425"/>
  <system-out/>
  <testcase classname="com.qa.bens.checklist.test.H1TagVerificationTest" name="findingTheH1Tag" time="4.793"/>
  <system-out/>
  <testcase classname="com.qa.bens.checklist.test.H1TagVerificationTest" name="findingTheH1Tag" time="4.423"/>
  <system-out/>
  <testcase classname="com.qa.bens.checklist.test.H1TagVerificationTest" name="findingTheH1Tag" time="4.067"/>
  <system-out/>
  <testcase classname="com.qa.bens.checklist.test.H1TagVerificationTest" name="findingTheH1Tag" time="4.279"/>
  <system-out/>
  <testcase classname="com.qa.bens.checklist.test.H1TagVerificationTest" name="findingTheH1Tag" time="4.814"/>
  <system-out/>
  <testcase classname="com.qa.bens.checklist.test.H1TagVerificationTest" name="findingTheH1Tag" time="4.424"/>
  <system-out/>
  <testcase classname="com.qa.bens.checklist.test.H1TagVerificationTest" name="findingTheH1Tag" time="5.181"/>
  <system-out/>
  <testcase classname="com.qa.bens.checklist.test.H1TagVerificationTest" name="findingTheH1Tag" time="5.136"/>
  <system-out/>
  <testcase classname="com.qa.bens.checklist.test.H1TagVerificationTest" name="findingTheH1Tag" time="4.346"/>
  <system-out/>
  <testcase classname="com.qa.bens.checklist.test.H1TagVerificationTest" name="findingTheH1Tag" time="4.040"/>
  <system-out/>
  <testcase classname="com.qa.bens.checklist.test.H1TagVerificationTest" name="findingTheH1Tag" time="4.221"/>
  <system-out/>
  <testcase classname="com.qa.bens.checklist.test.H1TagVerificationTest" name="findingTheH1Tag" time="4.156"/>
  <system-out/>
  <testcase classname="com.qa.bens.checklist.test.H1TagVerificationTest" name="findingTheH1Tag" time="4.515"/>
  <system-out/>
  <testcase classname="com.qa.bens.checklist.test.H1TagVerificationTest" name="findingTheH1Tag" time="5.114"/>
  <system-out/>
  <testcase classname="com.qa.bens.checklist.test.H1TagVerificationTest" name="findingTheH1Tag" time="4.549"/>
  <system-out/>
  <testcase classname="com.qa.bens.checklist.test.H1TagVerificationTest" name="findingTheH1Tag" time="4.310"/>
  <system-out/>
  <testcase classname="com.qa.bens.checklist.test.H1TagVerificationTest" name="findingTheH1Tag" time="4.364"/>
  <system-out/>
  <testcase classname="com.qa.bens.checklist.test.H1TagVerificationTest" name="findingTheH1Tag" time="4.229"/>
  <system-out/>
  <testcase classname="com.qa.bens.checklist.test.H1TagVerificationTest" name="findingTheH1Tag" time="4.311"/>
  <system-out/>
  <testcase classname="com.qa.bens.checklist.test.H1TagVerificationTest" name="findingTheH1Tag" time="4.374"/>
  <system-out/>
  <testcase classname="com.qa.bens.checklist.test.H1TagVerificationTest" name="findingTheH1Tag" time="4.499"/>
  <system-out/>
  <testcase classname="com.qa.bens.checklist.test.H1TagVerificationTest" name="findingTheH1Tag" time="4.358"/>
  <system-out/>
  <testcase classname="com.qa.bens.checklist.test.H1TagVerificationTest" name="findingTheH1Tag" time="4.562"/>
  <system-out/>
  <testcase classname="com.qa.bens.checklist.test.H1TagVerificationTest" name="findingTheH1Tag" time="4.211"/>
  <system-out/>
  <testcase classname="com.qa.bens.checklist.test.H1TagVerificationTest" name="findingTheH1Tag" time="4.546"/>
  <system-out/>
  <testcase classname="com.qa.bens.checklist.test.H1TagVerificationTest" name="findingTheH1Tag" time="4.091"/>
  <system-out/>
  <testcase classname="com.qa.bens.checklist.test.H1TagVerificationTest" name="findingTheH1Tag" time="4.458"/>
  <system-out/>
  <testcase classname="com.qa.bens.checklist.test.H1TagVerificationTest" name="findingTheH1Tag" time="4.418"/>
  <system-out/>
  <testcase classname="com.qa.bens.checklist.test.H1TagVerificationTest" name="findingTheH1Tag" time="3.770"/>
  <system-out/>
  <testcase classname="com.qa.bens.checklist.test.H1TagVerificationTest" name="findingTheH1Tag" time="2.602"/>
  <system-out/>
  <testcase classname="com.qa.bens.checklist.test.H1TagVerificationTest" name="findingTheH1Tag" time="5.256"/>
  <system-out/>
  <testcase classname="com.qa.bens.checklist.test.H1TagVerificationTest" name="findingTheH1Tag" time="4.262"/>
  <system-out/>
  <testcase classname="com.qa.bens.checklist.test.H1TagVerificationTest" name="findingTheH1Tag" time="4.109"/>
  <system-out/>
  <testcase classname="com.qa.bens.checklist.test.H1TagVerificationTest" name="findingTheH1Tag" time="4.575"/>
  <system-out/>
  <testcase classname="com.qa.bens.checklist.test.H1TagVerificationTest" name="findingTheH1Tag" time="4.106"/>
  <system-out/>
  <testcase classname="com.qa.bens.checklist.test.H1TagVerificationTest" name="findingTheH1Tag" time="4.420"/>
  <system-out/>
  <testcase classname="com.qa.bens.checklist.test.H1TagVerificationTest" name="findingTheH1Tag" time="4.185"/>
  <system-out/>
  <testcase classname="com.qa.bens.checklist.test.H1TagVerificationTest" name="findingTheH1Tag" time="7.765"/>
  <system-out/>
  <testcase classname="com.qa.bens.checklist.test.H1TagVerificationTest" name="findingTheH1Tag" time="3.949"/>
  <system-out/>
  <testcase classname="com.qa.bens.checklist.test.H1TagVerificationTest" name="findingTheH1Tag" time="4.195"/>
  <system-out/>
  <testcase classname="com.qa.bens.checklist.test.H1TagVerificationTest" name="findingTheH1Tag" time="4.025"/>
  <system-out/>
  <testcase classname="com.qa.bens.checklist.test.H1TagVerificationTest" name="findingTheH1Tag" time="4.421"/>
  <system-out/>
  <testcase classname="com.qa.bens.checklist.test.H1TagVerificationTest" name="findingTheH1Tag" time="5.151"/>
  <system-out/>
  <testcase classname="com.qa.bens.checklist.test.H1TagVerificationTest" name="findingTheH1Tag" time="4.217"/>
  <system-out/>
  <testcase classname="com.qa.bens.checklist.test.H1TagVerificationTest" name="findingTheH1Tag" time="4.558"/>
  <system-out/>
  <testcase classname="com.qa.bens.checklist.test.H1TagVerificationTest" name="findingTheH1Tag" time="4.028"/>
  <system-out/>
  <testcase classname="com.qa.bens.checklist.test.H1TagVerificationTest" name="findingTheH1Tag" time="7.520"/>
  <system-out/>
  <testcase classname="com.qa.bens.checklist.test.H1TagVerificationTest" name="findingTheH1Tag" time="4.811"/>
  <system-out/>
</testsuite> <!-- com.qa.bens.checklist.test.H1TagVerificationTest -->
