<?xml version="1.0" encoding="UTF-8"?>
<!-- Generated by org.testng.reporters.JUnitReportReporter -->
<testsuite hostname="WKWZTPqvmdckJHX" failures="0" tests="7" name="com.qa.drbest.ge.test.drbestKinderCoolKidsTest" time="109.206" errors="0" timestamp="2023-04-10T02:26:07 IST" skipped="0">
  <testcase classname="com.qa.drbest.ge.test.drbestKinderCoolKidsTest" name="verifydrbestcookiePopupLink" time="44.032"/>
  <system-out/>
  <testcase classname="com.qa.drbest.ge.test.drbestKinderCoolKidsTest" name="verifyBuyNow1Link" time="7.731"/>
  <system-out/>
  <testcase classname="com.qa.drbest.ge.test.drbestKinderCoolKidsTest" name="verifyReviewLink" time="10.435"/>
  <system-out/>
  <testcase classname="com.qa.drbest.ge.test.drbestKinderCoolKidsTest" name="verifyReview1Link" time="20.756"/>
  <system-out/>
  <testcase classname="com.qa.drbest.ge.test.drbestKinderCoolKidsTest" name="verifyVibrationjuniorzahnLink" time="7.525"/>
  <system-out/>
  <testcase classname="com.qa.drbest.ge.test.drbestKinderCoolKidsTest" name="verifyVibrationjuniorzahnProductLink" time="8.500"/>
  <system-out/>
  <testcase classname="com.qa.drbest.ge.test.drbestKinderCoolKidsTest" name="verifyVibrationjuniorzahnBuyNowLink" time="10.227"/>
  <system-out/>
</testsuite> <!-- com.qa.drbest.ge.test.drbestKinderCoolKidsTest -->
