<?xml version="1.0" encoding="UTF-8"?>
<!-- Generated by org.testng.reporters.JUnitReportReporter -->
<testsuite hostname="WKWZTPqvmdckJHX" failures="0" tests="8" name="com.qa.sensodyne.us.test.SensodyneRecognizingSensitiveTeethTest" time="124.874" errors="0" timestamp="2023-01-24T13:00:48 IST" skipped="0">
  <testcase classname="com.qa.sensodyne.us.test.SensodyneRecognizingSensitiveTeethTest" name="cookieButton" time="7.789"/>
  <system-out/>
  <testcase classname="com.qa.sensodyne.us.test.SensodyneRecognizingSensitiveTeethTest" name="verifyLearnMore" time="11.372"/>
  <system-out/>
  <testcase classname="com.qa.sensodyne.us.test.SensodyneRecognizingSensitiveTeethTest" name="verifyMythVsTruth" time="38.966"/>
  <system-out/>
  <testcase classname="com.qa.sensodyne.us.test.SensodyneRecognizingSensitiveTeethTest" name="verifySensitivityAfterATrip" time="11.480"/>
  <system-out/>
  <testcase classname="com.qa.sensodyne.us.test.SensodyneRecognizingSensitiveTeethTest" name="verifyCavityOrSensitiveTeeth" time="10.918"/>
  <system-out/>
  <testcase classname="com.qa.sensodyne.us.test.SensodyneRecognizingSensitiveTeethTest" name="verifySensodyneOrPronamel" time="11.526"/>
  <system-out/>
  <testcase classname="com.qa.sensodyne.us.test.SensodyneRecognizingSensitiveTeethTest" name="verifyFindTheRightToothPaste" time="22.942"/>
  <system-out/>
  <testcase classname="com.qa.sensodyne.us.test.SensodyneRecognizingSensitiveTeethTest" name="verifyBreadCrumb" time="9.881"/>
  <system-out/>
</testsuite> <!-- com.qa.sensodyne.us.test.SensodyneRecognizingSensitiveTeethTest -->
