<?xml version="1.0" encoding="UTF-8"?>
<!-- Generated by org.testng.reporters.JUnitReportReporter -->
<testsuite hostname="WKWZTPqvmdckJHX" failures="0" tests="13" name="com.qa.drbest.ge.test.drbestVibrationJuniorzahnTest" time="219.193" errors="0" timestamp="2023-04-10T02:26:07 IST" skipped="0">
  <testcase classname="com.qa.drbest.ge.test.drbestVibrationJuniorzahnTest" name="verifydrbestcookiePopupLink" time="47.331"/>
  <system-out/>
  <testcase classname="com.qa.drbest.ge.test.drbestVibrationJuniorzahnTest" name="verifyBuyNow1Link" time="10.023"/>
  <system-out/>
  <testcase classname="com.qa.drbest.ge.test.drbestVibrationJuniorzahnTest" name="verifyReviewLink" time="12.290"/>
  <system-out/>
  <testcase classname="com.qa.drbest.ge.test.drbestVibrationJuniorzahnTest" name="verifyReview1Link" time="25.951"/>
  <system-out/>
  <testcase classname="com.qa.drbest.ge.test.drbestVibrationJuniorzahnTest" name="verifyMilichzahnLink" time="8.937"/>
  <system-out/>
  <testcase classname="com.qa.drbest.ge.test.drbestVibrationJuniorzahnTest" name="verifyMilichzahnProductLink" time="8.126"/>
  <system-out/>
  <testcase classname="com.qa.drbest.ge.test.drbestVibrationJuniorzahnTest" name="verifyMilichzahnBuyNowLink" time="13.885"/>
  <system-out/>
  <testcase classname="com.qa.drbest.ge.test.drbestVibrationJuniorzahnTest" name="verifyPawPatrolLink" time="8.748"/>
  <system-out/>
  <testcase classname="com.qa.drbest.ge.test.drbestVibrationJuniorzahnTest" name="verifyPawPatrolProductLink" time="8.305"/>
  <system-out/>
  <testcase classname="com.qa.drbest.ge.test.drbestVibrationJuniorzahnTest" name="verifyPawPatrolBuyNowLink" time="8.610"/>
  <system-out/>
  <testcase classname="com.qa.drbest.ge.test.drbestVibrationJuniorzahnTest" name="verifyCoolkidsLink" time="49.561"/>
  <system-out/>
  <testcase classname="com.qa.drbest.ge.test.drbestVibrationJuniorzahnTest" name="verifyCoolkidsProductLink" time="8.629"/>
  <system-out/>
  <testcase classname="com.qa.drbest.ge.test.drbestVibrationJuniorzahnTest" name="verifyCoolkidsBuyNowLink" time="8.797"/>
  <system-out/>
</testsuite> <!-- com.qa.drbest.ge.test.drbestVibrationJuniorzahnTest -->
