<?xml version="1.0" encoding="UTF-8"?>
<!-- Generated by org.testng.reporters.JUnitReportReporter -->
<testsuite hostname="WKWZTPqvmdckJHX" failures="0" tests="8" name="com.qa.drbest.ge.test.drbestClassicOriginalTest" time="126.606" errors="0" timestamp="2023-04-10T02:26:07 IST" skipped="1">
  <testcase classname="com.qa.drbest.ge.test.drbestClassicOriginalTest" name="verifydrbestcookiePopupLink" time="45.658"/>
  <system-out/>
  <testcase classname="com.qa.drbest.ge.test.drbestClassicOriginalTest" name="verifyBuyNow1Link" time="9.314"/>
  <system-out/>
  <testcase classname="com.qa.drbest.ge.test.drbestClassicOriginalTest" name="verifyReviewLink" time="15.999"/>
  <system-out/>
  <testcase classname="com.qa.drbest.ge.test.drbestClassicOriginalTest" name="verifyReview1Link" time="13.340"/>
  <system-out/>
  <testcase classname="com.qa.drbest.ge.test.drbestClassicOriginalTest" name="verifypolimedLink" time="10.889"/>
  <system-out/>
  <testcase classname="com.qa.drbest.ge.test.drbestClassicOriginalTest" name="verifypolimedProductLink" time="8.451"/>
  <system-out/>
  <testcase classname="com.qa.drbest.ge.test.drbestClassicOriginalTest" name="verifypolimedBuyNowLink" time="12.793"/>
  <system-out/>
  <testcase classname="com.qa.drbest.ge.test.drbestClassicOriginalTest" name="verifypolimedBuyNowLink" time="10.162">
    <skipped/>
  </testcase> <!-- verifypolimedBuyNowLink -->
  <system-out/>
</testsuite> <!-- com.qa.drbest.ge.test.drbestClassicOriginalTest -->
