<?xml version="1.0" encoding="UTF-8"?>
<!-- Generated by org.testng.reporters.JUnitReportReporter -->
<testsuite hostname="WKWZTPqvmdckJHX" failures="1" tests="19" name="com.qa.bens.checklist.test.BAUTicketTest" time="179.143" errors="0" timestamp="2023-05-03T19:11:41 IST" skipped="0">
  <testcase classname="com.qa.bens.checklist.test.BAUTicketTest" name="verifyRecommendedURL" time="9.168"/>
  <system-out/>
  <testcase classname="com.qa.bens.checklist.test.BAUTicketTest" name="verifyRecommendedURL" time="8.054"/>
  <system-out/>
  <testcase classname="com.qa.bens.checklist.test.BAUTicketTest" name="verifyRecommendedURL" time="8.805"/>
  <system-out/>
  <testcase classname="com.qa.bens.checklist.test.BAUTicketTest" name="verifyRecommendedURL" time="8.678"/>
  <system-out/>
  <testcase classname="com.qa.bens.checklist.test.BAUTicketTest" name="verifyRecommendedURL" time="16.553"/>
  <system-out/>
  <testcase classname="com.qa.bens.checklist.test.BAUTicketTest" name="verifyRecommendedURL" time="9.464"/>
  <system-out/>
  <testcase classname="com.qa.bens.checklist.test.BAUTicketTest" name="verifyRecommendedURL" time="8.779"/>
  <system-out/>
  <testcase classname="com.qa.bens.checklist.test.BAUTicketTest" name="verifyRecommendedURL" time="8.433"/>
  <system-out/>
  <testcase classname="com.qa.bens.checklist.test.BAUTicketTest" name="verifyRecommendedURL" time="8.425"/>
  <system-out/>
  <testcase classname="com.qa.bens.checklist.test.BAUTicketTest" name="verifyRecommendedURL" time="8.691"/>
  <system-out/>
  <testcase classname="com.qa.bens.checklist.test.BAUTicketTest" name="verifyRecommendedURL" time="9.752"/>
  <system-out/>
  <testcase classname="com.qa.bens.checklist.test.BAUTicketTest" name="verifyRecommendedURL" time="7.743"/>
  <system-out/>
  <testcase classname="com.qa.bens.checklist.test.BAUTicketTest" name="verifyRecommendedURL" time="9.464"/>
  <system-out/>
  <testcase classname="com.qa.bens.checklist.test.BAUTicketTest" name="verifyRecommendedURL" time="10.340"/>
  <system-out/>
  <testcase classname="com.qa.bens.checklist.test.BAUTicketTest" name="verifyRecommendedURL" time="9.277"/>
  <system-out/>
  <testcase classname="com.qa.bens.checklist.test.BAUTicketTest" name="verifyRecommendedURL" time="9.622"/>
  <system-out/>
  <testcase classname="com.qa.bens.checklist.test.BAUTicketTest" name="verifyRecommendedURL" time="8.615"/>
  <system-out/>
  <testcase classname="com.qa.bens.checklist.test.BAUTicketTest" name="verifyRecommendedURL" time="10.907"/>
  <system-out/>
  <testcase classname="com.qa.bens.checklist.test.BAUTicketTest" name="verifyRecommendedURL" time="8.373">
    <failure message="xpath is presented in the page expected [true] but found [false]" type="java.lang.AssertionError">
      <![CDATA[java.lang.AssertionError: xpath is presented in the page expected [true] but found [false]
at org.testng.Assert.fail(Assert.java:99)
at org.testng.Assert.failNotEquals(Assert.java:1037)
at org.testng.Assert.assertTrue(Assert.java:45)
at com.qa.bens.checklist.page.BAUTicketPage.checkxPathValue(BAUTicketPage.java:74)
at com.qa.bens.checklist.test.BAUTicketTest.verifyRecommendedURL(BAUTicketTest.java:22)
at java.base/jdk.internal.reflect.DirectMethodHandleAccessor.invoke(DirectMethodHandleAccessor.java:104)
at java.base/java.lang.reflect.Method.invoke(Method.java:577)
at org.testng.internal.MethodInvocationHelper.invokeMethod(MethodInvocationHelper.java:133)
at org.testng.internal.TestInvoker.invokeMethod(TestInvoker.java:598)
at org.testng.internal.TestInvoker.invokeTestMethod(TestInvoker.java:173)
at org.testng.internal.MethodRunner.runInSequence(MethodRunner.java:46)
at org.testng.internal.TestInvoker$MethodInvocationAgent.invoke(TestInvoker.java:824)
at org.testng.internal.TestInvoker.invokeTestMethods(TestInvoker.java:146)
at org.testng.internal.TestMethodWorker.invokeTestMethods(TestMethodWorker.java:146)
at org.testng.internal.TestMethodWorker.run(TestMethodWorker.java:128)
at java.base/java.util.ArrayList.forEach(ArrayList.java:1511)
at org.testng.TestRunner.privateRun(TestRunner.java:794)
at org.testng.TestRunner.run(TestRunner.java:596)
at org.testng.SuiteRunner.runTest(SuiteRunner.java:377)
at org.testng.SuiteRunner.runSequentially(SuiteRunner.java:371)
at org.testng.SuiteRunner.privateRun(SuiteRunner.java:332)
at org.testng.SuiteRunner.run(SuiteRunner.java:276)
at org.testng.SuiteRunnerWorker.runSuite(SuiteRunnerWorker.java:53)
at org.testng.SuiteRunnerWorker.run(SuiteRunnerWorker.java:96)
at org.testng.TestNG.runSuitesSequentially(TestNG.java:1212)
at org.testng.TestNG.runSuitesLocally(TestNG.java:1134)
at org.testng.TestNG.runSuites(TestNG.java:1063)
at org.testng.TestNG.run(TestNG.java:1031)
at org.testng.remote.AbstractRemoteTestNG.run(AbstractRemoteTestNG.java:115)
at org.testng.remote.RemoteTestNG.initAndRun(RemoteTestNG.java:251)
at org.testng.remote.RemoteTestNG.main(RemoteTestNG.java:77)
]]>
    </failure>
  </testcase> <!-- verifyRecommendedURL -->
  <system-out/>
</testsuite> <!-- com.qa.bens.checklist.test.BAUTicketTest -->
