<?xml version="1.0" encoding="UTF-8"?>
<!-- Generated by org.testng.reporters.JUnitReportReporter -->
<testsuite hostname="WKWZTPqvmdckJHX" failures="0" tests="27" name="com.qa.drbest.ge.test.drbestInterdentalTest" time="307.498" errors="0" timestamp="2023-04-10T02:26:07 IST" skipped="0">
  <testcase classname="com.qa.drbest.ge.test.drbestInterdentalTest" name="verifydrbestcookiePopupLink" time="43.946"/>
  <system-out/>
  <testcase classname="com.qa.drbest.ge.test.drbestInterdentalTest" name="verifyVerteileLink" time="7.540"/>
  <system-out/>
  <testcase classname="com.qa.drbest.ge.test.drbestInterdentalTest" name="verifyDetailsLink" time="7.045"/>
  <system-out/>
  <testcase classname="com.qa.drbest.ge.test.drbestInterdentalTest" name="verifyMaterialiansLink" time="7.047"/>
  <system-out/>
  <testcase classname="com.qa.drbest.ge.test.drbestInterdentalTest" name="verifyTippsLink" time="7.046"/>
  <system-out/>
  <testcase classname="com.qa.drbest.ge.test.drbestInterdentalTest" name="verifyGrozenLink" time="7.935"/>
  <system-out/>
  <testcase classname="com.qa.drbest.ge.test.drbestInterdentalTest" name="verifyBuyNowBtnLink" time="7.546"/>
  <system-out/>
  <testcase classname="com.qa.drbest.ge.test.drbestInterdentalTest" name="verifyWarumLink" time="11.704"/>
  <system-out/>
  <testcase classname="com.qa.drbest.ge.test.drbestInterdentalTest" name="verifyWiefindeLink" time="11.097"/>
  <system-out/>
  <testcase classname="com.qa.drbest.ge.test.drbestInterdentalTest" name="verifyKannichLink" time="11.179"/>
  <system-out/>
  <testcase classname="com.qa.drbest.ge.test.drbestInterdentalTest" name="verifyWieLink" time="11.212"/>
  <system-out/>
  <testcase classname="com.qa.drbest.ge.test.drbestInterdentalTest" name="verifyWastunLink" time="11.251"/>
  <system-out/>
  <testcase classname="com.qa.drbest.ge.test.drbestInterdentalTest" name="verifyWastun1Link" time="11.276"/>
  <system-out/>
  <testcase classname="com.qa.drbest.ge.test.drbestInterdentalTest" name="verifyVerwendetLink" time="11.212"/>
  <system-out/>
  <testcase classname="com.qa.drbest.ge.test.drbestInterdentalTest" name="verifyWielangeLink" time="11.157"/>
  <system-out/>
  <testcase classname="com.qa.drbest.ge.test.drbestInterdentalTest" name="verifyWiewendeLink" time="11.013"/>
  <system-out/>
  <testcase classname="com.qa.drbest.ge.test.drbestInterdentalTest" name="verifyWieBruckeLink" time="11.324"/>
  <system-out/>
  <testcase classname="com.qa.drbest.ge.test.drbestInterdentalTest" name="verifyWieImplantateLink" time="11.572"/>
  <system-out/>
  <testcase classname="com.qa.drbest.ge.test.drbestInterdentalTest" name="verifyGreenCleanLink" time="11.310"/>
  <system-out/>
  <testcase classname="com.qa.drbest.ge.test.drbestInterdentalTest" name="verifyNachwachsendenLink" time="18.811"/>
  <system-out/>
  <testcase classname="com.qa.drbest.ge.test.drbestInterdentalTest" name="verifyGreenCleanInterdentalLink" time="12.157"/>
  <system-out/>
  <testcase classname="com.qa.drbest.ge.test.drbestInterdentalTest" name="verifyWorausbesteLink" time="11.363"/>
  <system-out/>
  <testcase classname="com.qa.drbest.ge.test.drbestInterdentalTest" name="verifyWasbedutetLink" time="11.196"/>
  <system-out/>
  <testcase classname="com.qa.drbest.ge.test.drbestInterdentalTest" name="verifyBuyNow1Link" time="3.565"/>
  <system-out/>
  <testcase classname="com.qa.drbest.ge.test.drbestInterdentalTest" name="verifyWeitree1Link" time="13.475"/>
  <system-out/>
  <testcase classname="com.qa.drbest.ge.test.drbestInterdentalTest" name="verifyBuyNow2Link" time="3.630"/>
  <system-out/>
  <testcase classname="com.qa.drbest.ge.test.drbestInterdentalTest" name="verifyWeitree2Link" time="9.889"/>
  <system-out/>
</testsuite> <!-- com.qa.drbest.ge.test.drbestInterdentalTest -->
