<?xml version="1.0" encoding="UTF-8"?>
<!-- Generated by org.testng.reporters.JUnitReportReporter -->
<testsuite hostname="WKWZTPqvmdckJHX" failures="0" tests="13" name="com.qa.sensodyne.ca.test.SensodyneCaDeepCleanToothpasteTest" time="83.471" errors="0" timestamp="2023-05-22T15:21:18 IST" skipped="0">
  <testcase classname="com.qa.sensodyne.ca.test.SensodyneCaDeepCleanToothpasteTest" name="verifyBreadcrumbOne" time="7.280"/>
  <system-out/>
  <testcase classname="com.qa.sensodyne.ca.test.SensodyneCaDeepCleanToothpasteTest" name="verifyBreadcrumbTwo" time="6.853"/>
  <system-out/>
  <testcase classname="com.qa.sensodyne.ca.test.SensodyneCaDeepCleanToothpasteTest" name="verifyBreadcrumbThree" time="6.805"/>
  <system-out/>
  <testcase classname="com.qa.sensodyne.ca.test.SensodyneCaDeepCleanToothpasteTest" name="verifyBuyNow" time="5.975"/>
  <system-out/>
  <testcase classname="com.qa.sensodyne.ca.test.SensodyneCaDeepCleanToothpasteTest" name="verifyAvailableProductTextOne" time="5.764"/>
  <system-out/>
  <testcase classname="com.qa.sensodyne.ca.test.SensodyneCaDeepCleanToothpasteTest" name="verifyAvailableProductImgOne" time="6.231"/>
  <system-out/>
  <testcase classname="com.qa.sensodyne.ca.test.SensodyneCaDeepCleanToothpasteTest" name="verifyTabSection" time="2.930"/>
  <system-out/>
  <testcase classname="com.qa.sensodyne.ca.test.SensodyneCaDeepCleanToothpasteTest" name="verifyMostPopularProductOne" time="5.814"/>
  <system-out/>
  <testcase classname="com.qa.sensodyne.ca.test.SensodyneCaDeepCleanToothpasteTest" name="verifyMostPopularProductTwo" time="5.709"/>
  <system-out/>
  <testcase classname="com.qa.sensodyne.ca.test.SensodyneCaDeepCleanToothpasteTest" name="verifyMostPopularProductThree" time="5.828"/>
  <system-out/>
  <testcase classname="com.qa.sensodyne.ca.test.SensodyneCaDeepCleanToothpasteTest" name="verifyMostPopularProductFour" time="6.046"/>
  <system-out/>
  <testcase classname="com.qa.sensodyne.ca.test.SensodyneCaDeepCleanToothpasteTest" name="verifyMostPopularProductFive" time="5.725"/>
  <system-out/>
  <testcase classname="com.qa.sensodyne.ca.test.SensodyneCaDeepCleanToothpasteTest" name="verifyFindYourStore" time="12.511"/>
  <system-out/>
</testsuite> <!-- com.qa.sensodyne.ca.test.SensodyneCaDeepCleanToothpasteTest -->
