<?xml version="1.0" encoding="UTF-8"?>
<!-- Generated by org.testng.reporters.JUnitReportReporter -->
<testsuite hostname="WKWZTPqvmdckJHX" failures="0" tests="24" name="com.qa.bens.checklist.test.CheckListNbspTest" time="300.135" errors="0" timestamp="2023-11-08T19:29:02 IST" skipped="0">
  <testcase classname="com.qa.bens.checklist.test.CheckListNbspTest" name="verifyContainerId" time="12.717"/>
  <system-out/>
  <testcase classname="com.qa.bens.checklist.test.CheckListNbspTest" name="verifyContainerId" time="11.930"/>
  <system-out/>
  <testcase classname="com.qa.bens.checklist.test.CheckListNbspTest" name="verifyContainerId" time="12.535"/>
  <system-out/>
  <testcase classname="com.qa.bens.checklist.test.CheckListNbspTest" name="verifyContainerId" time="11.909"/>
  <system-out/>
  <testcase classname="com.qa.bens.checklist.test.CheckListNbspTest" name="verifyContainerId" time="13.840"/>
  <system-out/>
  <testcase classname="com.qa.bens.checklist.test.CheckListNbspTest" name="verifyContainerId" time="12.116"/>
  <system-out/>
  <testcase classname="com.qa.bens.checklist.test.CheckListNbspTest" name="verifyContainerId" time="12.062"/>
  <system-out/>
  <testcase classname="com.qa.bens.checklist.test.CheckListNbspTest" name="verifyContainerId" time="12.293"/>
  <system-out/>
  <testcase classname="com.qa.bens.checklist.test.CheckListNbspTest" name="verifyContainerId" time="13.846"/>
  <system-out/>
  <testcase classname="com.qa.bens.checklist.test.CheckListNbspTest" name="verifyContainerId" time="12.855"/>
  <system-out/>
  <testcase classname="com.qa.bens.checklist.test.CheckListNbspTest" name="verifyContainerId" time="12.775"/>
  <system-out/>
  <testcase classname="com.qa.bens.checklist.test.CheckListNbspTest" name="verifyContainerId" time="12.118"/>
  <system-out/>
  <testcase classname="com.qa.bens.checklist.test.CheckListNbspTest" name="verifyContainerId" time="11.952"/>
  <system-out/>
  <testcase classname="com.qa.bens.checklist.test.CheckListNbspTest" name="verifyContainerId" time="11.999"/>
  <system-out/>
  <testcase classname="com.qa.bens.checklist.test.CheckListNbspTest" name="verifyContainerId" time="11.823"/>
  <system-out/>
  <testcase classname="com.qa.bens.checklist.test.CheckListNbspTest" name="verifyContainerId" time="11.948"/>
  <system-out/>
  <testcase classname="com.qa.bens.checklist.test.CheckListNbspTest" name="verifyContainerId" time="11.595"/>
  <system-out/>
  <testcase classname="com.qa.bens.checklist.test.CheckListNbspTest" name="verifyContainerId" time="11.923"/>
  <system-out/>
  <testcase classname="com.qa.bens.checklist.test.CheckListNbspTest" name="verifyContainerId" time="12.643"/>
  <system-out/>
  <testcase classname="com.qa.bens.checklist.test.CheckListNbspTest" name="verifyContainerId" time="13.370"/>
  <system-out/>
  <testcase classname="com.qa.bens.checklist.test.CheckListNbspTest" name="verifyContainerId" time="13.825"/>
  <system-out/>
  <testcase classname="com.qa.bens.checklist.test.CheckListNbspTest" name="verifyContainerId" time="11.835"/>
  <system-out/>
  <testcase classname="com.qa.bens.checklist.test.CheckListNbspTest" name="verifyContainerId" time="14.017"/>
  <system-out/>
  <testcase classname="com.qa.bens.checklist.test.CheckListNbspTest" name="verifyContainerId" time="12.209"/>
  <system-out/>
</testsuite> <!-- com.qa.bens.checklist.test.CheckListNbspTest -->
