<?xml version="1.0" encoding="UTF-8"?>
<!-- Generated by org.testng.reporters.JUnitReportReporter -->
<testsuite hostname="WKWZTPqvmdckJHX" failures="0" tests="9" name="com.qa.abreva.test.AbrevaMoneyManagementTipsTest" time="102.530" errors="0" timestamp="2023-05-16T23:32:44 IST" skipped="0">
  <testcase classname="com.qa.abreva.test.AbrevaMoneyManagementTipsTest" name="cookieButton" time="5.469"/>
  <system-out/>
  <testcase classname="com.qa.abreva.test.AbrevaMoneyManagementTipsTest" name="verifyBreadcrumbOne" time="9.927"/>
  <system-out/>
  <testcase classname="com.qa.abreva.test.AbrevaMoneyManagementTipsTest" name="verifyHyperLinkTriggerForColdSoreOutbreaks" time="21.214"/>
  <system-out/>
  <testcase classname="com.qa.abreva.test.AbrevaMoneyManagementTipsTest" name="verifyHyperLinkColdSoreOutbreaks" time="10.332"/>
  <system-out/>
  <testcase classname="com.qa.abreva.test.AbrevaMoneyManagementTipsTest" name="verifyHyperLinkAbrevaCream" time="13.619"/>
  <system-out/>
  <testcase classname="com.qa.abreva.test.AbrevaMoneyManagementTipsTest" name="verifyWholeCardSecOne" time="11.413"/>
  <system-out/>
  <testcase classname="com.qa.abreva.test.AbrevaMoneyManagementTipsTest" name="verifyWholeCardSecTwo" time="10.664"/>
  <system-out/>
  <testcase classname="com.qa.abreva.test.AbrevaMoneyManagementTipsTest" name="verifyWholeCardSecThree" time="9.474"/>
  <system-out/>
  <testcase classname="com.qa.abreva.test.AbrevaMoneyManagementTipsTest" name="verifyBuyNow" time="10.418"/>
  <system-out/>
</testsuite> <!-- com.qa.abreva.test.AbrevaMoneyManagementTipsTest -->
