<?xml version="1.0" encoding="UTF-8"?>
<!-- Generated by org.testng.reporters.JUnitReportReporter -->
<testsuite hostname="WKWZTPqvmdckJHX" failures="0" tests="6" name="com.qa.caltrate.ca.test.CaltrateSelectTest" time="47.112" errors="0" timestamp="2023-02-08T18:25:32 IST" skipped="0">
  <testcase classname="com.qa.caltrate.ca.test.CaltrateSelectTest" name="verifyBreadcrumbOne" time="10.770"/>
  <system-out/>
  <testcase classname="com.qa.caltrate.ca.test.CaltrateSelectTest" name="verifyBreadcrumbTwo" time="9.056"/>
  <system-out/>
  <testcase classname="com.qa.caltrate.ca.test.CaltrateSelectTest" name="verifyBreadcrumbThree" time="7.213"/>
  <system-out/>
  <testcase classname="com.qa.caltrate.ca.test.CaltrateSelectTest" name="verifyAcheter" time="6.503"/>
  <system-out/>
  <testcase classname="com.qa.caltrate.ca.test.CaltrateSelectTest" name="verifycoupon" time="8.112"/>
  <system-out/>
  <testcase classname="com.qa.caltrate.ca.test.CaltrateSelectTest" name="verifyProduits" time="5.458"/>
  <system-out/>
</testsuite> <!-- com.qa.caltrate.ca.test.CaltrateSelectTest -->
