<?xml version="1.0" encoding="UTF-8"?>
<!-- Generated by org.testng.reporters.JUnitReportReporter -->
<testsuite hostname="WKWZTPqvmdckJHX" failures="0" tests="10" name="com.qa.sensodyne.ca.test.SensodyneCaFastSensitiveTeethReliefProductsTest" time="74.877" errors="0" timestamp="2023-05-19T13:03:00 IST" skipped="0">
  <testcase classname="com.qa.sensodyne.ca.test.SensodyneCaFastSensitiveTeethReliefProductsTest" name="verifyProductTextOne" time="18.975"/>
  <system-out/>
  <testcase classname="com.qa.sensodyne.ca.test.SensodyneCaFastSensitiveTeethReliefProductsTest" name="verifyProductImgOne" time="5.893"/>
  <system-out/>
  <testcase classname="com.qa.sensodyne.ca.test.SensodyneCaFastSensitiveTeethReliefProductsTest" name="verifyProductBuyNowOne" time="5.578"/>
  <system-out/>
  <testcase classname="com.qa.sensodyne.ca.test.SensodyneCaFastSensitiveTeethReliefProductsTest" name="verifyProductTextTwo" time="7.381"/>
  <system-out/>
  <testcase classname="com.qa.sensodyne.ca.test.SensodyneCaFastSensitiveTeethReliefProductsTest" name="verifyProductImgTwo" time="5.513"/>
  <system-out/>
  <testcase classname="com.qa.sensodyne.ca.test.SensodyneCaFastSensitiveTeethReliefProductsTest" name="verifyProductBuyNowTwo" time="5.889"/>
  <system-out/>
  <testcase classname="com.qa.sensodyne.ca.test.SensodyneCaFastSensitiveTeethReliefProductsTest" name="verifyProductTextThree" time="7.441"/>
  <system-out/>
  <testcase classname="com.qa.sensodyne.ca.test.SensodyneCaFastSensitiveTeethReliefProductsTest" name="verifyProductImgThree" time="5.723"/>
  <system-out/>
  <testcase classname="com.qa.sensodyne.ca.test.SensodyneCaFastSensitiveTeethReliefProductsTest" name="verifyProductBuyNowThree" time="6.088"/>
  <system-out/>
  <testcase classname="com.qa.sensodyne.ca.test.SensodyneCaFastSensitiveTeethReliefProductsTest" name="verifyFindYourStore" time="6.396"/>
  <system-out/>
</testsuite> <!-- com.qa.sensodyne.ca.test.SensodyneCaFastSensitiveTeethReliefProductsTest -->
