<?xml version="1.0" encoding="UTF-8"?>
<!-- Generated by org.testng.reporters.JUnitReportReporter -->
<testsuite hostname="WKWZTPqvmdckJHX" failures="0" tests="11" name="com.qa.sensodyne.ca.test.SensodyneCaWhiteningPlusTartarFightingToothpasteTest" time="81.895" errors="0" timestamp="2023-05-23T14:26:51 IST" skipped="0">
  <testcase classname="com.qa.sensodyne.ca.test.SensodyneCaWhiteningPlusTartarFightingToothpasteTest" name="verifyBreadcrumbOne" time="8.493"/>
  <system-out/>
  <testcase classname="com.qa.sensodyne.ca.test.SensodyneCaWhiteningPlusTartarFightingToothpasteTest" name="verifyBreadcrumbTwo" time="9.881"/>
  <system-out/>
  <testcase classname="com.qa.sensodyne.ca.test.SensodyneCaWhiteningPlusTartarFightingToothpasteTest" name="verifyBreadcrumbThree" time="6.699"/>
  <system-out/>
  <testcase classname="com.qa.sensodyne.ca.test.SensodyneCaWhiteningPlusTartarFightingToothpasteTest" name="verifyBuyNow" time="6.723"/>
  <system-out/>
  <testcase classname="com.qa.sensodyne.ca.test.SensodyneCaWhiteningPlusTartarFightingToothpasteTest" name="verifyTabSection" time="4.475"/>
  <system-out/>
  <testcase classname="com.qa.sensodyne.ca.test.SensodyneCaWhiteningPlusTartarFightingToothpasteTest" name="verifyMostPopularProductOne" time="7.054"/>
  <system-out/>
  <testcase classname="com.qa.sensodyne.ca.test.SensodyneCaWhiteningPlusTartarFightingToothpasteTest" name="verifyMostPopularProductTwo" time="6.053"/>
  <system-out/>
  <testcase classname="com.qa.sensodyne.ca.test.SensodyneCaWhiteningPlusTartarFightingToothpasteTest" name="verifyMostPopularProductThree" time="6.119"/>
  <system-out/>
  <testcase classname="com.qa.sensodyne.ca.test.SensodyneCaWhiteningPlusTartarFightingToothpasteTest" name="verifyMostPopularProductFour" time="6.763"/>
  <system-out/>
  <testcase classname="com.qa.sensodyne.ca.test.SensodyneCaWhiteningPlusTartarFightingToothpasteTest" name="verifyMostPopularProductFive" time="6.062"/>
  <system-out/>
  <testcase classname="com.qa.sensodyne.ca.test.SensodyneCaWhiteningPlusTartarFightingToothpasteTest" name="verifyFindYourStore" time="13.573"/>
  <system-out/>
</testsuite> <!-- com.qa.sensodyne.ca.test.SensodyneCaWhiteningPlusTartarFightingToothpasteTest -->
