<?xml version="1.0" encoding="UTF-8"?>
<!-- Generated by org.testng.reporters.JUnitReportReporter -->
<testsuite hostname="WKWZTPqvmdckJHX" failures="0" tests="11" name="com.qa.biotene.test.biotenewhatisdrymouthTest" time="274.461" errors="0" timestamp="2023-04-03T07:36:54 IST" skipped="0">
  <testcase classname="com.qa.biotene.test.biotenewhatisdrymouthTest" name="verifyBiotenecookiePopupLink" time="129.385"/>
  <system-out/>
  <testcase classname="com.qa.biotene.test.biotenewhatisdrymouthTest" name="verifyHomeBreadcrumbsLink" time="12.415"/>
  <system-out/>
  <testcase classname="com.qa.biotene.test.biotenewhatisdrymouthTest" name="verifywhatisdrymouthBreadcrumbsLink" time="9.187"/>
  <system-out/>
  <testcase classname="com.qa.biotene.test.biotenewhatisdrymouthTest" name="verifydrymouth101_LearnmoreLink" time="14.500"/>
  <system-out/>
  <testcase classname="com.qa.biotene.test.biotenewhatisdrymouthTest" name="verifyMedicationdrymouth_LearnmoreLink" time="18.200"/>
  <system-out/>
  <testcase classname="com.qa.biotene.test.biotenewhatisdrymouthTest" name="verifySjogrensyndromeLink" time="14.586"/>
  <system-out/>
  <testcase classname="com.qa.biotene.test.biotenewhatisdrymouthTest" name="verifyDiabetesLink" time="8.243"/>
  <system-out/>
  <testcase classname="com.qa.biotene.test.biotenewhatisdrymouthTest" name="verifySchelerdermaLink" time="10.115"/>
  <system-out/>
  <testcase classname="com.qa.biotene.test.biotenewhatisdrymouthTest" name="verifyParkinsonDiseaesLink" time="15.875"/>
  <system-out/>
  <testcase classname="com.qa.biotene.test.biotenewhatisdrymouthTest" name="verifySymptomsdisease_learnmoreLink" time="25.034"/>
  <system-out/>
  <testcase classname="com.qa.biotene.test.biotenewhatisdrymouthTest" name="verifyCottonmouth_causes_learnmoreLink" time="16.921"/>
  <system-out/>
</testsuite> <!-- com.qa.biotene.test.biotenewhatisdrymouthTest -->
