<?xml version="1.0" encoding="UTF-8"?>
<!-- Generated by org.testng.reporters.JUnitReportReporter -->
<testsuite hostname="WKWZTPqvmdckJHX" failures="0" tests="16" name="com.qa.sensodyne.ca.test.SensodyneCaWhiterTeethProductsTest" time="127.578" errors="0" timestamp="2023-05-19T14:40:27 IST" skipped="0">
  <testcase classname="com.qa.sensodyne.ca.test.SensodyneCaWhiterTeethProductsTest" name="verifyProductTextOne" time="7.259"/>
  <system-out/>
  <testcase classname="com.qa.sensodyne.ca.test.SensodyneCaWhiterTeethProductsTest" name="verifyProductImgOne" time="6.416"/>
  <system-out/>
  <testcase classname="com.qa.sensodyne.ca.test.SensodyneCaWhiterTeethProductsTest" name="verifyProductBuyNowOne" time="6.405"/>
  <system-out/>
  <testcase classname="com.qa.sensodyne.ca.test.SensodyneCaWhiterTeethProductsTest" name="verifyProductTextTwo" time="9.950"/>
  <system-out/>
  <testcase classname="com.qa.sensodyne.ca.test.SensodyneCaWhiterTeethProductsTest" name="verifyProductImgTwo" time="6.393"/>
  <system-out/>
  <testcase classname="com.qa.sensodyne.ca.test.SensodyneCaWhiterTeethProductsTest" name="verifyProductBuyNowTwo" time="6.865"/>
  <system-out/>
  <testcase classname="com.qa.sensodyne.ca.test.SensodyneCaWhiterTeethProductsTest" name="verifyProductTextThree" time="8.661"/>
  <system-out/>
  <testcase classname="com.qa.sensodyne.ca.test.SensodyneCaWhiterTeethProductsTest" name="verifyProductImgThree" time="6.368"/>
  <system-out/>
  <testcase classname="com.qa.sensodyne.ca.test.SensodyneCaWhiterTeethProductsTest" name="verifyProductBuyNowThree" time="5.951"/>
  <system-out/>
  <testcase classname="com.qa.sensodyne.ca.test.SensodyneCaWhiterTeethProductsTest" name="verifyProductTextFour" time="9.435"/>
  <system-out/>
  <testcase classname="com.qa.sensodyne.ca.test.SensodyneCaWhiterTeethProductsTest" name="verifyProductImgFour" time="6.308"/>
  <system-out/>
  <testcase classname="com.qa.sensodyne.ca.test.SensodyneCaWhiterTeethProductsTest" name="verifyProductBuyNowFour" time="7.336"/>
  <system-out/>
  <testcase classname="com.qa.sensodyne.ca.test.SensodyneCaWhiterTeethProductsTest" name="verifyProductTextFive" time="8.979"/>
  <system-out/>
  <testcase classname="com.qa.sensodyne.ca.test.SensodyneCaWhiterTeethProductsTest" name="verifyProductImgFive" time="6.066"/>
  <system-out/>
  <testcase classname="com.qa.sensodyne.ca.test.SensodyneCaWhiterTeethProductsTest" name="verifyProductBuyNowFive" time="6.531"/>
  <system-out/>
  <testcase classname="com.qa.sensodyne.ca.test.SensodyneCaWhiterTeethProductsTest" name="verifyFindYourStore" time="18.655"/>
  <system-out/>
</testsuite> <!-- com.qa.sensodyne.ca.test.SensodyneCaWhiterTeethProductsTest -->
