<?xml version="1.0" encoding="UTF-8"?>
<!-- Generated by org.testng.reporters.JUnitReportReporter -->
<testsuite hostname="WKWZTPqvmdckJHX" failures="0" tests="20" name="com.qa.centrum.eng.test.CentrumSampleVitaminCBenefitTest" time="267.756" errors="1" timestamp="2023-02-03T11:36:41 IST" skipped="0">
  <testcase classname="com.qa.centrum.eng.test.CentrumSampleVitaminCBenefitTest" name="cookieButton" time="5.116"/>
  <system-out/>
  <testcase classname="com.qa.centrum.eng.test.CentrumSampleVitaminCBenefitTest" name="verifyVitaminCLinkOne" time="15.087"/>
  <system-out/>
  <testcase classname="com.qa.centrum.eng.test.CentrumSampleVitaminCBenefitTest" name="verifyVitaminCLinkTwo" time="11.989"/>
  <system-out/>
  <testcase classname="com.qa.centrum.eng.test.CentrumSampleVitaminCBenefitTest" name="verifyVitaminCLinkThree" time="13.340"/>
  <system-out/>
  <testcase classname="com.qa.centrum.eng.test.CentrumSampleVitaminCBenefitTest" name="verifyVitaminCLinkFour" time="10.192"/>
  <system-out/>
  <testcase classname="com.qa.centrum.eng.test.CentrumSampleVitaminCBenefitTest" name="verifyVitaminCLink" time="12.897"/>
  <system-out/>
  <testcase classname="com.qa.centrum.eng.test.CentrumSampleVitaminCBenefitTest" name="verifyProductWithVitaminLinkOne" time="25.925"/>
  <system-out/>
  <testcase classname="com.qa.centrum.eng.test.CentrumSampleVitaminCBenefitTest" name="verifyProductWithVitaminLinkTwo" time="19.841"/>
  <system-out/>
  <testcase classname="com.qa.centrum.eng.test.CentrumSampleVitaminCBenefitTest" name="verifyProductWithVitaminLinkThree" time="11.501"/>
  <system-out/>
  <testcase classname="com.qa.centrum.eng.test.CentrumSampleVitaminCBenefitTest" name="verifyProductWithVitaminLinkFour" time="11.302"/>
  <system-out/>
  <testcase classname="com.qa.centrum.eng.test.CentrumSampleVitaminCBenefitTest" name="verifyShowReference" time="25.277">
    <error message="Unable to scroll down the page" type="java.lang.Exception">
      <![CDATA[java.lang.Exception: Unable to scroll down the page
at com.qa.baseClass.BaseClass.scrollDownUsingElement(BaseClass.java:299)
at com.qa.centrum.eng.pages.CentrumVitaminCBenefitPage.clickShowReference(CentrumVitaminCBenefitPage.java:178)
at com.qa.centrum.eng.test.CentrumSampleVitaminCBenefitTest.verifyShowReference(CentrumSampleVitaminCBenefitTest.java:159)
at java.base/jdk.internal.reflect.DirectMethodHandleAccessor.invoke(DirectMethodHandleAccessor.java:104)
at java.base/java.lang.reflect.Method.invoke(Method.java:577)
at org.testng.internal.MethodInvocationHelper.invokeMethod(MethodInvocationHelper.java:133)
at org.testng.internal.TestInvoker.invokeMethod(TestInvoker.java:598)
at org.testng.internal.TestInvoker.invokeTestMethod(TestInvoker.java:173)
at org.testng.internal.MethodRunner.runInSequence(MethodRunner.java:46)
at org.testng.internal.TestInvoker$MethodInvocationAgent.invoke(TestInvoker.java:824)
at org.testng.internal.TestInvoker.invokeTestMethods(TestInvoker.java:146)
at org.testng.internal.TestMethodWorker.invokeTestMethods(TestMethodWorker.java:146)
at org.testng.internal.TestMethodWorker.run(TestMethodWorker.java:128)
at java.base/java.util.ArrayList.forEach(ArrayList.java:1511)
at org.testng.TestRunner.privateRun(TestRunner.java:794)
at org.testng.TestRunner.run(TestRunner.java:596)
at org.testng.SuiteRunner.runTest(SuiteRunner.java:377)
at org.testng.SuiteRunner.runSequentially(SuiteRunner.java:371)
at org.testng.SuiteRunner.privateRun(SuiteRunner.java:332)
at org.testng.SuiteRunner.run(SuiteRunner.java:276)
at org.testng.SuiteRunnerWorker.runSuite(SuiteRunnerWorker.java:53)
at org.testng.SuiteRunnerWorker.run(SuiteRunnerWorker.java:96)
at org.testng.TestNG.runSuitesSequentially(TestNG.java:1212)
at org.testng.TestNG.runSuitesLocally(TestNG.java:1134)
at org.testng.TestNG.runSuites(TestNG.java:1063)
at org.testng.TestNG.run(TestNG.java:1031)
at org.testng.remote.AbstractRemoteTestNG.run(AbstractRemoteTestNG.java:115)
at org.testng.remote.RemoteTestNG.initAndRun(RemoteTestNG.java:251)
at org.testng.remote.RemoteTestNG.main(RemoteTestNG.java:77)
]]>
    </error>
  </testcase> <!-- verifyShowReference -->
  <system-out/>
  <testcase classname="com.qa.centrum.eng.test.CentrumSampleVitaminCBenefitTest" name="verifyArticleOne" time="10.940"/>
  <system-out/>
  <testcase classname="com.qa.centrum.eng.test.CentrumSampleVitaminCBenefitTest" name="verifyArticleTwo" time="11.249"/>
  <system-out/>
  <testcase classname="com.qa.centrum.eng.test.CentrumSampleVitaminCBenefitTest" name="verifyArticleThree" time="11.833"/>
  <system-out/>
  <testcase classname="com.qa.centrum.eng.test.CentrumSampleVitaminCBenefitTest" name="verifyArticleFour" time="10.364"/>
  <system-out/>
  <testcase classname="com.qa.centrum.eng.test.CentrumSampleVitaminCBenefitTest" name="verifyBreadcrumbOne" time="15.629"/>
  <system-out/>
  <testcase classname="com.qa.centrum.eng.test.CentrumSampleVitaminCBenefitTest" name="verifyBreadcrumbTwo" time="12.282"/>
  <system-out/>
  <testcase classname="com.qa.centrum.eng.test.CentrumSampleVitaminCBenefitTest" name="verifyBreadcrumbThree" time="14.122"/>
  <system-out/>
  <testcase classname="com.qa.centrum.eng.test.CentrumSampleVitaminCBenefitTest" name="verifyBreadcrumbFour" time="10.547"/>
  <system-out/>
  <testcase classname="com.qa.centrum.eng.test.CentrumSampleVitaminCBenefitTest" name="verifyBreadcrumbFive" time="8.323"/>
  <system-out/>
</testsuite> <!-- com.qa.centrum.eng.test.CentrumSampleVitaminCBenefitTest -->
