<?xml version="1.0" encoding="UTF-8"?>
<!-- Generated by org.testng.reporters.JUnitReportReporter -->
<testsuite hostname="WKWZTPqvmdckJHX" failures="0" tests="10" name="com.qa.biotene.test.biotenedrymouthrelieftipsTest" time="264.899" errors="0" timestamp="2023-04-03T07:36:53 IST" skipped="0">
  <testcase classname="com.qa.biotene.test.biotenedrymouthrelieftipsTest" name="verifyBiotenecookiePopupLink" time="126.588"/>
  <system-out/>
  <testcase classname="com.qa.biotene.test.biotenedrymouthrelieftipsTest" name="verifyHomeBreadcrumbsLink" time="23.198"/>
  <system-out/>
  <testcase classname="com.qa.biotene.test.biotenedrymouthrelieftipsTest" name="verifyLivingdrymouthLinkbreadcrumbs" time="9.417"/>
  <system-out/>
  <testcase classname="com.qa.biotene.test.biotenedrymouthrelieftipsTest" name="verifyTipsBiotenebreadcrumbsLink" time="7.829"/>
  <system-out/>
  <testcase classname="com.qa.biotene.test.biotenedrymouthrelieftipsTest" name="verifydobetterthisyearbreadcrumbsLink" time="17.982"/>
  <system-out/>
  <testcase classname="com.qa.biotene.test.biotenedrymouthrelieftipsTest" name="verifyDailyRoutineLink" time="13.741"/>
  <system-out/>
  <testcase classname="com.qa.biotene.test.biotenedrymouthrelieftipsTest" name="verifynonirratingFluroideLink" time="21.596"/>
  <system-out/>
  <testcase classname="com.qa.biotene.test.biotenedrymouthrelieftipsTest" name="verifyReadmore1Link" time="12.778"/>
  <system-out/>
  <testcase classname="com.qa.biotene.test.biotenedrymouthrelieftipsTest" name="verifyReadmore2Link" time="19.058"/>
  <system-out/>
  <testcase classname="com.qa.biotene.test.biotenedrymouthrelieftipsTest" name="verifyReadmore3Link" time="12.712"/>
  <system-out/>
</testsuite> <!-- com.qa.biotene.test.biotenedrymouthrelieftipsTest -->
