<?xml version="1.0" encoding="UTF-8"?>
<!-- Generated by org.testng.reporters.JUnitReportReporter -->
<testsuite hostname="WKWZTPqvmdckJHX" failures="0" tests="1" name="com.qa.sensodyne.in.test.SensodyneInSensodyneDeepCleanToothpasteTest" time="24.022" errors="0" timestamp="2023-07-25T14:25:50 IST" skipped="0">
  <testcase classname="com.qa.sensodyne.in.test.SensodyneInSensodyneDeepCleanToothpasteTest" name="verifyTabSection" time="24.022"/>
  <system-out/>
</testsuite> <!-- com.qa.sensodyne.in.test.SensodyneInSensodyneDeepCleanToothpasteTest -->
