<?xml version="1.0" encoding="UTF-8"?>
<!-- Generated by org.testng.reporters.JUnitReportReporter -->
<testsuite hostname="WKWZTPqvmdckJHX" failures="0" tests="1" name="com.qa.theraflu.test.TherafluNighttimeSevereColdReliefHoneyLemonFlavorHotLiquidPowderTest" time="16.944" errors="0" timestamp="2023-09-22T11:25:32 IST" skipped="0">
  <testcase classname="com.qa.theraflu.test.TherafluNighttimeSevereColdReliefHoneyLemonFlavorHotLiquidPowderTest" name="cookieButton" time="16.944"/>
  <system-out/>
</testsuite> <!-- com.qa.theraflu.test.TherafluNighttimeSevereColdReliefHoneyLemonFlavorHotLiquidPowderTest -->
