<?xml version="1.0" encoding="UTF-8"?>
<!-- Generated by org.testng.reporters.JUnitReportReporter -->
<testsuite hostname="WKWZTPqvmdckJHX" failures="0" tests="2" name="com.qa.quit.test.QuitThePathToZeroTest" time="20.555" errors="0" timestamp="2023-08-03T12:28:39 IST" skipped="0">
  <testcase classname="com.qa.quit.test.QuitThePathToZeroTest" name="cookieButton" time="12.799"/>
  <system-out/>
  <testcase classname="com.qa.quit.test.QuitThePathToZeroTest" name="verifyBannerImgLink" time="7.756"/>
  <system-out/>
</testsuite> <!-- com.qa.quit.test.QuitThePathToZeroTest -->
