<?xml version="1.0" encoding="UTF-8"?>
<!-- Generated by org.testng.reporters.JUnitReportReporter -->
<testsuite hostname="WKWZTPqvmdckJHX" failures="0" tests="12" name="com.qa.theraflu.test.TherafluWhatCausesADryCoughTest" time="136.180" errors="0" timestamp="2023-08-25T14:48:21 IST" skipped="0">
  <testcase classname="com.qa.theraflu.test.TherafluWhatCausesADryCoughTest" name="cookieButton" time="5.095"/>
  <system-out/>
  <testcase classname="com.qa.theraflu.test.TherafluWhatCausesADryCoughTest" name="verifyBreadcrumbOne" time="16.854"/>
  <system-out/>
  <testcase classname="com.qa.theraflu.test.TherafluWhatCausesADryCoughTest" name="verifyBreadcrumbTwo" time="10.721"/>
  <system-out/>
  <testcase classname="com.qa.theraflu.test.TherafluWhatCausesADryCoughTest" name="verifyBreadcrumbThree" time="8.862"/>
  <system-out/>
  <testcase classname="com.qa.theraflu.test.TherafluWhatCausesADryCoughTest" name="verifyBreadcrumbFour" time="6.865"/>
  <system-out/>
  <testcase classname="com.qa.theraflu.test.TherafluWhatCausesADryCoughTest" name="verifyHyperLinkOne" time="21.046"/>
  <system-out/>
  <testcase classname="com.qa.theraflu.test.TherafluWhatCausesADryCoughTest" name="verifyHyperLinkTwo" time="8.224"/>
  <system-out/>
  <testcase classname="com.qa.theraflu.test.TherafluWhatCausesADryCoughTest" name="verifyReferences" time="7.870"/>
  <system-out/>
  <testcase classname="com.qa.theraflu.test.TherafluWhatCausesADryCoughTest" name="verifyRecommendedArticlesOne" time="11.311"/>
  <system-out/>
  <testcase classname="com.qa.theraflu.test.TherafluWhatCausesADryCoughTest" name="verifyRecommendedArticlesTwo" time="10.591"/>
  <system-out/>
  <testcase classname="com.qa.theraflu.test.TherafluWhatCausesADryCoughTest" name="verifyRecommendedArticlesThree" time="17.666"/>
  <system-out/>
  <testcase classname="com.qa.theraflu.test.TherafluWhatCausesADryCoughTest" name="verifyRecommendedArticlesFour" time="11.075"/>
  <system-out/>
</testsuite> <!-- com.qa.theraflu.test.TherafluWhatCausesADryCoughTest -->
