<?xml version="1.0" encoding="UTF-8"?>
<!-- Generated by org.testng.reporters.JUnitReportReporter -->
<testsuite hostname="WKWZTPqvmdckJHX" failures="0" tests="7" name="com.qa.biotene.test.BiotenedryMouthTipsBeachDayTest" time="185.864" errors="0" timestamp="2023-04-03T07:36:54 IST" skipped="1">
  <testcase classname="com.qa.biotene.test.BiotenedryMouthTipsBeachDayTest" name="cookieButton" time="125.707"/>
  <system-out/>
  <testcase classname="com.qa.biotene.test.BiotenedryMouthTipsBeachDayTest" name="verifyTAKETHEQUIZ" time="5.852"/>
  <system-out/>
  <testcase classname="com.qa.biotene.test.BiotenedryMouthTipsBeachDayTest" name="verifyREADMORE" time="9.500"/>
  <system-out/>
  <testcase classname="com.qa.biotene.test.BiotenedryMouthTipsBeachDayTest" name="verifyTAKETHEQUIZ" time="7.596">
    <skipped/>
  </testcase> <!-- verifyTAKETHEQUIZ -->
  <system-out/>
  <testcase classname="com.qa.biotene.test.BiotenedryMouthTipsBeachDayTest" name="verifyWaterAlone" time="20.916"/>
  <system-out/>
  <testcase classname="com.qa.biotene.test.BiotenedryMouthTipsBeachDayTest" name="verifySHOPNOW" time="9.293"/>
  <system-out/>
  <testcase classname="com.qa.biotene.test.BiotenedryMouthTipsBeachDayTest" name="verifyBiotÃ¨neMoisturizingSpray" time="7.000"/>
  <system-out/>
</testsuite> <!-- com.qa.biotene.test.BiotenedryMouthTipsBeachDayTest -->
