<?xml version="1.0" encoding="UTF-8"?>
<!-- Generated by org.testng.reporters.JUnitReportReporter -->
<testsuite hostname="WKWZTPqvmdckJHX" failures="0" tests="6" name="com.qa.bens.checklist.test.HttpsVsHttpRedirectionTest" time="29.117" errors="0" timestamp="2023-03-10T15:50:05 IST" skipped="0">
  <testcase classname="com.qa.bens.checklist.test.HttpsVsHttpRedirectionTest" name="checkListHttpsVsHttpRedirection" time="3.727"/>
  <system-out/>
  <testcase classname="com.qa.bens.checklist.test.HttpsVsHttpRedirectionTest" name="checkListHttpsVsHttpRedirection" time="2.699"/>
  <system-out/>
  <testcase classname="com.qa.bens.checklist.test.HttpsVsHttpRedirectionTest" name="checkListHttpsVsHttpRedirection" time="2.727"/>
  <system-out/>
  <testcase classname="com.qa.bens.checklist.test.HttpsVsHttpRedirectionTest" name="checkListHttpsVsHttpRedirection" time="6.149"/>
  <system-out/>
  <testcase classname="com.qa.bens.checklist.test.HttpsVsHttpRedirectionTest" name="checkListHttpsVsHttpRedirection" time="8.999"/>
  <system-out/>
  <testcase classname="com.qa.bens.checklist.test.HttpsVsHttpRedirectionTest" name="checkListHttpsVsHttpRedirection" time="4.816"/>
  <system-out/>
</testsuite> <!-- com.qa.bens.checklist.test.HttpsVsHttpRedirectionTest -->
