<?xml version="1.0" encoding="UTF-8"?>
<!-- Generated by org.testng.reporters.JUnitReportReporter -->
<testsuite hostname="WKWZTPqvmdckJHX" failures="0" tests="9" name="com.qa.abreva.test.AbrevaSleepTest" time="129.992" errors="0" timestamp="2023-05-16T23:32:44 IST" skipped="0">
  <testcase classname="com.qa.abreva.test.AbrevaSleepTest" name="cookieButton" time="6.347"/>
  <system-out/>
  <testcase classname="com.qa.abreva.test.AbrevaSleepTest" name="verifyBreadcrumbOne" time="14.557"/>
  <system-out/>
  <testcase classname="com.qa.abreva.test.AbrevaSleepTest" name="verifyCarouselActionNext" time="13.420"/>
  <system-out/>
  <testcase classname="com.qa.abreva.test.AbrevaSleepTest" name="verifyCarouselActionPrevious" time="9.765"/>
  <system-out/>
  <testcase classname="com.qa.abreva.test.AbrevaSleepTest" name="verifyWholeCardSecOne" time="16.199"/>
  <system-out/>
  <testcase classname="com.qa.abreva.test.AbrevaSleepTest" name="verifyWholeCardSecTwo" time="29.691"/>
  <system-out/>
  <testcase classname="com.qa.abreva.test.AbrevaSleepTest" name="verifyWholeCardSecThree" time="17.636"/>
  <system-out/>
  <testcase classname="com.qa.abreva.test.AbrevaSleepTest" name="verifyBuyNow" time="9.646"/>
  <system-out/>
  <testcase classname="com.qa.abreva.test.AbrevaSleepTest" name="verifyHyperLinkCarouselMovingDuringOne" time="12.731"/>
  <system-out/>
</testsuite> <!-- com.qa.abreva.test.AbrevaSleepTest -->
