<?xml version="1.0" encoding="UTF-8"?>
<!-- Generated by org.testng.reporters.JUnitReportReporter -->
<testsuite hostname="WKWZTPqvmdckJHX" failures="0" tests="4" name="com.qa.caltrate.ca.test.CaltrateContactUsTest" time="32.588" errors="0" timestamp="2023-02-08T17:55:54 IST" skipped="0">
  <testcase classname="com.qa.caltrate.ca.test.CaltrateContactUsTest" name="verifyBreadcrumbOne" time="10.519"/>
  <system-out/>
  <testcase classname="com.qa.caltrate.ca.test.CaltrateContactUsTest" name="verifyBreadcrumbTwo" time="2.007"/>
  <system-out/>
  <testcase classname="com.qa.caltrate.ca.test.CaltrateContactUsTest" name="verifyGetCoupons" time="8.613"/>
  <system-out/>
  <testcase classname="com.qa.caltrate.ca.test.CaltrateContactUsTest" name="verifyHealthySavingsImg" time="11.449"/>
  <system-out/>
</testsuite> <!-- com.qa.caltrate.ca.test.CaltrateContactUsTest -->
