<?xml version="1.0" encoding="UTF-8"?>
<!-- Generated by org.testng.reporters.JUnitReportReporter -->
<testsuite hostname="WKWZTPqvmdckJHX" failures="0" tests="9" name="com.qa.abreva.test.AbrevaManagingTeenageStressTest" time="114.463" errors="0" timestamp="2023-05-16T23:32:44 IST" skipped="0">
  <testcase classname="com.qa.abreva.test.AbrevaManagingTeenageStressTest" name="cookieButton" time="6.384"/>
  <system-out/>
  <testcase classname="com.qa.abreva.test.AbrevaManagingTeenageStressTest" name="verifyBreadcrumbOne" time="16.571"/>
  <system-out/>
  <testcase classname="com.qa.abreva.test.AbrevaManagingTeenageStressTest" name="verifyHyperLinkColdSores" time="15.249"/>
  <system-out/>
  <testcase classname="com.qa.abreva.test.AbrevaManagingTeenageStressTest" name="verifyHyperLinkWaysToRelax" time="25.368"/>
  <system-out/>
  <testcase classname="com.qa.abreva.test.AbrevaManagingTeenageStressTest" name="verifyHyperLinkRegularExercise" time="14.452"/>
  <system-out/>
  <testcase classname="com.qa.abreva.test.AbrevaManagingTeenageStressTest" name="verifyHyperLinkAbrevaColdSoreCream" time="11.523"/>
  <system-out/>
  <testcase classname="com.qa.abreva.test.AbrevaManagingTeenageStressTest" name="verifyHyperLinkSleep" time="8.151"/>
  <system-out/>
  <testcase classname="com.qa.abreva.test.AbrevaManagingTeenageStressTest" name="verifyReadOurLipCareTips" time="8.224"/>
  <system-out/>
  <testcase classname="com.qa.abreva.test.AbrevaManagingTeenageStressTest" name="verifyBuyNow" time="8.541"/>
  <system-out/>
</testsuite> <!-- com.qa.abreva.test.AbrevaManagingTeenageStressTest -->
