<?xml version="1.0" encoding="UTF-8"?>
<!-- Generated by org.testng.reporters.JUnitReportReporter -->
<testsuite hostname="WKWZTPqvmdckJHX" failures="0" tests="9" name="com.qa.sensodyne.us.test.Sensodynebrushingflossingteeth_Test" time="176.444" errors="0" timestamp="2023-01-04T11:04:02 IST" skipped="0">
  <testcase classname="com.qa.sensodyne.us.test.Sensodynebrushingflossingteeth_Test" name="cookieButton" time="86.368"/>
  <system-out/>
  <testcase classname="com.qa.sensodyne.us.test.Sensodynebrushingflossingteeth_Test" name="VerifyWhiteningSensitiveTeethBreadCrumbs_Button" time="5.101"/>
  <system-out/>
  <testcase classname="com.qa.sensodyne.us.test.Sensodynebrushingflossingteeth_Test" name="VerifyBrushingflossingcauseTeethBreadCrumbs_Button" time="4.125"/>
  <system-out/>
  <testcase classname="com.qa.sensodyne.us.test.Sensodynebrushingflossingteeth_Test" name="VerifySensodyneToothpaste_Button" time="18.549"/>
  <system-out/>
  <testcase classname="com.qa.sensodyne.us.test.Sensodynebrushingflossingteeth_Test" name="VerifySensodyneToothpaste1_Button" time="12.325"/>
  <system-out/>
  <testcase classname="com.qa.sensodyne.us.test.Sensodynebrushingflossingteeth_Test" name="VerifyRelatedArticle1_Button" time="13.706"/>
  <system-out/>
  <testcase classname="com.qa.sensodyne.us.test.Sensodynebrushingflossingteeth_Test" name="VerifyRelatedArticle2_Button" time="11.587"/>
  <system-out/>
  <testcase classname="com.qa.sensodyne.us.test.Sensodynebrushingflossingteeth_Test" name="VerifyRelatedArticle3_Button" time="10.959"/>
  <system-out/>
  <testcase classname="com.qa.sensodyne.us.test.Sensodynebrushingflossingteeth_Test" name="VerifyRelatedArticle4_Button" time="13.724"/>
  <system-out/>
</testsuite> <!-- com.qa.sensodyne.us.test.Sensodynebrushingflossingteeth_Test -->
