<?xml version="1.0" encoding="UTF-8"?>
<!-- Generated by org.testng.reporters.JUnitReportReporter -->
<testsuite hostname="WKWZTPqvmdckJHX" failures="0" tests="25" name="com.qa.drbest.ge.test.drbestErwachseneTest" time="278.261" errors="0" timestamp="2023-04-10T02:26:07 IST" skipped="0">
  <testcase classname="com.qa.drbest.ge.test.drbestErwachseneTest" name="verifydrbestcookiePopupLink" time="44.041"/>
  <system-out/>
  <testcase classname="com.qa.drbest.ge.test.drbestErwachseneTest" name="verifyYouTubeLink" time="4.009"/>
  <system-out/>
  <testcase classname="com.qa.drbest.ge.test.drbestErwachseneTest" name="verifyVibrationPolimedLink" time="12.960"/>
  <system-out/>
  <testcase classname="com.qa.drbest.ge.test.drbestErwachseneTest" name="verifyVibrationPolimedProductLink" time="7.842"/>
  <system-out/>
  <testcase classname="com.qa.drbest.ge.test.drbestErwachseneTest" name="verifyVibrationPolimedBuyNowLink" time="14.515"/>
  <system-out/>
  <testcase classname="com.qa.drbest.ge.test.drbestErwachseneTest" name="verifyVibrationMultiExpertLink" time="9.141"/>
  <system-out/>
  <testcase classname="com.qa.drbest.ge.test.drbestErwachseneTest" name="verifyVibrationMultiExpertProductLink" time="7.853"/>
  <system-out/>
  <testcase classname="com.qa.drbest.ge.test.drbestErwachseneTest" name="verifyVibrationMultiExpertBuyNowLink" time="8.398"/>
  <system-out/>
  <testcase classname="com.qa.drbest.ge.test.drbestErwachseneTest" name="verifyXZwischenzahnLink" time="7.448"/>
  <system-out/>
  <testcase classname="com.qa.drbest.ge.test.drbestErwachseneTest" name="verifyXZwischenzahnProductLink" time="7.273"/>
  <system-out/>
  <testcase classname="com.qa.drbest.ge.test.drbestErwachseneTest" name="verifyXZwischenzahnBuyNowLink" time="8.608"/>
  <system-out/>
  <testcase classname="com.qa.drbest.ge.test.drbestErwachseneTest" name="verifyQuiz1Link" time="12.916"/>
  <system-out/>
  <testcase classname="com.qa.drbest.ge.test.drbestErwachseneTest" name="verifyQuiz2Link" time="11.740"/>
  <system-out/>
  <testcase classname="com.qa.drbest.ge.test.drbestErwachseneTest" name="verifyQuiz3Link" time="10.415"/>
  <system-out/>
  <testcase classname="com.qa.drbest.ge.test.drbestErwachseneTest" name="verifyQuiz4Link" time="11.242"/>
  <system-out/>
  <testcase classname="com.qa.drbest.ge.test.drbestErwachseneTest" name="verifyQuiz5Link" time="9.999"/>
  <system-out/>
  <testcase classname="com.qa.drbest.ge.test.drbestErwachseneTest" name="verifyQuiz6Link" time="7.601"/>
  <system-out/>
  <testcase classname="com.qa.drbest.ge.test.drbestErwachseneTest" name="verifyQuiz7Link" time="9.555"/>
  <system-out/>
  <testcase classname="com.qa.drbest.ge.test.drbestErwachseneTest" name="verifyQuiz8Link" time="9.955"/>
  <system-out/>
  <testcase classname="com.qa.drbest.ge.test.drbestErwachseneTest" name="verifyGesundeLink" time="7.829"/>
  <system-out/>
  <testcase classname="com.qa.drbest.ge.test.drbestErwachseneTest" name="verifyGesunde1Link" time="8.951"/>
  <system-out/>
  <testcase classname="com.qa.drbest.ge.test.drbestErwachseneTest" name="verifyWiebekommeLink" time="20.659"/>
  <system-out/>
  <testcase classname="com.qa.drbest.ge.test.drbestErwachseneTest" name="verifyWiebekomme1Link" time="7.410"/>
  <system-out/>
  <testcase classname="com.qa.drbest.ge.test.drbestErwachseneTest" name="verifyZahnpflegeLink" time="7.525"/>
  <system-out/>
  <testcase classname="com.qa.drbest.ge.test.drbestErwachseneTest" name="verifyZahnpflege1Link" time="10.376"/>
  <system-out/>
</testsuite> <!-- com.qa.drbest.ge.test.drbestErwachseneTest -->
