<?xml version="1.0" encoding="UTF-8"?>
<!-- Generated by org.testng.reporters.JUnitReportReporter -->
<testsuite hostname="WKWZTPqvmdckJHX" failures="0" tests="5" name="com.qa.bens.checklist.test.CheckListNbspTest" time="15.827" errors="0" timestamp="2023-12-23T21:54:36 IST" skipped="0">
  <testcase classname="com.qa.bens.checklist.test.CheckListNbspTest" name="verifyTM" time="3.391"/>
  <system-out/>
  <testcase classname="com.qa.bens.checklist.test.CheckListNbspTest" name="verifyTM" time="2.796"/>
  <system-out/>
  <testcase classname="com.qa.bens.checklist.test.CheckListNbspTest" name="verifyTM" time="2.986"/>
  <system-out/>
  <testcase classname="com.qa.bens.checklist.test.CheckListNbspTest" name="verifyTM" time="2.783"/>
  <system-out/>
  <testcase classname="com.qa.bens.checklist.test.CheckListNbspTest" name="verifyTM" time="3.871"/>
  <system-out/>
</testsuite> <!-- com.qa.bens.checklist.test.CheckListNbspTest -->
