<?xml version="1.0" encoding="UTF-8"?>
<!-- Generated by org.testng.reporters.JUnitReportReporter -->
<testsuite hostname="WKWZTPqvmdckJHX" failures="0" tests="1" name="com.qa.sensodyne.in.test.SensodyneInSensitiveToothpasteTest" time="12.505" errors="0" timestamp="2023-07-20T14:01:21 IST" skipped="0">
  <testcase classname="com.qa.sensodyne.in.test.SensodyneInSensitiveToothpasteTest" name="verifyPrdtCardBuyNow" time="12.505"/>
  <system-out/>
</testsuite> <!-- com.qa.sensodyne.in.test.SensodyneInSensitiveToothpasteTest -->
