<?xml version="1.0" encoding="UTF-8"?>
<!-- Generated by org.testng.reporters.JUnitReportReporter -->
<testsuite hostname="WKWZTPqvmdckJHX" failures="15" tests="578" name="com.qa.bens.checklist.test.BAUEmergenceTest" time="13661.627" errors="0" timestamp="2023-04-13T02:39:50 IST" skipped="0">
  <testcase classname="com.qa.bens.checklist.test.BAUEmergenceTest" name="verifyRecommendedURL" time="25.317"/>
  <system-out/>
  <testcase classname="com.qa.bens.checklist.test.BAUEmergenceTest" name="verifyRecommendedURL" time="24.831"/>
  <system-out/>
  <testcase classname="com.qa.bens.checklist.test.BAUEmergenceTest" name="verifyRecommendedURL" time="23.984"/>
  <system-out/>
  <testcase classname="com.qa.bens.checklist.test.BAUEmergenceTest" name="verifyRecommendedURL" time="24.585"/>
  <system-out/>
  <testcase classname="com.qa.bens.checklist.test.BAUEmergenceTest" name="verifyRecommendedURL" time="3.539">
    <failure message="xpath is presented in the page expected [true] but found [false]" type="java.lang.AssertionError">
      <![CDATA[java.lang.AssertionError: xpath is presented in the page expected [true] but found [false]
at org.testng.Assert.fail(Assert.java:99)
at org.testng.Assert.failNotEquals(Assert.java:1037)
at org.testng.Assert.assertTrue(Assert.java:45)
at com.qa.bens.checklist.page.BAUEmergencePage.checkxPathValue(BAUEmergencePage.java:59)
at com.qa.bens.checklist.test.BAUEmergenceTest.verifyRecommendedURL(BAUEmergenceTest.java:22)
at java.base/jdk.internal.reflect.DirectMethodHandleAccessor.invoke(DirectMethodHandleAccessor.java:104)
at java.base/java.lang.reflect.Method.invoke(Method.java:577)
at org.testng.internal.MethodInvocationHelper.invokeMethod(MethodInvocationHelper.java:133)
at org.testng.internal.TestInvoker.invokeMethod(TestInvoker.java:598)
at org.testng.internal.TestInvoker.invokeTestMethod(TestInvoker.java:173)
at org.testng.internal.MethodRunner.runInSequence(MethodRunner.java:46)
at org.testng.internal.TestInvoker$MethodInvocationAgent.invoke(TestInvoker.java:824)
at org.testng.internal.TestInvoker.invokeTestMethods(TestInvoker.java:146)
at org.testng.internal.TestMethodWorker.invokeTestMethods(TestMethodWorker.java:146)
at org.testng.internal.TestMethodWorker.run(TestMethodWorker.java:128)
at java.base/java.util.ArrayList.forEach(ArrayList.java:1511)
at org.testng.TestRunner.privateRun(TestRunner.java:794)
at org.testng.TestRunner.run(TestRunner.java:596)
at org.testng.SuiteRunner.runTest(SuiteRunner.java:377)
at org.testng.SuiteRunner.runSequentially(SuiteRunner.java:371)
at org.testng.SuiteRunner.privateRun(SuiteRunner.java:332)
at org.testng.SuiteRunner.run(SuiteRunner.java:276)
at org.testng.SuiteRunnerWorker.runSuite(SuiteRunnerWorker.java:53)
at org.testng.SuiteRunnerWorker.run(SuiteRunnerWorker.java:96)
at org.testng.TestNG.runSuitesSequentially(TestNG.java:1212)
at org.testng.TestNG.runSuitesLocally(TestNG.java:1134)
at org.testng.TestNG.runSuites(TestNG.java:1063)
at org.testng.TestNG.run(TestNG.java:1031)
at org.testng.remote.AbstractRemoteTestNG.run(AbstractRemoteTestNG.java:115)
at org.testng.remote.RemoteTestNG.initAndRun(RemoteTestNG.java:251)
at org.testng.remote.RemoteTestNG.main(RemoteTestNG.java:77)
]]>
    </failure>
  </testcase> <!-- verifyRecommendedURL -->
  <system-out/>
  <testcase classname="com.qa.bens.checklist.test.BAUEmergenceTest" name="verifyRecommendedURL" time="4.145">
    <failure message="xpath is presented in the page expected [true] but found [false]" type="java.lang.AssertionError">
      <![CDATA[java.lang.AssertionError: xpath is presented in the page expected [true] but found [false]
at org.testng.Assert.fail(Assert.java:99)
at org.testng.Assert.failNotEquals(Assert.java:1037)
at org.testng.Assert.assertTrue(Assert.java:45)
at com.qa.bens.checklist.page.BAUEmergencePage.checkxPathValue(BAUEmergencePage.java:59)
at com.qa.bens.checklist.test.BAUEmergenceTest.verifyRecommendedURL(BAUEmergenceTest.java:22)
at java.base/jdk.internal.reflect.DirectMethodHandleAccessor.invoke(DirectMethodHandleAccessor.java:104)
at java.base/java.lang.reflect.Method.invoke(Method.java:577)
at org.testng.internal.MethodInvocationHelper.invokeMethod(MethodInvocationHelper.java:133)
at org.testng.internal.TestInvoker.invokeMethod(TestInvoker.java:598)
at org.testng.internal.TestInvoker.invokeTestMethod(TestInvoker.java:173)
at org.testng.internal.MethodRunner.runInSequence(MethodRunner.java:46)
at org.testng.internal.TestInvoker$MethodInvocationAgent.invoke(TestInvoker.java:824)
at org.testng.internal.TestInvoker.invokeTestMethods(TestInvoker.java:146)
at org.testng.internal.TestMethodWorker.invokeTestMethods(TestMethodWorker.java:146)
at org.testng.internal.TestMethodWorker.run(TestMethodWorker.java:128)
at java.base/java.util.ArrayList.forEach(ArrayList.java:1511)
at org.testng.TestRunner.privateRun(TestRunner.java:794)
at org.testng.TestRunner.run(TestRunner.java:596)
at org.testng.SuiteRunner.runTest(SuiteRunner.java:377)
at org.testng.SuiteRunner.runSequentially(SuiteRunner.java:371)
at org.testng.SuiteRunner.privateRun(SuiteRunner.java:332)
at org.testng.SuiteRunner.run(SuiteRunner.java:276)
at org.testng.SuiteRunnerWorker.runSuite(SuiteRunnerWorker.java:53)
at org.testng.SuiteRunnerWorker.run(SuiteRunnerWorker.java:96)
at org.testng.TestNG.runSuitesSequentially(TestNG.java:1212)
at org.testng.TestNG.runSuitesLocally(TestNG.java:1134)
at org.testng.TestNG.runSuites(TestNG.java:1063)
at org.testng.TestNG.run(TestNG.java:1031)
at org.testng.remote.AbstractRemoteTestNG.run(AbstractRemoteTestNG.java:115)
at org.testng.remote.RemoteTestNG.initAndRun(RemoteTestNG.java:251)
at org.testng.remote.RemoteTestNG.main(RemoteTestNG.java:77)
]]>
    </failure>
  </testcase> <!-- verifyRecommendedURL -->
  <system-out/>
  <testcase classname="com.qa.bens.checklist.test.BAUEmergenceTest" name="verifyRecommendedURL" time="23.925"/>
  <system-out/>
  <testcase classname="com.qa.bens.checklist.test.BAUEmergenceTest" name="verifyRecommendedURL" time="24.034"/>
  <system-out/>
  <testcase classname="com.qa.bens.checklist.test.BAUEmergenceTest" name="verifyRecommendedURL" time="23.720"/>
  <system-out/>
  <testcase classname="com.qa.bens.checklist.test.BAUEmergenceTest" name="verifyRecommendedURL" time="23.971"/>
  <system-out/>
  <testcase classname="com.qa.bens.checklist.test.BAUEmergenceTest" name="verifyRecommendedURL" time="24.123"/>
  <system-out/>
  <testcase classname="com.qa.bens.checklist.test.BAUEmergenceTest" name="verifyRecommendedURL" time="24.603"/>
  <system-out/>
  <testcase classname="com.qa.bens.checklist.test.BAUEmergenceTest" name="verifyRecommendedURL" time="23.807"/>
  <system-out/>
  <testcase classname="com.qa.bens.checklist.test.BAUEmergenceTest" name="verifyRecommendedURL" time="24.160"/>
  <system-out/>
  <testcase classname="com.qa.bens.checklist.test.BAUEmergenceTest" name="verifyRecommendedURL" time="25.609"/>
  <system-out/>
  <testcase classname="com.qa.bens.checklist.test.BAUEmergenceTest" name="verifyRecommendedURL" time="24.099"/>
  <system-out/>
  <testcase classname="com.qa.bens.checklist.test.BAUEmergenceTest" name="verifyRecommendedURL" time="23.869"/>
  <system-out/>
  <testcase classname="com.qa.bens.checklist.test.BAUEmergenceTest" name="verifyRecommendedURL" time="23.910"/>
  <system-out/>
  <testcase classname="com.qa.bens.checklist.test.BAUEmergenceTest" name="verifyRecommendedURL" time="24.172"/>
  <system-out/>
  <testcase classname="com.qa.bens.checklist.test.BAUEmergenceTest" name="verifyRecommendedURL" time="23.912"/>
  <system-out/>
  <testcase classname="com.qa.bens.checklist.test.BAUEmergenceTest" name="verifyRecommendedURL" time="24.032"/>
  <system-out/>
  <testcase classname="com.qa.bens.checklist.test.BAUEmergenceTest" name="verifyRecommendedURL" time="23.992"/>
  <system-out/>
  <testcase classname="com.qa.bens.checklist.test.BAUEmergenceTest" name="verifyRecommendedURL" time="24.112"/>
  <system-out/>
  <testcase classname="com.qa.bens.checklist.test.BAUEmergenceTest" name="verifyRecommendedURL" time="23.788"/>
  <system-out/>
  <testcase classname="com.qa.bens.checklist.test.BAUEmergenceTest" name="verifyRecommendedURL" time="24.940"/>
  <system-out/>
  <testcase classname="com.qa.bens.checklist.test.BAUEmergenceTest" name="verifyRecommendedURL" time="24.403"/>
  <system-out/>
  <testcase classname="com.qa.bens.checklist.test.BAUEmergenceTest" name="verifyRecommendedURL" time="27.031"/>
  <system-out/>
  <testcase classname="com.qa.bens.checklist.test.BAUEmergenceTest" name="verifyRecommendedURL" time="25.242"/>
  <system-out/>
  <testcase classname="com.qa.bens.checklist.test.BAUEmergenceTest" name="verifyRecommendedURL" time="23.817"/>
  <system-out/>
  <testcase classname="com.qa.bens.checklist.test.BAUEmergenceTest" name="verifyRecommendedURL" time="25.629"/>
  <system-out/>
  <testcase classname="com.qa.bens.checklist.test.BAUEmergenceTest" name="verifyRecommendedURL" time="24.173"/>
  <system-out/>
  <testcase classname="com.qa.bens.checklist.test.BAUEmergenceTest" name="verifyRecommendedURL" time="24.206"/>
  <system-out/>
  <testcase classname="com.qa.bens.checklist.test.BAUEmergenceTest" name="verifyRecommendedURL" time="24.059"/>
  <system-out/>
  <testcase classname="com.qa.bens.checklist.test.BAUEmergenceTest" name="verifyRecommendedURL" time="23.418"/>
  <system-out/>
  <testcase classname="com.qa.bens.checklist.test.BAUEmergenceTest" name="verifyRecommendedURL" time="24.088"/>
  <system-out/>
  <testcase classname="com.qa.bens.checklist.test.BAUEmergenceTest" name="verifyRecommendedURL" time="23.998"/>
  <system-out/>
  <testcase classname="com.qa.bens.checklist.test.BAUEmergenceTest" name="verifyRecommendedURL" time="23.298"/>
  <system-out/>
  <testcase classname="com.qa.bens.checklist.test.BAUEmergenceTest" name="verifyRecommendedURL" time="24.055"/>
  <system-out/>
  <testcase classname="com.qa.bens.checklist.test.BAUEmergenceTest" name="verifyRecommendedURL" time="23.867"/>
  <system-out/>
  <testcase classname="com.qa.bens.checklist.test.BAUEmergenceTest" name="verifyRecommendedURL" time="24.109"/>
  <system-out/>
  <testcase classname="com.qa.bens.checklist.test.BAUEmergenceTest" name="verifyRecommendedURL" time="24.081"/>
  <system-out/>
  <testcase classname="com.qa.bens.checklist.test.BAUEmergenceTest" name="verifyRecommendedURL" time="23.809"/>
  <system-out/>
  <testcase classname="com.qa.bens.checklist.test.BAUEmergenceTest" name="verifyRecommendedURL" time="23.911"/>
  <system-out/>
  <testcase classname="com.qa.bens.checklist.test.BAUEmergenceTest" name="verifyRecommendedURL" time="23.821"/>
  <system-out/>
  <testcase classname="com.qa.bens.checklist.test.BAUEmergenceTest" name="verifyRecommendedURL" time="24.201"/>
  <system-out/>
  <testcase classname="com.qa.bens.checklist.test.BAUEmergenceTest" name="verifyRecommendedURL" time="25.577"/>
  <system-out/>
  <testcase classname="com.qa.bens.checklist.test.BAUEmergenceTest" name="verifyRecommendedURL" time="26.069"/>
  <system-out/>
  <testcase classname="com.qa.bens.checklist.test.BAUEmergenceTest" name="verifyRecommendedURL" time="23.861"/>
  <system-out/>
  <testcase classname="com.qa.bens.checklist.test.BAUEmergenceTest" name="verifyRecommendedURL" time="23.491"/>
  <system-out/>
  <testcase classname="com.qa.bens.checklist.test.BAUEmergenceTest" name="verifyRecommendedURL" time="25.514"/>
  <system-out/>
  <testcase classname="com.qa.bens.checklist.test.BAUEmergenceTest" name="verifyRecommendedURL" time="23.946"/>
  <system-out/>
  <testcase classname="com.qa.bens.checklist.test.BAUEmergenceTest" name="verifyRecommendedURL" time="24.259"/>
  <system-out/>
  <testcase classname="com.qa.bens.checklist.test.BAUEmergenceTest" name="verifyRecommendedURL" time="23.849"/>
  <system-out/>
  <testcase classname="com.qa.bens.checklist.test.BAUEmergenceTest" name="verifyRecommendedURL" time="3.458">
    <failure message="xpath is presented in the page expected [true] but found [false]" type="java.lang.AssertionError">
      <![CDATA[java.lang.AssertionError: xpath is presented in the page expected [true] but found [false]
at org.testng.Assert.fail(Assert.java:99)
at org.testng.Assert.failNotEquals(Assert.java:1037)
at org.testng.Assert.assertTrue(Assert.java:45)
at com.qa.bens.checklist.page.BAUEmergencePage.checkxPathValue(BAUEmergencePage.java:59)
at com.qa.bens.checklist.test.BAUEmergenceTest.verifyRecommendedURL(BAUEmergenceTest.java:22)
at java.base/jdk.internal.reflect.DirectMethodHandleAccessor.invoke(DirectMethodHandleAccessor.java:104)
at java.base/java.lang.reflect.Method.invoke(Method.java:577)
at org.testng.internal.MethodInvocationHelper.invokeMethod(MethodInvocationHelper.java:133)
at org.testng.internal.TestInvoker.invokeMethod(TestInvoker.java:598)
at org.testng.internal.TestInvoker.invokeTestMethod(TestInvoker.java:173)
at org.testng.internal.MethodRunner.runInSequence(MethodRunner.java:46)
at org.testng.internal.TestInvoker$MethodInvocationAgent.invoke(TestInvoker.java:824)
at org.testng.internal.TestInvoker.invokeTestMethods(TestInvoker.java:146)
at org.testng.internal.TestMethodWorker.invokeTestMethods(TestMethodWorker.java:146)
at org.testng.internal.TestMethodWorker.run(TestMethodWorker.java:128)
at java.base/java.util.ArrayList.forEach(ArrayList.java:1511)
at org.testng.TestRunner.privateRun(TestRunner.java:794)
at org.testng.TestRunner.run(TestRunner.java:596)
at org.testng.SuiteRunner.runTest(SuiteRunner.java:377)
at org.testng.SuiteRunner.runSequentially(SuiteRunner.java:371)
at org.testng.SuiteRunner.privateRun(SuiteRunner.java:332)
at org.testng.SuiteRunner.run(SuiteRunner.java:276)
at org.testng.SuiteRunnerWorker.runSuite(SuiteRunnerWorker.java:53)
at org.testng.SuiteRunnerWorker.run(SuiteRunnerWorker.java:96)
at org.testng.TestNG.runSuitesSequentially(TestNG.java:1212)
at org.testng.TestNG.runSuitesLocally(TestNG.java:1134)
at org.testng.TestNG.runSuites(TestNG.java:1063)
at org.testng.TestNG.run(TestNG.java:1031)
at org.testng.remote.AbstractRemoteTestNG.run(AbstractRemoteTestNG.java:115)
at org.testng.remote.RemoteTestNG.initAndRun(RemoteTestNG.java:251)
at org.testng.remote.RemoteTestNG.main(RemoteTestNG.java:77)
]]>
    </failure>
  </testcase> <!-- verifyRecommendedURL -->
  <system-out/>
  <testcase classname="com.qa.bens.checklist.test.BAUEmergenceTest" name="verifyRecommendedURL" time="24.408"/>
  <system-out/>
  <testcase classname="com.qa.bens.checklist.test.BAUEmergenceTest" name="verifyRecommendedURL" time="23.332"/>
  <system-out/>
  <testcase classname="com.qa.bens.checklist.test.BAUEmergenceTest" name="verifyRecommendedURL" time="24.091"/>
  <system-out/>
  <testcase classname="com.qa.bens.checklist.test.BAUEmergenceTest" name="verifyRecommendedURL" time="24.259"/>
  <system-out/>
  <testcase classname="com.qa.bens.checklist.test.BAUEmergenceTest" name="verifyRecommendedURL" time="24.869"/>
  <system-out/>
  <testcase classname="com.qa.bens.checklist.test.BAUEmergenceTest" name="verifyRecommendedURL" time="24.770"/>
  <system-out/>
  <testcase classname="com.qa.bens.checklist.test.BAUEmergenceTest" name="verifyRecommendedURL" time="28.000"/>
  <system-out/>
  <testcase classname="com.qa.bens.checklist.test.BAUEmergenceTest" name="verifyRecommendedURL" time="24.470"/>
  <system-out/>
  <testcase classname="com.qa.bens.checklist.test.BAUEmergenceTest" name="verifyRecommendedURL" time="23.311"/>
  <system-out/>
  <testcase classname="com.qa.bens.checklist.test.BAUEmergenceTest" name="verifyRecommendedURL" time="23.971"/>
  <system-out/>
  <testcase classname="com.qa.bens.checklist.test.BAUEmergenceTest" name="verifyRecommendedURL" time="23.467"/>
  <system-out/>
  <testcase classname="com.qa.bens.checklist.test.BAUEmergenceTest" name="verifyRecommendedURL" time="24.036"/>
  <system-out/>
  <testcase classname="com.qa.bens.checklist.test.BAUEmergenceTest" name="verifyRecommendedURL" time="23.360"/>
  <system-out/>
  <testcase classname="com.qa.bens.checklist.test.BAUEmergenceTest" name="verifyRecommendedURL" time="23.364"/>
  <system-out/>
  <testcase classname="com.qa.bens.checklist.test.BAUEmergenceTest" name="verifyRecommendedURL" time="23.921"/>
  <system-out/>
  <testcase classname="com.qa.bens.checklist.test.BAUEmergenceTest" name="verifyRecommendedURL" time="24.099"/>
  <system-out/>
  <testcase classname="com.qa.bens.checklist.test.BAUEmergenceTest" name="verifyRecommendedURL" time="24.076"/>
  <system-out/>
  <testcase classname="com.qa.bens.checklist.test.BAUEmergenceTest" name="verifyRecommendedURL" time="23.534"/>
  <system-out/>
  <testcase classname="com.qa.bens.checklist.test.BAUEmergenceTest" name="verifyRecommendedURL" time="23.613"/>
  <system-out/>
  <testcase classname="com.qa.bens.checklist.test.BAUEmergenceTest" name="verifyRecommendedURL" time="24.407"/>
  <system-out/>
  <testcase classname="com.qa.bens.checklist.test.BAUEmergenceTest" name="verifyRecommendedURL" time="23.368"/>
  <system-out/>
  <testcase classname="com.qa.bens.checklist.test.BAUEmergenceTest" name="verifyRecommendedURL" time="24.372"/>
  <system-out/>
  <testcase classname="com.qa.bens.checklist.test.BAUEmergenceTest" name="verifyRecommendedURL" time="23.789"/>
  <system-out/>
  <testcase classname="com.qa.bens.checklist.test.BAUEmergenceTest" name="verifyRecommendedURL" time="23.287"/>
  <system-out/>
  <testcase classname="com.qa.bens.checklist.test.BAUEmergenceTest" name="verifyRecommendedURL" time="23.948"/>
  <system-out/>
  <testcase classname="com.qa.bens.checklist.test.BAUEmergenceTest" name="verifyRecommendedURL" time="24.245"/>
  <system-out/>
  <testcase classname="com.qa.bens.checklist.test.BAUEmergenceTest" name="verifyRecommendedURL" time="23.210"/>
  <system-out/>
  <testcase classname="com.qa.bens.checklist.test.BAUEmergenceTest" name="verifyRecommendedURL" time="24.230"/>
  <system-out/>
  <testcase classname="com.qa.bens.checklist.test.BAUEmergenceTest" name="verifyRecommendedURL" time="24.273"/>
  <system-out/>
  <testcase classname="com.qa.bens.checklist.test.BAUEmergenceTest" name="verifyRecommendedURL" time="24.025"/>
  <system-out/>
  <testcase classname="com.qa.bens.checklist.test.BAUEmergenceTest" name="verifyRecommendedURL" time="24.127"/>
  <system-out/>
  <testcase classname="com.qa.bens.checklist.test.BAUEmergenceTest" name="verifyRecommendedURL" time="24.241"/>
  <system-out/>
  <testcase classname="com.qa.bens.checklist.test.BAUEmergenceTest" name="verifyRecommendedURL" time="24.523"/>
  <system-out/>
  <testcase classname="com.qa.bens.checklist.test.BAUEmergenceTest" name="verifyRecommendedURL" time="23.846"/>
  <system-out/>
  <testcase classname="com.qa.bens.checklist.test.BAUEmergenceTest" name="verifyRecommendedURL" time="23.617"/>
  <system-out/>
  <testcase classname="com.qa.bens.checklist.test.BAUEmergenceTest" name="verifyRecommendedURL" time="24.078"/>
  <system-out/>
  <testcase classname="com.qa.bens.checklist.test.BAUEmergenceTest" name="verifyRecommendedURL" time="25.079"/>
  <system-out/>
  <testcase classname="com.qa.bens.checklist.test.BAUEmergenceTest" name="verifyRecommendedURL" time="24.234"/>
  <system-out/>
  <testcase classname="com.qa.bens.checklist.test.BAUEmergenceTest" name="verifyRecommendedURL" time="24.146"/>
  <system-out/>
  <testcase classname="com.qa.bens.checklist.test.BAUEmergenceTest" name="verifyRecommendedURL" time="24.235"/>
  <system-out/>
  <testcase classname="com.qa.bens.checklist.test.BAUEmergenceTest" name="verifyRecommendedURL" time="23.222"/>
  <system-out/>
  <testcase classname="com.qa.bens.checklist.test.BAUEmergenceTest" name="verifyRecommendedURL" time="23.728"/>
  <system-out/>
  <testcase classname="com.qa.bens.checklist.test.BAUEmergenceTest" name="verifyRecommendedURL" time="24.442"/>
  <system-out/>
  <testcase classname="com.qa.bens.checklist.test.BAUEmergenceTest" name="verifyRecommendedURL" time="24.098"/>
  <system-out/>
  <testcase classname="com.qa.bens.checklist.test.BAUEmergenceTest" name="verifyRecommendedURL" time="24.086"/>
  <system-out/>
  <testcase classname="com.qa.bens.checklist.test.BAUEmergenceTest" name="verifyRecommendedURL" time="23.864"/>
  <system-out/>
  <testcase classname="com.qa.bens.checklist.test.BAUEmergenceTest" name="verifyRecommendedURL" time="24.077"/>
  <system-out/>
  <testcase classname="com.qa.bens.checklist.test.BAUEmergenceTest" name="verifyRecommendedURL" time="23.475"/>
  <system-out/>
  <testcase classname="com.qa.bens.checklist.test.BAUEmergenceTest" name="verifyRecommendedURL" time="23.590"/>
  <system-out/>
  <testcase classname="com.qa.bens.checklist.test.BAUEmergenceTest" name="verifyRecommendedURL" time="24.031"/>
  <system-out/>
  <testcase classname="com.qa.bens.checklist.test.BAUEmergenceTest" name="verifyRecommendedURL" time="23.939"/>
  <system-out/>
  <testcase classname="com.qa.bens.checklist.test.BAUEmergenceTest" name="verifyRecommendedURL" time="23.971"/>
  <system-out/>
  <testcase classname="com.qa.bens.checklist.test.BAUEmergenceTest" name="verifyRecommendedURL" time="26.953"/>
  <system-out/>
  <testcase classname="com.qa.bens.checklist.test.BAUEmergenceTest" name="verifyRecommendedURL" time="23.989"/>
  <system-out/>
  <testcase classname="com.qa.bens.checklist.test.BAUEmergenceTest" name="verifyRecommendedURL" time="23.925"/>
  <system-out/>
  <testcase classname="com.qa.bens.checklist.test.BAUEmergenceTest" name="verifyRecommendedURL" time="26.379"/>
  <system-out/>
  <testcase classname="com.qa.bens.checklist.test.BAUEmergenceTest" name="verifyRecommendedURL" time="24.606"/>
  <system-out/>
  <testcase classname="com.qa.bens.checklist.test.BAUEmergenceTest" name="verifyRecommendedURL" time="24.219"/>
  <system-out/>
  <testcase classname="com.qa.bens.checklist.test.BAUEmergenceTest" name="verifyRecommendedURL" time="24.038"/>
  <system-out/>
  <testcase classname="com.qa.bens.checklist.test.BAUEmergenceTest" name="verifyRecommendedURL" time="23.617"/>
  <system-out/>
  <testcase classname="com.qa.bens.checklist.test.BAUEmergenceTest" name="verifyRecommendedURL" time="24.307"/>
  <system-out/>
  <testcase classname="com.qa.bens.checklist.test.BAUEmergenceTest" name="verifyRecommendedURL" time="24.727"/>
  <system-out/>
  <testcase classname="com.qa.bens.checklist.test.BAUEmergenceTest" name="verifyRecommendedURL" time="23.393"/>
  <system-out/>
  <testcase classname="com.qa.bens.checklist.test.BAUEmergenceTest" name="verifyRecommendedURL" time="23.986"/>
  <system-out/>
  <testcase classname="com.qa.bens.checklist.test.BAUEmergenceTest" name="verifyRecommendedURL" time="23.881"/>
  <system-out/>
  <testcase classname="com.qa.bens.checklist.test.BAUEmergenceTest" name="verifyRecommendedURL" time="23.923"/>
  <system-out/>
  <testcase classname="com.qa.bens.checklist.test.BAUEmergenceTest" name="verifyRecommendedURL" time="24.519"/>
  <system-out/>
  <testcase classname="com.qa.bens.checklist.test.BAUEmergenceTest" name="verifyRecommendedURL" time="24.067"/>
  <system-out/>
  <testcase classname="com.qa.bens.checklist.test.BAUEmergenceTest" name="verifyRecommendedURL" time="24.006"/>
  <system-out/>
  <testcase classname="com.qa.bens.checklist.test.BAUEmergenceTest" name="verifyRecommendedURL" time="24.760"/>
  <system-out/>
  <testcase classname="com.qa.bens.checklist.test.BAUEmergenceTest" name="verifyRecommendedURL" time="24.199"/>
  <system-out/>
  <testcase classname="com.qa.bens.checklist.test.BAUEmergenceTest" name="verifyRecommendedURL" time="24.401"/>
  <system-out/>
  <testcase classname="com.qa.bens.checklist.test.BAUEmergenceTest" name="verifyRecommendedURL" time="23.998"/>
  <system-out/>
  <testcase classname="com.qa.bens.checklist.test.BAUEmergenceTest" name="verifyRecommendedURL" time="23.994"/>
  <system-out/>
  <testcase classname="com.qa.bens.checklist.test.BAUEmergenceTest" name="verifyRecommendedURL" time="24.048"/>
  <system-out/>
  <testcase classname="com.qa.bens.checklist.test.BAUEmergenceTest" name="verifyRecommendedURL" time="23.646"/>
  <system-out/>
  <testcase classname="com.qa.bens.checklist.test.BAUEmergenceTest" name="verifyRecommendedURL" time="23.344"/>
  <system-out/>
  <testcase classname="com.qa.bens.checklist.test.BAUEmergenceTest" name="verifyRecommendedURL" time="24.017"/>
  <system-out/>
  <testcase classname="com.qa.bens.checklist.test.BAUEmergenceTest" name="verifyRecommendedURL" time="23.249"/>
  <system-out/>
  <testcase classname="com.qa.bens.checklist.test.BAUEmergenceTest" name="verifyRecommendedURL" time="23.390"/>
  <system-out/>
  <testcase classname="com.qa.bens.checklist.test.BAUEmergenceTest" name="verifyRecommendedURL" time="24.584"/>
  <system-out/>
  <testcase classname="com.qa.bens.checklist.test.BAUEmergenceTest" name="verifyRecommendedURL" time="24.189"/>
  <system-out/>
  <testcase classname="com.qa.bens.checklist.test.BAUEmergenceTest" name="verifyRecommendedURL" time="24.051"/>
  <system-out/>
  <testcase classname="com.qa.bens.checklist.test.BAUEmergenceTest" name="verifyRecommendedURL" time="23.430"/>
  <system-out/>
  <testcase classname="com.qa.bens.checklist.test.BAUEmergenceTest" name="verifyRecommendedURL" time="24.040"/>
  <system-out/>
  <testcase classname="com.qa.bens.checklist.test.BAUEmergenceTest" name="verifyRecommendedURL" time="24.021"/>
  <system-out/>
  <testcase classname="com.qa.bens.checklist.test.BAUEmergenceTest" name="verifyRecommendedURL" time="24.489"/>
  <system-out/>
  <testcase classname="com.qa.bens.checklist.test.BAUEmergenceTest" name="verifyRecommendedURL" time="23.784"/>
  <system-out/>
  <testcase classname="com.qa.bens.checklist.test.BAUEmergenceTest" name="verifyRecommendedURL" time="24.172"/>
  <system-out/>
  <testcase classname="com.qa.bens.checklist.test.BAUEmergenceTest" name="verifyRecommendedURL" time="23.349"/>
  <system-out/>
  <testcase classname="com.qa.bens.checklist.test.BAUEmergenceTest" name="verifyRecommendedURL" time="23.822"/>
  <system-out/>
  <testcase classname="com.qa.bens.checklist.test.BAUEmergenceTest" name="verifyRecommendedURL" time="23.942"/>
  <system-out/>
  <testcase classname="com.qa.bens.checklist.test.BAUEmergenceTest" name="verifyRecommendedURL" time="23.846"/>
  <system-out/>
  <testcase classname="com.qa.bens.checklist.test.BAUEmergenceTest" name="verifyRecommendedURL" time="23.335"/>
  <system-out/>
  <testcase classname="com.qa.bens.checklist.test.BAUEmergenceTest" name="verifyRecommendedURL" time="24.047"/>
  <system-out/>
  <testcase classname="com.qa.bens.checklist.test.BAUEmergenceTest" name="verifyRecommendedURL" time="24.164"/>
  <system-out/>
  <testcase classname="com.qa.bens.checklist.test.BAUEmergenceTest" name="verifyRecommendedURL" time="24.102"/>
  <system-out/>
  <testcase classname="com.qa.bens.checklist.test.BAUEmergenceTest" name="verifyRecommendedURL" time="24.135"/>
  <system-out/>
  <testcase classname="com.qa.bens.checklist.test.BAUEmergenceTest" name="verifyRecommendedURL" time="23.993"/>
  <system-out/>
  <testcase classname="com.qa.bens.checklist.test.BAUEmergenceTest" name="verifyRecommendedURL" time="24.328"/>
  <system-out/>
  <testcase classname="com.qa.bens.checklist.test.BAUEmergenceTest" name="verifyRecommendedURL" time="24.084"/>
  <system-out/>
  <testcase classname="com.qa.bens.checklist.test.BAUEmergenceTest" name="verifyRecommendedURL" time="24.349"/>
  <system-out/>
  <testcase classname="com.qa.bens.checklist.test.BAUEmergenceTest" name="verifyRecommendedURL" time="23.978"/>
  <system-out/>
  <testcase classname="com.qa.bens.checklist.test.BAUEmergenceTest" name="verifyRecommendedURL" time="3.282">
    <failure message="xpath is presented in the page expected [true] but found [false]" type="java.lang.AssertionError">
      <![CDATA[java.lang.AssertionError: xpath is presented in the page expected [true] but found [false]
at org.testng.Assert.fail(Assert.java:99)
at org.testng.Assert.failNotEquals(Assert.java:1037)
at org.testng.Assert.assertTrue(Assert.java:45)
at com.qa.bens.checklist.page.BAUEmergencePage.checkxPathValue(BAUEmergencePage.java:59)
at com.qa.bens.checklist.test.BAUEmergenceTest.verifyRecommendedURL(BAUEmergenceTest.java:22)
at java.base/jdk.internal.reflect.DirectMethodHandleAccessor.invoke(DirectMethodHandleAccessor.java:104)
at java.base/java.lang.reflect.Method.invoke(Method.java:577)
at org.testng.internal.MethodInvocationHelper.invokeMethod(MethodInvocationHelper.java:133)
at org.testng.internal.TestInvoker.invokeMethod(TestInvoker.java:598)
at org.testng.internal.TestInvoker.invokeTestMethod(TestInvoker.java:173)
at org.testng.internal.MethodRunner.runInSequence(MethodRunner.java:46)
at org.testng.internal.TestInvoker$MethodInvocationAgent.invoke(TestInvoker.java:824)
at org.testng.internal.TestInvoker.invokeTestMethods(TestInvoker.java:146)
at org.testng.internal.TestMethodWorker.invokeTestMethods(TestMethodWorker.java:146)
at org.testng.internal.TestMethodWorker.run(TestMethodWorker.java:128)
at java.base/java.util.ArrayList.forEach(ArrayList.java:1511)
at org.testng.TestRunner.privateRun(TestRunner.java:794)
at org.testng.TestRunner.run(TestRunner.java:596)
at org.testng.SuiteRunner.runTest(SuiteRunner.java:377)
at org.testng.SuiteRunner.runSequentially(SuiteRunner.java:371)
at org.testng.SuiteRunner.privateRun(SuiteRunner.java:332)
at org.testng.SuiteRunner.run(SuiteRunner.java:276)
at org.testng.SuiteRunnerWorker.runSuite(SuiteRunnerWorker.java:53)
at org.testng.SuiteRunnerWorker.run(SuiteRunnerWorker.java:96)
at org.testng.TestNG.runSuitesSequentially(TestNG.java:1212)
at org.testng.TestNG.runSuitesLocally(TestNG.java:1134)
at org.testng.TestNG.runSuites(TestNG.java:1063)
at org.testng.TestNG.run(TestNG.java:1031)
at org.testng.remote.AbstractRemoteTestNG.run(AbstractRemoteTestNG.java:115)
at org.testng.remote.RemoteTestNG.initAndRun(RemoteTestNG.java:251)
at org.testng.remote.RemoteTestNG.main(RemoteTestNG.java:77)
]]>
    </failure>
  </testcase> <!-- verifyRecommendedURL -->
  <system-out/>
  <testcase classname="com.qa.bens.checklist.test.BAUEmergenceTest" name="verifyRecommendedURL" time="24.228"/>
  <system-out/>
  <testcase classname="com.qa.bens.checklist.test.BAUEmergenceTest" name="verifyRecommendedURL" time="23.435"/>
  <system-out/>
  <testcase classname="com.qa.bens.checklist.test.BAUEmergenceTest" name="verifyRecommendedURL" time="24.171"/>
  <system-out/>
  <testcase classname="com.qa.bens.checklist.test.BAUEmergenceTest" name="verifyRecommendedURL" time="24.078"/>
  <system-out/>
  <testcase classname="com.qa.bens.checklist.test.BAUEmergenceTest" name="verifyRecommendedURL" time="23.519"/>
  <system-out/>
  <testcase classname="com.qa.bens.checklist.test.BAUEmergenceTest" name="verifyRecommendedURL" time="23.848"/>
  <system-out/>
  <testcase classname="com.qa.bens.checklist.test.BAUEmergenceTest" name="verifyRecommendedURL" time="24.435"/>
  <system-out/>
  <testcase classname="com.qa.bens.checklist.test.BAUEmergenceTest" name="verifyRecommendedURL" time="23.804"/>
  <system-out/>
  <testcase classname="com.qa.bens.checklist.test.BAUEmergenceTest" name="verifyRecommendedURL" time="23.556"/>
  <system-out/>
  <testcase classname="com.qa.bens.checklist.test.BAUEmergenceTest" name="verifyRecommendedURL" time="25.472"/>
  <system-out/>
  <testcase classname="com.qa.bens.checklist.test.BAUEmergenceTest" name="verifyRecommendedURL" time="23.272"/>
  <system-out/>
  <testcase classname="com.qa.bens.checklist.test.BAUEmergenceTest" name="verifyRecommendedURL" time="24.029"/>
  <system-out/>
  <testcase classname="com.qa.bens.checklist.test.BAUEmergenceTest" name="verifyRecommendedURL" time="3.767">
    <failure message="xpath is presented in the page expected [true] but found [false]" type="java.lang.AssertionError">
      <![CDATA[java.lang.AssertionError: xpath is presented in the page expected [true] but found [false]
at org.testng.Assert.fail(Assert.java:99)
at org.testng.Assert.failNotEquals(Assert.java:1037)
at org.testng.Assert.assertTrue(Assert.java:45)
at com.qa.bens.checklist.page.BAUEmergencePage.checkxPathValue(BAUEmergencePage.java:59)
at com.qa.bens.checklist.test.BAUEmergenceTest.verifyRecommendedURL(BAUEmergenceTest.java:22)
at java.base/jdk.internal.reflect.DirectMethodHandleAccessor.invoke(DirectMethodHandleAccessor.java:104)
at java.base/java.lang.reflect.Method.invoke(Method.java:577)
at org.testng.internal.MethodInvocationHelper.invokeMethod(MethodInvocationHelper.java:133)
at org.testng.internal.TestInvoker.invokeMethod(TestInvoker.java:598)
at org.testng.internal.TestInvoker.invokeTestMethod(TestInvoker.java:173)
at org.testng.internal.MethodRunner.runInSequence(MethodRunner.java:46)
at org.testng.internal.TestInvoker$MethodInvocationAgent.invoke(TestInvoker.java:824)
at org.testng.internal.TestInvoker.invokeTestMethods(TestInvoker.java:146)
at org.testng.internal.TestMethodWorker.invokeTestMethods(TestMethodWorker.java:146)
at org.testng.internal.TestMethodWorker.run(TestMethodWorker.java:128)
at java.base/java.util.ArrayList.forEach(ArrayList.java:1511)
at org.testng.TestRunner.privateRun(TestRunner.java:794)
at org.testng.TestRunner.run(TestRunner.java:596)
at org.testng.SuiteRunner.runTest(SuiteRunner.java:377)
at org.testng.SuiteRunner.runSequentially(SuiteRunner.java:371)
at org.testng.SuiteRunner.privateRun(SuiteRunner.java:332)
at org.testng.SuiteRunner.run(SuiteRunner.java:276)
at org.testng.SuiteRunnerWorker.runSuite(SuiteRunnerWorker.java:53)
at org.testng.SuiteRunnerWorker.run(SuiteRunnerWorker.java:96)
at org.testng.TestNG.runSuitesSequentially(TestNG.java:1212)
at org.testng.TestNG.runSuitesLocally(TestNG.java:1134)
at org.testng.TestNG.runSuites(TestNG.java:1063)
at org.testng.TestNG.run(TestNG.java:1031)
at org.testng.remote.AbstractRemoteTestNG.run(AbstractRemoteTestNG.java:115)
at org.testng.remote.RemoteTestNG.initAndRun(RemoteTestNG.java:251)
at org.testng.remote.RemoteTestNG.main(RemoteTestNG.java:77)
]]>
    </failure>
  </testcase> <!-- verifyRecommendedURL -->
  <system-out/>
  <testcase classname="com.qa.bens.checklist.test.BAUEmergenceTest" name="verifyRecommendedURL" time="24.355"/>
  <system-out/>
  <testcase classname="com.qa.bens.checklist.test.BAUEmergenceTest" name="verifyRecommendedURL" time="24.273"/>
  <system-out/>
  <testcase classname="com.qa.bens.checklist.test.BAUEmergenceTest" name="verifyRecommendedURL" time="23.838"/>
  <system-out/>
  <testcase classname="com.qa.bens.checklist.test.BAUEmergenceTest" name="verifyRecommendedURL" time="23.498"/>
  <system-out/>
  <testcase classname="com.qa.bens.checklist.test.BAUEmergenceTest" name="verifyRecommendedURL" time="23.585"/>
  <system-out/>
  <testcase classname="com.qa.bens.checklist.test.BAUEmergenceTest" name="verifyRecommendedURL" time="25.458"/>
  <system-out/>
  <testcase classname="com.qa.bens.checklist.test.BAUEmergenceTest" name="verifyRecommendedURL" time="24.049"/>
  <system-out/>
  <testcase classname="com.qa.bens.checklist.test.BAUEmergenceTest" name="verifyRecommendedURL" time="24.297"/>
  <system-out/>
  <testcase classname="com.qa.bens.checklist.test.BAUEmergenceTest" name="verifyRecommendedURL" time="23.781"/>
  <system-out/>
  <testcase classname="com.qa.bens.checklist.test.BAUEmergenceTest" name="verifyRecommendedURL" time="24.276"/>
  <system-out/>
  <testcase classname="com.qa.bens.checklist.test.BAUEmergenceTest" name="verifyRecommendedURL" time="23.953"/>
  <system-out/>
  <testcase classname="com.qa.bens.checklist.test.BAUEmergenceTest" name="verifyRecommendedURL" time="23.929"/>
  <system-out/>
  <testcase classname="com.qa.bens.checklist.test.BAUEmergenceTest" name="verifyRecommendedURL" time="24.584"/>
  <system-out/>
  <testcase classname="com.qa.bens.checklist.test.BAUEmergenceTest" name="verifyRecommendedURL" time="23.381"/>
  <system-out/>
  <testcase classname="com.qa.bens.checklist.test.BAUEmergenceTest" name="verifyRecommendedURL" time="24.066"/>
  <system-out/>
  <testcase classname="com.qa.bens.checklist.test.BAUEmergenceTest" name="verifyRecommendedURL" time="24.165"/>
  <system-out/>
  <testcase classname="com.qa.bens.checklist.test.BAUEmergenceTest" name="verifyRecommendedURL" time="4.503">
    <failure message="xpath is presented in the page expected [true] but found [false]" type="java.lang.AssertionError">
      <![CDATA[java.lang.AssertionError: xpath is presented in the page expected [true] but found [false]
at org.testng.Assert.fail(Assert.java:99)
at org.testng.Assert.failNotEquals(Assert.java:1037)
at org.testng.Assert.assertTrue(Assert.java:45)
at com.qa.bens.checklist.page.BAUEmergencePage.checkxPathValue(BAUEmergencePage.java:59)
at com.qa.bens.checklist.test.BAUEmergenceTest.verifyRecommendedURL(BAUEmergenceTest.java:22)
at java.base/jdk.internal.reflect.DirectMethodHandleAccessor.invoke(DirectMethodHandleAccessor.java:104)
at java.base/java.lang.reflect.Method.invoke(Method.java:577)
at org.testng.internal.MethodInvocationHelper.invokeMethod(MethodInvocationHelper.java:133)
at org.testng.internal.TestInvoker.invokeMethod(TestInvoker.java:598)
at org.testng.internal.TestInvoker.invokeTestMethod(TestInvoker.java:173)
at org.testng.internal.MethodRunner.runInSequence(MethodRunner.java:46)
at org.testng.internal.TestInvoker$MethodInvocationAgent.invoke(TestInvoker.java:824)
at org.testng.internal.TestInvoker.invokeTestMethods(TestInvoker.java:146)
at org.testng.internal.TestMethodWorker.invokeTestMethods(TestMethodWorker.java:146)
at org.testng.internal.TestMethodWorker.run(TestMethodWorker.java:128)
at java.base/java.util.ArrayList.forEach(ArrayList.java:1511)
at org.testng.TestRunner.privateRun(TestRunner.java:794)
at org.testng.TestRunner.run(TestRunner.java:596)
at org.testng.SuiteRunner.runTest(SuiteRunner.java:377)
at org.testng.SuiteRunner.runSequentially(SuiteRunner.java:371)
at org.testng.SuiteRunner.privateRun(SuiteRunner.java:332)
at org.testng.SuiteRunner.run(SuiteRunner.java:276)
at org.testng.SuiteRunnerWorker.runSuite(SuiteRunnerWorker.java:53)
at org.testng.SuiteRunnerWorker.run(SuiteRunnerWorker.java:96)
at org.testng.TestNG.runSuitesSequentially(TestNG.java:1212)
at org.testng.TestNG.runSuitesLocally(TestNG.java:1134)
at org.testng.TestNG.runSuites(TestNG.java:1063)
at org.testng.TestNG.run(TestNG.java:1031)
at org.testng.remote.AbstractRemoteTestNG.run(AbstractRemoteTestNG.java:115)
at org.testng.remote.RemoteTestNG.initAndRun(RemoteTestNG.java:251)
at org.testng.remote.RemoteTestNG.main(RemoteTestNG.java:77)
]]>
    </failure>
  </testcase> <!-- verifyRecommendedURL -->
  <system-out/>
  <testcase classname="com.qa.bens.checklist.test.BAUEmergenceTest" name="verifyRecommendedURL" time="24.310"/>
  <system-out/>
  <testcase classname="com.qa.bens.checklist.test.BAUEmergenceTest" name="verifyRecommendedURL" time="23.842"/>
  <system-out/>
  <testcase classname="com.qa.bens.checklist.test.BAUEmergenceTest" name="verifyRecommendedURL" time="24.712"/>
  <system-out/>
  <testcase classname="com.qa.bens.checklist.test.BAUEmergenceTest" name="verifyRecommendedURL" time="24.057"/>
  <system-out/>
  <testcase classname="com.qa.bens.checklist.test.BAUEmergenceTest" name="verifyRecommendedURL" time="24.104"/>
  <system-out/>
  <testcase classname="com.qa.bens.checklist.test.BAUEmergenceTest" name="verifyRecommendedURL" time="23.833"/>
  <system-out/>
  <testcase classname="com.qa.bens.checklist.test.BAUEmergenceTest" name="verifyRecommendedURL" time="3.772">
    <failure message="xpath is presented in the page expected [true] but found [false]" type="java.lang.AssertionError">
      <![CDATA[java.lang.AssertionError: xpath is presented in the page expected [true] but found [false]
at org.testng.Assert.fail(Assert.java:99)
at org.testng.Assert.failNotEquals(Assert.java:1037)
at org.testng.Assert.assertTrue(Assert.java:45)
at com.qa.bens.checklist.page.BAUEmergencePage.checkxPathValue(BAUEmergencePage.java:59)
at com.qa.bens.checklist.test.BAUEmergenceTest.verifyRecommendedURL(BAUEmergenceTest.java:22)
at java.base/jdk.internal.reflect.DirectMethodHandleAccessor.invoke(DirectMethodHandleAccessor.java:104)
at java.base/java.lang.reflect.Method.invoke(Method.java:577)
at org.testng.internal.MethodInvocationHelper.invokeMethod(MethodInvocationHelper.java:133)
at org.testng.internal.TestInvoker.invokeMethod(TestInvoker.java:598)
at org.testng.internal.TestInvoker.invokeTestMethod(TestInvoker.java:173)
at org.testng.internal.MethodRunner.runInSequence(MethodRunner.java:46)
at org.testng.internal.TestInvoker$MethodInvocationAgent.invoke(TestInvoker.java:824)
at org.testng.internal.TestInvoker.invokeTestMethods(TestInvoker.java:146)
at org.testng.internal.TestMethodWorker.invokeTestMethods(TestMethodWorker.java:146)
at org.testng.internal.TestMethodWorker.run(TestMethodWorker.java:128)
at java.base/java.util.ArrayList.forEach(ArrayList.java:1511)
at org.testng.TestRunner.privateRun(TestRunner.java:794)
at org.testng.TestRunner.run(TestRunner.java:596)
at org.testng.SuiteRunner.runTest(SuiteRunner.java:377)
at org.testng.SuiteRunner.runSequentially(SuiteRunner.java:371)
at org.testng.SuiteRunner.privateRun(SuiteRunner.java:332)
at org.testng.SuiteRunner.run(SuiteRunner.java:276)
at org.testng.SuiteRunnerWorker.runSuite(SuiteRunnerWorker.java:53)
at org.testng.SuiteRunnerWorker.run(SuiteRunnerWorker.java:96)
at org.testng.TestNG.runSuitesSequentially(TestNG.java:1212)
at org.testng.TestNG.runSuitesLocally(TestNG.java:1134)
at org.testng.TestNG.runSuites(TestNG.java:1063)
at org.testng.TestNG.run(TestNG.java:1031)
at org.testng.remote.AbstractRemoteTestNG.run(AbstractRemoteTestNG.java:115)
at org.testng.remote.RemoteTestNG.initAndRun(RemoteTestNG.java:251)
at org.testng.remote.RemoteTestNG.main(RemoteTestNG.java:77)
]]>
    </failure>
  </testcase> <!-- verifyRecommendedURL -->
  <system-out/>
  <testcase classname="com.qa.bens.checklist.test.BAUEmergenceTest" name="verifyRecommendedURL" time="24.795"/>
  <system-out/>
  <testcase classname="com.qa.bens.checklist.test.BAUEmergenceTest" name="verifyRecommendedURL" time="23.984"/>
  <system-out/>
  <testcase classname="com.qa.bens.checklist.test.BAUEmergenceTest" name="verifyRecommendedURL" time="24.024"/>
  <system-out/>
  <testcase classname="com.qa.bens.checklist.test.BAUEmergenceTest" name="verifyRecommendedURL" time="23.979"/>
  <system-out/>
  <testcase classname="com.qa.bens.checklist.test.BAUEmergenceTest" name="verifyRecommendedURL" time="24.117"/>
  <system-out/>
  <testcase classname="com.qa.bens.checklist.test.BAUEmergenceTest" name="verifyRecommendedURL" time="23.497"/>
  <system-out/>
  <testcase classname="com.qa.bens.checklist.test.BAUEmergenceTest" name="verifyRecommendedURL" time="24.014"/>
  <system-out/>
  <testcase classname="com.qa.bens.checklist.test.BAUEmergenceTest" name="verifyRecommendedURL" time="24.360"/>
  <system-out/>
  <testcase classname="com.qa.bens.checklist.test.BAUEmergenceTest" name="verifyRecommendedURL" time="3.561">
    <failure message="xpath is presented in the page expected [true] but found [false]" type="java.lang.AssertionError">
      <![CDATA[java.lang.AssertionError: xpath is presented in the page expected [true] but found [false]
at org.testng.Assert.fail(Assert.java:99)
at org.testng.Assert.failNotEquals(Assert.java:1037)
at org.testng.Assert.assertTrue(Assert.java:45)
at com.qa.bens.checklist.page.BAUEmergencePage.checkxPathValue(BAUEmergencePage.java:59)
at com.qa.bens.checklist.test.BAUEmergenceTest.verifyRecommendedURL(BAUEmergenceTest.java:22)
at java.base/jdk.internal.reflect.DirectMethodHandleAccessor.invoke(DirectMethodHandleAccessor.java:104)
at java.base/java.lang.reflect.Method.invoke(Method.java:577)
at org.testng.internal.MethodInvocationHelper.invokeMethod(MethodInvocationHelper.java:133)
at org.testng.internal.TestInvoker.invokeMethod(TestInvoker.java:598)
at org.testng.internal.TestInvoker.invokeTestMethod(TestInvoker.java:173)
at org.testng.internal.MethodRunner.runInSequence(MethodRunner.java:46)
at org.testng.internal.TestInvoker$MethodInvocationAgent.invoke(TestInvoker.java:824)
at org.testng.internal.TestInvoker.invokeTestMethods(TestInvoker.java:146)
at org.testng.internal.TestMethodWorker.invokeTestMethods(TestMethodWorker.java:146)
at org.testng.internal.TestMethodWorker.run(TestMethodWorker.java:128)
at java.base/java.util.ArrayList.forEach(ArrayList.java:1511)
at org.testng.TestRunner.privateRun(TestRunner.java:794)
at org.testng.TestRunner.run(TestRunner.java:596)
at org.testng.SuiteRunner.runTest(SuiteRunner.java:377)
at org.testng.SuiteRunner.runSequentially(SuiteRunner.java:371)
at org.testng.SuiteRunner.privateRun(SuiteRunner.java:332)
at org.testng.SuiteRunner.run(SuiteRunner.java:276)
at org.testng.SuiteRunnerWorker.runSuite(SuiteRunnerWorker.java:53)
at org.testng.SuiteRunnerWorker.run(SuiteRunnerWorker.java:96)
at org.testng.TestNG.runSuitesSequentially(TestNG.java:1212)
at org.testng.TestNG.runSuitesLocally(TestNG.java:1134)
at org.testng.TestNG.runSuites(TestNG.java:1063)
at org.testng.TestNG.run(TestNG.java:1031)
at org.testng.remote.AbstractRemoteTestNG.run(AbstractRemoteTestNG.java:115)
at org.testng.remote.RemoteTestNG.initAndRun(RemoteTestNG.java:251)
at org.testng.remote.RemoteTestNG.main(RemoteTestNG.java:77)
]]>
    </failure>
  </testcase> <!-- verifyRecommendedURL -->
  <system-out/>
  <testcase classname="com.qa.bens.checklist.test.BAUEmergenceTest" name="verifyRecommendedURL" time="24.189"/>
  <system-out/>
  <testcase classname="com.qa.bens.checklist.test.BAUEmergenceTest" name="verifyRecommendedURL" time="23.962"/>
  <system-out/>
  <testcase classname="com.qa.bens.checklist.test.BAUEmergenceTest" name="verifyRecommendedURL" time="24.544"/>
  <system-out/>
  <testcase classname="com.qa.bens.checklist.test.BAUEmergenceTest" name="verifyRecommendedURL" time="24.221"/>
  <system-out/>
  <testcase classname="com.qa.bens.checklist.test.BAUEmergenceTest" name="verifyRecommendedURL" time="24.304"/>
  <system-out/>
  <testcase classname="com.qa.bens.checklist.test.BAUEmergenceTest" name="verifyRecommendedURL" time="23.857"/>
  <system-out/>
  <testcase classname="com.qa.bens.checklist.test.BAUEmergenceTest" name="verifyRecommendedURL" time="23.271"/>
  <system-out/>
  <testcase classname="com.qa.bens.checklist.test.BAUEmergenceTest" name="verifyRecommendedURL" time="3.351">
    <failure message="xpath is presented in the page expected [true] but found [false]" type="java.lang.AssertionError">
      <![CDATA[java.lang.AssertionError: xpath is presented in the page expected [true] but found [false]
at org.testng.Assert.fail(Assert.java:99)
at org.testng.Assert.failNotEquals(Assert.java:1037)
at org.testng.Assert.assertTrue(Assert.java:45)
at com.qa.bens.checklist.page.BAUEmergencePage.checkxPathValue(BAUEmergencePage.java:59)
at com.qa.bens.checklist.test.BAUEmergenceTest.verifyRecommendedURL(BAUEmergenceTest.java:22)
at java.base/jdk.internal.reflect.DirectMethodHandleAccessor.invoke(DirectMethodHandleAccessor.java:104)
at java.base/java.lang.reflect.Method.invoke(Method.java:577)
at org.testng.internal.MethodInvocationHelper.invokeMethod(MethodInvocationHelper.java:133)
at org.testng.internal.TestInvoker.invokeMethod(TestInvoker.java:598)
at org.testng.internal.TestInvoker.invokeTestMethod(TestInvoker.java:173)
at org.testng.internal.MethodRunner.runInSequence(MethodRunner.java:46)
at org.testng.internal.TestInvoker$MethodInvocationAgent.invoke(TestInvoker.java:824)
at org.testng.internal.TestInvoker.invokeTestMethods(TestInvoker.java:146)
at org.testng.internal.TestMethodWorker.invokeTestMethods(TestMethodWorker.java:146)
at org.testng.internal.TestMethodWorker.run(TestMethodWorker.java:128)
at java.base/java.util.ArrayList.forEach(ArrayList.java:1511)
at org.testng.TestRunner.privateRun(TestRunner.java:794)
at org.testng.TestRunner.run(TestRunner.java:596)
at org.testng.SuiteRunner.runTest(SuiteRunner.java:377)
at org.testng.SuiteRunner.runSequentially(SuiteRunner.java:371)
at org.testng.SuiteRunner.privateRun(SuiteRunner.java:332)
at org.testng.SuiteRunner.run(SuiteRunner.java:276)
at org.testng.SuiteRunnerWorker.runSuite(SuiteRunnerWorker.java:53)
at org.testng.SuiteRunnerWorker.run(SuiteRunnerWorker.java:96)
at org.testng.TestNG.runSuitesSequentially(TestNG.java:1212)
at org.testng.TestNG.runSuitesLocally(TestNG.java:1134)
at org.testng.TestNG.runSuites(TestNG.java:1063)
at org.testng.TestNG.run(TestNG.java:1031)
at org.testng.remote.AbstractRemoteTestNG.run(AbstractRemoteTestNG.java:115)
at org.testng.remote.RemoteTestNG.initAndRun(RemoteTestNG.java:251)
at org.testng.remote.RemoteTestNG.main(RemoteTestNG.java:77)
]]>
    </failure>
  </testcase> <!-- verifyRecommendedURL -->
  <system-out/>
  <testcase classname="com.qa.bens.checklist.test.BAUEmergenceTest" name="verifyRecommendedURL" time="25.651"/>
  <system-out/>
  <testcase classname="com.qa.bens.checklist.test.BAUEmergenceTest" name="verifyRecommendedURL" time="24.187"/>
  <system-out/>
  <testcase classname="com.qa.bens.checklist.test.BAUEmergenceTest" name="verifyRecommendedURL" time="24.481"/>
  <system-out/>
  <testcase classname="com.qa.bens.checklist.test.BAUEmergenceTest" name="verifyRecommendedURL" time="23.923"/>
  <system-out/>
  <testcase classname="com.qa.bens.checklist.test.BAUEmergenceTest" name="verifyRecommendedURL" time="24.023"/>
  <system-out/>
  <testcase classname="com.qa.bens.checklist.test.BAUEmergenceTest" name="verifyRecommendedURL" time="23.411"/>
  <system-out/>
  <testcase classname="com.qa.bens.checklist.test.BAUEmergenceTest" name="verifyRecommendedURL" time="23.509"/>
  <system-out/>
  <testcase classname="com.qa.bens.checklist.test.BAUEmergenceTest" name="verifyRecommendedURL" time="24.235"/>
  <system-out/>
  <testcase classname="com.qa.bens.checklist.test.BAUEmergenceTest" name="verifyRecommendedURL" time="24.372"/>
  <system-out/>
  <testcase classname="com.qa.bens.checklist.test.BAUEmergenceTest" name="verifyRecommendedURL" time="23.964"/>
  <system-out/>
  <testcase classname="com.qa.bens.checklist.test.BAUEmergenceTest" name="verifyRecommendedURL" time="23.623"/>
  <system-out/>
  <testcase classname="com.qa.bens.checklist.test.BAUEmergenceTest" name="verifyRecommendedURL" time="24.191"/>
  <system-out/>
  <testcase classname="com.qa.bens.checklist.test.BAUEmergenceTest" name="verifyRecommendedURL" time="23.983"/>
  <system-out/>
  <testcase classname="com.qa.bens.checklist.test.BAUEmergenceTest" name="verifyRecommendedURL" time="23.372"/>
  <system-out/>
  <testcase classname="com.qa.bens.checklist.test.BAUEmergenceTest" name="verifyRecommendedURL" time="24.016"/>
  <system-out/>
  <testcase classname="com.qa.bens.checklist.test.BAUEmergenceTest" name="verifyRecommendedURL" time="23.935"/>
  <system-out/>
  <testcase classname="com.qa.bens.checklist.test.BAUEmergenceTest" name="verifyRecommendedURL" time="23.532"/>
  <system-out/>
  <testcase classname="com.qa.bens.checklist.test.BAUEmergenceTest" name="verifyRecommendedURL" time="24.158"/>
  <system-out/>
  <testcase classname="com.qa.bens.checklist.test.BAUEmergenceTest" name="verifyRecommendedURL" time="24.816"/>
  <system-out/>
  <testcase classname="com.qa.bens.checklist.test.BAUEmergenceTest" name="verifyRecommendedURL" time="24.188"/>
  <system-out/>
  <testcase classname="com.qa.bens.checklist.test.BAUEmergenceTest" name="verifyRecommendedURL" time="24.217"/>
  <system-out/>
  <testcase classname="com.qa.bens.checklist.test.BAUEmergenceTest" name="verifyRecommendedURL" time="26.361"/>
  <system-out/>
  <testcase classname="com.qa.bens.checklist.test.BAUEmergenceTest" name="verifyRecommendedURL" time="23.244"/>
  <system-out/>
  <testcase classname="com.qa.bens.checklist.test.BAUEmergenceTest" name="verifyRecommendedURL" time="23.397"/>
  <system-out/>
  <testcase classname="com.qa.bens.checklist.test.BAUEmergenceTest" name="verifyRecommendedURL" time="24.349"/>
  <system-out/>
  <testcase classname="com.qa.bens.checklist.test.BAUEmergenceTest" name="verifyRecommendedURL" time="24.256"/>
  <system-out/>
  <testcase classname="com.qa.bens.checklist.test.BAUEmergenceTest" name="verifyRecommendedURL" time="24.589"/>
  <system-out/>
  <testcase classname="com.qa.bens.checklist.test.BAUEmergenceTest" name="verifyRecommendedURL" time="24.226"/>
  <system-out/>
  <testcase classname="com.qa.bens.checklist.test.BAUEmergenceTest" name="verifyRecommendedURL" time="25.549"/>
  <system-out/>
  <testcase classname="com.qa.bens.checklist.test.BAUEmergenceTest" name="verifyRecommendedURL" time="23.958"/>
  <system-out/>
  <testcase classname="com.qa.bens.checklist.test.BAUEmergenceTest" name="verifyRecommendedURL" time="24.237"/>
  <system-out/>
  <testcase classname="com.qa.bens.checklist.test.BAUEmergenceTest" name="verifyRecommendedURL" time="24.094"/>
  <system-out/>
  <testcase classname="com.qa.bens.checklist.test.BAUEmergenceTest" name="verifyRecommendedURL" time="24.133"/>
  <system-out/>
  <testcase classname="com.qa.bens.checklist.test.BAUEmergenceTest" name="verifyRecommendedURL" time="24.453"/>
  <system-out/>
  <testcase classname="com.qa.bens.checklist.test.BAUEmergenceTest" name="verifyRecommendedURL" time="24.102"/>
  <system-out/>
  <testcase classname="com.qa.bens.checklist.test.BAUEmergenceTest" name="verifyRecommendedURL" time="28.031"/>
  <system-out/>
  <testcase classname="com.qa.bens.checklist.test.BAUEmergenceTest" name="verifyRecommendedURL" time="24.420"/>
  <system-out/>
  <testcase classname="com.qa.bens.checklist.test.BAUEmergenceTest" name="verifyRecommendedURL" time="23.977"/>
  <system-out/>
  <testcase classname="com.qa.bens.checklist.test.BAUEmergenceTest" name="verifyRecommendedURL" time="23.433"/>
  <system-out/>
  <testcase classname="com.qa.bens.checklist.test.BAUEmergenceTest" name="verifyRecommendedURL" time="23.862"/>
  <system-out/>
  <testcase classname="com.qa.bens.checklist.test.BAUEmergenceTest" name="verifyRecommendedURL" time="24.229"/>
  <system-out/>
  <testcase classname="com.qa.bens.checklist.test.BAUEmergenceTest" name="verifyRecommendedURL" time="26.474"/>
  <system-out/>
  <testcase classname="com.qa.bens.checklist.test.BAUEmergenceTest" name="verifyRecommendedURL" time="24.917"/>
  <system-out/>
  <testcase classname="com.qa.bens.checklist.test.BAUEmergenceTest" name="verifyRecommendedURL" time="23.859"/>
  <system-out/>
  <testcase classname="com.qa.bens.checklist.test.BAUEmergenceTest" name="verifyRecommendedURL" time="24.045"/>
  <system-out/>
  <testcase classname="com.qa.bens.checklist.test.BAUEmergenceTest" name="verifyRecommendedURL" time="23.970"/>
  <system-out/>
  <testcase classname="com.qa.bens.checklist.test.BAUEmergenceTest" name="verifyRecommendedURL" time="24.055"/>
  <system-out/>
  <testcase classname="com.qa.bens.checklist.test.BAUEmergenceTest" name="verifyRecommendedURL" time="23.312"/>
  <system-out/>
  <testcase classname="com.qa.bens.checklist.test.BAUEmergenceTest" name="verifyRecommendedURL" time="24.434"/>
  <system-out/>
  <testcase classname="com.qa.bens.checklist.test.BAUEmergenceTest" name="verifyRecommendedURL" time="24.168"/>
  <system-out/>
  <testcase classname="com.qa.bens.checklist.test.BAUEmergenceTest" name="verifyRecommendedURL" time="24.567"/>
  <system-out/>
  <testcase classname="com.qa.bens.checklist.test.BAUEmergenceTest" name="verifyRecommendedURL" time="24.362"/>
  <system-out/>
  <testcase classname="com.qa.bens.checklist.test.BAUEmergenceTest" name="verifyRecommendedURL" time="23.283"/>
  <system-out/>
  <testcase classname="com.qa.bens.checklist.test.BAUEmergenceTest" name="verifyRecommendedURL" time="24.198"/>
  <system-out/>
  <testcase classname="com.qa.bens.checklist.test.BAUEmergenceTest" name="verifyRecommendedURL" time="23.908"/>
  <system-out/>
  <testcase classname="com.qa.bens.checklist.test.BAUEmergenceTest" name="verifyRecommendedURL" time="23.858"/>
  <system-out/>
  <testcase classname="com.qa.bens.checklist.test.BAUEmergenceTest" name="verifyRecommendedURL" time="23.594"/>
  <system-out/>
  <testcase classname="com.qa.bens.checklist.test.BAUEmergenceTest" name="verifyRecommendedURL" time="23.817"/>
  <system-out/>
  <testcase classname="com.qa.bens.checklist.test.BAUEmergenceTest" name="verifyRecommendedURL" time="25.269"/>
  <system-out/>
  <testcase classname="com.qa.bens.checklist.test.BAUEmergenceTest" name="verifyRecommendedURL" time="25.203"/>
  <system-out/>
  <testcase classname="com.qa.bens.checklist.test.BAUEmergenceTest" name="verifyRecommendedURL" time="24.346"/>
  <system-out/>
  <testcase classname="com.qa.bens.checklist.test.BAUEmergenceTest" name="verifyRecommendedURL" time="24.168"/>
  <system-out/>
  <testcase classname="com.qa.bens.checklist.test.BAUEmergenceTest" name="verifyRecommendedURL" time="24.216"/>
  <system-out/>
  <testcase classname="com.qa.bens.checklist.test.BAUEmergenceTest" name="verifyRecommendedURL" time="23.286"/>
  <system-out/>
  <testcase classname="com.qa.bens.checklist.test.BAUEmergenceTest" name="verifyRecommendedURL" time="24.689"/>
  <system-out/>
  <testcase classname="com.qa.bens.checklist.test.BAUEmergenceTest" name="verifyRecommendedURL" time="25.610"/>
  <system-out/>
  <testcase classname="com.qa.bens.checklist.test.BAUEmergenceTest" name="verifyRecommendedURL" time="24.080"/>
  <system-out/>
  <testcase classname="com.qa.bens.checklist.test.BAUEmergenceTest" name="verifyRecommendedURL" time="24.744"/>
  <system-out/>
  <testcase classname="com.qa.bens.checklist.test.BAUEmergenceTest" name="verifyRecommendedURL" time="24.197"/>
  <system-out/>
  <testcase classname="com.qa.bens.checklist.test.BAUEmergenceTest" name="verifyRecommendedURL" time="23.937"/>
  <system-out/>
  <testcase classname="com.qa.bens.checklist.test.BAUEmergenceTest" name="verifyRecommendedURL" time="23.551"/>
  <system-out/>
  <testcase classname="com.qa.bens.checklist.test.BAUEmergenceTest" name="verifyRecommendedURL" time="24.113"/>
  <system-out/>
  <testcase classname="com.qa.bens.checklist.test.BAUEmergenceTest" name="verifyRecommendedURL" time="24.266"/>
  <system-out/>
  <testcase classname="com.qa.bens.checklist.test.BAUEmergenceTest" name="verifyRecommendedURL" time="24.038"/>
  <system-out/>
  <testcase classname="com.qa.bens.checklist.test.BAUEmergenceTest" name="verifyRecommendedURL" time="24.411"/>
  <system-out/>
  <testcase classname="com.qa.bens.checklist.test.BAUEmergenceTest" name="verifyRecommendedURL" time="23.887"/>
  <system-out/>
  <testcase classname="com.qa.bens.checklist.test.BAUEmergenceTest" name="verifyRecommendedURL" time="24.204"/>
  <system-out/>
  <testcase classname="com.qa.bens.checklist.test.BAUEmergenceTest" name="verifyRecommendedURL" time="25.669"/>
  <system-out/>
  <testcase classname="com.qa.bens.checklist.test.BAUEmergenceTest" name="verifyRecommendedURL" time="23.553"/>
  <system-out/>
  <testcase classname="com.qa.bens.checklist.test.BAUEmergenceTest" name="verifyRecommendedURL" time="24.133"/>
  <system-out/>
  <testcase classname="com.qa.bens.checklist.test.BAUEmergenceTest" name="verifyRecommendedURL" time="24.234"/>
  <system-out/>
  <testcase classname="com.qa.bens.checklist.test.BAUEmergenceTest" name="verifyRecommendedURL" time="26.175"/>
  <system-out/>
  <testcase classname="com.qa.bens.checklist.test.BAUEmergenceTest" name="verifyRecommendedURL" time="24.158"/>
  <system-out/>
  <testcase classname="com.qa.bens.checklist.test.BAUEmergenceTest" name="verifyRecommendedURL" time="24.098"/>
  <system-out/>
  <testcase classname="com.qa.bens.checklist.test.BAUEmergenceTest" name="verifyRecommendedURL" time="23.928"/>
  <system-out/>
  <testcase classname="com.qa.bens.checklist.test.BAUEmergenceTest" name="verifyRecommendedURL" time="24.127"/>
  <system-out/>
  <testcase classname="com.qa.bens.checklist.test.BAUEmergenceTest" name="verifyRecommendedURL" time="24.265"/>
  <system-out/>
  <testcase classname="com.qa.bens.checklist.test.BAUEmergenceTest" name="verifyRecommendedURL" time="24.211"/>
  <system-out/>
  <testcase classname="com.qa.bens.checklist.test.BAUEmergenceTest" name="verifyRecommendedURL" time="23.336"/>
  <system-out/>
  <testcase classname="com.qa.bens.checklist.test.BAUEmergenceTest" name="verifyRecommendedURL" time="23.641"/>
  <system-out/>
  <testcase classname="com.qa.bens.checklist.test.BAUEmergenceTest" name="verifyRecommendedURL" time="25.343"/>
  <system-out/>
  <testcase classname="com.qa.bens.checklist.test.BAUEmergenceTest" name="verifyRecommendedURL" time="23.963"/>
  <system-out/>
  <testcase classname="com.qa.bens.checklist.test.BAUEmergenceTest" name="verifyRecommendedURL" time="4.716">
    <failure message="xpath is presented in the page expected [true] but found [false]" type="java.lang.AssertionError">
      <![CDATA[java.lang.AssertionError: xpath is presented in the page expected [true] but found [false]
at org.testng.Assert.fail(Assert.java:99)
at org.testng.Assert.failNotEquals(Assert.java:1037)
at org.testng.Assert.assertTrue(Assert.java:45)
at com.qa.bens.checklist.page.BAUEmergencePage.checkxPathValue(BAUEmergencePage.java:59)
at com.qa.bens.checklist.test.BAUEmergenceTest.verifyRecommendedURL(BAUEmergenceTest.java:22)
at java.base/jdk.internal.reflect.DirectMethodHandleAccessor.invoke(DirectMethodHandleAccessor.java:104)
at java.base/java.lang.reflect.Method.invoke(Method.java:577)
at org.testng.internal.MethodInvocationHelper.invokeMethod(MethodInvocationHelper.java:133)
at org.testng.internal.TestInvoker.invokeMethod(TestInvoker.java:598)
at org.testng.internal.TestInvoker.invokeTestMethod(TestInvoker.java:173)
at org.testng.internal.MethodRunner.runInSequence(MethodRunner.java:46)
at org.testng.internal.TestInvoker$MethodInvocationAgent.invoke(TestInvoker.java:824)
at org.testng.internal.TestInvoker.invokeTestMethods(TestInvoker.java:146)
at org.testng.internal.TestMethodWorker.invokeTestMethods(TestMethodWorker.java:146)
at org.testng.internal.TestMethodWorker.run(TestMethodWorker.java:128)
at java.base/java.util.ArrayList.forEach(ArrayList.java:1511)
at org.testng.TestRunner.privateRun(TestRunner.java:794)
at org.testng.TestRunner.run(TestRunner.java:596)
at org.testng.SuiteRunner.runTest(SuiteRunner.java:377)
at org.testng.SuiteRunner.runSequentially(SuiteRunner.java:371)
at org.testng.SuiteRunner.privateRun(SuiteRunner.java:332)
at org.testng.SuiteRunner.run(SuiteRunner.java:276)
at org.testng.SuiteRunnerWorker.runSuite(SuiteRunnerWorker.java:53)
at org.testng.SuiteRunnerWorker.run(SuiteRunnerWorker.java:96)
at org.testng.TestNG.runSuitesSequentially(TestNG.java:1212)
at org.testng.TestNG.runSuitesLocally(TestNG.java:1134)
at org.testng.TestNG.runSuites(TestNG.java:1063)
at org.testng.TestNG.run(TestNG.java:1031)
at org.testng.remote.AbstractRemoteTestNG.run(AbstractRemoteTestNG.java:115)
at org.testng.remote.RemoteTestNG.initAndRun(RemoteTestNG.java:251)
at org.testng.remote.RemoteTestNG.main(RemoteTestNG.java:77)
]]>
    </failure>
  </testcase> <!-- verifyRecommendedURL -->
  <system-out/>
  <testcase classname="com.qa.bens.checklist.test.BAUEmergenceTest" name="verifyRecommendedURL" time="24.111"/>
  <system-out/>
  <testcase classname="com.qa.bens.checklist.test.BAUEmergenceTest" name="verifyRecommendedURL" time="23.290"/>
  <system-out/>
  <testcase classname="com.qa.bens.checklist.test.BAUEmergenceTest" name="verifyRecommendedURL" time="24.105"/>
  <system-out/>
  <testcase classname="com.qa.bens.checklist.test.BAUEmergenceTest" name="verifyRecommendedURL" time="23.264"/>
  <system-out/>
  <testcase classname="com.qa.bens.checklist.test.BAUEmergenceTest" name="verifyRecommendedURL" time="23.872"/>
  <system-out/>
  <testcase classname="com.qa.bens.checklist.test.BAUEmergenceTest" name="verifyRecommendedURL" time="25.032"/>
  <system-out/>
  <testcase classname="com.qa.bens.checklist.test.BAUEmergenceTest" name="verifyRecommendedURL" time="23.500"/>
  <system-out/>
  <testcase classname="com.qa.bens.checklist.test.BAUEmergenceTest" name="verifyRecommendedURL" time="24.215"/>
  <system-out/>
  <testcase classname="com.qa.bens.checklist.test.BAUEmergenceTest" name="verifyRecommendedURL" time="23.826"/>
  <system-out/>
  <testcase classname="com.qa.bens.checklist.test.BAUEmergenceTest" name="verifyRecommendedURL" time="23.614"/>
  <system-out/>
  <testcase classname="com.qa.bens.checklist.test.BAUEmergenceTest" name="verifyRecommendedURL" time="23.814"/>
  <system-out/>
  <testcase classname="com.qa.bens.checklist.test.BAUEmergenceTest" name="verifyRecommendedURL" time="24.195"/>
  <system-out/>
  <testcase classname="com.qa.bens.checklist.test.BAUEmergenceTest" name="verifyRecommendedURL" time="23.867"/>
  <system-out/>
  <testcase classname="com.qa.bens.checklist.test.BAUEmergenceTest" name="verifyRecommendedURL" time="25.830"/>
  <system-out/>
  <testcase classname="com.qa.bens.checklist.test.BAUEmergenceTest" name="verifyRecommendedURL" time="24.276"/>
  <system-out/>
  <testcase classname="com.qa.bens.checklist.test.BAUEmergenceTest" name="verifyRecommendedURL" time="25.547"/>
  <system-out/>
  <testcase classname="com.qa.bens.checklist.test.BAUEmergenceTest" name="verifyRecommendedURL" time="23.303"/>
  <system-out/>
  <testcase classname="com.qa.bens.checklist.test.BAUEmergenceTest" name="verifyRecommendedURL" time="4.557">
    <failure message="xpath is presented in the page expected [true] but found [false]" type="java.lang.AssertionError">
      <![CDATA[java.lang.AssertionError: xpath is presented in the page expected [true] but found [false]
at org.testng.Assert.fail(Assert.java:99)
at org.testng.Assert.failNotEquals(Assert.java:1037)
at org.testng.Assert.assertTrue(Assert.java:45)
at com.qa.bens.checklist.page.BAUEmergencePage.checkxPathValue(BAUEmergencePage.java:59)
at com.qa.bens.checklist.test.BAUEmergenceTest.verifyRecommendedURL(BAUEmergenceTest.java:22)
at java.base/jdk.internal.reflect.DirectMethodHandleAccessor.invoke(DirectMethodHandleAccessor.java:104)
at java.base/java.lang.reflect.Method.invoke(Method.java:577)
at org.testng.internal.MethodInvocationHelper.invokeMethod(MethodInvocationHelper.java:133)
at org.testng.internal.TestInvoker.invokeMethod(TestInvoker.java:598)
at org.testng.internal.TestInvoker.invokeTestMethod(TestInvoker.java:173)
at org.testng.internal.MethodRunner.runInSequence(MethodRunner.java:46)
at org.testng.internal.TestInvoker$MethodInvocationAgent.invoke(TestInvoker.java:824)
at org.testng.internal.TestInvoker.invokeTestMethods(TestInvoker.java:146)
at org.testng.internal.TestMethodWorker.invokeTestMethods(TestMethodWorker.java:146)
at org.testng.internal.TestMethodWorker.run(TestMethodWorker.java:128)
at java.base/java.util.ArrayList.forEach(ArrayList.java:1511)
at org.testng.TestRunner.privateRun(TestRunner.java:794)
at org.testng.TestRunner.run(TestRunner.java:596)
at org.testng.SuiteRunner.runTest(SuiteRunner.java:377)
at org.testng.SuiteRunner.runSequentially(SuiteRunner.java:371)
at org.testng.SuiteRunner.privateRun(SuiteRunner.java:332)
at org.testng.SuiteRunner.run(SuiteRunner.java:276)
at org.testng.SuiteRunnerWorker.runSuite(SuiteRunnerWorker.java:53)
at org.testng.SuiteRunnerWorker.run(SuiteRunnerWorker.java:96)
at org.testng.TestNG.runSuitesSequentially(TestNG.java:1212)
at org.testng.TestNG.runSuitesLocally(TestNG.java:1134)
at org.testng.TestNG.runSuites(TestNG.java:1063)
at org.testng.TestNG.run(TestNG.java:1031)
at org.testng.remote.AbstractRemoteTestNG.run(AbstractRemoteTestNG.java:115)
at org.testng.remote.RemoteTestNG.initAndRun(RemoteTestNG.java:251)
at org.testng.remote.RemoteTestNG.main(RemoteTestNG.java:77)
]]>
    </failure>
  </testcase> <!-- verifyRecommendedURL -->
  <system-out/>
  <testcase classname="com.qa.bens.checklist.test.BAUEmergenceTest" name="verifyRecommendedURL" time="23.410"/>
  <system-out/>
  <testcase classname="com.qa.bens.checklist.test.BAUEmergenceTest" name="verifyRecommendedURL" time="25.941"/>
  <system-out/>
  <testcase classname="com.qa.bens.checklist.test.BAUEmergenceTest" name="verifyRecommendedURL" time="23.888"/>
  <system-out/>
  <testcase classname="com.qa.bens.checklist.test.BAUEmergenceTest" name="verifyRecommendedURL" time="25.856"/>
  <system-out/>
  <testcase classname="com.qa.bens.checklist.test.BAUEmergenceTest" name="verifyRecommendedURL" time="23.793"/>
  <system-out/>
  <testcase classname="com.qa.bens.checklist.test.BAUEmergenceTest" name="verifyRecommendedURL" time="23.778"/>
  <system-out/>
  <testcase classname="com.qa.bens.checklist.test.BAUEmergenceTest" name="verifyRecommendedURL" time="24.274"/>
  <system-out/>
  <testcase classname="com.qa.bens.checklist.test.BAUEmergenceTest" name="verifyRecommendedURL" time="24.140"/>
  <system-out/>
  <testcase classname="com.qa.bens.checklist.test.BAUEmergenceTest" name="verifyRecommendedURL" time="24.199"/>
  <system-out/>
  <testcase classname="com.qa.bens.checklist.test.BAUEmergenceTest" name="verifyRecommendedURL" time="3.651">
    <failure message="xpath is presented in the page expected [true] but found [false]" type="java.lang.AssertionError">
      <![CDATA[java.lang.AssertionError: xpath is presented in the page expected [true] but found [false]
at org.testng.Assert.fail(Assert.java:99)
at org.testng.Assert.failNotEquals(Assert.java:1037)
at org.testng.Assert.assertTrue(Assert.java:45)
at com.qa.bens.checklist.page.BAUEmergencePage.checkxPathValue(BAUEmergencePage.java:59)
at com.qa.bens.checklist.test.BAUEmergenceTest.verifyRecommendedURL(BAUEmergenceTest.java:22)
at java.base/jdk.internal.reflect.DirectMethodHandleAccessor.invoke(DirectMethodHandleAccessor.java:104)
at java.base/java.lang.reflect.Method.invoke(Method.java:577)
at org.testng.internal.MethodInvocationHelper.invokeMethod(MethodInvocationHelper.java:133)
at org.testng.internal.TestInvoker.invokeMethod(TestInvoker.java:598)
at org.testng.internal.TestInvoker.invokeTestMethod(TestInvoker.java:173)
at org.testng.internal.MethodRunner.runInSequence(MethodRunner.java:46)
at org.testng.internal.TestInvoker$MethodInvocationAgent.invoke(TestInvoker.java:824)
at org.testng.internal.TestInvoker.invokeTestMethods(TestInvoker.java:146)
at org.testng.internal.TestMethodWorker.invokeTestMethods(TestMethodWorker.java:146)
at org.testng.internal.TestMethodWorker.run(TestMethodWorker.java:128)
at java.base/java.util.ArrayList.forEach(ArrayList.java:1511)
at org.testng.TestRunner.privateRun(TestRunner.java:794)
at org.testng.TestRunner.run(TestRunner.java:596)
at org.testng.SuiteRunner.runTest(SuiteRunner.java:377)
at org.testng.SuiteRunner.runSequentially(SuiteRunner.java:371)
at org.testng.SuiteRunner.privateRun(SuiteRunner.java:332)
at org.testng.SuiteRunner.run(SuiteRunner.java:276)
at org.testng.SuiteRunnerWorker.runSuite(SuiteRunnerWorker.java:53)
at org.testng.SuiteRunnerWorker.run(SuiteRunnerWorker.java:96)
at org.testng.TestNG.runSuitesSequentially(TestNG.java:1212)
at org.testng.TestNG.runSuitesLocally(TestNG.java:1134)
at org.testng.TestNG.runSuites(TestNG.java:1063)
at org.testng.TestNG.run(TestNG.java:1031)
at org.testng.remote.AbstractRemoteTestNG.run(AbstractRemoteTestNG.java:115)
at org.testng.remote.RemoteTestNG.initAndRun(RemoteTestNG.java:251)
at org.testng.remote.RemoteTestNG.main(RemoteTestNG.java:77)
]]>
    </failure>
  </testcase> <!-- verifyRecommendedURL -->
  <system-out/>
  <testcase classname="com.qa.bens.checklist.test.BAUEmergenceTest" name="verifyRecommendedURL" time="23.688"/>
  <system-out/>
  <testcase classname="com.qa.bens.checklist.test.BAUEmergenceTest" name="verifyRecommendedURL" time="24.078"/>
  <system-out/>
  <testcase classname="com.qa.bens.checklist.test.BAUEmergenceTest" name="verifyRecommendedURL" time="24.014"/>
  <system-out/>
  <testcase classname="com.qa.bens.checklist.test.BAUEmergenceTest" name="verifyRecommendedURL" time="24.384"/>
  <system-out/>
  <testcase classname="com.qa.bens.checklist.test.BAUEmergenceTest" name="verifyRecommendedURL" time="24.483"/>
  <system-out/>
  <testcase classname="com.qa.bens.checklist.test.BAUEmergenceTest" name="verifyRecommendedURL" time="23.334"/>
  <system-out/>
  <testcase classname="com.qa.bens.checklist.test.BAUEmergenceTest" name="verifyRecommendedURL" time="24.052"/>
  <system-out/>
  <testcase classname="com.qa.bens.checklist.test.BAUEmergenceTest" name="verifyRecommendedURL" time="24.065"/>
  <system-out/>
  <testcase classname="com.qa.bens.checklist.test.BAUEmergenceTest" name="verifyRecommendedURL" time="23.273"/>
  <system-out/>
  <testcase classname="com.qa.bens.checklist.test.BAUEmergenceTest" name="verifyRecommendedURL" time="24.358"/>
  <system-out/>
  <testcase classname="com.qa.bens.checklist.test.BAUEmergenceTest" name="verifyRecommendedURL" time="23.561"/>
  <system-out/>
  <testcase classname="com.qa.bens.checklist.test.BAUEmergenceTest" name="verifyRecommendedURL" time="24.007"/>
  <system-out/>
  <testcase classname="com.qa.bens.checklist.test.BAUEmergenceTest" name="verifyRecommendedURL" time="24.299"/>
  <system-out/>
  <testcase classname="com.qa.bens.checklist.test.BAUEmergenceTest" name="verifyRecommendedURL" time="23.404"/>
  <system-out/>
  <testcase classname="com.qa.bens.checklist.test.BAUEmergenceTest" name="verifyRecommendedURL" time="24.502"/>
  <system-out/>
  <testcase classname="com.qa.bens.checklist.test.BAUEmergenceTest" name="verifyRecommendedURL" time="23.657"/>
  <system-out/>
  <testcase classname="com.qa.bens.checklist.test.BAUEmergenceTest" name="verifyRecommendedURL" time="24.190"/>
  <system-out/>
  <testcase classname="com.qa.bens.checklist.test.BAUEmergenceTest" name="verifyRecommendedURL" time="24.118"/>
  <system-out/>
  <testcase classname="com.qa.bens.checklist.test.BAUEmergenceTest" name="verifyRecommendedURL" time="24.092"/>
  <system-out/>
  <testcase classname="com.qa.bens.checklist.test.BAUEmergenceTest" name="verifyRecommendedURL" time="24.367"/>
  <system-out/>
  <testcase classname="com.qa.bens.checklist.test.BAUEmergenceTest" name="verifyRecommendedURL" time="23.885"/>
  <system-out/>
  <testcase classname="com.qa.bens.checklist.test.BAUEmergenceTest" name="verifyRecommendedURL" time="24.752"/>
  <system-out/>
  <testcase classname="com.qa.bens.checklist.test.BAUEmergenceTest" name="verifyRecommendedURL" time="24.055"/>
  <system-out/>
  <testcase classname="com.qa.bens.checklist.test.BAUEmergenceTest" name="verifyRecommendedURL" time="23.425"/>
  <system-out/>
  <testcase classname="com.qa.bens.checklist.test.BAUEmergenceTest" name="verifyRecommendedURL" time="24.394"/>
  <system-out/>
  <testcase classname="com.qa.bens.checklist.test.BAUEmergenceTest" name="verifyRecommendedURL" time="24.379"/>
  <system-out/>
  <testcase classname="com.qa.bens.checklist.test.BAUEmergenceTest" name="verifyRecommendedURL" time="23.825"/>
  <system-out/>
  <testcase classname="com.qa.bens.checklist.test.BAUEmergenceTest" name="verifyRecommendedURL" time="23.865"/>
  <system-out/>
  <testcase classname="com.qa.bens.checklist.test.BAUEmergenceTest" name="verifyRecommendedURL" time="24.362"/>
  <system-out/>
  <testcase classname="com.qa.bens.checklist.test.BAUEmergenceTest" name="verifyRecommendedURL" time="25.138"/>
  <system-out/>
  <testcase classname="com.qa.bens.checklist.test.BAUEmergenceTest" name="verifyRecommendedURL" time="24.676"/>
  <system-out/>
  <testcase classname="com.qa.bens.checklist.test.BAUEmergenceTest" name="verifyRecommendedURL" time="26.940"/>
  <system-out/>
  <testcase classname="com.qa.bens.checklist.test.BAUEmergenceTest" name="verifyRecommendedURL" time="24.117"/>
  <system-out/>
  <testcase classname="com.qa.bens.checklist.test.BAUEmergenceTest" name="verifyRecommendedURL" time="23.349"/>
  <system-out/>
  <testcase classname="com.qa.bens.checklist.test.BAUEmergenceTest" name="verifyRecommendedURL" time="23.461"/>
  <system-out/>
  <testcase classname="com.qa.bens.checklist.test.BAUEmergenceTest" name="verifyRecommendedURL" time="24.089"/>
  <system-out/>
  <testcase classname="com.qa.bens.checklist.test.BAUEmergenceTest" name="verifyRecommendedURL" time="24.976"/>
  <system-out/>
  <testcase classname="com.qa.bens.checklist.test.BAUEmergenceTest" name="verifyRecommendedURL" time="24.231"/>
  <system-out/>
  <testcase classname="com.qa.bens.checklist.test.BAUEmergenceTest" name="verifyRecommendedURL" time="24.160"/>
  <system-out/>
  <testcase classname="com.qa.bens.checklist.test.BAUEmergenceTest" name="verifyRecommendedURL" time="23.533"/>
  <system-out/>
  <testcase classname="com.qa.bens.checklist.test.BAUEmergenceTest" name="verifyRecommendedURL" time="24.021"/>
  <system-out/>
  <testcase classname="com.qa.bens.checklist.test.BAUEmergenceTest" name="verifyRecommendedURL" time="24.699"/>
  <system-out/>
  <testcase classname="com.qa.bens.checklist.test.BAUEmergenceTest" name="verifyRecommendedURL" time="26.558"/>
  <system-out/>
  <testcase classname="com.qa.bens.checklist.test.BAUEmergenceTest" name="verifyRecommendedURL" time="24.086"/>
  <system-out/>
  <testcase classname="com.qa.bens.checklist.test.BAUEmergenceTest" name="verifyRecommendedURL" time="23.537"/>
  <system-out/>
  <testcase classname="com.qa.bens.checklist.test.BAUEmergenceTest" name="verifyRecommendedURL" time="24.072"/>
  <system-out/>
  <testcase classname="com.qa.bens.checklist.test.BAUEmergenceTest" name="verifyRecommendedURL" time="23.297"/>
  <system-out/>
  <testcase classname="com.qa.bens.checklist.test.BAUEmergenceTest" name="verifyRecommendedURL" time="24.265"/>
  <system-out/>
  <testcase classname="com.qa.bens.checklist.test.BAUEmergenceTest" name="verifyRecommendedURL" time="23.480"/>
  <system-out/>
  <testcase classname="com.qa.bens.checklist.test.BAUEmergenceTest" name="verifyRecommendedURL" time="23.843"/>
  <system-out/>
  <testcase classname="com.qa.bens.checklist.test.BAUEmergenceTest" name="verifyRecommendedURL" time="24.131"/>
  <system-out/>
  <testcase classname="com.qa.bens.checklist.test.BAUEmergenceTest" name="verifyRecommendedURL" time="23.826"/>
  <system-out/>
  <testcase classname="com.qa.bens.checklist.test.BAUEmergenceTest" name="verifyRecommendedURL" time="24.979"/>
  <system-out/>
  <testcase classname="com.qa.bens.checklist.test.BAUEmergenceTest" name="verifyRecommendedURL" time="23.612"/>
  <system-out/>
  <testcase classname="com.qa.bens.checklist.test.BAUEmergenceTest" name="verifyRecommendedURL" time="24.216"/>
  <system-out/>
  <testcase classname="com.qa.bens.checklist.test.BAUEmergenceTest" name="verifyRecommendedURL" time="23.589"/>
  <system-out/>
  <testcase classname="com.qa.bens.checklist.test.BAUEmergenceTest" name="verifyRecommendedURL" time="23.967"/>
  <system-out/>
  <testcase classname="com.qa.bens.checklist.test.BAUEmergenceTest" name="verifyRecommendedURL" time="23.549"/>
  <system-out/>
  <testcase classname="com.qa.bens.checklist.test.BAUEmergenceTest" name="verifyRecommendedURL" time="23.663"/>
  <system-out/>
  <testcase classname="com.qa.bens.checklist.test.BAUEmergenceTest" name="verifyRecommendedURL" time="23.792"/>
  <system-out/>
  <testcase classname="com.qa.bens.checklist.test.BAUEmergenceTest" name="verifyRecommendedURL" time="23.519"/>
  <system-out/>
  <testcase classname="com.qa.bens.checklist.test.BAUEmergenceTest" name="verifyRecommendedURL" time="23.330"/>
  <system-out/>
  <testcase classname="com.qa.bens.checklist.test.BAUEmergenceTest" name="verifyRecommendedURL" time="26.291"/>
  <system-out/>
  <testcase classname="com.qa.bens.checklist.test.BAUEmergenceTest" name="verifyRecommendedURL" time="23.402"/>
  <system-out/>
  <testcase classname="com.qa.bens.checklist.test.BAUEmergenceTest" name="verifyRecommendedURL" time="23.306"/>
  <system-out/>
  <testcase classname="com.qa.bens.checklist.test.BAUEmergenceTest" name="verifyRecommendedURL" time="23.350"/>
  <system-out/>
  <testcase classname="com.qa.bens.checklist.test.BAUEmergenceTest" name="verifyRecommendedURL" time="24.145"/>
  <system-out/>
  <testcase classname="com.qa.bens.checklist.test.BAUEmergenceTest" name="verifyRecommendedURL" time="23.969"/>
  <system-out/>
  <testcase classname="com.qa.bens.checklist.test.BAUEmergenceTest" name="verifyRecommendedURL" time="24.105"/>
  <system-out/>
  <testcase classname="com.qa.bens.checklist.test.BAUEmergenceTest" name="verifyRecommendedURL" time="23.877"/>
  <system-out/>
  <testcase classname="com.qa.bens.checklist.test.BAUEmergenceTest" name="verifyRecommendedURL" time="23.966"/>
  <system-out/>
  <testcase classname="com.qa.bens.checklist.test.BAUEmergenceTest" name="verifyRecommendedURL" time="23.877"/>
  <system-out/>
  <testcase classname="com.qa.bens.checklist.test.BAUEmergenceTest" name="verifyRecommendedURL" time="25.139"/>
  <system-out/>
  <testcase classname="com.qa.bens.checklist.test.BAUEmergenceTest" name="verifyRecommendedURL" time="24.272"/>
  <system-out/>
  <testcase classname="com.qa.bens.checklist.test.BAUEmergenceTest" name="verifyRecommendedURL" time="24.116"/>
  <system-out/>
  <testcase classname="com.qa.bens.checklist.test.BAUEmergenceTest" name="verifyRecommendedURL" time="23.939"/>
  <system-out/>
  <testcase classname="com.qa.bens.checklist.test.BAUEmergenceTest" name="verifyRecommendedURL" time="23.385"/>
  <system-out/>
  <testcase classname="com.qa.bens.checklist.test.BAUEmergenceTest" name="verifyRecommendedURL" time="24.633"/>
  <system-out/>
  <testcase classname="com.qa.bens.checklist.test.BAUEmergenceTest" name="verifyRecommendedURL" time="23.363"/>
  <system-out/>
  <testcase classname="com.qa.bens.checklist.test.BAUEmergenceTest" name="verifyRecommendedURL" time="24.055"/>
  <system-out/>
  <testcase classname="com.qa.bens.checklist.test.BAUEmergenceTest" name="verifyRecommendedURL" time="23.779"/>
  <system-out/>
  <testcase classname="com.qa.bens.checklist.test.BAUEmergenceTest" name="verifyRecommendedURL" time="23.959"/>
  <system-out/>
  <testcase classname="com.qa.bens.checklist.test.BAUEmergenceTest" name="verifyRecommendedURL" time="23.266"/>
  <system-out/>
  <testcase classname="com.qa.bens.checklist.test.BAUEmergenceTest" name="verifyRecommendedURL" time="24.019"/>
  <system-out/>
  <testcase classname="com.qa.bens.checklist.test.BAUEmergenceTest" name="verifyRecommendedURL" time="23.963"/>
  <system-out/>
  <testcase classname="com.qa.bens.checklist.test.BAUEmergenceTest" name="verifyRecommendedURL" time="23.742"/>
  <system-out/>
  <testcase classname="com.qa.bens.checklist.test.BAUEmergenceTest" name="verifyRecommendedURL" time="26.569"/>
  <system-out/>
  <testcase classname="com.qa.bens.checklist.test.BAUEmergenceTest" name="verifyRecommendedURL" time="25.106"/>
  <system-out/>
  <testcase classname="com.qa.bens.checklist.test.BAUEmergenceTest" name="verifyRecommendedURL" time="24.214"/>
  <system-out/>
  <testcase classname="com.qa.bens.checklist.test.BAUEmergenceTest" name="verifyRecommendedURL" time="23.935"/>
  <system-out/>
  <testcase classname="com.qa.bens.checklist.test.BAUEmergenceTest" name="verifyRecommendedURL" time="23.700"/>
  <system-out/>
  <testcase classname="com.qa.bens.checklist.test.BAUEmergenceTest" name="verifyRecommendedURL" time="25.001"/>
  <system-out/>
  <testcase classname="com.qa.bens.checklist.test.BAUEmergenceTest" name="verifyRecommendedURL" time="25.137"/>
  <system-out/>
  <testcase classname="com.qa.bens.checklist.test.BAUEmergenceTest" name="verifyRecommendedURL" time="23.571"/>
  <system-out/>
  <testcase classname="com.qa.bens.checklist.test.BAUEmergenceTest" name="verifyRecommendedURL" time="3.606">
    <failure message="xpath is presented in the page expected [true] but found [false]" type="java.lang.AssertionError">
      <![CDATA[java.lang.AssertionError: xpath is presented in the page expected [true] but found [false]
at org.testng.Assert.fail(Assert.java:99)
at org.testng.Assert.failNotEquals(Assert.java:1037)
at org.testng.Assert.assertTrue(Assert.java:45)
at com.qa.bens.checklist.page.BAUEmergencePage.checkxPathValue(BAUEmergencePage.java:59)
at com.qa.bens.checklist.test.BAUEmergenceTest.verifyRecommendedURL(BAUEmergenceTest.java:22)
at java.base/jdk.internal.reflect.DirectMethodHandleAccessor.invoke(DirectMethodHandleAccessor.java:104)
at java.base/java.lang.reflect.Method.invoke(Method.java:577)
at org.testng.internal.MethodInvocationHelper.invokeMethod(MethodInvocationHelper.java:133)
at org.testng.internal.TestInvoker.invokeMethod(TestInvoker.java:598)
at org.testng.internal.TestInvoker.invokeTestMethod(TestInvoker.java:173)
at org.testng.internal.MethodRunner.runInSequence(MethodRunner.java:46)
at org.testng.internal.TestInvoker$MethodInvocationAgent.invoke(TestInvoker.java:824)
at org.testng.internal.TestInvoker.invokeTestMethods(TestInvoker.java:146)
at org.testng.internal.TestMethodWorker.invokeTestMethods(TestMethodWorker.java:146)
at org.testng.internal.TestMethodWorker.run(TestMethodWorker.java:128)
at java.base/java.util.ArrayList.forEach(ArrayList.java:1511)
at org.testng.TestRunner.privateRun(TestRunner.java:794)
at org.testng.TestRunner.run(TestRunner.java:596)
at org.testng.SuiteRunner.runTest(SuiteRunner.java:377)
at org.testng.SuiteRunner.runSequentially(SuiteRunner.java:371)
at org.testng.SuiteRunner.privateRun(SuiteRunner.java:332)
at org.testng.SuiteRunner.run(SuiteRunner.java:276)
at org.testng.SuiteRunnerWorker.runSuite(SuiteRunnerWorker.java:53)
at org.testng.SuiteRunnerWorker.run(SuiteRunnerWorker.java:96)
at org.testng.TestNG.runSuitesSequentially(TestNG.java:1212)
at org.testng.TestNG.runSuitesLocally(TestNG.java:1134)
at org.testng.TestNG.runSuites(TestNG.java:1063)
at org.testng.TestNG.run(TestNG.java:1031)
at org.testng.remote.AbstractRemoteTestNG.run(AbstractRemoteTestNG.java:115)
at org.testng.remote.RemoteTestNG.initAndRun(RemoteTestNG.java:251)
at org.testng.remote.RemoteTestNG.main(RemoteTestNG.java:77)
]]>
    </failure>
  </testcase> <!-- verifyRecommendedURL -->
  <system-out/>
  <testcase classname="com.qa.bens.checklist.test.BAUEmergenceTest" name="verifyRecommendedURL" time="25.921"/>
  <system-out/>
  <testcase classname="com.qa.bens.checklist.test.BAUEmergenceTest" name="verifyRecommendedURL" time="23.992"/>
  <system-out/>
  <testcase classname="com.qa.bens.checklist.test.BAUEmergenceTest" name="verifyRecommendedURL" time="23.878"/>
  <system-out/>
  <testcase classname="com.qa.bens.checklist.test.BAUEmergenceTest" name="verifyRecommendedURL" time="28.291"/>
  <system-out/>
  <testcase classname="com.qa.bens.checklist.test.BAUEmergenceTest" name="verifyRecommendedURL" time="23.753"/>
  <system-out/>
  <testcase classname="com.qa.bens.checklist.test.BAUEmergenceTest" name="verifyRecommendedURL" time="23.298"/>
  <system-out/>
  <testcase classname="com.qa.bens.checklist.test.BAUEmergenceTest" name="verifyRecommendedURL" time="24.412"/>
  <system-out/>
  <testcase classname="com.qa.bens.checklist.test.BAUEmergenceTest" name="verifyRecommendedURL" time="24.616"/>
  <system-out/>
  <testcase classname="com.qa.bens.checklist.test.BAUEmergenceTest" name="verifyRecommendedURL" time="23.517"/>
  <system-out/>
  <testcase classname="com.qa.bens.checklist.test.BAUEmergenceTest" name="verifyRecommendedURL" time="23.724"/>
  <system-out/>
  <testcase classname="com.qa.bens.checklist.test.BAUEmergenceTest" name="verifyRecommendedURL" time="24.097"/>
  <system-out/>
  <testcase classname="com.qa.bens.checklist.test.BAUEmergenceTest" name="verifyRecommendedURL" time="24.465"/>
  <system-out/>
  <testcase classname="com.qa.bens.checklist.test.BAUEmergenceTest" name="verifyRecommendedURL" time="23.812"/>
  <system-out/>
  <testcase classname="com.qa.bens.checklist.test.BAUEmergenceTest" name="verifyRecommendedURL" time="23.650"/>
  <system-out/>
  <testcase classname="com.qa.bens.checklist.test.BAUEmergenceTest" name="verifyRecommendedURL" time="23.773"/>
  <system-out/>
  <testcase classname="com.qa.bens.checklist.test.BAUEmergenceTest" name="verifyRecommendedURL" time="23.998"/>
  <system-out/>
  <testcase classname="com.qa.bens.checklist.test.BAUEmergenceTest" name="verifyRecommendedURL" time="23.250"/>
  <system-out/>
  <testcase classname="com.qa.bens.checklist.test.BAUEmergenceTest" name="verifyRecommendedURL" time="23.756"/>
  <system-out/>
  <testcase classname="com.qa.bens.checklist.test.BAUEmergenceTest" name="verifyRecommendedURL" time="25.196"/>
  <system-out/>
  <testcase classname="com.qa.bens.checklist.test.BAUEmergenceTest" name="verifyRecommendedURL" time="24.828"/>
  <system-out/>
  <testcase classname="com.qa.bens.checklist.test.BAUEmergenceTest" name="verifyRecommendedURL" time="23.332"/>
  <system-out/>
  <testcase classname="com.qa.bens.checklist.test.BAUEmergenceTest" name="verifyRecommendedURL" time="23.868"/>
  <system-out/>
  <testcase classname="com.qa.bens.checklist.test.BAUEmergenceTest" name="verifyRecommendedURL" time="24.119"/>
  <system-out/>
  <testcase classname="com.qa.bens.checklist.test.BAUEmergenceTest" name="verifyRecommendedURL" time="24.246"/>
  <system-out/>
  <testcase classname="com.qa.bens.checklist.test.BAUEmergenceTest" name="verifyRecommendedURL" time="25.003"/>
  <system-out/>
  <testcase classname="com.qa.bens.checklist.test.BAUEmergenceTest" name="verifyRecommendedURL" time="23.798"/>
  <system-out/>
  <testcase classname="com.qa.bens.checklist.test.BAUEmergenceTest" name="verifyRecommendedURL" time="23.808"/>
  <system-out/>
  <testcase classname="com.qa.bens.checklist.test.BAUEmergenceTest" name="verifyRecommendedURL" time="23.888"/>
  <system-out/>
  <testcase classname="com.qa.bens.checklist.test.BAUEmergenceTest" name="verifyRecommendedURL" time="23.289"/>
  <system-out/>
  <testcase classname="com.qa.bens.checklist.test.BAUEmergenceTest" name="verifyRecommendedURL" time="24.024"/>
  <system-out/>
  <testcase classname="com.qa.bens.checklist.test.BAUEmergenceTest" name="verifyRecommendedURL" time="24.270"/>
  <system-out/>
  <testcase classname="com.qa.bens.checklist.test.BAUEmergenceTest" name="verifyRecommendedURL" time="24.591"/>
  <system-out/>
  <testcase classname="com.qa.bens.checklist.test.BAUEmergenceTest" name="verifyRecommendedURL" time="24.159"/>
  <system-out/>
  <testcase classname="com.qa.bens.checklist.test.BAUEmergenceTest" name="verifyRecommendedURL" time="23.895"/>
  <system-out/>
  <testcase classname="com.qa.bens.checklist.test.BAUEmergenceTest" name="verifyRecommendedURL" time="26.705"/>
  <system-out/>
  <testcase classname="com.qa.bens.checklist.test.BAUEmergenceTest" name="verifyRecommendedURL" time="24.010"/>
  <system-out/>
  <testcase classname="com.qa.bens.checklist.test.BAUEmergenceTest" name="verifyRecommendedURL" time="23.893"/>
  <system-out/>
  <testcase classname="com.qa.bens.checklist.test.BAUEmergenceTest" name="verifyRecommendedURL" time="23.806"/>
  <system-out/>
  <testcase classname="com.qa.bens.checklist.test.BAUEmergenceTest" name="verifyRecommendedURL" time="24.057"/>
  <system-out/>
  <testcase classname="com.qa.bens.checklist.test.BAUEmergenceTest" name="verifyRecommendedURL" time="24.537"/>
  <system-out/>
  <testcase classname="com.qa.bens.checklist.test.BAUEmergenceTest" name="verifyRecommendedURL" time="23.294"/>
  <system-out/>
  <testcase classname="com.qa.bens.checklist.test.BAUEmergenceTest" name="verifyRecommendedURL" time="24.362"/>
  <system-out/>
  <testcase classname="com.qa.bens.checklist.test.BAUEmergenceTest" name="verifyRecommendedURL" time="24.164"/>
  <system-out/>
  <testcase classname="com.qa.bens.checklist.test.BAUEmergenceTest" name="verifyRecommendedURL" time="30.660"/>
  <system-out/>
  <testcase classname="com.qa.bens.checklist.test.BAUEmergenceTest" name="verifyRecommendedURL" time="24.025"/>
  <system-out/>
  <testcase classname="com.qa.bens.checklist.test.BAUEmergenceTest" name="verifyRecommendedURL" time="24.868"/>
  <system-out/>
  <testcase classname="com.qa.bens.checklist.test.BAUEmergenceTest" name="verifyRecommendedURL" time="24.429"/>
  <system-out/>
  <testcase classname="com.qa.bens.checklist.test.BAUEmergenceTest" name="verifyRecommendedURL" time="25.899"/>
  <system-out/>
  <testcase classname="com.qa.bens.checklist.test.BAUEmergenceTest" name="verifyRecommendedURL" time="24.303"/>
  <system-out/>
  <testcase classname="com.qa.bens.checklist.test.BAUEmergenceTest" name="verifyRecommendedURL" time="24.251"/>
  <system-out/>
  <testcase classname="com.qa.bens.checklist.test.BAUEmergenceTest" name="verifyRecommendedURL" time="24.167"/>
  <system-out/>
  <testcase classname="com.qa.bens.checklist.test.BAUEmergenceTest" name="verifyRecommendedURL" time="23.648"/>
  <system-out/>
  <testcase classname="com.qa.bens.checklist.test.BAUEmergenceTest" name="verifyRecommendedURL" time="23.878"/>
  <system-out/>
  <testcase classname="com.qa.bens.checklist.test.BAUEmergenceTest" name="verifyRecommendedURL" time="23.639"/>
  <system-out/>
  <testcase classname="com.qa.bens.checklist.test.BAUEmergenceTest" name="verifyRecommendedURL" time="23.462"/>
  <system-out/>
  <testcase classname="com.qa.bens.checklist.test.BAUEmergenceTest" name="verifyRecommendedURL" time="24.499"/>
  <system-out/>
  <testcase classname="com.qa.bens.checklist.test.BAUEmergenceTest" name="verifyRecommendedURL" time="23.320"/>
  <system-out/>
  <testcase classname="com.qa.bens.checklist.test.BAUEmergenceTest" name="verifyRecommendedURL" time="23.620"/>
  <system-out/>
  <testcase classname="com.qa.bens.checklist.test.BAUEmergenceTest" name="verifyRecommendedURL" time="23.793"/>
  <system-out/>
  <testcase classname="com.qa.bens.checklist.test.BAUEmergenceTest" name="verifyRecommendedURL" time="24.179"/>
  <system-out/>
  <testcase classname="com.qa.bens.checklist.test.BAUEmergenceTest" name="verifyRecommendedURL" time="24.214"/>
  <system-out/>
  <testcase classname="com.qa.bens.checklist.test.BAUEmergenceTest" name="verifyRecommendedURL" time="23.850"/>
  <system-out/>
  <testcase classname="com.qa.bens.checklist.test.BAUEmergenceTest" name="verifyRecommendedURL" time="25.208"/>
  <system-out/>
  <testcase classname="com.qa.bens.checklist.test.BAUEmergenceTest" name="verifyRecommendedURL" time="24.704"/>
  <system-out/>
  <testcase classname="com.qa.bens.checklist.test.BAUEmergenceTest" name="verifyRecommendedURL" time="23.933"/>
  <system-out/>
  <testcase classname="com.qa.bens.checklist.test.BAUEmergenceTest" name="verifyRecommendedURL" time="23.984"/>
  <system-out/>
  <testcase classname="com.qa.bens.checklist.test.BAUEmergenceTest" name="verifyRecommendedURL" time="23.267"/>
  <system-out/>
  <testcase classname="com.qa.bens.checklist.test.BAUEmergenceTest" name="verifyRecommendedURL" time="23.985"/>
  <system-out/>
  <testcase classname="com.qa.bens.checklist.test.BAUEmergenceTest" name="verifyRecommendedURL" time="23.921"/>
  <system-out/>
  <testcase classname="com.qa.bens.checklist.test.BAUEmergenceTest" name="verifyRecommendedURL" time="24.196"/>
  <system-out/>
  <testcase classname="com.qa.bens.checklist.test.BAUEmergenceTest" name="verifyRecommendedURL" time="24.032"/>
  <system-out/>
  <testcase classname="com.qa.bens.checklist.test.BAUEmergenceTest" name="verifyRecommendedURL" time="24.293"/>
  <system-out/>
  <testcase classname="com.qa.bens.checklist.test.BAUEmergenceTest" name="verifyRecommendedURL" time="24.273"/>
  <system-out/>
  <testcase classname="com.qa.bens.checklist.test.BAUEmergenceTest" name="verifyRecommendedURL" time="23.502"/>
  <system-out/>
  <testcase classname="com.qa.bens.checklist.test.BAUEmergenceTest" name="verifyRecommendedURL" time="24.011"/>
  <system-out/>
  <testcase classname="com.qa.bens.checklist.test.BAUEmergenceTest" name="verifyRecommendedURL" time="23.957"/>
  <system-out/>
  <testcase classname="com.qa.bens.checklist.test.BAUEmergenceTest" name="verifyRecommendedURL" time="23.511"/>
  <system-out/>
  <testcase classname="com.qa.bens.checklist.test.BAUEmergenceTest" name="verifyRecommendedURL" time="24.101"/>
  <system-out/>
  <testcase classname="com.qa.bens.checklist.test.BAUEmergenceTest" name="verifyRecommendedURL" time="23.838"/>
  <system-out/>
  <testcase classname="com.qa.bens.checklist.test.BAUEmergenceTest" name="verifyRecommendedURL" time="24.966"/>
  <system-out/>
  <testcase classname="com.qa.bens.checklist.test.BAUEmergenceTest" name="verifyRecommendedURL" time="24.030"/>
  <system-out/>
  <testcase classname="com.qa.bens.checklist.test.BAUEmergenceTest" name="verifyRecommendedURL" time="23.946"/>
  <system-out/>
  <testcase classname="com.qa.bens.checklist.test.BAUEmergenceTest" name="verifyRecommendedURL" time="24.670"/>
  <system-out/>
  <testcase classname="com.qa.bens.checklist.test.BAUEmergenceTest" name="verifyRecommendedURL" time="25.617"/>
  <system-out/>
  <testcase classname="com.qa.bens.checklist.test.BAUEmergenceTest" name="verifyRecommendedURL" time="24.224"/>
  <system-out/>
  <testcase classname="com.qa.bens.checklist.test.BAUEmergenceTest" name="verifyRecommendedURL" time="24.781"/>
  <system-out/>
  <testcase classname="com.qa.bens.checklist.test.BAUEmergenceTest" name="verifyRecommendedURL" time="23.600"/>
  <system-out/>
  <testcase classname="com.qa.bens.checklist.test.BAUEmergenceTest" name="verifyRecommendedURL" time="23.461"/>
  <system-out/>
  <testcase classname="com.qa.bens.checklist.test.BAUEmergenceTest" name="verifyRecommendedURL" time="23.705"/>
  <system-out/>
  <testcase classname="com.qa.bens.checklist.test.BAUEmergenceTest" name="verifyRecommendedURL" time="24.135"/>
  <system-out/>
  <testcase classname="com.qa.bens.checklist.test.BAUEmergenceTest" name="verifyRecommendedURL" time="24.187"/>
  <system-out/>
  <testcase classname="com.qa.bens.checklist.test.BAUEmergenceTest" name="verifyRecommendedURL" time="24.372"/>
  <system-out/>
  <testcase classname="com.qa.bens.checklist.test.BAUEmergenceTest" name="verifyRecommendedURL" time="23.628"/>
  <system-out/>
  <testcase classname="com.qa.bens.checklist.test.BAUEmergenceTest" name="verifyRecommendedURL" time="23.901"/>
  <system-out/>
  <testcase classname="com.qa.bens.checklist.test.BAUEmergenceTest" name="verifyRecommendedURL" time="25.296"/>
  <system-out/>
  <testcase classname="com.qa.bens.checklist.test.BAUEmergenceTest" name="verifyRecommendedURL" time="23.866"/>
  <system-out/>
  <testcase classname="com.qa.bens.checklist.test.BAUEmergenceTest" name="verifyRecommendedURL" time="23.430"/>
  <system-out/>
  <testcase classname="com.qa.bens.checklist.test.BAUEmergenceTest" name="verifyRecommendedURL" time="24.150"/>
  <system-out/>
  <testcase classname="com.qa.bens.checklist.test.BAUEmergenceTest" name="verifyRecommendedURL" time="25.380"/>
  <system-out/>
  <testcase classname="com.qa.bens.checklist.test.BAUEmergenceTest" name="verifyRecommendedURL" time="23.927"/>
  <system-out/>
  <testcase classname="com.qa.bens.checklist.test.BAUEmergenceTest" name="verifyRecommendedURL" time="4.187">
    <failure message="xpath is presented in the page expected [true] but found [false]" type="java.lang.AssertionError">
      <![CDATA[java.lang.AssertionError: xpath is presented in the page expected [true] but found [false]
at org.testng.Assert.fail(Assert.java:99)
at org.testng.Assert.failNotEquals(Assert.java:1037)
at org.testng.Assert.assertTrue(Assert.java:45)
at com.qa.bens.checklist.page.BAUEmergencePage.checkxPathValue(BAUEmergencePage.java:59)
at com.qa.bens.checklist.test.BAUEmergenceTest.verifyRecommendedURL(BAUEmergenceTest.java:22)
at java.base/jdk.internal.reflect.DirectMethodHandleAccessor.invoke(DirectMethodHandleAccessor.java:104)
at java.base/java.lang.reflect.Method.invoke(Method.java:577)
at org.testng.internal.MethodInvocationHelper.invokeMethod(MethodInvocationHelper.java:133)
at org.testng.internal.TestInvoker.invokeMethod(TestInvoker.java:598)
at org.testng.internal.TestInvoker.invokeTestMethod(TestInvoker.java:173)
at org.testng.internal.MethodRunner.runInSequence(MethodRunner.java:46)
at org.testng.internal.TestInvoker$MethodInvocationAgent.invoke(TestInvoker.java:824)
at org.testng.internal.TestInvoker.invokeTestMethods(TestInvoker.java:146)
at org.testng.internal.TestMethodWorker.invokeTestMethods(TestMethodWorker.java:146)
at org.testng.internal.TestMethodWorker.run(TestMethodWorker.java:128)
at java.base/java.util.ArrayList.forEach(ArrayList.java:1511)
at org.testng.TestRunner.privateRun(TestRunner.java:794)
at org.testng.TestRunner.run(TestRunner.java:596)
at org.testng.SuiteRunner.runTest(SuiteRunner.java:377)
at org.testng.SuiteRunner.runSequentially(SuiteRunner.java:371)
at org.testng.SuiteRunner.privateRun(SuiteRunner.java:332)
at org.testng.SuiteRunner.run(SuiteRunner.java:276)
at org.testng.SuiteRunnerWorker.runSuite(SuiteRunnerWorker.java:53)
at org.testng.SuiteRunnerWorker.run(SuiteRunnerWorker.java:96)
at org.testng.TestNG.runSuitesSequentially(TestNG.java:1212)
at org.testng.TestNG.runSuitesLocally(TestNG.java:1134)
at org.testng.TestNG.runSuites(TestNG.java:1063)
at org.testng.TestNG.run(TestNG.java:1031)
at org.testng.remote.AbstractRemoteTestNG.run(AbstractRemoteTestNG.java:115)
at org.testng.remote.RemoteTestNG.initAndRun(RemoteTestNG.java:251)
at org.testng.remote.RemoteTestNG.main(RemoteTestNG.java:77)
]]>
    </failure>
  </testcase> <!-- verifyRecommendedURL -->
  <system-out/>
  <testcase classname="com.qa.bens.checklist.test.BAUEmergenceTest" name="verifyRecommendedURL" time="24.292"/>
  <system-out/>
  <testcase classname="com.qa.bens.checklist.test.BAUEmergenceTest" name="verifyRecommendedURL" time="24.133"/>
  <system-out/>
  <testcase classname="com.qa.bens.checklist.test.BAUEmergenceTest" name="verifyRecommendedURL" time="23.452"/>
  <system-out/>
  <testcase classname="com.qa.bens.checklist.test.BAUEmergenceTest" name="verifyRecommendedURL" time="24.305"/>
  <system-out/>
  <testcase classname="com.qa.bens.checklist.test.BAUEmergenceTest" name="verifyRecommendedURL" time="23.792"/>
  <system-out/>
  <testcase classname="com.qa.bens.checklist.test.BAUEmergenceTest" name="verifyRecommendedURL" time="24.153"/>
  <system-out/>
  <testcase classname="com.qa.bens.checklist.test.BAUEmergenceTest" name="verifyRecommendedURL" time="24.340"/>
  <system-out/>
  <testcase classname="com.qa.bens.checklist.test.BAUEmergenceTest" name="verifyRecommendedURL" time="23.899"/>
  <system-out/>
  <testcase classname="com.qa.bens.checklist.test.BAUEmergenceTest" name="verifyRecommendedURL" time="24.099"/>
  <system-out/>
  <testcase classname="com.qa.bens.checklist.test.BAUEmergenceTest" name="verifyRecommendedURL" time="24.522"/>
  <system-out/>
  <testcase classname="com.qa.bens.checklist.test.BAUEmergenceTest" name="verifyRecommendedURL" time="23.138"/>
  <system-out/>
  <testcase classname="com.qa.bens.checklist.test.BAUEmergenceTest" name="verifyRecommendedURL" time="24.982"/>
  <system-out/>
  <testcase classname="com.qa.bens.checklist.test.BAUEmergenceTest" name="verifyRecommendedURL" time="23.597"/>
  <system-out/>
  <testcase classname="com.qa.bens.checklist.test.BAUEmergenceTest" name="verifyRecommendedURL" time="23.974"/>
  <system-out/>
  <testcase classname="com.qa.bens.checklist.test.BAUEmergenceTest" name="verifyRecommendedURL" time="23.415"/>
  <system-out/>
  <testcase classname="com.qa.bens.checklist.test.BAUEmergenceTest" name="verifyRecommendedURL" time="25.165"/>
  <system-out/>
  <testcase classname="com.qa.bens.checklist.test.BAUEmergenceTest" name="verifyRecommendedURL" time="24.459"/>
  <system-out/>
  <testcase classname="com.qa.bens.checklist.test.BAUEmergenceTest" name="verifyRecommendedURL" time="23.900"/>
  <system-out/>
  <testcase classname="com.qa.bens.checklist.test.BAUEmergenceTest" name="verifyRecommendedURL" time="23.968"/>
  <system-out/>
  <testcase classname="com.qa.bens.checklist.test.BAUEmergenceTest" name="verifyRecommendedURL" time="3.648">
    <failure message="xpath is presented in the page expected [true] but found [false]" type="java.lang.AssertionError">
      <![CDATA[java.lang.AssertionError: xpath is presented in the page expected [true] but found [false]
at org.testng.Assert.fail(Assert.java:99)
at org.testng.Assert.failNotEquals(Assert.java:1037)
at org.testng.Assert.assertTrue(Assert.java:45)
at com.qa.bens.checklist.page.BAUEmergencePage.checkxPathValue(BAUEmergencePage.java:59)
at com.qa.bens.checklist.test.BAUEmergenceTest.verifyRecommendedURL(BAUEmergenceTest.java:22)
at java.base/jdk.internal.reflect.DirectMethodHandleAccessor.invoke(DirectMethodHandleAccessor.java:104)
at java.base/java.lang.reflect.Method.invoke(Method.java:577)
at org.testng.internal.MethodInvocationHelper.invokeMethod(MethodInvocationHelper.java:133)
at org.testng.internal.TestInvoker.invokeMethod(TestInvoker.java:598)
at org.testng.internal.TestInvoker.invokeTestMethod(TestInvoker.java:173)
at org.testng.internal.MethodRunner.runInSequence(MethodRunner.java:46)
at org.testng.internal.TestInvoker$MethodInvocationAgent.invoke(TestInvoker.java:824)
at org.testng.internal.TestInvoker.invokeTestMethods(TestInvoker.java:146)
at org.testng.internal.TestMethodWorker.invokeTestMethods(TestMethodWorker.java:146)
at org.testng.internal.TestMethodWorker.run(TestMethodWorker.java:128)
at java.base/java.util.ArrayList.forEach(ArrayList.java:1511)
at org.testng.TestRunner.privateRun(TestRunner.java:794)
at org.testng.TestRunner.run(TestRunner.java:596)
at org.testng.SuiteRunner.runTest(SuiteRunner.java:377)
at org.testng.SuiteRunner.runSequentially(SuiteRunner.java:371)
at org.testng.SuiteRunner.privateRun(SuiteRunner.java:332)
at org.testng.SuiteRunner.run(SuiteRunner.java:276)
at org.testng.SuiteRunnerWorker.runSuite(SuiteRunnerWorker.java:53)
at org.testng.SuiteRunnerWorker.run(SuiteRunnerWorker.java:96)
at org.testng.TestNG.runSuitesSequentially(TestNG.java:1212)
at org.testng.TestNG.runSuitesLocally(TestNG.java:1134)
at org.testng.TestNG.runSuites(TestNG.java:1063)
at org.testng.TestNG.run(TestNG.java:1031)
at org.testng.remote.AbstractRemoteTestNG.run(AbstractRemoteTestNG.java:115)
at org.testng.remote.RemoteTestNG.initAndRun(RemoteTestNG.java:251)
at org.testng.remote.RemoteTestNG.main(RemoteTestNG.java:77)
]]>
    </failure>
  </testcase> <!-- verifyRecommendedURL -->
  <system-out/>
  <testcase classname="com.qa.bens.checklist.test.BAUEmergenceTest" name="verifyRecommendedURL" time="23.202"/>
  <system-out/>
  <testcase classname="com.qa.bens.checklist.test.BAUEmergenceTest" name="verifyRecommendedURL" time="24.240"/>
  <system-out/>
  <testcase classname="com.qa.bens.checklist.test.BAUEmergenceTest" name="verifyRecommendedURL" time="23.767"/>
  <system-out/>
  <testcase classname="com.qa.bens.checklist.test.BAUEmergenceTest" name="verifyRecommendedURL" time="24.200"/>
  <system-out/>
  <testcase classname="com.qa.bens.checklist.test.BAUEmergenceTest" name="verifyRecommendedURL" time="24.508"/>
  <system-out/>
  <testcase classname="com.qa.bens.checklist.test.BAUEmergenceTest" name="verifyRecommendedURL" time="24.147"/>
  <system-out/>
  <testcase classname="com.qa.bens.checklist.test.BAUEmergenceTest" name="verifyRecommendedURL" time="24.174"/>
  <system-out/>
  <testcase classname="com.qa.bens.checklist.test.BAUEmergenceTest" name="verifyRecommendedURL" time="23.322"/>
  <system-out/>
  <testcase classname="com.qa.bens.checklist.test.BAUEmergenceTest" name="verifyRecommendedURL" time="23.863"/>
  <system-out/>
  <testcase classname="com.qa.bens.checklist.test.BAUEmergenceTest" name="verifyRecommendedURL" time="23.401"/>
  <system-out/>
  <testcase classname="com.qa.bens.checklist.test.BAUEmergenceTest" name="verifyRecommendedURL" time="24.039"/>
  <system-out/>
  <testcase classname="com.qa.bens.checklist.test.BAUEmergenceTest" name="verifyRecommendedURL" time="24.034"/>
  <system-out/>
  <testcase classname="com.qa.bens.checklist.test.BAUEmergenceTest" name="verifyRecommendedURL" time="23.941"/>
  <system-out/>
  <testcase classname="com.qa.bens.checklist.test.BAUEmergenceTest" name="verifyRecommendedURL" time="24.425"/>
  <system-out/>
  <testcase classname="com.qa.bens.checklist.test.BAUEmergenceTest" name="verifyRecommendedURL" time="23.566"/>
  <system-out/>
  <testcase classname="com.qa.bens.checklist.test.BAUEmergenceTest" name="verifyRecommendedURL" time="25.031"/>
  <system-out/>
  <testcase classname="com.qa.bens.checklist.test.BAUEmergenceTest" name="verifyRecommendedURL" time="24.236"/>
  <system-out/>
  <testcase classname="com.qa.bens.checklist.test.BAUEmergenceTest" name="verifyRecommendedURL" time="23.801"/>
  <system-out/>
  <testcase classname="com.qa.bens.checklist.test.BAUEmergenceTest" name="verifyRecommendedURL" time="23.982"/>
  <system-out/>
  <testcase classname="com.qa.bens.checklist.test.BAUEmergenceTest" name="verifyRecommendedURL" time="24.621"/>
  <system-out/>
  <testcase classname="com.qa.bens.checklist.test.BAUEmergenceTest" name="verifyRecommendedURL" time="23.853"/>
  <system-out/>
  <testcase classname="com.qa.bens.checklist.test.BAUEmergenceTest" name="verifyRecommendedURL" time="23.896"/>
  <system-out/>
  <testcase classname="com.qa.bens.checklist.test.BAUEmergenceTest" name="verifyRecommendedURL" time="23.378"/>
  <system-out/>
  <testcase classname="com.qa.bens.checklist.test.BAUEmergenceTest" name="verifyRecommendedURL" time="24.077"/>
  <system-out/>
  <testcase classname="com.qa.bens.checklist.test.BAUEmergenceTest" name="verifyRecommendedURL" time="24.914"/>
  <system-out/>
  <testcase classname="com.qa.bens.checklist.test.BAUEmergenceTest" name="verifyRecommendedURL" time="23.462"/>
  <system-out/>
  <testcase classname="com.qa.bens.checklist.test.BAUEmergenceTest" name="verifyRecommendedURL" time="23.432"/>
  <system-out/>
  <testcase classname="com.qa.bens.checklist.test.BAUEmergenceTest" name="verifyRecommendedURL" time="23.466"/>
  <system-out/>
  <testcase classname="com.qa.bens.checklist.test.BAUEmergenceTest" name="verifyRecommendedURL" time="23.910"/>
  <system-out/>
</testsuite> <!-- com.qa.bens.checklist.test.BAUEmergenceTest -->
