<?xml version="1.0" encoding="UTF-8"?>
<!-- Generated by org.testng.reporters.JUnitReportReporter -->
<testsuite hostname="WKWZTPqvmdckJHX" failures="0" tests="10" name="com.qa.abreva.test.AbrevaPlanForImportantDaysTest" time="135.539" errors="0" timestamp="2023-05-16T23:32:43 IST" skipped="1">
  <testcase classname="com.qa.abreva.test.AbrevaPlanForImportantDaysTest" name="cookieButton" time="6.711"/>
  <system-out/>
  <testcase classname="com.qa.abreva.test.AbrevaPlanForImportantDaysTest" name="verifyBreadcrumbOne" time="16.488"/>
  <system-out/>
  <testcase classname="com.qa.abreva.test.AbrevaPlanForImportantDaysTest" name="verifyCarouselActionNext" time="12.320"/>
  <system-out/>
  <testcase classname="com.qa.abreva.test.AbrevaPlanForImportantDaysTest" name="verifyCarouselActionPrevious" time="13.640"/>
  <system-out/>
  <testcase classname="com.qa.abreva.test.AbrevaPlanForImportantDaysTest" name="verifyWholeCardSecTwo" time="15.161"/>
  <system-out/>
  <testcase classname="com.qa.abreva.test.AbrevaPlanForImportantDaysTest" name="verifyWholeCardSecOne" time="16.839"/>
  <system-out/>
  <testcase classname="com.qa.abreva.test.AbrevaPlanForImportantDaysTest" name="verifyWholeCardSecThree" time="24.597"/>
  <system-out/>
  <testcase classname="com.qa.abreva.test.AbrevaPlanForImportantDaysTest" name="verifyBuyNow" time="9.963">
    <skipped/>
  </testcase> <!-- verifyBuyNow -->
  <system-out/>
  <testcase classname="com.qa.abreva.test.AbrevaPlanForImportantDaysTest" name="verifyBuyNow" time="9.633"/>
  <system-out/>
  <testcase classname="com.qa.abreva.test.AbrevaPlanForImportantDaysTest" name="verifyHyperLinkCarouselRestUpOne" time="10.187"/>
  <system-out/>
</testsuite> <!-- com.qa.abreva.test.AbrevaPlanForImportantDaysTest -->
