<?xml version="1.0" encoding="UTF-8"?>
<!-- Generated by org.testng.reporters.JUnitReportReporter -->
<testsuite hostname="WKWZTPqvmdckJHX" failures="0" tests="1" name="com.qa.flonase.test.FlonaseFlonaseAllergyReliefDrugFactsTest" time="17.398" errors="0" timestamp="2023-10-31T15:22:21 IST" skipped="0">
  <testcase classname="com.qa.flonase.test.FlonaseFlonaseAllergyReliefDrugFactsTest" name="cookieButton" time="17.398"/>
  <system-out/>
</testsuite> <!-- com.qa.flonase.test.FlonaseFlonaseAllergyReliefDrugFactsTest -->
