<?xml version="1.0" encoding="UTF-8"?>
<!-- Generated by org.testng.reporters.JUnitReportReporter -->
<testsuite hostname="WKWZTPqvmdckJHX" failures="0" tests="16" name="com.qa.voltarengel.test.VoltarengelExercisesForArthritisTest" time="146.151" errors="0" timestamp="2023-04-23T23:50:50 IST" skipped="0">
  <testcase classname="com.qa.voltarengel.test.VoltarengelExercisesForArthritisTest" name="cookieButton" time="5.776"/>
  <system-out/>
  <testcase classname="com.qa.voltarengel.test.VoltarengelExercisesForArthritisTest" name="verifyBreadcrumbOne" time="10.134"/>
  <system-out/>
  <testcase classname="com.qa.voltarengel.test.VoltarengelExercisesForArthritisTest" name="verifyBreadcrumbTwo" time="10.876"/>
  <system-out/>
  <testcase classname="com.qa.voltarengel.test.VoltarengelExercisesForArthritisTest" name="verifyBreadcrumbThree" time="9.079"/>
  <system-out/>
  <testcase classname="com.qa.voltarengel.test.VoltarengelExercisesForArthritisTest" name="verifyBreadcrumbFour" time="8.051"/>
  <system-out/>
  <testcase classname="com.qa.voltarengel.test.VoltarengelExercisesForArthritisTest" name="verifyHyperLinkHand" time="7.726"/>
  <system-out/>
  <testcase classname="com.qa.voltarengel.test.VoltarengelExercisesForArthritisTest" name="verifyHyperLinkWrist" time="8.288"/>
  <system-out/>
  <testcase classname="com.qa.voltarengel.test.VoltarengelExercisesForArthritisTest" name="verifyHyperLinkElbow" time="10.822"/>
  <system-out/>
  <testcase classname="com.qa.voltarengel.test.VoltarengelExercisesForArthritisTest" name="verifyHyperLinknee" time="7.845"/>
  <system-out/>
  <testcase classname="com.qa.voltarengel.test.VoltarengelExercisesForArthritisTest" name="verifyHyperLinkFoot" time="11.966"/>
  <system-out/>
  <testcase classname="com.qa.voltarengel.test.VoltarengelExercisesForArthritisTest" name="verifyHyperLinkAnkle" time="11.460"/>
  <system-out/>
  <testcase classname="com.qa.voltarengel.test.VoltarengelExercisesForArthritisTest" name="verifyShowReference" time="10.428"/>
  <system-out/>
  <testcase classname="com.qa.voltarengel.test.VoltarengelExercisesForArthritisTest" name="verifyRelatedArticleReadMoreOne" time="11.723"/>
  <system-out/>
  <testcase classname="com.qa.voltarengel.test.VoltarengelExercisesForArthritisTest" name="verifyRelatedArticleReadMoreTwo" time="7.672"/>
  <system-out/>
  <testcase classname="com.qa.voltarengel.test.VoltarengelExercisesForArthritisTest" name="verifyGetCoupons" time="8.520"/>
  <system-out/>
  <testcase classname="com.qa.voltarengel.test.VoltarengelExercisesForArthritisTest" name="verifyBuyNow" time="5.785"/>
  <system-out/>
</testsuite> <!-- com.qa.voltarengel.test.VoltarengelExercisesForArthritisTest -->
