<?xml version="1.0" encoding="UTF-8"?>
<!-- Generated by org.testng.reporters.JUnitReportReporter -->
<testsuite hostname="WKWZTPqvmdckJHX" failures="0" tests="8" name="com.qa.biotene.test.BioteneDryMouthCausesMedicationsTest" time="133.295" errors="0" timestamp="2023-04-03T07:36:54 IST" skipped="0">
  <testcase classname="com.qa.biotene.test.BioteneDryMouthCausesMedicationsTest" name="cookieButton" time="47.224"/>
  <system-out/>
  <testcase classname="com.qa.biotene.test.BioteneDryMouthCausesMedicationsTest" name="verifyBreadcrumbOne" time="10.959"/>
  <system-out/>
  <testcase classname="com.qa.biotene.test.BioteneDryMouthCausesMedicationsTest" name="verifyBreadcrumbTwo" time="8.642"/>
  <system-out/>
  <testcase classname="com.qa.biotene.test.BioteneDryMouthCausesMedicationsTest" name="verifyBreadcrumbThree" time="11.117"/>
  <system-out/>
  <testcase classname="com.qa.biotene.test.BioteneDryMouthCausesMedicationsTest" name="verifyVideo" time="15.870"/>
  <system-out/>
  <testcase classname="com.qa.biotene.test.BioteneDryMouthCausesMedicationsTest" name="verifyReadMore" time="19.617"/>
  <system-out/>
  <testcase classname="com.qa.biotene.test.BioteneDryMouthCausesMedicationsTest" name="verifyTakeTheQuiz" time="9.285"/>
  <system-out/>
  <testcase classname="com.qa.biotene.test.BioteneDryMouthCausesMedicationsTest" name="verifyShopNow" time="10.581"/>
  <system-out/>
</testsuite> <!-- com.qa.biotene.test.BioteneDryMouthCausesMedicationsTest -->
