<?xml version="1.0" encoding="UTF-8"?>
<!-- Generated by org.testng.reporters.JUnitReportReporter -->
<testsuite hostname="WKWZTPqvmdckJHX" failures="0" tests="8" name="com.qa.eno.co.in.test.EnoGasReliefTest" time="73.140" errors="0" timestamp="2023-03-17T14:32:25 IST" skipped="0">
  <testcase classname="com.qa.eno.co.in.test.EnoGasReliefTest" name="verifyReferences" time="3.419"/>
  <system-out/>
  <testcase classname="com.qa.eno.co.in.test.EnoGasReliefTest" name="verifyUnderstandingAcidityImg" time="11.575"/>
  <system-out/>
  <testcase classname="com.qa.eno.co.in.test.EnoGasReliefTest" name="verifyUnderstandingAcidityText" time="9.551"/>
  <system-out/>
  <testcase classname="com.qa.eno.co.in.test.EnoGasReliefTest" name="verifyUnderstandingAcidityPara" time="9.820"/>
  <system-out/>
  <testcase classname="com.qa.eno.co.in.test.EnoGasReliefTest" name="verifyWhatIsEnoImg" time="10.277"/>
  <system-out/>
  <testcase classname="com.qa.eno.co.in.test.EnoGasReliefTest" name="verifyWhatIsEnoText" time="12.211"/>
  <system-out/>
  <testcase classname="com.qa.eno.co.in.test.EnoGasReliefTest" name="verifyWhatIsEnoPara" time="9.490"/>
  <system-out/>
  <testcase classname="com.qa.eno.co.in.test.EnoGasReliefTest" name="verifyDidyouKnowSection" time="6.797"/>
  <system-out/>
</testsuite> <!-- com.qa.eno.co.in.test.EnoGasReliefTest -->
