<?xml version="1.0" encoding="UTF-8"?>
<!-- Generated by org.testng.reporters.JUnitReportReporter -->
<testsuite hostname="WKWZTPqvmdckJHX" failures="0" tests="9" name="com.qa.biotene.test.biotenedrymouthlabourdayTest" time="233.928" errors="0" timestamp="2023-04-03T07:36:54 IST" skipped="0">
  <testcase classname="com.qa.biotene.test.biotenedrymouthlabourdayTest" name="verifyBiotenecookiePopupLink" time="126.786"/>
  <system-out/>
  <testcase classname="com.qa.biotene.test.biotenedrymouthlabourdayTest" name="verifyHomeBreadcrumbsLink" time="8.439"/>
  <system-out/>
  <testcase classname="com.qa.biotene.test.biotenedrymouthlabourdayTest" name="verifyLivingdrymouthLinkbreadcrumbs" time="8.234"/>
  <system-out/>
  <testcase classname="com.qa.biotene.test.biotenedrymouthlabourdayTest" name="verifydrymouthlabourbreadcrumbsLink" time="8.650"/>
  <system-out/>
  <testcase classname="com.qa.biotene.test.biotenedrymouthlabourdayTest" name="verifyIncorporatingBioteneLink" time="20.394"/>
  <system-out/>
  <testcase classname="com.qa.biotene.test.biotenedrymouthlabourdayTest" name="verifyBioteneMoisturizingLink" time="16.942"/>
  <system-out/>
  <testcase classname="com.qa.biotene.test.biotenedrymouthlabourdayTest" name="verifyTakeQuizLink" time="16.745"/>
  <system-out/>
  <testcase classname="com.qa.biotene.test.biotenedrymouthlabourdayTest" name="verifyReadMoreLink" time="14.010"/>
  <system-out/>
  <testcase classname="com.qa.biotene.test.biotenedrymouthlabourdayTest" name="verifyReadMore1Link" time="13.728"/>
  <system-out/>
</testsuite> <!-- com.qa.biotene.test.biotenedrymouthlabourdayTest -->
