<?xml version="1.0" encoding="UTF-8"?>
<!-- Generated by org.testng.reporters.JUnitReportReporter -->
<testsuite hostname="WKWZTPqvmdckJHX" failures="0" tests="7" name="com.qa.tums.eng.test.TumsSevenSurprisingHeartburnFactsTest" time="112.602" errors="0" timestamp="2023-01-23T12:28:36 IST" skipped="0">
  <testcase classname="com.qa.tums.eng.test.TumsSevenSurprisingHeartburnFactsTest" name="verifyCookie" time="7.325"/>
  <system-out/>
  <testcase classname="com.qa.tums.eng.test.TumsSevenSurprisingHeartburnFactsTest" name="verifyBreadCrumbHome" time="9.067"/>
  <system-out/>
  <testcase classname="com.qa.tums.eng.test.TumsSevenSurprisingHeartburnFactsTest" name="verifyBreadCrumbOne" time="7.658"/>
  <system-out/>
  <testcase classname="com.qa.tums.eng.test.TumsSevenSurprisingHeartburnFactsTest" name="verifyHyperLinkOne" time="58.923"/>
  <system-out/>
  <testcase classname="com.qa.tums.eng.test.TumsSevenSurprisingHeartburnFactsTest" name="verifyHyperLinkTwo" time="12.811"/>
  <system-out/>
  <testcase classname="com.qa.tums.eng.test.TumsSevenSurprisingHeartburnFactsTest" name="verifyHyperLinkThree" time="7.205"/>
  <system-out/>
  <testcase classname="com.qa.tums.eng.test.TumsSevenSurprisingHeartburnFactsTest" name="verifySeeProducts" time="9.613"/>
  <system-out/>
</testsuite> <!-- com.qa.tums.eng.test.TumsSevenSurprisingHeartburnFactsTest -->
