<?xml version="1.0" encoding="UTF-8"?>
<!-- Generated by org.testng.reporters.JUnitReportReporter -->
<testsuite hostname="WKWZTPqvmdckJHX" failures="0" tests="14" name="com.qa.caltrate.eng.test.CaltratePumpkinSeedsCanHelpSupportBoneHealthTest" time="73.427" errors="0" timestamp="2023-05-01T22:31:50 IST" skipped="0">
  <testcase classname="com.qa.caltrate.eng.test.CaltratePumpkinSeedsCanHelpSupportBoneHealthTest" name="cookieButton" time="9.027"/>
  <system-out/>
  <testcase classname="com.qa.caltrate.eng.test.CaltratePumpkinSeedsCanHelpSupportBoneHealthTest" name="verifyTagsLinkOne" time="4.336"/>
  <system-out/>
  <testcase classname="com.qa.caltrate.eng.test.CaltratePumpkinSeedsCanHelpSupportBoneHealthTest" name="verifyViewBySectionOne" time="4.434"/>
  <system-out/>
  <testcase classname="com.qa.caltrate.eng.test.CaltratePumpkinSeedsCanHelpSupportBoneHealthTest" name="verifyViewBySectionTwo" time="5.715"/>
  <system-out/>
  <testcase classname="com.qa.caltrate.eng.test.CaltratePumpkinSeedsCanHelpSupportBoneHealthTest" name="verifyViewBySectionThree" time="5.271"/>
  <system-out/>
  <testcase classname="com.qa.caltrate.eng.test.CaltratePumpkinSeedsCanHelpSupportBoneHealthTest" name="verifyViewBySectionFour" time="5.397"/>
  <system-out/>
  <testcase classname="com.qa.caltrate.eng.test.CaltratePumpkinSeedsCanHelpSupportBoneHealthTest" name="verifyViewByTopicOne" time="7.881"/>
  <system-out/>
  <testcase classname="com.qa.caltrate.eng.test.CaltratePumpkinSeedsCanHelpSupportBoneHealthTest" name="verifyViewByTopicTwo" time="5.819"/>
  <system-out/>
  <testcase classname="com.qa.caltrate.eng.test.CaltratePumpkinSeedsCanHelpSupportBoneHealthTest" name="verifyViewByTopicThree" time="5.689"/>
  <system-out/>
  <testcase classname="com.qa.caltrate.eng.test.CaltratePumpkinSeedsCanHelpSupportBoneHealthTest" name="verifyViewByTopicFour" time="4.511"/>
  <system-out/>
  <testcase classname="com.qa.caltrate.eng.test.CaltratePumpkinSeedsCanHelpSupportBoneHealthTest" name="verifyBreadcrumbOne" time="5.142"/>
  <system-out/>
  <testcase classname="com.qa.caltrate.eng.test.CaltratePumpkinSeedsCanHelpSupportBoneHealthTest" name="verifyBreadcrumbTwo" time="4.034"/>
  <system-out/>
  <testcase classname="com.qa.caltrate.eng.test.CaltratePumpkinSeedsCanHelpSupportBoneHealthTest" name="verifyBreadcrumbThree" time="4.050"/>
  <system-out/>
  <testcase classname="com.qa.caltrate.eng.test.CaltratePumpkinSeedsCanHelpSupportBoneHealthTest" name="verifyBreadcrumbFour" time="2.121"/>
  <system-out/>
</testsuite> <!-- com.qa.caltrate.eng.test.CaltratePumpkinSeedsCanHelpSupportBoneHealthTest -->
