<?xml version="1.0" encoding="UTF-8"?>
<!-- Generated by org.testng.reporters.JUnitReportReporter -->
<testsuite hostname="WKWZTPqvmdckJHX" failures="0" tests="1" name="com.qa.sensodyne.ca.test.SensodyneCaRapidReliefToothpasteTest" time="11.805" errors="0" timestamp="2023-05-25T17:52:28 IST" skipped="0">
  <testcase classname="com.qa.sensodyne.ca.test.SensodyneCaRapidReliefToothpasteTest" name="verifyFindYourStore" time="11.805"/>
  <system-out/>
</testsuite> <!-- com.qa.sensodyne.ca.test.SensodyneCaRapidReliefToothpasteTest -->
