<?xml version="1.0" encoding="UTF-8"?>
<!-- Generated by org.testng.reporters.JUnitReportReporter -->
<testsuite hostname="WKWZTPqvmdckJHX" failures="0" tests="18" name="com.qa.caltrate.eng.test.CaltrateHelpFillYourNutitionalGapTest" time="81.673" errors="0" timestamp="2023-05-01T22:31:50 IST" skipped="0">
  <testcase classname="com.qa.caltrate.eng.test.CaltrateHelpFillYourNutitionalGapTest" name="cookieButton" time="3.166"/>
  <system-out/>
  <testcase classname="com.qa.caltrate.eng.test.CaltrateHelpFillYourNutitionalGapTest" name="verifyTagsLinkOne" time="4.086"/>
  <system-out/>
  <testcase classname="com.qa.caltrate.eng.test.CaltrateHelpFillYourNutitionalGapTest" name="verifyTagsLinkTwo" time="4.027"/>
  <system-out/>
  <testcase classname="com.qa.caltrate.eng.test.CaltrateHelpFillYourNutitionalGapTest" name="verifyTagsLinkThree" time="9.266"/>
  <system-out/>
  <testcase classname="com.qa.caltrate.eng.test.CaltrateHelpFillYourNutitionalGapTest" name="verifyTagsLinkFour" time="5.472"/>
  <system-out/>
  <testcase classname="com.qa.caltrate.eng.test.CaltrateHelpFillYourNutitionalGapTest" name="verifyReadMoreLink" time="5.494"/>
  <system-out/>
  <testcase classname="com.qa.caltrate.eng.test.CaltrateHelpFillYourNutitionalGapTest" name="verifyViewBySectionOne" time="5.163"/>
  <system-out/>
  <testcase classname="com.qa.caltrate.eng.test.CaltrateHelpFillYourNutitionalGapTest" name="verifyViewBySectionTwo" time="4.582"/>
  <system-out/>
  <testcase classname="com.qa.caltrate.eng.test.CaltrateHelpFillYourNutitionalGapTest" name="verifyViewBySectionThree" time="4.781"/>
  <system-out/>
  <testcase classname="com.qa.caltrate.eng.test.CaltrateHelpFillYourNutitionalGapTest" name="verifyViewBySectionFour" time="3.834"/>
  <system-out/>
  <testcase classname="com.qa.caltrate.eng.test.CaltrateHelpFillYourNutitionalGapTest" name="verifyViewByTopicOne" time="4.163"/>
  <system-out/>
  <testcase classname="com.qa.caltrate.eng.test.CaltrateHelpFillYourNutitionalGapTest" name="verifyViewByTopicTwo" time="4.119"/>
  <system-out/>
  <testcase classname="com.qa.caltrate.eng.test.CaltrateHelpFillYourNutitionalGapTest" name="verifyViewByTopicThree" time="4.210"/>
  <system-out/>
  <testcase classname="com.qa.caltrate.eng.test.CaltrateHelpFillYourNutitionalGapTest" name="verifyViewByTopicFour" time="3.851"/>
  <system-out/>
  <testcase classname="com.qa.caltrate.eng.test.CaltrateHelpFillYourNutitionalGapTest" name="verifyBreadcrumbOne" time="4.661"/>
  <system-out/>
  <testcase classname="com.qa.caltrate.eng.test.CaltrateHelpFillYourNutitionalGapTest" name="verifyBreadcrumbTwo" time="3.765"/>
  <system-out/>
  <testcase classname="com.qa.caltrate.eng.test.CaltrateHelpFillYourNutitionalGapTest" name="verifyBreadcrumbThree" time="3.685"/>
  <system-out/>
  <testcase classname="com.qa.caltrate.eng.test.CaltrateHelpFillYourNutitionalGapTest" name="verifyBreadcrumbFour" time="3.348"/>
  <system-out/>
</testsuite> <!-- com.qa.caltrate.eng.test.CaltrateHelpFillYourNutitionalGapTest -->
