<?xml version="1.0" encoding="UTF-8"?>
<!-- Generated by org.testng.reporters.JUnitReportReporter -->
<testsuite hostname="WKWZTPqvmdckJHX" failures="0" tests="18" name="com.qa.caltrate.eng.test.CaltrateOsteoporosisHelpReduceTheRiskTest" time="131.909" errors="0" timestamp="2023-05-01T22:31:50 IST" skipped="0">
  <testcase classname="com.qa.caltrate.eng.test.CaltrateOsteoporosisHelpReduceTheRiskTest" name="cookieButton" time="43.063"/>
  <system-out/>
  <testcase classname="com.qa.caltrate.eng.test.CaltrateOsteoporosisHelpReduceTheRiskTest" name="verifyHomeIcon" time="5.608"/>
  <system-out/>
  <testcase classname="com.qa.caltrate.eng.test.CaltrateOsteoporosisHelpReduceTheRiskTest" name="verifyBread_BoneHealthCentral" time="4.688"/>
  <system-out/>
  <testcase classname="com.qa.caltrate.eng.test.CaltrateOsteoporosisHelpReduceTheRiskTest" name="verifyBread_Articles" time="6.172"/>
  <system-out/>
  <testcase classname="com.qa.caltrate.eng.test.CaltrateOsteoporosisHelpReduceTheRiskTest" name="verifyCalciumAndCalciumCarbonateLink" time="4.716"/>
  <system-out/>
  <testcase classname="com.qa.caltrate.eng.test.CaltrateOsteoporosisHelpReduceTheRiskTest" name="verifyVitaminDLink" time="4.646"/>
  <system-out/>
  <testcase classname="com.qa.caltrate.eng.test.CaltrateOsteoporosisHelpReduceTheRiskTest" name="verifyOsteoporosisLink" time="4.593"/>
  <system-out/>
  <testcase classname="com.qa.caltrate.eng.test.CaltrateOsteoporosisHelpReduceTheRiskTest" name="verifyArticles" time="10.497"/>
  <system-out/>
  <testcase classname="com.qa.caltrate.eng.test.CaltrateOsteoporosisHelpReduceTheRiskTest" name="verifyReadMore" time="4.535"/>
  <system-out/>
  <testcase classname="com.qa.caltrate.eng.test.CaltrateOsteoporosisHelpReduceTheRiskTest" name="verifyAllArticles" time="4.502"/>
  <system-out/>
  <testcase classname="com.qa.caltrate.eng.test.CaltrateOsteoporosisHelpReduceTheRiskTest" name="verifyCALTRATE600D3SOFTCHEWS" time="4.002"/>
  <system-out/>
  <testcase classname="com.qa.caltrate.eng.test.CaltrateOsteoporosisHelpReduceTheRiskTest" name="verifyAllRecipes" time="4.859"/>
  <system-out/>
  <testcase classname="com.qa.caltrate.eng.test.CaltrateOsteoporosisHelpReduceTheRiskTest" name="verifyAllHealthTips" time="4.229"/>
  <system-out/>
  <testcase classname="com.qa.caltrate.eng.test.CaltrateOsteoporosisHelpReduceTheRiskTest" name="verifyAllInteractiveTools" time="5.195"/>
  <system-out/>
  <testcase classname="com.qa.caltrate.eng.test.CaltrateOsteoporosisHelpReduceTheRiskTest" name="verifyCalciumAndCalciumCarbonate" time="5.219"/>
  <system-out/>
  <testcase classname="com.qa.caltrate.eng.test.CaltrateOsteoporosisHelpReduceTheRiskTest" name="verifyVitaminD" time="4.983"/>
  <system-out/>
  <testcase classname="com.qa.caltrate.eng.test.CaltrateOsteoporosisHelpReduceTheRiskTest" name="verifyOsteoporosis" time="4.854"/>
  <system-out/>
  <testcase classname="com.qa.caltrate.eng.test.CaltrateOsteoporosisHelpReduceTheRiskTest" name="verifyCalciumSupplements" time="5.548"/>
  <system-out/>
</testsuite> <!-- com.qa.caltrate.eng.test.CaltrateOsteoporosisHelpReduceTheRiskTest -->
