<?xml version="1.0" encoding="UTF-8"?>
<!-- Generated by org.testng.reporters.JUnitReportReporter -->
<testsuite hostname="WKWZTPqvmdckJHX" failures="0" tests="11" name="com.qa.preph.es.test.PrephESMedicinaBasicaParaHemorroidesTest" time="116.975" errors="0" timestamp="2023-12-22T13:54:41 IST" skipped="0">
  <testcase classname="com.qa.preph.es.test.PrephESMedicinaBasicaParaHemorroidesTest" name="cookieButton" time="3.813"/>
  <system-out/>
  <testcase classname="com.qa.preph.es.test.PrephESMedicinaBasicaParaHemorroidesTest" name="verifyBreadcrumbOne" time="10.476"/>
  <system-out/>
  <testcase classname="com.qa.preph.es.test.PrephESMedicinaBasicaParaHemorroidesTest" name="verifyBreadcrumbTwo" time="11.124"/>
  <system-out/>
  <testcase classname="com.qa.preph.es.test.PrephESMedicinaBasicaParaHemorroidesTest" name="verifyHyperlinkOne" time="7.960"/>
  <system-out/>
  <testcase classname="com.qa.preph.es.test.PrephESMedicinaBasicaParaHemorroidesTest" name="verifyHyperlinkTwo" time="11.645"/>
  <system-out/>
  <testcase classname="com.qa.preph.es.test.PrephESMedicinaBasicaParaHemorroidesTest" name="verifyArticleOne" time="6.590"/>
  <system-out/>
  <testcase classname="com.qa.preph.es.test.PrephESMedicinaBasicaParaHemorroidesTest" name="verifyArticleTwo" time="6.719"/>
  <system-out/>
  <testcase classname="com.qa.preph.es.test.PrephESMedicinaBasicaParaHemorroidesTest" name="verifyArticleThree" time="6.227"/>
  <system-out/>
  <testcase classname="com.qa.preph.es.test.PrephESMedicinaBasicaParaHemorroidesTest" name="verifyArticleBtnOne" time="5.818"/>
  <system-out/>
  <testcase classname="com.qa.preph.es.test.PrephESMedicinaBasicaParaHemorroidesTest" name="verifyArticleBtnTwo" time="40.998"/>
  <system-out/>
  <testcase classname="com.qa.preph.es.test.PrephESMedicinaBasicaParaHemorroidesTest" name="verifyArticleBtnThree" time="5.605"/>
  <system-out/>
</testsuite> <!-- com.qa.preph.es.test.PrephESMedicinaBasicaParaHemorroidesTest -->
