<?xml version="1.0" encoding="UTF-8"?>
<!-- Generated by org.testng.reporters.JUnitReportReporter -->
<testsuite hostname="WKWZTPqvmdckJHX" failures="0" tests="5" name="com.qa.quit.test.Quit4ThingsYoureAllowedTest" time="48.954" errors="0" timestamp="2023-08-04T11:34:01 IST" skipped="0">
  <testcase classname="com.qa.quit.test.Quit4ThingsYoureAllowedTest" name="cookieButton" time="5.217"/>
  <system-out/>
  <testcase classname="com.qa.quit.test.Quit4ThingsYoureAllowedTest" name="verifyBannerImgLink" time="8.304"/>
  <system-out/>
  <testcase classname="com.qa.quit.test.Quit4ThingsYoureAllowedTest" name="verifyHyperLinkOne" time="8.342"/>
  <system-out/>
  <testcase classname="com.qa.quit.test.Quit4ThingsYoureAllowedTest" name="verifyHyperLinkTwo" time="9.113"/>
  <system-out/>
  <testcase classname="com.qa.quit.test.Quit4ThingsYoureAllowedTest" name="verifyHyperLinkThree" time="17.978"/>
  <system-out/>
</testsuite> <!-- com.qa.quit.test.Quit4ThingsYoureAllowedTest -->
