<?xml version="1.0" encoding="UTF-8"?>
<!-- Generated by org.testng.reporters.JUnitReportReporter -->
<testsuite hostname="WKWZTPqvmdckJHX" failures="0" tests="7" name="com.qa.nexium.us.test.NexiumEatBlandDietTest" time="62.174" errors="0" timestamp="2023-05-12T13:55:33 IST" skipped="0">
  <testcase classname="com.qa.nexium.us.test.NexiumEatBlandDietTest" name="cookieButton" time="9.272"/>
  <system-out/>
  <testcase classname="com.qa.nexium.us.test.NexiumEatBlandDietTest" name="verifyBreadcrumbOne" time="10.436"/>
  <system-out/>
  <testcase classname="com.qa.nexium.us.test.NexiumEatBlandDietTest" name="verifyBreadcrumbTwo" time="10.793"/>
  <system-out/>
  <testcase classname="com.qa.nexium.us.test.NexiumEatBlandDietTest" name="verifyBreadcrumbThree" time="9.112"/>
  <system-out/>
  <testcase classname="com.qa.nexium.us.test.NexiumEatBlandDietTest" name="verifyBreadcrumbFour" time="2.977"/>
  <system-out/>
  <testcase classname="com.qa.nexium.us.test.NexiumEatBlandDietTest" name="verifyHyperLinkSymptoms" time="9.984"/>
  <system-out/>
  <testcase classname="com.qa.nexium.us.test.NexiumEatBlandDietTest" name="verifyHyperLinkHeartburnTriggers" time="9.600"/>
  <system-out/>
</testsuite> <!-- com.qa.nexium.us.test.NexiumEatBlandDietTest -->
