<?xml version="1.0" encoding="UTF-8"?>
<!-- Generated by org.testng.reporters.JUnitReportReporter -->
<testsuite hostname="WKWZTPqvmdckJHX" failures="0" tests="5" name="com.qa.nexium.us.test.NexiumAlcoholAndHeartburnTest" time="247.244" errors="0" timestamp="2023-05-15T11:30:59 IST" skipped="0">
  <testcase classname="com.qa.nexium.us.test.NexiumAlcoholAndHeartburnTest" name="cookieButton" time="20.346"/>
  <system-out/>
  <testcase classname="com.qa.nexium.us.test.NexiumAlcoholAndHeartburnTest" name="verifyBreadcrumbOne" time="44.662"/>
  <system-out/>
  <testcase classname="com.qa.nexium.us.test.NexiumAlcoholAndHeartburnTest" name="verifyBreadcrumbTwo" time="132.558"/>
  <system-out/>
  <testcase classname="com.qa.nexium.us.test.NexiumAlcoholAndHeartburnTest" name="verifyBreadcrumbThree" time="43.676"/>
  <system-out/>
  <testcase classname="com.qa.nexium.us.test.NexiumAlcoholAndHeartburnTest" name="verifyBreadcrumbFour" time="6.002"/>
  <system-out/>
</testsuite> <!-- com.qa.nexium.us.test.NexiumAlcoholAndHeartburnTest -->
