<?xml version="1.0" encoding="UTF-8"?>
<!-- Generated by org.testng.reporters.JUnitReportReporter -->
<testsuite hostname="WKWZTPqvmdckJHX" failures="0" tests="1" name="com.qa.theraflu.test.TherafluNighttimeFluReliefMaxStrengthHotLiquidPowderTest" time="36.662" errors="0" timestamp="2023-09-21T10:56:23 IST" skipped="0">
  <testcase classname="com.qa.theraflu.test.TherafluNighttimeFluReliefMaxStrengthHotLiquidPowderTest" name="cookieButton" time="36.662"/>
  <system-out/>
</testsuite> <!-- com.qa.theraflu.test.TherafluNighttimeFluReliefMaxStrengthHotLiquidPowderTest -->
