<?xml version="1.0" encoding="UTF-8"?>
<!-- Generated by org.testng.reporters.JUnitReportReporter -->
<testsuite hostname="WKWZTPqvmdckJHX" failures="0" tests="5" name="com.qa.drbest.ge.test.DrBestBambusTest" time="53.576" errors="0" timestamp="2023-04-10T02:26:06 IST" skipped="0">
  <testcase classname="com.qa.drbest.ge.test.DrBestBambusTest" name="verifyCookie" time="5.509"/>
  <system-out/>
  <testcase classname="com.qa.drbest.ge.test.DrBestBambusTest" name="verifyInterdentKidsImg" time="14.003"/>
  <system-out/>
  <testcase classname="com.qa.drbest.ge.test.DrBestBambusTest" name="verifyInterdentImg" time="12.766"/>
  <system-out/>
  <testcase classname="com.qa.drbest.ge.test.DrBestBambusTest" name="verifyInterdentKidsButton" time="10.616"/>
  <system-out/>
  <testcase classname="com.qa.drbest.ge.test.DrBestBambusTest" name="verifyInterdentButton" time="10.682"/>
  <system-out/>
</testsuite> <!-- com.qa.drbest.ge.test.DrBestBambusTest -->
