<?xml version="1.0" encoding="UTF-8"?>
<!-- Generated by org.testng.reporters.JUnitReportReporter -->
<testsuite hostname="WKWZTPqvmdckJHX" failures="0" tests="6" name="com.qa.biotene.test.BioteneSjogrensSyndromeTest" time="189.359" errors="0" timestamp="2023-04-03T07:36:54 IST" skipped="1">
  <testcase classname="com.qa.biotene.test.BioteneSjogrensSyndromeTest" name="cookieButton" time="127.625"/>
  <system-out/>
  <testcase classname="com.qa.biotene.test.BioteneSjogrensSyndromeTest" name="verifyBioteneMoisturisingSpray" time="10.343"/>
  <system-out/>
  <testcase classname="com.qa.biotene.test.BioteneSjogrensSyndromeTest" name="verifyTAKETHEQUIZ" time="8.773"/>
  <system-out/>
  <testcase classname="com.qa.biotene.test.BioteneSjogrensSyndromeTest" name="verifySHOPNOW" time="8.408"/>
  <system-out/>
  <testcase classname="com.qa.biotene.test.BioteneSjogrensSyndromeTest" name="verifyREADMORE" time="18.968"/>
  <system-out/>
  <testcase classname="com.qa.biotene.test.BioteneSjogrensSyndromeTest" name="verifyTAKETHEQUIZ" time="15.242">
    <skipped/>
  </testcase> <!-- verifyTAKETHEQUIZ -->
  <system-out/>
</testsuite> <!-- com.qa.biotene.test.BioteneSjogrensSyndromeTest -->
