<?xml version="1.0" encoding="UTF-8"?>
<!-- Generated by org.testng.reporters.JUnitReportReporter -->
<testsuite hostname="WKWZTPqvmdckJHX" failures="0" tests="1" name="com.qa.biotene.test.BioteneGentleToothpasteTest" time="63.532" errors="0" timestamp="2023-04-04T21:04:56 IST" skipped="0">
  <testcase classname="com.qa.biotene.test.BioteneGentleToothpasteTest" name="cookieButton" time="63.532"/>
  <system-out/>
</testsuite> <!-- com.qa.biotene.test.BioteneGentleToothpasteTest -->
