<?xml version="1.0" encoding="UTF-8"?>
<!-- Generated by org.testng.reporters.JUnitReportReporter -->
<testsuite hostname="WKWZTPqvmdckJHX" failures="0" tests="14" name="com.qa.sensodyne.ca.test.SensodyneCaOralHealthTipsTest" time="100.034" errors="0" timestamp="2023-05-31T18:13:40 IST" skipped="0">
  <testcase classname="com.qa.sensodyne.ca.test.SensodyneCaOralHealthTipsTest" name="verifyBannerImg" time="6.252"/>
  <system-out/>
  <testcase classname="com.qa.sensodyne.ca.test.SensodyneCaOralHealthTipsTest" name="verifyOralHealthTipsLinkOne" time="5.814"/>
  <system-out/>
  <testcase classname="com.qa.sensodyne.ca.test.SensodyneCaOralHealthTipsTest" name="verifyOralHealthTipsLinkTwo" time="5.705"/>
  <system-out/>
  <testcase classname="com.qa.sensodyne.ca.test.SensodyneCaOralHealthTipsTest" name="verifyOralHealthTipsLinkThree" time="6.152"/>
  <system-out/>
  <testcase classname="com.qa.sensodyne.ca.test.SensodyneCaOralHealthTipsTest" name="verifyOralHealthTipsLinkFour" time="6.346"/>
  <system-out/>
  <testcase classname="com.qa.sensodyne.ca.test.SensodyneCaOralHealthTipsTest" name="verifyFeaturedArticleOne" time="6.339"/>
  <system-out/>
  <testcase classname="com.qa.sensodyne.ca.test.SensodyneCaOralHealthTipsTest" name="verifyFeaturedArticleTwo" time="6.260"/>
  <system-out/>
  <testcase classname="com.qa.sensodyne.ca.test.SensodyneCaOralHealthTipsTest" name="verifyFeaturedArticleThree" time="6.375"/>
  <system-out/>
  <testcase classname="com.qa.sensodyne.ca.test.SensodyneCaOralHealthTipsTest" name="verifyFeaturedArticleFour" time="7.431"/>
  <system-out/>
  <testcase classname="com.qa.sensodyne.ca.test.SensodyneCaOralHealthTipsTest" name="verifyFeaturedArticleFive" time="6.938"/>
  <system-out/>
  <testcase classname="com.qa.sensodyne.ca.test.SensodyneCaOralHealthTipsTest" name="verifyFeaturedArticleSix" time="7.493"/>
  <system-out/>
  <testcase classname="com.qa.sensodyne.ca.test.SensodyneCaOralHealthTipsTest" name="verifyFeaturedArticleSeven" time="7.012"/>
  <system-out/>
  <testcase classname="com.qa.sensodyne.ca.test.SensodyneCaOralHealthTipsTest" name="verifyFeaturedArticleEight" time="7.726"/>
  <system-out/>
  <testcase classname="com.qa.sensodyne.ca.test.SensodyneCaOralHealthTipsTest" name="verifyFindTheRightToothpastebtn" time="14.191"/>
  <system-out/>
</testsuite> <!-- com.qa.sensodyne.ca.test.SensodyneCaOralHealthTipsTest -->
