<?xml version="1.0" encoding="UTF-8"?>
<!-- Generated by org.testng.reporters.JUnitReportReporter -->
<testsuite hostname="WKWZTPqvmdckJHX" failures="0" tests="9" name="com.qa.biotene.test.BioteneSaveNowTest" time="332.350" errors="0" timestamp="2023-04-03T07:36:54 IST" skipped="3">
  <testcase classname="com.qa.biotene.test.BioteneSaveNowTest" name="cookieButton" time="60.610"/>
  <system-out/>
  <testcase classname="com.qa.biotene.test.BioteneSaveNowTest" name="verifiBreadcrumbOne" time="49.041"/>
  <system-out/>
  <testcase classname="com.qa.biotene.test.BioteneSaveNowTest" name="verifiBreadcrumbTwo" time="27.000"/>
  <system-out/>
  <testcase classname="com.qa.biotene.test.BioteneSaveNowTest" name="verifyTakeTheQuiz" time="22.580">
    <skipped/>
  </testcase> <!-- verifyTakeTheQuiz -->
  <system-out/>
  <testcase classname="com.qa.biotene.test.BioteneSaveNowTest" name="verifyTakeTheQuiz" time="25.828"/>
  <system-out/>
  <testcase classname="com.qa.biotene.test.BioteneSaveNowTest" name="verifyTakeTheQuiz" time="27.674">
    <skipped/>
  </testcase> <!-- verifyTakeTheQuiz -->
  <system-out/>
  <testcase classname="com.qa.biotene.test.BioteneSaveNowTest" name="verifyGetCoupons" time="60.827"/>
  <system-out/>
  <testcase classname="com.qa.biotene.test.BioteneSaveNowTest" name="verifySaveNow" time="26.435"/>
  <system-out/>
  <testcase classname="com.qa.biotene.test.BioteneSaveNowTest" name="verifySaveNow" time="32.355">
    <skipped/>
  </testcase> <!-- verifySaveNow -->
  <system-out/>
</testsuite> <!-- com.qa.biotene.test.BioteneSaveNowTest -->
