<?xml version="1.0" encoding="UTF-8"?>
<!-- Generated by org.testng.reporters.JUnitReportReporter -->
<testsuite hostname="WKWZTPqvmdckJHX" failures="0" tests="1" name="com.qa.bens.checklist.test.checklistGTM" time="34.869" errors="0" timestamp="2023-03-03T11:23:08 IST" skipped="0">
  <testcase classname="com.qa.bens.checklist.test.checklistGTM" name="findingBrTag" time="34.869"/>
  <system-out/>
</testsuite> <!-- com.qa.bens.checklist.test.checklistGTM -->
