<?xml version="1.0" encoding="UTF-8"?>
<!-- Generated by org.testng.reporters.JUnitReportReporter -->
<testsuite hostname="WKWZTPqvmdckJHX" failures="0" tests="11" name="com.qa.flonase.test.FlonaseSpringVsFallAllergiesTest" time="78.385" errors="0" timestamp="2023-09-27T12:22:16 IST" skipped="0">
  <testcase classname="com.qa.flonase.test.FlonaseSpringVsFallAllergiesTest" name="cookieButton" time="4.198"/>
  <system-out/>
  <testcase classname="com.qa.flonase.test.FlonaseSpringVsFallAllergiesTest" name="verifyHyperLinkOne" time="8.772"/>
  <system-out/>
  <testcase classname="com.qa.flonase.test.FlonaseSpringVsFallAllergiesTest" name="verifyHyperLinkTwo" time="6.726"/>
  <system-out/>
  <testcase classname="com.qa.flonase.test.FlonaseSpringVsFallAllergiesTest" name="verifyHyperLinkThree" time="5.900"/>
  <system-out/>
  <testcase classname="com.qa.flonase.test.FlonaseSpringVsFallAllergiesTest" name="verifyTagsLinksOne" time="6.009"/>
  <system-out/>
  <testcase classname="com.qa.flonase.test.FlonaseSpringVsFallAllergiesTest" name="verifyTagsLinksTwo" time="10.998"/>
  <system-out/>
  <testcase classname="com.qa.flonase.test.FlonaseSpringVsFallAllergiesTest" name="verifyTagsLinksThree" time="5.652"/>
  <system-out/>
  <testcase classname="com.qa.flonase.test.FlonaseSpringVsFallAllergiesTest" name="verifyTagsLinksFour" time="6.028"/>
  <system-out/>
  <testcase classname="com.qa.flonase.test.FlonaseSpringVsFallAllergiesTest" name="verifyTagsLinksFive" time="6.157"/>
  <system-out/>
  <testcase classname="com.qa.flonase.test.FlonaseSpringVsFallAllergiesTest" name="verifyTagsLinksSix" time="6.101"/>
  <system-out/>
  <testcase classname="com.qa.flonase.test.FlonaseSpringVsFallAllergiesTest" name="verifyBtnBuyNow" time="11.844"/>
  <system-out/>
</testsuite> <!-- com.qa.flonase.test.FlonaseSpringVsFallAllergiesTest -->
