<?xml version="1.0" encoding="UTF-8"?>
<!-- Generated by org.testng.reporters.JUnitReportReporter -->
<testsuite hostname="WKWZTPqvmdckJHX" failures="0" tests="57" name="com.qa.preph.test.PrephFrequentlyAskedQuestionsTest" time="464.379" errors="0" timestamp="2023-06-27T12:30:59 IST" skipped="0">
  <testcase classname="com.qa.preph.test.PrephFrequentlyAskedQuestionsTest" name="cookieButton" time="7.178"/>
  <system-out/>
  <testcase classname="com.qa.preph.test.PrephFrequentlyAskedQuestionsTest" name="verifyHemorrhoidsAccOne" time="5.908"/>
  <system-out/>
  <testcase classname="com.qa.preph.test.PrephFrequentlyAskedQuestionsTest" name="verifyHemorrhoidsAccThree" time="6.458"/>
  <system-out/>
  <testcase classname="com.qa.preph.test.PrephFrequentlyAskedQuestionsTest" name="verifyHemorrhoidsAccFour" time="5.226"/>
  <system-out/>
  <testcase classname="com.qa.preph.test.PrephFrequentlyAskedQuestionsTest" name="verifyHemorrhoidsAccFive" time="6.944"/>
  <system-out/>
  <testcase classname="com.qa.preph.test.PrephFrequentlyAskedQuestionsTest" name="verifyHemorrhoidsAccSix" time="6.548"/>
  <system-out/>
  <testcase classname="com.qa.preph.test.PrephFrequentlyAskedQuestionsTest" name="verifyHemorrhoidsAccSeven" time="5.471"/>
  <system-out/>
  <testcase classname="com.qa.preph.test.PrephFrequentlyAskedQuestionsTest" name="verifyHemorrhoidsAccEight" time="5.950"/>
  <system-out/>
  <testcase classname="com.qa.preph.test.PrephFrequentlyAskedQuestionsTest" name="verifyHemorrhoidsAccNine" time="5.252"/>
  <system-out/>
  <testcase classname="com.qa.preph.test.PrephFrequentlyAskedQuestionsTest" name="verifyHemorrhoidsAccTen" time="10.693"/>
  <system-out/>
  <testcase classname="com.qa.preph.test.PrephFrequentlyAskedQuestionsTest" name="verifyHemorrhoidsAccEleven" time="5.063"/>
  <system-out/>
  <testcase classname="com.qa.preph.test.PrephFrequentlyAskedQuestionsTest" name="verifyHemorrhoidsAccTweleve" time="5.830"/>
  <system-out/>
  <testcase classname="com.qa.preph.test.PrephFrequentlyAskedQuestionsTest" name="verifyHemorrhoidsAccThirteen" time="4.199"/>
  <system-out/>
  <testcase classname="com.qa.preph.test.PrephFrequentlyAskedQuestionsTest" name="verifyHemorrhoidsAccFourteen" time="5.628"/>
  <system-out/>
  <testcase classname="com.qa.preph.test.PrephFrequentlyAskedQuestionsTest" name="verifyHemorrhoidsAccFifteen" time="5.063"/>
  <system-out/>
  <testcase classname="com.qa.preph.test.PrephFrequentlyAskedQuestionsTest" name="verifyHemorrhoidsAccSixteen" time="9.435"/>
  <system-out/>
  <testcase classname="com.qa.preph.test.PrephFrequentlyAskedQuestionsTest" name="verifyHemorrhoidsAccSeventeen" time="7.680"/>
  <system-out/>
  <testcase classname="com.qa.preph.test.PrephFrequentlyAskedQuestionsTest" name="verifyHemorrhoidsAccEighteen" time="5.471"/>
  <system-out/>
  <testcase classname="com.qa.preph.test.PrephFrequentlyAskedQuestionsTest" name="verifyProductsAccTwo" time="5.761"/>
  <system-out/>
  <testcase classname="com.qa.preph.test.PrephFrequentlyAskedQuestionsTest" name="verifyProductsAccThree" time="5.149"/>
  <system-out/>
  <testcase classname="com.qa.preph.test.PrephFrequentlyAskedQuestionsTest" name="verifyProductsAccFour" time="7.104"/>
  <system-out/>
  <testcase classname="com.qa.preph.test.PrephFrequentlyAskedQuestionsTest" name="verifyProductsAccFive" time="7.775"/>
  <system-out/>
  <testcase classname="com.qa.preph.test.PrephFrequentlyAskedQuestionsTest" name="verifyProductsAccSix" time="12.862"/>
  <system-out/>
  <testcase classname="com.qa.preph.test.PrephFrequentlyAskedQuestionsTest" name="verifyProductsAccSeven" time="7.246"/>
  <system-out/>
  <testcase classname="com.qa.preph.test.PrephFrequentlyAskedQuestionsTest" name="verifyProductsAccEight" time="5.728"/>
  <system-out/>
  <testcase classname="com.qa.preph.test.PrephFrequentlyAskedQuestionsTest" name="verifyProductsAccNine" time="7.052"/>
  <system-out/>
  <testcase classname="com.qa.preph.test.PrephFrequentlyAskedQuestionsTest" name="verifyProductsAccTen" time="6.671"/>
  <system-out/>
  <testcase classname="com.qa.preph.test.PrephFrequentlyAskedQuestionsTest" name="verifyProductsAccEleven" time="4.785"/>
  <system-out/>
  <testcase classname="com.qa.preph.test.PrephFrequentlyAskedQuestionsTest" name="verifyProductsAccTweleve" time="8.441"/>
  <system-out/>
  <testcase classname="com.qa.preph.test.PrephFrequentlyAskedQuestionsTest" name="verifyProductsAccThirteen" time="6.788"/>
  <system-out/>
  <testcase classname="com.qa.preph.test.PrephFrequentlyAskedQuestionsTest" name="verifyProductsAccFourteen" time="6.107"/>
  <system-out/>
  <testcase classname="com.qa.preph.test.PrephFrequentlyAskedQuestionsTest" name="verifyProductsAccFifteen" time="5.495"/>
  <system-out/>
  <testcase classname="com.qa.preph.test.PrephFrequentlyAskedQuestionsTest" name="verifyProductsAccSixteen" time="5.080"/>
  <system-out/>
  <testcase classname="com.qa.preph.test.PrephFrequentlyAskedQuestionsTest" name="verifyProductsAccSeventeen" time="5.197"/>
  <system-out/>
  <testcase classname="com.qa.preph.test.PrephFrequentlyAskedQuestionsTest" name="verifyProductsAccEighteen" time="10.724"/>
  <system-out/>
  <testcase classname="com.qa.preph.test.PrephFrequentlyAskedQuestionsTest" name="verifyProductsAccNineteen" time="5.955"/>
  <system-out/>
  <testcase classname="com.qa.preph.test.PrephFrequentlyAskedQuestionsTest" name="verifyProductsAccTwenty" time="5.487"/>
  <system-out/>
  <testcase classname="com.qa.preph.test.PrephFrequentlyAskedQuestionsTest" name="verifyProductsAccTwentyOne" time="5.627"/>
  <system-out/>
  <testcase classname="com.qa.preph.test.PrephFrequentlyAskedQuestionsTest" name="verifyProductsAccTwentyTwo" time="5.785"/>
  <system-out/>
  <testcase classname="com.qa.preph.test.PrephFrequentlyAskedQuestionsTest" name="verifyProductsAccTwentyThree" time="6.688"/>
  <system-out/>
  <testcase classname="com.qa.preph.test.PrephFrequentlyAskedQuestionsTest" name="verifyProductsAccTwentyFour" time="90.911"/>
  <system-out/>
  <testcase classname="com.qa.preph.test.PrephFrequentlyAskedQuestionsTest" name="verifyProductsAccTwentyFive" time="6.773"/>
  <system-out/>
  <testcase classname="com.qa.preph.test.PrephFrequentlyAskedQuestionsTest" name="verifyProductsAccTwentySix" time="7.841"/>
  <system-out/>
  <testcase classname="com.qa.preph.test.PrephFrequentlyAskedQuestionsTest" name="verifyProductsAccTwentySeven" time="5.675"/>
  <system-out/>
  <testcase classname="com.qa.preph.test.PrephFrequentlyAskedQuestionsTest" name="verifyProductsAccTwentyEight" time="11.383"/>
  <system-out/>
  <testcase classname="com.qa.preph.test.PrephFrequentlyAskedQuestionsTest" name="verifyProductsAccTwentyNine" time="11.027"/>
  <system-out/>
  <testcase classname="com.qa.preph.test.PrephFrequentlyAskedQuestionsTest" name="verifyProductsAccThirty" time="7.743"/>
  <system-out/>
  <testcase classname="com.qa.preph.test.PrephFrequentlyAskedQuestionsTest" name="verifyProductsAccThirtyOne" time="6.379"/>
  <system-out/>
  <testcase classname="com.qa.preph.test.PrephFrequentlyAskedQuestionsTest" name="verifyProductsAccThirtyTwo" time="7.089"/>
  <system-out/>
  <testcase classname="com.qa.preph.test.PrephFrequentlyAskedQuestionsTest" name="verifyProductsAccThirtyThree" time="6.562"/>
  <system-out/>
  <testcase classname="com.qa.preph.test.PrephFrequentlyAskedQuestionsTest" name="verifyProductsAccThirtyFour" time="5.783"/>
  <system-out/>
  <testcase classname="com.qa.preph.test.PrephFrequentlyAskedQuestionsTest" name="verifyProductsAccThirtyFive" time="6.015"/>
  <system-out/>
  <testcase classname="com.qa.preph.test.PrephFrequentlyAskedQuestionsTest" name="verifyProductsAccThirtySix" time="6.458"/>
  <system-out/>
  <testcase classname="com.qa.preph.test.PrephFrequentlyAskedQuestionsTest" name="verifyProductsAccThirtySeven" time="6.332"/>
  <system-out/>
  <testcase classname="com.qa.preph.test.PrephFrequentlyAskedQuestionsTest" name="verifyProductsAccThirtyEight" time="5.645"/>
  <system-out/>
  <testcase classname="com.qa.preph.test.PrephFrequentlyAskedQuestionsTest" name="verifyProductsAccThirtyNine" time="5.261"/>
  <system-out/>
  <testcase classname="com.qa.preph.test.PrephFrequentlyAskedQuestionsTest" name="verifyProductsAccFourty" time="5.998"/>
  <system-out/>
</testsuite> <!-- com.qa.preph.test.PrephFrequentlyAskedQuestionsTest -->
