<?xml version="1.0" encoding="UTF-8"?>
<!-- Generated by org.testng.reporters.JUnitReportReporter -->
<testsuite hostname="WKWZTPqvmdckJHX" failures="0" tests="13" name="com.qa.biotene.test.biotenedrymouththroatTest" time="20.033" errors="1" timestamp="2023-04-03T07:36:54 IST" skipped="12">
  <testcase classname="com.qa.biotene.test.biotenedrymouththroatTest" name="launchingTheBrowser" time="20.033">
    <error message="It is not a valid browser" type="java.lang.Exception">
      <![CDATA[java.lang.Exception: It is not a valid browser
at com.qa.baseClass.BaseClass.browserLaunch(BaseClass.java:147)
at com.qa.biotene.test.biotenedrymouththroatTest.launchingTheBrowser(biotenedrymouththroatTest.java:18)
at java.base/jdk.internal.reflect.DirectMethodHandleAccessor.invoke(DirectMethodHandleAccessor.java:104)
at java.base/java.lang.reflect.Method.invoke(Method.java:577)
at org.testng.internal.MethodInvocationHelper.invokeMethod(MethodInvocationHelper.java:133)
at org.testng.internal.MethodInvocationHelper.invokeMethodConsideringTimeout(MethodInvocationHelper.java:62)
at org.testng.internal.ConfigInvoker.invokeConfigurationMethod(ConfigInvoker.java:385)
at org.testng.internal.ConfigInvoker.invokeConfigurations(ConfigInvoker.java:321)
at org.testng.internal.TestMethodWorker.invokeBeforeClassMethods(TestMethodWorker.java:176)
at org.testng.internal.TestMethodWorker.run(TestMethodWorker.java:122)
at java.base/java.util.ArrayList.forEach(ArrayList.java:1511)
at org.testng.TestRunner.privateRun(TestRunner.java:794)
at org.testng.TestRunner.run(TestRunner.java:596)
at org.testng.SuiteRunner.runTest(SuiteRunner.java:377)
at org.testng.SuiteRunner.runSequentially(SuiteRunner.java:371)
at org.testng.SuiteRunner.privateRun(SuiteRunner.java:332)
at org.testng.SuiteRunner.run(SuiteRunner.java:276)
at org.testng.SuiteRunnerWorker.runSuite(SuiteRunnerWorker.java:53)
at org.testng.SuiteRunnerWorker.run(SuiteRunnerWorker.java:96)
at org.testng.TestNG.runSuitesSequentially(TestNG.java:1212)
at org.testng.TestNG.runSuitesLocally(TestNG.java:1134)
at org.testng.TestNG.runSuites(TestNG.java:1063)
at org.testng.TestNG.run(TestNG.java:1031)
at org.testng.remote.AbstractRemoteTestNG.run(AbstractRemoteTestNG.java:115)
at org.testng.remote.RemoteTestNG.initAndRun(RemoteTestNG.java:251)
at org.testng.remote.RemoteTestNG.main(RemoteTestNG.java:77)
]]>
    </error>
  </testcase> <!-- launchingTheBrowser -->
  <system-out/>
  <testcase classname="com.qa.biotene.test.biotenedrymouththroatTest" name="verifyBiotenecookiePopupLink" time="0.000">
    <skipped/>
  </testcase> <!-- verifyBiotenecookiePopupLink -->
  <system-out/>
  <testcase classname="com.qa.biotene.test.biotenedrymouththroatTest" name="verifyHomeBreadcrumbsLink" time="0.000">
    <skipped/>
  </testcase> <!-- verifyHomeBreadcrumbsLink -->
  <system-out/>
  <testcase classname="com.qa.biotene.test.biotenedrymouththroatTest" name="verifyLivingdrymouthLinkbreadcrumbs" time="0.000">
    <skipped/>
  </testcase> <!-- verifyLivingdrymouthLinkbreadcrumbs -->
  <system-out/>
  <testcase classname="com.qa.biotene.test.biotenedrymouththroatTest" name="verifydrymouththroatbreadcrumbsLink" time="0.000">
    <skipped/>
  </testcase> <!-- verifydrymouththroatbreadcrumbsLink -->
  <system-out/>
  <testcase classname="com.qa.biotene.test.biotenedrymouththroatTest" name="verifydrymouthLink" time="0.000">
    <skipped/>
  </testcase> <!-- verifydrymouthLink -->
  <system-out/>
  <testcase classname="com.qa.biotene.test.biotenedrymouththroatTest" name="verifySalviaLink" time="0.000">
    <skipped/>
  </testcase> <!-- verifySalviaLink -->
  <system-out/>
  <testcase classname="com.qa.biotene.test.biotenedrymouththroatTest" name="verifydrymouthOralRinseLink" time="0.000">
    <skipped/>
  </testcase> <!-- verifydrymouthOralRinseLink -->
  <system-out/>
  <testcase classname="com.qa.biotene.test.biotenedrymouththroatTest" name="verifydrymouthLozengesLink" time="0.000">
    <skipped/>
  </testcase> <!-- verifydrymouthLozengesLink -->
  <system-out/>
  <testcase classname="com.qa.biotene.test.biotenedrymouththroatTest" name="verifydrymouthOralbalanceLink" time="0.000">
    <skipped/>
  </testcase> <!-- verifydrymouthOralbalanceLink -->
  <system-out/>
  <testcase classname="com.qa.biotene.test.biotenedrymouththroatTest" name="verifyMoisturizingsprayLink" time="0.000">
    <skipped/>
  </testcase> <!-- verifyMoisturizingsprayLink -->
  <system-out/>
  <testcase classname="com.qa.biotene.test.biotenedrymouththroatTest" name="verifybioteneproductsLink" time="0.000">
    <skipped/>
  </testcase> <!-- verifybioteneproductsLink -->
  <system-out/>
  <testcase classname="com.qa.biotene.test.biotenedrymouththroatTest" name="verifynaturalremediesLink" time="0.000">
    <skipped/>
  </testcase> <!-- verifynaturalremediesLink -->
  <system-out/>
</testsuite> <!-- com.qa.biotene.test.biotenedrymouththroatTest -->
