<?xml version="1.0" encoding="UTF-8"?>
<!-- Generated by org.testng.reporters.JUnitReportReporter -->
<testsuite hostname="WKWZTPqvmdckJHX" failures="0" tests="1" name="com.qa.sensodyne.en.gb.test.SensodyneEnGbCompleteProtectionToothpasteTest" time="10.393" errors="0" timestamp="2023-07-10T11:40:25 IST" skipped="0">
  <testcase classname="com.qa.sensodyne.en.gb.test.SensodyneEnGbCompleteProtectionToothpasteTest" name="cookieButton" time="10.393"/>
  <system-out/>
</testsuite> <!-- com.qa.sensodyne.en.gb.test.SensodyneEnGbCompleteProtectionToothpasteTest -->
