<?xml version="1.0" encoding="UTF-8"?>
<!-- Generated by org.testng.reporters.JUnitReportReporter -->
<testsuite hostname="WKWZTPqvmdckJHX" failures="0" tests="10" name="com.qa.caltrate.eng.test.CaltrateRecipesTest" time="52.493" errors="0" timestamp="2023-05-01T22:31:50 IST" skipped="0">
  <testcase classname="com.qa.caltrate.eng.test.CaltrateRecipesTest" name="cookieButton" time="3.256"/>
  <system-out/>
  <testcase classname="com.qa.caltrate.eng.test.CaltrateRecipesTest" name="verifyFeaturedArticleOne" time="4.985"/>
  <system-out/>
  <testcase classname="com.qa.caltrate.eng.test.CaltrateRecipesTest" name="verifyFeaturedArticleTwo" time="6.088"/>
  <system-out/>
  <testcase classname="com.qa.caltrate.eng.test.CaltrateRecipesTest" name="verifyFeaturedArticleThree" time="9.972"/>
  <system-out/>
  <testcase classname="com.qa.caltrate.eng.test.CaltrateRecipesTest" name="verifyFeaturedArticleFour" time="5.306"/>
  <system-out/>
  <testcase classname="com.qa.caltrate.eng.test.CaltrateRecipesTest" name="verifyReadMoreTwo" time="5.575"/>
  <system-out/>
  <testcase classname="com.qa.caltrate.eng.test.CaltrateRecipesTest" name="verifyReadMoreOne" time="5.500"/>
  <system-out/>
  <testcase classname="com.qa.caltrate.eng.test.CaltrateRecipesTest" name="verifyReadMoreThree" time="4.602"/>
  <system-out/>
  <testcase classname="com.qa.caltrate.eng.test.CaltrateRecipesTest" name="verifyReadMoreFour" time="4.740"/>
  <system-out/>
  <testcase classname="com.qa.caltrate.eng.test.CaltrateRecipesTest" name="verifyReadMoreFive" time="2.469"/>
  <system-out/>
</testsuite> <!-- com.qa.caltrate.eng.test.CaltrateRecipesTest -->
