<?xml version="1.0" encoding="UTF-8"?>
<!-- Generated by org.testng.reporters.JUnitReportReporter -->
<testsuite hostname="WKWZTPqvmdckJHX" failures="0" tests="17" name="com.qa.centrum.eng.test.CentrumSampleSupportBrainHealth" time="250.578" errors="0" timestamp="2023-01-31T11:50:39 IST" skipped="0">
  <testcase classname="com.qa.centrum.eng.test.CentrumSampleSupportBrainHealth" name="cookieButton" time="7.812"/>
  <system-out/>
  <testcase classname="com.qa.centrum.eng.test.CentrumSampleSupportBrainHealth" name="verifyGoodHealthLink" time="9.168"/>
  <system-out/>
  <testcase classname="com.qa.centrum.eng.test.CentrumSampleSupportBrainHealth" name="verifyFeedYourHeadLinkOne" time="15.466"/>
  <system-out/>
  <testcase classname="com.qa.centrum.eng.test.CentrumSampleSupportBrainHealth" name="verifyFeedYourHeadLinkTwo" time="16.357"/>
  <system-out/>
  <testcase classname="com.qa.centrum.eng.test.CentrumSampleSupportBrainHealth" name="verifyFeedYourHeadLinkThree" time="13.347"/>
  <system-out/>
  <testcase classname="com.qa.centrum.eng.test.CentrumSampleSupportBrainHealth" name="verifyFeedYourHeadLinkFour" time="12.130"/>
  <system-out/>
  <testcase classname="com.qa.centrum.eng.test.CentrumSampleSupportBrainHealth" name="verifyFeedYourHeadLinkFive" time="14.312"/>
  <system-out/>
  <testcase classname="com.qa.centrum.eng.test.CentrumSampleSupportBrainHealth" name="verifyShowReference" time="7.138"/>
  <system-out/>
  <testcase classname="com.qa.centrum.eng.test.CentrumSampleSupportBrainHealth" name="verifyArticleOne" time="14.626"/>
  <system-out/>
  <testcase classname="com.qa.centrum.eng.test.CentrumSampleSupportBrainHealth" name="verifyArticleTwo" time="13.494"/>
  <system-out/>
  <testcase classname="com.qa.centrum.eng.test.CentrumSampleSupportBrainHealth" name="verifyArticleThree" time="14.924"/>
  <system-out/>
  <testcase classname="com.qa.centrum.eng.test.CentrumSampleSupportBrainHealth" name="verifyArticleFour" time="13.701"/>
  <system-out/>
  <testcase classname="com.qa.centrum.eng.test.CentrumSampleSupportBrainHealth" name="verifyBreadcrumbOne" time="44.274"/>
  <system-out/>
  <testcase classname="com.qa.centrum.eng.test.CentrumSampleSupportBrainHealth" name="verifyBreadcrumbTwo" time="12.164"/>
  <system-out/>
  <testcase classname="com.qa.centrum.eng.test.CentrumSampleSupportBrainHealth" name="verifyBreadcrumbThree" time="11.641"/>
  <system-out/>
  <testcase classname="com.qa.centrum.eng.test.CentrumSampleSupportBrainHealth" name="verifyBreadcrumbFour" time="17.499"/>
  <system-out/>
  <testcase classname="com.qa.centrum.eng.test.CentrumSampleSupportBrainHealth" name="verifyBreadcrumbFive" time="12.525"/>
  <system-out/>
</testsuite> <!-- com.qa.centrum.eng.test.CentrumSampleSupportBrainHealth -->
