<?xml version="1.0" encoding="UTF-8"?>
<!-- Generated by org.testng.reporters.JUnitReportReporter -->
<testsuite hostname="WKWZTPqvmdckJHX" failures="0" tests="15" name="com.qa.sensodyne.en.gb.test.SensodyneEnGbRapidReliefWhiteningToothpasteTest" time="133.080" errors="1" timestamp="2023-07-04T15:10:31 IST" skipped="0">
  <testcase classname="com.qa.sensodyne.en.gb.test.SensodyneEnGbRapidReliefWhiteningToothpasteTest" name="cookieButton" time="4.475"/>
  <system-out/>
  <testcase classname="com.qa.sensodyne.en.gb.test.SensodyneEnGbRapidReliefWhiteningToothpasteTest" name="verifyBreadcrumbOne" time="12.263"/>
  <system-out/>
  <testcase classname="com.qa.sensodyne.en.gb.test.SensodyneEnGbRapidReliefWhiteningToothpasteTest" name="verifyBreadcrumbTwo" time="9.342"/>
  <system-out/>
  <testcase classname="com.qa.sensodyne.en.gb.test.SensodyneEnGbRapidReliefWhiteningToothpasteTest" name="verifyBreadcrumbThree" time="6.981"/>
  <system-out/>
  <testcase classname="com.qa.sensodyne.en.gb.test.SensodyneEnGbRapidReliefWhiteningToothpasteTest" name="verifyBuyNow" time="23.501">
    <error message="Buy Now is not presented in the page" type="java.lang.Exception">
      <![CDATA[java.lang.Exception: Buy Now is not presented in the page
at com.qa.sensodyne.en.gb.pages.SensodyneEnGbRapidReliefWhiteningToothpastePage.clickBuyNow(SensodyneEnGbRapidReliefWhiteningToothpastePage.java:165)
at com.qa.sensodyne.en.gb.test.SensodyneEnGbRapidReliefWhiteningToothpasteTest.verifyBuyNow(SensodyneEnGbRapidReliefWhiteningToothpasteTest.java:81)
at java.base/jdk.internal.reflect.DirectMethodHandleAccessor.invoke(DirectMethodHandleAccessor.java:104)
at java.base/java.lang.reflect.Method.invoke(Method.java:577)
at org.testng.internal.MethodInvocationHelper.invokeMethod(MethodInvocationHelper.java:133)
at org.testng.internal.TestInvoker.invokeMethod(TestInvoker.java:598)
at org.testng.internal.TestInvoker.invokeTestMethod(TestInvoker.java:173)
at org.testng.internal.MethodRunner.runInSequence(MethodRunner.java:46)
at org.testng.internal.TestInvoker$MethodInvocationAgent.invoke(TestInvoker.java:824)
at org.testng.internal.TestInvoker.invokeTestMethods(TestInvoker.java:146)
at org.testng.internal.TestMethodWorker.invokeTestMethods(TestMethodWorker.java:146)
at org.testng.internal.TestMethodWorker.run(TestMethodWorker.java:128)
at java.base/java.util.ArrayList.forEach(ArrayList.java:1511)
at org.testng.TestRunner.privateRun(TestRunner.java:794)
at org.testng.TestRunner.run(TestRunner.java:596)
at org.testng.SuiteRunner.runTest(SuiteRunner.java:377)
at org.testng.SuiteRunner.runSequentially(SuiteRunner.java:371)
at org.testng.SuiteRunner.privateRun(SuiteRunner.java:332)
at org.testng.SuiteRunner.run(SuiteRunner.java:276)
at org.testng.SuiteRunnerWorker.runSuite(SuiteRunnerWorker.java:53)
at org.testng.SuiteRunnerWorker.run(SuiteRunnerWorker.java:96)
at org.testng.TestNG.runSuitesSequentially(TestNG.java:1212)
at org.testng.TestNG.runSuitesLocally(TestNG.java:1134)
at org.testng.TestNG.runSuites(TestNG.java:1063)
at org.testng.TestNG.run(TestNG.java:1031)
at org.testng.remote.AbstractRemoteTestNG.run(AbstractRemoteTestNG.java:115)
at org.testng.remote.RemoteTestNG.initAndRun(RemoteTestNG.java:251)
at org.testng.remote.RemoteTestNG.main(RemoteTestNG.java:77)
]]>
    </error>
  </testcase> <!-- verifyBuyNow -->
  <system-out/>
  <testcase classname="com.qa.sensodyne.en.gb.test.SensodyneEnGbRapidReliefWhiteningToothpasteTest" name="verifyAvailableProductImgOne" time="8.387"/>
  <system-out/>
  <testcase classname="com.qa.sensodyne.en.gb.test.SensodyneEnGbRapidReliefWhiteningToothpasteTest" name="verifyAvailableProductLinkOne" time="7.585"/>
  <system-out/>
  <testcase classname="com.qa.sensodyne.en.gb.test.SensodyneEnGbRapidReliefWhiteningToothpasteTest" name="verifyAvailableProductImgTwo" time="6.526"/>
  <system-out/>
  <testcase classname="com.qa.sensodyne.en.gb.test.SensodyneEnGbRapidReliefWhiteningToothpasteTest" name="verifyAvailableProductLinkTwo" time="8.669"/>
  <system-out/>
  <testcase classname="com.qa.sensodyne.en.gb.test.SensodyneEnGbRapidReliefWhiteningToothpasteTest" name="verifyTabSection" time="4.278"/>
  <system-out/>
  <testcase classname="com.qa.sensodyne.en.gb.test.SensodyneEnGbRapidReliefWhiteningToothpasteTest" name="verifyMostPopularProductOne" time="8.363"/>
  <system-out/>
  <testcase classname="com.qa.sensodyne.en.gb.test.SensodyneEnGbRapidReliefWhiteningToothpasteTest" name="verifyMostPopularProductTwo" time="6.815"/>
  <system-out/>
  <testcase classname="com.qa.sensodyne.en.gb.test.SensodyneEnGbRapidReliefWhiteningToothpasteTest" name="verifyMostPopularProductThree" time="7.103"/>
  <system-out/>
  <testcase classname="com.qa.sensodyne.en.gb.test.SensodyneEnGbRapidReliefWhiteningToothpasteTest" name="verifyMostPopularProductFour" time="7.219"/>
  <system-out/>
  <testcase classname="com.qa.sensodyne.en.gb.test.SensodyneEnGbRapidReliefWhiteningToothpasteTest" name="verifyFindYourStore" time="11.573"/>
  <system-out/>
</testsuite> <!-- com.qa.sensodyne.en.gb.test.SensodyneEnGbRapidReliefWhiteningToothpasteTest -->
