<?xml version="1.0" encoding="UTF-8"?>
<!-- Generated by org.testng.reporters.JUnitReportReporter -->
<testsuite hostname="WKWZTPqvmdckJHX" failures="0" tests="1" name="com.qa.drbest.ge.test.drbestKontaktTest" time="51.703" errors="0" timestamp="2023-04-10T02:26:06 IST" skipped="0">
  <testcase classname="com.qa.drbest.ge.test.drbestKontaktTest" name="verifydrbestcookiePopupLink" time="51.703"/>
  <system-out/>
</testsuite> <!-- com.qa.drbest.ge.test.drbestKontaktTest -->
