<?xml version="1.0" encoding="UTF-8"?>
<!-- Generated by org.testng.reporters.JUnitReportReporter -->
<testsuite hostname="WKWZTPqvmdckJHX" failures="0" tests="13" name="com.qa.caltrate.eng.test.CaltrateArticlesTest" time="64.476" errors="0" timestamp="2023-05-01T22:31:50 IST" skipped="0">
  <testcase classname="com.qa.caltrate.eng.test.CaltrateArticlesTest" name="cookieButton" time="3.476"/>
  <system-out/>
  <testcase classname="com.qa.caltrate.eng.test.CaltrateArticlesTest" name="verifyFeaturedArticleOne" time="4.702"/>
  <system-out/>
  <testcase classname="com.qa.caltrate.eng.test.CaltrateArticlesTest" name="verifyFeaturedArticleTwo" time="4.128"/>
  <system-out/>
  <testcase classname="com.qa.caltrate.eng.test.CaltrateArticlesTest" name="verifyFeaturedArticleThree" time="7.457"/>
  <system-out/>
  <testcase classname="com.qa.caltrate.eng.test.CaltrateArticlesTest" name="verifyFeaturedArticleFour" time="5.353"/>
  <system-out/>
  <testcase classname="com.qa.caltrate.eng.test.CaltrateArticlesTest" name="verifyReadMoreOne" time="5.850"/>
  <system-out/>
  <testcase classname="com.qa.caltrate.eng.test.CaltrateArticlesTest" name="verifyReadMoreTwo" time="4.570"/>
  <system-out/>
  <testcase classname="com.qa.caltrate.eng.test.CaltrateArticlesTest" name="verifyReadMoreThree" time="4.687"/>
  <system-out/>
  <testcase classname="com.qa.caltrate.eng.test.CaltrateArticlesTest" name="verifyReadMoreFour" time="4.313"/>
  <system-out/>
  <testcase classname="com.qa.caltrate.eng.test.CaltrateArticlesTest" name="verifyReadMoreFive" time="2.521"/>
  <system-out/>
  <testcase classname="com.qa.caltrate.eng.test.CaltrateArticlesTest" name="verifyReadMoreSix" time="4.384"/>
  <system-out/>
  <testcase classname="com.qa.caltrate.eng.test.CaltrateArticlesTest" name="verifyReadMoreSeven" time="4.343"/>
  <system-out/>
  <testcase classname="com.qa.caltrate.eng.test.CaltrateArticlesTest" name="verifyReadMoreEight" time="8.692"/>
  <system-out/>
</testsuite> <!-- com.qa.caltrate.eng.test.CaltrateArticlesTest -->
