<?xml version="1.0" encoding="UTF-8"?>
<!-- Generated by org.testng.reporters.JUnitReportReporter -->
<testsuite hostname="WKWZTPqvmdckJHX" failures="0" tests="14" name="com.qa.voltarengel.test.VoltarengelHandTest" time="134.734" errors="0" timestamp="2023-04-23T23:50:50 IST" skipped="0">
  <testcase classname="com.qa.voltarengel.test.VoltarengelHandTest" name="cookieButton" time="6.119"/>
  <system-out/>
  <testcase classname="com.qa.voltarengel.test.VoltarengelHandTest" name="verifyBreadcrumbOne" time="10.460"/>
  <system-out/>
  <testcase classname="com.qa.voltarengel.test.VoltarengelHandTest" name="verifyBreadcrumbTwo" time="8.930"/>
  <system-out/>
  <testcase classname="com.qa.voltarengel.test.VoltarengelHandTest" name="verifyBreadcrumbFour" time="8.817"/>
  <system-out/>
  <testcase classname="com.qa.voltarengel.test.VoltarengelHandTest" name="verifyBreadcrumbThree" time="16.092"/>
  <system-out/>
  <testcase classname="com.qa.voltarengel.test.VoltarengelHandTest" name="verifyHyperLinkHandArthristis" time="10.467"/>
  <system-out/>
  <testcase classname="com.qa.voltarengel.test.VoltarengelHandTest" name="verifyHyperLinkVoltarenArthritisPainGel" time="13.778"/>
  <system-out/>
  <testcase classname="com.qa.voltarengel.test.VoltarengelHandTest" name="verifyHyperLinkJointPainDueToArthritis" time="7.605"/>
  <system-out/>
  <testcase classname="com.qa.voltarengel.test.VoltarengelHandTest" name="verifyHyperLinkArthritisSymptoms" time="9.697"/>
  <system-out/>
  <testcase classname="com.qa.voltarengel.test.VoltarengelHandTest" name="verifyShowReference" time="5.016"/>
  <system-out/>
  <testcase classname="com.qa.voltarengel.test.VoltarengelHandTest" name="verifyRelatedArticleReadMoreOne" time="8.932"/>
  <system-out/>
  <testcase classname="com.qa.voltarengel.test.VoltarengelHandTest" name="verifyRelatedArticleReadMoreTwo" time="10.567"/>
  <system-out/>
  <testcase classname="com.qa.voltarengel.test.VoltarengelHandTest" name="verifyGetCoupons" time="11.781"/>
  <system-out/>
  <testcase classname="com.qa.voltarengel.test.VoltarengelHandTest" name="verifyBuyNow" time="6.473"/>
  <system-out/>
</testsuite> <!-- com.qa.voltarengel.test.VoltarengelHandTest -->
