<?xml version="1.0" encoding="UTF-8"?>
<!-- Generated by org.testng.reporters.JUnitReportReporter -->
<testsuite hostname="WKWZTPqvmdckJHX" failures="0" tests="7" name="com.qa.biotene.test.BioteneTravellingDryMouthReliefTest" time="172.770" errors="0" timestamp="2023-04-03T07:36:54 IST" skipped="0">
  <testcase classname="com.qa.biotene.test.BioteneTravellingDryMouthReliefTest" name="cookieButton" time="130.550"/>
  <system-out/>
  <testcase classname="com.qa.biotene.test.BioteneTravellingDryMouthReliefTest" name="verifyTAKETHEQUIZ" time="6.028"/>
  <system-out/>
  <testcase classname="com.qa.biotene.test.BioteneTravellingDryMouthReliefTest" name="verifyConstantlyDrinkingWater" time="5.882"/>
  <system-out/>
  <testcase classname="com.qa.biotene.test.BioteneTravellingDryMouthReliefTest" name="verifySHOPNOW" time="7.005"/>
  <system-out/>
  <testcase classname="com.qa.biotene.test.BioteneTravellingDryMouthReliefTest" name="verifyGetaGoodNightRest" time="9.035"/>
  <system-out/>
  <testcase classname="com.qa.biotene.test.BioteneTravellingDryMouthReliefTest" name="verifyBioteneDryMouthOralRinse" time="6.738"/>
  <system-out/>
  <testcase classname="com.qa.biotene.test.BioteneTravellingDryMouthReliefTest" name="verifyREADMORE" time="7.532"/>
  <system-out/>
</testsuite> <!-- com.qa.biotene.test.BioteneTravellingDryMouthReliefTest -->
