<?xml version="1.0" encoding="UTF-8"?>
<!-- Generated by org.testng.reporters.JUnitReportReporter -->
<testsuite hostname="WKWZTPqvmdckJHX" failures="0" tests="15" name="com.qa.drbest.ge.test.drbestbeifestenZahnspangenTest" time="143.716" errors="0" timestamp="2023-04-10T02:26:06 IST" skipped="0">
  <testcase classname="com.qa.drbest.ge.test.drbestbeifestenZahnspangenTest" name="verifydrbestcookiePopupLink" time="42.700"/>
  <system-out/>
  <testcase classname="com.qa.drbest.ge.test.drbestbeifestenZahnspangenTest" name="verifyPolimedKurzkopfLink" time="6.536"/>
  <system-out/>
  <testcase classname="com.qa.drbest.ge.test.drbestbeifestenZahnspangenTest" name="verifyPolimedKurzkopfProductLink" time="7.057"/>
  <system-out/>
  <testcase classname="com.qa.drbest.ge.test.drbestbeifestenZahnspangenTest" name="verifyPolimedKurzkopfBuyNowLink" time="6.774"/>
  <system-out/>
  <testcase classname="com.qa.drbest.ge.test.drbestbeifestenZahnspangenTest" name="verifyMultiExpertProductLink" time="8.687"/>
  <system-out/>
  <testcase classname="com.qa.drbest.ge.test.drbestbeifestenZahnspangenTest" name="verifyMultiExpertBuyNowLink" time="6.560"/>
  <system-out/>
  <testcase classname="com.qa.drbest.ge.test.drbestbeifestenZahnspangenTest" name="verifyCoolkidsLink" time="7.954"/>
  <system-out/>
  <testcase classname="com.qa.drbest.ge.test.drbestbeifestenZahnspangenTest" name="verifyCoolkidsProductLink" time="6.233"/>
  <system-out/>
  <testcase classname="com.qa.drbest.ge.test.drbestbeifestenZahnspangenTest" name="verifyCoolkidsBuyNowLink" time="11.072"/>
  <system-out/>
  <testcase classname="com.qa.drbest.ge.test.drbestbeifestenZahnspangenTest" name="verifyArticle1Link" time="6.188"/>
  <system-out/>
  <testcase classname="com.qa.drbest.ge.test.drbestbeifestenZahnspangenTest" name="verifyRelatedLink1Link" time="6.123"/>
  <system-out/>
  <testcase classname="com.qa.drbest.ge.test.drbestbeifestenZahnspangenTest" name="verifyArticle2Link" time="6.364"/>
  <system-out/>
  <testcase classname="com.qa.drbest.ge.test.drbestbeifestenZahnspangenTest" name="verifyLink2Link" time="6.216"/>
  <system-out/>
  <testcase classname="com.qa.drbest.ge.test.drbestbeifestenZahnspangenTest" name="verifyArticle3Link" time="9.090"/>
  <system-out/>
  <testcase classname="com.qa.drbest.ge.test.drbestbeifestenZahnspangenTest" name="verifyLink3Link" time="6.162"/>
  <system-out/>
</testsuite> <!-- com.qa.drbest.ge.test.drbestbeifestenZahnspangenTest -->
