<?xml version="1.0" encoding="UTF-8"?>
<!-- Generated by org.testng.reporters.JUnitReportReporter -->
<testsuite hostname="WKWZTPqvmdckJHX" failures="0" tests="1" name="com.qa.bens.checklist.test.RedirectionOfGSKTestOne" time="28.551" errors="0" timestamp="2023-06-14T19:27:34 IST" skipped="0">
  <testcase classname="com.qa.bens.checklist.test.RedirectionOfGSKTestOne" name="findingGskInSourcePage" time="28.551"/>
  <system-out/>
</testsuite> <!-- com.qa.bens.checklist.test.RedirectionOfGSKTestOne -->
