<?xml version="1.0" encoding="UTF-8"?>
<!-- Generated by org.testng.reporters.JUnitReportReporter -->
<testsuite hostname="WKWZTPqvmdckJHX" failures="0" tests="2" name="com.qa.sensodyne.ca.test.SensodyneCaContactTest" time="17.939" errors="0" timestamp="2023-05-30T14:35:06 IST" skipped="0">
  <testcase classname="com.qa.sensodyne.ca.test.SensodyneCaContactTest" name="verifyBreadcrumbOne" time="6.352"/>
  <system-out/>
  <testcase classname="com.qa.sensodyne.ca.test.SensodyneCaContactTest" name="verifyBreadcrumbTwo" time="11.587"/>
  <system-out/>
</testsuite> <!-- com.qa.sensodyne.ca.test.SensodyneCaContactTest -->
