<?xml version="1.0" encoding="UTF-8"?>
<!-- Generated by org.testng.reporters.JUnitReportReporter -->
<testsuite hostname="WKWZTPqvmdckJHX" failures="0" tests="2" name="com.qa.sensodyne.us.test.SensodyneFallTreatsCausingToothSensitivityTest" time="39.235" errors="0" timestamp="2023-01-24T14:23:16 IST" skipped="0">
  <testcase classname="com.qa.sensodyne.us.test.SensodyneFallTreatsCausingToothSensitivityTest" name="cookieButton" time="7.800"/>
  <system-out/>
  <testcase classname="com.qa.sensodyne.us.test.SensodyneFallTreatsCausingToothSensitivityTest" name="verifyReallySweetLink" time="31.435"/>
  <system-out/>
</testsuite> <!-- com.qa.sensodyne.us.test.SensodyneFallTreatsCausingToothSensitivityTest -->
