<?xml version="1.0" encoding="UTF-8"?>
<!-- Generated by org.testng.reporters.JUnitReportReporter -->
<testsuite hostname="WKWZTPqvmdckJHX" failures="0" tests="13" name="com.qa.sensodyne.us.test.SensodyneGumHealthTest" time="176.173" errors="0" timestamp="2023-01-24T15:14:45 IST" skipped="0">
  <testcase classname="com.qa.sensodyne.us.test.SensodyneGumHealthTest" name="cookieButton" time="8.231"/>
  <system-out/>
  <testcase classname="com.qa.sensodyne.us.test.SensodyneGumHealthTest" name="verifyLearnMoreOne" time="12.549"/>
  <system-out/>
  <testcase classname="com.qa.sensodyne.us.test.SensodyneGumHealthTest" name="verifyFindOutWhy" time="39.719"/>
  <system-out/>
  <testcase classname="com.qa.sensodyne.us.test.SensodyneGumHealthTest" name="verifyLearnMoreTwo" time="12.067"/>
  <system-out/>
  <testcase classname="com.qa.sensodyne.us.test.SensodyneGumHealthTest" name="verifyLearnMoreFour" time="10.833"/>
  <system-out/>
  <testcase classname="com.qa.sensodyne.us.test.SensodyneGumHealthTest" name="verifyLearnMoreThree" time="9.855"/>
  <system-out/>
  <testcase classname="com.qa.sensodyne.us.test.SensodyneGumHealthTest" name="verifyFindOutOne" time="10.228"/>
  <system-out/>
  <testcase classname="com.qa.sensodyne.us.test.SensodyneGumHealthTest" name="verifyFindOutTwo" time="10.133"/>
  <system-out/>
  <testcase classname="com.qa.sensodyne.us.test.SensodyneGumHealthTest" name="verifyLearnMoreFive" time="9.816"/>
  <system-out/>
  <testcase classname="com.qa.sensodyne.us.test.SensodyneGumHealthTest" name="verifyLearnMoreSix" time="15.196"/>
  <system-out/>
  <testcase classname="com.qa.sensodyne.us.test.SensodyneGumHealthTest" name="verifyLearnMoreSeven" time="15.148"/>
  <system-out/>
  <testcase classname="com.qa.sensodyne.us.test.SensodyneGumHealthTest" name="verifyFindTheRightToothPaste" time="12.980"/>
  <system-out/>
  <testcase classname="com.qa.sensodyne.us.test.SensodyneGumHealthTest" name="verifyBreadCrumb" time="9.418"/>
  <system-out/>
</testsuite> <!-- com.qa.sensodyne.us.test.SensodyneGumHealthTest -->
