<?xml version="1.0" encoding="UTF-8"?>
<!-- Generated by org.testng.reporters.JUnitReportReporter -->
<testsuite hostname="WKWZTPqvmdckJHX" failures="0" tests="12" name="com.qa.preph.test.PrephEverythingYouNeedKnowAboutHemorrhoidsTest" time="73.446" errors="0" timestamp="2023-06-20T15:23:18 IST" skipped="0">
  <testcase classname="com.qa.preph.test.PrephEverythingYouNeedKnowAboutHemorrhoidsTest" name="cookieButton" time="3.644"/>
  <system-out/>
  <testcase classname="com.qa.preph.test.PrephEverythingYouNeedKnowAboutHemorrhoidsTest" name="verifyBreadcrumbOne" time="6.166"/>
  <system-out/>
  <testcase classname="com.qa.preph.test.PrephEverythingYouNeedKnowAboutHemorrhoidsTest" name="verifyBreadcrumbTwo" time="9.527"/>
  <system-out/>
  <testcase classname="com.qa.preph.test.PrephEverythingYouNeedKnowAboutHemorrhoidsTest" name="verifyBreadcrumbThree" time="2.393"/>
  <system-out/>
  <testcase classname="com.qa.preph.test.PrephEverythingYouNeedKnowAboutHemorrhoidsTest" name="verifyHyperLinkHemorrhoids" time="5.910"/>
  <system-out/>
  <testcase classname="com.qa.preph.test.PrephEverythingYouNeedKnowAboutHemorrhoidsTest" name="verifyHyperLinkGoingToTheBathroom" time="6.243"/>
  <system-out/>
  <testcase classname="com.qa.preph.test.PrephEverythingYouNeedKnowAboutHemorrhoidsTest" name="verifyRelatedArticleOne" time="11.805"/>
  <system-out/>
  <testcase classname="com.qa.preph.test.PrephEverythingYouNeedKnowAboutHemorrhoidsTest" name="verifyRelatedArticleTwo" time="5.643"/>
  <system-out/>
  <testcase classname="com.qa.preph.test.PrephEverythingYouNeedKnowAboutHemorrhoidsTest" name="verifyRelatedArticleThree" time="5.680"/>
  <system-out/>
  <testcase classname="com.qa.preph.test.PrephEverythingYouNeedKnowAboutHemorrhoidsTest" name="verifyRelatedArticleReadMoreOne" time="5.227"/>
  <system-out/>
  <testcase classname="com.qa.preph.test.PrephEverythingYouNeedKnowAboutHemorrhoidsTest" name="verifyRelatedArticleReadMoreTwo" time="5.310"/>
  <system-out/>
  <testcase classname="com.qa.preph.test.PrephEverythingYouNeedKnowAboutHemorrhoidsTest" name="verifyRelatedArticleReadMoreThree" time="5.898"/>
  <system-out/>
</testsuite> <!-- com.qa.preph.test.PrephEverythingYouNeedKnowAboutHemorrhoidsTest -->
