<?xml version="1.0" encoding="UTF-8"?>
<!-- Generated by org.testng.reporters.JUnitReportReporter -->
<testsuite hostname="WKWZTPqvmdckJHX" failures="0" tests="11" name="com.qa.flonase.test.FlonaseTreePollenAllergyTypesTest" time="112.055" errors="0" timestamp="2023-09-27T10:07:42 IST" skipped="0">
  <testcase classname="com.qa.flonase.test.FlonaseTreePollenAllergyTypesTest" name="cookieButton" time="4.036"/>
  <system-out/>
  <testcase classname="com.qa.flonase.test.FlonaseTreePollenAllergyTypesTest" name="verifyHyperLinkOne" time="6.852"/>
  <system-out/>
  <testcase classname="com.qa.flonase.test.FlonaseTreePollenAllergyTypesTest" name="verifyHyperLinkTwo" time="7.489"/>
  <system-out/>
  <testcase classname="com.qa.flonase.test.FlonaseTreePollenAllergyTypesTest" name="verifyHyperLinkThree" time="6.547"/>
  <system-out/>
  <testcase classname="com.qa.flonase.test.FlonaseTreePollenAllergyTypesTest" name="verifyTagsLinksOne" time="25.533"/>
  <system-out/>
  <testcase classname="com.qa.flonase.test.FlonaseTreePollenAllergyTypesTest" name="verifyTagsLinksTwo" time="5.981"/>
  <system-out/>
  <testcase classname="com.qa.flonase.test.FlonaseTreePollenAllergyTypesTest" name="verifyHyperLinkSeeAllArticles" time="5.912"/>
  <system-out/>
  <testcase classname="com.qa.flonase.test.FlonaseTreePollenAllergyTypesTest" name="verifyAllAboutAllergiesArticleOne" time="12.109"/>
  <system-out/>
  <testcase classname="com.qa.flonase.test.FlonaseTreePollenAllergyTypesTest" name="verifyAllAboutAllergiesArticleTwo" time="8.408"/>
  <system-out/>
  <testcase classname="com.qa.flonase.test.FlonaseTreePollenAllergyTypesTest" name="verifyAllAboutAllergiesArticleThree" time="18.661"/>
  <system-out/>
  <testcase classname="com.qa.flonase.test.FlonaseTreePollenAllergyTypesTest" name="verifyBtnBuyNow" time="10.527"/>
  <system-out/>
</testsuite> <!-- com.qa.flonase.test.FlonaseTreePollenAllergyTypesTest -->
