<?xml version="1.0" encoding="UTF-8"?>
<!-- Generated by org.testng.reporters.JUnitReportReporter -->
<testsuite hostname="WKWZTPqvmdckJHX" failures="0" tests="10" name="com.qa.caltrate.eng.test.CaltrateHealthCareProfessionalsTest" time="52.429" errors="0" timestamp="2023-02-09T13:02:42 IST" skipped="0">
  <testcase classname="com.qa.caltrate.eng.test.CaltrateHealthCareProfessionalsTest" name="verifyCookieLink" time="3.642"/>
  <system-out/>
  <testcase classname="com.qa.caltrate.eng.test.CaltrateHealthCareProfessionalsTest" name="verifyCaltrateHomeBreadcrumbsLink" time="2.660"/>
  <system-out/>
  <testcase classname="com.qa.caltrate.eng.test.CaltrateHealthCareProfessionalsTest" name="verifyCaltratehealthprofessionalsBreadcrumbsLink" time="2.448"/>
  <system-out/>
  <testcase classname="com.qa.caltrate.eng.test.CaltrateHealthCareProfessionalsTest" name="verifyCaltrateBoneHealthImageLink" time="5.261"/>
  <system-out/>
  <testcase classname="com.qa.caltrate.eng.test.CaltrateHealthCareProfessionalsTest" name="verifyOesteoporosisMedicineContentLink" time="6.029"/>
  <system-out/>
  <testcase classname="com.qa.caltrate.eng.test.CaltrateHealthCareProfessionalsTest" name="verifyReadMoreLink" time="5.651"/>
  <system-out/>
  <testcase classname="com.qa.caltrate.eng.test.CaltrateHealthCareProfessionalsTest" name="verifyOestoporosisMedicineArticleLink" time="5.400"/>
  <system-out/>
  <testcase classname="com.qa.caltrate.eng.test.CaltrateHealthCareProfessionalsTest" name="verifyInteractiveToolLink" time="11.532"/>
  <system-out/>
  <testcase classname="com.qa.caltrate.eng.test.CaltrateHealthCareProfessionalsTest" name="verifyArticlesLink" time="4.951"/>
  <system-out/>
  <testcase classname="com.qa.caltrate.eng.test.CaltrateHealthCareProfessionalsTest" name="verifyHealthTipsLink" time="4.855"/>
  <system-out/>
</testsuite> <!-- com.qa.caltrate.eng.test.CaltrateHealthCareProfessionalsTest -->
