<?xml version="1.0" encoding="UTF-8"?>
<!-- Generated by org.testng.reporters.JUnitReportReporter -->
<testsuite hostname="WKWZTPqvmdckJHX" failures="0" tests="10" name="com.qa.abreva.test.AbrevaCanYouPutAloeVeraOnColdSoresTest" time="108.459" errors="0" timestamp="2023-05-16T23:32:44 IST" skipped="0">
  <testcase classname="com.qa.abreva.test.AbrevaCanYouPutAloeVeraOnColdSoresTest" name="cookieButton" time="5.212"/>
  <system-out/>
  <testcase classname="com.qa.abreva.test.AbrevaCanYouPutAloeVeraOnColdSoresTest" name="verifyHyperLinkHelpingHealColdSores" time="14.304"/>
  <system-out/>
  <testcase classname="com.qa.abreva.test.AbrevaCanYouPutAloeVeraOnColdSoresTest" name="verifyHyperLinkColdSores" time="11.948"/>
  <system-out/>
  <testcase classname="com.qa.abreva.test.AbrevaCanYouPutAloeVeraOnColdSoresTest" name="verifyHyperLinkAbrevaColdSoreCream" time="10.153"/>
  <system-out/>
  <testcase classname="com.qa.abreva.test.AbrevaCanYouPutAloeVeraOnColdSoresTest" name="verifyHyperLinkHowToStayTriggerFree" time="9.241"/>
  <system-out/>
  <testcase classname="com.qa.abreva.test.AbrevaCanYouPutAloeVeraOnColdSoresTest" name="verifyHyperLinkRelaxationTechniques" time="12.737"/>
  <system-out/>
  <testcase classname="com.qa.abreva.test.AbrevaCanYouPutAloeVeraOnColdSoresTest" name="verifyHyperLinkTheConnectionBetweenHormones" time="10.235"/>
  <system-out/>
  <testcase classname="com.qa.abreva.test.AbrevaCanYouPutAloeVeraOnColdSoresTest" name="verifyHyperLinkHowToNavigateACold" time="21.093"/>
  <system-out/>
  <testcase classname="com.qa.abreva.test.AbrevaCanYouPutAloeVeraOnColdSoresTest" name="verifyHyperLinkReadOurLipCareTips" time="6.256"/>
  <system-out/>
  <testcase classname="com.qa.abreva.test.AbrevaCanYouPutAloeVeraOnColdSoresTest" name="verifyBuyNow" time="7.280"/>
  <system-out/>
</testsuite> <!-- com.qa.abreva.test.AbrevaCanYouPutAloeVeraOnColdSoresTest -->
