<?xml version="1.0" encoding="UTF-8"?>
<!-- Generated by org.testng.reporters.JUnitReportReporter -->
<testsuite hostname="WKWZTPqvmdckJHX" failures="0" tests="7" name="com.qa.caltrate.ca.test.CaltrateSoftChewsTest" time="36.354" errors="0" timestamp="2023-02-10T12:12:37 IST" skipped="0">
  <testcase classname="com.qa.caltrate.ca.test.CaltrateSoftChewsTest" name="verifyBreadcrumbOne" time="4.285"/>
  <system-out/>
  <testcase classname="com.qa.caltrate.ca.test.CaltrateSoftChewsTest" name="verifyBreadcrumbTwo" time="3.593"/>
  <system-out/>
  <testcase classname="com.qa.caltrate.ca.test.CaltrateSoftChewsTest" name="verifyBreadcrumbThree" time="1.713"/>
  <system-out/>
  <testcase classname="com.qa.caltrate.ca.test.CaltrateSoftChewsTest" name="verifyBuyNowButton" time="7.425"/>
  <system-out/>
  <testcase classname="com.qa.caltrate.ca.test.CaltrateSoftChewsTest" name="verifyGetCoupons" time="3.274"/>
  <system-out/>
  <testcase classname="com.qa.caltrate.ca.test.CaltrateSoftChewsTest" name="verifySeeAllProducts" time="3.358"/>
  <system-out/>
  <testcase classname="com.qa.caltrate.ca.test.CaltrateSoftChewsTest" name="verifySaveNowImg" time="12.706"/>
  <system-out/>
</testsuite> <!-- com.qa.caltrate.ca.test.CaltrateSoftChewsTest -->
