<?xml version="1.0" encoding="UTF-8"?>
<!-- Generated by org.testng.reporters.JUnitReportReporter -->
<testsuite hostname="WKWZTPqvmdckJHX" failures="0" tests="11" name="com.qa.drbest.ge.test.drbestProfessionalPolimedTest" time="166.797" errors="0" timestamp="2023-04-10T02:26:07 IST" skipped="1">
  <testcase classname="com.qa.drbest.ge.test.drbestProfessionalPolimedTest" name="verifydrbestcookiePopupLink" time="46.041"/>
  <system-out/>
  <testcase classname="com.qa.drbest.ge.test.drbestProfessionalPolimedTest" name="verifyBuyNow1Link" time="16.382"/>
  <system-out/>
  <testcase classname="com.qa.drbest.ge.test.drbestProfessionalPolimedTest" name="verifyReviewLink" time="14.113"/>
  <system-out/>
  <testcase classname="com.qa.drbest.ge.test.drbestProfessionalPolimedTest" name="verifyReview1Link" time="15.284"/>
  <system-out/>
  <testcase classname="com.qa.drbest.ge.test.drbestProfessionalPolimedTest" name="verifyVibrationPolimedLink" time="10.549"/>
  <system-out/>
  <testcase classname="com.qa.drbest.ge.test.drbestProfessionalPolimedTest" name="verifyVibrationPolimedProductLink" time="10.882"/>
  <system-out/>
  <testcase classname="com.qa.drbest.ge.test.drbestProfessionalPolimedTest" name="verifyVibrationPolimedBuyNowLink" time="11.018"/>
  <system-out/>
  <testcase classname="com.qa.drbest.ge.test.drbestProfessionalPolimedTest" name="verifyVibrationMultiExpertLink" time="10.819"/>
  <system-out/>
  <testcase classname="com.qa.drbest.ge.test.drbestProfessionalPolimedTest" name="verifyVibrationMultiExpertProductLink" time="11.496"/>
  <system-out/>
  <testcase classname="com.qa.drbest.ge.test.drbestProfessionalPolimedTest" name="verifyVibrationMultiExpertBuyNowLink" time="10.347"/>
  <system-out/>
  <testcase classname="com.qa.drbest.ge.test.drbestProfessionalPolimedTest" name="verifyVibrationMultiExpertBuyNowLink" time="9.866">
    <skipped/>
  </testcase> <!-- verifyVibrationMultiExpertBuyNowLink -->
  <system-out/>
</testsuite> <!-- com.qa.drbest.ge.test.drbestProfessionalPolimedTest -->
