<?xml version="1.0" encoding="UTF-8"?>
<!-- Generated by org.testng.reporters.JUnitReportReporter -->
<testsuite hostname="WKWZTPqvmdckJHX" failures="0" tests="16" name="com.qa.drbest.ge.test.drbestSchutzKariesTest" time="176.842" errors="0" timestamp="2023-04-10T02:26:07 IST" skipped="0">
  <testcase classname="com.qa.drbest.ge.test.drbestSchutzKariesTest" name="verifydrbestcookiePopupLink" time="44.375"/>
  <system-out/>
  <testcase classname="com.qa.drbest.ge.test.drbestSchutzKariesTest" name="verifyXZwischenzahnLink" time="7.106"/>
  <system-out/>
  <testcase classname="com.qa.drbest.ge.test.drbestSchutzKariesTest" name="verifyXZwischenzahnProductLink" time="8.101"/>
  <system-out/>
  <testcase classname="com.qa.drbest.ge.test.drbestSchutzKariesTest" name="verifyXZwischenzahnBuyNowLink" time="7.909"/>
  <system-out/>
  <testcase classname="com.qa.drbest.ge.test.drbestSchutzKariesTest" name="verifyVibrationPolimedLink" time="7.731"/>
  <system-out/>
  <testcase classname="com.qa.drbest.ge.test.drbestSchutzKariesTest" name="verifyVibrationPolimedProductLink" time="10.891"/>
  <system-out/>
  <testcase classname="com.qa.drbest.ge.test.drbestSchutzKariesTest" name="verifyVibrationPolimedBuyNowLink" time="8.371"/>
  <system-out/>
  <testcase classname="com.qa.drbest.ge.test.drbestSchutzKariesTest" name="verifyVibrationMultiExpertLink" time="10.317"/>
  <system-out/>
  <testcase classname="com.qa.drbest.ge.test.drbestSchutzKariesTest" name="verifyVibrationMultiExpertProductLink" time="9.111"/>
  <system-out/>
  <testcase classname="com.qa.drbest.ge.test.drbestSchutzKariesTest" name="verifyVibrationMultiExpertBuyNowLink" time="9.601"/>
  <system-out/>
  <testcase classname="com.qa.drbest.ge.test.drbestSchutzKariesTest" name="verifyArticle1Link" time="9.458"/>
  <system-out/>
  <testcase classname="com.qa.drbest.ge.test.drbestSchutzKariesTest" name="verifyRelatedLink1Link" time="10.593"/>
  <system-out/>
  <testcase classname="com.qa.drbest.ge.test.drbestSchutzKariesTest" name="verifyArticle2Link" time="8.925"/>
  <system-out/>
  <testcase classname="com.qa.drbest.ge.test.drbestSchutzKariesTest" name="verifyRelatedLink2Link" time="7.454"/>
  <system-out/>
  <testcase classname="com.qa.drbest.ge.test.drbestSchutzKariesTest" name="verifyArticle3Link" time="8.295"/>
  <system-out/>
  <testcase classname="com.qa.drbest.ge.test.drbestSchutzKariesTest" name="verifyRelatedLink3Link" time="8.604"/>
  <system-out/>
</testsuite> <!-- com.qa.drbest.ge.test.drbestSchutzKariesTest -->
