<?xml version="1.0" encoding="UTF-8"?>
<!-- Generated by org.testng.reporters.JUnitReportReporter -->
<testsuite hostname="WKWZTPqvmdckJHX" failures="0" tests="12" name="com.qa.biotene.test.biotenelivingdrymouthTest" time="0.515" errors="1" timestamp="2023-04-03T07:36:54 IST" skipped="11">
  <testcase classname="com.qa.biotene.test.biotenelivingdrymouthTest" name="verifyBiotenecookiePopupLink" time="0.000">
    <skipped/>
  </testcase> <!-- verifyBiotenecookiePopupLink -->
  <system-out/>
  <testcase classname="com.qa.biotene.test.biotenelivingdrymouthTest" name="launchingTheBrowser" time="0.515">
    <error message="It is not a valid browser" type="java.lang.Exception">
      <![CDATA[java.lang.Exception: It is not a valid browser
at com.qa.baseClass.BaseClass.browserLaunch(BaseClass.java:147)
at com.qa.biotene.test.biotenelivingdrymouthTest.launchingTheBrowser(biotenelivingdrymouthTest.java:18)
at java.base/jdk.internal.reflect.DirectMethodHandleAccessor.invoke(DirectMethodHandleAccessor.java:104)
at java.base/java.lang.reflect.Method.invoke(Method.java:577)
at org.testng.internal.MethodInvocationHelper.invokeMethod(MethodInvocationHelper.java:133)
at org.testng.internal.MethodInvocationHelper.invokeMethodConsideringTimeout(MethodInvocationHelper.java:62)
at org.testng.internal.ConfigInvoker.invokeConfigurationMethod(ConfigInvoker.java:385)
at org.testng.internal.ConfigInvoker.invokeConfigurations(ConfigInvoker.java:321)
at org.testng.internal.TestMethodWorker.invokeBeforeClassMethods(TestMethodWorker.java:176)
at org.testng.internal.TestMethodWorker.run(TestMethodWorker.java:122)
at java.base/java.util.ArrayList.forEach(ArrayList.java:1511)
at org.testng.TestRunner.privateRun(TestRunner.java:794)
at org.testng.TestRunner.run(TestRunner.java:596)
at org.testng.SuiteRunner.runTest(SuiteRunner.java:377)
at org.testng.SuiteRunner.runSequentially(SuiteRunner.java:371)
at org.testng.SuiteRunner.privateRun(SuiteRunner.java:332)
at org.testng.SuiteRunner.run(SuiteRunner.java:276)
at org.testng.SuiteRunnerWorker.runSuite(SuiteRunnerWorker.java:53)
at org.testng.SuiteRunnerWorker.run(SuiteRunnerWorker.java:96)
at org.testng.TestNG.runSuitesSequentially(TestNG.java:1212)
at org.testng.TestNG.runSuitesLocally(TestNG.java:1134)
at org.testng.TestNG.runSuites(TestNG.java:1063)
at org.testng.TestNG.run(TestNG.java:1031)
at org.testng.remote.AbstractRemoteTestNG.run(AbstractRemoteTestNG.java:115)
at org.testng.remote.RemoteTestNG.initAndRun(RemoteTestNG.java:251)
at org.testng.remote.RemoteTestNG.main(RemoteTestNG.java:77)
]]>
    </error>
  </testcase> <!-- launchingTheBrowser -->
  <system-out/>
  <testcase classname="com.qa.biotene.test.biotenelivingdrymouthTest" name="verifyHomeBreadcrumbsLink" time="0.000">
    <skipped/>
  </testcase> <!-- verifyHomeBreadcrumbsLink -->
  <system-out/>
  <testcase classname="com.qa.biotene.test.biotenelivingdrymouthTest" name="verifyLivingwithdrymouthBreadcrumbsLink" time="0.000">
    <skipped/>
  </testcase> <!-- verifyLivingwithdrymouthBreadcrumbsLink -->
  <system-out/>
  <testcase classname="com.qa.biotene.test.biotenelivingdrymouthTest" name="verifyManagingDrymouth_learnmoreLink" time="0.000">
    <skipped/>
  </testcase> <!-- verifyManagingDrymouth_learnmoreLink -->
  <system-out/>
  <testcase classname="com.qa.biotene.test.biotenelivingdrymouthTest" name="verifyCaringforSomeone_learnmoreLink" time="0.000">
    <skipped/>
  </testcase> <!-- verifyCaringforSomeone_learnmoreLink -->
  <system-out/>
  <testcase classname="com.qa.biotene.test.biotenelivingdrymouthTest" name="verifyDiabetescausesdrymouth_learnmoreLink" time="0.000">
    <skipped/>
  </testcase> <!-- verifyDiabetescausesdrymouth_learnmoreLink -->
  <system-out/>
  <testcase classname="com.qa.biotene.test.biotenelivingdrymouthTest" name="verifyAsthmaAllergiesdrymouth_learnmoreLink" time="0.000">
    <skipped/>
  </testcase> <!-- verifyAsthmaAllergiesdrymouth_learnmoreLink -->
  <system-out/>
  <testcase classname="com.qa.biotene.test.biotenelivingdrymouthTest" name="verifyCancerTreatmentdrymouth_learnmoreLink" time="0.000">
    <skipped/>
  </testcase> <!-- verifyCancerTreatmentdrymouth_learnmoreLink -->
  <system-out/>
  <testcase classname="com.qa.biotene.test.biotenelivingdrymouthTest" name="verifydrymouthTips_learnmoreLink" time="0.000">
    <skipped/>
  </testcase> <!-- verifydrymouthTips_learnmoreLink -->
  <system-out/>
  <testcase classname="com.qa.biotene.test.biotenelivingdrymouthTest" name="verifyHowtouseMouthwash_learnmoreLink" time="0.000">
    <skipped/>
  </testcase> <!-- verifyHowtouseMouthwash_learnmoreLink -->
  <system-out/>
  <testcase classname="com.qa.biotene.test.biotenelivingdrymouthTest" name="verifyDrymouthThroatRelated_learnmoreLink" time="0.000">
    <skipped/>
  </testcase> <!-- verifyDrymouthThroatRelated_learnmoreLink -->
  <system-out/>
</testsuite> <!-- com.qa.biotene.test.biotenelivingdrymouthTest -->
