<?xml version="1.0" encoding="UTF-8"?>
<!-- Generated by org.testng.reporters.JUnitReportReporter -->
<testsuite hostname="WKWZTPqvmdckJHX" failures="0" tests="1" name="com.qa.bens.checklist.test.HeadingH1" time="15.839" errors="0" timestamp="2023-02-20T17:37:57 IST" skipped="0">
  <testcase classname="com.qa.bens.checklist.test.HeadingH1" name="findingTheH1Tag" time="15.839"/>
  <system-out/>
</testsuite> <!-- com.qa.bens.checklist.test.HeadingH1 -->
