<?xml version="1.0" encoding="UTF-8"?>
<!-- Generated by org.testng.reporters.JUnitReportReporter -->
<testsuite hostname="WKWZTPqvmdckJHX" failures="0" tests="10" name="com.qa.biotene.test.bioteneHeaderTest" time="276.286" errors="0" timestamp="2023-04-03T07:36:54 IST" skipped="0">
  <testcase classname="com.qa.biotene.test.bioteneHeaderTest" name="verifyBiotenecookiePopupLink" time="135.742"/>
  <system-out/>
  <testcase classname="com.qa.biotene.test.bioteneHeaderTest" name="verifyFindRightProductLink" time="8.210"/>
  <system-out/>
  <testcase classname="com.qa.biotene.test.bioteneHeaderTest" name="verifySaveNowLink" time="32.853"/>
  <system-out/>
  <testcase classname="com.qa.biotene.test.bioteneHeaderTest" name="verifyShopNowLink" time="15.835"/>
  <system-out/>
  <testcase classname="com.qa.biotene.test.bioteneHeaderTest" name="verifySearchIconLink" time="25.306"/>
  <system-out/>
  <testcase classname="com.qa.biotene.test.bioteneHeaderTest" name="verifyBioteneLogoLink" time="7.868"/>
  <system-out/>
  <testcase classname="com.qa.biotene.test.bioteneHeaderTest" name="verifyWhatisdrymouthLink" time="8.774"/>
  <system-out/>
  <testcase classname="com.qa.biotene.test.bioteneHeaderTest" name="verifyBioteneProductsLink" time="13.715"/>
  <system-out/>
  <testcase classname="com.qa.biotene.test.bioteneHeaderTest" name="verifyLivingwithdrymouthLink" time="8.507"/>
  <system-out/>
  <testcase classname="com.qa.biotene.test.bioteneHeaderTest" name="verifySelfAssesmentLink" time="19.476"/>
  <system-out/>
</testsuite> <!-- com.qa.biotene.test.bioteneHeaderTest -->
