<?xml version="1.0" encoding="UTF-8"?>
<!-- Generated by org.testng.reporters.JUnitReportReporter -->
<testsuite hostname="WKWZTPqvmdckJHX" failures="0" tests="19" name="com.qa.tums.eng.test.TumsHeartBurnTest" time="212.208" errors="0" timestamp="2023-01-23T12:28:36 IST" skipped="0">
  <testcase classname="com.qa.tums.eng.test.TumsHeartBurnTest" name="verifyAnacidsTumsLink" time="5.205"/>
  <system-out/>
  <testcase classname="com.qa.tums.eng.test.TumsHeartBurnTest" name="verifyBreadCrumbHome" time="14.982"/>
  <system-out/>
  <testcase classname="com.qa.tums.eng.test.TumsHeartBurnTest" name="verifyHeartburnSymptoms" time="9.646"/>
  <system-out/>
  <testcase classname="com.qa.tums.eng.test.TumsHeartBurnTest" name="verifyHeartburnCauses" time="8.284"/>
  <system-out/>
  <testcase classname="com.qa.tums.eng.test.TumsHeartBurnTest" name="verifyFindingRelief" time="9.655"/>
  <system-out/>
  <testcase classname="com.qa.tums.eng.test.TumsHeartBurnTest" name="verifyTumsAndPregnancy" time="9.422"/>
  <system-out/>
  <testcase classname="com.qa.tums.eng.test.TumsHeartBurnTest" name="verifyHeartburnSymptomsImg" time="7.746"/>
  <system-out/>
  <testcase classname="com.qa.tums.eng.test.TumsHeartBurnTest" name="verifyHeartburnCausesImg" time="8.363"/>
  <system-out/>
  <testcase classname="com.qa.tums.eng.test.TumsHeartBurnTest" name="verifyFindingReliefImg" time="8.593"/>
  <system-out/>
  <testcase classname="com.qa.tums.eng.test.TumsHeartBurnTest" name="verifyTumsAndPregnancyImg" time="7.745"/>
  <system-out/>
  <testcase classname="com.qa.tums.eng.test.TumsHeartBurnTest" name="verifyRelatedArticleOne" time="8.112"/>
  <system-out/>
  <testcase classname="com.qa.tums.eng.test.TumsHeartBurnTest" name="verifyRelatedArticleTwo" time="8.110"/>
  <system-out/>
  <testcase classname="com.qa.tums.eng.test.TumsHeartBurnTest" name="verifyRelatedArticleThree" time="7.843"/>
  <system-out/>
  <testcase classname="com.qa.tums.eng.test.TumsHeartBurnTest" name="verifyRelatedArticleFour" time="7.715"/>
  <system-out/>
  <testcase classname="com.qa.tums.eng.test.TumsHeartBurnTest" name="verifyRelatedArticleFive" time="7.859"/>
  <system-out/>
  <testcase classname="com.qa.tums.eng.test.TumsHeartBurnTest" name="verifyRelatedArticleSix" time="7.768"/>
  <system-out/>
  <testcase classname="com.qa.tums.eng.test.TumsHeartBurnTest" name="verifyRelatedArticleSeven" time="7.345"/>
  <system-out/>
  <testcase classname="com.qa.tums.eng.test.TumsHeartBurnTest" name="verifyRelatedArticleEight" time="8.009"/>
  <system-out/>
  <testcase classname="com.qa.tums.eng.test.TumsHeartBurnTest" name="verifySeeProducts" time="59.806"/>
  <system-out/>
</testsuite> <!-- com.qa.tums.eng.test.TumsHeartBurnTest -->
