<?xml version="1.0" encoding="UTF-8"?>
<!-- Generated by org.testng.reporters.JUnitReportReporter -->
<testsuite hostname="WKWZTPqvmdckJHX" failures="0" tests="6" name="com.qa.quit.test.QuitTheBestWayToBreakTest" time="60.181" errors="0" timestamp="2023-08-04T11:23:18 IST" skipped="0">
  <testcase classname="com.qa.quit.test.QuitTheBestWayToBreakTest" name="cookieButton" time="5.983"/>
  <system-out/>
  <testcase classname="com.qa.quit.test.QuitTheBestWayToBreakTest" name="verifyBannerImgLink" time="8.866"/>
  <system-out/>
  <testcase classname="com.qa.quit.test.QuitTheBestWayToBreakTest" name="verifyHyperLinkOne" time="12.472"/>
  <system-out/>
  <testcase classname="com.qa.quit.test.QuitTheBestWayToBreakTest" name="verifyHyperLinkTwo" time="11.528"/>
  <system-out/>
  <testcase classname="com.qa.quit.test.QuitTheBestWayToBreakTest" name="verifyHyperLinkThree" time="7.111"/>
  <system-out/>
  <testcase classname="com.qa.quit.test.QuitTheBestWayToBreakTest" name="verifyHyperLinkFour" time="14.221"/>
  <system-out/>
</testsuite> <!-- com.qa.quit.test.QuitTheBestWayToBreakTest -->
