<?xml version="1.0" encoding="UTF-8"?>
<!-- Generated by org.testng.reporters.JUnitReportReporter -->
<testsuite hostname="WKWZTPqvmdckJHX" failures="0" tests="20" name="com.qa.caltrate.eng.test.CaltratecalciumcarbonatecitrateTest" time="114.552" errors="0" timestamp="2023-02-09T13:02:41 IST" skipped="0">
  <testcase classname="com.qa.caltrate.eng.test.CaltratecalciumcarbonatecitrateTest" name="verifyCookieLink" time="4.409"/>
  <system-out/>
  <testcase classname="com.qa.caltrate.eng.test.CaltratecalciumcarbonatecitrateTest" name="verifyhomebreadcrumbsLink" time="6.218"/>
  <system-out/>
  <testcase classname="com.qa.caltrate.eng.test.CaltratecalciumcarbonatecitrateTest" name="verifyBonehealthcentralbreadcrumbsLink" time="5.399"/>
  <system-out/>
  <testcase classname="com.qa.caltrate.eng.test.CaltratecalciumcarbonatecitrateTest" name="verifyArticlesbreadcrumbsLink" time="6.641"/>
  <system-out/>
  <testcase classname="com.qa.caltrate.eng.test.CaltratecalciumcarbonatecitrateTest" name="verifycalciumcarbonatecitratebreadcrumbsLink" time="3.105"/>
  <system-out/>
  <testcase classname="com.qa.caltrate.eng.test.CaltratecalciumcarbonatecitrateTest" name="verifyCalciumcarbonateTagLink" time="11.097"/>
  <system-out/>
  <testcase classname="com.qa.caltrate.eng.test.CaltratecalciumcarbonatecitrateTest" name="verifyCalciumSupplementTagLink" time="5.963"/>
  <system-out/>
  <testcase classname="com.qa.caltrate.eng.test.CaltratecalciumcarbonatecitrateTest" name="verifyArticleTagLink" time="6.625"/>
  <system-out/>
  <testcase classname="com.qa.caltrate.eng.test.CaltratecalciumcarbonatecitrateTest" name="verifyQuickHealthTipLink" time="5.246"/>
  <system-out/>
  <testcase classname="com.qa.caltrate.eng.test.CaltratecalciumcarbonatecitrateTest" name="verifyViewTipsLink" time="5.724"/>
  <system-out/>
  <testcase classname="com.qa.caltrate.eng.test.CaltratecalciumcarbonatecitrateTest" name="verifyQuickHealthTipsImageLink" time="5.245"/>
  <system-out/>
  <testcase classname="com.qa.caltrate.eng.test.CaltratecalciumcarbonatecitrateTest" name="verifyCaltrate600d3MineralsLink" time="5.001"/>
  <system-out/>
  <testcase classname="com.qa.caltrate.eng.test.CaltratecalciumcarbonatecitrateTest" name="verifyAllArticlesLink" time="5.662"/>
  <system-out/>
  <testcase classname="com.qa.caltrate.eng.test.CaltratecalciumcarbonatecitrateTest" name="verifyAllRecipesLink" time="5.548"/>
  <system-out/>
  <testcase classname="com.qa.caltrate.eng.test.CaltratecalciumcarbonatecitrateTest" name="verifyAllHealthTipsLink" time="5.160"/>
  <system-out/>
  <testcase classname="com.qa.caltrate.eng.test.CaltratecalciumcarbonatecitrateTest" name="verifyAllInteractivetoolsLink" time="5.109"/>
  <system-out/>
  <testcase classname="com.qa.caltrate.eng.test.CaltratecalciumcarbonatecitrateTest" name="verifyCalciumCarbonateViewLink" time="5.677"/>
  <system-out/>
  <testcase classname="com.qa.caltrate.eng.test.CaltratecalciumcarbonatecitrateTest" name="verifyVitaminDViewLink" time="4.862"/>
  <system-out/>
  <testcase classname="com.qa.caltrate.eng.test.CaltratecalciumcarbonatecitrateTest" name="verifyOestoporosisViewLink" time="5.978"/>
  <system-out/>
  <testcase classname="com.qa.caltrate.eng.test.CaltratecalciumcarbonatecitrateTest" name="verifycalciumSupplementsViewLink" time="5.883"/>
  <system-out/>
</testsuite> <!-- com.qa.caltrate.eng.test.CaltratecalciumcarbonatecitrateTest -->
