<?xml version="1.0" encoding="UTF-8"?>
<!-- Generated by org.testng.reporters.JUnitReportReporter -->
<testsuite hostname="WKWZTPqvmdckJHX" failures="0" tests="10" name="com.qa.voltarengel.test.VoltarengelHowtoGetFitAtHomeTest" time="152.137" errors="0" timestamp="2023-04-23T23:50:50 IST" skipped="0">
  <testcase classname="com.qa.voltarengel.test.VoltarengelHowtoGetFitAtHomeTest" name="cookieButton" time="84.740"/>
  <system-out/>
  <testcase classname="com.qa.voltarengel.test.VoltarengelHowtoGetFitAtHomeTest" name="verifyFoodExerciseForArthritisRelief" time="5.016"/>
  <system-out/>
  <testcase classname="com.qa.voltarengel.test.VoltarengelHowtoGetFitAtHomeTest" name="verifyArthritisFlares" time="4.604"/>
  <system-out/>
  <testcase classname="com.qa.voltarengel.test.VoltarengelHowtoGetFitAtHomeTest" name="verifyknees" time="10.120"/>
  <system-out/>
  <testcase classname="com.qa.voltarengel.test.VoltarengelHowtoGetFitAtHomeTest" name="verifyTheWrists" time="12.294"/>
  <system-out/>
  <testcase classname="com.qa.voltarengel.test.VoltarengelHowtoGetFitAtHomeTest" name="verifyFiveAbsWorkoutsYouCanDoFromHome" time="7.618"/>
  <system-out/>
  <testcase classname="com.qa.voltarengel.test.VoltarengelHowtoGetFitAtHomeTest" name="verifyTheAnkles" time="12.021"/>
  <system-out/>
  <testcase classname="com.qa.voltarengel.test.VoltarengelHowtoGetFitAtHomeTest" name="verifyGetCoupon" time="4.683"/>
  <system-out/>
  <testcase classname="com.qa.voltarengel.test.VoltarengelHowtoGetFitAtHomeTest" name="verifyShowReference" time="4.622"/>
  <system-out/>
  <testcase classname="com.qa.voltarengel.test.VoltarengelHowtoGetFitAtHomeTest" name="verifyBuyNow" time="6.419"/>
  <system-out/>
</testsuite> <!-- com.qa.voltarengel.test.VoltarengelHowtoGetFitAtHomeTest -->
