<?xml version="1.0" encoding="UTF-8"?>
<!-- Generated by org.testng.reporters.JUnitReportReporter -->
<testsuite hostname="WKWZTPqvmdckJHX" failures="0" tests="17" name="com.qa.centrum.eng.test.CentrumSampleDietMayBeMissingTeat" time="232.359" errors="0" timestamp="2023-01-31T11:06:45 IST" skipped="0">
  <testcase classname="com.qa.centrum.eng.test.CentrumSampleDietMayBeMissingTeat" name="cookieButton" time="9.823"/>
  <system-out/>
  <testcase classname="com.qa.centrum.eng.test.CentrumSampleDietMayBeMissingTeat" name="verifyVitaminCImmuneSupport" time="13.528"/>
  <system-out/>
  <testcase classname="com.qa.centrum.eng.test.CentrumSampleDietMayBeMissingTeat" name="verifyVitaminCAntioxidantAbilities" time="14.523"/>
  <system-out/>
  <testcase classname="com.qa.centrum.eng.test.CentrumSampleDietMayBeMissingTeat" name="verifyVitaminDLinkOne" time="12.758"/>
  <system-out/>
  <testcase classname="com.qa.centrum.eng.test.CentrumSampleDietMayBeMissingTeat" name="verifyVitaminDLinkTwo" time="13.271"/>
  <system-out/>
  <testcase classname="com.qa.centrum.eng.test.CentrumSampleDietMayBeMissingTeat" name="verifyVitaminELinkVerifyImmuneFunction" time="12.792"/>
  <system-out/>
  <testcase classname="com.qa.centrum.eng.test.CentrumSampleDietMayBeMissingTeat" name="verifyMagnesiumBalancedDiet" time="13.623"/>
  <system-out/>
  <testcase classname="com.qa.centrum.eng.test.CentrumSampleDietMayBeMissingTeat" name="verifyShowReference" time="9.406"/>
  <system-out/>
  <testcase classname="com.qa.centrum.eng.test.CentrumSampleDietMayBeMissingTeat" name="verifyArticleOne" time="12.519"/>
  <system-out/>
  <testcase classname="com.qa.centrum.eng.test.CentrumSampleDietMayBeMissingTeat" name="verifyArticleTwo" time="12.672"/>
  <system-out/>
  <testcase classname="com.qa.centrum.eng.test.CentrumSampleDietMayBeMissingTeat" name="verifyArticleThree" time="13.355"/>
  <system-out/>
  <testcase classname="com.qa.centrum.eng.test.CentrumSampleDietMayBeMissingTeat" name="verifyArticleFour" time="12.965"/>
  <system-out/>
  <testcase classname="com.qa.centrum.eng.test.CentrumSampleDietMayBeMissingTeat" name="verifyBreadcrumbOne" time="21.555"/>
  <system-out/>
  <testcase classname="com.qa.centrum.eng.test.CentrumSampleDietMayBeMissingTeat" name="verifyBreadcrumbTwo" time="16.444"/>
  <system-out/>
  <testcase classname="com.qa.centrum.eng.test.CentrumSampleDietMayBeMissingTeat" name="verifyBreadcrumbThree" time="14.112"/>
  <system-out/>
  <testcase classname="com.qa.centrum.eng.test.CentrumSampleDietMayBeMissingTeat" name="verifyBreadcrumbFour" time="16.983"/>
  <system-out/>
  <testcase classname="com.qa.centrum.eng.test.CentrumSampleDietMayBeMissingTeat" name="verifyBreadcrumbFive" time="12.030"/>
  <system-out/>
</testsuite> <!-- com.qa.centrum.eng.test.CentrumSampleDietMayBeMissingTeat -->
