<?xml version="1.0" encoding="UTF-8"?>
<!-- Generated by org.testng.reporters.JUnitReportReporter -->
<testsuite hostname="WKWZTPqvmdckJHX" failures="0" tests="48" name="com.qa.bens.checklist.test.FindingTextTest" time="659.566" errors="0" timestamp="2023-07-04T17:44:39 IST" skipped="0">
  <testcase classname="com.qa.bens.checklist.test.FindingTextTest" name="findingTextInThePage" time="12.251"/>
  <system-out/>
  <testcase classname="com.qa.bens.checklist.test.FindingTextTest" name="findingTextInThePage" time="12.428"/>
  <system-out/>
  <testcase classname="com.qa.bens.checklist.test.FindingTextTest" name="findingTextInThePage" time="14.355"/>
  <system-out/>
  <testcase classname="com.qa.bens.checklist.test.FindingTextTest" name="findingTextInThePage" time="13.783"/>
  <system-out/>
  <testcase classname="com.qa.bens.checklist.test.FindingTextTest" name="findingTextInThePage" time="22.032"/>
  <system-out/>
  <testcase classname="com.qa.bens.checklist.test.FindingTextTest" name="findingTextInThePage" time="13.925"/>
  <system-out/>
  <testcase classname="com.qa.bens.checklist.test.FindingTextTest" name="findingTextInThePage" time="11.732"/>
  <system-out/>
  <testcase classname="com.qa.bens.checklist.test.FindingTextTest" name="findingTextInThePage" time="10.977"/>
  <system-out/>
  <testcase classname="com.qa.bens.checklist.test.FindingTextTest" name="findingTextInThePage" time="13.225"/>
  <system-out/>
  <testcase classname="com.qa.bens.checklist.test.FindingTextTest" name="findingTextInThePage" time="17.774"/>
  <system-out/>
  <testcase classname="com.qa.bens.checklist.test.FindingTextTest" name="findingTextInThePage" time="12.564"/>
  <system-out/>
  <testcase classname="com.qa.bens.checklist.test.FindingTextTest" name="findingTextInThePage" time="13.406"/>
  <system-out/>
  <testcase classname="com.qa.bens.checklist.test.FindingTextTest" name="findingTextInThePage" time="11.670"/>
  <system-out/>
  <testcase classname="com.qa.bens.checklist.test.FindingTextTest" name="findingTextInThePage" time="12.281"/>
  <system-out/>
  <testcase classname="com.qa.bens.checklist.test.FindingTextTest" name="findingTextInThePage" time="13.345"/>
  <system-out/>
  <testcase classname="com.qa.bens.checklist.test.FindingTextTest" name="findingTextInThePage" time="17.813"/>
  <system-out/>
  <testcase classname="com.qa.bens.checklist.test.FindingTextTest" name="findingTextInThePage" time="11.959"/>
  <system-out/>
  <testcase classname="com.qa.bens.checklist.test.FindingTextTest" name="findingTextInThePage" time="16.088"/>
  <system-out/>
  <testcase classname="com.qa.bens.checklist.test.FindingTextTest" name="findingTextInThePage" time="11.960"/>
  <system-out/>
  <testcase classname="com.qa.bens.checklist.test.FindingTextTest" name="findingTextInThePage" time="12.348"/>
  <system-out/>
  <testcase classname="com.qa.bens.checklist.test.FindingTextTest" name="findingTextInThePage" time="12.433"/>
  <system-out/>
  <testcase classname="com.qa.bens.checklist.test.FindingTextTest" name="findingTextInThePage" time="12.250"/>
  <system-out/>
  <testcase classname="com.qa.bens.checklist.test.FindingTextTest" name="findingTextInThePage" time="13.737"/>
  <system-out/>
  <testcase classname="com.qa.bens.checklist.test.FindingTextTest" name="findingTextInThePage" time="21.972"/>
  <system-out/>
  <testcase classname="com.qa.bens.checklist.test.FindingTextTest" name="findingTextInThePage" time="13.864"/>
  <system-out/>
  <testcase classname="com.qa.bens.checklist.test.FindingTextTest" name="findingTextInThePage" time="13.216"/>
  <system-out/>
  <testcase classname="com.qa.bens.checklist.test.FindingTextTest" name="findingTextInThePage" time="15.315"/>
  <system-out/>
  <testcase classname="com.qa.bens.checklist.test.FindingTextTest" name="findingTextInThePage" time="11.614"/>
  <system-out/>
  <testcase classname="com.qa.bens.checklist.test.FindingTextTest" name="findingTextInThePage" time="12.119"/>
  <system-out/>
  <testcase classname="com.qa.bens.checklist.test.FindingTextTest" name="findingTextInThePage" time="13.328"/>
  <system-out/>
  <testcase classname="com.qa.bens.checklist.test.FindingTextTest" name="findingTextInThePage" time="14.397"/>
  <system-out/>
  <testcase classname="com.qa.bens.checklist.test.FindingTextTest" name="findingTextInThePage" time="14.272"/>
  <system-out/>
  <testcase classname="com.qa.bens.checklist.test.FindingTextTest" name="findingTextInThePage" time="11.833"/>
  <system-out/>
  <testcase classname="com.qa.bens.checklist.test.FindingTextTest" name="findingTextInThePage" time="14.336"/>
  <system-out/>
  <testcase classname="com.qa.bens.checklist.test.FindingTextTest" name="findingTextInThePage" time="12.585"/>
  <system-out/>
  <testcase classname="com.qa.bens.checklist.test.FindingTextTest" name="findingTextInThePage" time="15.740"/>
  <system-out/>
  <testcase classname="com.qa.bens.checklist.test.FindingTextTest" name="findingTextInThePage" time="11.693"/>
  <system-out/>
  <testcase classname="com.qa.bens.checklist.test.FindingTextTest" name="findingTextInThePage" time="13.788"/>
  <system-out/>
  <testcase classname="com.qa.bens.checklist.test.FindingTextTest" name="findingTextInThePage" time="10.983"/>
  <system-out/>
  <testcase classname="com.qa.bens.checklist.test.FindingTextTest" name="findingTextInThePage" time="12.546"/>
  <system-out/>
  <testcase classname="com.qa.bens.checklist.test.FindingTextTest" name="findingTextInThePage" time="15.167"/>
  <system-out/>
  <testcase classname="com.qa.bens.checklist.test.FindingTextTest" name="findingTextInThePage" time="13.794"/>
  <system-out/>
  <testcase classname="com.qa.bens.checklist.test.FindingTextTest" name="findingTextInThePage" time="10.914"/>
  <system-out/>
  <testcase classname="com.qa.bens.checklist.test.FindingTextTest" name="findingTextInThePage" time="12.575"/>
  <system-out/>
  <testcase classname="com.qa.bens.checklist.test.FindingTextTest" name="findingTextInThePage" time="15.078"/>
  <system-out/>
  <testcase classname="com.qa.bens.checklist.test.FindingTextTest" name="findingTextInThePage" time="16.054"/>
  <system-out/>
  <testcase classname="com.qa.bens.checklist.test.FindingTextTest" name="findingTextInThePage" time="13.851"/>
  <system-out/>
  <testcase classname="com.qa.bens.checklist.test.FindingTextTest" name="findingTextInThePage" time="14.196"/>
  <system-out/>
</testsuite> <!-- com.qa.bens.checklist.test.FindingTextTest -->
