<?xml version="1.0" encoding="UTF-8"?>
<!-- Generated by org.testng.reporters.JUnitReportReporter -->
<testsuite hostname="WKWZTPqvmdckJHX" failures="0" tests="3" name="com.qa.flonase.test.FlonaseKidsAllergyTreatmentOptionsTest" time="65.692" errors="0" timestamp="2023-10-09T11:56:05 IST" skipped="0">
  <testcase classname="com.qa.flonase.test.FlonaseKidsAllergyTreatmentOptionsTest" name="cookieButton" time="5.609"/>
  <system-out/>
  <testcase classname="com.qa.flonase.test.FlonaseKidsAllergyTreatmentOptionsTest" name="verifyAllSlides" time="41.292"/>
  <system-out/>
  <testcase classname="com.qa.flonase.test.FlonaseKidsAllergyTreatmentOptionsTest" name="verifyBtnBuyNow" time="18.791"/>
  <system-out/>
</testsuite> <!-- com.qa.flonase.test.FlonaseKidsAllergyTreatmentOptionsTest -->
