<?xml version="1.0" encoding="UTF-8"?>
<!-- Generated by org.testng.reporters.JUnitReportReporter -->
<testsuite hostname="WKWZTPqvmdckJHX" failures="0" tests="1" name="com.qa.flonase.test.FlonasePetAllergiesTest" time="14.502" errors="0" timestamp="2023-10-12T12:58:59 IST" skipped="0">
  <testcase classname="com.qa.flonase.test.FlonasePetAllergiesTest" name="cookieButton" time="14.502"/>
  <system-out/>
</testsuite> <!-- com.qa.flonase.test.FlonasePetAllergiesTest -->
