<?xml version="1.0" encoding="UTF-8"?>
<!-- Generated by org.testng.reporters.JUnitReportReporter -->
<testsuite hostname="WKWZTPqvmdckJHX" failures="1" tests="15" name="com.qa.voltarengel.test.VoltarengelHowToRelieveWristPainTest" time="150.851" errors="0" timestamp="2023-04-23T23:50:50 IST" skipped="2">
  <testcase classname="com.qa.voltarengel.test.VoltarengelHowToRelieveWristPainTest" name="cookieButton" time="6.509"/>
  <system-out/>
  <testcase classname="com.qa.voltarengel.test.VoltarengelHowToRelieveWristPainTest" name="verifyBreadcrumbOne" time="14.612"/>
  <system-out/>
  <testcase classname="com.qa.voltarengel.test.VoltarengelHowToRelieveWristPainTest" name="verifyBreadcrumbTwo" time="12.355"/>
  <system-out/>
  <testcase classname="com.qa.voltarengel.test.VoltarengelHowToRelieveWristPainTest" name="verifyBreadcrumbThree" time="8.640"/>
  <system-out/>
  <testcase classname="com.qa.voltarengel.test.VoltarengelHowToRelieveWristPainTest" name="verifyHyperLinkWristPain" time="9.083">
    <skipped/>
  </testcase> <!-- verifyHyperLinkWristPain -->
  <system-out/>
  <testcase classname="com.qa.voltarengel.test.VoltarengelHowToRelieveWristPainTest" name="verifyHyperLinkWristPain" time="9.543">
    <skipped/>
  </testcase> <!-- verifyHyperLinkWristPain -->
  <system-out/>
  <testcase classname="com.qa.voltarengel.test.VoltarengelHowToRelieveWristPainTest" name="verifyHyperLinkWristPain" time="10.362">
    <failure message="expected [understanding-pain/] but found [https://www.voltarengel.com/understanding-pain/]" type="java.lang.AssertionError">
      <![CDATA[java.lang.AssertionError: expected [understanding-pain/] but found [https://www.voltarengel.com/understanding-pain/]
at org.testng.Assert.fail(Assert.java:99)
at org.testng.Assert.failNotEquals(Assert.java:1037)
at org.testng.Assert.assertEqualsImpl(Assert.java:140)
at org.testng.Assert.assertEquals(Assert.java:122)
at org.testng.Assert.assertEquals(Assert.java:629)
at org.testng.Assert.assertEquals(Assert.java:639)
at com.qa.baseClass.BaseClass.compareTwoText(BaseClass.java:812)
at com.qa.voltarengel.test.VoltarengelHowToRelieveWristPainTest.verifyHyperLinkWristPain(VoltarengelHowToRelieveWristPainTest.java:87)
at java.base/jdk.internal.reflect.DirectMethodHandleAccessor.invoke(DirectMethodHandleAccessor.java:104)
at java.base/java.lang.reflect.Method.invoke(Method.java:577)
at org.testng.internal.MethodInvocationHelper.invokeMethod(MethodInvocationHelper.java:133)
at org.testng.internal.TestInvoker.invokeMethod(TestInvoker.java:598)
at org.testng.internal.TestInvoker.retryFailed(TestInvoker.java:213)
at org.testng.internal.MethodRunner.runInSequence(MethodRunner.java:58)
at org.testng.internal.TestInvoker$MethodInvocationAgent.invoke(TestInvoker.java:824)
at org.testng.internal.TestInvoker.invokeTestMethods(TestInvoker.java:146)
at org.testng.internal.TestMethodWorker.invokeTestMethods(TestMethodWorker.java:146)
at org.testng.internal.TestMethodWorker.run(TestMethodWorker.java:128)
at java.base/java.util.ArrayList.forEach(ArrayList.java:1511)
at org.testng.TestRunner.privateRun(TestRunner.java:794)
at org.testng.TestRunner.run(TestRunner.java:596)
at org.testng.SuiteRunner.runTest(SuiteRunner.java:377)
at org.testng.SuiteRunner.runSequentially(SuiteRunner.java:371)
at org.testng.SuiteRunner.privateRun(SuiteRunner.java:332)
at org.testng.SuiteRunner.run(SuiteRunner.java:276)
at org.testng.SuiteRunnerWorker.runSuite(SuiteRunnerWorker.java:53)
at org.testng.SuiteRunnerWorker.run(SuiteRunnerWorker.java:96)
at org.testng.TestNG.runSuitesSequentially(TestNG.java:1212)
at org.testng.TestNG.runSuitesLocally(TestNG.java:1134)
at org.testng.TestNG.runSuites(TestNG.java:1063)
at org.testng.TestNG.run(TestNG.java:1031)
at org.testng.remote.AbstractRemoteTestNG.run(AbstractRemoteTestNG.java:115)
at org.testng.remote.RemoteTestNG.initAndRun(RemoteTestNG.java:251)
at org.testng.remote.RemoteTestNG.main(RemoteTestNG.java:77)
]]>
    </failure>
  </testcase> <!-- verifyHyperLinkWristPain -->
  <system-out/>
  <testcase classname="com.qa.voltarengel.test.VoltarengelHowToRelieveWristPainTest" name="verifyHyperLinkFlexibilityExercises" time="9.393"/>
  <system-out/>
  <testcase classname="com.qa.voltarengel.test.VoltarengelHowToRelieveWristPainTest" name="verifyHyperLinkVoltarenArthritisPainGel" time="15.034"/>
  <system-out/>
  <testcase classname="com.qa.voltarengel.test.VoltarengelHowToRelieveWristPainTest" name="verifyHyperLinkArthritisRelief" time="9.777"/>
  <system-out/>
  <testcase classname="com.qa.voltarengel.test.VoltarengelHowToRelieveWristPainTest" name="verifyShowReference" time="8.060"/>
  <system-out/>
  <testcase classname="com.qa.voltarengel.test.VoltarengelHowToRelieveWristPainTest" name="verifyRelatedArticleReadMoreOne" time="11.997"/>
  <system-out/>
  <testcase classname="com.qa.voltarengel.test.VoltarengelHowToRelieveWristPainTest" name="verifyRelatedArticleReadMoreTwo" time="8.911"/>
  <system-out/>
  <testcase classname="com.qa.voltarengel.test.VoltarengelHowToRelieveWristPainTest" name="verifyGetCoupons" time="9.388"/>
  <system-out/>
  <testcase classname="com.qa.voltarengel.test.VoltarengelHowToRelieveWristPainTest" name="verifyBuyNow" time="7.187"/>
  <system-out/>
</testsuite> <!-- com.qa.voltarengel.test.VoltarengelHowToRelieveWristPainTest -->
