<?xml version="1.0" encoding="UTF-8"?>
<!-- Generated by org.testng.reporters.JUnitReportReporter -->
<testsuite hostname="WKWZTPqvmdckJHX" failures="0" tests="5" name="com.qa.flonase.test.FlonaseHypoallergenicPetsFactOrFictionTest" time="52.248" errors="0" timestamp="2023-10-05T18:12:50 IST" skipped="0">
  <testcase classname="com.qa.flonase.test.FlonaseHypoallergenicPetsFactOrFictionTest" name="cookieButton" time="5.481"/>
  <system-out/>
  <testcase classname="com.qa.flonase.test.FlonaseHypoallergenicPetsFactOrFictionTest" name="verifyHyperLinkOne" time="14.342"/>
  <system-out/>
  <testcase classname="com.qa.flonase.test.FlonaseHypoallergenicPetsFactOrFictionTest" name="verifyTagsLinksOne" time="8.018"/>
  <system-out/>
  <testcase classname="com.qa.flonase.test.FlonaseHypoallergenicPetsFactOrFictionTest" name="verifyTagsLinksTwo" time="7.261"/>
  <system-out/>
  <testcase classname="com.qa.flonase.test.FlonaseHypoallergenicPetsFactOrFictionTest" name="verifyBtnBuyNow" time="17.146"/>
  <system-out/>
</testsuite> <!-- com.qa.flonase.test.FlonaseHypoallergenicPetsFactOrFictionTest -->
