<?xml version="1.0" encoding="UTF-8"?>
<!-- Generated by org.testng.reporters.JUnitReportReporter -->
<testsuite hostname="WKWZTPqvmdckJHX" failures="0" tests="7" name="com.qa.caltrate.eng.test.CaltrateToolsTest" time="36.752" errors="0" timestamp="2023-05-01T22:31:50 IST" skipped="0">
  <testcase classname="com.qa.caltrate.eng.test.CaltrateToolsTest" name="cookieButton" time="3.516"/>
  <system-out/>
  <testcase classname="com.qa.caltrate.eng.test.CaltrateToolsTest" name="verifyFeaturedArticleOne" time="4.777"/>
  <system-out/>
  <testcase classname="com.qa.caltrate.eng.test.CaltrateToolsTest" name="verifyFeaturedArticleTwo" time="4.506"/>
  <system-out/>
  <testcase classname="com.qa.caltrate.eng.test.CaltrateToolsTest" name="verifyFeaturedArticleThree" time="3.956"/>
  <system-out/>
  <testcase classname="com.qa.caltrate.eng.test.CaltrateToolsTest" name="verifyFeaturedArticleFour" time="9.714"/>
  <system-out/>
  <testcase classname="com.qa.caltrate.eng.test.CaltrateToolsTest" name="verifyFeaturedArticleFive" time="5.912"/>
  <system-out/>
  <testcase classname="com.qa.caltrate.eng.test.CaltrateToolsTest" name="verifyReadMoreOne" time="4.371"/>
  <system-out/>
</testsuite> <!-- com.qa.caltrate.eng.test.CaltrateToolsTest -->
