<?xml version="1.0" encoding="UTF-8"?>
<!-- Generated by org.testng.reporters.JUnitReportReporter -->
<testsuite hostname="WKWZTPqvmdckJHX" failures="0" tests="7" name="com.qa.biotene.test.biotenedrinkingwaterdrymouthTest" time="196.937" errors="0" timestamp="2023-04-03T07:36:54 IST" skipped="0">
  <testcase classname="com.qa.biotene.test.biotenedrinkingwaterdrymouthTest" name="verifyBiotenecookiePopupLink" time="130.865"/>
  <system-out/>
  <testcase classname="com.qa.biotene.test.biotenedrinkingwaterdrymouthTest" name="verifyHomeBreadcrumbsLink" time="8.094"/>
  <system-out/>
  <testcase classname="com.qa.biotene.test.biotenedrinkingwaterdrymouthTest" name="verifyLivingdrymouthLinkbreadcrumbs" time="7.889"/>
  <system-out/>
  <testcase classname="com.qa.biotene.test.biotenedrinkingwaterdrymouthTest" name="verifyFreshenbadbreathebreadcrumbsLink" time="7.978"/>
  <system-out/>
  <testcase classname="com.qa.biotene.test.biotenedrinkingwaterdrymouthTest" name="verifyTakequizLink" time="16.933"/>
  <system-out/>
  <testcase classname="com.qa.biotene.test.biotenedrinkingwaterdrymouthTest" name="verifyReadMoreLink" time="11.759"/>
  <system-out/>
  <testcase classname="com.qa.biotene.test.biotenedrinkingwaterdrymouthTest" name="verifyReadMore1Link" time="13.419"/>
  <system-out/>
</testsuite> <!-- com.qa.biotene.test.biotenedrinkingwaterdrymouthTest -->
