<?xml version="1.0" encoding="UTF-8"?>
<!-- Generated by org.testng.reporters.JUnitReportReporter -->
<testsuite hostname="WKWZTPqvmdckJHX" failures="0" tests="12" name="com.qa.preph.test.PrephHemorrhoidSymptomsTest" time="74.792" errors="0" timestamp="2023-06-20T13:03:55 IST" skipped="0">
  <testcase classname="com.qa.preph.test.PrephHemorrhoidSymptomsTest" name="cookieButton" time="3.565"/>
  <system-out/>
  <testcase classname="com.qa.preph.test.PrephHemorrhoidSymptomsTest" name="verifyBreadcrumbOne" time="6.551"/>
  <system-out/>
  <testcase classname="com.qa.preph.test.PrephHemorrhoidSymptomsTest" name="verifyBreadcrumbTwo" time="6.006"/>
  <system-out/>
  <testcase classname="com.qa.preph.test.PrephHemorrhoidSymptomsTest" name="verifyBreadcrumbThree" time="2.568"/>
  <system-out/>
  <testcase classname="com.qa.preph.test.PrephHemorrhoidSymptomsTest" name="verifyHyperLinkInrernalOrExternal" time="6.009"/>
  <system-out/>
  <testcase classname="com.qa.preph.test.PrephHemorrhoidSymptomsTest" name="verifyHyperLinkTheEmotionalToll" time="5.849"/>
  <system-out/>
  <testcase classname="com.qa.preph.test.PrephHemorrhoidSymptomsTest" name="verifyRelatedArticleOne" time="5.661"/>
  <system-out/>
  <testcase classname="com.qa.preph.test.PrephHemorrhoidSymptomsTest" name="verifyRelatedArticleTwo" time="5.366"/>
  <system-out/>
  <testcase classname="com.qa.preph.test.PrephHemorrhoidSymptomsTest" name="verifyRelatedArticleThree" time="5.503"/>
  <system-out/>
  <testcase classname="com.qa.preph.test.PrephHemorrhoidSymptomsTest" name="verifyRelatedArticleReadMoreOne" time="9.793"/>
  <system-out/>
  <testcase classname="com.qa.preph.test.PrephHemorrhoidSymptomsTest" name="verifyRelatedArticleReadMoreTwo" time="7.463"/>
  <system-out/>
  <testcase classname="com.qa.preph.test.PrephHemorrhoidSymptomsTest" name="verifyRelatedArticleReadMoreThree" time="10.458"/>
  <system-out/>
</testsuite> <!-- com.qa.preph.test.PrephHemorrhoidSymptomsTest -->
