<?xml version="1.0" encoding="UTF-8"?>
<!-- Generated by org.testng.reporters.JUnitReportReporter -->
<testsuite hostname="WKWZTPqvmdckJHX" failures="0" tests="17" name="com.qa.voltarengel.test.VoltarengelKneeTest" time="168.434" errors="0" timestamp="2023-04-23T23:50:50 IST" skipped="0">
  <testcase classname="com.qa.voltarengel.test.VoltarengelKneeTest" name="cookieButton" time="8.776"/>
  <system-out/>
  <testcase classname="com.qa.voltarengel.test.VoltarengelKneeTest" name="verifyBreadcrumbOne" time="12.494"/>
  <system-out/>
  <testcase classname="com.qa.voltarengel.test.VoltarengelKneeTest" name="verifyBreadcrumbTwo" time="8.667"/>
  <system-out/>
  <testcase classname="com.qa.voltarengel.test.VoltarengelKneeTest" name="verifyBreadcrumbThree" time="9.834"/>
  <system-out/>
  <testcase classname="com.qa.voltarengel.test.VoltarengelKneeTest" name="verifyBreadcrumbFour" time="8.202"/>
  <system-out/>
  <testcase classname="com.qa.voltarengel.test.VoltarengelKneeTest" name="verifyYoutubeVideo" time="19.078"/>
  <system-out/>
  <testcase classname="com.qa.voltarengel.test.VoltarengelKneeTest" name="verifyShowTranscript" time="3.822"/>
  <system-out/>
  <testcase classname="com.qa.voltarengel.test.VoltarengelKneeTest" name="verifyHyperLinkArthritis" time="8.416"/>
  <system-out/>
  <testcase classname="com.qa.voltarengel.test.VoltarengelKneeTest" name="verifyHyperLinkPain" time="8.476"/>
  <system-out/>
  <testcase classname="com.qa.voltarengel.test.VoltarengelKneeTest" name="verifyHyperLinkVoltarenArthritisPainGel" time="14.323"/>
  <system-out/>
  <testcase classname="com.qa.voltarengel.test.VoltarengelKneeTest" name="verifyHyperLinkArthritisKneePain" time="12.853"/>
  <system-out/>
  <testcase classname="com.qa.voltarengel.test.VoltarengelKneeTest" name="verifyHyperLinkKneePainRelief" time="9.863"/>
  <system-out/>
  <testcase classname="com.qa.voltarengel.test.VoltarengelKneeTest" name="verifyShowReference" time="5.204"/>
  <system-out/>
  <testcase classname="com.qa.voltarengel.test.VoltarengelKneeTest" name="verifyRelatedArticleReadMoreOne" time="13.589"/>
  <system-out/>
  <testcase classname="com.qa.voltarengel.test.VoltarengelKneeTest" name="verifyRelatedArticleReadMoreTwo" time="9.597"/>
  <system-out/>
  <testcase classname="com.qa.voltarengel.test.VoltarengelKneeTest" name="verifyGetCoupons" time="9.178"/>
  <system-out/>
  <testcase classname="com.qa.voltarengel.test.VoltarengelKneeTest" name="verifyBuyNow" time="6.062"/>
  <system-out/>
</testsuite> <!-- com.qa.voltarengel.test.VoltarengelKneeTest -->
