<?xml version="1.0" encoding="UTF-8"?>
<!-- Generated by org.testng.reporters.JUnitReportReporter -->
<testsuite hostname="WKWZTPqvmdckJHX" failures="0" tests="11" name="com.qa.sensodyne.ca.test.SensodyneCaMultiActionOriginalTest" time="78.923" errors="0" timestamp="2023-05-23T13:58:58 IST" skipped="0">
  <testcase classname="com.qa.sensodyne.ca.test.SensodyneCaMultiActionOriginalTest" name="verifyBreadcrumbOne" time="7.580"/>
  <system-out/>
  <testcase classname="com.qa.sensodyne.ca.test.SensodyneCaMultiActionOriginalTest" name="verifyBreadcrumbTwo" time="7.244"/>
  <system-out/>
  <testcase classname="com.qa.sensodyne.ca.test.SensodyneCaMultiActionOriginalTest" name="verifyBreadcrumbThree" time="5.821"/>
  <system-out/>
  <testcase classname="com.qa.sensodyne.ca.test.SensodyneCaMultiActionOriginalTest" name="verifyBuyNow" time="6.436"/>
  <system-out/>
  <testcase classname="com.qa.sensodyne.ca.test.SensodyneCaMultiActionOriginalTest" name="verifyTabSection" time="3.656"/>
  <system-out/>
  <testcase classname="com.qa.sensodyne.ca.test.SensodyneCaMultiActionOriginalTest" name="verifyMostPopularProductOne" time="7.105"/>
  <system-out/>
  <testcase classname="com.qa.sensodyne.ca.test.SensodyneCaMultiActionOriginalTest" name="verifyMostPopularProductTwo" time="7.424"/>
  <system-out/>
  <testcase classname="com.qa.sensodyne.ca.test.SensodyneCaMultiActionOriginalTest" name="verifyMostPopularProductThree" time="6.475"/>
  <system-out/>
  <testcase classname="com.qa.sensodyne.ca.test.SensodyneCaMultiActionOriginalTest" name="verifyMostPopularProductFour" time="9.216"/>
  <system-out/>
  <testcase classname="com.qa.sensodyne.ca.test.SensodyneCaMultiActionOriginalTest" name="verifyMostPopularProductFive" time="6.046"/>
  <system-out/>
  <testcase classname="com.qa.sensodyne.ca.test.SensodyneCaMultiActionOriginalTest" name="verifyFindYourStore" time="11.920"/>
  <system-out/>
</testsuite> <!-- com.qa.sensodyne.ca.test.SensodyneCaMultiActionOriginalTest -->
