<?xml version="1.0" encoding="UTF-8"?>
<!-- Generated by org.testng.reporters.JUnitReportReporter -->
<testsuite hostname="WKWZTPqvmdckJHX" failures="0" tests="13" name="com.qa.caltrate.eng.test.CaltrateWorkYourUpperBodyYardWorkTest" time="110.459" errors="0" timestamp="2023-05-01T22:31:50 IST" skipped="0">
  <testcase classname="com.qa.caltrate.eng.test.CaltrateWorkYourUpperBodyYardWorkTest" name="cookieButton" time="43.476"/>
  <system-out/>
  <testcase classname="com.qa.caltrate.eng.test.CaltrateWorkYourUpperBodyYardWorkTest" name="verifyHomeIcon" time="5.716"/>
  <system-out/>
  <testcase classname="com.qa.caltrate.eng.test.CaltrateWorkYourUpperBodyYardWorkTest" name="verifyOsteoporosis" time="5.284"/>
  <system-out/>
  <testcase classname="com.qa.caltrate.eng.test.CaltrateWorkYourUpperBodyYardWorkTest" name="verifyCalciumAndCalciumCarbonate" time="9.850"/>
  <system-out/>
  <testcase classname="com.qa.caltrate.eng.test.CaltrateWorkYourUpperBodyYardWorkTest" name="verifyBread_HealthTip" time="5.229"/>
  <system-out/>
  <testcase classname="com.qa.caltrate.eng.test.CaltrateWorkYourUpperBodyYardWorkTest" name="verifyBread_BoneHealthCentral" time="5.451"/>
  <system-out/>
  <testcase classname="com.qa.caltrate.eng.test.CaltrateWorkYourUpperBodyYardWorkTest" name="verifyHealthTipLink" time="5.543"/>
  <system-out/>
  <testcase classname="com.qa.caltrate.eng.test.CaltrateWorkYourUpperBodyYardWorkTest" name="verifyAllRecipes" time="4.173"/>
  <system-out/>
  <testcase classname="com.qa.caltrate.eng.test.CaltrateWorkYourUpperBodyYardWorkTest" name="verifyAllHealthTips" time="5.963"/>
  <system-out/>
  <testcase classname="com.qa.caltrate.eng.test.CaltrateWorkYourUpperBodyYardWorkTest" name="verifyVitaminD" time="4.092"/>
  <system-out/>
  <testcase classname="com.qa.caltrate.eng.test.CaltrateWorkYourUpperBodyYardWorkTest" name="verifyCalciumSupplements" time="4.653"/>
  <system-out/>
  <testcase classname="com.qa.caltrate.eng.test.CaltrateWorkYourUpperBodyYardWorkTest" name="verifyAllInteractiveTools" time="6.089"/>
  <system-out/>
  <testcase classname="com.qa.caltrate.eng.test.CaltrateWorkYourUpperBodyYardWorkTest" name="verifyAllArticles" time="4.940"/>
  <system-out/>
</testsuite> <!-- com.qa.caltrate.eng.test.CaltrateWorkYourUpperBodyYardWorkTest -->
