<?xml version="1.0" encoding="UTF-8"?>
<!-- Generated by org.testng.reporters.JUnitReportReporter -->
<testsuite hostname="WKWZTPqvmdckJHX" failures="0" tests="73" name="com.qa.bens.checklist.test.checklistGTMTest" time="244.123" errors="0" timestamp="2023-05-31T13:26:55 IST" skipped="0">
  <testcase classname="com.qa.bens.checklist.test.checklistGTMTest" name="findingGtm" time="2.700"/>
  <system-out/>
  <testcase classname="com.qa.bens.checklist.test.checklistGTMTest" name="findingGtm" time="4.283"/>
  <system-out/>
  <testcase classname="com.qa.bens.checklist.test.checklistGTMTest" name="findingGtm" time="3.464"/>
  <system-out/>
  <testcase classname="com.qa.bens.checklist.test.checklistGTMTest" name="findingGtm" time="3.727"/>
  <system-out/>
  <testcase classname="com.qa.bens.checklist.test.checklistGTMTest" name="findingGtm" time="2.658"/>
  <system-out/>
  <testcase classname="com.qa.bens.checklist.test.checklistGTMTest" name="findingGtm" time="5.771"/>
  <system-out/>
  <testcase classname="com.qa.bens.checklist.test.checklistGTMTest" name="findingGtm" time="3.979"/>
  <system-out/>
  <testcase classname="com.qa.bens.checklist.test.checklistGTMTest" name="findingGtm" time="2.315"/>
  <system-out/>
  <testcase classname="com.qa.bens.checklist.test.checklistGTMTest" name="findingGtm" time="2.314"/>
  <system-out/>
  <testcase classname="com.qa.bens.checklist.test.checklistGTMTest" name="findingGtm" time="2.815"/>
  <system-out/>
  <testcase classname="com.qa.bens.checklist.test.checklistGTMTest" name="findingGtm" time="2.921"/>
  <system-out/>
  <testcase classname="com.qa.bens.checklist.test.checklistGTMTest" name="findingGtm" time="5.476"/>
  <system-out/>
  <testcase classname="com.qa.bens.checklist.test.checklistGTMTest" name="findingGtm" time="5.728"/>
  <system-out/>
  <testcase classname="com.qa.bens.checklist.test.checklistGTMTest" name="findingGtm" time="2.460"/>
  <system-out/>
  <testcase classname="com.qa.bens.checklist.test.checklistGTMTest" name="findingGtm" time="3.926"/>
  <system-out/>
  <testcase classname="com.qa.bens.checklist.test.checklistGTMTest" name="findingGtm" time="2.685"/>
  <system-out/>
  <testcase classname="com.qa.bens.checklist.test.checklistGTMTest" name="findingGtm" time="2.698"/>
  <system-out/>
  <testcase classname="com.qa.bens.checklist.test.checklistGTMTest" name="findingGtm" time="2.725"/>
  <system-out/>
  <testcase classname="com.qa.bens.checklist.test.checklistGTMTest" name="findingGtm" time="2.770"/>
  <system-out/>
  <testcase classname="com.qa.bens.checklist.test.checklistGTMTest" name="findingGtm" time="2.588"/>
  <system-out/>
  <testcase classname="com.qa.bens.checklist.test.checklistGTMTest" name="findingGtm" time="1.436"/>
  <system-out/>
  <testcase classname="com.qa.bens.checklist.test.checklistGTMTest" name="findingGtm" time="2.521"/>
  <system-out/>
  <testcase classname="com.qa.bens.checklist.test.checklistGTMTest" name="findingGtm" time="4.623"/>
  <system-out/>
  <testcase classname="com.qa.bens.checklist.test.checklistGTMTest" name="findingGtm" time="2.577"/>
  <system-out/>
  <testcase classname="com.qa.bens.checklist.test.checklistGTMTest" name="findingGtm" time="3.097"/>
  <system-out/>
  <testcase classname="com.qa.bens.checklist.test.checklistGTMTest" name="findingGtm" time="2.360"/>
  <system-out/>
  <testcase classname="com.qa.bens.checklist.test.checklistGTMTest" name="findingGtm" time="3.936"/>
  <system-out/>
  <testcase classname="com.qa.bens.checklist.test.checklistGTMTest" name="findingGtm" time="1.580"/>
  <system-out/>
  <testcase classname="com.qa.bens.checklist.test.checklistGTMTest" name="findingGtm" time="4.544"/>
  <system-out/>
  <testcase classname="com.qa.bens.checklist.test.checklistGTMTest" name="findingGtm" time="2.634"/>
  <system-out/>
  <testcase classname="com.qa.bens.checklist.test.checklistGTMTest" name="findingGtm" time="3.251"/>
  <system-out/>
  <testcase classname="com.qa.bens.checklist.test.checklistGTMTest" name="findingGtm" time="2.438"/>
  <system-out/>
  <testcase classname="com.qa.bens.checklist.test.checklistGTMTest" name="findingGtm" time="1.345"/>
  <system-out/>
  <testcase classname="com.qa.bens.checklist.test.checklistGTMTest" name="findingGtm" time="4.260"/>
  <system-out/>
  <testcase classname="com.qa.bens.checklist.test.checklistGTMTest" name="findingGtm" time="3.534"/>
  <system-out/>
  <testcase classname="com.qa.bens.checklist.test.checklistGTMTest" name="findingGtm" time="3.360"/>
  <system-out/>
  <testcase classname="com.qa.bens.checklist.test.checklistGTMTest" name="findingGtm" time="3.573"/>
  <system-out/>
  <testcase classname="com.qa.bens.checklist.test.checklistGTMTest" name="findingGtm" time="5.021"/>
  <system-out/>
  <testcase classname="com.qa.bens.checklist.test.checklistGTMTest" name="findingGtm" time="3.561"/>
  <system-out/>
  <testcase classname="com.qa.bens.checklist.test.checklistGTMTest" name="findingGtm" time="3.848"/>
  <system-out/>
  <testcase classname="com.qa.bens.checklist.test.checklistGTMTest" name="findingGtm" time="1.508"/>
  <system-out/>
  <testcase classname="com.qa.bens.checklist.test.checklistGTMTest" name="findingGtm" time="3.432"/>
  <system-out/>
  <testcase classname="com.qa.bens.checklist.test.checklistGTMTest" name="findingGtm" time="3.691"/>
  <system-out/>
  <testcase classname="com.qa.bens.checklist.test.checklistGTMTest" name="findingGtm" time="2.476"/>
  <system-out/>
  <testcase classname="com.qa.bens.checklist.test.checklistGTMTest" name="findingGtm" time="2.583"/>
  <system-out/>
  <testcase classname="com.qa.bens.checklist.test.checklistGTMTest" name="findingGtm" time="2.928"/>
  <system-out/>
  <testcase classname="com.qa.bens.checklist.test.checklistGTMTest" name="findingGtm" time="4.264"/>
  <system-out/>
  <testcase classname="com.qa.bens.checklist.test.checklistGTMTest" name="findingGtm" time="3.602"/>
  <system-out/>
  <testcase classname="com.qa.bens.checklist.test.checklistGTMTest" name="findingGtm" time="4.257"/>
  <system-out/>
  <testcase classname="com.qa.bens.checklist.test.checklistGTMTest" name="findingGtm" time="3.426"/>
  <system-out/>
  <testcase classname="com.qa.bens.checklist.test.checklistGTMTest" name="findingGtm" time="3.180"/>
  <system-out/>
  <testcase classname="com.qa.bens.checklist.test.checklistGTMTest" name="findingGtm" time="2.414"/>
  <system-out/>
  <testcase classname="com.qa.bens.checklist.test.checklistGTMTest" name="findingGtm" time="5.170"/>
  <system-out/>
  <testcase classname="com.qa.bens.checklist.test.checklistGTMTest" name="findingGtm" time="4.368"/>
  <system-out/>
  <testcase classname="com.qa.bens.checklist.test.checklistGTMTest" name="findingGtm" time="3.634"/>
  <system-out/>
  <testcase classname="com.qa.bens.checklist.test.checklistGTMTest" name="findingGtm" time="2.418"/>
  <system-out/>
  <testcase classname="com.qa.bens.checklist.test.checklistGTMTest" name="findingGtm" time="4.487"/>
  <system-out/>
  <testcase classname="com.qa.bens.checklist.test.checklistGTMTest" name="findingGtm" time="2.865"/>
  <system-out/>
  <testcase classname="com.qa.bens.checklist.test.checklistGTMTest" name="findingGtm" time="4.721"/>
  <system-out/>
  <testcase classname="com.qa.bens.checklist.test.checklistGTMTest" name="findingGtm" time="4.012"/>
  <system-out/>
  <testcase classname="com.qa.bens.checklist.test.checklistGTMTest" name="findingGtm" time="3.599"/>
  <system-out/>
  <testcase classname="com.qa.bens.checklist.test.checklistGTMTest" name="findingGtm" time="2.484"/>
  <system-out/>
  <testcase classname="com.qa.bens.checklist.test.checklistGTMTest" name="findingGtm" time="5.438"/>
  <system-out/>
  <testcase classname="com.qa.bens.checklist.test.checklistGTMTest" name="findingGtm" time="3.606"/>
  <system-out/>
  <testcase classname="com.qa.bens.checklist.test.checklistGTMTest" name="findingGtm" time="4.134"/>
  <system-out/>
  <testcase classname="com.qa.bens.checklist.test.checklistGTMTest" name="findingGtm" time="2.343"/>
  <system-out/>
  <testcase classname="com.qa.bens.checklist.test.checklistGTMTest" name="findingGtm" time="3.807"/>
  <system-out/>
  <testcase classname="com.qa.bens.checklist.test.checklistGTMTest" name="findingGtm" time="4.438"/>
  <system-out/>
  <testcase classname="com.qa.bens.checklist.test.checklistGTMTest" name="findingGtm" time="2.429"/>
  <system-out/>
  <testcase classname="com.qa.bens.checklist.test.checklistGTMTest" name="findingGtm" time="3.625"/>
  <system-out/>
  <testcase classname="com.qa.bens.checklist.test.checklistGTMTest" name="findingGtm" time="2.538"/>
  <system-out/>
  <testcase classname="com.qa.bens.checklist.test.checklistGTMTest" name="findingGtm" time="2.322"/>
  <system-out/>
  <testcase classname="com.qa.bens.checklist.test.checklistGTMTest" name="findingGtm" time="2.422"/>
  <system-out/>
</testsuite> <!-- com.qa.bens.checklist.test.checklistGTMTest -->
