<?xml version="1.0" encoding="UTF-8"?>
<!-- Generated by org.testng.reporters.JUnitReportReporter -->
<testsuite hostname="WKWZTPqvmdckJHX" failures="0" tests="14" name="com.qa.caltrate.eng.test.CaltrateFavoriteSoupBoostCalciumTest" time="71.322" errors="0" timestamp="2023-05-01T22:31:50 IST" skipped="0">
  <testcase classname="com.qa.caltrate.eng.test.CaltrateFavoriteSoupBoostCalciumTest" name="cookieButton" time="3.440"/>
  <system-out/>
  <testcase classname="com.qa.caltrate.eng.test.CaltrateFavoriteSoupBoostCalciumTest" name="verifyTagsLinkOne" time="5.021"/>
  <system-out/>
  <testcase classname="com.qa.caltrate.eng.test.CaltrateFavoriteSoupBoostCalciumTest" name="verifyViewBySectionOne" time="6.050"/>
  <system-out/>
  <testcase classname="com.qa.caltrate.eng.test.CaltrateFavoriteSoupBoostCalciumTest" name="verifyViewBySectionTwo" time="5.815"/>
  <system-out/>
  <testcase classname="com.qa.caltrate.eng.test.CaltrateFavoriteSoupBoostCalciumTest" name="verifyViewBySectionThree" time="14.570"/>
  <system-out/>
  <testcase classname="com.qa.caltrate.eng.test.CaltrateFavoriteSoupBoostCalciumTest" name="verifyViewBySectionFour" time="5.107"/>
  <system-out/>
  <testcase classname="com.qa.caltrate.eng.test.CaltrateFavoriteSoupBoostCalciumTest" name="verifyViewByTopicOne" time="4.784"/>
  <system-out/>
  <testcase classname="com.qa.caltrate.eng.test.CaltrateFavoriteSoupBoostCalciumTest" name="verifyViewByTopicTwo" time="4.253"/>
  <system-out/>
  <testcase classname="com.qa.caltrate.eng.test.CaltrateFavoriteSoupBoostCalciumTest" name="verifyViewByTopicThree" time="4.128"/>
  <system-out/>
  <testcase classname="com.qa.caltrate.eng.test.CaltrateFavoriteSoupBoostCalciumTest" name="verifyViewByTopicFour" time="4.593"/>
  <system-out/>
  <testcase classname="com.qa.caltrate.eng.test.CaltrateFavoriteSoupBoostCalciumTest" name="verifyBreadcrumbOne" time="4.498"/>
  <system-out/>
  <testcase classname="com.qa.caltrate.eng.test.CaltrateFavoriteSoupBoostCalciumTest" name="verifyBreadcrumbTwo" time="3.503"/>
  <system-out/>
  <testcase classname="com.qa.caltrate.eng.test.CaltrateFavoriteSoupBoostCalciumTest" name="verifyBreadcrumbThree" time="3.607"/>
  <system-out/>
  <testcase classname="com.qa.caltrate.eng.test.CaltrateFavoriteSoupBoostCalciumTest" name="verifyBreadcrumbFour" time="1.953"/>
  <system-out/>
</testsuite> <!-- com.qa.caltrate.eng.test.CaltrateFavoriteSoupBoostCalciumTest -->
