<?xml version="1.0" encoding="UTF-8"?>
<!-- Generated by org.testng.reporters.JUnitReportReporter -->
<testsuite hostname="WKWZTPqvmdckJHX" failures="0" tests="7" name="com.qa.caltrate.fr.test.CaltrateFRPlusACroquerTest" time="40.794" errors="0" timestamp="2023-02-10T11:55:43 IST" skipped="0">
  <testcase classname="com.qa.caltrate.fr.test.CaltrateFRPlusACroquerTest" name="verifyBreadcrumbOne" time="5.566"/>
  <system-out/>
  <testcase classname="com.qa.caltrate.fr.test.CaltrateFRPlusACroquerTest" name="verifyBreadcrumbTwo" time="3.058"/>
  <system-out/>
  <testcase classname="com.qa.caltrate.fr.test.CaltrateFRPlusACroquerTest" name="verifyBreadcrumbThree" time="1.936"/>
  <system-out/>
  <testcase classname="com.qa.caltrate.fr.test.CaltrateFRPlusACroquerTest" name="verifyAcheter" time="3.065"/>
  <system-out/>
  <testcase classname="com.qa.caltrate.fr.test.CaltrateFRPlusACroquerTest" name="verifycoupon" time="7.926"/>
  <system-out/>
  <testcase classname="com.qa.caltrate.fr.test.CaltrateFRPlusACroquerTest" name="verifyProduits" time="3.038"/>
  <system-out/>
  <testcase classname="com.qa.caltrate.fr.test.CaltrateFRPlusACroquerTest" name="verifySaveNowImg" time="16.205"/>
  <system-out/>
</testsuite> <!-- com.qa.caltrate.fr.test.CaltrateFRPlusACroquerTest -->
