<?xml version="1.0" encoding="UTF-8"?>
<!-- Generated by org.testng.reporters.JUnitReportReporter -->
<testsuite hostname="WKWZTPqvmdckJHX" failures="0" tests="10" name="com.qa.tums.eng.test.TumsHomePageTest" time="165.888" errors="0" timestamp="2023-01-23T12:28:36 IST" skipped="0">
  <testcase classname="com.qa.tums.eng.test.TumsHomePageTest" name="verifyCookie" time="5.851"/>
  <system-out/>
  <testcase classname="com.qa.tums.eng.test.TumsHomePageTest" name="verifyBannerLearMore" time="9.205"/>
  <system-out/>
  <testcase classname="com.qa.tums.eng.test.TumsHomePageTest" name="verifyBannerProductPage" time="25.422"/>
  <system-out/>
  <testcase classname="com.qa.tums.eng.test.TumsHomePageTest" name="verifyvideoStreaming" time="15.977"/>
  <system-out/>
  <testcase classname="com.qa.tums.eng.test.TumsHomePageTest" name="verifyProductBuyNow" time="10.325"/>
  <system-out/>
  <testcase classname="com.qa.tums.eng.test.TumsHomePageTest" name="verifyYoutubeVideo" time="32.176"/>
  <system-out/>
  <testcase classname="com.qa.tums.eng.test.TumsHomePageTest" name="verifyPrdtLearnMoreOne" time="16.365"/>
  <system-out/>
  <testcase classname="com.qa.tums.eng.test.TumsHomePageTest" name="verifyPrdtLearnMoreTwo" time="22.843"/>
  <system-out/>
  <testcase classname="com.qa.tums.eng.test.TumsHomePageTest" name="verifyFindOutWhy" time="13.395"/>
  <system-out/>
  <testcase classname="com.qa.tums.eng.test.TumsHomePageTest" name="verifyPrdtLearnMoreThree" time="14.329"/>
  <system-out/>
</testsuite> <!-- com.qa.tums.eng.test.TumsHomePageTest -->
