<?xml version="1.0" encoding="UTF-8"?>
<!-- Generated by org.testng.reporters.JUnitReportReporter -->
<testsuite hostname="WKWZTPqvmdckJHX" failures="0" tests="15" name="com.qa.caltrate.eng.test.CaltrateSalmonCakesTest" time="122.596" errors="0" timestamp="2023-05-01T22:31:50 IST" skipped="0">
  <testcase classname="com.qa.caltrate.eng.test.CaltrateSalmonCakesTest" name="cookieButton" time="44.535"/>
  <system-out/>
  <testcase classname="com.qa.caltrate.eng.test.CaltrateSalmonCakesTest" name="verifyHomeIcon" time="6.229"/>
  <system-out/>
  <testcase classname="com.qa.caltrate.eng.test.CaltrateSalmonCakesTest" name="verifyBread_BoneHealthCentral" time="5.629"/>
  <system-out/>
  <testcase classname="com.qa.caltrate.eng.test.CaltrateSalmonCakesTest" name="verifyBread_Recipes" time="5.822"/>
  <system-out/>
  <testcase classname="com.qa.caltrate.eng.test.CaltrateSalmonCakesTest" name="verifyCalciumAndCalciumCarbonateLink" time="6.823"/>
  <system-out/>
  <testcase classname="com.qa.caltrate.eng.test.CaltrateSalmonCakesTest" name="verifyReadMore" time="5.777"/>
  <system-out/>
  <testcase classname="com.qa.caltrate.eng.test.CaltrateSalmonCakesTest" name="verifyAllArticles" time="4.880"/>
  <system-out/>
  <testcase classname="com.qa.caltrate.eng.test.CaltrateSalmonCakesTest" name="verifyCALTRATE600D3PLUSMINERALSMINIS" time="2.630"/>
  <system-out/>
  <testcase classname="com.qa.caltrate.eng.test.CaltrateSalmonCakesTest" name="verifyAllRecipes" time="4.501"/>
  <system-out/>
  <testcase classname="com.qa.caltrate.eng.test.CaltrateSalmonCakesTest" name="verifyAllHealthTips" time="5.700"/>
  <system-out/>
  <testcase classname="com.qa.caltrate.eng.test.CaltrateSalmonCakesTest" name="verifyAllInteractiveTools" time="5.007"/>
  <system-out/>
  <testcase classname="com.qa.caltrate.eng.test.CaltrateSalmonCakesTest" name="verifyCalciumAndCalciumCarbonate" time="11.121"/>
  <system-out/>
  <testcase classname="com.qa.caltrate.eng.test.CaltrateSalmonCakesTest" name="verifyVitaminD" time="4.708"/>
  <system-out/>
  <testcase classname="com.qa.caltrate.eng.test.CaltrateSalmonCakesTest" name="verifyOsteoporosis" time="4.695"/>
  <system-out/>
  <testcase classname="com.qa.caltrate.eng.test.CaltrateSalmonCakesTest" name="verifyCalciumSupplements" time="4.539"/>
  <system-out/>
</testsuite> <!-- com.qa.caltrate.eng.test.CaltrateSalmonCakesTest -->
