<?xml version="1.0" encoding="UTF-8"?>
<!-- Generated by org.testng.reporters.JUnitReportReporter -->
<testsuite hostname="WKWZTPqvmdckJHX" failures="0" tests="11" name="com.qa.sensodyne.ca.test.SensodyneCaFreshMintToothpasteTest" time="65.850" errors="0" timestamp="2023-05-23T12:20:41 IST" skipped="0">
  <testcase classname="com.qa.sensodyne.ca.test.SensodyneCaFreshMintToothpasteTest" name="verifyBreadcrumbOne" time="6.389"/>
  <system-out/>
  <testcase classname="com.qa.sensodyne.ca.test.SensodyneCaFreshMintToothpasteTest" name="verifyBreadcrumbTwo" time="6.418"/>
  <system-out/>
  <testcase classname="com.qa.sensodyne.ca.test.SensodyneCaFreshMintToothpasteTest" name="verifyBreadcrumbThree" time="5.731"/>
  <system-out/>
  <testcase classname="com.qa.sensodyne.ca.test.SensodyneCaFreshMintToothpasteTest" name="verifyBuyNow" time="5.533"/>
  <system-out/>
  <testcase classname="com.qa.sensodyne.ca.test.SensodyneCaFreshMintToothpasteTest" name="verifyTabSection" time="2.696"/>
  <system-out/>
  <testcase classname="com.qa.sensodyne.ca.test.SensodyneCaFreshMintToothpasteTest" name="verifyMostPopularProductOne" time="5.552"/>
  <system-out/>
  <testcase classname="com.qa.sensodyne.ca.test.SensodyneCaFreshMintToothpasteTest" name="verifyMostPopularProductTwo" time="5.832"/>
  <system-out/>
  <testcase classname="com.qa.sensodyne.ca.test.SensodyneCaFreshMintToothpasteTest" name="verifyMostPopularProductThree" time="6.185"/>
  <system-out/>
  <testcase classname="com.qa.sensodyne.ca.test.SensodyneCaFreshMintToothpasteTest" name="verifyMostPopularProductFour" time="5.440"/>
  <system-out/>
  <testcase classname="com.qa.sensodyne.ca.test.SensodyneCaFreshMintToothpasteTest" name="verifyMostPopularProductFive" time="5.553"/>
  <system-out/>
  <testcase classname="com.qa.sensodyne.ca.test.SensodyneCaFreshMintToothpasteTest" name="verifyFindYourStore" time="10.521"/>
  <system-out/>
</testsuite> <!-- com.qa.sensodyne.ca.test.SensodyneCaFreshMintToothpasteTest -->
