<?xml version="1.0" encoding="UTF-8"?>
<!-- Generated by org.testng.reporters.JUnitReportReporter -->
<testsuite hostname="WKWZTPqvmdckJHX" failures="0" tests="57" name="com.qa.drbest.ge.test.drbestSitemapTest" time="464.084" errors="0" timestamp="2023-04-10T02:26:06 IST" skipped="0">
  <testcase classname="com.qa.drbest.ge.test.drbestSitemapTest" name="verifydrbestcookiePopupLink" time="42.920"/>
  <system-out/>
  <testcase classname="com.qa.drbest.ge.test.drbestSitemapTest" name="verifyOrginalLink" time="7.044"/>
  <system-out/>
  <testcase classname="com.qa.drbest.ge.test.drbestSitemapTest" name="verifyHochTiefLink" time="6.582"/>
  <system-out/>
  <testcase classname="com.qa.drbest.ge.test.drbestSitemapTest" name="verifySchwingkopfLink" time="6.869"/>
  <system-out/>
  <testcase classname="com.qa.drbest.ge.test.drbestSitemapTest" name="verifyInterdentAktivLink" time="6.672"/>
  <system-out/>
  <testcase classname="com.qa.drbest.ge.test.drbestSitemapTest" name="verifyZwishenzahnLink" time="7.162"/>
  <system-out/>
  <testcase classname="com.qa.drbest.ge.test.drbestSitemapTest" name="verifyXZwishenzahnLink" time="6.987"/>
  <system-out/>
  <testcase classname="com.qa.drbest.ge.test.drbestSitemapTest" name="verifyNaturlichWeiLink" time="6.884"/>
  <system-out/>
  <testcase classname="com.qa.drbest.ge.test.drbestSitemapTest" name="verifyPolimedLink" time="8.181"/>
  <system-out/>
  <testcase classname="com.qa.drbest.ge.test.drbestSitemapTest" name="verifyPolimedKurzkopfLink" time="7.225"/>
  <system-out/>
  <testcase classname="com.qa.drbest.ge.test.drbestSitemapTest" name="verifyVibrationPolimedLink" time="8.658"/>
  <system-out/>
  <testcase classname="com.qa.drbest.ge.test.drbestSitemapTest" name="verifyVibrationMultiExpertLink" time="9.779"/>
  <system-out/>
  <testcase classname="com.qa.drbest.ge.test.drbestSitemapTest" name="verifyVibrationJuniorZahnLink" time="9.020"/>
  <system-out/>
  <testcase classname="com.qa.drbest.ge.test.drbestSitemapTest" name="verifyVibrationAtemfrischLink" time="7.689"/>
  <system-out/>
  <testcase classname="com.qa.drbest.ge.test.drbestSitemapTest" name="verifyBambusIntedentKIDSLink" time="9.758"/>
  <system-out/>
  <testcase classname="com.qa.drbest.ge.test.drbestSitemapTest" name="verifyBambusIntedentLink" time="7.935"/>
  <system-out/>
  <testcase classname="com.qa.drbest.ge.test.drbestSitemapTest" name="verifyGreenCleanLink" time="8.328"/>
  <system-out/>
  <testcase classname="com.qa.drbest.ge.test.drbestSitemapTest" name="verifyInterdentalburstenLink" time="8.471"/>
  <system-out/>
  <testcase classname="com.qa.drbest.ge.test.drbestSitemapTest" name="verifyGreenSensitiveLink" time="6.832"/>
  <system-out/>
  <testcase classname="com.qa.drbest.ge.test.drbestSitemapTest" name="verifyErsteZahneLink" time="7.962"/>
  <system-out/>
  <testcase classname="com.qa.drbest.ge.test.drbestSitemapTest" name="verifyMilchzahnLink" time="7.164"/>
  <system-out/>
  <testcase classname="com.qa.drbest.ge.test.drbestSitemapTest" name="verifyJuniorZahnLink" time="7.639"/>
  <system-out/>
  <testcase classname="com.qa.drbest.ge.test.drbestSitemapTest" name="verifyCoolKidsLink" time="7.464"/>
  <system-out/>
  <testcase classname="com.qa.drbest.ge.test.drbestSitemapTest" name="verifyPawPatrolLink" time="7.065"/>
  <system-out/>
  <testcase classname="com.qa.drbest.ge.test.drbestSitemapTest" name="verifyWieoftLink" time="7.129"/>
  <system-out/>
  <testcase classname="com.qa.drbest.ge.test.drbestSitemapTest" name="verifyZahnputztechnikLink" time="8.410"/>
  <system-out/>
  <testcase classname="com.qa.drbest.ge.test.drbestSitemapTest" name="verifyHilfsmittelLink" time="7.819"/>
  <system-out/>
  <testcase classname="com.qa.drbest.ge.test.drbestSitemapTest" name="verifyMundgeruchLink" time="6.736"/>
  <system-out/>
  <testcase classname="com.qa.drbest.ge.test.drbestSitemapTest" name="verifyWeissereZahneLink" time="7.614"/>
  <system-out/>
  <testcase classname="com.qa.drbest.ge.test.drbestSitemapTest" name="verifyErnahrungZahneLink" time="7.194"/>
  <system-out/>
  <testcase classname="com.qa.drbest.ge.test.drbestSitemapTest" name="verifyParodontitisLink" time="6.751"/>
  <system-out/>
  <testcase classname="com.qa.drbest.ge.test.drbestSitemapTest" name="verifySchutzKariesLink" time="7.367"/>
  <system-out/>
  <testcase classname="com.qa.drbest.ge.test.drbestSitemapTest" name="verifyEmpfindlichLink" time="6.750"/>
  <system-out/>
  <testcase classname="com.qa.drbest.ge.test.drbestSitemapTest" name="verifyZahnputztechnikKinderLink" time="6.277"/>
  <system-out/>
  <testcase classname="com.qa.drbest.ge.test.drbestSitemapTest" name="verifyKinderzahnetwicklungLink" time="15.729"/>
  <system-out/>
  <testcase classname="com.qa.drbest.ge.test.drbestSitemapTest" name="verifyZahnspangenLink" time="6.636"/>
  <system-out/>
  <testcase classname="com.qa.drbest.ge.test.drbestSitemapTest" name="verifyPflegeLink" time="6.677"/>
  <system-out/>
  <testcase classname="com.qa.drbest.ge.test.drbestSitemapTest" name="verifyBiokunstuffLink" time="6.767"/>
  <system-out/>
  <testcase classname="com.qa.drbest.ge.test.drbestSitemapTest" name="verifyBambusLink" time="7.456"/>
  <system-out/>
  <testcase classname="com.qa.drbest.ge.test.drbestSitemapTest" name="verifyUmweltfreundlicheLink" time="6.641"/>
  <system-out/>
  <testcase classname="com.qa.drbest.ge.test.drbestSitemapTest" name="verifyKlimashutzprojektLink" time="6.781"/>
  <system-out/>
  <testcase classname="com.qa.drbest.ge.test.drbestSitemapTest" name="verifySystemZahnpflegeLink" time="6.771"/>
  <system-out/>
  <testcase classname="com.qa.drbest.ge.test.drbestSitemapTest" name="verifyFlexzoneLink" time="10.993"/>
  <system-out/>
  <testcase classname="com.qa.drbest.ge.test.drbestSitemapTest" name="verifyKugelgelenkLink" time="6.749"/>
  <system-out/>
  <testcase classname="com.qa.drbest.ge.test.drbestSitemapTest" name="verifyZungeriningerLink" time="6.811"/>
  <system-out/>
  <testcase classname="com.qa.drbest.ge.test.drbestSitemapTest" name="verifyVibrationLink" time="6.663"/>
  <system-out/>
  <testcase classname="com.qa.drbest.ge.test.drbestSitemapTest" name="verifySeidenfeinLink" time="6.848"/>
  <system-out/>
  <testcase classname="com.qa.drbest.ge.test.drbestSitemapTest" name="verifyPolimed1Link" time="6.761"/>
  <system-out/>
  <testcase classname="com.qa.drbest.ge.test.drbestSitemapTest" name="verifyBambooInterdentLink" time="7.597"/>
  <system-out/>
  <testcase classname="com.qa.drbest.ge.test.drbestSitemapTest" name="verifyVerpackungLink" time="6.726"/>
  <system-out/>
  <testcase classname="com.qa.drbest.ge.test.drbestSitemapTest" name="verifyGreenClean1Link" time="6.911"/>
  <system-out/>
  <testcase classname="com.qa.drbest.ge.test.drbestSitemapTest" name="verifySiteMapLink" time="7.339"/>
  <system-out/>
  <testcase classname="com.qa.drbest.ge.test.drbestSitemapTest" name="verifyImpressumLink" time="6.925"/>
  <system-out/>
  <testcase classname="com.qa.drbest.ge.test.drbestSitemapTest" name="verifyNutzungsbedingungenLink" time="7.278"/>
  <system-out/>
  <testcase classname="com.qa.drbest.ge.test.drbestSitemapTest" name="verifyDatenschutzrichtlinieLink" time="7.123"/>
  <system-out/>
  <testcase classname="com.qa.drbest.ge.test.drbestSitemapTest" name="verifyCookiesLink" time="6.942"/>
  <system-out/>
  <testcase classname="com.qa.drbest.ge.test.drbestSitemapTest" name="verifyKontaktLink" time="6.623"/>
  <system-out/>
</testsuite> <!-- com.qa.drbest.ge.test.drbestSitemapTest -->
