<?xml version="1.0" encoding="UTF-8"?>
<!-- Generated by org.testng.reporters.JUnitReportReporter -->
<testsuite hostname="WKWZTPqvmdckJHX" failures="0" tests="9" name="com.qa.sensodyne.us.test.SensodyneHowLongShouldYouBrushYourTeethTest" time="132.674" errors="1" timestamp="2023-01-24T19:10:25 IST" skipped="0">
  <testcase classname="com.qa.sensodyne.us.test.SensodyneHowLongShouldYouBrushYourTeethTest" name="cookieButton" time="7.683"/>
  <system-out/>
  <testcase classname="com.qa.sensodyne.us.test.SensodyneHowLongShouldYouBrushYourTeethTest" name="verifySensodyneSensitiveCare" time="17.582"/>
  <system-out/>
  <testcase classname="com.qa.sensodyne.us.test.SensodyneHowLongShouldYouBrushYourTeethTest" name="verifyOralHealthTips" time="12.065"/>
  <system-out/>
  <testcase classname="com.qa.sensodyne.us.test.SensodyneHowLongShouldYouBrushYourTeethTest" name="verifyRecognizingSensitiveTeeth" time="10.941"/>
  <system-out/>
  <testcase classname="com.qa.sensodyne.us.test.SensodyneHowLongShouldYouBrushYourTeethTest" name="verifyWhiteningSensitiveTeeth" time="10.571"/>
  <system-out/>
  <testcase classname="com.qa.sensodyne.us.test.SensodyneHowLongShouldYouBrushYourTeethTest" name="verifyRelatedArticleOne" time="12.015"/>
  <system-out/>
  <testcase classname="com.qa.sensodyne.us.test.SensodyneHowLongShouldYouBrushYourTeethTest" name="verifyRelatedArticleTwo" time="10.978"/>
  <system-out/>
  <testcase classname="com.qa.sensodyne.us.test.SensodyneHowLongShouldYouBrushYourTeethTest" name="verifyRelatedArticleThree" time="35.608">
    <error message="Unable to scroll down the page" type="java.lang.Exception">
      <![CDATA[java.lang.Exception: Unable to scroll down the page
at com.qa.baseClass.BaseClass.scrollDownUsingElement(BaseClass.java:299)
at com.qa.sensodyne.us.page.SensodyneHowLongShouldYouBrushYourTeethPage.clickRelatedArticleThree(SensodyneHowLongShouldYouBrushYourTeethPage.java:123)
at com.qa.sensodyne.us.test.SensodyneHowLongShouldYouBrushYourTeethTest.verifyRelatedArticleThree(SensodyneHowLongShouldYouBrushYourTeethTest.java:125)
at java.base/jdk.internal.reflect.DirectMethodHandleAccessor.invoke(DirectMethodHandleAccessor.java:104)
at java.base/java.lang.reflect.Method.invoke(Method.java:577)
at org.testng.internal.MethodInvocationHelper.invokeMethod(MethodInvocationHelper.java:133)
at org.testng.internal.TestInvoker.invokeMethod(TestInvoker.java:598)
at org.testng.internal.TestInvoker.invokeTestMethod(TestInvoker.java:173)
at org.testng.internal.MethodRunner.runInSequence(MethodRunner.java:46)
at org.testng.internal.TestInvoker$MethodInvocationAgent.invoke(TestInvoker.java:824)
at org.testng.internal.TestInvoker.invokeTestMethods(TestInvoker.java:146)
at org.testng.internal.TestMethodWorker.invokeTestMethods(TestMethodWorker.java:146)
at org.testng.internal.TestMethodWorker.run(TestMethodWorker.java:128)
at java.base/java.util.ArrayList.forEach(ArrayList.java:1511)
at org.testng.TestRunner.privateRun(TestRunner.java:794)
at org.testng.TestRunner.run(TestRunner.java:596)
at org.testng.SuiteRunner.runTest(SuiteRunner.java:377)
at org.testng.SuiteRunner.runSequentially(SuiteRunner.java:371)
at org.testng.SuiteRunner.privateRun(SuiteRunner.java:332)
at org.testng.SuiteRunner.run(SuiteRunner.java:276)
at org.testng.SuiteRunnerWorker.runSuite(SuiteRunnerWorker.java:53)
at org.testng.SuiteRunnerWorker.run(SuiteRunnerWorker.java:96)
at org.testng.TestNG.runSuitesSequentially(TestNG.java:1212)
at org.testng.TestNG.runSuitesLocally(TestNG.java:1134)
at org.testng.TestNG.runSuites(TestNG.java:1063)
at org.testng.TestNG.run(TestNG.java:1031)
at org.testng.remote.AbstractRemoteTestNG.run(AbstractRemoteTestNG.java:115)
at org.testng.remote.RemoteTestNG.initAndRun(RemoteTestNG.java:251)
at org.testng.remote.RemoteTestNG.main(RemoteTestNG.java:77)
]]>
    </error>
  </testcase> <!-- verifyRelatedArticleThree -->
  <system-out/>
  <testcase classname="com.qa.sensodyne.us.test.SensodyneHowLongShouldYouBrushYourTeethTest" name="verifyRelatedArticleFour" time="15.231"/>
  <system-out/>
</testsuite> <!-- com.qa.sensodyne.us.test.SensodyneHowLongShouldYouBrushYourTeethTest -->
