<?xml version="1.0" encoding="UTF-8"?>
<!-- Generated by org.testng.reporters.JUnitReportReporter -->
<testsuite hostname="WKWZTPqvmdckJHX" failures="0" tests="14" name="com.qa.preph.test.PrephHemorrhoidFlareUpsTest" time="78.316" errors="0" timestamp="2023-06-22T14:49:17 IST" skipped="0">
  <testcase classname="com.qa.preph.test.PrephHemorrhoidFlareUpsTest" name="cookieButton" time="3.287"/>
  <system-out/>
  <testcase classname="com.qa.preph.test.PrephHemorrhoidFlareUpsTest" name="verifyBreadcrumbOne" time="6.057"/>
  <system-out/>
  <testcase classname="com.qa.preph.test.PrephHemorrhoidFlareUpsTest" name="verifyBreadcrumbTwo" time="5.471"/>
  <system-out/>
  <testcase classname="com.qa.preph.test.PrephHemorrhoidFlareUpsTest" name="verifyBreadcrumbThree" time="1.862"/>
  <system-out/>
  <testcase classname="com.qa.preph.test.PrephHemorrhoidFlareUpsTest" name="verifyHyperLinkSymptomsOfAFlareUp" time="5.291"/>
  <system-out/>
  <testcase classname="com.qa.preph.test.PrephHemorrhoidFlareUpsTest" name="verifyHyperLinkPreparationHProducts" time="6.518"/>
  <system-out/>
  <testcase classname="com.qa.preph.test.PrephHemorrhoidFlareUpsTest" name="verifyHyperLinkMedicatedWipes" time="6.068"/>
  <system-out/>
  <testcase classname="com.qa.preph.test.PrephHemorrhoidFlareUpsTest" name="verifyHyperLinkHomeTreatments" time="5.276"/>
  <system-out/>
  <testcase classname="com.qa.preph.test.PrephHemorrhoidFlareUpsTest" name="verifyRelatedArticleOne" time="5.221"/>
  <system-out/>
  <testcase classname="com.qa.preph.test.PrephHemorrhoidFlareUpsTest" name="verifyRelatedArticleTwo" time="6.077"/>
  <system-out/>
  <testcase classname="com.qa.preph.test.PrephHemorrhoidFlareUpsTest" name="verifyRelatedArticleThree" time="5.226"/>
  <system-out/>
  <testcase classname="com.qa.preph.test.PrephHemorrhoidFlareUpsTest" name="verifyRelatedArticleReadMoreOne" time="6.010"/>
  <system-out/>
  <testcase classname="com.qa.preph.test.PrephHemorrhoidFlareUpsTest" name="verifyRelatedArticleReadMoreTwo" time="5.673"/>
  <system-out/>
  <testcase classname="com.qa.preph.test.PrephHemorrhoidFlareUpsTest" name="verifyRelatedArticleReadMoreThree" time="10.279"/>
  <system-out/>
</testsuite> <!-- com.qa.preph.test.PrephHemorrhoidFlareUpsTest -->
