<?xml version="1.0" encoding="UTF-8"?>
<!-- Generated by org.testng.reporters.JUnitReportReporter -->
<testsuite hostname="WKWZTPqvmdckJHX" failures="0" tests="2" name="com.qa.flonase.test.FlonaseWorstCitiesForAllergiesTest" time="36.401" errors="0" timestamp="2023-10-09T15:58:09 IST" skipped="0">
  <testcase classname="com.qa.flonase.test.FlonaseWorstCitiesForAllergiesTest" name="cookieButton" time="5.661"/>
  <system-out/>
  <testcase classname="com.qa.flonase.test.FlonaseWorstCitiesForAllergiesTest" name="verifyBtnBuyNow" time="30.740"/>
  <system-out/>
</testsuite> <!-- com.qa.flonase.test.FlonaseWorstCitiesForAllergiesTest -->
