<?xml version="1.0" encoding="UTF-8"?>
<!-- Generated by org.testng.reporters.JUnitReportReporter -->
<testsuite hostname="WKWZTPqvmdckJHX" failures="0" tests="10" name="com.qa.biotene.test.BioteneParkinsonsDiseaseTest" time="290.028" errors="1" timestamp="2023-04-03T07:36:54 IST" skipped="5">
  <testcase classname="com.qa.biotene.test.BioteneParkinsonsDiseaseTest" name="cookieButton" time="146.364"/>
  <system-out/>
  <testcase classname="com.qa.biotene.test.BioteneParkinsonsDiseaseTest" name="verifyTAKETHEQUIZ" time="11.783">
    <skipped/>
  </testcase> <!-- verifyTAKETHEQUIZ -->
  <system-out/>
  <testcase classname="com.qa.biotene.test.BioteneParkinsonsDiseaseTest" name="verifyBioteneDryMouthOralRinse" time="29.610">
    <skipped/>
  </testcase> <!-- verifyBioteneDryMouthOralRinse -->
  <system-out/>
  <testcase classname="com.qa.biotene.test.BioteneParkinsonsDiseaseTest" name="verifyTAKETHEQUIZ" time="13.718">
    <skipped/>
  </testcase> <!-- verifyTAKETHEQUIZ -->
  <system-out/>
  <testcase classname="com.qa.biotene.test.BioteneParkinsonsDiseaseTest" name="verifyTAKETHEQUIZ" time="8.093"/>
  <system-out/>
  <testcase classname="com.qa.biotene.test.BioteneParkinsonsDiseaseTest" name="verifySHOPNOW" time="11.724">
    <skipped/>
  </testcase> <!-- verifySHOPNOW -->
  <system-out/>
  <testcase classname="com.qa.biotene.test.BioteneParkinsonsDiseaseTest" name="verifyBioteneDryMouthOralRinse" time="29.698">
    <skipped/>
  </testcase> <!-- verifyBioteneDryMouthOralRinse -->
  <system-out/>
  <testcase classname="com.qa.biotene.test.BioteneParkinsonsDiseaseTest" name="verifyBioteneDryMouthOralRinse" time="27.549">
    <error message="Unable to scroll down the page" type="java.lang.Exception">
      <![CDATA[java.lang.Exception: Unable to scroll down the page
at com.qa.baseClass.BaseClass.scrollDownUsingElement(BaseClass.java:344)
at com.qa.biotene.pages.BioteneDiabetesMellitus.clickonBioteneDryMouthOralRinse(BioteneDiabetesMellitus.java:84)
at com.qa.biotene.test.BioteneParkinsonsDiseaseTest.verifyBioteneDryMouthOralRinse(BioteneParkinsonsDiseaseTest.java:41)
at java.base/jdk.internal.reflect.DirectMethodHandleAccessor.invoke(DirectMethodHandleAccessor.java:104)
at java.base/java.lang.reflect.Method.invoke(Method.java:577)
at org.testng.internal.MethodInvocationHelper.invokeMethod(MethodInvocationHelper.java:133)
at org.testng.internal.TestInvoker.invokeMethod(TestInvoker.java:598)
at org.testng.internal.TestInvoker.retryFailed(TestInvoker.java:213)
at org.testng.internal.MethodRunner.runInSequence(MethodRunner.java:58)
at org.testng.internal.TestInvoker$MethodInvocationAgent.invoke(TestInvoker.java:824)
at org.testng.internal.TestInvoker.invokeTestMethods(TestInvoker.java:146)
at org.testng.internal.TestMethodWorker.invokeTestMethods(TestMethodWorker.java:146)
at org.testng.internal.TestMethodWorker.run(TestMethodWorker.java:128)
at java.base/java.util.ArrayList.forEach(ArrayList.java:1511)
at org.testng.TestRunner.privateRun(TestRunner.java:794)
at org.testng.TestRunner.run(TestRunner.java:596)
at org.testng.SuiteRunner.runTest(SuiteRunner.java:377)
at org.testng.SuiteRunner.runSequentially(SuiteRunner.java:371)
at org.testng.SuiteRunner.privateRun(SuiteRunner.java:332)
at org.testng.SuiteRunner.run(SuiteRunner.java:276)
at org.testng.SuiteRunnerWorker.runSuite(SuiteRunnerWorker.java:53)
at org.testng.SuiteRunnerWorker.run(SuiteRunnerWorker.java:96)
at org.testng.TestNG.runSuitesSequentially(TestNG.java:1212)
at org.testng.TestNG.runSuitesLocally(TestNG.java:1134)
at org.testng.TestNG.runSuites(TestNG.java:1063)
at org.testng.TestNG.run(TestNG.java:1031)
at org.testng.remote.AbstractRemoteTestNG.run(AbstractRemoteTestNG.java:115)
at org.testng.remote.RemoteTestNG.initAndRun(RemoteTestNG.java:251)
at org.testng.remote.RemoteTestNG.main(RemoteTestNG.java:77)
]]>
    </error>
  </testcase> <!-- verifyBioteneDryMouthOralRinse -->
  <system-out/>
  <testcase classname="com.qa.biotene.test.BioteneParkinsonsDiseaseTest" name="verifySHOPNOW" time="5.949"/>
  <system-out/>
  <testcase classname="com.qa.biotene.test.BioteneParkinsonsDiseaseTest" name="verifyREADMORE" time="5.540"/>
  <system-out/>
</testsuite> <!-- com.qa.biotene.test.BioteneParkinsonsDiseaseTest -->
