<?xml version="1.0" encoding="UTF-8"?>
<!-- Generated by org.testng.reporters.JUnitReportReporter -->
<testsuite hostname="WKWZTPqvmdckJHX" failures="0" tests="48" name="com.qa.bens.checklist.test.CheckListSlashRedirectionTest" time="87.300" errors="0" timestamp="2023-03-10T12:52:41 IST" skipped="0">
  <testcase classname="com.qa.bens.checklist.test.CheckListSlashRedirectionTest" name="verifySlashRedirection" time="2.158"/>
  <system-out/>
  <testcase classname="com.qa.bens.checklist.test.CheckListSlashRedirectionTest" name="verifySlashRedirection" time="1.794"/>
  <system-out/>
  <testcase classname="com.qa.bens.checklist.test.CheckListSlashRedirectionTest" name="verifySlashRedirection" time="1.797"/>
  <system-out/>
  <testcase classname="com.qa.bens.checklist.test.CheckListSlashRedirectionTest" name="verifySlashRedirection" time="1.854"/>
  <system-out/>
  <testcase classname="com.qa.bens.checklist.test.CheckListSlashRedirectionTest" name="verifySlashRedirection" time="1.362"/>
  <system-out/>
  <testcase classname="com.qa.bens.checklist.test.CheckListSlashRedirectionTest" name="verifySlashRedirection" time="1.408"/>
  <system-out/>
  <testcase classname="com.qa.bens.checklist.test.CheckListSlashRedirectionTest" name="verifySlashRedirection" time="1.649"/>
  <system-out/>
  <testcase classname="com.qa.bens.checklist.test.CheckListSlashRedirectionTest" name="verifySlashRedirection" time="1.562"/>
  <system-out/>
  <testcase classname="com.qa.bens.checklist.test.CheckListSlashRedirectionTest" name="verifySlashRedirection" time="1.637"/>
  <system-out/>
  <testcase classname="com.qa.bens.checklist.test.CheckListSlashRedirectionTest" name="verifySlashRedirection" time="1.918"/>
  <system-out/>
  <testcase classname="com.qa.bens.checklist.test.CheckListSlashRedirectionTest" name="verifySlashRedirection" time="0.901"/>
  <system-out/>
  <testcase classname="com.qa.bens.checklist.test.CheckListSlashRedirectionTest" name="verifySlashRedirection" time="1.792"/>
  <system-out/>
  <testcase classname="com.qa.bens.checklist.test.CheckListSlashRedirectionTest" name="verifySlashRedirection" time="1.991"/>
  <system-out/>
  <testcase classname="com.qa.bens.checklist.test.CheckListSlashRedirectionTest" name="verifySlashRedirection" time="1.883"/>
  <system-out/>
  <testcase classname="com.qa.bens.checklist.test.CheckListSlashRedirectionTest" name="verifySlashRedirection" time="2.072"/>
  <system-out/>
  <testcase classname="com.qa.bens.checklist.test.CheckListSlashRedirectionTest" name="verifySlashRedirection" time="1.564"/>
  <system-out/>
  <testcase classname="com.qa.bens.checklist.test.CheckListSlashRedirectionTest" name="verifySlashRedirection" time="1.953"/>
  <system-out/>
  <testcase classname="com.qa.bens.checklist.test.CheckListSlashRedirectionTest" name="verifySlashRedirection" time="2.115"/>
  <system-out/>
  <testcase classname="com.qa.bens.checklist.test.CheckListSlashRedirectionTest" name="verifySlashRedirection" time="1.918"/>
  <system-out/>
  <testcase classname="com.qa.bens.checklist.test.CheckListSlashRedirectionTest" name="verifySlashRedirection" time="5.325"/>
  <system-out/>
  <testcase classname="com.qa.bens.checklist.test.CheckListSlashRedirectionTest" name="verifySlashRedirection" time="1.863"/>
  <system-out/>
  <testcase classname="com.qa.bens.checklist.test.CheckListSlashRedirectionTest" name="verifySlashRedirection" time="1.697"/>
  <system-out/>
  <testcase classname="com.qa.bens.checklist.test.CheckListSlashRedirectionTest" name="verifySlashRedirection" time="1.976"/>
  <system-out/>
  <testcase classname="com.qa.bens.checklist.test.CheckListSlashRedirectionTest" name="verifySlashRedirection" time="2.381"/>
  <system-out/>
  <testcase classname="com.qa.bens.checklist.test.CheckListSlashRedirectionTest" name="verifySlashRedirection" time="1.708"/>
  <system-out/>
  <testcase classname="com.qa.bens.checklist.test.CheckListSlashRedirectionTest" name="verifySlashRedirection" time="1.694"/>
  <system-out/>
  <testcase classname="com.qa.bens.checklist.test.CheckListSlashRedirectionTest" name="verifySlashRedirection" time="1.381"/>
  <system-out/>
  <testcase classname="com.qa.bens.checklist.test.CheckListSlashRedirectionTest" name="verifySlashRedirection" time="2.288"/>
  <system-out/>
  <testcase classname="com.qa.bens.checklist.test.CheckListSlashRedirectionTest" name="verifySlashRedirection" time="1.361"/>
  <system-out/>
  <testcase classname="com.qa.bens.checklist.test.CheckListSlashRedirectionTest" name="verifySlashRedirection" time="2.070"/>
  <system-out/>
  <testcase classname="com.qa.bens.checklist.test.CheckListSlashRedirectionTest" name="verifySlashRedirection" time="1.095"/>
  <system-out/>
  <testcase classname="com.qa.bens.checklist.test.CheckListSlashRedirectionTest" name="verifySlashRedirection" time="1.767"/>
  <system-out/>
  <testcase classname="com.qa.bens.checklist.test.CheckListSlashRedirectionTest" name="verifySlashRedirection" time="2.382"/>
  <system-out/>
  <testcase classname="com.qa.bens.checklist.test.CheckListSlashRedirectionTest" name="verifySlashRedirection" time="1.103"/>
  <system-out/>
  <testcase classname="com.qa.bens.checklist.test.CheckListSlashRedirectionTest" name="verifySlashRedirection" time="2.339"/>
  <system-out/>
  <testcase classname="com.qa.bens.checklist.test.CheckListSlashRedirectionTest" name="verifySlashRedirection" time="1.050"/>
  <system-out/>
  <testcase classname="com.qa.bens.checklist.test.CheckListSlashRedirectionTest" name="verifySlashRedirection" time="1.917"/>
  <system-out/>
  <testcase classname="com.qa.bens.checklist.test.CheckListSlashRedirectionTest" name="verifySlashRedirection" time="1.024"/>
  <system-out/>
  <testcase classname="com.qa.bens.checklist.test.CheckListSlashRedirectionTest" name="verifySlashRedirection" time="1.294"/>
  <system-out/>
  <testcase classname="com.qa.bens.checklist.test.CheckListSlashRedirectionTest" name="verifySlashRedirection" time="1.939"/>
  <system-out/>
  <testcase classname="com.qa.bens.checklist.test.CheckListSlashRedirectionTest" name="verifySlashRedirection" time="1.574"/>
  <system-out/>
  <testcase classname="com.qa.bens.checklist.test.CheckListSlashRedirectionTest" name="verifySlashRedirection" time="1.798"/>
  <system-out/>
  <testcase classname="com.qa.bens.checklist.test.CheckListSlashRedirectionTest" name="verifySlashRedirection" time="2.038"/>
  <system-out/>
  <testcase classname="com.qa.bens.checklist.test.CheckListSlashRedirectionTest" name="verifySlashRedirection" time="1.936"/>
  <system-out/>
  <testcase classname="com.qa.bens.checklist.test.CheckListSlashRedirectionTest" name="verifySlashRedirection" time="1.589"/>
  <system-out/>
  <testcase classname="com.qa.bens.checklist.test.CheckListSlashRedirectionTest" name="verifySlashRedirection" time="1.430"/>
  <system-out/>
  <testcase classname="com.qa.bens.checklist.test.CheckListSlashRedirectionTest" name="verifySlashRedirection" time="2.120"/>
  <system-out/>
  <testcase classname="com.qa.bens.checklist.test.CheckListSlashRedirectionTest" name="verifySlashRedirection" time="1.833"/>
  <system-out/>
</testsuite> <!-- com.qa.bens.checklist.test.CheckListSlashRedirectionTest -->
