<?xml version="1.0" encoding="UTF-8"?>
<!-- Generated by org.testng.reporters.JUnitReportReporter -->
<testsuite hostname="WKWZTPqvmdckJHX" failures="0" tests="14" name="com.qa.centrum.eng.test.CentrumSampleBestVitaminForKidsTest" time="203.093" errors="1" timestamp="2023-02-03T11:15:00 IST" skipped="0">
  <testcase classname="com.qa.centrum.eng.test.CentrumSampleBestVitaminForKidsTest" name="cookieButton" time="6.337"/>
  <system-out/>
  <testcase classname="com.qa.centrum.eng.test.CentrumSampleBestVitaminForKidsTest" name="verifyDietLink" time="33.020"/>
  <system-out/>
  <testcase classname="com.qa.centrum.eng.test.CentrumSampleBestVitaminForKidsTest" name="verifyVitaminLinkOne" time="10.490"/>
  <system-out/>
  <testcase classname="com.qa.centrum.eng.test.CentrumSampleBestVitaminForKidsTest" name="verifyVitaminLinkTwo" time="10.562"/>
  <system-out/>
  <testcase classname="com.qa.centrum.eng.test.CentrumSampleBestVitaminForKidsTest" name="verifyShowReference" time="26.496">
    <error message="Unable to click the element using JavaScript" type="java.lang.Exception">
      <![CDATA[java.lang.Exception: Unable to click the element using JavaScript
at com.qa.baseClass.BaseClass.clickElementUsingJavaScript(BaseClass.java:388)
at com.qa.centrum.eng.pages.CentrumBestVitaminForKidsPage.clickShowReference(CentrumBestVitaminForKidsPage.java:136)
at com.qa.centrum.eng.test.CentrumSampleBestVitaminForKidsTest.verifyShowReference(CentrumSampleBestVitaminForKidsTest.java:81)
at java.base/jdk.internal.reflect.DirectMethodHandleAccessor.invoke(DirectMethodHandleAccessor.java:104)
at java.base/java.lang.reflect.Method.invoke(Method.java:577)
at org.testng.internal.MethodInvocationHelper.invokeMethod(MethodInvocationHelper.java:133)
at org.testng.internal.TestInvoker.invokeMethod(TestInvoker.java:598)
at org.testng.internal.TestInvoker.invokeTestMethod(TestInvoker.java:173)
at org.testng.internal.MethodRunner.runInSequence(MethodRunner.java:46)
at org.testng.internal.TestInvoker$MethodInvocationAgent.invoke(TestInvoker.java:824)
at org.testng.internal.TestInvoker.invokeTestMethods(TestInvoker.java:146)
at org.testng.internal.TestMethodWorker.invokeTestMethods(TestMethodWorker.java:146)
at org.testng.internal.TestMethodWorker.run(TestMethodWorker.java:128)
at java.base/java.util.ArrayList.forEach(ArrayList.java:1511)
at org.testng.TestRunner.privateRun(TestRunner.java:794)
at org.testng.TestRunner.run(TestRunner.java:596)
at org.testng.SuiteRunner.runTest(SuiteRunner.java:377)
at org.testng.SuiteRunner.runSequentially(SuiteRunner.java:371)
at org.testng.SuiteRunner.privateRun(SuiteRunner.java:332)
at org.testng.SuiteRunner.run(SuiteRunner.java:276)
at org.testng.SuiteRunnerWorker.runSuite(SuiteRunnerWorker.java:53)
at org.testng.SuiteRunnerWorker.run(SuiteRunnerWorker.java:96)
at org.testng.TestNG.runSuitesSequentially(TestNG.java:1212)
at org.testng.TestNG.runSuitesLocally(TestNG.java:1134)
at org.testng.TestNG.runSuites(TestNG.java:1063)
at org.testng.TestNG.run(TestNG.java:1031)
at org.testng.remote.AbstractRemoteTestNG.run(AbstractRemoteTestNG.java:115)
at org.testng.remote.RemoteTestNG.initAndRun(RemoteTestNG.java:251)
at org.testng.remote.RemoteTestNG.main(RemoteTestNG.java:77)
]]>
    </error>
  </testcase> <!-- verifyShowReference -->
  <system-out/>
  <testcase classname="com.qa.centrum.eng.test.CentrumSampleBestVitaminForKidsTest" name="verifyArticleOne" time="12.155"/>
  <system-out/>
  <testcase classname="com.qa.centrum.eng.test.CentrumSampleBestVitaminForKidsTest" name="verifyArticleTwo" time="19.452"/>
  <system-out/>
  <testcase classname="com.qa.centrum.eng.test.CentrumSampleBestVitaminForKidsTest" name="verifyArticleThree" time="10.860"/>
  <system-out/>
  <testcase classname="com.qa.centrum.eng.test.CentrumSampleBestVitaminForKidsTest" name="verifyArticleFour" time="9.603"/>
  <system-out/>
  <testcase classname="com.qa.centrum.eng.test.CentrumSampleBestVitaminForKidsTest" name="verifyBreadcrumbOne" time="23.830"/>
  <system-out/>
  <testcase classname="com.qa.centrum.eng.test.CentrumSampleBestVitaminForKidsTest" name="verifyBreadcrumbTwo" time="9.304"/>
  <system-out/>
  <testcase classname="com.qa.centrum.eng.test.CentrumSampleBestVitaminForKidsTest" name="verifyBreadcrumbThree" time="9.398"/>
  <system-out/>
  <testcase classname="com.qa.centrum.eng.test.CentrumSampleBestVitaminForKidsTest" name="verifyBreadcrumbFour" time="12.605"/>
  <system-out/>
  <testcase classname="com.qa.centrum.eng.test.CentrumSampleBestVitaminForKidsTest" name="verifyBreadcrumbFive" time="8.981"/>
  <system-out/>
</testsuite> <!-- com.qa.centrum.eng.test.CentrumSampleBestVitaminForKidsTest -->
