<?xml version="1.0" encoding="UTF-8"?>
<!-- Generated by org.testng.reporters.JUnitReportReporter -->
<testsuite hostname="WKWZTPqvmdckJHX" failures="0" tests="5" name="com.qa.quit.test.Quit7WorstHeartHealthMistakesTest" time="49.548" errors="0" timestamp="2023-08-04T14:51:01 IST" skipped="0">
  <testcase classname="com.qa.quit.test.Quit7WorstHeartHealthMistakesTest" name="cookieButton" time="6.519"/>
  <system-out/>
  <testcase classname="com.qa.quit.test.Quit7WorstHeartHealthMistakesTest" name="verifyBannerImgLink" time="6.676"/>
  <system-out/>
  <testcase classname="com.qa.quit.test.Quit7WorstHeartHealthMistakesTest" name="verifyHyperLinkOne" time="6.869"/>
  <system-out/>
  <testcase classname="com.qa.quit.test.Quit7WorstHeartHealthMistakesTest" name="verifyHyperLinkTwo" time="13.164"/>
  <system-out/>
  <testcase classname="com.qa.quit.test.Quit7WorstHeartHealthMistakesTest" name="verifyHyperLinkThree" time="16.320"/>
  <system-out/>
</testsuite> <!-- com.qa.quit.test.Quit7WorstHeartHealthMistakesTest -->
