<?xml version="1.0" encoding="UTF-8"?>
<!-- Generated by org.testng.reporters.JUnitReportReporter -->
<testsuite hostname="WKWZTPqvmdckJHX" failures="0" tests="135" name="com.qa.bens.checklist.test.CheckListAltTextTest" time="652.275" errors="0" timestamp="2023-08-10T17:57:50 IST" skipped="0">
  <testcase classname="com.qa.bens.checklist.test.CheckListAltTextTest" name="verifyLazyloaded" time="10.009"/>
  <system-out/>
  <testcase classname="com.qa.bens.checklist.test.CheckListAltTextTest" name="verifyLazyloaded" time="4.666"/>
  <system-out/>
  <testcase classname="com.qa.bens.checklist.test.CheckListAltTextTest" name="verifyLazyloaded" time="4.209"/>
  <system-out/>
  <testcase classname="com.qa.bens.checklist.test.CheckListAltTextTest" name="verifyLazyloaded" time="4.106"/>
  <system-out/>
  <testcase classname="com.qa.bens.checklist.test.CheckListAltTextTest" name="verifyLazyloaded" time="4.687"/>
  <system-out/>
  <testcase classname="com.qa.bens.checklist.test.CheckListAltTextTest" name="verifyLazyloaded" time="5.530"/>
  <system-out/>
  <testcase classname="com.qa.bens.checklist.test.CheckListAltTextTest" name="verifyLazyloaded" time="3.705"/>
  <system-out/>
  <testcase classname="com.qa.bens.checklist.test.CheckListAltTextTest" name="verifyLazyloaded" time="5.947"/>
  <system-out/>
  <testcase classname="com.qa.bens.checklist.test.CheckListAltTextTest" name="verifyLazyloaded" time="4.302"/>
  <system-out/>
  <testcase classname="com.qa.bens.checklist.test.CheckListAltTextTest" name="verifyLazyloaded" time="7.445"/>
  <system-out/>
  <testcase classname="com.qa.bens.checklist.test.CheckListAltTextTest" name="verifyLazyloaded" time="3.958"/>
  <system-out/>
  <testcase classname="com.qa.bens.checklist.test.CheckListAltTextTest" name="verifyLazyloaded" time="4.897"/>
  <system-out/>
  <testcase classname="com.qa.bens.checklist.test.CheckListAltTextTest" name="verifyLazyloaded" time="3.371"/>
  <system-out/>
  <testcase classname="com.qa.bens.checklist.test.CheckListAltTextTest" name="verifyLazyloaded" time="4.732"/>
  <system-out/>
  <testcase classname="com.qa.bens.checklist.test.CheckListAltTextTest" name="verifyLazyloaded" time="4.267"/>
  <system-out/>
  <testcase classname="com.qa.bens.checklist.test.CheckListAltTextTest" name="verifyLazyloaded" time="4.865"/>
  <system-out/>
  <testcase classname="com.qa.bens.checklist.test.CheckListAltTextTest" name="verifyLazyloaded" time="4.296"/>
  <system-out/>
  <testcase classname="com.qa.bens.checklist.test.CheckListAltTextTest" name="verifyLazyloaded" time="5.267"/>
  <system-out/>
  <testcase classname="com.qa.bens.checklist.test.CheckListAltTextTest" name="verifyLazyloaded" time="4.831"/>
  <system-out/>
  <testcase classname="com.qa.bens.checklist.test.CheckListAltTextTest" name="verifyLazyloaded" time="4.709"/>
  <system-out/>
  <testcase classname="com.qa.bens.checklist.test.CheckListAltTextTest" name="verifyLazyloaded" time="6.257"/>
  <system-out/>
  <testcase classname="com.qa.bens.checklist.test.CheckListAltTextTest" name="verifyLazyloaded" time="4.860"/>
  <system-out/>
  <testcase classname="com.qa.bens.checklist.test.CheckListAltTextTest" name="verifyLazyloaded" time="4.301"/>
  <system-out/>
  <testcase classname="com.qa.bens.checklist.test.CheckListAltTextTest" name="verifyLazyloaded" time="4.445"/>
  <system-out/>
  <testcase classname="com.qa.bens.checklist.test.CheckListAltTextTest" name="verifyLazyloaded" time="4.298"/>
  <system-out/>
  <testcase classname="com.qa.bens.checklist.test.CheckListAltTextTest" name="verifyLazyloaded" time="4.492"/>
  <system-out/>
  <testcase classname="com.qa.bens.checklist.test.CheckListAltTextTest" name="verifyLazyloaded" time="5.573"/>
  <system-out/>
  <testcase classname="com.qa.bens.checklist.test.CheckListAltTextTest" name="verifyLazyloaded" time="4.512"/>
  <system-out/>
  <testcase classname="com.qa.bens.checklist.test.CheckListAltTextTest" name="verifyLazyloaded" time="4.335"/>
  <system-out/>
  <testcase classname="com.qa.bens.checklist.test.CheckListAltTextTest" name="verifyLazyloaded" time="4.159"/>
  <system-out/>
  <testcase classname="com.qa.bens.checklist.test.CheckListAltTextTest" name="verifyLazyloaded" time="4.192"/>
  <system-out/>
  <testcase classname="com.qa.bens.checklist.test.CheckListAltTextTest" name="verifyLazyloaded" time="4.091"/>
  <system-out/>
  <testcase classname="com.qa.bens.checklist.test.CheckListAltTextTest" name="verifyLazyloaded" time="4.472"/>
  <system-out/>
  <testcase classname="com.qa.bens.checklist.test.CheckListAltTextTest" name="verifyLazyloaded" time="5.114"/>
  <system-out/>
  <testcase classname="com.qa.bens.checklist.test.CheckListAltTextTest" name="verifyLazyloaded" time="3.512"/>
  <system-out/>
  <testcase classname="com.qa.bens.checklist.test.CheckListAltTextTest" name="verifyLazyloaded" time="5.255"/>
  <system-out/>
  <testcase classname="com.qa.bens.checklist.test.CheckListAltTextTest" name="verifyLazyloaded" time="4.367"/>
  <system-out/>
  <testcase classname="com.qa.bens.checklist.test.CheckListAltTextTest" name="verifyLazyloaded" time="4.274"/>
  <system-out/>
  <testcase classname="com.qa.bens.checklist.test.CheckListAltTextTest" name="verifyLazyloaded" time="10.943"/>
  <system-out/>
  <testcase classname="com.qa.bens.checklist.test.CheckListAltTextTest" name="verifyLazyloaded" time="4.093"/>
  <system-out/>
  <testcase classname="com.qa.bens.checklist.test.CheckListAltTextTest" name="verifyLazyloaded" time="4.442"/>
  <system-out/>
  <testcase classname="com.qa.bens.checklist.test.CheckListAltTextTest" name="verifyLazyloaded" time="4.235"/>
  <system-out/>
  <testcase classname="com.qa.bens.checklist.test.CheckListAltTextTest" name="verifyLazyloaded" time="4.432"/>
  <system-out/>
  <testcase classname="com.qa.bens.checklist.test.CheckListAltTextTest" name="verifyLazyloaded" time="4.348"/>
  <system-out/>
  <testcase classname="com.qa.bens.checklist.test.CheckListAltTextTest" name="verifyLazyloaded" time="4.301"/>
  <system-out/>
  <testcase classname="com.qa.bens.checklist.test.CheckListAltTextTest" name="verifyLazyloaded" time="5.894"/>
  <system-out/>
  <testcase classname="com.qa.bens.checklist.test.CheckListAltTextTest" name="verifyLazyloaded" time="10.263"/>
  <system-out/>
  <testcase classname="com.qa.bens.checklist.test.CheckListAltTextTest" name="verifyLazyloaded" time="4.874"/>
  <system-out/>
  <testcase classname="com.qa.bens.checklist.test.CheckListAltTextTest" name="verifyLazyloaded" time="4.275"/>
  <system-out/>
  <testcase classname="com.qa.bens.checklist.test.CheckListAltTextTest" name="verifyLazyloaded" time="4.054"/>
  <system-out/>
  <testcase classname="com.qa.bens.checklist.test.CheckListAltTextTest" name="verifyLazyloaded" time="6.299"/>
  <system-out/>
  <testcase classname="com.qa.bens.checklist.test.CheckListAltTextTest" name="verifyLazyloaded" time="4.542"/>
  <system-out/>
  <testcase classname="com.qa.bens.checklist.test.CheckListAltTextTest" name="verifyLazyloaded" time="3.992"/>
  <system-out/>
  <testcase classname="com.qa.bens.checklist.test.CheckListAltTextTest" name="verifyLazyloaded" time="5.254"/>
  <system-out/>
  <testcase classname="com.qa.bens.checklist.test.CheckListAltTextTest" name="verifyLazyloaded" time="6.989"/>
  <system-out/>
  <testcase classname="com.qa.bens.checklist.test.CheckListAltTextTest" name="verifyLazyloaded" time="5.040"/>
  <system-out/>
  <testcase classname="com.qa.bens.checklist.test.CheckListAltTextTest" name="verifyLazyloaded" time="3.411"/>
  <system-out/>
  <testcase classname="com.qa.bens.checklist.test.CheckListAltTextTest" name="verifyLazyloaded" time="3.561"/>
  <system-out/>
  <testcase classname="com.qa.bens.checklist.test.CheckListAltTextTest" name="verifyLazyloaded" time="4.772"/>
  <system-out/>
  <testcase classname="com.qa.bens.checklist.test.CheckListAltTextTest" name="verifyLazyloaded" time="6.110"/>
  <system-out/>
  <testcase classname="com.qa.bens.checklist.test.CheckListAltTextTest" name="verifyLazyloaded" time="4.099"/>
  <system-out/>
  <testcase classname="com.qa.bens.checklist.test.CheckListAltTextTest" name="verifyLazyloaded" time="4.253"/>
  <system-out/>
  <testcase classname="com.qa.bens.checklist.test.CheckListAltTextTest" name="verifyLazyloaded" time="4.675"/>
  <system-out/>
  <testcase classname="com.qa.bens.checklist.test.CheckListAltTextTest" name="verifyLazyloaded" time="4.292"/>
  <system-out/>
  <testcase classname="com.qa.bens.checklist.test.CheckListAltTextTest" name="verifyLazyloaded" time="4.507"/>
  <system-out/>
  <testcase classname="com.qa.bens.checklist.test.CheckListAltTextTest" name="verifyLazyloaded" time="4.969"/>
  <system-out/>
  <testcase classname="com.qa.bens.checklist.test.CheckListAltTextTest" name="verifyLazyloaded" time="5.513"/>
  <system-out/>
  <testcase classname="com.qa.bens.checklist.test.CheckListAltTextTest" name="verifyLazyloaded" time="4.691"/>
  <system-out/>
  <testcase classname="com.qa.bens.checklist.test.CheckListAltTextTest" name="verifyLazyloaded" time="3.404"/>
  <system-out/>
  <testcase classname="com.qa.bens.checklist.test.CheckListAltTextTest" name="verifyLazyloaded" time="13.449"/>
  <system-out/>
  <testcase classname="com.qa.bens.checklist.test.CheckListAltTextTest" name="verifyLazyloaded" time="4.028"/>
  <system-out/>
  <testcase classname="com.qa.bens.checklist.test.CheckListAltTextTest" name="verifyLazyloaded" time="4.616"/>
  <system-out/>
  <testcase classname="com.qa.bens.checklist.test.CheckListAltTextTest" name="verifyLazyloaded" time="3.394"/>
  <system-out/>
  <testcase classname="com.qa.bens.checklist.test.CheckListAltTextTest" name="verifyLazyloaded" time="3.928"/>
  <system-out/>
  <testcase classname="com.qa.bens.checklist.test.CheckListAltTextTest" name="verifyLazyloaded" time="4.642"/>
  <system-out/>
  <testcase classname="com.qa.bens.checklist.test.CheckListAltTextTest" name="verifyLazyloaded" time="3.908"/>
  <system-out/>
  <testcase classname="com.qa.bens.checklist.test.CheckListAltTextTest" name="verifyLazyloaded" time="4.373"/>
  <system-out/>
  <testcase classname="com.qa.bens.checklist.test.CheckListAltTextTest" name="verifyLazyloaded" time="4.274"/>
  <system-out/>
  <testcase classname="com.qa.bens.checklist.test.CheckListAltTextTest" name="verifyLazyloaded" time="4.118"/>
  <system-out/>
  <testcase classname="com.qa.bens.checklist.test.CheckListAltTextTest" name="verifyLazyloaded" time="4.457"/>
  <system-out/>
  <testcase classname="com.qa.bens.checklist.test.CheckListAltTextTest" name="verifyLazyloaded" time="5.428"/>
  <system-out/>
  <testcase classname="com.qa.bens.checklist.test.CheckListAltTextTest" name="verifyLazyloaded" time="4.604"/>
  <system-out/>
  <testcase classname="com.qa.bens.checklist.test.CheckListAltTextTest" name="verifyLazyloaded" time="4.380"/>
  <system-out/>
  <testcase classname="com.qa.bens.checklist.test.CheckListAltTextTest" name="verifyLazyloaded" time="5.606"/>
  <system-out/>
  <testcase classname="com.qa.bens.checklist.test.CheckListAltTextTest" name="verifyLazyloaded" time="4.230"/>
  <system-out/>
  <testcase classname="com.qa.bens.checklist.test.CheckListAltTextTest" name="verifyLazyloaded" time="4.532"/>
  <system-out/>
  <testcase classname="com.qa.bens.checklist.test.CheckListAltTextTest" name="verifyLazyloaded" time="5.397"/>
  <system-out/>
  <testcase classname="com.qa.bens.checklist.test.CheckListAltTextTest" name="verifyLazyloaded" time="7.802"/>
  <system-out/>
  <testcase classname="com.qa.bens.checklist.test.CheckListAltTextTest" name="verifyLazyloaded" time="4.615"/>
  <system-out/>
  <testcase classname="com.qa.bens.checklist.test.CheckListAltTextTest" name="verifyLazyloaded" time="4.874"/>
  <system-out/>
  <testcase classname="com.qa.bens.checklist.test.CheckListAltTextTest" name="verifyLazyloaded" time="4.342"/>
  <system-out/>
  <testcase classname="com.qa.bens.checklist.test.CheckListAltTextTest" name="verifyLazyloaded" time="3.467"/>
  <system-out/>
  <testcase classname="com.qa.bens.checklist.test.CheckListAltTextTest" name="verifyLazyloaded" time="4.202"/>
  <system-out/>
  <testcase classname="com.qa.bens.checklist.test.CheckListAltTextTest" name="verifyLazyloaded" time="4.789"/>
  <system-out/>
  <testcase classname="com.qa.bens.checklist.test.CheckListAltTextTest" name="verifyLazyloaded" time="4.342"/>
  <system-out/>
  <testcase classname="com.qa.bens.checklist.test.CheckListAltTextTest" name="verifyLazyloaded" time="4.085"/>
  <system-out/>
  <testcase classname="com.qa.bens.checklist.test.CheckListAltTextTest" name="verifyLazyloaded" time="5.442"/>
  <system-out/>
  <testcase classname="com.qa.bens.checklist.test.CheckListAltTextTest" name="verifyLazyloaded" time="4.200"/>
  <system-out/>
  <testcase classname="com.qa.bens.checklist.test.CheckListAltTextTest" name="verifyLazyloaded" time="3.659"/>
  <system-out/>
  <testcase classname="com.qa.bens.checklist.test.CheckListAltTextTest" name="verifyLazyloaded" time="5.743"/>
  <system-out/>
  <testcase classname="com.qa.bens.checklist.test.CheckListAltTextTest" name="verifyLazyloaded" time="4.339"/>
  <system-out/>
  <testcase classname="com.qa.bens.checklist.test.CheckListAltTextTest" name="verifyLazyloaded" time="4.597"/>
  <system-out/>
  <testcase classname="com.qa.bens.checklist.test.CheckListAltTextTest" name="verifyLazyloaded" time="4.591"/>
  <system-out/>
  <testcase classname="com.qa.bens.checklist.test.CheckListAltTextTest" name="verifyLazyloaded" time="5.253"/>
  <system-out/>
  <testcase classname="com.qa.bens.checklist.test.CheckListAltTextTest" name="verifyLazyloaded" time="4.163"/>
  <system-out/>
  <testcase classname="com.qa.bens.checklist.test.CheckListAltTextTest" name="verifyLazyloaded" time="4.342"/>
  <system-out/>
  <testcase classname="com.qa.bens.checklist.test.CheckListAltTextTest" name="verifyLazyloaded" time="5.550"/>
  <system-out/>
  <testcase classname="com.qa.bens.checklist.test.CheckListAltTextTest" name="verifyLazyloaded" time="4.448"/>
  <system-out/>
  <testcase classname="com.qa.bens.checklist.test.CheckListAltTextTest" name="verifyLazyloaded" time="4.079"/>
  <system-out/>
  <testcase classname="com.qa.bens.checklist.test.CheckListAltTextTest" name="verifyLazyloaded" time="4.585"/>
  <system-out/>
  <testcase classname="com.qa.bens.checklist.test.CheckListAltTextTest" name="verifyLazyloaded" time="5.613"/>
  <system-out/>
  <testcase classname="com.qa.bens.checklist.test.CheckListAltTextTest" name="verifyLazyloaded" time="4.619"/>
  <system-out/>
  <testcase classname="com.qa.bens.checklist.test.CheckListAltTextTest" name="verifyLazyloaded" time="4.422"/>
  <system-out/>
  <testcase classname="com.qa.bens.checklist.test.CheckListAltTextTest" name="verifyLazyloaded" time="4.441"/>
  <system-out/>
  <testcase classname="com.qa.bens.checklist.test.CheckListAltTextTest" name="verifyLazyloaded" time="6.108"/>
  <system-out/>
  <testcase classname="com.qa.bens.checklist.test.CheckListAltTextTest" name="verifyLazyloaded" time="4.196"/>
  <system-out/>
  <testcase classname="com.qa.bens.checklist.test.CheckListAltTextTest" name="verifyLazyloaded" time="6.203"/>
  <system-out/>
  <testcase classname="com.qa.bens.checklist.test.CheckListAltTextTest" name="verifyLazyloaded" time="4.461"/>
  <system-out/>
  <testcase classname="com.qa.bens.checklist.test.CheckListAltTextTest" name="verifyLazyloaded" time="3.293"/>
  <system-out/>
  <testcase classname="com.qa.bens.checklist.test.CheckListAltTextTest" name="verifyLazyloaded" time="4.232"/>
  <system-out/>
  <testcase classname="com.qa.bens.checklist.test.CheckListAltTextTest" name="verifyLazyloaded" time="4.608"/>
  <system-out/>
  <testcase classname="com.qa.bens.checklist.test.CheckListAltTextTest" name="verifyLazyloaded" time="6.029"/>
  <system-out/>
  <testcase classname="com.qa.bens.checklist.test.CheckListAltTextTest" name="verifyLazyloaded" time="5.058"/>
  <system-out/>
  <testcase classname="com.qa.bens.checklist.test.CheckListAltTextTest" name="verifyLazyloaded" time="4.832"/>
  <system-out/>
  <testcase classname="com.qa.bens.checklist.test.CheckListAltTextTest" name="verifyLazyloaded" time="4.498"/>
  <system-out/>
  <testcase classname="com.qa.bens.checklist.test.CheckListAltTextTest" name="verifyLazyloaded" time="4.209"/>
  <system-out/>
  <testcase classname="com.qa.bens.checklist.test.CheckListAltTextTest" name="verifyLazyloaded" time="4.365"/>
  <system-out/>
  <testcase classname="com.qa.bens.checklist.test.CheckListAltTextTest" name="verifyLazyloaded" time="5.094"/>
  <system-out/>
  <testcase classname="com.qa.bens.checklist.test.CheckListAltTextTest" name="verifyLazyloaded" time="4.806"/>
  <system-out/>
  <testcase classname="com.qa.bens.checklist.test.CheckListAltTextTest" name="verifyLazyloaded" time="4.279"/>
  <system-out/>
  <testcase classname="com.qa.bens.checklist.test.CheckListAltTextTest" name="verifyLazyloaded" time="3.499"/>
  <system-out/>
  <testcase classname="com.qa.bens.checklist.test.CheckListAltTextTest" name="verifyLazyloaded" time="4.605"/>
  <system-out/>
  <testcase classname="com.qa.bens.checklist.test.CheckListAltTextTest" name="verifyLazyloaded" time="4.619"/>
  <system-out/>
  <testcase classname="com.qa.bens.checklist.test.CheckListAltTextTest" name="verifyLazyloaded" time="4.738"/>
  <system-out/>
  <testcase classname="com.qa.bens.checklist.test.CheckListAltTextTest" name="verifyLazyloaded" time="3.740"/>
  <system-out/>
</testsuite> <!-- com.qa.bens.checklist.test.CheckListAltTextTest -->
