<?xml version="1.0" encoding="UTF-8"?>
<!-- Generated by org.testng.reporters.JUnitReportReporter -->
<testsuite hostname="WKWZTPqvmdckJHX" failures="0" tests="1" name="com.qa.flonase.test.FlonaseAllergyManagementTipsTest" time="14.912" errors="0" timestamp="2023-11-08T14:49:44 IST" skipped="0">
  <testcase classname="com.qa.flonase.test.FlonaseAllergyManagementTipsTest" name="cookieButton" time="14.912"/>
  <system-out/>
</testsuite> <!-- com.qa.flonase.test.FlonaseAllergyManagementTipsTest -->
