<?xml version="1.0" encoding="UTF-8"?>
<!-- Generated by org.testng.reporters.JUnitReportReporter -->
<testsuite hostname="WKWZTPqvmdckJHX" failures="0" tests="17" name="com.qa.tums.eng.test.TumsAntacidProductsSmoothiesTest" time="193.614" errors="0" timestamp="2023-01-23T12:28:36 IST" skipped="1">
  <testcase classname="com.qa.tums.eng.test.TumsAntacidProductsSmoothiesTest" name="verifyCookie" time="6.244"/>
  <system-out/>
  <testcase classname="com.qa.tums.eng.test.TumsAntacidProductsSmoothiesTest" name="verifyBreadCrumbHome" time="13.390"/>
  <system-out/>
  <testcase classname="com.qa.tums.eng.test.TumsAntacidProductsSmoothiesTest" name="verifyBreadCrumbOne" time="13.122"/>
  <system-out/>
  <testcase classname="com.qa.tums.eng.test.TumsAntacidProductsSmoothiesTest" name="verifyWriteAReview" time="12.007"/>
  <system-out/>
  <testcase classname="com.qa.tums.eng.test.TumsAntacidProductsSmoothiesTest" name="verifyBuyNow" time="8.962"/>
  <system-out/>
  <testcase classname="com.qa.tums.eng.test.TumsAntacidProductsSmoothiesTest" name="verifyBuyNow" time="9.789">
    <skipped/>
  </testcase> <!-- verifyBuyNow -->
  <system-out/>
  <testcase classname="com.qa.tums.eng.test.TumsAntacidProductsSmoothiesTest" name="verifyGetCoupon" time="14.949"/>
  <system-out/>
  <testcase classname="com.qa.tums.eng.test.TumsAntacidProductsSmoothiesTest" name="verifyTabNavigationOne" time="7.427"/>
  <system-out/>
  <testcase classname="com.qa.tums.eng.test.TumsAntacidProductsSmoothiesTest" name="verifyTabNavigationTwo" time="6.379"/>
  <system-out/>
  <testcase classname="com.qa.tums.eng.test.TumsAntacidProductsSmoothiesTest" name="verifyTabNavigationThree" time="6.418"/>
  <system-out/>
  <testcase classname="com.qa.tums.eng.test.TumsAntacidProductsSmoothiesTest" name="verifyTabNavigationFour" time="7.028"/>
  <system-out/>
  <testcase classname="com.qa.tums.eng.test.TumsAntacidProductsSmoothiesTest" name="verifySeeProducts" time="10.940"/>
  <system-out/>
  <testcase classname="com.qa.tums.eng.test.TumsAntacidProductsSmoothiesTest" name="verifyYoutube" time="23.870"/>
  <system-out/>
  <testcase classname="com.qa.tums.eng.test.TumsAntacidProductsSmoothiesTest" name="verifyReadMore" time="11.610"/>
  <system-out/>
  <testcase classname="com.qa.tums.eng.test.TumsAntacidProductsSmoothiesTest" name="verifyPrdtOne" time="9.332"/>
  <system-out/>
  <testcase classname="com.qa.tums.eng.test.TumsAntacidProductsSmoothiesTest" name="verifyPrdtTwo" time="12.091"/>
  <system-out/>
  <testcase classname="com.qa.tums.eng.test.TumsAntacidProductsSmoothiesTest" name="verifyPrdtThree" time="20.056"/>
  <system-out/>
</testsuite> <!-- com.qa.tums.eng.test.TumsAntacidProductsSmoothiesTest -->
