<?xml version="1.0" encoding="UTF-8"?>
<!-- Generated by org.testng.reporters.JUnitReportReporter -->
<testsuite hostname="WKWZTPqvmdckJHX" failures="0" tests="18" name="com.qa.preph.test.PrephCausesOfHemorrhoidsTest" time="107.877" errors="0" timestamp="2023-06-20T12:32:39 IST" skipped="0">
  <testcase classname="com.qa.preph.test.PrephCausesOfHemorrhoidsTest" name="cookieButton" time="3.544"/>
  <system-out/>
  <testcase classname="com.qa.preph.test.PrephCausesOfHemorrhoidsTest" name="verifyBreadcrumbOne" time="8.021"/>
  <system-out/>
  <testcase classname="com.qa.preph.test.PrephCausesOfHemorrhoidsTest" name="verifyBreadcrumbTwo" time="5.773"/>
  <system-out/>
  <testcase classname="com.qa.preph.test.PrephCausesOfHemorrhoidsTest" name="verifyBreadcrumbThree" time="1.758"/>
  <system-out/>
  <testcase classname="com.qa.preph.test.PrephCausesOfHemorrhoidsTest" name="verifyHyperLinkHemorrhids" time="5.830"/>
  <system-out/>
  <testcase classname="com.qa.preph.test.PrephCausesOfHemorrhoidsTest" name="verifyHyperLinkFlareUp" time="5.917"/>
  <system-out/>
  <testcase classname="com.qa.preph.test.PrephCausesOfHemorrhoidsTest" name="verifyHyperLinkStrainingDueToChronic" time="5.797"/>
  <system-out/>
  <testcase classname="com.qa.preph.test.PrephCausesOfHemorrhoidsTest" name="verifyHyperLinkPregnancy" time="5.749"/>
  <system-out/>
  <testcase classname="com.qa.preph.test.PrephCausesOfHemorrhoidsTest" name="verifyHyperLinkExertingYourself" time="5.767"/>
  <system-out/>
  <testcase classname="com.qa.preph.test.PrephCausesOfHemorrhoidsTest" name="verifyHyperLinkFibrousFood" time="5.750"/>
  <system-out/>
  <testcase classname="com.qa.preph.test.PrephCausesOfHemorrhoidsTest" name="verifyHyperLinkRightProducts" time="6.087"/>
  <system-out/>
  <testcase classname="com.qa.preph.test.PrephCausesOfHemorrhoidsTest" name="verifyHyperLinkHealthyLivingBlog" time="6.541"/>
  <system-out/>
  <testcase classname="com.qa.preph.test.PrephCausesOfHemorrhoidsTest" name="verifyRelatedArticleOne" time="5.928"/>
  <system-out/>
  <testcase classname="com.qa.preph.test.PrephCausesOfHemorrhoidsTest" name="verifyRelatedArticleTwo" time="6.000"/>
  <system-out/>
  <testcase classname="com.qa.preph.test.PrephCausesOfHemorrhoidsTest" name="verifyRelatedArticleThree" time="5.651"/>
  <system-out/>
  <testcase classname="com.qa.preph.test.PrephCausesOfHemorrhoidsTest" name="verifyRelatedArticleReadMoreOne" time="5.379"/>
  <system-out/>
  <testcase classname="com.qa.preph.test.PrephCausesOfHemorrhoidsTest" name="verifyRelatedArticleReadMoreTwo" time="5.608"/>
  <system-out/>
  <testcase classname="com.qa.preph.test.PrephCausesOfHemorrhoidsTest" name="verifyRelatedArticleReadMoreThree" time="12.777"/>
  <system-out/>
</testsuite> <!-- com.qa.preph.test.PrephCausesOfHemorrhoidsTest -->
