<?xml version="1.0" encoding="UTF-8"?>
<!-- Generated by org.testng.reporters.JUnitReportReporter -->
<testsuite hostname="WKWZTPqvmdckJHX" failures="0" tests="8" name="com.qa.eno.co.in.test.EnoInitialSymptomsOfHeartburnTest" time="79.455" errors="0" timestamp="2023-03-17T14:41:00 IST" skipped="0">
  <testcase classname="com.qa.eno.co.in.test.EnoInitialSymptomsOfHeartburnTest" name="verifyReferences" time="3.455"/>
  <system-out/>
  <testcase classname="com.qa.eno.co.in.test.EnoInitialSymptomsOfHeartburnTest" name="verifyHomeRemediesForIndigestionImg" time="12.182"/>
  <system-out/>
  <testcase classname="com.qa.eno.co.in.test.EnoInitialSymptomsOfHeartburnTest" name="verifyHomeRemediesForIndigestionText" time="9.582"/>
  <system-out/>
  <testcase classname="com.qa.eno.co.in.test.EnoInitialSymptomsOfHeartburnTest" name="verifyHomeRemediesForIndigestionPara" time="9.544"/>
  <system-out/>
  <testcase classname="com.qa.eno.co.in.test.EnoInitialSymptomsOfHeartburnTest" name="verifyGasReliefImg" time="10.543"/>
  <system-out/>
  <testcase classname="com.qa.eno.co.in.test.EnoInitialSymptomsOfHeartburnTest" name="verifyGasReliefText" time="17.713"/>
  <system-out/>
  <testcase classname="com.qa.eno.co.in.test.EnoInitialSymptomsOfHeartburnTest" name="verifyGasReliefPara" time="9.733"/>
  <system-out/>
  <testcase classname="com.qa.eno.co.in.test.EnoInitialSymptomsOfHeartburnTest" name="verifyDidyouKnowSection" time="6.703"/>
  <system-out/>
</testsuite> <!-- com.qa.eno.co.in.test.EnoInitialSymptomsOfHeartburnTest -->
