<?xml version="1.0" encoding="UTF-8"?>
<!-- Generated by org.testng.reporters.JUnitReportReporter -->
<testsuite hostname="WKWZTPqvmdckJHX" failures="0" tests="16" name="com.qa.tums.eng.test.TumsAntacidProductsExtra750Test" time="239.206" errors="0" timestamp="2023-01-23T12:28:36 IST" skipped="0">
  <testcase classname="com.qa.tums.eng.test.TumsAntacidProductsExtra750Test" name="verifyCookie" time="8.842"/>
  <system-out/>
  <testcase classname="com.qa.tums.eng.test.TumsAntacidProductsExtra750Test" name="verifyBreadCrumbHome" time="14.793"/>
  <system-out/>
  <testcase classname="com.qa.tums.eng.test.TumsAntacidProductsExtra750Test" name="verifyBreadCrumbOne" time="18.784"/>
  <system-out/>
  <testcase classname="com.qa.tums.eng.test.TumsAntacidProductsExtra750Test" name="verifyWriteAReview" time="12.289"/>
  <system-out/>
  <testcase classname="com.qa.tums.eng.test.TumsAntacidProductsExtra750Test" name="verifyBuyNow" time="11.416"/>
  <system-out/>
  <testcase classname="com.qa.tums.eng.test.TumsAntacidProductsExtra750Test" name="verifyGetCoupon" time="28.319"/>
  <system-out/>
  <testcase classname="com.qa.tums.eng.test.TumsAntacidProductsExtra750Test" name="verifyTabNavigationOne" time="7.396"/>
  <system-out/>
  <testcase classname="com.qa.tums.eng.test.TumsAntacidProductsExtra750Test" name="verifyTabNavigationTwo" time="7.491"/>
  <system-out/>
  <testcase classname="com.qa.tums.eng.test.TumsAntacidProductsExtra750Test" name="verifyTabNavigationThree" time="12.915"/>
  <system-out/>
  <testcase classname="com.qa.tums.eng.test.TumsAntacidProductsExtra750Test" name="verifyTabNavigationFour" time="7.390"/>
  <system-out/>
  <testcase classname="com.qa.tums.eng.test.TumsAntacidProductsExtra750Test" name="verifySeeProducts" time="11.676"/>
  <system-out/>
  <testcase classname="com.qa.tums.eng.test.TumsAntacidProductsExtra750Test" name="verifyYoutube" time="26.002"/>
  <system-out/>
  <testcase classname="com.qa.tums.eng.test.TumsAntacidProductsExtra750Test" name="verifyReadMore" time="12.644"/>
  <system-out/>
  <testcase classname="com.qa.tums.eng.test.TumsAntacidProductsExtra750Test" name="verifyPrdtOne" time="21.113"/>
  <system-out/>
  <testcase classname="com.qa.tums.eng.test.TumsAntacidProductsExtra750Test" name="verifyPrdtTwo" time="27.710"/>
  <system-out/>
  <testcase classname="com.qa.tums.eng.test.TumsAntacidProductsExtra750Test" name="verifyPrdtThree" time="10.426"/>
  <system-out/>
</testsuite> <!-- com.qa.tums.eng.test.TumsAntacidProductsExtra750Test -->
