<?xml version="1.0" encoding="UTF-8"?>
<!-- Generated by org.testng.reporters.JUnitReportReporter -->
<testsuite hostname="WKWZTPqvmdckJHX" failures="0" tests="6" name="com.qa.biotene.test.bioteneContactusTest" time="218.009" errors="0" timestamp="2023-04-03T07:36:54 IST" skipped="0">
  <testcase classname="com.qa.biotene.test.bioteneContactusTest" name="verifyBiotenecookiePopupLink" time="136.082"/>
  <system-out/>
  <testcase classname="com.qa.biotene.test.bioteneContactusTest" name="verifyHomeBreadcrumbsLink" time="8.384"/>
  <system-out/>
  <testcase classname="com.qa.biotene.test.bioteneContactusTest" name="verifyContactus_breadcrumbs" time="8.134"/>
  <system-out/>
  <testcase classname="com.qa.biotene.test.bioteneContactusTest" name="verifyTakeQuiz" time="8.554"/>
  <system-out/>
  <testcase classname="com.qa.biotene.test.bioteneContactusTest" name="verifyGetCoupons" time="44.986"/>
  <system-out/>
  <testcase classname="com.qa.biotene.test.bioteneContactusTest" name="verifyShopnow" time="11.869"/>
  <system-out/>
</testsuite> <!-- com.qa.biotene.test.bioteneContactusTest -->
