<?xml version="1.0" encoding="UTF-8"?>
<!-- Generated by org.testng.reporters.JUnitReportReporter -->
<testsuite hostname="WKWZTPqvmdckJHX" failures="0" tests="11" name="com.qa.eno.co.in.test.EnoIsItAcidityOrIndigestionTest" time="99.952" errors="0" timestamp="2023-03-17T14:45:05 IST" skipped="0">
  <testcase classname="com.qa.eno.co.in.test.EnoIsItAcidityOrIndigestionTest" name="verifyEnoHereLink" time="7.696"/>
  <system-out/>
  <testcase classname="com.qa.eno.co.in.test.EnoIsItAcidityOrIndigestionTest" name="verifyYourEveryday" time="7.059"/>
  <system-out/>
  <testcase classname="com.qa.eno.co.in.test.EnoIsItAcidityOrIndigestionTest" name="verifyFindOutHereLink" time="7.061"/>
  <system-out/>
  <testcase classname="com.qa.eno.co.in.test.EnoIsItAcidityOrIndigestionTest" name="verifyReferences" time="3.080"/>
  <system-out/>
  <testcase classname="com.qa.eno.co.in.test.EnoIsItAcidityOrIndigestionTest" name="verifyLivingLifeAcidityImg" time="9.851"/>
  <system-out/>
  <testcase classname="com.qa.eno.co.in.test.EnoIsItAcidityOrIndigestionTest" name="verifyLivingLifeAcidityText" time="12.749"/>
  <system-out/>
  <testcase classname="com.qa.eno.co.in.test.EnoIsItAcidityOrIndigestionTest" name="verifyLivingLifeAcidityPara" time="13.530"/>
  <system-out/>
  <testcase classname="com.qa.eno.co.in.test.EnoIsItAcidityOrIndigestionTest" name="verifyUnderstandingDigestiveWellnessImg" time="11.412"/>
  <system-out/>
  <testcase classname="com.qa.eno.co.in.test.EnoIsItAcidityOrIndigestionTest" name="verifyUnderstandingDigestiveWellnessText" time="9.686"/>
  <system-out/>
  <testcase classname="com.qa.eno.co.in.test.EnoIsItAcidityOrIndigestionTest" name="verifyUnderstandingDigestiveWellnessPara" time="11.117"/>
  <system-out/>
  <testcase classname="com.qa.eno.co.in.test.EnoIsItAcidityOrIndigestionTest" name="verifyDidyouKnowSection" time="6.711"/>
  <system-out/>
</testsuite> <!-- com.qa.eno.co.in.test.EnoIsItAcidityOrIndigestionTest -->
