<?xml version="1.0" encoding="UTF-8"?>
<!-- Generated by org.testng.reporters.JUnitReportReporter -->
<testsuite hostname="WKWZTPqvmdckJHX" failures="0" tests="10" name="com.qa.drbest.ge.test.drbestInterdentAktivTest" time="128.754" errors="0" timestamp="2023-04-10T02:26:07 IST" skipped="0">
  <testcase classname="com.qa.drbest.ge.test.drbestInterdentAktivTest" name="verifydrbestcookiePopupLink" time="43.948"/>
  <system-out/>
  <testcase classname="com.qa.drbest.ge.test.drbestInterdentAktivTest" name="verifyBuyNow1Link" time="7.681"/>
  <system-out/>
  <testcase classname="com.qa.drbest.ge.test.drbestInterdentAktivTest" name="verifyReviewLink" time="12.085"/>
  <system-out/>
  <testcase classname="com.qa.drbest.ge.test.drbestInterdentAktivTest" name="verifyReview1Link" time="12.072"/>
  <system-out/>
  <testcase classname="com.qa.drbest.ge.test.drbestInterdentAktivTest" name="verifyAtemfrischLink" time="9.726"/>
  <system-out/>
  <testcase classname="com.qa.drbest.ge.test.drbestInterdentAktivTest" name="verifyAtemfrischProductLink" time="7.405"/>
  <system-out/>
  <testcase classname="com.qa.drbest.ge.test.drbestInterdentAktivTest" name="verifyAtemfrischBuyNowLink" time="8.829"/>
  <system-out/>
  <testcase classname="com.qa.drbest.ge.test.drbestInterdentAktivTest" name="verifyAtemfrischVibrationLink" time="11.364"/>
  <system-out/>
  <testcase classname="com.qa.drbest.ge.test.drbestInterdentAktivTest" name="verifyAtemfrischVibrationProductLink" time="7.639"/>
  <system-out/>
  <testcase classname="com.qa.drbest.ge.test.drbestInterdentAktivTest" name="verifyAtemfrischVibrationBuyNowLink" time="8.005"/>
  <system-out/>
</testsuite> <!-- com.qa.drbest.ge.test.drbestInterdentAktivTest -->
