<?xml version="1.0" encoding="UTF-8"?>
<!-- Generated by org.testng.reporters.JUnitReportReporter -->
<testsuite hostname="WKWZTPqvmdckJHX" failures="0" tests="13" name="com.qa.biotene.test.biotenerelievedrymouthsymptomsTest" time="319.023" errors="0" timestamp="2023-04-03T07:36:54 IST" skipped="0">
  <testcase classname="com.qa.biotene.test.biotenerelievedrymouthsymptomsTest" name="verifyBiotenecookiePopupLink" time="125.556"/>
  <system-out/>
  <testcase classname="com.qa.biotene.test.biotenerelievedrymouthsymptomsTest" name="verifyHomeBreadcrumbsLink" time="12.262"/>
  <system-out/>
  <testcase classname="com.qa.biotene.test.biotenerelievedrymouthsymptomsTest" name="verifyLivingdrymouthLink" time="8.402"/>
  <system-out/>
  <testcase classname="com.qa.biotene.test.biotenerelievedrymouthsymptomsTest" name="verifyfindingReliefSymptomsLink" time="16.336"/>
  <system-out/>
  <testcase classname="com.qa.biotene.test.biotenerelievedrymouthsymptomsTest" name="verifyBad_BreathLink" time="11.926"/>
  <system-out/>
  <testcase classname="com.qa.biotene.test.biotenerelievedrymouthsymptomsTest" name="verifyCarousel_dot1Link" time="8.438"/>
  <system-out/>
  <testcase classname="com.qa.biotene.test.biotenerelievedrymouthsymptomsTest" name="verifyCarousel_dot2Link" time="13.681"/>
  <system-out/>
  <testcase classname="com.qa.biotene.test.biotenerelievedrymouthsymptomsTest" name="verifyCarousel_dot3Link" time="19.232"/>
  <system-out/>
  <testcase classname="com.qa.biotene.test.biotenerelievedrymouthsymptomsTest" name="verifyCarousel_dot4Link" time="42.617"/>
  <system-out/>
  <testcase classname="com.qa.biotene.test.biotenerelievedrymouthsymptomsTest" name="verifyCarousel_dot5Link" time="9.051"/>
  <system-out/>
  <testcase classname="com.qa.biotene.test.biotenerelievedrymouthsymptomsTest" name="verifyTakeQuizLink" time="19.139"/>
  <system-out/>
  <testcase classname="com.qa.biotene.test.biotenerelievedrymouthsymptomsTest" name="verifyReadMoreLink" time="17.685"/>
  <system-out/>
  <testcase classname="com.qa.biotene.test.biotenerelievedrymouthsymptomsTest" name="verifyReadMore1Link" time="14.698"/>
  <system-out/>
</testsuite> <!-- com.qa.biotene.test.biotenerelievedrymouthsymptomsTest -->
