<?xml version="1.0" encoding="UTF-8"?>
<!-- Generated by org.testng.reporters.JUnitReportReporter -->
<testsuite hostname="WKWZTPqvmdckJHX" failures="0" tests="19" name="com.qa.caltrate.eng.test.CaltratesummerstrongshakeTest" time="100.424" errors="0" timestamp="2023-02-09T13:02:42 IST" skipped="0">
  <testcase classname="com.qa.caltrate.eng.test.CaltratesummerstrongshakeTest" name="verifyCookieLink" time="4.262"/>
  <system-out/>
  <testcase classname="com.qa.caltrate.eng.test.CaltratesummerstrongshakeTest" name="verifyhomebreadcrumbsLink" time="3.335"/>
  <system-out/>
  <testcase classname="com.qa.caltrate.eng.test.CaltratesummerstrongshakeTest" name="verifyBonehealthcentralbreadcrumbsLink" time="2.597"/>
  <system-out/>
  <testcase classname="com.qa.caltrate.eng.test.CaltratesummerstrongshakeTest" name="verifyrecipesbreadcrumbsLink" time="3.166"/>
  <system-out/>
  <testcase classname="com.qa.caltrate.eng.test.CaltratesummerstrongshakeTest" name="verifysummerstrongshakebreadcrumbsLink" time="2.963"/>
  <system-out/>
  <testcase classname="com.qa.caltrate.eng.test.CaltratesummerstrongshakeTest" name="verifycalciumcarbonateLink" time="2.886"/>
  <system-out/>
  <testcase classname="com.qa.caltrate.eng.test.CaltratesummerstrongshakeTest" name="verifyVitaminDLink" time="7.163"/>
  <system-out/>
  <testcase classname="com.qa.caltrate.eng.test.CaltratesummerstrongshakeTest" name="verifyRecipesLink" time="5.867"/>
  <system-out/>
  <testcase classname="com.qa.caltrate.eng.test.CaltratesummerstrongshakeTest" name="verifyBoneHealthImageLink" time="5.880"/>
  <system-out/>
  <testcase classname="com.qa.caltrate.eng.test.CaltratesummerstrongshakeTest" name="verifycalciumAbsorptionLink" time="11.386"/>
  <system-out/>
  <testcase classname="com.qa.caltrate.eng.test.CaltratesummerstrongshakeTest" name="verifycaltratesoftchewsLink" time="5.490"/>
  <system-out/>
  <testcase classname="com.qa.caltrate.eng.test.CaltratesummerstrongshakeTest" name="verifyAllArticlesLink" time="5.724"/>
  <system-out/>
  <testcase classname="com.qa.caltrate.eng.test.CaltratesummerstrongshakeTest" name="verifyAllRecipesLink" time="5.708"/>
  <system-out/>
  <testcase classname="com.qa.caltrate.eng.test.CaltratesummerstrongshakeTest" name="verifyAllHealthTipsLink" time="5.861"/>
  <system-out/>
  <testcase classname="com.qa.caltrate.eng.test.CaltratesummerstrongshakeTest" name="verifyAllInteractivetoolsLink" time="5.337"/>
  <system-out/>
  <testcase classname="com.qa.caltrate.eng.test.CaltratesummerstrongshakeTest" name="verifyCalciumCarbonateViewLink" time="5.576"/>
  <system-out/>
  <testcase classname="com.qa.caltrate.eng.test.CaltratesummerstrongshakeTest" name="verifyVitaminDViewLink" time="5.510"/>
  <system-out/>
  <testcase classname="com.qa.caltrate.eng.test.CaltratesummerstrongshakeTest" name="verifyOestoporosisViewLink" time="5.647"/>
  <system-out/>
  <testcase classname="com.qa.caltrate.eng.test.CaltratesummerstrongshakeTest" name="verifycalciumSupplementsViewLink" time="6.066"/>
  <system-out/>
</testsuite> <!-- com.qa.caltrate.eng.test.CaltratesummerstrongshakeTest -->
