<?xml version="1.0" encoding="UTF-8"?>
<!-- Generated by org.testng.reporters.JUnitReportReporter -->
<testsuite hostname="WKWZTPqvmdckJHX" failures="0" tests="5" name="com.qa.caltrate.ca.test.CaltrateSpecialOffersTest" time="50.194" errors="0" timestamp="2023-02-08T14:22:19 IST" skipped="0">
  <testcase classname="com.qa.caltrate.ca.test.CaltrateSpecialOffersTest" name="verifyBreadcrumbOne" time="8.319"/>
  <system-out/>
  <testcase classname="com.qa.caltrate.ca.test.CaltrateSpecialOffersTest" name="verifyBreadcrumbTwo" time="1.989"/>
  <system-out/>
  <testcase classname="com.qa.caltrate.ca.test.CaltrateSpecialOffersTest" name="verifySaveNowImg" time="12.912"/>
  <system-out/>
  <testcase classname="com.qa.caltrate.ca.test.CaltrateSpecialOffersTest" name="verifyGetHealthySavingsLink" time="17.021"/>
  <system-out/>
  <testcase classname="com.qa.caltrate.ca.test.CaltrateSpecialOffersTest" name="verifyHealthySavingsImg" time="9.953"/>
  <system-out/>
</testsuite> <!-- com.qa.caltrate.ca.test.CaltrateSpecialOffersTest -->
