<?xml version="1.0" encoding="UTF-8"?>
<!-- Generated by org.testng.reporters.JUnitReportReporter -->
<testsuite hostname="WKWZTPqvmdckJHX" failures="0" tests="9" name="com.qa.drbest.ge.test.DrBestForschungTest" time="90.416" errors="0" timestamp="2023-04-10T02:26:07 IST" skipped="0">
  <testcase classname="com.qa.drbest.ge.test.DrBestForschungTest" name="verifyCookie" time="5.621"/>
  <system-out/>
  <testcase classname="com.qa.drbest.ge.test.DrBestForschungTest" name="verifyLinkUnder1993" time="9.369"/>
  <system-out/>
  <testcase classname="com.qa.drbest.ge.test.DrBestForschungTest" name="verifyLinkUnder2003" time="10.252"/>
  <system-out/>
  <testcase classname="com.qa.drbest.ge.test.DrBestForschungTest" name="verifyLinkUnder2006" time="10.924"/>
  <system-out/>
  <testcase classname="com.qa.drbest.ge.test.DrBestForschungTest" name="verifyLinkUnder2008" time="10.224"/>
  <system-out/>
  <testcase classname="com.qa.drbest.ge.test.DrBestForschungTest" name="verifyLinkUnder2013" time="9.743"/>
  <system-out/>
  <testcase classname="com.qa.drbest.ge.test.DrBestForschungTest" name="verifyInterdentalburstenLink" time="7.690"/>
  <system-out/>
  <testcase classname="com.qa.drbest.ge.test.DrBestForschungTest" name="verifyGreenCleanLink" time="10.743"/>
  <system-out/>
  <testcase classname="com.qa.drbest.ge.test.DrBestForschungTest" name="verifyLinkUnder2022" time="15.850"/>
  <system-out/>
</testsuite> <!-- com.qa.drbest.ge.test.DrBestForschungTest -->
