<?xml version="1.0" encoding="UTF-8"?>
<!-- Generated by org.testng.reporters.JUnitReportReporter -->
<testsuite hostname="WKWZTPqvmdckJHX" failures="0" tests="13" name="com.qa.drbest.ge.test.drbestZahnbuerstenTest" time="131.563" errors="0" timestamp="2023-04-10T02:26:06 IST" skipped="0">
  <testcase classname="com.qa.drbest.ge.test.drbestZahnbuerstenTest" name="verifydrbestcookiePopupLink" time="43.506"/>
  <system-out/>
  <testcase classname="com.qa.drbest.ge.test.drbestZahnbuerstenTest" name="verifyCheckbox1Link" time="6.960"/>
  <system-out/>
  <testcase classname="com.qa.drbest.ge.test.drbestZahnbuerstenTest" name="verifyCheckbox2Link" time="6.854"/>
  <system-out/>
  <testcase classname="com.qa.drbest.ge.test.drbestZahnbuerstenTest" name="verifyCheckbox3Link" time="7.050"/>
  <system-out/>
  <testcase classname="com.qa.drbest.ge.test.drbestZahnbuerstenTest" name="verifyCheckbox4Link" time="7.115"/>
  <system-out/>
  <testcase classname="com.qa.drbest.ge.test.drbestZahnbuerstenTest" name="verifyCheckbox5Link" time="6.958"/>
  <system-out/>
  <testcase classname="com.qa.drbest.ge.test.drbestZahnbuerstenTest" name="verifyCheckbox6Link" time="7.070"/>
  <system-out/>
  <testcase classname="com.qa.drbest.ge.test.drbestZahnbuerstenTest" name="verifyCheckbox7Link" time="7.058"/>
  <system-out/>
  <testcase classname="com.qa.drbest.ge.test.drbestZahnbuerstenTest" name="verifyCheckbox8Link" time="6.868"/>
  <system-out/>
  <testcase classname="com.qa.drbest.ge.test.drbestZahnbuerstenTest" name="verifyCheckbox9Link" time="10.505"/>
  <system-out/>
  <testcase classname="com.qa.drbest.ge.test.drbestZahnbuerstenTest" name="verifyCheckbox10Link" time="7.185"/>
  <system-out/>
  <testcase classname="com.qa.drbest.ge.test.drbestZahnbuerstenTest" name="verifyCheckbox11Link" time="7.183"/>
  <system-out/>
  <testcase classname="com.qa.drbest.ge.test.drbestZahnbuerstenTest" name="verifyCheckbox12Link" time="7.251"/>
  <system-out/>
</testsuite> <!-- com.qa.drbest.ge.test.drbestZahnbuerstenTest -->
