<?xml version="1.0" encoding="UTF-8"?>
<!-- Generated by org.testng.reporters.JUnitReportReporter -->
<testsuite hostname="WKWZTPqvmdckJHX" failures="0" tests="1" name="com.qa.theraflu.test.TherafluWhoShouldGetTheFluShotTest" time="10.442" errors="0" timestamp="2023-09-07T11:13:22 IST" skipped="0">
  <testcase classname="com.qa.theraflu.test.TherafluWhoShouldGetTheFluShotTest" name="cookieButton" time="10.442"/>
  <system-out/>
</testsuite> <!-- com.qa.theraflu.test.TherafluWhoShouldGetTheFluShotTest -->
