<?xml version="1.0" encoding="UTF-8"?>
<!-- Generated by org.testng.reporters.JUnitReportReporter -->
<testsuite hostname="WKWZTPqvmdckJHX" failures="0" tests="15" name="com.qa.centrum.eng.test.CentrumSampleSupplemetnsAndMultivitaminTest" time="248.830" errors="1" timestamp="2023-01-31T12:10:56 IST" skipped="0">
  <testcase classname="com.qa.centrum.eng.test.CentrumSampleSupplemetnsAndMultivitaminTest" name="cookieButton" time="10.908"/>
  <system-out/>
  <testcase classname="com.qa.centrum.eng.test.CentrumSampleSupplemetnsAndMultivitaminTest" name="verifyVitaminB12Link" time="15.713"/>
  <system-out/>
  <testcase classname="com.qa.centrum.eng.test.CentrumSampleSupplemetnsAndMultivitaminTest" name="verifyClickVitaminDLink" time="22.610"/>
  <system-out/>
  <testcase classname="com.qa.centrum.eng.test.CentrumSampleSupplemetnsAndMultivitaminTest" name="verifyCalciumLink" time="20.090"/>
  <system-out/>
  <testcase classname="com.qa.centrum.eng.test.CentrumSampleSupplemetnsAndMultivitaminTest" name="verifyMultivitaminLink" time="15.873"/>
  <system-out/>
  <testcase classname="com.qa.centrum.eng.test.CentrumSampleSupplemetnsAndMultivitaminTest" name="verifyShowReference" time="8.022"/>
  <system-out/>
  <testcase classname="com.qa.centrum.eng.test.CentrumSampleSupplemetnsAndMultivitaminTest" name="verifyArticleOne" time="14.744"/>
  <system-out/>
  <testcase classname="com.qa.centrum.eng.test.CentrumSampleSupplemetnsAndMultivitaminTest" name="verifyArticleTwo" time="27.085">
    <error message="Unable to scroll down the page" type="java.lang.Exception">
      <![CDATA[java.lang.Exception: Unable to scroll down the page
at com.qa.baseClass.BaseClass.scrollDownUsingElement(BaseClass.java:299)
at com.qa.centrum.eng.pages.CentrumSupplementsAndMultivitaminPage.clickArticleTwo(CentrumSupplementsAndMultivitaminPage.java:152)
at com.qa.centrum.eng.test.CentrumSampleSupplemetnsAndMultivitaminTest.verifyArticleTwo(CentrumSampleSupplemetnsAndMultivitaminTest.java:118)
at java.base/jdk.internal.reflect.DirectMethodHandleAccessor.invoke(DirectMethodHandleAccessor.java:104)
at java.base/java.lang.reflect.Method.invoke(Method.java:577)
at org.testng.internal.MethodInvocationHelper.invokeMethod(MethodInvocationHelper.java:133)
at org.testng.internal.TestInvoker.invokeMethod(TestInvoker.java:598)
at org.testng.internal.TestInvoker.invokeTestMethod(TestInvoker.java:173)
at org.testng.internal.MethodRunner.runInSequence(MethodRunner.java:46)
at org.testng.internal.TestInvoker$MethodInvocationAgent.invoke(TestInvoker.java:824)
at org.testng.internal.TestInvoker.invokeTestMethods(TestInvoker.java:146)
at org.testng.internal.TestMethodWorker.invokeTestMethods(TestMethodWorker.java:146)
at org.testng.internal.TestMethodWorker.run(TestMethodWorker.java:128)
at java.base/java.util.ArrayList.forEach(ArrayList.java:1511)
at org.testng.TestRunner.privateRun(TestRunner.java:794)
at org.testng.TestRunner.run(TestRunner.java:596)
at org.testng.SuiteRunner.runTest(SuiteRunner.java:377)
at org.testng.SuiteRunner.runSequentially(SuiteRunner.java:371)
at org.testng.SuiteRunner.privateRun(SuiteRunner.java:332)
at org.testng.SuiteRunner.run(SuiteRunner.java:276)
at org.testng.SuiteRunnerWorker.runSuite(SuiteRunnerWorker.java:53)
at org.testng.SuiteRunnerWorker.run(SuiteRunnerWorker.java:96)
at org.testng.TestNG.runSuitesSequentially(TestNG.java:1212)
at org.testng.TestNG.runSuitesLocally(TestNG.java:1134)
at org.testng.TestNG.runSuites(TestNG.java:1063)
at org.testng.TestNG.run(TestNG.java:1031)
at org.testng.remote.AbstractRemoteTestNG.run(AbstractRemoteTestNG.java:115)
at org.testng.remote.RemoteTestNG.initAndRun(RemoteTestNG.java:251)
at org.testng.remote.RemoteTestNG.main(RemoteTestNG.java:77)
]]>
    </error>
  </testcase> <!-- verifyArticleTwo -->
  <system-out/>
  <testcase classname="com.qa.centrum.eng.test.CentrumSampleSupplemetnsAndMultivitaminTest" name="verifyArticleThree" time="15.296"/>
  <system-out/>
  <testcase classname="com.qa.centrum.eng.test.CentrumSampleSupplemetnsAndMultivitaminTest" name="verifyArticleFour" time="14.627"/>
  <system-out/>
  <testcase classname="com.qa.centrum.eng.test.CentrumSampleSupplemetnsAndMultivitaminTest" name="verifyBreadcrumbOne" time="15.745"/>
  <system-out/>
  <testcase classname="com.qa.centrum.eng.test.CentrumSampleSupplemetnsAndMultivitaminTest" name="verifyBreadcrumbTwo" time="14.754"/>
  <system-out/>
  <testcase classname="com.qa.centrum.eng.test.CentrumSampleSupplemetnsAndMultivitaminTest" name="verifyBreadcrumbThree" time="16.740"/>
  <system-out/>
  <testcase classname="com.qa.centrum.eng.test.CentrumSampleSupplemetnsAndMultivitaminTest" name="verifyBreadcrumbFour" time="21.663"/>
  <system-out/>
  <testcase classname="com.qa.centrum.eng.test.CentrumSampleSupplemetnsAndMultivitaminTest" name="verifyBreadcrumbFive" time="14.960"/>
  <system-out/>
</testsuite> <!-- com.qa.centrum.eng.test.CentrumSampleSupplemetnsAndMultivitaminTest -->
