<?xml version="1.0" encoding="UTF-8"?>
<!-- Generated by org.testng.reporters.JUnitReportReporter -->
<testsuite hostname="WKWZTPqvmdckJHX" failures="0" tests="17" name="com.qa.flonase.test.FlonaseIndoorVsOutdoorAllergensTest" time="440.274" errors="0" timestamp="2023-10-09T12:41:25 IST" skipped="0">
  <testcase classname="com.qa.flonase.test.FlonaseIndoorVsOutdoorAllergensTest" name="cookieButton" time="15.079"/>
  <system-out/>
  <testcase classname="com.qa.flonase.test.FlonaseIndoorVsOutdoorAllergensTest" name="verifyHyperLinkOne" time="25.320"/>
  <system-out/>
  <testcase classname="com.qa.flonase.test.FlonaseIndoorVsOutdoorAllergensTest" name="verifyHyperLinkTwo" time="25.128"/>
  <system-out/>
  <testcase classname="com.qa.flonase.test.FlonaseIndoorVsOutdoorAllergensTest" name="verifyHyperLinkThree" time="33.126"/>
  <system-out/>
  <testcase classname="com.qa.flonase.test.FlonaseIndoorVsOutdoorAllergensTest" name="verifyHyperLinkFour" time="24.197"/>
  <system-out/>
  <testcase classname="com.qa.flonase.test.FlonaseIndoorVsOutdoorAllergensTest" name="verifyHyperLinkFive" time="27.500"/>
  <system-out/>
  <testcase classname="com.qa.flonase.test.FlonaseIndoorVsOutdoorAllergensTest" name="verifyHyperLinkSix" time="26.688"/>
  <system-out/>
  <testcase classname="com.qa.flonase.test.FlonaseIndoorVsOutdoorAllergensTest" name="verifyHyperLinkSeven" time="23.763"/>
  <system-out/>
  <testcase classname="com.qa.flonase.test.FlonaseIndoorVsOutdoorAllergensTest" name="verifyHyperLinkEight" time="17.203"/>
  <system-out/>
  <testcase classname="com.qa.flonase.test.FlonaseIndoorVsOutdoorAllergensTest" name="verifyTagsLinksOne" time="42.900"/>
  <system-out/>
  <testcase classname="com.qa.flonase.test.FlonaseIndoorVsOutdoorAllergensTest" name="verifyTagsLinksTwo" time="23.885"/>
  <system-out/>
  <testcase classname="com.qa.flonase.test.FlonaseIndoorVsOutdoorAllergensTest" name="verifyTagsLinksThree" time="23.234"/>
  <system-out/>
  <testcase classname="com.qa.flonase.test.FlonaseIndoorVsOutdoorAllergensTest" name="verifyHyperLinkSeeAllArticles" time="31.301"/>
  <system-out/>
  <testcase classname="com.qa.flonase.test.FlonaseIndoorVsOutdoorAllergensTest" name="verifyAllAboutAllergiesArticleOne" time="27.829"/>
  <system-out/>
  <testcase classname="com.qa.flonase.test.FlonaseIndoorVsOutdoorAllergensTest" name="verifyAllAboutAllergiesArticleTwo" time="25.150"/>
  <system-out/>
  <testcase classname="com.qa.flonase.test.FlonaseIndoorVsOutdoorAllergensTest" name="verifyAllAboutAllergiesArticleThree" time="20.280"/>
  <system-out/>
  <testcase classname="com.qa.flonase.test.FlonaseIndoorVsOutdoorAllergensTest" name="verifyBtnBuyNow" time="27.691"/>
  <system-out/>
</testsuite> <!-- com.qa.flonase.test.FlonaseIndoorVsOutdoorAllergensTest -->
