<?xml version="1.0" encoding="UTF-8"?>
<!-- Generated by org.testng.reporters.JUnitReportReporter -->
<testsuite hostname="WKWZTPqvmdckJHX" failures="0" tests="9" name="com.qa.preph.es.test.PrephESSobreLasHemorroidesConSangradoTest" time="78.210" errors="0" timestamp="2023-11-22T13:19:11 IST" skipped="0">
  <testcase classname="com.qa.preph.es.test.PrephESSobreLasHemorroidesConSangradoTest" name="cookieButton" time="4.899"/>
  <system-out/>
  <testcase classname="com.qa.preph.es.test.PrephESSobreLasHemorroidesConSangradoTest" name="verifyBreadcrumbOne" time="8.230"/>
  <system-out/>
  <testcase classname="com.qa.preph.es.test.PrephESSobreLasHemorroidesConSangradoTest" name="verifyBreadcrumbTwo" time="7.299"/>
  <system-out/>
  <testcase classname="com.qa.preph.es.test.PrephESSobreLasHemorroidesConSangradoTest" name="verifyArticleOne" time="10.380"/>
  <system-out/>
  <testcase classname="com.qa.preph.es.test.PrephESSobreLasHemorroidesConSangradoTest" name="verifyArticleTwo" time="7.239"/>
  <system-out/>
  <testcase classname="com.qa.preph.es.test.PrephESSobreLasHemorroidesConSangradoTest" name="verifyArticleThree" time="8.063"/>
  <system-out/>
  <testcase classname="com.qa.preph.es.test.PrephESSobreLasHemorroidesConSangradoTest" name="verifyArticleBtnOne" time="16.940"/>
  <system-out/>
  <testcase classname="com.qa.preph.es.test.PrephESSobreLasHemorroidesConSangradoTest" name="verifyArticleBtnTwo" time="7.046"/>
  <system-out/>
  <testcase classname="com.qa.preph.es.test.PrephESSobreLasHemorroidesConSangradoTest" name="verifyArticleBtnThree" time="8.114"/>
  <system-out/>
</testsuite> <!-- com.qa.preph.es.test.PrephESSobreLasHemorroidesConSangradoTest -->
