<?xml version="1.0" encoding="UTF-8"?>
<!-- Generated by org.testng.reporters.JUnitReportReporter -->
<testsuite hostname="WKWZTPqvmdckJHX" failures="0" tests="10" name="com.qa.biotene.test.BioteneUnderstandingDryMouthTest" time="126.420" errors="0" timestamp="2023-04-03T07:36:53 IST" skipped="0">
  <testcase classname="com.qa.biotene.test.BioteneUnderstandingDryMouthTest" name="cookieButton" time="45.307"/>
  <system-out/>
  <testcase classname="com.qa.biotene.test.BioteneUnderstandingDryMouthTest" name="verifyBreadcrumbOne" time="8.110"/>
  <system-out/>
  <testcase classname="com.qa.biotene.test.BioteneUnderstandingDryMouthTest" name="verifyBreadcrumbTwo" time="6.978"/>
  <system-out/>
  <testcase classname="com.qa.biotene.test.BioteneUnderstandingDryMouthTest" name="verifyBreadcrumbThree" time="8.685"/>
  <system-out/>
  <testcase classname="com.qa.biotene.test.BioteneUnderstandingDryMouthTest" name="verifyHyperLinkOne" time="7.685"/>
  <system-out/>
  <testcase classname="com.qa.biotene.test.BioteneUnderstandingDryMouthTest" name="verifyHyperLinkTwo" time="9.201"/>
  <system-out/>
  <testcase classname="com.qa.biotene.test.BioteneUnderstandingDryMouthTest" name="verifyHyperLinkThree" time="12.081"/>
  <system-out/>
  <testcase classname="com.qa.biotene.test.BioteneUnderstandingDryMouthTest" name="verifyReadMore" time="7.954"/>
  <system-out/>
  <testcase classname="com.qa.biotene.test.BioteneUnderstandingDryMouthTest" name="verifyTakeTheQuiz" time="9.864"/>
  <system-out/>
  <testcase classname="com.qa.biotene.test.BioteneUnderstandingDryMouthTest" name="verifyShopNow" time="10.555"/>
  <system-out/>
</testsuite> <!-- com.qa.biotene.test.BioteneUnderstandingDryMouthTest -->
