<?xml version="1.0" encoding="UTF-8"?>
<!-- Generated by org.testng.reporters.JUnitReportReporter -->
<testsuite hostname="WKWZTPqvmdckJHX" failures="0" tests="4" name="com.qa.biotene.test.BioteneShopNowTest" time="82.877" errors="0" timestamp="2023-04-03T07:36:54 IST" skipped="0">
  <testcase classname="com.qa.biotene.test.BioteneShopNowTest" name="cookieButton" time="60.720"/>
  <system-out/>
  <testcase classname="com.qa.biotene.test.BioteneShopNowTest" name="verifyBreadcrumbOne" time="7.940"/>
  <system-out/>
  <testcase classname="com.qa.biotene.test.BioteneShopNowTest" name="verifyBreadcrumbTwo" time="6.450"/>
  <system-out/>
  <testcase classname="com.qa.biotene.test.BioteneShopNowTest" name="verifyBuyNowAndBuyLocal" time="7.767"/>
  <system-out/>
</testsuite> <!-- com.qa.biotene.test.BioteneShopNowTest -->
