<?xml version="1.0" encoding="UTF-8"?>
<!-- Generated by org.testng.reporters.JUnitReportReporter -->
<testsuite hostname="WKWZTPqvmdckJHX" failures="0" tests="7" name="com.qa.bens.checklist.test.CheckListNbspTest" time="68.748" errors="0" timestamp="2023-10-15T12:13:09 IST" skipped="0">
  <testcase classname="com.qa.bens.checklist.test.CheckListNbspTest" name="verifyWebArchiveOrg" time="9.696"/>
  <system-out/>
  <testcase classname="com.qa.bens.checklist.test.CheckListNbspTest" name="verifyWebArchiveOrg" time="9.802"/>
  <system-out/>
  <testcase classname="com.qa.bens.checklist.test.CheckListNbspTest" name="verifyWebArchiveOrg" time="9.652"/>
  <system-out/>
  <testcase classname="com.qa.bens.checklist.test.CheckListNbspTest" name="verifyWebArchiveOrg" time="10.258"/>
  <system-out/>
  <testcase classname="com.qa.bens.checklist.test.CheckListNbspTest" name="verifyWebArchiveOrg" time="9.916"/>
  <system-out/>
  <testcase classname="com.qa.bens.checklist.test.CheckListNbspTest" name="verifyWebArchiveOrg" time="9.512"/>
  <system-out/>
  <testcase classname="com.qa.bens.checklist.test.CheckListNbspTest" name="verifyWebArchiveOrg" time="9.912"/>
  <system-out/>
</testsuite> <!-- com.qa.bens.checklist.test.CheckListNbspTest -->
