<?xml version="1.0" encoding="UTF-8"?>
<!-- Generated by org.testng.reporters.JUnitReportReporter -->
<testsuite hostname="WKWZTPqvmdckJHX" failures="0" tests="10" name="com.qa.biotene.test.biotenelivingwithdrymouthcaregiversTest" time="257.513" errors="0" timestamp="2023-04-03T07:36:54 IST" skipped="0">
  <testcase classname="com.qa.biotene.test.biotenelivingwithdrymouthcaregiversTest" name="verifyBiotenecookiePopupLink" time="131.101"/>
  <system-out/>
  <testcase classname="com.qa.biotene.test.biotenelivingwithdrymouthcaregiversTest" name="verifyHomeBreadcrumbsLink" time="8.133"/>
  <system-out/>
  <testcase classname="com.qa.biotene.test.biotenelivingwithdrymouthcaregiversTest" name="verifyLivingdrymouthLinkbreadcrumbs" time="7.940"/>
  <system-out/>
  <testcase classname="com.qa.biotene.test.biotenelivingwithdrymouthcaregiversTest" name="verifyCaregiversbreadcrumbsLink" time="7.740"/>
  <system-out/>
  <testcase classname="com.qa.biotene.test.biotenelivingwithdrymouthcaregiversTest" name="verifyDrymouthsymptomscaregiversLink" time="16.876"/>
  <system-out/>
  <testcase classname="com.qa.biotene.test.biotenelivingwithdrymouthcaregiversTest" name="verifyDrymouthRemediesLink" time="13.530"/>
  <system-out/>
  <testcase classname="com.qa.biotene.test.biotenelivingwithdrymouthcaregiversTest" name="verifycausesdrymouthcaregiversLink" time="21.135"/>
  <system-out/>
  <testcase classname="com.qa.biotene.test.biotenelivingwithdrymouthcaregiversTest" name="verifyQuizcaregiversLink" time="13.456"/>
  <system-out/>
  <testcase classname="com.qa.biotene.test.biotenelivingwithdrymouthcaregiversTest" name="verifyCaregiverbasketLink" time="14.190"/>
  <system-out/>
  <testcase classname="com.qa.biotene.test.biotenelivingwithdrymouthcaregiversTest" name="verifyChronicIllnessLink" time="23.412"/>
  <system-out/>
</testsuite> <!-- com.qa.biotene.test.biotenelivingwithdrymouthcaregiversTest -->
