<?xml version="1.0" encoding="UTF-8"?>
<!-- Generated by org.testng.reporters.JUnitReportReporter -->
<testsuite hostname="WKWZTPqvmdckJHX" failures="0" tests="10" name="com.qa.sensodyne.us.test.SensodyneScienceOfSensodyneTest" time="146.772" errors="0" timestamp="2023-01-24T16:40:06 IST" skipped="0">
  <testcase classname="com.qa.sensodyne.us.test.SensodyneScienceOfSensodyneTest" name="cookieButton" time="7.682"/>
  <system-out/>
  <testcase classname="com.qa.sensodyne.us.test.SensodyneScienceOfSensodyneTest" name="verifyAllAriticle" time="36.251"/>
  <system-out/>
  <testcase classname="com.qa.sensodyne.us.test.SensodyneScienceOfSensodyneTest" name="verifyWhiteningSensitiveTeeth" time="9.950"/>
  <system-out/>
  <testcase classname="com.qa.sensodyne.us.test.SensodyneScienceOfSensodyneTest" name="verifyManagingSensitiveTeeth" time="10.407"/>
  <system-out/>
  <testcase classname="com.qa.sensodyne.us.test.SensodyneScienceOfSensodyneTest" name="verifySensodyneAndInnovation" time="9.764"/>
  <system-out/>
  <testcase classname="com.qa.sensodyne.us.test.SensodyneScienceOfSensodyneTest" name="verifyRecognizingSensitiveTeeth" time="10.559"/>
  <system-out/>
  <testcase classname="com.qa.sensodyne.us.test.SensodyneScienceOfSensodyneTest" name="verifyBeyondSensitiveTeeth" time="10.714"/>
  <system-out/>
  <testcase classname="com.qa.sensodyne.us.test.SensodyneScienceOfSensodyneTest" name="verifySeeItInActionOne" time="16.345"/>
  <system-out/>
  <testcase classname="com.qa.sensodyne.us.test.SensodyneScienceOfSensodyneTest" name="verifySeeItInActionTwo" time="16.861"/>
  <system-out/>
  <testcase classname="com.qa.sensodyne.us.test.SensodyneScienceOfSensodyneTest" name="verifyFindTheRightToothpaste" time="18.239"/>
  <system-out/>
</testsuite> <!-- com.qa.sensodyne.us.test.SensodyneScienceOfSensodyneTest -->
