<?xml version="1.0" encoding="UTF-8"?>
<!-- Generated by org.testng.reporters.JUnitReportReporter -->
<testsuite hostname="WKWZTPqvmdckJHX" failures="0" tests="10" name="com.qa.sensodyne.ca.test.SensodyneCaMultiBenefitProductsTest" time="83.351" errors="0" timestamp="2023-05-19T18:36:38 IST" skipped="0">
  <testcase classname="com.qa.sensodyne.ca.test.SensodyneCaMultiBenefitProductsTest" name="verifyProductTextOne" time="9.550"/>
  <system-out/>
  <testcase classname="com.qa.sensodyne.ca.test.SensodyneCaMultiBenefitProductsTest" name="verifyProductImgOne" time="6.487"/>
  <system-out/>
  <testcase classname="com.qa.sensodyne.ca.test.SensodyneCaMultiBenefitProductsTest" name="verifyProductBuyNowOne" time="6.990"/>
  <system-out/>
  <testcase classname="com.qa.sensodyne.ca.test.SensodyneCaMultiBenefitProductsTest" name="verifyProductTextTwo" time="7.721"/>
  <system-out/>
  <testcase classname="com.qa.sensodyne.ca.test.SensodyneCaMultiBenefitProductsTest" name="verifyProductImgTwo" time="5.945"/>
  <system-out/>
  <testcase classname="com.qa.sensodyne.ca.test.SensodyneCaMultiBenefitProductsTest" name="verifyProductBuyNowTwo" time="8.505"/>
  <system-out/>
  <testcase classname="com.qa.sensodyne.ca.test.SensodyneCaMultiBenefitProductsTest" name="verifyProductTextThree" time="11.558"/>
  <system-out/>
  <testcase classname="com.qa.sensodyne.ca.test.SensodyneCaMultiBenefitProductsTest" name="verifyProductImgThree" time="6.579"/>
  <system-out/>
  <testcase classname="com.qa.sensodyne.ca.test.SensodyneCaMultiBenefitProductsTest" name="verifyProductBuyNowThree" time="5.834"/>
  <system-out/>
  <testcase classname="com.qa.sensodyne.ca.test.SensodyneCaMultiBenefitProductsTest" name="verifyFindYourStore" time="14.182"/>
  <system-out/>
</testsuite> <!-- com.qa.sensodyne.ca.test.SensodyneCaMultiBenefitProductsTest -->
