<?xml version="1.0" encoding="UTF-8"?>
<!-- Generated by org.testng.reporters.JUnitReportReporter -->
<testsuite hostname="WKWZTPqvmdckJHX" failures="0" tests="14" name="com.qa.caltrate.eng.test.CaltrateAnkleWeightsDuringPowerWalkTest" time="62.824" errors="0" timestamp="2023-05-01T22:31:50 IST" skipped="0">
  <testcase classname="com.qa.caltrate.eng.test.CaltrateAnkleWeightsDuringPowerWalkTest" name="cookieButton" time="9.031"/>
  <system-out/>
  <testcase classname="com.qa.caltrate.eng.test.CaltrateAnkleWeightsDuringPowerWalkTest" name="verifyTagsLinkOne" time="4.018"/>
  <system-out/>
  <testcase classname="com.qa.caltrate.eng.test.CaltrateAnkleWeightsDuringPowerWalkTest" name="verifyViewBySectionOne" time="3.920"/>
  <system-out/>
  <testcase classname="com.qa.caltrate.eng.test.CaltrateAnkleWeightsDuringPowerWalkTest" name="verifyViewBySectionTwo" time="3.822"/>
  <system-out/>
  <testcase classname="com.qa.caltrate.eng.test.CaltrateAnkleWeightsDuringPowerWalkTest" name="verifyViewBySectionThree" time="4.355"/>
  <system-out/>
  <testcase classname="com.qa.caltrate.eng.test.CaltrateAnkleWeightsDuringPowerWalkTest" name="verifyViewBySectionFour" time="4.931"/>
  <system-out/>
  <testcase classname="com.qa.caltrate.eng.test.CaltrateAnkleWeightsDuringPowerWalkTest" name="verifyViewByTopicOne" time="4.869"/>
  <system-out/>
  <testcase classname="com.qa.caltrate.eng.test.CaltrateAnkleWeightsDuringPowerWalkTest" name="verifyViewByTopicTwo" time="3.891"/>
  <system-out/>
  <testcase classname="com.qa.caltrate.eng.test.CaltrateAnkleWeightsDuringPowerWalkTest" name="verifyViewByTopicThree" time="4.567"/>
  <system-out/>
  <testcase classname="com.qa.caltrate.eng.test.CaltrateAnkleWeightsDuringPowerWalkTest" name="verifyViewByTopicFour" time="3.687"/>
  <system-out/>
  <testcase classname="com.qa.caltrate.eng.test.CaltrateAnkleWeightsDuringPowerWalkTest" name="verifyBreadcrumbOne" time="4.132"/>
  <system-out/>
  <testcase classname="com.qa.caltrate.eng.test.CaltrateAnkleWeightsDuringPowerWalkTest" name="verifyBreadcrumbTwo" time="5.467"/>
  <system-out/>
  <testcase classname="com.qa.caltrate.eng.test.CaltrateAnkleWeightsDuringPowerWalkTest" name="verifyBreadcrumbThree" time="3.889"/>
  <system-out/>
  <testcase classname="com.qa.caltrate.eng.test.CaltrateAnkleWeightsDuringPowerWalkTest" name="verifyBreadcrumbFour" time="2.245"/>
  <system-out/>
</testsuite> <!-- com.qa.caltrate.eng.test.CaltrateAnkleWeightsDuringPowerWalkTest -->
