<?xml version="1.0" encoding="UTF-8"?>
<!-- Generated by org.testng.reporters.JUnitReportReporter -->
<testsuite hostname="WKWZTPqvmdckJHX" failures="0" tests="15" name="com.qa.caltrate.eng.test.CaltrateVitaminDDeficiencyTest" time="126.639" errors="0" timestamp="2023-05-01T22:31:50 IST" skipped="0">
  <testcase classname="com.qa.caltrate.eng.test.CaltrateVitaminDDeficiencyTest" name="cookieButton" time="43.479"/>
  <system-out/>
  <testcase classname="com.qa.caltrate.eng.test.CaltrateVitaminDDeficiencyTest" name="verifyHomeIcon" time="5.579"/>
  <system-out/>
  <testcase classname="com.qa.caltrate.eng.test.CaltrateVitaminDDeficiencyTest" name="verifyBread_BoneHealthCentral" time="5.041"/>
  <system-out/>
  <testcase classname="com.qa.caltrate.eng.test.CaltrateVitaminDDeficiencyTest" name="verifyBread_Articles" time="8.138"/>
  <system-out/>
  <testcase classname="com.qa.caltrate.eng.test.CaltrateVitaminDDeficiencyTest" name="verifyVitaminDLink" time="7.085"/>
  <system-out/>
  <testcase classname="com.qa.caltrate.eng.test.CaltrateVitaminDDeficiencyTest" name="verifyReadMore" time="5.245"/>
  <system-out/>
  <testcase classname="com.qa.caltrate.eng.test.CaltrateVitaminDDeficiencyTest" name="verifyCALTRATE600D3PLUSMINERALSCHEWABLES" time="10.175"/>
  <system-out/>
  <testcase classname="com.qa.caltrate.eng.test.CaltrateVitaminDDeficiencyTest" name="verifyAllArticles" time="5.063"/>
  <system-out/>
  <testcase classname="com.qa.caltrate.eng.test.CaltrateVitaminDDeficiencyTest" name="verifyAllRecipes" time="5.051"/>
  <system-out/>
  <testcase classname="com.qa.caltrate.eng.test.CaltrateVitaminDDeficiencyTest" name="verifyAllHealthTips" time="5.180"/>
  <system-out/>
  <testcase classname="com.qa.caltrate.eng.test.CaltrateVitaminDDeficiencyTest" name="verifyAllInteractiveTools" time="5.526"/>
  <system-out/>
  <testcase classname="com.qa.caltrate.eng.test.CaltrateVitaminDDeficiencyTest" name="verifyCalciumAndCalciumCarbonate" time="5.100"/>
  <system-out/>
  <testcase classname="com.qa.caltrate.eng.test.CaltrateVitaminDDeficiencyTest" name="verifyVitaminD" time="5.898"/>
  <system-out/>
  <testcase classname="com.qa.caltrate.eng.test.CaltrateVitaminDDeficiencyTest" name="verifyOsteoporosis" time="5.196"/>
  <system-out/>
  <testcase classname="com.qa.caltrate.eng.test.CaltrateVitaminDDeficiencyTest" name="verifyCalciumSupplements" time="4.883"/>
  <system-out/>
</testsuite> <!-- com.qa.caltrate.eng.test.CaltrateVitaminDDeficiencyTest -->
