<?xml version="1.0" encoding="UTF-8"?>
<!-- Generated by org.testng.reporters.JUnitReportReporter -->
<testsuite hostname="WKWZTPqvmdckJHX" failures="0" tests="6" name="com.qa.centrum.eng.test.CentrumSampleCouponsTest" time="0.000" errors="0" timestamp="2023-05-26T13:19:45 IST" skipped="6">
  <testcase classname="com.qa.centrum.eng.test.CentrumSampleCouponsTest" name="verifyGigyaForm" time="0.000">
    <skipped/>
  </testcase> <!-- verifyGigyaForm -->
  <system-out/>
  <testcase classname="com.qa.centrum.eng.test.CentrumSampleCouponsTest" name="verifyGigyaFormTwo" time="0.000">
    <skipped/>
  </testcase> <!-- verifyGigyaFormTwo -->
  <system-out/>
  <testcase classname="com.qa.centrum.eng.test.CentrumSampleCouponsTest" name="verifyGigyaFormThree" time="0.000">
    <skipped/>
  </testcase> <!-- verifyGigyaFormThree -->
  <system-out/>
  <testcase classname="com.qa.centrum.eng.test.CentrumSampleCouponsTest" name="verifyGigyaFormFour" time="0.000">
    <skipped/>
  </testcase> <!-- verifyGigyaFormFour -->
  <system-out/>
  <testcase classname="com.qa.centrum.eng.test.CentrumSampleCouponsTest" name="verifyGigyaFormFive" time="0.000">
    <skipped/>
  </testcase> <!-- verifyGigyaFormFive -->
  <system-out/>
  <testcase classname="com.qa.centrum.eng.test.CentrumSampleCouponsTest" name="verifyGigyaFormSix" time="0.000">
    <skipped/>
  </testcase> <!-- verifyGigyaFormSix -->
  <system-out/>
</testsuite> <!-- com.qa.centrum.eng.test.CentrumSampleCouponsTest -->
