<?xml version="1.0" encoding="UTF-8"?>
<!-- Generated by org.testng.reporters.JUnitReportReporter -->
<testsuite hostname="WKWZTPqvmdckJHX" failures="0" tests="18" name="com.qa.centrum.eng.test.CentrumSampleMultivitaminsForKidsTest" time="205.234" errors="0" timestamp="2023-02-03T11:26:03 IST" skipped="0">
  <testcase classname="com.qa.centrum.eng.test.CentrumSampleMultivitaminsForKidsTest" name="cookieButton" time="7.385"/>
  <system-out/>
  <testcase classname="com.qa.centrum.eng.test.CentrumSampleMultivitaminsForKidsTest" name="verifyBannerLink" time="11.058"/>
  <system-out/>
  <testcase classname="com.qa.centrum.eng.test.CentrumSampleMultivitaminsForKidsTest" name="verifyMultivitaminLinkOne" time="11.970"/>
  <system-out/>
  <testcase classname="com.qa.centrum.eng.test.CentrumSampleMultivitaminsForKidsTest" name="verifyMultivitaminLinkTwo" time="8.439"/>
  <system-out/>
  <testcase classname="com.qa.centrum.eng.test.CentrumSampleMultivitaminsForKidsTest" name="verifyMultivitaminLinkThree" time="7.381"/>
  <system-out/>
  <testcase classname="com.qa.centrum.eng.test.CentrumSampleMultivitaminsForKidsTest" name="verifyMultivitaminLinkFour" time="9.044"/>
  <system-out/>
  <testcase classname="com.qa.centrum.eng.test.CentrumSampleMultivitaminsForKidsTest" name="verifyTropicalPunchLink" time="21.071"/>
  <system-out/>
  <testcase classname="com.qa.centrum.eng.test.CentrumSampleMultivitaminsForKidsTest" name="verifyMultiGummiesLink" time="13.817"/>
  <system-out/>
  <testcase classname="com.qa.centrum.eng.test.CentrumSampleMultivitaminsForKidsTest" name="verifyShowReference" time="8.826"/>
  <system-out/>
  <testcase classname="com.qa.centrum.eng.test.CentrumSampleMultivitaminsForKidsTest" name="verifyArticleOne" time="16.849"/>
  <system-out/>
  <testcase classname="com.qa.centrum.eng.test.CentrumSampleMultivitaminsForKidsTest" name="verifyArticleTwo" time="11.096"/>
  <system-out/>
  <testcase classname="com.qa.centrum.eng.test.CentrumSampleMultivitaminsForKidsTest" name="verifyArticleThree" time="11.711"/>
  <system-out/>
  <testcase classname="com.qa.centrum.eng.test.CentrumSampleMultivitaminsForKidsTest" name="verifyArticleFour" time="10.665"/>
  <system-out/>
  <testcase classname="com.qa.centrum.eng.test.CentrumSampleMultivitaminsForKidsTest" name="verifyBreadcrumbOne" time="16.308"/>
  <system-out/>
  <testcase classname="com.qa.centrum.eng.test.CentrumSampleMultivitaminsForKidsTest" name="verifyBreadcrumbTwo" time="9.145"/>
  <system-out/>
  <testcase classname="com.qa.centrum.eng.test.CentrumSampleMultivitaminsForKidsTest" name="verifyBreadcrumbThree" time="10.018"/>
  <system-out/>
  <testcase classname="com.qa.centrum.eng.test.CentrumSampleMultivitaminsForKidsTest" name="verifyBreadcrumbFour" time="11.222"/>
  <system-out/>
  <testcase classname="com.qa.centrum.eng.test.CentrumSampleMultivitaminsForKidsTest" name="verifyBreadcrumbFive" time="9.229"/>
  <system-out/>
</testsuite> <!-- com.qa.centrum.eng.test.CentrumSampleMultivitaminsForKidsTest -->
