<?xml version="1.0" encoding="UTF-8"?>
<!-- Generated by org.testng.reporters.JUnitReportReporter -->
<testsuite hostname="WKWZTPqvmdckJHX" failures="0" tests="14" name="com.qa.sensodyne.en.gb.test.SensodyneEnGbRepairAndProtectToothbrushTest" time="135.379" errors="1" timestamp="2023-07-05T13:44:56 IST" skipped="0">
  <testcase classname="com.qa.sensodyne.en.gb.test.SensodyneEnGbRepairAndProtectToothbrushTest" name="cookieButton" time="5.284"/>
  <system-out/>
  <testcase classname="com.qa.sensodyne.en.gb.test.SensodyneEnGbRepairAndProtectToothbrushTest" name="verifyBreadcrumbOne" time="10.199"/>
  <system-out/>
  <testcase classname="com.qa.sensodyne.en.gb.test.SensodyneEnGbRepairAndProtectToothbrushTest" name="verifyBreadcrumbTwo" time="11.412"/>
  <system-out/>
  <testcase classname="com.qa.sensodyne.en.gb.test.SensodyneEnGbRepairAndProtectToothbrushTest" name="verifyBreadcrumbThree" time="9.526"/>
  <system-out/>
  <testcase classname="com.qa.sensodyne.en.gb.test.SensodyneEnGbRepairAndProtectToothbrushTest" name="verifyAvailableProductImgOne" time="10.484"/>
  <system-out/>
  <testcase classname="com.qa.sensodyne.en.gb.test.SensodyneEnGbRepairAndProtectToothbrushTest" name="verifyAvailableProductLinkOne" time="7.440"/>
  <system-out/>
  <testcase classname="com.qa.sensodyne.en.gb.test.SensodyneEnGbRepairAndProtectToothbrushTest" name="verifyAvailableProductImgTwo" time="6.962"/>
  <system-out/>
  <testcase classname="com.qa.sensodyne.en.gb.test.SensodyneEnGbRepairAndProtectToothbrushTest" name="verifyAvailableProductLinkTwo" time="6.807"/>
  <system-out/>
  <testcase classname="com.qa.sensodyne.en.gb.test.SensodyneEnGbRepairAndProtectToothbrushTest" name="verifyTabSection" time="23.086">
    <error message="Tab Ingredients is not active in the page" type="java.lang.Exception">
      <![CDATA[java.lang.Exception: Tab Ingredients is not active in the page
at com.qa.sensodyne.en.gb.pages.SensodyneEnGbRepairAndProtectToothbrushPage.clickTabSection(SensodyneEnGbRepairAndProtectToothbrushPage.java:235)
at com.qa.sensodyne.en.gb.test.SensodyneEnGbRepairAndProtectToothbrushTest.verifyTabSection(SensodyneEnGbRepairAndProtectToothbrushTest.java:140)
at java.base/jdk.internal.reflect.DirectMethodHandleAccessor.invoke(DirectMethodHandleAccessor.java:104)
at java.base/java.lang.reflect.Method.invoke(Method.java:577)
at org.testng.internal.MethodInvocationHelper.invokeMethod(MethodInvocationHelper.java:133)
at org.testng.internal.TestInvoker.invokeMethod(TestInvoker.java:598)
at org.testng.internal.TestInvoker.invokeTestMethod(TestInvoker.java:173)
at org.testng.internal.MethodRunner.runInSequence(MethodRunner.java:46)
at org.testng.internal.TestInvoker$MethodInvocationAgent.invoke(TestInvoker.java:824)
at org.testng.internal.TestInvoker.invokeTestMethods(TestInvoker.java:146)
at org.testng.internal.TestMethodWorker.invokeTestMethods(TestMethodWorker.java:146)
at org.testng.internal.TestMethodWorker.run(TestMethodWorker.java:128)
at java.base/java.util.ArrayList.forEach(ArrayList.java:1511)
at org.testng.TestRunner.privateRun(TestRunner.java:794)
at org.testng.TestRunner.run(TestRunner.java:596)
at org.testng.SuiteRunner.runTest(SuiteRunner.java:377)
at org.testng.SuiteRunner.runSequentially(SuiteRunner.java:371)
at org.testng.SuiteRunner.privateRun(SuiteRunner.java:332)
at org.testng.SuiteRunner.run(SuiteRunner.java:276)
at org.testng.SuiteRunnerWorker.runSuite(SuiteRunnerWorker.java:53)
at org.testng.SuiteRunnerWorker.run(SuiteRunnerWorker.java:96)
at org.testng.TestNG.runSuitesSequentially(TestNG.java:1212)
at org.testng.TestNG.runSuitesLocally(TestNG.java:1134)
at org.testng.TestNG.runSuites(TestNG.java:1063)
at org.testng.TestNG.run(TestNG.java:1031)
at org.testng.remote.AbstractRemoteTestNG.run(AbstractRemoteTestNG.java:115)
at org.testng.remote.RemoteTestNG.initAndRun(RemoteTestNG.java:251)
at org.testng.remote.RemoteTestNG.main(RemoteTestNG.java:77)
]]>
    </error>
  </testcase> <!-- verifyTabSection -->
  <system-out/>
  <testcase classname="com.qa.sensodyne.en.gb.test.SensodyneEnGbRepairAndProtectToothbrushTest" name="verifyMostPopularProductOne" time="7.449"/>
  <system-out/>
  <testcase classname="com.qa.sensodyne.en.gb.test.SensodyneEnGbRepairAndProtectToothbrushTest" name="verifyMostPopularProductTwo" time="6.984"/>
  <system-out/>
  <testcase classname="com.qa.sensodyne.en.gb.test.SensodyneEnGbRepairAndProtectToothbrushTest" name="verifyMostPopularProductThree" time="7.272"/>
  <system-out/>
  <testcase classname="com.qa.sensodyne.en.gb.test.SensodyneEnGbRepairAndProtectToothbrushTest" name="verifyMostPopularProductFour" time="7.317"/>
  <system-out/>
  <testcase classname="com.qa.sensodyne.en.gb.test.SensodyneEnGbRepairAndProtectToothbrushTest" name="verifyFindYourStore" time="15.157"/>
  <system-out/>
</testsuite> <!-- com.qa.sensodyne.en.gb.test.SensodyneEnGbRepairAndProtectToothbrushTest -->
