<?xml version="1.0" encoding="UTF-8"?>
<!-- Generated by org.testng.reporters.JUnitReportReporter -->
<testsuite hostname="WKWZTPqvmdckJHX" failures="0" tests="1" name="com.qa.preph.test.PrephLearnMoreTest" time="10.041" errors="0" timestamp="2023-06-20T10:58:29 IST" skipped="0">
  <testcase classname="com.qa.preph.test.PrephLearnMoreTest" name="cookieButton" time="10.041"/>
  <system-out/>
</testsuite> <!-- com.qa.preph.test.PrephLearnMoreTest -->
