<?xml version="1.0" encoding="UTF-8"?>
<!-- Generated by org.testng.reporters.JUnitReportReporter -->
<testsuite hostname="WKWZTPqvmdckJHX" failures="0" tests="1" name="com.qa.drbest.ge.test.DrBestGeNachhaltigkeitTest" time="8.235" errors="0" timestamp="2023-03-07T15:16:24 IST" skipped="0">
  <testcase classname="com.qa.drbest.ge.test.DrBestGeNachhaltigkeitTest" name="verifyCookie" time="8.235"/>
  <system-out/>
</testsuite> <!-- com.qa.drbest.ge.test.DrBestGeNachhaltigkeitTest -->
