<?xml version="1.0" encoding="UTF-8"?>
<!-- Generated by org.testng.reporters.JUnitReportReporter -->
<testsuite hostname="WKWZTPqvmdckJHX" failures="0" tests="15" name="com.qa.biotene.test.BioteneHomepageTest" time="231.787" errors="0" timestamp="2023-04-03T07:36:54 IST" skipped="0">
  <testcase classname="com.qa.biotene.test.BioteneHomepageTest" name="cookieButton" time="48.825"/>
  <system-out/>
  <testcase classname="com.qa.biotene.test.BioteneHomepageTest" name="verifyParaLearnMoreOne" time="9.176"/>
  <system-out/>
  <testcase classname="com.qa.biotene.test.BioteneHomepageTest" name="verifyParaLearnMoreTwo" time="9.372"/>
  <system-out/>
  <testcase classname="com.qa.biotene.test.BioteneHomepageTest" name="verifyParaLearnMoreThree" time="12.860"/>
  <system-out/>
  <testcase classname="com.qa.biotene.test.BioteneHomepageTest" name="verifyLearnMoreOne" time="15.705"/>
  <system-out/>
  <testcase classname="com.qa.biotene.test.BioteneHomepageTest" name="verifyLearnMoreTwo" time="12.187"/>
  <system-out/>
  <testcase classname="com.qa.biotene.test.BioteneHomepageTest" name="verifyLearnMoreThree" time="13.449"/>
  <system-out/>
  <testcase classname="com.qa.biotene.test.BioteneHomepageTest" name="verifyLearnMoreFour" time="13.747"/>
  <system-out/>
  <testcase classname="com.qa.biotene.test.BioteneHomepageTest" name="verifyLearnMoreFive" time="15.165"/>
  <system-out/>
  <testcase classname="com.qa.biotene.test.BioteneHomepageTest" name="verifyLearnMoreSix" time="13.540"/>
  <system-out/>
  <testcase classname="com.qa.biotene.test.BioteneHomepageTest" name="verifyLearnMoreSeven" time="15.119"/>
  <system-out/>
  <testcase classname="com.qa.biotene.test.BioteneHomepageTest" name="verifyPreviousAndNextArrow" time="9.532"/>
  <system-out/>
  <testcase classname="com.qa.biotene.test.BioteneHomepageTest" name="verifyReadNow" time="11.445"/>
  <system-out/>
  <testcase classname="com.qa.biotene.test.BioteneHomepageTest" name="verifyTakeTheQuiz" time="13.151"/>
  <system-out/>
  <testcase classname="com.qa.biotene.test.BioteneHomepageTest" name="verifyShopNow" time="18.514"/>
  <system-out/>
</testsuite> <!-- com.qa.biotene.test.BioteneHomepageTest -->
