<?xml version="1.0" encoding="UTF-8"?>
<!-- Generated by org.testng.reporters.JUnitReportReporter -->
<testsuite hostname="WKWZTPqvmdckJHX" failures="0" tests="19" name="com.qa.voltarengel.test.VoltarengelAbWorkoutsFromHomeTest" time="236.940" errors="0" timestamp="2023-04-23T23:50:50 IST" skipped="5">
  <testcase classname="com.qa.voltarengel.test.VoltarengelAbWorkoutsFromHomeTest" name="cookieButton" time="84.124"/>
  <system-out/>
  <testcase classname="com.qa.voltarengel.test.VoltarengelAbWorkoutsFromHomeTest" name="verifyGetCoupon" time="5.826"/>
  <system-out/>
  <testcase classname="com.qa.voltarengel.test.VoltarengelAbWorkoutsFromHomeTest" name="verifyKneeExercises" time="8.438">
    <skipped/>
  </testcase> <!-- verifyKneeExercises -->
  <system-out/>
  <testcase classname="com.qa.voltarengel.test.VoltarengelAbWorkoutsFromHomeTest" name="verifyDealingWithPain" time="8.009"/>
  <system-out/>
  <testcase classname="com.qa.voltarengel.test.VoltarengelAbWorkoutsFromHomeTest" name="verifyVoltaren" time="5.781"/>
  <system-out/>
  <testcase classname="com.qa.voltarengel.test.VoltarengelAbWorkoutsFromHomeTest" name="verifyManageYourArthritisSymptoms" time="8.994">
    <skipped/>
  </testcase> <!-- verifyManageYourArthritisSymptoms -->
  <system-out/>
  <testcase classname="com.qa.voltarengel.test.VoltarengelAbWorkoutsFromHomeTest" name="verifyArthritisPain" time="10.471"/>
  <system-out/>
  <testcase classname="com.qa.voltarengel.test.VoltarengelAbWorkoutsFromHomeTest" name="verifyKneeExercises" time="11.206"/>
  <system-out/>
  <testcase classname="com.qa.voltarengel.test.VoltarengelAbWorkoutsFromHomeTest" name="verifyExercisesForArthritisAndJointPainRelief" time="6.008"/>
  <system-out/>
  <testcase classname="com.qa.voltarengel.test.VoltarengelAbWorkoutsFromHomeTest" name="verifyArthritisSymptoms" time="18.494">
    <skipped/>
  </testcase> <!-- verifyArthritisSymptoms -->
  <system-out/>
  <testcase classname="com.qa.voltarengel.test.VoltarengelAbWorkoutsFromHomeTest" name="verifyKneeExercises" time="7.648">
    <skipped/>
  </testcase> <!-- verifyKneeExercises -->
  <system-out/>
  <testcase classname="com.qa.voltarengel.test.VoltarengelAbWorkoutsFromHomeTest" name="verifyManageYourArthritisSymptoms" time="12.008"/>
  <system-out/>
  <testcase classname="com.qa.voltarengel.test.VoltarengelAbWorkoutsFromHomeTest" name="verifyArthritisSymptoms" time="5.913">
    <skipped/>
  </testcase> <!-- verifyArthritisSymptoms -->
  <system-out/>
  <testcase classname="com.qa.voltarengel.test.VoltarengelAbWorkoutsFromHomeTest" name="verifyWristExercises" time="6.189"/>
  <system-out/>
  <testcase classname="com.qa.voltarengel.test.VoltarengelAbWorkoutsFromHomeTest" name="verifyElbowExercisesForArthristis" time="11.688"/>
  <system-out/>
  <testcase classname="com.qa.voltarengel.test.VoltarengelAbWorkoutsFromHomeTest" name="verifyArthritisSymptoms" time="12.256"/>
  <system-out/>
  <testcase classname="com.qa.voltarengel.test.VoltarengelAbWorkoutsFromHomeTest" name="verifyWristExercisesForArthritisPain" time="4.155"/>
  <system-out/>
  <testcase classname="com.qa.voltarengel.test.VoltarengelAbWorkoutsFromHomeTest" name="verifyShowReference" time="4.453"/>
  <system-out/>
  <testcase classname="com.qa.voltarengel.test.VoltarengelAbWorkoutsFromHomeTest" name="verifyBuyNow" time="5.279"/>
  <system-out/>
</testsuite> <!-- com.qa.voltarengel.test.VoltarengelAbWorkoutsFromHomeTest -->
