<?xml version="1.0" encoding="UTF-8"?>
<!-- Generated by org.testng.reporters.JUnitReportReporter -->
<testsuite hostname="WKWZTPqvmdckJHX" failures="0" tests="5" name="com.qa.sensodyne.in.test.SensodyneInWhiterTeethProductsTest" time="40.863" errors="0" timestamp="2023-07-21T13:00:41 IST" skipped="0">
  <testcase classname="com.qa.sensodyne.in.test.SensodyneInWhiterTeethProductsTest" name="verifyPrdtCardText" time="7.127"/>
  <system-out/>
  <testcase classname="com.qa.sensodyne.in.test.SensodyneInWhiterTeethProductsTest" name="verifyPrdtCardImg" time="7.854"/>
  <system-out/>
  <testcase classname="com.qa.sensodyne.in.test.SensodyneInWhiterTeethProductsTest" name="verifyPrdtCardBuyNow" time="10.737"/>
  <system-out/>
  <testcase classname="com.qa.sensodyne.in.test.SensodyneInWhiterTeethProductsTest" name="verifyFindYourStore" time="7.494"/>
  <system-out/>
  <testcase classname="com.qa.sensodyne.in.test.SensodyneInWhiterTeethProductsTest" name="verifyHyperLinkFreshBreath" time="7.651"/>
  <system-out/>
</testsuite> <!-- com.qa.sensodyne.in.test.SensodyneInWhiterTeethProductsTest -->
