<?xml version="1.0" encoding="UTF-8"?>
<!-- Generated by org.testng.reporters.JUnitReportReporter -->
<testsuite hostname="WKWZTPqvmdckJHX" failures="0" tests="28" name="com.qa.centrum.eng.test.CentrumSampleFolicAcidTest" time="484.366" errors="0" timestamp="2023-01-30T17:25:00 IST" skipped="0">
  <testcase classname="com.qa.centrum.eng.test.CentrumSampleFolicAcidTest" name="cookieButton" time="11.263"/>
  <system-out/>
  <testcase classname="com.qa.centrum.eng.test.CentrumSampleFolicAcidTest" name="verifyBrainHealth" time="31.515"/>
  <system-out/>
  <testcase classname="com.qa.centrum.eng.test.CentrumSampleFolicAcidTest" name="verifyPregnancy" time="31.855"/>
  <system-out/>
  <testcase classname="com.qa.centrum.eng.test.CentrumSampleFolicAcidTest" name="verifyArticleOne" time="14.090"/>
  <system-out/>
  <testcase classname="com.qa.centrum.eng.test.CentrumSampleFolicAcidTest" name="verifyArticleTwo" time="15.528"/>
  <system-out/>
  <testcase classname="com.qa.centrum.eng.test.CentrumSampleFolicAcidTest" name="verifyArticleThree" time="13.245"/>
  <system-out/>
  <testcase classname="com.qa.centrum.eng.test.CentrumSampleFolicAcidTest" name="verifyArticleFour" time="15.171"/>
  <system-out/>
  <testcase classname="com.qa.centrum.eng.test.CentrumSampleFolicAcidTest" name="verifyLearnMoreOne" time="16.007"/>
  <system-out/>
  <testcase classname="com.qa.centrum.eng.test.CentrumSampleFolicAcidTest" name="verifyLearnMoreTwo" time="33.694"/>
  <system-out/>
  <testcase classname="com.qa.centrum.eng.test.CentrumSampleFolicAcidTest" name="verifyLearnMoreThree" time="16.137"/>
  <system-out/>
  <testcase classname="com.qa.centrum.eng.test.CentrumSampleFolicAcidTest" name="verifyLearnMoreFour" time="31.372"/>
  <system-out/>
  <testcase classname="com.qa.centrum.eng.test.CentrumSampleFolicAcidTest" name="verifyFeaturedProduct" time="9.334"/>
  <system-out/>
  <testcase classname="com.qa.centrum.eng.test.CentrumSampleFolicAcidTest" name="verifyProductWomen" time="18.303"/>
  <system-out/>
  <testcase classname="com.qa.centrum.eng.test.CentrumSampleFolicAcidTest" name="verifyProductAdults" time="17.703"/>
  <system-out/>
  <testcase classname="com.qa.centrum.eng.test.CentrumSampleFolicAcidTest" name="verifyProductSilverWomen" time="15.987"/>
  <system-out/>
  <testcase classname="com.qa.centrum.eng.test.CentrumSampleFolicAcidTest" name="verifyProductSilverAdults" time="16.694"/>
  <system-out/>
  <testcase classname="com.qa.centrum.eng.test.CentrumSampleFolicAcidTest" name="verifyBuyNowOne" time="11.731"/>
  <system-out/>
  <testcase classname="com.qa.centrum.eng.test.CentrumSampleFolicAcidTest" name="verifyBuyNowTwo" time="12.395"/>
  <system-out/>
  <testcase classname="com.qa.centrum.eng.test.CentrumSampleFolicAcidTest" name="verifyBuyNowThree" time="11.173"/>
  <system-out/>
  <testcase classname="com.qa.centrum.eng.test.CentrumSampleFolicAcidTest" name="verifyBuyNowFour" time="10.872"/>
  <system-out/>
  <testcase classname="com.qa.centrum.eng.test.CentrumSampleFolicAcidTest" name="verifyCompareOne" time="15.041"/>
  <system-out/>
  <testcase classname="com.qa.centrum.eng.test.CentrumSampleFolicAcidTest" name="verifyCompareTwo" time="14.801"/>
  <system-out/>
  <testcase classname="com.qa.centrum.eng.test.CentrumSampleFolicAcidTest" name="verifyCompareThree" time="15.214"/>
  <system-out/>
  <testcase classname="com.qa.centrum.eng.test.CentrumSampleFolicAcidTest" name="verifyCompareFour" time="17.299"/>
  <system-out/>
  <testcase classname="com.qa.centrum.eng.test.CentrumSampleFolicAcidTest" name="verifyBreadcrumbOne" time="24.475"/>
  <system-out/>
  <testcase classname="com.qa.centrum.eng.test.CentrumSampleFolicAcidTest" name="verifyBreadcrumbTwo" time="13.773"/>
  <system-out/>
  <testcase classname="com.qa.centrum.eng.test.CentrumSampleFolicAcidTest" name="verifyBreadcrumbThree" time="13.669"/>
  <system-out/>
  <testcase classname="com.qa.centrum.eng.test.CentrumSampleFolicAcidTest" name="verifyBreadcrumbFour" time="16.025"/>
  <system-out/>
</testsuite> <!-- com.qa.centrum.eng.test.CentrumSampleFolicAcidTest -->
