<?xml version="1.0" encoding="UTF-8"?>
<!-- Generated by org.testng.reporters.JUnitReportReporter -->
<testsuite hostname="WKWZTPqvmdckJHX" failures="0" tests="20" name="com.qa.caltrate.eng.test.Caltratecalciumsupplementproducts600d3softchewTest" time="109.196" errors="0" timestamp="2023-02-09T13:02:42 IST" skipped="0">
  <testcase classname="com.qa.caltrate.eng.test.Caltratecalciumsupplementproducts600d3softchewTest" name="verifyCookieLink" time="3.970"/>
  <system-out/>
  <testcase classname="com.qa.caltrate.eng.test.Caltratecalciumsupplementproducts600d3softchewTest" name="verifyhomebreadcrumbsLink" time="6.443"/>
  <system-out/>
  <testcase classname="com.qa.caltrate.eng.test.Caltratecalciumsupplementproducts600d3softchewTest" name="verifyProductsbreadcrumbsLink" time="4.497"/>
  <system-out/>
  <testcase classname="com.qa.caltrate.eng.test.Caltratecalciumsupplementproducts600d3softchewTest" name="verifyCaltratesoftchewbreadcrumbsLink" time="2.720"/>
  <system-out/>
  <testcase classname="com.qa.caltrate.eng.test.Caltratecalciumsupplementproducts600d3softchewTest" name="verifyCaltratesoftchewBuyNowLink" time="7.171"/>
  <system-out/>
  <testcase classname="com.qa.caltrate.eng.test.Caltratecalciumsupplementproducts600d3softchewTest" name="verifyGetCouponsLink" time="11.003"/>
  <system-out/>
  <testcase classname="com.qa.caltrate.eng.test.Caltratecalciumsupplementproducts600d3softchewTest" name="verifyGetcaltrate600d3Link" time="4.704"/>
  <system-out/>
  <testcase classname="com.qa.caltrate.eng.test.Caltratecalciumsupplementproducts600d3softchewTest" name="verifyGetcaltrate600d3_imgLink" time="5.463"/>
  <system-out/>
  <testcase classname="com.qa.caltrate.eng.test.Caltratecalciumsupplementproducts600d3softchewTest" name="verifyGetcaltrategummybitesLink" time="4.555"/>
  <system-out/>
  <testcase classname="com.qa.caltrate.eng.test.Caltratecalciumsupplementproducts600d3softchewTest" name="verifycaltrategummybites_imgLink" time="5.152"/>
  <system-out/>
  <testcase classname="com.qa.caltrate.eng.test.Caltratecalciumsupplementproducts600d3softchewTest" name="verifycaltrateplusmineralMinisLink" time="4.803"/>
  <system-out/>
  <testcase classname="com.qa.caltrate.eng.test.Caltratecalciumsupplementproducts600d3softchewTest" name="verifycaltrateplusmineralMinis_imgLink" time="6.322"/>
  <system-out/>
  <testcase classname="com.qa.caltrate.eng.test.Caltratecalciumsupplementproducts600d3softchewTest" name="verifycaltrateplusmineralLink" time="4.554"/>
  <system-out/>
  <testcase classname="com.qa.caltrate.eng.test.Caltratecalciumsupplementproducts600d3softchewTest" name="verifycaltrateplusmineral_imgLink" time="5.125"/>
  <system-out/>
  <testcase classname="com.qa.caltrate.eng.test.Caltratecalciumsupplementproducts600d3softchewTest" name="verifycaltrateplusmineralchewablesLink" time="5.607"/>
  <system-out/>
  <testcase classname="com.qa.caltrate.eng.test.Caltratecalciumsupplementproducts600d3softchewTest" name="verifycaltrateplusmineralchewables_imgLink" time="5.235"/>
  <system-out/>
  <testcase classname="com.qa.caltrate.eng.test.Caltratecalciumsupplementproducts600d3softchewTest" name="verifyviewallproductsLink" time="5.118"/>
  <system-out/>
  <testcase classname="com.qa.caltrate.eng.test.Caltratecalciumsupplementproducts600d3softchewTest" name="verifycaltrateyourbonesLink" time="5.290"/>
  <system-out/>
  <testcase classname="com.qa.caltrate.eng.test.Caltratecalciumsupplementproducts600d3softchewTest" name="verifycaltrateyourbones_imgLink" time="5.231"/>
  <system-out/>
  <testcase classname="com.qa.caltrate.eng.test.Caltratecalciumsupplementproducts600d3softchewTest" name="verifyreadmoreLink" time="6.233"/>
  <system-out/>
</testsuite> <!-- com.qa.caltrate.eng.test.Caltratecalciumsupplementproducts600d3softchewTest -->
