<?xml version="1.0" encoding="UTF-8"?>
<!-- Generated by org.testng.reporters.JUnitReportReporter -->
<testsuite hostname="WKWZTPqvmdckJHX" failures="0" tests="3" name="com.qa.caltrate.eng.test.CaltratequalityTest" time="20.521" errors="0" timestamp="2023-02-09T13:02:41 IST" skipped="0">
  <testcase classname="com.qa.caltrate.eng.test.CaltratequalityTest" name="verifyCookieLink" time="5.002"/>
  <system-out/>
  <testcase classname="com.qa.caltrate.eng.test.CaltratequalityTest" name="verifyhomebreadcrumbsLink" time="7.765"/>
  <system-out/>
  <testcase classname="com.qa.caltrate.eng.test.CaltratequalityTest" name="verifyProductsbreadcrumbsLink" time="7.754"/>
  <system-out/>
</testsuite> <!-- com.qa.caltrate.eng.test.CaltratequalityTest -->
