<?xml version="1.0" encoding="UTF-8"?>
<!-- Generated by org.testng.reporters.JUnitReportReporter -->
<testsuite hostname="WKWZTPqvmdckJHX" failures="0" tests="2" name="com.qa.drbest.ge.test.drbestPremiumInterdentaktivTest" time="58.492" errors="0" timestamp="2023-04-10T02:26:07 IST" skipped="0">
  <testcase classname="com.qa.drbest.ge.test.drbestPremiumInterdentaktivTest" name="verifydrbestcookiePopupLink" time="44.162"/>
  <system-out/>
  <testcase classname="com.qa.drbest.ge.test.drbestPremiumInterdentaktivTest" name="verifyBuyNow1Link" time="14.330"/>
  <system-out/>
</testsuite> <!-- com.qa.drbest.ge.test.drbestPremiumInterdentaktivTest -->
