<?xml version="1.0" encoding="UTF-8"?>
<!-- Generated by org.testng.reporters.JUnitReportReporter -->
<testsuite hostname="WKWZTPqvmdckJHX" failures="0" tests="7" name="com.qa.sensodyne.us.test.SensodyneManagingSensitiveTeethTest" time="109.395" errors="0" timestamp="2023-01-24T11:45:16 IST" skipped="0">
  <testcase classname="com.qa.sensodyne.us.test.SensodyneManagingSensitiveTeethTest" name="cookieButton" time="22.628"/>
  <system-out/>
  <testcase classname="com.qa.sensodyne.us.test.SensodyneManagingSensitiveTeethTest" name="verifyFindOutOne" time="20.306"/>
  <system-out/>
  <testcase classname="com.qa.sensodyne.us.test.SensodyneManagingSensitiveTeethTest" name="verifyCheckThemOut" time="14.429"/>
  <system-out/>
  <testcase classname="com.qa.sensodyne.us.test.SensodyneManagingSensitiveTeethTest" name="verifyFindOutTwo" time="16.538"/>
  <system-out/>
  <testcase classname="com.qa.sensodyne.us.test.SensodyneManagingSensitiveTeethTest" name="verifyFindOutThree" time="15.825"/>
  <system-out/>
  <testcase classname="com.qa.sensodyne.us.test.SensodyneManagingSensitiveTeethTest" name="verifyFindTheRightToothPaste" time="12.433"/>
  <system-out/>
  <testcase classname="com.qa.sensodyne.us.test.SensodyneManagingSensitiveTeethTest" name="verifyBreadCrumb" time="7.236"/>
  <system-out/>
</testsuite> <!-- com.qa.sensodyne.us.test.SensodyneManagingSensitiveTeethTest -->
