<?xml version="1.0" encoding="UTF-8"?>
<!-- Generated by org.testng.reporters.JUnitReportReporter -->
<testsuite hostname="WKWZTPqvmdckJHX" failures="0" tests="17" name="com.qa.caltrate.eng.test.CaltrateCheesyCauliflowerSoupTest" time="82.817" errors="0" timestamp="2023-05-01T22:31:50 IST" skipped="0">
  <testcase classname="com.qa.caltrate.eng.test.CaltrateCheesyCauliflowerSoupTest" name="cookieButton" time="3.177"/>
  <system-out/>
  <testcase classname="com.qa.caltrate.eng.test.CaltrateCheesyCauliflowerSoupTest" name="verifyTagsLinkOne" time="4.818"/>
  <system-out/>
  <testcase classname="com.qa.caltrate.eng.test.CaltrateCheesyCauliflowerSoupTest" name="verifyTagsLinkTwo" time="4.599"/>
  <system-out/>
  <testcase classname="com.qa.caltrate.eng.test.CaltrateCheesyCauliflowerSoupTest" name="verifyLearnMore" time="5.102"/>
  <system-out/>
  <testcase classname="com.qa.caltrate.eng.test.CaltrateCheesyCauliflowerSoupTest" name="verifyProductCard" time="4.388"/>
  <system-out/>
  <testcase classname="com.qa.caltrate.eng.test.CaltrateCheesyCauliflowerSoupTest" name="verifyViewBySectionOne" time="6.686"/>
  <system-out/>
  <testcase classname="com.qa.caltrate.eng.test.CaltrateCheesyCauliflowerSoupTest" name="verifyViewBySectionTwo" time="4.955"/>
  <system-out/>
  <testcase classname="com.qa.caltrate.eng.test.CaltrateCheesyCauliflowerSoupTest" name="verifyViewBySectionThree" time="4.598"/>
  <system-out/>
  <testcase classname="com.qa.caltrate.eng.test.CaltrateCheesyCauliflowerSoupTest" name="verifyViewBySectionFour" time="4.790"/>
  <system-out/>
  <testcase classname="com.qa.caltrate.eng.test.CaltrateCheesyCauliflowerSoupTest" name="verifyViewByTopicOne" time="4.566"/>
  <system-out/>
  <testcase classname="com.qa.caltrate.eng.test.CaltrateCheesyCauliflowerSoupTest" name="verifyViewByTopicTwo" time="4.995"/>
  <system-out/>
  <testcase classname="com.qa.caltrate.eng.test.CaltrateCheesyCauliflowerSoupTest" name="verifyViewByTopicThree" time="4.473"/>
  <system-out/>
  <testcase classname="com.qa.caltrate.eng.test.CaltrateCheesyCauliflowerSoupTest" name="verifyViewByTopicFour" time="6.022"/>
  <system-out/>
  <testcase classname="com.qa.caltrate.eng.test.CaltrateCheesyCauliflowerSoupTest" name="verifyBreadcrumbOne" time="10.248"/>
  <system-out/>
  <testcase classname="com.qa.caltrate.eng.test.CaltrateCheesyCauliflowerSoupTest" name="verifyBreadcrumbTwo" time="3.762"/>
  <system-out/>
  <testcase classname="com.qa.caltrate.eng.test.CaltrateCheesyCauliflowerSoupTest" name="verifyBreadcrumbThree" time="3.395"/>
  <system-out/>
  <testcase classname="com.qa.caltrate.eng.test.CaltrateCheesyCauliflowerSoupTest" name="verifyBreadcrumbFour" time="2.243"/>
  <system-out/>
</testsuite> <!-- com.qa.caltrate.eng.test.CaltrateCheesyCauliflowerSoupTest -->
