<?xml version="1.0" encoding="UTF-8"?>
<!-- Generated by org.testng.reporters.JUnitReportReporter -->
<testsuite hostname="WKWZTPqvmdckJHX" failures="0" tests="7" name="com.qa.biotene.test.BioteneCottonMouthCausesTest" time="195.392" errors="0" timestamp="2023-04-03T07:36:53 IST" skipped="0">
  <testcase classname="com.qa.biotene.test.BioteneCottonMouthCausesTest" name="cookieButton" time="126.306"/>
  <system-out/>
  <testcase classname="com.qa.biotene.test.BioteneCottonMouthCausesTest" name="verifyManageYourSymptoms" time="11.223"/>
  <system-out/>
  <testcase classname="com.qa.biotene.test.BioteneCottonMouthCausesTest" name="verifyOurProducts" time="7.238"/>
  <system-out/>
  <testcase classname="com.qa.biotene.test.BioteneCottonMouthCausesTest" name="verifyOurSite" time="6.869"/>
  <system-out/>
  <testcase classname="com.qa.biotene.test.BioteneCottonMouthCausesTest" name="verifyTAKETHEQUIZ" time="27.056"/>
  <system-out/>
  <testcase classname="com.qa.biotene.test.BioteneCottonMouthCausesTest" name="verifyGETCOUPONS" time="9.277"/>
  <system-out/>
  <testcase classname="com.qa.biotene.test.BioteneCottonMouthCausesTest" name="verifySHOPNOW" time="7.423"/>
  <system-out/>
</testsuite> <!-- com.qa.biotene.test.BioteneCottonMouthCausesTest -->
