<?xml version="1.0" encoding="UTF-8"?>
<!-- Generated by org.testng.reporters.JUnitReportReporter -->
<testsuite hostname="WKWZTPqvmdckJHX" failures="0" tests="11" name="com.qa.theraflu.test.TherafluShouldYouDrinkAlcoholWhenYouHaveColdTest" time="117.030" errors="0" timestamp="2023-08-28T14:52:43 IST" skipped="0">
  <testcase classname="com.qa.theraflu.test.TherafluShouldYouDrinkAlcoholWhenYouHaveColdTest" name="cookieButton" time="5.849"/>
  <system-out/>
  <testcase classname="com.qa.theraflu.test.TherafluShouldYouDrinkAlcoholWhenYouHaveColdTest" name="verifyBreadcrumbOne" time="9.850"/>
  <system-out/>
  <testcase classname="com.qa.theraflu.test.TherafluShouldYouDrinkAlcoholWhenYouHaveColdTest" name="verifyBreadcrumbTwo" time="8.303"/>
  <system-out/>
  <testcase classname="com.qa.theraflu.test.TherafluShouldYouDrinkAlcoholWhenYouHaveColdTest" name="verifyBreadcrumbThree" time="6.917"/>
  <system-out/>
  <testcase classname="com.qa.theraflu.test.TherafluShouldYouDrinkAlcoholWhenYouHaveColdTest" name="verifyHyperLinkOne" time="16.090"/>
  <system-out/>
  <testcase classname="com.qa.theraflu.test.TherafluShouldYouDrinkAlcoholWhenYouHaveColdTest" name="verifyHyperLinkTwo" time="13.477"/>
  <system-out/>
  <testcase classname="com.qa.theraflu.test.TherafluShouldYouDrinkAlcoholWhenYouHaveColdTest" name="verifyReferences" time="7.311"/>
  <system-out/>
  <testcase classname="com.qa.theraflu.test.TherafluShouldYouDrinkAlcoholWhenYouHaveColdTest" name="verifyRecommendedArticlesOne" time="9.955"/>
  <system-out/>
  <testcase classname="com.qa.theraflu.test.TherafluShouldYouDrinkAlcoholWhenYouHaveColdTest" name="verifyRecommendedArticlesTwo" time="12.312"/>
  <system-out/>
  <testcase classname="com.qa.theraflu.test.TherafluShouldYouDrinkAlcoholWhenYouHaveColdTest" name="verifyRecommendedArticlesThree" time="10.433"/>
  <system-out/>
  <testcase classname="com.qa.theraflu.test.TherafluShouldYouDrinkAlcoholWhenYouHaveColdTest" name="verifyRecommendedArticlesFour" time="16.533"/>
  <system-out/>
</testsuite> <!-- com.qa.theraflu.test.TherafluShouldYouDrinkAlcoholWhenYouHaveColdTest -->
