<?xml version="1.0" encoding="UTF-8"?>
<!-- Generated by org.testng.reporters.JUnitReportReporter -->
<testsuite hostname="WKWZTPqvmdckJHX" failures="0" tests="6" name="com.qa.drbest.ge.test.DrBestkinderErsteZahneTest" time="104.302" errors="0" timestamp="2023-04-10T02:26:06 IST" skipped="0">
  <testcase classname="com.qa.drbest.ge.test.DrBestkinderErsteZahneTest" name="cookieButton" time="44.592"/>
  <system-out/>
  <testcase classname="com.qa.drbest.ge.test.DrBestkinderErsteZahneTest" name="verifyBuyNow1" time="17.901"/>
  <system-out/>
  <testcase classname="com.qa.drbest.ge.test.DrBestkinderErsteZahneTest" name="verifyReviewLink" time="14.398"/>
  <system-out/>
  <testcase classname="com.qa.drbest.ge.test.DrBestkinderErsteZahneTest" name="verifyDrBESTMilchzahnImage" time="7.643"/>
  <system-out/>
  <testcase classname="com.qa.drbest.ge.test.DrBestkinderErsteZahneTest" name="verifyMehrErfahren1" time="9.008"/>
  <system-out/>
  <testcase classname="com.qa.drbest.ge.test.DrBestkinderErsteZahneTest" name="verifyJetztKaufen1" time="10.760"/>
  <system-out/>
</testsuite> <!-- com.qa.drbest.ge.test.DrBestkinderErsteZahneTest -->
