<?xml version="1.0" encoding="UTF-8"?>
<!-- Generated by org.testng.reporters.JUnitReportReporter -->
<testsuite hostname="WKWZTPqvmdckJHX" failures="0" tests="12" name="com.qa.flonase.test.FlonaseWinterAllergiesTest" time="368.876" errors="0" timestamp="2023-09-26T17:50:45 IST" skipped="0">
  <testcase classname="com.qa.flonase.test.FlonaseWinterAllergiesTest" name="cookieButton" time="7.469"/>
  <system-out/>
  <testcase classname="com.qa.flonase.test.FlonaseWinterAllergiesTest" name="verifyHyperLinkOne" time="14.837"/>
  <system-out/>
  <testcase classname="com.qa.flonase.test.FlonaseWinterAllergiesTest" name="verifyHyperLinkTwo" time="30.351"/>
  <system-out/>
  <testcase classname="com.qa.flonase.test.FlonaseWinterAllergiesTest" name="verifyHyperLinkThree" time="48.649"/>
  <system-out/>
  <testcase classname="com.qa.flonase.test.FlonaseWinterAllergiesTest" name="verifyHyperLinkFour" time="44.591"/>
  <system-out/>
  <testcase classname="com.qa.flonase.test.FlonaseWinterAllergiesTest" name="verifyHyperLinkFive" time="28.193"/>
  <system-out/>
  <testcase classname="com.qa.flonase.test.FlonaseWinterAllergiesTest" name="verifyTagsLinksOne" time="53.251"/>
  <system-out/>
  <testcase classname="com.qa.flonase.test.FlonaseWinterAllergiesTest" name="verifyHyperLinkSeeAllArticles" time="38.979"/>
  <system-out/>
  <testcase classname="com.qa.flonase.test.FlonaseWinterAllergiesTest" name="verifyAllAboutAllergiesArticleOne" time="19.482"/>
  <system-out/>
  <testcase classname="com.qa.flonase.test.FlonaseWinterAllergiesTest" name="verifyAllAboutAllergiesArticleTwo" time="7.785"/>
  <system-out/>
  <testcase classname="com.qa.flonase.test.FlonaseWinterAllergiesTest" name="verifyAllAboutAllergiesArticleThree" time="10.347"/>
  <system-out/>
  <testcase classname="com.qa.flonase.test.FlonaseWinterAllergiesTest" name="verifyBtnBuyNow" time="64.942"/>
  <system-out/>
</testsuite> <!-- com.qa.flonase.test.FlonaseWinterAllergiesTest -->
