<?xml version="1.0" encoding="UTF-8"?>
<!-- Generated by org.testng.reporters.JUnitReportReporter -->
<testsuite hostname="WKWZTPqvmdckJHX" failures="0" tests="92" name="com.qa.bens.checklist.test.FindYoutubeLinksTest" time="298.780" errors="0" timestamp="2023-07-11T17:22:11 IST" skipped="0">
  <testcase classname="com.qa.bens.checklist.test.FindYoutubeLinksTest" name="verifyExpiredCode" time="3.361"/>
  <system-out/>
  <testcase classname="com.qa.bens.checklist.test.FindYoutubeLinksTest" name="verifyExpiredCode" time="3.253"/>
  <system-out/>
  <testcase classname="com.qa.bens.checklist.test.FindYoutubeLinksTest" name="verifyExpiredCode" time="2.927"/>
  <system-out/>
  <testcase classname="com.qa.bens.checklist.test.FindYoutubeLinksTest" name="verifyExpiredCode" time="2.853"/>
  <system-out/>
  <testcase classname="com.qa.bens.checklist.test.FindYoutubeLinksTest" name="verifyExpiredCode" time="4.002"/>
  <system-out/>
  <testcase classname="com.qa.bens.checklist.test.FindYoutubeLinksTest" name="verifyExpiredCode" time="2.884"/>
  <system-out/>
  <testcase classname="com.qa.bens.checklist.test.FindYoutubeLinksTest" name="verifyExpiredCode" time="2.940"/>
  <system-out/>
  <testcase classname="com.qa.bens.checklist.test.FindYoutubeLinksTest" name="verifyExpiredCode" time="2.780"/>
  <system-out/>
  <testcase classname="com.qa.bens.checklist.test.FindYoutubeLinksTest" name="verifyExpiredCode" time="4.312"/>
  <system-out/>
  <testcase classname="com.qa.bens.checklist.test.FindYoutubeLinksTest" name="verifyExpiredCode" time="2.955"/>
  <system-out/>
  <testcase classname="com.qa.bens.checklist.test.FindYoutubeLinksTest" name="verifyExpiredCode" time="3.374"/>
  <system-out/>
  <testcase classname="com.qa.bens.checklist.test.FindYoutubeLinksTest" name="verifyExpiredCode" time="4.126"/>
  <system-out/>
  <testcase classname="com.qa.bens.checklist.test.FindYoutubeLinksTest" name="verifyExpiredCode" time="2.821"/>
  <system-out/>
  <testcase classname="com.qa.bens.checklist.test.FindYoutubeLinksTest" name="verifyExpiredCode" time="2.913"/>
  <system-out/>
  <testcase classname="com.qa.bens.checklist.test.FindYoutubeLinksTest" name="verifyExpiredCode" time="6.594"/>
  <system-out/>
  <testcase classname="com.qa.bens.checklist.test.FindYoutubeLinksTest" name="verifyExpiredCode" time="2.752"/>
  <system-out/>
  <testcase classname="com.qa.bens.checklist.test.FindYoutubeLinksTest" name="verifyExpiredCode" time="2.934"/>
  <system-out/>
  <testcase classname="com.qa.bens.checklist.test.FindYoutubeLinksTest" name="verifyExpiredCode" time="2.494"/>
  <system-out/>
  <testcase classname="com.qa.bens.checklist.test.FindYoutubeLinksTest" name="verifyExpiredCode" time="2.847"/>
  <system-out/>
  <testcase classname="com.qa.bens.checklist.test.FindYoutubeLinksTest" name="verifyExpiredCode" time="2.918"/>
  <system-out/>
  <testcase classname="com.qa.bens.checklist.test.FindYoutubeLinksTest" name="verifyExpiredCode" time="4.080"/>
  <system-out/>
  <testcase classname="com.qa.bens.checklist.test.FindYoutubeLinksTest" name="verifyExpiredCode" time="3.684"/>
  <system-out/>
  <testcase classname="com.qa.bens.checklist.test.FindYoutubeLinksTest" name="verifyExpiredCode" time="3.193"/>
  <system-out/>
  <testcase classname="com.qa.bens.checklist.test.FindYoutubeLinksTest" name="verifyExpiredCode" time="2.957"/>
  <system-out/>
  <testcase classname="com.qa.bens.checklist.test.FindYoutubeLinksTest" name="verifyExpiredCode" time="2.621"/>
  <system-out/>
  <testcase classname="com.qa.bens.checklist.test.FindYoutubeLinksTest" name="verifyExpiredCode" time="3.594"/>
  <system-out/>
  <testcase classname="com.qa.bens.checklist.test.FindYoutubeLinksTest" name="verifyExpiredCode" time="2.513"/>
  <system-out/>
  <testcase classname="com.qa.bens.checklist.test.FindYoutubeLinksTest" name="verifyExpiredCode" time="2.638"/>
  <system-out/>
  <testcase classname="com.qa.bens.checklist.test.FindYoutubeLinksTest" name="verifyExpiredCode" time="2.884"/>
  <system-out/>
  <testcase classname="com.qa.bens.checklist.test.FindYoutubeLinksTest" name="verifyExpiredCode" time="5.142"/>
  <system-out/>
  <testcase classname="com.qa.bens.checklist.test.FindYoutubeLinksTest" name="verifyExpiredCode" time="2.844"/>
  <system-out/>
  <testcase classname="com.qa.bens.checklist.test.FindYoutubeLinksTest" name="verifyExpiredCode" time="2.843"/>
  <system-out/>
  <testcase classname="com.qa.bens.checklist.test.FindYoutubeLinksTest" name="verifyExpiredCode" time="2.865"/>
  <system-out/>
  <testcase classname="com.qa.bens.checklist.test.FindYoutubeLinksTest" name="verifyExpiredCode" time="2.898"/>
  <system-out/>
  <testcase classname="com.qa.bens.checklist.test.FindYoutubeLinksTest" name="verifyExpiredCode" time="3.542"/>
  <system-out/>
  <testcase classname="com.qa.bens.checklist.test.FindYoutubeLinksTest" name="verifyExpiredCode" time="3.276"/>
  <system-out/>
  <testcase classname="com.qa.bens.checklist.test.FindYoutubeLinksTest" name="verifyExpiredCode" time="2.922"/>
  <system-out/>
  <testcase classname="com.qa.bens.checklist.test.FindYoutubeLinksTest" name="verifyExpiredCode" time="3.136"/>
  <system-out/>
  <testcase classname="com.qa.bens.checklist.test.FindYoutubeLinksTest" name="verifyExpiredCode" time="3.239"/>
  <system-out/>
  <testcase classname="com.qa.bens.checklist.test.FindYoutubeLinksTest" name="verifyExpiredCode" time="3.306"/>
  <system-out/>
  <testcase classname="com.qa.bens.checklist.test.FindYoutubeLinksTest" name="verifyExpiredCode" time="4.275"/>
  <system-out/>
  <testcase classname="com.qa.bens.checklist.test.FindYoutubeLinksTest" name="verifyExpiredCode" time="3.009"/>
  <system-out/>
  <testcase classname="com.qa.bens.checklist.test.FindYoutubeLinksTest" name="verifyExpiredCode" time="2.940"/>
  <system-out/>
  <testcase classname="com.qa.bens.checklist.test.FindYoutubeLinksTest" name="verifyExpiredCode" time="3.502"/>
  <system-out/>
  <testcase classname="com.qa.bens.checklist.test.FindYoutubeLinksTest" name="verifyExpiredCode" time="2.936"/>
  <system-out/>
  <testcase classname="com.qa.bens.checklist.test.FindYoutubeLinksTest" name="verifyExpiredCode" time="3.607"/>
  <system-out/>
  <testcase classname="com.qa.bens.checklist.test.FindYoutubeLinksTest" name="verifyExpiredCode" time="2.510"/>
  <system-out/>
  <testcase classname="com.qa.bens.checklist.test.FindYoutubeLinksTest" name="verifyExpiredCode" time="2.959"/>
  <system-out/>
  <testcase classname="com.qa.bens.checklist.test.FindYoutubeLinksTest" name="verifyExpiredCode" time="2.536"/>
  <system-out/>
  <testcase classname="com.qa.bens.checklist.test.FindYoutubeLinksTest" name="verifyExpiredCode" time="2.691"/>
  <system-out/>
  <testcase classname="com.qa.bens.checklist.test.FindYoutubeLinksTest" name="verifyExpiredCode" time="3.527"/>
  <system-out/>
  <testcase classname="com.qa.bens.checklist.test.FindYoutubeLinksTest" name="verifyExpiredCode" time="3.113"/>
  <system-out/>
  <testcase classname="com.qa.bens.checklist.test.FindYoutubeLinksTest" name="verifyExpiredCode" time="2.662"/>
  <system-out/>
  <testcase classname="com.qa.bens.checklist.test.FindYoutubeLinksTest" name="verifyExpiredCode" time="3.200"/>
  <system-out/>
  <testcase classname="com.qa.bens.checklist.test.FindYoutubeLinksTest" name="verifyExpiredCode" time="2.912"/>
  <system-out/>
  <testcase classname="com.qa.bens.checklist.test.FindYoutubeLinksTest" name="verifyExpiredCode" time="3.020"/>
  <system-out/>
  <testcase classname="com.qa.bens.checklist.test.FindYoutubeLinksTest" name="verifyExpiredCode" time="3.678"/>
  <system-out/>
  <testcase classname="com.qa.bens.checklist.test.FindYoutubeLinksTest" name="verifyExpiredCode" time="4.318"/>
  <system-out/>
  <testcase classname="com.qa.bens.checklist.test.FindYoutubeLinksTest" name="verifyExpiredCode" time="2.760"/>
  <system-out/>
  <testcase classname="com.qa.bens.checklist.test.FindYoutubeLinksTest" name="verifyExpiredCode" time="6.646"/>
  <system-out/>
  <testcase classname="com.qa.bens.checklist.test.FindYoutubeLinksTest" name="verifyExpiredCode" time="2.949"/>
  <system-out/>
  <testcase classname="com.qa.bens.checklist.test.FindYoutubeLinksTest" name="verifyExpiredCode" time="2.960"/>
  <system-out/>
  <testcase classname="com.qa.bens.checklist.test.FindYoutubeLinksTest" name="verifyExpiredCode" time="3.616"/>
  <system-out/>
  <testcase classname="com.qa.bens.checklist.test.FindYoutubeLinksTest" name="verifyExpiredCode" time="3.060"/>
  <system-out/>
  <testcase classname="com.qa.bens.checklist.test.FindYoutubeLinksTest" name="verifyExpiredCode" time="3.228"/>
  <system-out/>
  <testcase classname="com.qa.bens.checklist.test.FindYoutubeLinksTest" name="verifyExpiredCode" time="3.163"/>
  <system-out/>
  <testcase classname="com.qa.bens.checklist.test.FindYoutubeLinksTest" name="verifyExpiredCode" time="2.913"/>
  <system-out/>
  <testcase classname="com.qa.bens.checklist.test.FindYoutubeLinksTest" name="verifyExpiredCode" time="2.956"/>
  <system-out/>
  <testcase classname="com.qa.bens.checklist.test.FindYoutubeLinksTest" name="verifyExpiredCode" time="3.668"/>
  <system-out/>
  <testcase classname="com.qa.bens.checklist.test.FindYoutubeLinksTest" name="verifyExpiredCode" time="3.835"/>
  <system-out/>
  <testcase classname="com.qa.bens.checklist.test.FindYoutubeLinksTest" name="verifyExpiredCode" time="2.974"/>
  <system-out/>
  <testcase classname="com.qa.bens.checklist.test.FindYoutubeLinksTest" name="verifyExpiredCode" time="2.860"/>
  <system-out/>
  <testcase classname="com.qa.bens.checklist.test.FindYoutubeLinksTest" name="verifyExpiredCode" time="2.857"/>
  <system-out/>
  <testcase classname="com.qa.bens.checklist.test.FindYoutubeLinksTest" name="verifyExpiredCode" time="3.158"/>
  <system-out/>
  <testcase classname="com.qa.bens.checklist.test.FindYoutubeLinksTest" name="verifyExpiredCode" time="2.908"/>
  <system-out/>
  <testcase classname="com.qa.bens.checklist.test.FindYoutubeLinksTest" name="verifyExpiredCode" time="2.598"/>
  <system-out/>
  <testcase classname="com.qa.bens.checklist.test.FindYoutubeLinksTest" name="verifyExpiredCode" time="3.649"/>
  <system-out/>
  <testcase classname="com.qa.bens.checklist.test.FindYoutubeLinksTest" name="verifyExpiredCode" time="3.029"/>
  <system-out/>
  <testcase classname="com.qa.bens.checklist.test.FindYoutubeLinksTest" name="verifyExpiredCode" time="3.224"/>
  <system-out/>
  <testcase classname="com.qa.bens.checklist.test.FindYoutubeLinksTest" name="verifyExpiredCode" time="2.866"/>
  <system-out/>
  <testcase classname="com.qa.bens.checklist.test.FindYoutubeLinksTest" name="verifyExpiredCode" time="2.922"/>
  <system-out/>
  <testcase classname="com.qa.bens.checklist.test.FindYoutubeLinksTest" name="verifyExpiredCode" time="3.593"/>
  <system-out/>
  <testcase classname="com.qa.bens.checklist.test.FindYoutubeLinksTest" name="verifyExpiredCode" time="2.803"/>
  <system-out/>
  <testcase classname="com.qa.bens.checklist.test.FindYoutubeLinksTest" name="verifyExpiredCode" time="3.836"/>
  <system-out/>
  <testcase classname="com.qa.bens.checklist.test.FindYoutubeLinksTest" name="verifyExpiredCode" time="4.030"/>
  <system-out/>
  <testcase classname="com.qa.bens.checklist.test.FindYoutubeLinksTest" name="verifyExpiredCode" time="2.888"/>
  <system-out/>
  <testcase classname="com.qa.bens.checklist.test.FindYoutubeLinksTest" name="verifyExpiredCode" time="2.858"/>
  <system-out/>
  <testcase classname="com.qa.bens.checklist.test.FindYoutubeLinksTest" name="verifyExpiredCode" time="2.490"/>
  <system-out/>
  <testcase classname="com.qa.bens.checklist.test.FindYoutubeLinksTest" name="verifyExpiredCode" time="5.644"/>
  <system-out/>
  <testcase classname="com.qa.bens.checklist.test.FindYoutubeLinksTest" name="verifyExpiredCode" time="2.878"/>
  <system-out/>
  <testcase classname="com.qa.bens.checklist.test.FindYoutubeLinksTest" name="verifyExpiredCode" time="2.820"/>
  <system-out/>
  <testcase classname="com.qa.bens.checklist.test.FindYoutubeLinksTest" name="verifyExpiredCode" time="2.529"/>
  <system-out/>
</testsuite> <!-- com.qa.bens.checklist.test.FindYoutubeLinksTest -->
