<?xml version="1.0" encoding="UTF-8"?>
<!-- Generated by org.testng.reporters.JUnitReportReporter -->
<testsuite hostname="WKWZTPqvmdckJHX" failures="0" tests="17" name="com.qa.voltarengel.test.VoltarenWorkTest" time="160.476" errors="0" timestamp="2023-04-23T23:50:50 IST" skipped="0">
  <testcase classname="com.qa.voltarengel.test.VoltarenWorkTest" name="cookieButton" time="5.817"/>
  <system-out/>
  <testcase classname="com.qa.voltarengel.test.VoltarenWorkTest" name="verifyBreadcrumbOne" time="10.854"/>
  <system-out/>
  <testcase classname="com.qa.voltarengel.test.VoltarenWorkTest" name="verifyBreadcrumbTwo" time="14.721"/>
  <system-out/>
  <testcase classname="com.qa.voltarengel.test.VoltarenWorkTest" name="verifyBreadcrumbThree" time="7.862"/>
  <system-out/>
  <testcase classname="com.qa.voltarengel.test.VoltarenWorkTest" name="verifyBreadcrumbFour" time="8.467"/>
  <system-out/>
  <testcase classname="com.qa.voltarengel.test.VoltarenWorkTest" name="verifyHyperLinkStressful" time="8.397"/>
  <system-out/>
  <testcase classname="com.qa.voltarengel.test.VoltarenWorkTest" name="verifyHyperLinkArthritis" time="9.155"/>
  <system-out/>
  <testcase classname="com.qa.voltarengel.test.VoltarenWorkTest" name="verifyYoutubeVideo" time="16.242"/>
  <system-out/>
  <testcase classname="com.qa.voltarengel.test.VoltarenWorkTest" name="verifyShowTranscript" time="4.352"/>
  <system-out/>
  <testcase classname="com.qa.voltarengel.test.VoltarenWorkTest" name="verifyHyperLinkExercise" time="8.099"/>
  <system-out/>
  <testcase classname="com.qa.voltarengel.test.VoltarenWorkTest" name="verifyHyperLinkReliefFromArthritisPain" time="9.878"/>
  <system-out/>
  <testcase classname="com.qa.voltarengel.test.VoltarenWorkTest" name="verifyHyperLinkVoltarenArthritisPainGel" time="16.075"/>
  <system-out/>
  <testcase classname="com.qa.voltarengel.test.VoltarenWorkTest" name="verifyShowReference" time="4.658"/>
  <system-out/>
  <testcase classname="com.qa.voltarengel.test.VoltarenWorkTest" name="verifyRelatedArticleReadMoreOne" time="11.809"/>
  <system-out/>
  <testcase classname="com.qa.voltarengel.test.VoltarenWorkTest" name="verifyRelatedArticleReadMoreTwo" time="6.888"/>
  <system-out/>
  <testcase classname="com.qa.voltarengel.test.VoltarenWorkTest" name="verifyGetCoupons" time="11.762"/>
  <system-out/>
  <testcase classname="com.qa.voltarengel.test.VoltarenWorkTest" name="verifyBuyNow" time="5.440"/>
  <system-out/>
</testsuite> <!-- com.qa.voltarengel.test.VoltarenWorkTest -->
