<?xml version="1.0" encoding="UTF-8"?>
<!-- Generated by org.testng.reporters.JUnitReportReporter -->
<testsuite hostname="WKWZTPqvmdckJHX" failures="0" tests="3" name="com.qa.drbest.ge.test.drbestFooterTest" time="70.146" errors="0" timestamp="2023-04-10T02:26:07 IST" skipped="0">
  <testcase classname="com.qa.drbest.ge.test.drbestFooterTest" name="verifydrbestcookiePopupLink" time="46.644"/>
  <system-out/>
  <testcase classname="com.qa.drbest.ge.test.drbestFooterTest" name="verifyContaktLink" time="14.408"/>
  <system-out/>
  <testcase classname="com.qa.drbest.ge.test.drbestFooterTest" name="verifysitemapLink" time="9.094"/>
  <system-out/>
</testsuite> <!-- com.qa.drbest.ge.test.drbestFooterTest -->
