<?xml version="1.0" encoding="UTF-8"?>
<!-- Generated by org.testng.reporters.JUnitReportReporter -->
<testsuite hostname="WKWZTPqvmdckJHX" failures="0" tests="15" name="com.qa.sensodyne.us.test.SensodyneSensodyneRepairProtectWhietningToothpasteTest" time="305.553" errors="0" timestamp="2023-01-24T13:51:12 IST" skipped="0">
  <testcase classname="com.qa.sensodyne.us.test.SensodyneSensodyneRepairProtectWhietningToothpasteTest" name="cookieButton" time="14.568"/>
  <system-out/>
  <testcase classname="com.qa.sensodyne.us.test.SensodyneSensodyneRepairProtectWhietningToothpasteTest" name="verifyBuyNowOne" time="11.295"/>
  <system-out/>
  <testcase classname="com.qa.sensodyne.us.test.SensodyneSensodyneRepairProtectWhietningToothpasteTest" name="verifyGetCoupon" time="19.888"/>
  <system-out/>
  <testcase classname="com.qa.sensodyne.us.test.SensodyneSensodyneRepairProtectWhietningToothpasteTest" name="verifyOriginal" time="27.268"/>
  <system-out/>
  <testcase classname="com.qa.sensodyne.us.test.SensodyneSensodyneRepairProtectWhietningToothpasteTest" name="verifyExtraFresh" time="31.579"/>
  <system-out/>
  <testcase classname="com.qa.sensodyne.us.test.SensodyneSensodyneRepairProtectWhietningToothpasteTest" name="verifyIngredients" time="10.584"/>
  <system-out/>
  <testcase classname="com.qa.sensodyne.us.test.SensodyneSensodyneRepairProtectWhietningToothpasteTest" name="verifyDirections" time="8.398"/>
  <system-out/>
  <testcase classname="com.qa.sensodyne.us.test.SensodyneSensodyneRepairProtectWhietningToothpasteTest" name="verifyWarnings" time="8.483"/>
  <system-out/>
  <testcase classname="com.qa.sensodyne.us.test.SensodyneSensodyneRepairProtectWhietningToothpasteTest" name="verifyMostPopularProductsOne" time="23.758"/>
  <system-out/>
  <testcase classname="com.qa.sensodyne.us.test.SensodyneSensodyneRepairProtectWhietningToothpasteTest" name="verifyMostPopularProductsTwo" time="22.090"/>
  <system-out/>
  <testcase classname="com.qa.sensodyne.us.test.SensodyneSensodyneRepairProtectWhietningToothpasteTest" name="verifyMostPopularProductsThree" time="22.008"/>
  <system-out/>
  <testcase classname="com.qa.sensodyne.us.test.SensodyneSensodyneRepairProtectWhietningToothpasteTest" name="verifyMostPopularProductsFour" time="22.827"/>
  <system-out/>
  <testcase classname="com.qa.sensodyne.us.test.SensodyneSensodyneRepairProtectWhietningToothpasteTest" name="verifyMostPopularProductsFive" time="21.696"/>
  <system-out/>
  <testcase classname="com.qa.sensodyne.us.test.SensodyneSensodyneRepairProtectWhietningToothpasteTest" name="verifyGetYourCoupon" time="20.001"/>
  <system-out/>
  <testcase classname="com.qa.sensodyne.us.test.SensodyneSensodyneRepairProtectWhietningToothpasteTest" name="verifyFindYourStore" time="41.110"/>
  <system-out/>
</testsuite> <!-- com.qa.sensodyne.us.test.SensodyneSensodyneRepairProtectWhietningToothpasteTest -->
