<?xml version="1.0" encoding="UTF-8"?>
<!-- Generated by org.testng.reporters.JUnitReportReporter -->
<testsuite hostname="WKWZTPqvmdckJHX" failures="0" tests="7" name="com.qa.tums.eng.test.TumsHowToKnowIfYouHaveAcidRefluxTest" time="68.161" errors="0" timestamp="2023-01-23T12:28:36 IST" skipped="0">
  <testcase classname="com.qa.tums.eng.test.TumsHowToKnowIfYouHaveAcidRefluxTest" name="verifyCookie" time="5.196"/>
  <system-out/>
  <testcase classname="com.qa.tums.eng.test.TumsHowToKnowIfYouHaveAcidRefluxTest" name="verifyBreadCrumbHome" time="14.437"/>
  <system-out/>
  <testcase classname="com.qa.tums.eng.test.TumsHowToKnowIfYouHaveAcidRefluxTest" name="verifyBreadCrumbOne" time="10.021"/>
  <system-out/>
  <testcase classname="com.qa.tums.eng.test.TumsHowToKnowIfYouHaveAcidRefluxTest" name="verifyHyperLinkOne" time="10.111"/>
  <system-out/>
  <testcase classname="com.qa.tums.eng.test.TumsHowToKnowIfYouHaveAcidRefluxTest" name="verifyHyperLinkTwo" time="8.756"/>
  <system-out/>
  <testcase classname="com.qa.tums.eng.test.TumsHowToKnowIfYouHaveAcidRefluxTest" name="verifyHyperLinkThree" time="9.794"/>
  <system-out/>
  <testcase classname="com.qa.tums.eng.test.TumsHowToKnowIfYouHaveAcidRefluxTest" name="verifySeeProducts" time="9.846"/>
  <system-out/>
</testsuite> <!-- com.qa.tums.eng.test.TumsHowToKnowIfYouHaveAcidRefluxTest -->
