<?xml version="1.0" encoding="UTF-8"?>
<!-- Generated by org.testng.reporters.JUnitReportReporter -->
<testsuite hostname="WKWZTPqvmdckJHX" failures="0" tests="15" name="com.qa.tums.eng.test.TumsWhatIsGerdSymptomsTreatmentDietMedicationTest" time="111.945" errors="0" timestamp="2023-01-23T12:28:36 IST" skipped="0">
  <testcase classname="com.qa.tums.eng.test.TumsWhatIsGerdSymptomsTreatmentDietMedicationTest" name="verifyCookie" time="5.479"/>
  <system-out/>
  <testcase classname="com.qa.tums.eng.test.TumsWhatIsGerdSymptomsTreatmentDietMedicationTest" name="verifyBreadCrumbHome" time="13.081"/>
  <system-out/>
  <testcase classname="com.qa.tums.eng.test.TumsWhatIsGerdSymptomsTreatmentDietMedicationTest" name="verifyBreadCrumbOne" time="9.685"/>
  <system-out/>
  <testcase classname="com.qa.tums.eng.test.TumsWhatIsGerdSymptomsTreatmentDietMedicationTest" name="verifyHyperLinkOne" time="8.815"/>
  <system-out/>
  <testcase classname="com.qa.tums.eng.test.TumsWhatIsGerdSymptomsTreatmentDietMedicationTest" name="verifyAccordionOne" time="4.308"/>
  <system-out/>
  <testcase classname="com.qa.tums.eng.test.TumsWhatIsGerdSymptomsTreatmentDietMedicationTest" name="verifyAccordionTwo" time="4.296"/>
  <system-out/>
  <testcase classname="com.qa.tums.eng.test.TumsWhatIsGerdSymptomsTreatmentDietMedicationTest" name="verifyAccordionThree" time="4.886"/>
  <system-out/>
  <testcase classname="com.qa.tums.eng.test.TumsWhatIsGerdSymptomsTreatmentDietMedicationTest" name="verifyAccordionFour" time="4.538"/>
  <system-out/>
  <testcase classname="com.qa.tums.eng.test.TumsWhatIsGerdSymptomsTreatmentDietMedicationTest" name="verifyAccordionFive" time="4.798"/>
  <system-out/>
  <testcase classname="com.qa.tums.eng.test.TumsWhatIsGerdSymptomsTreatmentDietMedicationTest" name="verifyAccordionSix" time="4.765"/>
  <system-out/>
  <testcase classname="com.qa.tums.eng.test.TumsWhatIsGerdSymptomsTreatmentDietMedicationTest" name="verifyAccordionSeven" time="4.495"/>
  <system-out/>
  <testcase classname="com.qa.tums.eng.test.TumsWhatIsGerdSymptomsTreatmentDietMedicationTest" name="verifyAccordionEight" time="4.667"/>
  <system-out/>
  <testcase classname="com.qa.tums.eng.test.TumsWhatIsGerdSymptomsTreatmentDietMedicationTest" name="verifyAccordionEightHyperLink" time="13.944"/>
  <system-out/>
  <testcase classname="com.qa.tums.eng.test.TumsWhatIsGerdSymptomsTreatmentDietMedicationTest" name="verifyHyperLinkTwo" time="13.117"/>
  <system-out/>
  <testcase classname="com.qa.tums.eng.test.TumsWhatIsGerdSymptomsTreatmentDietMedicationTest" name="verifySeeProducts" time="11.071"/>
  <system-out/>
</testsuite> <!-- com.qa.tums.eng.test.TumsWhatIsGerdSymptomsTreatmentDietMedicationTest -->
