<?xml version="1.0" encoding="UTF-8"?>
<!-- Generated by org.testng.reporters.JUnitReportReporter -->
<testsuite hostname="WKWZTPqvmdckJHX" failures="0" tests="7" name="com.qa.nexium.us.test.NexiumProteinPackedMealsTest" time="81.132" errors="0" timestamp="2023-05-12T13:00:13 IST" skipped="0">
  <testcase classname="com.qa.nexium.us.test.NexiumProteinPackedMealsTest" name="cookieButton" time="12.805"/>
  <system-out/>
  <testcase classname="com.qa.nexium.us.test.NexiumProteinPackedMealsTest" name="verifyBreadcrumbOne" time="10.900"/>
  <system-out/>
  <testcase classname="com.qa.nexium.us.test.NexiumProteinPackedMealsTest" name="verifyBreadcrumbTwo" time="14.802"/>
  <system-out/>
  <testcase classname="com.qa.nexium.us.test.NexiumProteinPackedMealsTest" name="verifyBreadcrumbThree" time="13.452"/>
  <system-out/>
  <testcase classname="com.qa.nexium.us.test.NexiumProteinPackedMealsTest" name="verifyBreadcrumbFour" time="3.299"/>
  <system-out/>
  <testcase classname="com.qa.nexium.us.test.NexiumProteinPackedMealsTest" name="verifyHyperLinkTriggerHeartburn" time="15.692"/>
  <system-out/>
  <testcase classname="com.qa.nexium.us.test.NexiumProteinPackedMealsTest" name="verifyHyperLinkTomatoesAreATriggerFood" time="10.182"/>
  <system-out/>
</testsuite> <!-- com.qa.nexium.us.test.NexiumProteinPackedMealsTest -->
