<?xml version="1.0" encoding="UTF-8"?>
<!-- Generated by org.testng.reporters.JUnitReportReporter -->
<testsuite hostname="WKWZTPqvmdckJHX" failures="0" tests="1" name="com.qa.theraflu.test.TherafluNighttimeFluReliefMaxStrengthSyrupTest" time="24.163" errors="0" timestamp="2023-09-21T15:14:54 IST" skipped="0">
  <testcase classname="com.qa.theraflu.test.TherafluNighttimeFluReliefMaxStrengthSyrupTest" name="verifyImgCarousel" time="24.163"/>
  <system-out/>
</testsuite> <!-- com.qa.theraflu.test.TherafluNighttimeFluReliefMaxStrengthSyrupTest -->
