<?xml version="1.0" encoding="UTF-8"?>
<!-- Generated by org.testng.reporters.JUnitReportReporter -->
<testsuite hostname="WKWZTPqvmdckJHX" failures="1" tests="10" name="com.qa.sensodyne.us.test.SensodyneCanYouBrushTeethTooHardTest" time="150.353" errors="0" timestamp="2023-01-24T18:04:34 IST" skipped="0">
  <testcase classname="com.qa.sensodyne.us.test.SensodyneCanYouBrushTeethTooHardTest" name="cookieButton" time="7.565"/>
  <system-out/>
  <testcase classname="com.qa.sensodyne.us.test.SensodyneCanYouBrushTeethTooHardTest" name="verifyBackToTheArticleList" time="6.703"/>
  <system-out/>
  <testcase classname="com.qa.sensodyne.us.test.SensodyneCanYouBrushTeethTooHardTest" name="verifyIsItPossibleLinkOne" time="17.392"/>
  <system-out/>
  <testcase classname="com.qa.sensodyne.us.test.SensodyneCanYouBrushTeethTooHardTest" name="verifyIsItPossibleLinkTwo" time="27.353"/>
  <system-out/>
  <testcase classname="com.qa.sensodyne.us.test.SensodyneCanYouBrushTeethTooHardTest" name="verifyDamagedCausedLink" time="16.584"/>
  <system-out/>
  <testcase classname="com.qa.sensodyne.us.test.SensodyneCanYouBrushTeethTooHardTest" name="verifyHowToBrushCorrectlyLink" time="16.777">
    <failure message="expected [products/sensodyne-rapid-relief-mint-toothpaste/] but found [https://www.sensodyne.com/en-us/products/sensodyne-rapid-relief-mint-toothpaste/]" type="java.lang.AssertionError">
      <![CDATA[java.lang.AssertionError: expected [products/sensodyne-rapid-relief-mint-toothpaste/] but found [https://www.sensodyne.com/en-us/products/sensodyne-rapid-relief-mint-toothpaste/]
at org.testng.Assert.fail(Assert.java:99)
at org.testng.Assert.failNotEquals(Assert.java:1037)
at org.testng.Assert.assertEqualsImpl(Assert.java:140)
at org.testng.Assert.assertEquals(Assert.java:122)
at org.testng.Assert.assertEquals(Assert.java:629)
at org.testng.Assert.assertEquals(Assert.java:639)
at com.qa.baseClass.BaseClass.compareTwoText(BaseClass.java:752)
at com.qa.sensodyne.us.test.SensodyneCanYouBrushTeethTooHardTest.verifyHowToBrushCorrectlyLink(SensodyneCanYouBrushTeethTooHardTest.java:102)
at java.base/jdk.internal.reflect.DirectMethodHandleAccessor.invoke(DirectMethodHandleAccessor.java:104)
at java.base/java.lang.reflect.Method.invoke(Method.java:577)
at org.testng.internal.MethodInvocationHelper.invokeMethod(MethodInvocationHelper.java:133)
at org.testng.internal.TestInvoker.invokeMethod(TestInvoker.java:598)
at org.testng.internal.TestInvoker.invokeTestMethod(TestInvoker.java:173)
at org.testng.internal.MethodRunner.runInSequence(MethodRunner.java:46)
at org.testng.internal.TestInvoker$MethodInvocationAgent.invoke(TestInvoker.java:824)
at org.testng.internal.TestInvoker.invokeTestMethods(TestInvoker.java:146)
at org.testng.internal.TestMethodWorker.invokeTestMethods(TestMethodWorker.java:146)
at org.testng.internal.TestMethodWorker.run(TestMethodWorker.java:128)
at java.base/java.util.ArrayList.forEach(ArrayList.java:1511)
at org.testng.TestRunner.privateRun(TestRunner.java:794)
at org.testng.TestRunner.run(TestRunner.java:596)
at org.testng.SuiteRunner.runTest(SuiteRunner.java:377)
at org.testng.SuiteRunner.runSequentially(SuiteRunner.java:371)
at org.testng.SuiteRunner.privateRun(SuiteRunner.java:332)
at org.testng.SuiteRunner.run(SuiteRunner.java:276)
at org.testng.SuiteRunnerWorker.runSuite(SuiteRunnerWorker.java:53)
at org.testng.SuiteRunnerWorker.run(SuiteRunnerWorker.java:96)
at org.testng.TestNG.runSuitesSequentially(TestNG.java:1212)
at org.testng.TestNG.runSuitesLocally(TestNG.java:1134)
at org.testng.TestNG.runSuites(TestNG.java:1063)
at org.testng.TestNG.run(TestNG.java:1031)
at org.testng.remote.AbstractRemoteTestNG.run(AbstractRemoteTestNG.java:115)
at org.testng.remote.RemoteTestNG.initAndRun(RemoteTestNG.java:251)
at org.testng.remote.RemoteTestNG.main(RemoteTestNG.java:77)
]]>
    </failure>
  </testcase> <!-- verifyHowToBrushCorrectlyLink -->
  <system-out/>
  <testcase classname="com.qa.sensodyne.us.test.SensodyneCanYouBrushTeethTooHardTest" name="verifyRelatedArticleOne" time="10.151"/>
  <system-out/>
  <testcase classname="com.qa.sensodyne.us.test.SensodyneCanYouBrushTeethTooHardTest" name="verifyRelatedArticleTwo" time="10.705"/>
  <system-out/>
  <testcase classname="com.qa.sensodyne.us.test.SensodyneCanYouBrushTeethTooHardTest" name="verifyRelatedArticleThree" time="26.386"/>
  <system-out/>
  <testcase classname="com.qa.sensodyne.us.test.SensodyneCanYouBrushTeethTooHardTest" name="verifyRelatedArticleFour" time="10.737"/>
  <system-out/>
</testsuite> <!-- com.qa.sensodyne.us.test.SensodyneCanYouBrushTeethTooHardTest -->
