<?xml version="1.0" encoding="UTF-8"?>
<!-- Generated by org.testng.reporters.JUnitReportReporter -->
<testsuite hostname="WKWZTPqvmdckJHX" failures="0" tests="4" name="com.qa.sensodyne.in.test.SensodyneInRepairSensitiveTeethProductsTest" time="45.592" errors="0" timestamp="2023-07-21T11:13:50 IST" skipped="0">
  <testcase classname="com.qa.sensodyne.in.test.SensodyneInRepairSensitiveTeethProductsTest" name="verifyPrdtCardText" time="8.213"/>
  <system-out/>
  <testcase classname="com.qa.sensodyne.in.test.SensodyneInRepairSensitiveTeethProductsTest" name="verifyPrdtCardImg" time="8.422"/>
  <system-out/>
  <testcase classname="com.qa.sensodyne.in.test.SensodyneInRepairSensitiveTeethProductsTest" name="verifyPrdtCardBuyNow" time="6.822"/>
  <system-out/>
  <testcase classname="com.qa.sensodyne.in.test.SensodyneInRepairSensitiveTeethProductsTest" name="verifyFindYourStore" time="22.135"/>
  <system-out/>
</testsuite> <!-- com.qa.sensodyne.in.test.SensodyneInRepairSensitiveTeethProductsTest -->
