<?xml version="1.0" encoding="UTF-8"?>
<!-- Generated by org.testng.reporters.JUnitReportReporter -->
<testsuite hostname="WKWZTPqvmdckJHX" failures="0" tests="12" name="com.qa.drbest.ge.test.drbestPremiumxzZwischenzahnTest" time="174.369" errors="0" timestamp="2023-04-10T02:26:06 IST" skipped="2">
  <testcase classname="com.qa.drbest.ge.test.drbestPremiumxzZwischenzahnTest" name="verifydrbestcookiePopupLink" time="43.808"/>
  <system-out/>
  <testcase classname="com.qa.drbest.ge.test.drbestPremiumxzZwischenzahnTest" name="verifyBuyNow1Link" time="8.576"/>
  <system-out/>
  <testcase classname="com.qa.drbest.ge.test.drbestPremiumxzZwischenzahnTest" name="verifyReviewLink" time="11.271"/>
  <system-out/>
  <testcase classname="com.qa.drbest.ge.test.drbestPremiumxzZwischenzahnTest" name="verifyReview1Link" time="34.334"/>
  <system-out/>
  <testcase classname="com.qa.drbest.ge.test.drbestPremiumxzZwischenzahnTest" name="verifyAtemfrischLink" time="11.846"/>
  <system-out/>
  <testcase classname="com.qa.drbest.ge.test.drbestPremiumxzZwischenzahnTest" name="verifyAtemfrischProductLink" time="7.497"/>
  <system-out/>
  <testcase classname="com.qa.drbest.ge.test.drbestPremiumxzZwischenzahnTest" name="verifyAtemfrischBuyNowLink" time="10.809">
    <skipped/>
  </testcase> <!-- verifyAtemfrischBuyNowLink -->
  <system-out/>
  <testcase classname="com.qa.drbest.ge.test.drbestPremiumxzZwischenzahnTest" name="verifyAtemfrischBuyNowLink" time="8.779"/>
  <system-out/>
  <testcase classname="com.qa.drbest.ge.test.drbestPremiumxzZwischenzahnTest" name="verifyVibrationAtemfrischLink" time="7.860"/>
  <system-out/>
  <testcase classname="com.qa.drbest.ge.test.drbestPremiumxzZwischenzahnTest" name="verifyVibrationAtemfrischProductLink" time="7.699"/>
  <system-out/>
  <testcase classname="com.qa.drbest.ge.test.drbestPremiumxzZwischenzahnTest" name="verifyVibrationAtemfrischBuyNowLink" time="13.645"/>
  <system-out/>
  <testcase classname="com.qa.drbest.ge.test.drbestPremiumxzZwischenzahnTest" name="verifyVibrationAtemfrischBuyNowLink" time="8.245">
    <skipped/>
  </testcase> <!-- verifyVibrationAtemfrischBuyNowLink -->
  <system-out/>
</testsuite> <!-- com.qa.drbest.ge.test.drbestPremiumxzZwischenzahnTest -->
