<?xml version="1.0" encoding="UTF-8"?>
<!-- Generated by org.testng.reporters.JUnitReportReporter -->
<testsuite hostname="WKWZTPqvmdckJHX" failures="0" tests="9" name="com.qa.nexium.us.test.NexiumPayAttentionToMicrobiomeTest" time="110.693" errors="0" timestamp="2023-05-11T18:27:28 IST" skipped="0">
  <testcase classname="com.qa.nexium.us.test.NexiumPayAttentionToMicrobiomeTest" name="cookieButton" time="5.240"/>
  <system-out/>
  <testcase classname="com.qa.nexium.us.test.NexiumPayAttentionToMicrobiomeTest" name="verifyBreadcrumbOne" time="23.715"/>
  <system-out/>
  <testcase classname="com.qa.nexium.us.test.NexiumPayAttentionToMicrobiomeTest" name="verifyBreadcrumbTwo" time="13.442"/>
  <system-out/>
  <testcase classname="com.qa.nexium.us.test.NexiumPayAttentionToMicrobiomeTest" name="verifyBreadcrumbThree" time="9.525"/>
  <system-out/>
  <testcase classname="com.qa.nexium.us.test.NexiumPayAttentionToMicrobiomeTest" name="verifyBreadcrumbFour" time="3.146"/>
  <system-out/>
  <testcase classname="com.qa.nexium.us.test.NexiumPayAttentionToMicrobiomeTest" name="verifyWholeCardSecOne" time="19.798"/>
  <system-out/>
  <testcase classname="com.qa.nexium.us.test.NexiumPayAttentionToMicrobiomeTest" name="verifyWholeCardSecTwo" time="10.517"/>
  <system-out/>
  <testcase classname="com.qa.nexium.us.test.NexiumPayAttentionToMicrobiomeTest" name="verifyWholeCardSecThree" time="14.753"/>
  <system-out/>
  <testcase classname="com.qa.nexium.us.test.NexiumPayAttentionToMicrobiomeTest" name="verifyWholeCardSecFour" time="10.557"/>
  <system-out/>
</testsuite> <!-- com.qa.nexium.us.test.NexiumPayAttentionToMicrobiomeTest -->
