<?xml version="1.0" encoding="UTF-8"?>
<!-- Generated by org.testng.reporters.JUnitReportReporter -->
<testsuite hostname="WKWZTPqvmdckJHX" failures="0" tests="17" name="com.qa.caltrate.eng.test.CaltrateBoneHealthCentralTest" time="91.369" errors="0" timestamp="2023-05-01T22:31:50 IST" skipped="0">
  <testcase classname="com.qa.caltrate.eng.test.CaltrateBoneHealthCentralTest" name="cookieButton" time="12.032"/>
  <system-out/>
  <testcase classname="com.qa.caltrate.eng.test.CaltrateBoneHealthCentralTest" name="verifyNavTopicOne" time="4.965"/>
  <system-out/>
  <testcase classname="com.qa.caltrate.eng.test.CaltrateBoneHealthCentralTest" name="verifyNavTopicTwo" time="4.877"/>
  <system-out/>
  <testcase classname="com.qa.caltrate.eng.test.CaltrateBoneHealthCentralTest" name="verifyNavTopicThree" time="4.080"/>
  <system-out/>
  <testcase classname="com.qa.caltrate.eng.test.CaltrateBoneHealthCentralTest" name="verifyNavTopicFour" time="5.546"/>
  <system-out/>
  <testcase classname="com.qa.caltrate.eng.test.CaltrateBoneHealthCentralTest" name="verifyNavTopicFive" time="5.158"/>
  <system-out/>
  <testcase classname="com.qa.caltrate.eng.test.CaltrateBoneHealthCentralTest" name="verifyNavTopicSix" time="5.632"/>
  <system-out/>
  <testcase classname="com.qa.caltrate.eng.test.CaltrateBoneHealthCentralTest" name="verifyNavTopicSeven" time="4.466"/>
  <system-out/>
  <testcase classname="com.qa.caltrate.eng.test.CaltrateBoneHealthCentralTest" name="verifyNavTopicEight" time="4.571"/>
  <system-out/>
  <testcase classname="com.qa.caltrate.eng.test.CaltrateBoneHealthCentralTest" name="verifyFeaturedArticleOne" time="4.616"/>
  <system-out/>
  <testcase classname="com.qa.caltrate.eng.test.CaltrateBoneHealthCentralTest" name="verifyFeaturedArticleTwo" time="5.167"/>
  <system-out/>
  <testcase classname="com.qa.caltrate.eng.test.CaltrateBoneHealthCentralTest" name="verifyFeaturedArticleThree" time="4.214"/>
  <system-out/>
  <testcase classname="com.qa.caltrate.eng.test.CaltrateBoneHealthCentralTest" name="verifyFeaturedArticleFour" time="4.371"/>
  <system-out/>
  <testcase classname="com.qa.caltrate.eng.test.CaltrateBoneHealthCentralTest" name="verifyFeaturedArticleFive" time="5.931"/>
  <system-out/>
  <testcase classname="com.qa.caltrate.eng.test.CaltrateBoneHealthCentralTest" name="verifyViewRecipes" time="5.259"/>
  <system-out/>
  <testcase classname="com.qa.caltrate.eng.test.CaltrateBoneHealthCentralTest" name="verifyMoreHealthTips" time="4.857"/>
  <system-out/>
  <testcase classname="com.qa.caltrate.eng.test.CaltrateBoneHealthCentralTest" name="verifyReadMore" time="5.627"/>
  <system-out/>
</testsuite> <!-- com.qa.caltrate.eng.test.CaltrateBoneHealthCentralTest -->
