<?xml version="1.0" encoding="UTF-8"?>
<!-- Generated by org.testng.reporters.JUnitReportReporter -->
<testsuite hostname="WKWZTPqvmdckJHX" failures="0" tests="8" name="com.qa.flonase.test.FlonaseStayActiveOutdoorsTest" time="74.720" errors="0" timestamp="2023-09-27T13:02:31 IST" skipped="0">
  <testcase classname="com.qa.flonase.test.FlonaseStayActiveOutdoorsTest" name="cookieButton" time="4.244"/>
  <system-out/>
  <testcase classname="com.qa.flonase.test.FlonaseStayActiveOutdoorsTest" name="verifyHyperLinkOne" time="23.770"/>
  <system-out/>
  <testcase classname="com.qa.flonase.test.FlonaseStayActiveOutdoorsTest" name="verifyHyperLinkTwo" time="8.269"/>
  <system-out/>
  <testcase classname="com.qa.flonase.test.FlonaseStayActiveOutdoorsTest" name="verifyHyperLinkThree" time="6.952"/>
  <system-out/>
  <testcase classname="com.qa.flonase.test.FlonaseStayActiveOutdoorsTest" name="verifyTagsLinksOne" time="6.354"/>
  <system-out/>
  <testcase classname="com.qa.flonase.test.FlonaseStayActiveOutdoorsTest" name="verifyTagsLinksTwo" time="6.402"/>
  <system-out/>
  <testcase classname="com.qa.flonase.test.FlonaseStayActiveOutdoorsTest" name="verifyTagsLinksThree" time="6.191"/>
  <system-out/>
  <testcase classname="com.qa.flonase.test.FlonaseStayActiveOutdoorsTest" name="verifyBtnBuyNow" time="12.538"/>
  <system-out/>
</testsuite> <!-- com.qa.flonase.test.FlonaseStayActiveOutdoorsTest -->
