<?xml version="1.0" encoding="UTF-8"?>
<!-- Generated by org.testng.reporters.JUnitReportReporter -->
<testsuite hostname="WKWZTPqvmdckJHX" failures="0" tests="17" name="com.qa.drbest.ge.test.drbestweissereZaehneTest" time="188.649" errors="0" timestamp="2023-04-10T02:26:06 IST" skipped="0">
  <testcase classname="com.qa.drbest.ge.test.drbestweissereZaehneTest" name="verifydrbestcookiePopupLink" time="43.973"/>
  <system-out/>
  <testcase classname="com.qa.drbest.ge.test.drbestweissereZaehneTest" name="verifyNaturelichLink" time="8.538"/>
  <system-out/>
  <testcase classname="com.qa.drbest.ge.test.drbestweissereZaehneTest" name="verifyPolimedLink" time="9.189"/>
  <system-out/>
  <testcase classname="com.qa.drbest.ge.test.drbestweissereZaehneTest" name="verifyPolimedProductLink" time="9.740"/>
  <system-out/>
  <testcase classname="com.qa.drbest.ge.test.drbestweissereZaehneTest" name="verifyPolimedBuyNowLink" time="8.896"/>
  <system-out/>
  <testcase classname="com.qa.drbest.ge.test.drbestweissereZaehneTest" name="verifyVibrationPolimedLink" time="11.063"/>
  <system-out/>
  <testcase classname="com.qa.drbest.ge.test.drbestweissereZaehneTest" name="verifyVibrationPolimedProductLink" time="12.257"/>
  <system-out/>
  <testcase classname="com.qa.drbest.ge.test.drbestweissereZaehneTest" name="verifyVibrationPolimedBuyNowLink" time="8.534"/>
  <system-out/>
  <testcase classname="com.qa.drbest.ge.test.drbestweissereZaehneTest" name="verifyPolimedKurzkopfLink" time="7.424"/>
  <system-out/>
  <testcase classname="com.qa.drbest.ge.test.drbestweissereZaehneTest" name="verifyPolimedKurzkopfProductLink" time="9.269"/>
  <system-out/>
  <testcase classname="com.qa.drbest.ge.test.drbestweissereZaehneTest" name="verifyPolimedKurzkopfBuyNowLink" time="8.735"/>
  <system-out/>
  <testcase classname="com.qa.drbest.ge.test.drbestweissereZaehneTest" name="verifyWieentshethtLink" time="8.378"/>
  <system-out/>
  <testcase classname="com.qa.drbest.ge.test.drbestweissereZaehneTest" name="verifyWieentshetht1Link" time="8.886"/>
  <system-out/>
  <testcase classname="com.qa.drbest.ge.test.drbestweissereZaehneTest" name="verifyGesundeLink" time="8.620"/>
  <system-out/>
  <testcase classname="com.qa.drbest.ge.test.drbestweissereZaehneTest" name="verifyGesunde1Link" time="8.384"/>
  <system-out/>
  <testcase classname="com.qa.drbest.ge.test.drbestweissereZaehneTest" name="verifyZurGesundeLink" time="9.180"/>
  <system-out/>
  <testcase classname="com.qa.drbest.ge.test.drbestweissereZaehneTest" name="verifyZurGesunde1Link" time="7.583"/>
  <system-out/>
</testsuite> <!-- com.qa.drbest.ge.test.drbestweissereZaehneTest -->
